[ 2016-06-06T09:09:46+08:00 ] 101.81.36.162 /bobo2/admin.php/Login/login
INFO: [ route_check ] --START--
INFO: Run CheckRoute Behavior [ RunTime:0.000594s ]
INFO: [ route_check ] --END-- [ RunTime:0.000714s ]
INFO: [ app_begin ] --START--
INFO: Run ReadHtmlCache Behavior [ RunTime:0.000359s ]
INFO: [ app_begin ] --END-- [ RunTime:0.000420s ]
INFO: [ view_template ] --START--
INFO: Run LocationTemplate Behavior [ RunTime:0.000222s ]
INFO: [ view_template ] --END-- [ RunTime:0.000283s ]
INFO: [ view_parse ] --START--
INFO: Run ParseTemplate Behavior [ RunTime:0.005325s ]
INFO: [ view_parse ] --END-- [ RunTime:0.005391s ]
INFO: [ view_filter ] --START--
INFO: Run ContentReplace Behavior [ RunTime:0.000263s ]
INFO: Run TokenBuild Behavior [ RunTime:0.000237s ]
INFO: Run WriteHtmlCache Behavior [ RunTime:0.000139s ]
INFO: Run ShowRuntime Behavior [ RunTime:0.000298s ]
INFO: [ view_filter ] --END-- [ RunTime:0.001095s ]
INFO: [ view_end ] --START--
INFO: Run ShowPageTrace Behavior [ RunTime:0.000490s ]
INFO: [ view_end ] --END-- [ RunTime:0.000554s ]

[ 2016-06-06T09:09:49+08:00 ] 101.81.36.162 /bobo2/admin.php/Login/doLogin
INFO: [ route_check ] --START--
INFO: Run CheckRoute Behavior [ RunTime:0.000611s ]
INFO: [ route_check ] --END-- [ RunTime:0.000692s ]
INFO: [ app_begin ] --START--
INFO: Run ReadHtmlCache Behavior [ RunTime:0.000356s ]
INFO: [ app_begin ] --END-- [ RunTime:0.000410s ]
SQL: SHOW COLUMNS FROM `tp_user` [ RunTime:0.011998s ]
SQL: SELECT * FROM `tp_user` WHERE ( `username` = 'mofang' ) AND ( `password` = '63fbf481658e05b00eea3921f783a80a' ) LIMIT 1   [ RunTime:0.001129s ]

[ 2016-06-06T09:09:52+08:00 ] 101.81.36.162 /bobo2/admin.php/Index/index/cls/1
INFO: [ route_check ] --START--
INFO: Run CheckRoute Behavior [ RunTime:0.000679s ]
INFO: [ route_check ] --END-- [ RunTime:0.000762s ]
INFO: [ app_begin ] --START--
INFO: Run ReadHtmlCache Behavior [ RunTime:0.000382s ]
INFO: [ app_begin ] --END-- [ RunTime:0.000441s ]
NOTIC: [2048] Declaration of IndexAction::show() should be compatible with that of Action::show() /var/www/html/bobo2/Admin/Lib/Action/IndexAction.class.php 第 3 行.
SQL: SHOW COLUMNS FROM `tp_user` [ RunTime:0.000592s ]
SQL: SHOW COLUMNS FROM `tp_index_picture` [ RunTime:0.000529s ]
NOTIC: [8] Undefined variable: gd /var/www/html/bobo2/Admin/Lib/Action/IndexAction.class.php 第 19 行.
INFO: [ view_template ] --START--
INFO: Run LocationTemplate Behavior [ RunTime:0.000374s ]
INFO: [ view_template ] --END-- [ RunTime:0.000457s ]
INFO: [ view_parse ] --START--
INFO: Run ParseTemplate Behavior [ RunTime:0.010690s ]
INFO: [ view_parse ] --END-- [ RunTime:0.010786s ]
INFO: [ view_filter ] --START--
INFO: Run ContentReplace Behavior [ RunTime:0.000286s ]
INFO: Run TokenBuild Behavior [ RunTime:0.000239s ]
INFO: Run WriteHtmlCache Behavior [ RunTime:0.000138s ]
INFO: Run ShowRuntime Behavior [ RunTime:0.000353s ]
INFO: [ view_filter ] --END-- [ RunTime:0.001180s ]
INFO: [ view_end ] --START--
INFO: Run ShowPageTrace Behavior [ RunTime:0.000428s ]
INFO: [ view_end ] --END-- [ RunTime:0.000487s ]

[ 2016-06-06T09:09:54+08:00 ] 101.81.36.162 /bobo2/admin.php/Index/picture/cls/5
INFO: [ route_check ] --START--
INFO: Run CheckRoute Behavior [ RunTime:0.000602s ]
INFO: [ route_check ] --END-- [ RunTime:0.000682s ]
INFO: [ app_begin ] --START--
INFO: Run ReadHtmlCache Behavior [ RunTime:0.000379s ]
INFO: [ app_begin ] --END-- [ RunTime:0.000450s ]
NOTIC: [2048] Declaration of IndexAction::show() should be compatible with that of Action::show() /var/www/html/bobo2/Admin/Lib/Action/IndexAction.class.php 第 3 行.
SQL: SHOW COLUMNS FROM `tp_user` [ RunTime:0.000508s ]
SQL: SHOW COLUMNS FROM `tp_index_picture` [ RunTime:0.000496s ]
SQL: SELECT COUNT(*) AS tp_count FROM `tp_index_picture` WHERE ( `siteid` = 2 ) LIMIT 1   [ RunTime:0.000376s ]
SQL: SELECT `inputtime`,`title`,`picurl`,`id`,`listorder`,`status` FROM `tp_index_picture` WHERE ( `siteid` = 2 ) ORDER BY listorder desc,id desc LIMIT 0,10   [ RunTime:0.000235s ]
INFO: [ view_template ] --START--
INFO: Run LocationTemplate Behavior [ RunTime:0.000259s ]
INFO: [ view_template ] --END-- [ RunTime:0.000325s ]
INFO: [ view_parse ] --START--
INFO: Run ParseTemplate Behavior [ RunTime:0.012035s ]
INFO: [ view_parse ] --END-- [ RunTime:0.012106s ]
INFO: [ view_filter ] --START--
INFO: Run ContentReplace Behavior [ RunTime:0.000342s ]
INFO: Run TokenBuild Behavior [ RunTime:0.000285s ]
INFO: Run WriteHtmlCache Behavior [ RunTime:0.000139s ]
INFO: Run ShowRuntime Behavior [ RunTime:0.000308s ]
INFO: [ view_filter ] --END-- [ RunTime:0.001245s ]
INFO: [ view_end ] --START--
INFO: Run ShowPageTrace Behavior [ RunTime:0.000479s ]
INFO: [ view_end ] --END-- [ RunTime:0.000538s ]

[ 2016-06-06T09:10:51+08:00 ] 101.81.36.162 /bobo2/admin.php/Link/index/cls/3
INFO: [ route_check ] --START--
INFO: Run CheckRoute Behavior [ RunTime:0.000608s ]
INFO: [ route_check ] --END-- [ RunTime:0.000689s ]
INFO: [ app_begin ] --START--
INFO: Run ReadHtmlCache Behavior [ RunTime:0.000380s ]
INFO: [ app_begin ] --END-- [ RunTime:0.000452s ]
NOTIC: [2048] Declaration of LinkAction::show() should be compatible with that of Action::show() /var/www/html/bobo2/Admin/Lib/Action/LinkAction.class.php 第 5 行.
SQL: SHOW COLUMNS FROM `tp_linkage` [ RunTime:0.000645s ]
SQL: SHOW COLUMNS FROM `tp_category` [ RunTime:0.000519s ]
SQL: SHOW COLUMNS FROM `tp_parameter` [ RunTime:0.015924s ]
NOTIC: [8] Undefined index: linkageid /var/www/html/bobo2/Admin/Lib/Action/LinkAction.class.php 第 27 行.
SQL: SELECT COUNT(*) AS tp_count FROM `tp_linkage` WHERE ( parentid=0 ) LIMIT 1   [ RunTime:0.000263s ]
SQL: SELECT a.name,a.linkageid,a.listorder,b.catname,b.catid FROM tp_linkage a,tp_category b WHERE ( a.catid=b.catid ) LIMIT 0,10   [ RunTime:0.000207s ]
INFO: [ view_template ] --START--
INFO: Run LocationTemplate Behavior [ RunTime:0.000657s ]
INFO: [ view_template ] --END-- [ RunTime:0.000761s ]
INFO: [ view_parse ] --START--
INFO: Run ParseTemplate Behavior [ RunTime:0.011568s ]
INFO: [ view_parse ] --END-- [ RunTime:0.011654s ]
INFO: [ view_filter ] --START--
INFO: Run ContentReplace Behavior [ RunTime:0.000312s ]
INFO: Run TokenBuild Behavior [ RunTime:0.000271s ]
INFO: Run WriteHtmlCache Behavior [ RunTime:0.000141s ]
INFO: Run ShowRuntime Behavior [ RunTime:0.000311s ]
INFO: [ view_filter ] --END-- [ RunTime:0.001208s ]
INFO: [ view_end ] --START--
INFO: Run ShowPageTrace Behavior [ RunTime:0.000440s ]
INFO: [ view_end ] --END-- [ RunTime:0.000500s ]

[ 2016-06-06T09:10:53+08:00 ] 101.81.36.162 /bobo2/admin.php/Link/parameter/cls/6
INFO: [ route_check ] --START--
INFO: Run CheckRoute Behavior [ RunTime:0.000892s ]
INFO: [ route_check ] --END-- [ RunTime:0.001001s ]
INFO: [ app_begin ] --START--
INFO: Run ReadHtmlCache Behavior [ RunTime:0.000384s ]
INFO: [ app_begin ] --END-- [ RunTime:0.000445s ]
NOTIC: [2048] Declaration of LinkAction::show() should be compatible with that of Action::show() /var/www/html/bobo2/Admin/Lib/Action/LinkAction.class.php 第 5 行.
SQL: SHOW COLUMNS FROM `tp_linkage` [ RunTime:0.000705s ]
SQL: SHOW COLUMNS FROM `tp_category` [ RunTime:0.000749s ]
SQL: SHOW COLUMNS FROM `tp_parameter` [ RunTime:0.000590s ]
SQL: SELECT COUNT(*) AS tp_count FROM `tp_parameter` LIMIT 1   [ RunTime:0.000210s ]
SQL: SELECT `id`,`name`,`listorder`,`status`,`colorname`,`typeid` FROM `tp_parameter` LIMIT 0,10   [ RunTime:0.001683s ]
INFO: [ view_template ] --START--
INFO: Run LocationTemplate Behavior [ RunTime:0.000384s ]
INFO: [ view_template ] --END-- [ RunTime:0.000455s ]
INFO: [ view_parse ] --START--
NOTIC: [8] Use of undefined constant typeid - assumed 'typeid' /var/www/html/bobo2/Admin/Runtime/Cache/b1784f96350a8367c4f52a837ccec1bb.php 第 231 行.
NOTIC: [8] Use of undefined constant typeid - assumed 'typeid' /var/www/html/bobo2/Admin/Runtime/Cache/b1784f96350a8367c4f52a837ccec1bb.php 第 234 行.
NOTIC: [8] Undefined variable: catid /var/www/html/bobo2/Admin/Runtime/Cache/b1784f96350a8367c4f52a837ccec1bb.php 第 247 行.
NOTIC: [8] Use of undefined constant typeid - assumed 'typeid' /var/www/html/bobo2/Admin/Runtime/Cache/b1784f96350a8367c4f52a837ccec1bb.php 第 231 行.
NOTIC: [8] Use of undefined constant typeid - assumed 'typeid' /var/www/html/bobo2/Admin/Runtime/Cache/b1784f96350a8367c4f52a837ccec1bb.php 第 234 行.
NOTIC: [8] Undefined variable: catid /var/www/html/bobo2/Admin/Runtime/Cache/b1784f96350a8367c4f52a837ccec1bb.php 第 247 行.
NOTIC: [8] Use of undefined constant typeid - assumed 'typeid' /var/www/html/bobo2/Admin/Runtime/Cache/b1784f96350a8367c4f52a837ccec1bb.php 第 231 行.
NOTIC: [8] Use of undefined constant typeid - assumed 'typeid' /var/www/html/bobo2/Admin/Runtime/Cache/b1784f96350a8367c4f52a837ccec1bb.php 第 234 行.
NOTIC: [8] Undefined variable: catid /var/www/html/bobo2/Admin/Runtime/Cache/b1784f96350a8367c4f52a837ccec1bb.php 第 247 行.
NOTIC: [8] Use of undefined constant typeid - assumed 'typeid' /var/www/html/bobo2/Admin/Runtime/Cache/b1784f96350a8367c4f52a837ccec1bb.php 第 231 行.
NOTIC: [8] Use of undefined constant typeid - assumed 'typeid' /var/www/html/bobo2/Admin/Runtime/Cache/b1784f96350a8367c4f52a837ccec1bb.php 第 234 行.
NOTIC: [8] Undefined variable: catid /var/www/html/bobo2/Admin/Runtime/Cache/b1784f96350a8367c4f52a837ccec1bb.php 第 247 行.
NOTIC: [8] Use of undefined constant typeid - assumed 'typeid' /var/www/html/bobo2/Admin/Runtime/Cache/b1784f96350a8367c4f52a837ccec1bb.php 第 231 行.
NOTIC: [8] Use of undefined constant typeid - assumed 'typeid' /var/www/html/bobo2/Admin/Runtime/Cache/b1784f96350a8367c4f52a837ccec1bb.php 第 234 行.
NOTIC: [8] Undefined variable: catid /var/www/html/bobo2/Admin/Runtime/Cache/b1784f96350a8367c4f52a837ccec1bb.php 第 247 行.
NOTIC: [8] Use of undefined constant typeid - assumed 'typeid' /var/www/html/bobo2/Admin/Runtime/Cache/b1784f96350a8367c4f52a837ccec1bb.php 第 231 行.
NOTIC: [8] Use of undefined constant typeid - assumed 'typeid' /var/www/html/bobo2/Admin/Runtime/Cache/b1784f96350a8367c4f52a837ccec1bb.php 第 234 行.
NOTIC: [8] Undefined variable: catid /var/www/html/bobo2/Admin/Runtime/Cache/b1784f96350a8367c4f52a837ccec1bb.php 第 247 行.
NOTIC: [8] Use of undefined constant typeid - assumed 'typeid' /var/www/html/bobo2/Admin/Runtime/Cache/b1784f96350a8367c4f52a837ccec1bb.php 第 231 行.
NOTIC: [8] Use of undefined constant typeid - assumed 'typeid' /var/www/html/bobo2/Admin/Runtime/Cache/b1784f96350a8367c4f52a837ccec1bb.php 第 234 行.
NOTIC: [8] Undefined variable: catid /var/www/html/bobo2/Admin/Runtime/Cache/b1784f96350a8367c4f52a837ccec1bb.php 第 247 行.
NOTIC: [8] Use of undefined constant typeid - assumed 'typeid' /var/www/html/bobo2/Admin/Runtime/Cache/b1784f96350a8367c4f52a837ccec1bb.php 第 231 行.
NOTIC: [8] Use of undefined constant typeid - assumed 'typeid' /var/www/html/bobo2/Admin/Runtime/Cache/b1784f96350a8367c4f52a837ccec1bb.php 第 234 行.
NOTIC: [8] Undefined variable: catid /var/www/html/bobo2/Admin/Runtime/Cache/b1784f96350a8367c4f52a837ccec1bb.php 第 247 行.
NOTIC: [8] Use of undefined constant typeid - assumed 'typeid' /var/www/html/bobo2/Admin/Runtime/Cache/b1784f96350a8367c4f52a837ccec1bb.php 第 231 行.
NOTIC: [8] Use of undefined constant typeid - assumed 'typeid' /var/www/html/bobo2/Admin/Runtime/Cache/b1784f96350a8367c4f52a837ccec1bb.php 第 234 行.
NOTIC: [8] Undefined variable: catid /var/www/html/bobo2/Admin/Runtime/Cache/b1784f96350a8367c4f52a837ccec1bb.php 第 247 行.
NOTIC: [8] Use of undefined constant typeid - assumed 'typeid' /var/www/html/bobo2/Admin/Runtime/Cache/b1784f96350a8367c4f52a837ccec1bb.php 第 231 行.
NOTIC: [8] Use of undefined constant typeid - assumed 'typeid' /var/www/html/bobo2/Admin/Runtime/Cache/b1784f96350a8367c4f52a837ccec1bb.php 第 234 行.
NOTIC: [8] Undefined variable: catid /var/www/html/bobo2/Admin/Runtime/Cache/b1784f96350a8367c4f52a837ccec1bb.php 第 247 行.
INFO: Run ParseTemplate Behavior [ RunTime:0.013903s ]
INFO: [ view_parse ] --END-- [ RunTime:0.013973s ]
INFO: [ view_filter ] --START--
INFO: Run ContentReplace Behavior [ RunTime:0.000400s ]
INFO: Run TokenBuild Behavior [ RunTime:0.000289s ]
INFO: Run WriteHtmlCache Behavior [ RunTime:0.000139s ]
INFO: Run ShowRuntime Behavior [ RunTime:0.000309s ]
INFO: [ view_filter ] --END-- [ RunTime:0.001318s ]
INFO: [ view_end ] --START--
INFO: Run ShowPageTrace Behavior [ RunTime:0.000467s ]
INFO: [ view_end ] --END-- [ RunTime:0.000547s ]

[ 2016-06-06T09:10:55+08:00 ] 101.81.36.162 /bobo2/admin.php/Try/index/status/1/cls/7
INFO: [ route_check ] --START--
INFO: Run CheckRoute Behavior [ RunTime:0.000609s ]
INFO: [ route_check ] --END-- [ RunTime:0.000689s ]
INFO: [ app_begin ] --START--
INFO: Run ReadHtmlCache Behavior [ RunTime:0.000425s ]
INFO: [ app_begin ] --END-- [ RunTime:0.000484s ]
NOTIC: [2048] Declaration of TryAction::show() should be compatible with that of Action::show() /var/www/html/bobo2/Admin/Lib/Action/TryAction.class.php 第 2 行.
SQL: SHOW COLUMNS FROM `tp_try_out` [ RunTime:0.014284s ]
SQL: SHOW COLUMNS FROM `tp_problem` [ RunTime:0.009743s ]
SQL: SHOW COLUMNS FROM `tp_problem_data` [ RunTime:0.004639s ]
SQL: SELECT COUNT(*) AS tp_count FROM `tp_try_out` left join `tp_vipuser` a on tp_try_out.vid=a.vid left join `tp_product_price` b on tp_try_out.ppid=b.id left join `tp_product` c on b.pid=c.id WHERE ( tp_try_out.status = 1 ) LIMIT 1   [ RunTime:0.116559s ]
SQL: SELECT tp_try_out.id,a.username,c.title,b.capacity,tp_try_out.inputtime,tp_try_out.status FROM `tp_try_out` left join `tp_vipuser` a on tp_try_out.vid=a.vid left join `tp_product_price` b on tp_try_out.ppid=b.id left join `tp_product` c on b.pid=c.id WHERE ( tp_try_out.status = 1 ) ORDER BY tp_try_out.id desc LIMIT 0,10   [ RunTime:0.001660s ]
INFO: [ view_template ] --START--
INFO: Run LocationTemplate Behavior [ RunTime:0.000467s ]
INFO: [ view_template ] --END-- [ RunTime:0.000574s ]
INFO: [ view_parse ] --START--
NOTIC: [8] Use of undefined constant status - assumed 'status' /var/www/html/bobo2/Admin/Runtime/Cache/4b44a86f8f5994646dee99a9e295d7ff.php 第 85 行.
NOTIC: [8] Use of undefined constant status - assumed 'status' /var/www/html/bobo2/Admin/Runtime/Cache/4b44a86f8f5994646dee99a9e295d7ff.php 第 122 行.
NOTIC: [8] Use of undefined constant status - assumed 'status' /var/www/html/bobo2/Admin/Runtime/Cache/4b44a86f8f5994646dee99a9e295d7ff.php 第 125 行.
INFO: Run ParseTemplate Behavior [ RunTime:0.017399s ]
INFO: [ view_parse ] --END-- [ RunTime:0.017480s ]
INFO: [ view_filter ] --START--
INFO: Run ContentReplace Behavior [ RunTime:0.000393s ]
INFO: Run TokenBuild Behavior [ RunTime:0.000253s ]
INFO: Run WriteHtmlCache Behavior [ RunTime:0.000140s ]
INFO: Run ShowRuntime Behavior [ RunTime:0.000316s ]
INFO: [ view_filter ] --END-- [ RunTime:0.001282s ]
INFO: [ view_end ] --START--
INFO: Run ShowPageTrace Behavior [ RunTime:0.000429s ]
INFO: [ view_end ] --END-- [ RunTime:0.000635s ]

[ 2016-06-06T09:10:56+08:00 ] 101.81.36.162 /bobo2/admin.php/Category/category/cls/2
INFO: [ route_check ] --START--
INFO: Run CheckRoute Behavior [ RunTime:0.000614s ]
INFO: [ route_check ] --END-- [ RunTime:0.000706s ]
INFO: [ app_begin ] --START--
INFO: Run ReadHtmlCache Behavior [ RunTime:0.000365s ]
INFO: [ app_begin ] --END-- [ RunTime:0.000424s ]
SQL: SHOW COLUMNS FROM `tp_category` [ RunTime:0.000706s ]
SQL: SELECT `catid`,`catname`,`type`,`parentid`,concat(arrparentid,'-',catid) as bpath,`model`,`listorder` FROM `tp_category` WHERE ( siteid=1 ) ORDER BY parentid,listorder  [ RunTime:0.000447s ]
INFO: [ view_template ] --START--
INFO: Run LocationTemplate Behavior [ RunTime:0.000345s ]
INFO: [ view_template ] --END-- [ RunTime:0.000422s ]
INFO: [ view_parse ] --START--
NOTIC: [8] Use of undefined constant Index - assumed 'Index' /var/www/html/bobo2/Admin/Runtime/Cache/91a138de4020df51ccc2e977dfd86a90.php 第 138 行.
NOTIC: [8] Use of undefined constant Index - assumed 'Index' /var/www/html/bobo2/Admin/Runtime/Cache/91a138de4020df51ccc2e977dfd86a90.php 第 138 行.
NOTIC: [8] Use of undefined constant Index - assumed 'Index' /var/www/html/bobo2/Admin/Runtime/Cache/91a138de4020df51ccc2e977dfd86a90.php 第 138 行.
NOTIC: [8] Use of undefined constant Index - assumed 'Index' /var/www/html/bobo2/Admin/Runtime/Cache/91a138de4020df51ccc2e977dfd86a90.php 第 138 行.
NOTIC: [8] Use of undefined constant Index - assumed 'Index' /var/www/html/bobo2/Admin/Runtime/Cache/91a138de4020df51ccc2e977dfd86a90.php 第 138 行.
NOTIC: [8] Use of undefined constant Index - assumed 'Index' /var/www/html/bobo2/Admin/Runtime/Cache/91a138de4020df51ccc2e977dfd86a90.php 第 138 行.
NOTIC: [8] Use of undefined constant Content - assumed 'Content' /var/www/html/bobo2/Admin/Runtime/Cache/91a138de4020df51ccc2e977dfd86a90.php 第 167 行.
NOTIC: [8] Use of undefined constant Index - assumed 'Index' /var/www/html/bobo2/Admin/Runtime/Cache/91a138de4020df51ccc2e977dfd86a90.php 第 138 行.
NOTIC: [8] Use of undefined constant Content - assumed 'Content' /var/www/html/bobo2/Admin/Runtime/Cache/91a138de4020df51ccc2e977dfd86a90.php 第 167 行.
NOTIC: [8] Use of undefined constant Index - assumed 'Index' /var/www/html/bobo2/Admin/Runtime/Cache/91a138de4020df51ccc2e977dfd86a90.php 第 138 行.
NOTIC: [8] Use of undefined constant Content - assumed 'Content' /var/www/html/bobo2/Admin/Runtime/Cache/91a138de4020df51ccc2e977dfd86a90.php 第 167 行.
NOTIC: [8] Use of undefined constant Index - assumed 'Index' /var/www/html/bobo2/Admin/Runtime/Cache/91a138de4020df51ccc2e977dfd86a90.php 第 138 行.
NOTIC: [8] Use of undefined constant Content - assumed 'Content' /var/www/html/bobo2/Admin/Runtime/Cache/91a138de4020df51ccc2e977dfd86a90.php 第 167 行.
NOTIC: [8] Use of undefined constant Picture - assumed 'Picture' /var/www/html/bobo2/Admin/Runtime/Cache/91a138de4020df51ccc2e977dfd86a90.php 第 197 行.
NOTIC: [8] Use of undefined constant Product - assumed 'Product' /var/www/html/bobo2/Admin/Runtime/Cache/91a138de4020df51ccc2e977dfd86a90.php 第 227 行.
NOTIC: [8] Use of undefined constant Video - assumed 'Video' /var/www/html/bobo2/Admin/Runtime/Cache/91a138de4020df51ccc2e977dfd86a90.php 第 258 行.
NOTIC: [8] Use of undefined constant Index - assumed 'Index' /var/www/html/bobo2/Admin/Runtime/Cache/91a138de4020df51ccc2e977dfd86a90.php 第 138 行.
NOTIC: [8] Use of undefined constant Content - assumed 'Content' /var/www/html/bobo2/Admin/Runtime/Cache/91a138de4020df51ccc2e977dfd86a90.php 第 167 行.
NOTIC: [8] Use of undefined constant Picture - assumed 'Picture' /var/www/html/bobo2/Admin/Runtime/Cache/91a138de4020df51ccc2e977dfd86a90.php 第 197 行.
NOTIC: [8] Use of undefined constant Product - assumed 'Product' /var/www/html/bobo2/Admin/Runtime/Cache/91a138de4020df51ccc2e977dfd86a90.php 第 227 行.
NOTIC: [8] Use of undefined constant Video - assumed 'Video' /var/www/html/bobo2/Admin/Runtime/Cache/91a138de4020df51ccc2e977dfd86a90.php 第 258 行.
NOTIC: [8] Use of undefined constant Index - assumed 'Index' /var/www/html/bobo2/Admin/Runtime/Cache/91a138de4020df51ccc2e977dfd86a90.php 第 138 行.
NOTIC: [8] Use of undefined constant Content - assumed 'Content' /var/www/html/bobo2/Admin/Runtime/Cache/91a138de4020df51ccc2e977dfd86a90.php 第 167 行.
NOTIC: [8] Use of undefined constant Picture - assumed 'Picture' /var/www/html/bobo2/Admin/Runtime/Cache/91a138de4020df51ccc2e977dfd86a90.php 第 197 行.
NOTIC: [8] Use of undefined constant Product - assumed 'Product' /var/www/html/bobo2/Admin/Runtime/Cache/91a138de4020df51ccc2e977dfd86a90.php 第 227 行.
NOTIC: [8] Use of undefined constant Index - assumed 'Index' /var/www/html/bobo2/Admin/Runtime/Cache/91a138de4020df51ccc2e977dfd86a90.php 第 138 行.
NOTIC: [8] Use of undefined constant Content - assumed 'Content' /var/www/html/bobo2/Admin/Runtime/Cache/91a138de4020df51ccc2e977dfd86a90.php 第 167 行.
NOTIC: [8] Use of undefined constant Picture - assumed 'Picture' /var/www/html/bobo2/Admin/Runtime/Cache/91a138de4020df51ccc2e977dfd86a90.php 第 197 行.
NOTIC: [8] Use of undefined constant Product - assumed 'Product' /var/www/html/bobo2/Admin/Runtime/Cache/91a138de4020df51ccc2e977dfd86a90.php 第 227 行.
NOTIC: [8] Use of undefined constant Index - assumed 'Index' /var/www/html/bobo2/Admin/Runtime/Cache/91a138de4020df51ccc2e977dfd86a90.php 第 138 行.
NOTIC: [8] Use of undefined constant Content - assumed 'Content' /var/www/html/bobo2/Admin/Runtime/Cache/91a138de4020df51ccc2e977dfd86a90.php 第 167 行.
NOTIC: [8] Use of undefined constant Picture - assumed 'Picture' /var/www/html/bobo2/Admin/Runtime/Cache/91a138de4020df51ccc2e977dfd86a90.php 第 197 行.
NOTIC: [8] Use of undefined constant Product - assumed 'Product' /var/www/html/bobo2/Admin/Runtime/Cache/91a138de4020df51ccc2e977dfd86a90.php 第 227 行.
NOTIC: [8] Use of undefined constant Index - assumed 'Index' /var/www/html/bobo2/Admin/Runtime/Cache/91a138de4020df51ccc2e977dfd86a90.php 第 138 行.
NOTIC: [8] Use of undefined constant Content - assumed 'Content' /var/www/html/bobo2/Admin/Runtime/Cache/91a138de4020df51ccc2e977dfd86a90.php 第 167 行.
NOTIC: [8] Use of undefined constant Picture - assumed 'Picture' /var/www/html/bobo2/Admin/Runtime/Cache/91a138de4020df51ccc2e977dfd86a90.php 第 197 行.
NOTIC: [8] Use of undefined constant Product - assumed 'Product' /var/www/html/bobo2/Admin/Runtime/Cache/91a138de4020df51ccc2e977dfd86a90.php 第 227 行.
NOTIC: [8] Use of undefined constant Index - assumed 'Index' /var/www/html/bobo2/Admin/Runtime/Cache/91a138de4020df51ccc2e977dfd86a90.php 第 138 行.
NOTIC: [8] Use of undefined constant Content - assumed 'Content' /var/www/html/bobo2/Admin/Runtime/Cache/91a138de4020df51ccc2e977dfd86a90.php 第 167 行.
NOTIC: [8] Use of undefined constant Picture - assumed 'Picture' /var/www/html/bobo2/Admin/Runtime/Cache/91a138de4020df51ccc2e977dfd86a90.php 第 197 行.
NOTIC: [8] Use of undefined constant Product - assumed 'Product' /var/www/html/bobo2/Admin/Runtime/Cache/91a138de4020df51ccc2e977dfd86a90.php 第 227 行.
NOTIC: [8] Use of undefined constant Index - assumed 'Index' /var/www/html/bobo2/Admin/Runtime/Cache/91a138de4020df51ccc2e977dfd86a90.php 第 138 行.
NOTIC: [8] Use of undefined constant Content - assumed 'Content' /var/www/html/bobo2/Admin/Runtime/Cache/91a138de4020df51ccc2e977dfd86a90.php 第 167 行.
NOTIC: [8] Use of undefined constant Picture - assumed 'Picture' /var/www/html/bobo2/Admin/Runtime/Cache/91a138de4020df51ccc2e977dfd86a90.php 第 197 行.
NOTIC: [8] Use of undefined constant Product - assumed 'Product' /var/www/html/bobo2/Admin/Runtime/Cache/91a138de4020df51ccc2e977dfd86a90.php 第 227 行.
NOTIC: [8] Use of undefined constant Index - assumed 'Index' /var/www/html/bobo2/Admin/Runtime/Cache/91a138de4020df51ccc2e977dfd86a90.php 第 138 行.
NOTIC: [8] Use of undefined constant Content - assumed 'Content' /var/www/html/bobo2/Admin/Runtime/Cache/91a138de4020df51ccc2e977dfd86a90.php 第 167 行.
NOTIC: [8] Use of undefined constant Picture - assumed 'Picture' /var/www/html/bobo2/Admin/Runtime/Cache/91a138de4020df51ccc2e977dfd86a90.php 第 197 行.
NOTIC: [8] Use of undefined constant Product - assumed 'Product' /var/www/html/bobo2/Admin/Runtime/Cache/91a138de4020df51ccc2e977dfd86a90.php 第 227 行.
NOTIC: [8] Use of undefined constant Index - assumed 'Index' /var/www/html/bobo2/Admin/Runtime/Cache/91a138de4020df51ccc2e977dfd86a90.php 第 138 行.
NOTIC: [8] Use of undefined constant Content - assumed 'Content' /var/www/html/bobo2/Admin/Runtime/Cache/91a138de4020df51ccc2e977dfd86a90.php 第 167 行.
NOTIC: [8] Use of undefined constant Picture - assumed 'Picture' /var/www/html/bobo2/Admin/Runtime/Cache/91a138de4020df51ccc2e977dfd86a90.php 第 197 行.
NOTIC: [8] Use of undefined constant Product - assumed 'Product' /var/www/html/bobo2/Admin/Runtime/Cache/91a138de4020df51ccc2e977dfd86a90.php 第 227 行.
NOTIC: [8] Use of undefined constant Index - assumed 'Index' /var/www/html/bobo2/Admin/Runtime/Cache/91a138de4020df51ccc2e977dfd86a90.php 第 138 行.
NOTIC: [8] Use of undefined constant Index - assumed 'Index' /var/www/html/bobo2/Admin/Runtime/Cache/91a138de4020df51ccc2e977dfd86a90.php 第 138 行.
INFO: Run ParseTemplate Behavior [ RunTime:0.018668s ]
INFO: [ view_parse ] --END-- [ RunTime:0.018738s ]
INFO: [ view_filter ] --START--
INFO: Run ContentReplace Behavior [ RunTime:0.000386s ]
INFO: Run TokenBuild Behavior [ RunTime:0.000242s ]
INFO: Run WriteHtmlCache Behavior [ RunTime:0.000141s ]
INFO: Run ShowRuntime Behavior [ RunTime:0.000389s ]
INFO: [ view_filter ] --END-- [ RunTime:0.001343s ]
INFO: [ view_end ] --START--
INFO: Run ShowPageTrace Behavior [ RunTime:0.000406s ]
INFO: [ view_end ] --END-- [ RunTime:0.000461s ]

[ 2016-06-06T09:11:01+08:00 ] 101.81.36.162 /bobo2/admin.php/Content/content/catid/24/cls/2
INFO: [ route_check ] --START--
INFO: Run CheckRoute Behavior [ RunTime:0.000641s ]
INFO: [ route_check ] --END-- [ RunTime:0.000731s ]
INFO: [ app_begin ] --START--
INFO: Run ReadHtmlCache Behavior [ RunTime:0.000381s ]
INFO: [ app_begin ] --END-- [ RunTime:0.000453s ]
NOTIC: [2048] Declaration of ContentAction::show() should be compatible with that of Action::show() /var/www/html/bobo2/Admin/Lib/Action/ContentAction.class.php 第 4 行.
SQL: SHOW COLUMNS FROM `tp_content` [ RunTime:0.001095s ]
SQL: SHOW COLUMNS FROM `tp_category` [ RunTime:0.000759s ]
SQL: SHOW COLUMNS FROM `tp_product` [ RunTime:0.001046s ]
SQL: SELECT COUNT(*) AS tp_count FROM `tp_content` WHERE ( catid=24 ) LIMIT 1   [ RunTime:0.000500s ]
SQL: SELECT `id`,`status`,`conorder`,`title`,`posid`,`inputtime` FROM `tp_content` WHERE ( catid=24 ) ORDER BY conorder desc,id desc LIMIT 0,10   [ RunTime:0.000445s ]
INFO: [ view_template ] --START--
INFO: Run LocationTemplate Behavior [ RunTime:0.000239s ]
INFO: [ view_template ] --END-- [ RunTime:0.000322s ]
INFO: [ view_parse ] --START--
INFO: Run ParseTemplate Behavior [ RunTime:0.013401s ]
INFO: [ view_parse ] --END-- [ RunTime:0.013471s ]
INFO: [ view_filter ] --START--
INFO: Run ContentReplace Behavior [ RunTime:0.000355s ]
INFO: Run TokenBuild Behavior [ RunTime:0.000243s ]
INFO: Run WriteHtmlCache Behavior [ RunTime:0.000155s ]
INFO: Run ShowRuntime Behavior [ RunTime:0.000309s ]
INFO: [ view_filter ] --END-- [ RunTime:0.001224s ]
INFO: [ view_end ] --START--
INFO: Run ShowPageTrace Behavior [ RunTime:0.000402s ]
INFO: [ view_end ] --END-- [ RunTime:0.000513s ]

[ 2016-06-06T09:12:19+08:00 ] 101.81.36.162 /bobo2/admin.php/Category/category/cls/2
INFO: [ route_check ] --START--
INFO: Run CheckRoute Behavior [ RunTime:0.000605s ]
INFO: [ route_check ] --END-- [ RunTime:0.000686s ]
INFO: [ app_begin ] --START--
INFO: Run ReadHtmlCache Behavior [ RunTime:0.000355s ]
INFO: [ app_begin ] --END-- [ RunTime:0.000425s ]
SQL: SHOW COLUMNS FROM `tp_category` [ RunTime:0.000696s ]
SQL: SELECT `catid`,`catname`,`type`,`parentid`,concat(arrparentid,'-',catid) as bpath,`model`,`listorder` FROM `tp_category` WHERE ( siteid=1 ) ORDER BY parentid,listorder  [ RunTime:0.000455s ]
INFO: [ view_template ] --START--
INFO: Run LocationTemplate Behavior [ RunTime:0.000266s ]
INFO: [ view_template ] --END-- [ RunTime:0.000335s ]
INFO: [ view_parse ] --START--
NOTIC: [8] Use of undefined constant Index - assumed 'Index' /var/www/html/bobo2/Admin/Runtime/Cache/91a138de4020df51ccc2e977dfd86a90.php 第 138 行.
NOTIC: [8] Use of undefined constant Index - assumed 'Index' /var/www/html/bobo2/Admin/Runtime/Cache/91a138de4020df51ccc2e977dfd86a90.php 第 138 行.
NOTIC: [8] Use of undefined constant Index - assumed 'Index' /var/www/html/bobo2/Admin/Runtime/Cache/91a138de4020df51ccc2e977dfd86a90.php 第 138 行.
NOTIC: [8] Use of undefined constant Index - assumed 'Index' /var/www/html/bobo2/Admin/Runtime/Cache/91a138de4020df51ccc2e977dfd86a90.php 第 138 行.
NOTIC: [8] Use of undefined constant Index - assumed 'Index' /var/www/html/bobo2/Admin/Runtime/Cache/91a138de4020df51ccc2e977dfd86a90.php 第 138 行.
NOTIC: [8] Use of undefined constant Index - assumed 'Index' /var/www/html/bobo2/Admin/Runtime/Cache/91a138de4020df51ccc2e977dfd86a90.php 第 138 行.
NOTIC: [8] Use of undefined constant Content - assumed 'Content' /var/www/html/bobo2/Admin/Runtime/Cache/91a138de4020df51ccc2e977dfd86a90.php 第 167 行.
NOTIC: [8] Use of undefined constant Index - assumed 'Index' /var/www/html/bobo2/Admin/Runtime/Cache/91a138de4020df51ccc2e977dfd86a90.php 第 138 行.
NOTIC: [8] Use of undefined constant Content - assumed 'Content' /var/www/html/bobo2/Admin/Runtime/Cache/91a138de4020df51ccc2e977dfd86a90.php 第 167 行.
NOTIC: [8] Use of undefined constant Index - assumed 'Index' /var/www/html/bobo2/Admin/Runtime/Cache/91a138de4020df51ccc2e977dfd86a90.php 第 138 行.
NOTIC: [8] Use of undefined constant Content - assumed 'Content' /var/www/html/bobo2/Admin/Runtime/Cache/91a138de4020df51ccc2e977dfd86a90.php 第 167 行.
NOTIC: [8] Use of undefined constant Index - assumed 'Index' /var/www/html/bobo2/Admin/Runtime/Cache/91a138de4020df51ccc2e977dfd86a90.php 第 138 行.
NOTIC: [8] Use of undefined constant Content - assumed 'Content' /var/www/html/bobo2/Admin/Runtime/Cache/91a138de4020df51ccc2e977dfd86a90.php 第 167 行.
NOTIC: [8] Use of undefined constant Picture - assumed 'Picture' /var/www/html/bobo2/Admin/Runtime/Cache/91a138de4020df51ccc2e977dfd86a90.php 第 197 行.
NOTIC: [8] Use of undefined constant Product - assumed 'Product' /var/www/html/bobo2/Admin/Runtime/Cache/91a138de4020df51ccc2e977dfd86a90.php 第 227 行.
NOTIC: [8] Use of undefined constant Video - assumed 'Video' /var/www/html/bobo2/Admin/Runtime/Cache/91a138de4020df51ccc2e977dfd86a90.php 第 258 行.
NOTIC: [8] Use of undefined constant Index - assumed 'Index' /var/www/html/bobo2/Admin/Runtime/Cache/91a138de4020df51ccc2e977dfd86a90.php 第 138 行.
NOTIC: [8] Use of undefined constant Content - assumed 'Content' /var/www/html/bobo2/Admin/Runtime/Cache/91a138de4020df51ccc2e977dfd86a90.php 第 167 行.
NOTIC: [8] Use of undefined constant Picture - assumed 'Picture' /var/www/html/bobo2/Admin/Runtime/Cache/91a138de4020df51ccc2e977dfd86a90.php 第 197 行.
NOTIC: [8] Use of undefined constant Product - assumed 'Product' /var/www/html/bobo2/Admin/Runtime/Cache/91a138de4020df51ccc2e977dfd86a90.php 第 227 行.
NOTIC: [8] Use of undefined constant Video - assumed 'Video' /var/www/html/bobo2/Admin/Runtime/Cache/91a138de4020df51ccc2e977dfd86a90.php 第 258 行.
NOTIC: [8] Use of undefined constant Index - assumed 'Index' /var/www/html/bobo2/Admin/Runtime/Cache/91a138de4020df51ccc2e977dfd86a90.php 第 138 行.
NOTIC: [8] Use of undefined constant Content - assumed 'Content' /var/www/html/bobo2/Admin/Runtime/Cache/91a138de4020df51ccc2e977dfd86a90.php 第 167 行.
NOTIC: [8] Use of undefined constant Picture - assumed 'Picture' /var/www/html/bobo2/Admin/Runtime/Cache/91a138de4020df51ccc2e977dfd86a90.php 第 197 行.
NOTIC: [8] Use of undefined constant Product - assumed 'Product' /var/www/html/bobo2/Admin/Runtime/Cache/91a138de4020df51ccc2e977dfd86a90.php 第 227 行.
NOTIC: [8] Use of undefined constant Index - assumed 'Index' /var/www/html/bobo2/Admin/Runtime/Cache/91a138de4020df51ccc2e977dfd86a90.php 第 138 行.
NOTIC: [8] Use of undefined constant Content - assumed 'Content' /var/www/html/bobo2/Admin/Runtime/Cache/91a138de4020df51ccc2e977dfd86a90.php 第 167 行.
NOTIC: [8] Use of undefined constant Picture - assumed 'Picture' /var/www/html/bobo2/Admin/Runtime/Cache/91a138de4020df51ccc2e977dfd86a90.php 第 197 行.
NOTIC: [8] Use of undefined constant Product - assumed 'Product' /var/www/html/bobo2/Admin/Runtime/Cache/91a138de4020df51ccc2e977dfd86a90.php 第 227 行.
NOTIC: [8] Use of undefined constant Index - assumed 'Index' /var/www/html/bobo2/Admin/Runtime/Cache/91a138de4020df51ccc2e977dfd86a90.php 第 138 行.
NOTIC: [8] Use of undefined constant Content - assumed 'Content' /var/www/html/bobo2/Admin/Runtime/Cache/91a138de4020df51ccc2e977dfd86a90.php 第 167 行.
NOTIC: [8] Use of undefined constant Picture - assumed 'Picture' /var/www/html/bobo2/Admin/Runtime/Cache/91a138de4020df51ccc2e977dfd86a90.php 第 197 行.
NOTIC: [8] Use of undefined constant Product - assumed 'Product' /var/www/html/bobo2/Admin/Runtime/Cache/91a138de4020df51ccc2e977dfd86a90.php 第 227 行.
NOTIC: [8] Use of undefined constant Index - assumed 'Index' /var/www/html/bobo2/Admin/Runtime/Cache/91a138de4020df51ccc2e977dfd86a90.php 第 138 行.
NOTIC: [8] Use of undefined constant Content - assumed 'Content' /var/www/html/bobo2/Admin/Runtime/Cache/91a138de4020df51ccc2e977dfd86a90.php 第 167 行.
NOTIC: [8] Use of undefined constant Picture - assumed 'Picture' /var/www/html/bobo2/Admin/Runtime/Cache/91a138de4020df51ccc2e977dfd86a90.php 第 197 行.
NOTIC: [8] Use of undefined constant Product - assumed 'Product' /var/www/html/bobo2/Admin/Runtime/Cache/91a138de4020df51ccc2e977dfd86a90.php 第 227 行.
NOTIC: [8] Use of undefined constant Index - assumed 'Index' /var/www/html/bobo2/Admin/Runtime/Cache/91a138de4020df51ccc2e977dfd86a90.php 第 138 行.
NOTIC: [8] Use of undefined constant Content - assumed 'Content' /var/www/html/bobo2/Admin/Runtime/Cache/91a138de4020df51ccc2e977dfd86a90.php 第 167 行.
NOTIC: [8] Use of undefined constant Picture - assumed 'Picture' /var/www/html/bobo2/Admin/Runtime/Cache/91a138de4020df51ccc2e977dfd86a90.php 第 197 行.
NOTIC: [8] Use of undefined constant Product - assumed 'Product' /var/www/html/bobo2/Admin/Runtime/Cache/91a138de4020df51ccc2e977dfd86a90.php 第 227 行.
NOTIC: [8] Use of undefined constant Index - assumed 'Index' /var/www/html/bobo2/Admin/Runtime/Cache/91a138de4020df51ccc2e977dfd86a90.php 第 138 行.
NOTIC: [8] Use of undefined constant Content - assumed 'Content' /var/www/html/bobo2/Admin/Runtime/Cache/91a138de4020df51ccc2e977dfd86a90.php 第 167 行.
NOTIC: [8] Use of undefined constant Picture - assumed 'Picture' /var/www/html/bobo2/Admin/Runtime/Cache/91a138de4020df51ccc2e977dfd86a90.php 第 197 行.
NOTIC: [8] Use of undefined constant Product - assumed 'Product' /var/www/html/bobo2/Admin/Runtime/Cache/91a138de4020df51ccc2e977dfd86a90.php 第 227 行.
NOTIC: [8] Use of undefined constant Index - assumed 'Index' /var/www/html/bobo2/Admin/Runtime/Cache/91a138de4020df51ccc2e977dfd86a90.php 第 138 行.
NOTIC: [8] Use of undefined constant Content - assumed 'Content' /var/www/html/bobo2/Admin/Runtime/Cache/91a138de4020df51ccc2e977dfd86a90.php 第 167 行.
NOTIC: [8] Use of undefined constant Picture - assumed 'Picture' /var/www/html/bobo2/Admin/Runtime/Cache/91a138de4020df51ccc2e977dfd86a90.php 第 197 行.
NOTIC: [8] Use of undefined constant Product - assumed 'Product' /var/www/html/bobo2/Admin/Runtime/Cache/91a138de4020df51ccc2e977dfd86a90.php 第 227 行.
NOTIC: [8] Use of undefined constant Index - assumed 'Index' /var/www/html/bobo2/Admin/Runtime/Cache/91a138de4020df51ccc2e977dfd86a90.php 第 138 行.
NOTIC: [8] Use of undefined constant Content - assumed 'Content' /var/www/html/bobo2/Admin/Runtime/Cache/91a138de4020df51ccc2e977dfd86a90.php 第 167 行.
NOTIC: [8] Use of undefined constant Picture - assumed 'Picture' /var/www/html/bobo2/Admin/Runtime/Cache/91a138de4020df51ccc2e977dfd86a90.php 第 197 行.
NOTIC: [8] Use of undefined constant Product - assumed 'Product' /var/www/html/bobo2/Admin/Runtime/Cache/91a138de4020df51ccc2e977dfd86a90.php 第 227 行.
NOTIC: [8] Use of undefined constant Index - assumed 'Index' /var/www/html/bobo2/Admin/Runtime/Cache/91a138de4020df51ccc2e977dfd86a90.php 第 138 行.
NOTIC: [8] Use of undefined constant Index - assumed 'Index' /var/www/html/bobo2/Admin/Runtime/Cache/91a138de4020df51ccc2e977dfd86a90.php 第 138 行.
INFO: Run ParseTemplate Behavior [ RunTime:0.018390s ]
INFO: [ view_parse ] --END-- [ RunTime:0.018454s ]
INFO: [ view_filter ] --START--
INFO: Run ContentReplace Behavior [ RunTime:0.000384s ]
INFO: Run TokenBuild Behavior [ RunTime:0.000312s ]
INFO: Run WriteHtmlCache Behavior [ RunTime:0.000145s ]
INFO: Run ShowRuntime Behavior [ RunTime:0.000322s ]
INFO: [ view_filter ] --END-- [ RunTime:0.001327s ]
INFO: [ view_end ] --START--
INFO: Run ShowPageTrace Behavior [ RunTime:0.000429s ]
INFO: [ view_end ] --END-- [ RunTime:0.000487s ]

[ 2016-06-06T09:12:21+08:00 ] 101.81.36.162 /bobo2/admin.php/Try/index/status/1/cls/7
INFO: [ route_check ] --START--
INFO: Run CheckRoute Behavior [ RunTime:0.000717s ]
INFO: [ route_check ] --END-- [ RunTime:0.000839s ]
INFO: [ app_begin ] --START--
INFO: Run ReadHtmlCache Behavior [ RunTime:0.000440s ]
INFO: [ app_begin ] --END-- [ RunTime:0.000561s ]
NOTIC: [2048] Declaration of TryAction::show() should be compatible with that of Action::show() /var/www/html/bobo2/Admin/Lib/Action/TryAction.class.php 第 2 行.
SQL: SHOW COLUMNS FROM `tp_try_out` [ RunTime:0.000635s ]
SQL: SHOW COLUMNS FROM `tp_problem` [ RunTime:0.000442s ]
SQL: SHOW COLUMNS FROM `tp_problem_data` [ RunTime:0.000420s ]
SQL: SELECT COUNT(*) AS tp_count FROM `tp_try_out` left join `tp_vipuser` a on tp_try_out.vid=a.vid left join `tp_product_price` b on tp_try_out.ppid=b.id left join `tp_product` c on b.pid=c.id WHERE ( tp_try_out.status = 1 ) LIMIT 1   [ RunTime:0.000440s ]
SQL: SELECT tp_try_out.id,a.username,c.title,b.capacity,tp_try_out.inputtime,tp_try_out.status FROM `tp_try_out` left join `tp_vipuser` a on tp_try_out.vid=a.vid left join `tp_product_price` b on tp_try_out.ppid=b.id left join `tp_product` c on b.pid=c.id WHERE ( tp_try_out.status = 1 ) ORDER BY tp_try_out.id desc LIMIT 0,10   [ RunTime:0.000410s ]
INFO: [ view_template ] --START--
INFO: Run LocationTemplate Behavior [ RunTime:0.000247s ]
INFO: [ view_template ] --END-- [ RunTime:0.000312s ]
INFO: [ view_parse ] --START--
NOTIC: [8] Use of undefined constant status - assumed 'status' /var/www/html/bobo2/Admin/Runtime/Cache/4b44a86f8f5994646dee99a9e295d7ff.php 第 85 行.
NOTIC: [8] Use of undefined constant status - assumed 'status' /var/www/html/bobo2/Admin/Runtime/Cache/4b44a86f8f5994646dee99a9e295d7ff.php 第 122 行.
NOTIC: [8] Use of undefined constant status - assumed 'status' /var/www/html/bobo2/Admin/Runtime/Cache/4b44a86f8f5994646dee99a9e295d7ff.php 第 125 行.
INFO: Run ParseTemplate Behavior [ RunTime:0.015496s ]
INFO: [ view_parse ] --END-- [ RunTime:0.015561s ]
INFO: [ view_filter ] --START--
INFO: Run ContentReplace Behavior [ RunTime:0.000342s ]
INFO: Run TokenBuild Behavior [ RunTime:0.000264s ]
INFO: Run WriteHtmlCache Behavior [ RunTime:0.000138s ]
INFO: Run ShowRuntime Behavior [ RunTime:0.000336s ]
INFO: [ view_filter ] --END-- [ RunTime:0.001246s ]
INFO: [ view_end ] --START--
INFO: Run ShowPageTrace Behavior [ RunTime:0.000425s ]
INFO: [ view_end ] --END-- [ RunTime:0.000480s ]

[ 2016-06-06T09:12:22+08:00 ] 101.81.36.162 /bobo2/admin.php/Index/picture/cls/5
INFO: [ route_check ] --START--
INFO: Run CheckRoute Behavior [ RunTime:0.000752s ]
INFO: [ route_check ] --END-- [ RunTime:0.000834s ]
INFO: [ app_begin ] --START--
INFO: Run ReadHtmlCache Behavior [ RunTime:0.000399s ]
INFO: [ app_begin ] --END-- [ RunTime:0.000470s ]
NOTIC: [2048] Declaration of IndexAction::show() should be compatible with that of Action::show() /var/www/html/bobo2/Admin/Lib/Action/IndexAction.class.php 第 3 行.
SQL: SHOW COLUMNS FROM `tp_user` [ RunTime:0.000500s ]
SQL: SHOW COLUMNS FROM `tp_index_picture` [ RunTime:0.000506s ]
SQL: SELECT COUNT(*) AS tp_count FROM `tp_index_picture` WHERE ( `siteid` = 2 ) LIMIT 1   [ RunTime:0.000261s ]
SQL: SELECT `inputtime`,`title`,`picurl`,`id`,`listorder`,`status` FROM `tp_index_picture` WHERE ( `siteid` = 2 ) ORDER BY listorder desc,id desc LIMIT 0,10   [ RunTime:0.000283s ]
INFO: [ view_template ] --START--
INFO: Run LocationTemplate Behavior [ RunTime:0.000227s ]
INFO: [ view_template ] --END-- [ RunTime:0.000314s ]
INFO: [ view_parse ] --START--
INFO: Run ParseTemplate Behavior [ RunTime:0.012002s ]
INFO: [ view_parse ] --END-- [ RunTime:0.012082s ]
INFO: [ view_filter ] --START--
INFO: Run ContentReplace Behavior [ RunTime:0.000360s ]
INFO: Run TokenBuild Behavior [ RunTime:0.000262s ]
INFO: Run WriteHtmlCache Behavior [ RunTime:0.000165s ]
INFO: Run ShowRuntime Behavior [ RunTime:0.000320s ]
INFO: [ view_filter ] --END-- [ RunTime:0.001275s ]
INFO: [ view_end ] --START--
INFO: Run ShowPageTrace Behavior [ RunTime:0.000413s ]
INFO: [ view_end ] --END-- [ RunTime:0.000527s ]

[ 2016-06-06T09:12:24+08:00 ] 101.81.36.162 /bobo2/admin.php/Try/index/status/1/cls/7
INFO: [ route_check ] --START--
INFO: Run CheckRoute Behavior [ RunTime:0.000709s ]
INFO: [ route_check ] --END-- [ RunTime:0.000794s ]
INFO: [ app_begin ] --START--
INFO: Run ReadHtmlCache Behavior [ RunTime:0.000415s ]
INFO: [ app_begin ] --END-- [ RunTime:0.000494s ]
NOTIC: [2048] Declaration of TryAction::show() should be compatible with that of Action::show() /var/www/html/bobo2/Admin/Lib/Action/TryAction.class.php 第 2 行.
SQL: SHOW COLUMNS FROM `tp_try_out` [ RunTime:0.000784s ]
SQL: SHOW COLUMNS FROM `tp_problem` [ RunTime:0.000418s ]
SQL: SHOW COLUMNS FROM `tp_problem_data` [ RunTime:0.000437s ]
SQL: SELECT COUNT(*) AS tp_count FROM `tp_try_out` left join `tp_vipuser` a on tp_try_out.vid=a.vid left join `tp_product_price` b on tp_try_out.ppid=b.id left join `tp_product` c on b.pid=c.id WHERE ( tp_try_out.status = 1 ) LIMIT 1   [ RunTime:0.000422s ]
SQL: SELECT tp_try_out.id,a.username,c.title,b.capacity,tp_try_out.inputtime,tp_try_out.status FROM `tp_try_out` left join `tp_vipuser` a on tp_try_out.vid=a.vid left join `tp_product_price` b on tp_try_out.ppid=b.id left join `tp_product` c on b.pid=c.id WHERE ( tp_try_out.status = 1 ) ORDER BY tp_try_out.id desc LIMIT 0,10   [ RunTime:0.000405s ]
INFO: [ view_template ] --START--
INFO: Run LocationTemplate Behavior [ RunTime:0.000222s ]
INFO: [ view_template ] --END-- [ RunTime:0.000287s ]
INFO: [ view_parse ] --START--
NOTIC: [8] Use of undefined constant status - assumed 'status' /var/www/html/bobo2/Admin/Runtime/Cache/4b44a86f8f5994646dee99a9e295d7ff.php 第 85 行.
NOTIC: [8] Use of undefined constant status - assumed 'status' /var/www/html/bobo2/Admin/Runtime/Cache/4b44a86f8f5994646dee99a9e295d7ff.php 第 122 行.
NOTIC: [8] Use of undefined constant status - assumed 'status' /var/www/html/bobo2/Admin/Runtime/Cache/4b44a86f8f5994646dee99a9e295d7ff.php 第 125 行.
INFO: Run ParseTemplate Behavior [ RunTime:0.014793s ]
INFO: [ view_parse ] --END-- [ RunTime:0.014856s ]
INFO: [ view_filter ] --START--
INFO: Run ContentReplace Behavior [ RunTime:0.000331s ]
INFO: Run TokenBuild Behavior [ RunTime:0.000244s ]
INFO: Run WriteHtmlCache Behavior [ RunTime:0.000135s ]
INFO: Run ShowRuntime Behavior [ RunTime:0.000308s ]
INFO: [ view_filter ] --END-- [ RunTime:0.001181s ]
INFO: [ view_end ] --START--
INFO: Run ShowPageTrace Behavior [ RunTime:0.000423s ]
INFO: [ view_end ] --END-- [ RunTime:0.000478s ]

[ 2016-06-06T09:12:25+08:00 ] 101.81.36.162 /bobo2/admin.php/Try/index/status/1/cls/7
INFO: [ route_check ] --START--
INFO: Run CheckRoute Behavior [ RunTime:0.000604s ]
INFO: [ route_check ] --END-- [ RunTime:0.000684s ]
INFO: [ app_begin ] --START--
INFO: Run ReadHtmlCache Behavior [ RunTime:0.000353s ]
INFO: [ app_begin ] --END-- [ RunTime:0.000433s ]
NOTIC: [2048] Declaration of TryAction::show() should be compatible with that of Action::show() /var/www/html/bobo2/Admin/Lib/Action/TryAction.class.php 第 2 行.
SQL: SHOW COLUMNS FROM `tp_try_out` [ RunTime:0.000625s ]
SQL: SHOW COLUMNS FROM `tp_problem` [ RunTime:0.000413s ]
SQL: SHOW COLUMNS FROM `tp_problem_data` [ RunTime:0.000414s ]
SQL: SELECT COUNT(*) AS tp_count FROM `tp_try_out` left join `tp_vipuser` a on tp_try_out.vid=a.vid left join `tp_product_price` b on tp_try_out.ppid=b.id left join `tp_product` c on b.pid=c.id WHERE ( tp_try_out.status = 1 ) LIMIT 1   [ RunTime:0.000420s ]
SQL: SELECT tp_try_out.id,a.username,c.title,b.capacity,tp_try_out.inputtime,tp_try_out.status FROM `tp_try_out` left join `tp_vipuser` a on tp_try_out.vid=a.vid left join `tp_product_price` b on tp_try_out.ppid=b.id left join `tp_product` c on b.pid=c.id WHERE ( tp_try_out.status = 1 ) ORDER BY tp_try_out.id desc LIMIT 0,10   [ RunTime:0.000389s ]
INFO: [ view_template ] --START--
INFO: Run LocationTemplate Behavior [ RunTime:0.000258s ]
INFO: [ view_template ] --END-- [ RunTime:0.000326s ]
INFO: [ view_parse ] --START--
NOTIC: [8] Use of undefined constant status - assumed 'status' /var/www/html/bobo2/Admin/Runtime/Cache/4b44a86f8f5994646dee99a9e295d7ff.php 第 85 行.
NOTIC: [8] Use of undefined constant status - assumed 'status' /var/www/html/bobo2/Admin/Runtime/Cache/4b44a86f8f5994646dee99a9e295d7ff.php 第 122 行.
NOTIC: [8] Use of undefined constant status - assumed 'status' /var/www/html/bobo2/Admin/Runtime/Cache/4b44a86f8f5994646dee99a9e295d7ff.php 第 125 行.
INFO: Run ParseTemplate Behavior [ RunTime:0.015520s ]
INFO: [ view_parse ] --END-- [ RunTime:0.015591s ]
INFO: [ view_filter ] --START--
INFO: Run ContentReplace Behavior [ RunTime:0.000355s ]
INFO: Run TokenBuild Behavior [ RunTime:0.000242s ]
INFO: Run WriteHtmlCache Behavior [ RunTime:0.000137s ]
INFO: Run ShowRuntime Behavior [ RunTime:0.000335s ]
INFO: [ view_filter ] --END-- [ RunTime:0.001232s ]
INFO: [ view_end ] --START--
INFO: Run ShowPageTrace Behavior [ RunTime:0.000406s ]
INFO: [ view_end ] --END-- [ RunTime:0.000460s ]

[ 2016-06-06T09:12:26+08:00 ] 101.81.36.162 /bobo2/admin.php/Try/index/status/2/cls/7
INFO: [ route_check ] --START--
INFO: Run CheckRoute Behavior [ RunTime:0.000588s ]
INFO: [ route_check ] --END-- [ RunTime:0.000670s ]
INFO: [ app_begin ] --START--
INFO: Run ReadHtmlCache Behavior [ RunTime:0.000357s ]
INFO: [ app_begin ] --END-- [ RunTime:0.000421s ]
NOTIC: [2048] Declaration of TryAction::show() should be compatible with that of Action::show() /var/www/html/bobo2/Admin/Lib/Action/TryAction.class.php 第 2 行.
SQL: SHOW COLUMNS FROM `tp_try_out` [ RunTime:0.000636s ]
SQL: SHOW COLUMNS FROM `tp_problem` [ RunTime:0.000420s ]
SQL: SHOW COLUMNS FROM `tp_problem_data` [ RunTime:0.000437s ]
SQL: SELECT COUNT(*) AS tp_count FROM `tp_try_out` left join `tp_vipuser` a on tp_try_out.vid=a.vid left join `tp_product_price` b on tp_try_out.ppid=b.id left join `tp_product` c on b.pid=c.id WHERE ( tp_try_out.status = 2 ) LIMIT 1   [ RunTime:0.000399s ]
SQL: SELECT tp_try_out.id,a.username,c.title,b.capacity,tp_try_out.inputtime,tp_try_out.status FROM `tp_try_out` left join `tp_vipuser` a on tp_try_out.vid=a.vid left join `tp_product_price` b on tp_try_out.ppid=b.id left join `tp_product` c on b.pid=c.id WHERE ( tp_try_out.status = 2 ) ORDER BY tp_try_out.id desc LIMIT 0,10   [ RunTime:0.000336s ]
INFO: [ view_template ] --START--
INFO: Run LocationTemplate Behavior [ RunTime:0.000216s ]
INFO: [ view_template ] --END-- [ RunTime:0.000275s ]
INFO: [ view_parse ] --START--
NOTIC: [8] Use of undefined constant status - assumed 'status' /var/www/html/bobo2/Admin/Runtime/Cache/4b44a86f8f5994646dee99a9e295d7ff.php 第 85 行.
NOTIC: [8] Use of undefined constant status - assumed 'status' /var/www/html/bobo2/Admin/Runtime/Cache/4b44a86f8f5994646dee99a9e295d7ff.php 第 85 行.
NOTIC: [8] Use of undefined constant status - assumed 'status' /var/www/html/bobo2/Admin/Runtime/Cache/4b44a86f8f5994646dee99a9e295d7ff.php 第 122 行.
NOTIC: [8] Use of undefined constant status - assumed 'status' /var/www/html/bobo2/Admin/Runtime/Cache/4b44a86f8f5994646dee99a9e295d7ff.php 第 122 行.
NOTIC: [8] Use of undefined constant status - assumed 'status' /var/www/html/bobo2/Admin/Runtime/Cache/4b44a86f8f5994646dee99a9e295d7ff.php 第 125 行.
INFO: Run ParseTemplate Behavior [ RunTime:0.014741s ]
INFO: [ view_parse ] --END-- [ RunTime:0.014804s ]
INFO: [ view_filter ] --START--
INFO: Run ContentReplace Behavior [ RunTime:0.000324s ]
INFO: Run TokenBuild Behavior [ RunTime:0.000247s ]
INFO: Run WriteHtmlCache Behavior [ RunTime:0.000138s ]
INFO: Run ShowRuntime Behavior [ RunTime:0.000302s ]
INFO: [ view_filter ] --END-- [ RunTime:0.001171s ]
INFO: [ view_end ] --START--
INFO: Run ShowPageTrace Behavior [ RunTime:0.000403s ]
INFO: [ view_end ] --END-- [ RunTime:0.000460s ]

[ 2016-06-06T09:12:27+08:00 ] 101.81.36.162 /bobo2/admin.php/Try/index/status/3/cls/7
INFO: [ route_check ] --START--
INFO: Run CheckRoute Behavior [ RunTime:0.000591s ]
INFO: [ route_check ] --END-- [ RunTime:0.000694s ]
INFO: [ app_begin ] --START--
INFO: Run ReadHtmlCache Behavior [ RunTime:0.000358s ]
INFO: [ app_begin ] --END-- [ RunTime:0.000450s ]
NOTIC: [2048] Declaration of TryAction::show() should be compatible with that of Action::show() /var/www/html/bobo2/Admin/Lib/Action/TryAction.class.php 第 2 行.
SQL: SHOW COLUMNS FROM `tp_try_out` [ RunTime:0.000813s ]
SQL: SHOW COLUMNS FROM `tp_problem` [ RunTime:0.000562s ]
SQL: SHOW COLUMNS FROM `tp_problem_data` [ RunTime:0.000573s ]
SQL: SELECT COUNT(*) AS tp_count FROM `tp_try_out` left join `tp_vipuser` a on tp_try_out.vid=a.vid left join `tp_product_price` b on tp_try_out.ppid=b.id left join `tp_product` c on b.pid=c.id WHERE ( tp_try_out.status = 3 ) LIMIT 1   [ RunTime:0.000510s ]
SQL: SELECT tp_try_out.id,a.username,c.title,b.capacity,tp_try_out.inputtime,tp_try_out.status FROM `tp_try_out` left join `tp_vipuser` a on tp_try_out.vid=a.vid left join `tp_product_price` b on tp_try_out.ppid=b.id left join `tp_product` c on b.pid=c.id WHERE ( tp_try_out.status = 3 ) ORDER BY tp_try_out.id desc LIMIT 0,10   [ RunTime:0.000428s ]
INFO: [ view_template ] --START--
INFO: Run LocationTemplate Behavior [ RunTime:0.000320s ]
INFO: [ view_template ] --END-- [ RunTime:0.000427s ]
INFO: [ view_parse ] --START--
NOTIC: [8] Use of undefined constant status - assumed 'status' /var/www/html/bobo2/Admin/Runtime/Cache/4b44a86f8f5994646dee99a9e295d7ff.php 第 85 行.
NOTIC: [8] Use of undefined constant status - assumed 'status' /var/www/html/bobo2/Admin/Runtime/Cache/4b44a86f8f5994646dee99a9e295d7ff.php 第 85 行.
NOTIC: [8] Use of undefined constant status - assumed 'status' /var/www/html/bobo2/Admin/Runtime/Cache/4b44a86f8f5994646dee99a9e295d7ff.php 第 85 行.
NOTIC: [8] Use of undefined constant status - assumed 'status' /var/www/html/bobo2/Admin/Runtime/Cache/4b44a86f8f5994646dee99a9e295d7ff.php 第 122 行.
NOTIC: [8] Use of undefined constant status - assumed 'status' /var/www/html/bobo2/Admin/Runtime/Cache/4b44a86f8f5994646dee99a9e295d7ff.php 第 122 行.
NOTIC: [8] Use of undefined constant status - assumed 'status' /var/www/html/bobo2/Admin/Runtime/Cache/4b44a86f8f5994646dee99a9e295d7ff.php 第 122 行.
NOTIC: [8] Use of undefined constant status - assumed 'status' /var/www/html/bobo2/Admin/Runtime/Cache/4b44a86f8f5994646dee99a9e295d7ff.php 第 125 行.
INFO: Run ParseTemplate Behavior [ RunTime:0.016983s ]
INFO: [ view_parse ] --END-- [ RunTime:0.017063s ]
INFO: [ view_filter ] --START--
INFO: Run ContentReplace Behavior [ RunTime:0.000326s ]
INFO: Run TokenBuild Behavior [ RunTime:0.000245s ]
INFO: Run WriteHtmlCache Behavior [ RunTime:0.000137s ]
INFO: Run ShowRuntime Behavior [ RunTime:0.000344s ]
INFO: [ view_filter ] --END-- [ RunTime:0.001219s ]
INFO: [ view_end ] --START--
INFO: Run ShowPageTrace Behavior [ RunTime:0.000421s ]
INFO: [ view_end ] --END-- [ RunTime:0.000477s ]

[ 2016-06-06T09:12:28+08:00 ] 101.81.36.162 /bobo2/admin.php/Try/index/status/4/cls/7
INFO: [ route_check ] --START--
INFO: Run CheckRoute Behavior [ RunTime:0.000599s ]
INFO: [ route_check ] --END-- [ RunTime:0.000680s ]
INFO: [ app_begin ] --START--
INFO: Run ReadHtmlCache Behavior [ RunTime:0.000357s ]
INFO: [ app_begin ] --END-- [ RunTime:0.000429s ]
NOTIC: [2048] Declaration of TryAction::show() should be compatible with that of Action::show() /var/www/html/bobo2/Admin/Lib/Action/TryAction.class.php 第 2 行.
SQL: SHOW COLUMNS FROM `tp_try_out` [ RunTime:0.000612s ]
SQL: SHOW COLUMNS FROM `tp_problem` [ RunTime:0.000443s ]
SQL: SHOW COLUMNS FROM `tp_problem_data` [ RunTime:0.000429s ]
SQL: SELECT COUNT(*) AS tp_count FROM `tp_try_out` left join `tp_vipuser` a on tp_try_out.vid=a.vid left join `tp_product_price` b on tp_try_out.ppid=b.id left join `tp_product` c on b.pid=c.id WHERE ( tp_try_out.status = 4 ) LIMIT 1   [ RunTime:0.000421s ]
SQL: SELECT tp_try_out.id,a.username,c.title,b.capacity,tp_try_out.inputtime,tp_try_out.status FROM `tp_try_out` left join `tp_vipuser` a on tp_try_out.vid=a.vid left join `tp_product_price` b on tp_try_out.ppid=b.id left join `tp_product` c on b.pid=c.id WHERE ( tp_try_out.status = 4 ) ORDER BY tp_try_out.id desc LIMIT 0,10   [ RunTime:0.000318s ]
INFO: [ view_template ] --START--
INFO: Run LocationTemplate Behavior [ RunTime:0.000238s ]
INFO: [ view_template ] --END-- [ RunTime:0.000299s ]
INFO: [ view_parse ] --START--
NOTIC: [8] Use of undefined constant status - assumed 'status' /var/www/html/bobo2/Admin/Runtime/Cache/4b44a86f8f5994646dee99a9e295d7ff.php 第 85 行.
NOTIC: [8] Use of undefined constant status - assumed 'status' /var/www/html/bobo2/Admin/Runtime/Cache/4b44a86f8f5994646dee99a9e295d7ff.php 第 85 行.
NOTIC: [8] Use of undefined constant status - assumed 'status' /var/www/html/bobo2/Admin/Runtime/Cache/4b44a86f8f5994646dee99a9e295d7ff.php 第 85 行.
NOTIC: [8] Use of undefined constant status - assumed 'status' /var/www/html/bobo2/Admin/Runtime/Cache/4b44a86f8f5994646dee99a9e295d7ff.php 第 85 行.
NOTIC: [8] Use of undefined constant status - assumed 'status' /var/www/html/bobo2/Admin/Runtime/Cache/4b44a86f8f5994646dee99a9e295d7ff.php 第 122 行.
NOTIC: [8] Use of undefined constant status - assumed 'status' /var/www/html/bobo2/Admin/Runtime/Cache/4b44a86f8f5994646dee99a9e295d7ff.php 第 122 行.
NOTIC: [8] Use of undefined constant status - assumed 'status' /var/www/html/bobo2/Admin/Runtime/Cache/4b44a86f8f5994646dee99a9e295d7ff.php 第 122 行.
NOTIC: [8] Use of undefined constant status - assumed 'status' /var/www/html/bobo2/Admin/Runtime/Cache/4b44a86f8f5994646dee99a9e295d7ff.php 第 122 行.
NOTIC: [8] Use of undefined constant status - assumed 'status' /var/www/html/bobo2/Admin/Runtime/Cache/4b44a86f8f5994646dee99a9e295d7ff.php 第 125 行.
INFO: Run ParseTemplate Behavior [ RunTime:0.015170s ]
INFO: [ view_parse ] --END-- [ RunTime:0.015238s ]
INFO: [ view_filter ] --START--
INFO: Run ContentReplace Behavior [ RunTime:0.000301s ]
INFO: Run TokenBuild Behavior [ RunTime:0.000260s ]
INFO: Run WriteHtmlCache Behavior [ RunTime:0.000136s ]
INFO: Run ShowRuntime Behavior [ RunTime:0.000305s ]
INFO: [ view_filter ] --END-- [ RunTime:0.001165s ]
INFO: [ view_end ] --START--
INFO: Run ShowPageTrace Behavior [ RunTime:0.000464s ]
INFO: [ view_end ] --END-- [ RunTime:0.000520s ]

[ 2016-06-06T09:12:29+08:00 ] 101.81.36.162 /bobo2/admin.php/Try/index/status/5/cls/7
INFO: [ route_check ] --START--
INFO: Run CheckRoute Behavior [ RunTime:0.000629s ]
INFO: [ route_check ] --END-- [ RunTime:0.000710s ]
INFO: [ app_begin ] --START--
INFO: Run ReadHtmlCache Behavior [ RunTime:0.000352s ]
INFO: [ app_begin ] --END-- [ RunTime:0.000413s ]
NOTIC: [2048] Declaration of TryAction::show() should be compatible with that of Action::show() /var/www/html/bobo2/Admin/Lib/Action/TryAction.class.php 第 2 行.
SQL: SHOW COLUMNS FROM `tp_try_out` [ RunTime:0.000678s ]
SQL: SHOW COLUMNS FROM `tp_problem` [ RunTime:0.000451s ]
SQL: SHOW COLUMNS FROM `tp_problem_data` [ RunTime:0.000419s ]
SQL: SELECT COUNT(*) AS tp_count FROM `tp_try_out` left join `tp_vipuser` a on tp_try_out.vid=a.vid left join `tp_product_price` b on tp_try_out.ppid=b.id left join `tp_product` c on b.pid=c.id WHERE ( tp_try_out.status = 5 ) LIMIT 1   [ RunTime:0.000810s ]
SQL: SELECT tp_try_out.id,a.username,c.title,b.capacity,tp_try_out.inputtime,tp_try_out.status FROM `tp_try_out` left join `tp_vipuser` a on tp_try_out.vid=a.vid left join `tp_product_price` b on tp_try_out.ppid=b.id left join `tp_product` c on b.pid=c.id WHERE ( tp_try_out.status = 5 ) ORDER BY tp_try_out.id desc LIMIT 0,10   [ RunTime:0.000416s ]
INFO: [ view_template ] --START--
INFO: Run LocationTemplate Behavior [ RunTime:0.000250s ]
INFO: [ view_template ] --END-- [ RunTime:0.000314s ]
INFO: [ view_parse ] --START--
NOTIC: [8] Use of undefined constant status - assumed 'status' /var/www/html/bobo2/Admin/Runtime/Cache/4b44a86f8f5994646dee99a9e295d7ff.php 第 85 行.
NOTIC: [8] Use of undefined constant status - assumed 'status' /var/www/html/bobo2/Admin/Runtime/Cache/4b44a86f8f5994646dee99a9e295d7ff.php 第 85 行.
NOTIC: [8] Use of undefined constant status - assumed 'status' /var/www/html/bobo2/Admin/Runtime/Cache/4b44a86f8f5994646dee99a9e295d7ff.php 第 85 行.
NOTIC: [8] Use of undefined constant status - assumed 'status' /var/www/html/bobo2/Admin/Runtime/Cache/4b44a86f8f5994646dee99a9e295d7ff.php 第 85 行.
NOTIC: [8] Use of undefined constant status - assumed 'status' /var/www/html/bobo2/Admin/Runtime/Cache/4b44a86f8f5994646dee99a9e295d7ff.php 第 85 行.
NOTIC: [8] Use of undefined constant status - assumed 'status' /var/www/html/bobo2/Admin/Runtime/Cache/4b44a86f8f5994646dee99a9e295d7ff.php 第 122 行.
NOTIC: [8] Use of undefined constant status - assumed 'status' /var/www/html/bobo2/Admin/Runtime/Cache/4b44a86f8f5994646dee99a9e295d7ff.php 第 122 行.
NOTIC: [8] Use of undefined constant status - assumed 'status' /var/www/html/bobo2/Admin/Runtime/Cache/4b44a86f8f5994646dee99a9e295d7ff.php 第 122 行.
NOTIC: [8] Use of undefined constant status - assumed 'status' /var/www/html/bobo2/Admin/Runtime/Cache/4b44a86f8f5994646dee99a9e295d7ff.php 第 122 行.
NOTIC: [8] Use of undefined constant status - assumed 'status' /var/www/html/bobo2/Admin/Runtime/Cache/4b44a86f8f5994646dee99a9e295d7ff.php 第 122 行.
NOTIC: [8] Use of undefined constant status - assumed 'status' /var/www/html/bobo2/Admin/Runtime/Cache/4b44a86f8f5994646dee99a9e295d7ff.php 第 125 行.
INFO: Run ParseTemplate Behavior [ RunTime:0.014992s ]
INFO: [ view_parse ] --END-- [ RunTime:0.015053s ]
INFO: [ view_filter ] --START--
INFO: Run ContentReplace Behavior [ RunTime:0.000313s ]
INFO: Run TokenBuild Behavior [ RunTime:0.000246s ]
INFO: Run WriteHtmlCache Behavior [ RunTime:0.000160s ]
INFO: Run ShowRuntime Behavior [ RunTime:0.000306s ]
INFO: [ view_filter ] --END-- [ RunTime:0.001187s ]
INFO: [ view_end ] --START--
INFO: Run ShowPageTrace Behavior [ RunTime:0.000408s ]
INFO: [ view_end ] --END-- [ RunTime:0.000462s ]

[ 2016-06-06T09:12:29+08:00 ] 101.81.36.162 /bobo2/admin.php/Try/index/status/0/cls/7
INFO: [ route_check ] --START--
INFO: Run CheckRoute Behavior [ RunTime:0.000600s ]
INFO: [ route_check ] --END-- [ RunTime:0.000680s ]
INFO: [ app_begin ] --START--
INFO: Run ReadHtmlCache Behavior [ RunTime:0.000356s ]
INFO: [ app_begin ] --END-- [ RunTime:0.000416s ]
NOTIC: [2048] Declaration of TryAction::show() should be compatible with that of Action::show() /var/www/html/bobo2/Admin/Lib/Action/TryAction.class.php 第 2 行.
SQL: SHOW COLUMNS FROM `tp_try_out` [ RunTime:0.000584s ]
SQL: SHOW COLUMNS FROM `tp_problem` [ RunTime:0.000437s ]
SQL: SHOW COLUMNS FROM `tp_problem_data` [ RunTime:0.000413s ]
SQL: SELECT COUNT(*) AS tp_count FROM `tp_try_out` left join `tp_vipuser` a on tp_try_out.vid=a.vid left join `tp_product_price` b on tp_try_out.ppid=b.id left join `tp_product` c on b.pid=c.id WHERE ( tp_try_out.status = 0 ) LIMIT 1   [ RunTime:0.000426s ]
SQL: SELECT tp_try_out.id,a.username,c.title,b.capacity,tp_try_out.inputtime,tp_try_out.status FROM `tp_try_out` left join `tp_vipuser` a on tp_try_out.vid=a.vid left join `tp_product_price` b on tp_try_out.ppid=b.id left join `tp_product` c on b.pid=c.id WHERE ( tp_try_out.status = 0 ) ORDER BY tp_try_out.id desc LIMIT 0,10   [ RunTime:0.000377s ]
INFO: [ view_template ] --START--
INFO: Run LocationTemplate Behavior [ RunTime:0.000215s ]
INFO: [ view_template ] --END-- [ RunTime:0.000280s ]
INFO: [ view_parse ] --START--
NOTIC: [8] Use of undefined constant status - assumed 'status' /var/www/html/bobo2/Admin/Runtime/Cache/4b44a86f8f5994646dee99a9e295d7ff.php 第 85 行.
NOTIC: [8] Use of undefined constant status - assumed 'status' /var/www/html/bobo2/Admin/Runtime/Cache/4b44a86f8f5994646dee99a9e295d7ff.php 第 85 行.
NOTIC: [8] Use of undefined constant status - assumed 'status' /var/www/html/bobo2/Admin/Runtime/Cache/4b44a86f8f5994646dee99a9e295d7ff.php 第 85 行.
NOTIC: [8] Use of undefined constant status - assumed 'status' /var/www/html/bobo2/Admin/Runtime/Cache/4b44a86f8f5994646dee99a9e295d7ff.php 第 85 行.
NOTIC: [8] Use of undefined constant status - assumed 'status' /var/www/html/bobo2/Admin/Runtime/Cache/4b44a86f8f5994646dee99a9e295d7ff.php 第 85 行.
NOTIC: [8] Use of undefined constant status - assumed 'status' /var/www/html/bobo2/Admin/Runtime/Cache/4b44a86f8f5994646dee99a9e295d7ff.php 第 85 行.
NOTIC: [8] Use of undefined constant status - assumed 'status' /var/www/html/bobo2/Admin/Runtime/Cache/4b44a86f8f5994646dee99a9e295d7ff.php 第 122 行.
NOTIC: [8] Use of undefined constant status - assumed 'status' /var/www/html/bobo2/Admin/Runtime/Cache/4b44a86f8f5994646dee99a9e295d7ff.php 第 122 行.
NOTIC: [8] Use of undefined constant status - assumed 'status' /var/www/html/bobo2/Admin/Runtime/Cache/4b44a86f8f5994646dee99a9e295d7ff.php 第 122 行.
NOTIC: [8] Use of undefined constant status - assumed 'status' /var/www/html/bobo2/Admin/Runtime/Cache/4b44a86f8f5994646dee99a9e295d7ff.php 第 122 行.
NOTIC: [8] Use of undefined constant status - assumed 'status' /var/www/html/bobo2/Admin/Runtime/Cache/4b44a86f8f5994646dee99a9e295d7ff.php 第 122 行.
NOTIC: [8] Use of undefined constant status - assumed 'status' /var/www/html/bobo2/Admin/Runtime/Cache/4b44a86f8f5994646dee99a9e295d7ff.php 第 122 行.
NOTIC: [8] Use of undefined constant status - assumed 'status' /var/www/html/bobo2/Admin/Runtime/Cache/4b44a86f8f5994646dee99a9e295d7ff.php 第 125 行.
INFO: Run ParseTemplate Behavior [ RunTime:0.015422s ]
INFO: [ view_parse ] --END-- [ RunTime:0.015507s ]
INFO: [ view_filter ] --START--
INFO: Run ContentReplace Behavior [ RunTime:0.000303s ]
INFO: Run TokenBuild Behavior [ RunTime:0.000245s ]
INFO: Run WriteHtmlCache Behavior [ RunTime:0.000134s ]
INFO: Run ShowRuntime Behavior [ RunTime:0.000324s ]
INFO: [ view_filter ] --END-- [ RunTime:0.001168s ]
INFO: [ view_end ] --START--
INFO: Run ShowPageTrace Behavior [ RunTime:0.000403s ]
INFO: [ view_end ] --END-- [ RunTime:0.000459s ]

[ 2016-06-06T09:12:31+08:00 ] 101.81.36.162 /bobo2/admin.php/Try/index/status/5/cls/7
INFO: [ route_check ] --START--
INFO: Run CheckRoute Behavior [ RunTime:0.000617s ]
INFO: [ route_check ] --END-- [ RunTime:0.000721s ]
INFO: [ app_begin ] --START--
INFO: Run ReadHtmlCache Behavior [ RunTime:0.000352s ]
INFO: [ app_begin ] --END-- [ RunTime:0.000413s ]
NOTIC: [2048] Declaration of TryAction::show() should be compatible with that of Action::show() /var/www/html/bobo2/Admin/Lib/Action/TryAction.class.php 第 2 行.
SQL: SHOW COLUMNS FROM `tp_try_out` [ RunTime:0.000627s ]
SQL: SHOW COLUMNS FROM `tp_problem` [ RunTime:0.000423s ]
SQL: SHOW COLUMNS FROM `tp_problem_data` [ RunTime:0.000440s ]
SQL: SELECT COUNT(*) AS tp_count FROM `tp_try_out` left join `tp_vipuser` a on tp_try_out.vid=a.vid left join `tp_product_price` b on tp_try_out.ppid=b.id left join `tp_product` c on b.pid=c.id WHERE ( tp_try_out.status = 5 ) LIMIT 1   [ RunTime:0.000547s ]
SQL: SELECT tp_try_out.id,a.username,c.title,b.capacity,tp_try_out.inputtime,tp_try_out.status FROM `tp_try_out` left join `tp_vipuser` a on tp_try_out.vid=a.vid left join `tp_product_price` b on tp_try_out.ppid=b.id left join `tp_product` c on b.pid=c.id WHERE ( tp_try_out.status = 5 ) ORDER BY tp_try_out.id desc LIMIT 0,10   [ RunTime:0.000391s ]
INFO: [ view_template ] --START--
INFO: Run LocationTemplate Behavior [ RunTime:0.000222s ]
INFO: [ view_template ] --END-- [ RunTime:0.000312s ]
INFO: [ view_parse ] --START--
NOTIC: [8] Use of undefined constant status - assumed 'status' /var/www/html/bobo2/Admin/Runtime/Cache/4b44a86f8f5994646dee99a9e295d7ff.php 第 85 行.
NOTIC: [8] Use of undefined constant status - assumed 'status' /var/www/html/bobo2/Admin/Runtime/Cache/4b44a86f8f5994646dee99a9e295d7ff.php 第 85 行.
NOTIC: [8] Use of undefined constant status - assumed 'status' /var/www/html/bobo2/Admin/Runtime/Cache/4b44a86f8f5994646dee99a9e295d7ff.php 第 85 行.
NOTIC: [8] Use of undefined constant status - assumed 'status' /var/www/html/bobo2/Admin/Runtime/Cache/4b44a86f8f5994646dee99a9e295d7ff.php 第 85 行.
NOTIC: [8] Use of undefined constant status - assumed 'status' /var/www/html/bobo2/Admin/Runtime/Cache/4b44a86f8f5994646dee99a9e295d7ff.php 第 85 行.
NOTIC: [8] Use of undefined constant status - assumed 'status' /var/www/html/bobo2/Admin/Runtime/Cache/4b44a86f8f5994646dee99a9e295d7ff.php 第 122 行.
NOTIC: [8] Use of undefined constant status - assumed 'status' /var/www/html/bobo2/Admin/Runtime/Cache/4b44a86f8f5994646dee99a9e295d7ff.php 第 122 行.
NOTIC: [8] Use of undefined constant status - assumed 'status' /var/www/html/bobo2/Admin/Runtime/Cache/4b44a86f8f5994646dee99a9e295d7ff.php 第 122 行.
NOTIC: [8] Use of undefined constant status - assumed 'status' /var/www/html/bobo2/Admin/Runtime/Cache/4b44a86f8f5994646dee99a9e295d7ff.php 第 122 行.
NOTIC: [8] Use of undefined constant status - assumed 'status' /var/www/html/bobo2/Admin/Runtime/Cache/4b44a86f8f5994646dee99a9e295d7ff.php 第 122 行.
NOTIC: [8] Use of undefined constant status - assumed 'status' /var/www/html/bobo2/Admin/Runtime/Cache/4b44a86f8f5994646dee99a9e295d7ff.php 第 125 行.
INFO: Run ParseTemplate Behavior [ RunTime:0.015201s ]
INFO: [ view_parse ] --END-- [ RunTime:0.015275s ]
INFO: [ view_filter ] --START--
INFO: Run ContentReplace Behavior [ RunTime:0.000346s ]
INFO: Run TokenBuild Behavior [ RunTime:0.000267s ]
INFO: Run WriteHtmlCache Behavior [ RunTime:0.000138s ]
INFO: Run ShowRuntime Behavior [ RunTime:0.000310s ]
INFO: [ view_filter ] --END-- [ RunTime:0.001227s ]
INFO: [ view_end ] --START--
INFO: Run ShowPageTrace Behavior [ RunTime:0.000470s ]
INFO: [ view_end ] --END-- [ RunTime:0.000525s ]

[ 2016-06-06T09:12:33+08:00 ] 101.81.36.162 /bobo2/admin.php/Try/index/status/5/cls/7/p/2
INFO: [ route_check ] --START--
INFO: Run CheckRoute Behavior [ RunTime:0.000610s ]
INFO: [ route_check ] --END-- [ RunTime:0.000699s ]
INFO: [ app_begin ] --START--
INFO: Run ReadHtmlCache Behavior [ RunTime:0.000382s ]
INFO: [ app_begin ] --END-- [ RunTime:0.000452s ]
NOTIC: [2048] Declaration of TryAction::show() should be compatible with that of Action::show() /var/www/html/bobo2/Admin/Lib/Action/TryAction.class.php 第 2 行.
SQL: SHOW COLUMNS FROM `tp_try_out` [ RunTime:0.000645s ]
SQL: SHOW COLUMNS FROM `tp_problem` [ RunTime:0.000483s ]
SQL: SHOW COLUMNS FROM `tp_problem_data` [ RunTime:0.000415s ]
SQL: SELECT COUNT(*) AS tp_count FROM `tp_try_out` left join `tp_vipuser` a on tp_try_out.vid=a.vid left join `tp_product_price` b on tp_try_out.ppid=b.id left join `tp_product` c on b.pid=c.id WHERE ( tp_try_out.status = 5 ) LIMIT 1   [ RunTime:0.000595s ]
SQL: SELECT tp_try_out.id,a.username,c.title,b.capacity,tp_try_out.inputtime,tp_try_out.status FROM `tp_try_out` left join `tp_vipuser` a on tp_try_out.vid=a.vid left join `tp_product_price` b on tp_try_out.ppid=b.id left join `tp_product` c on b.pid=c.id WHERE ( tp_try_out.status = 5 ) ORDER BY tp_try_out.id desc LIMIT 10,10   [ RunTime:0.000520s ]
INFO: [ view_template ] --START--
INFO: Run LocationTemplate Behavior [ RunTime:0.000216s ]
INFO: [ view_template ] --END-- [ RunTime:0.000281s ]
INFO: [ view_parse ] --START--
NOTIC: [8] Use of undefined constant status - assumed 'status' /var/www/html/bobo2/Admin/Runtime/Cache/4b44a86f8f5994646dee99a9e295d7ff.php 第 85 行.
NOTIC: [8] Use of undefined constant status - assumed 'status' /var/www/html/bobo2/Admin/Runtime/Cache/4b44a86f8f5994646dee99a9e295d7ff.php 第 85 行.
NOTIC: [8] Use of undefined constant status - assumed 'status' /var/www/html/bobo2/Admin/Runtime/Cache/4b44a86f8f5994646dee99a9e295d7ff.php 第 85 行.
NOTIC: [8] Use of undefined constant status - assumed 'status' /var/www/html/bobo2/Admin/Runtime/Cache/4b44a86f8f5994646dee99a9e295d7ff.php 第 85 行.
NOTIC: [8] Use of undefined constant status - assumed 'status' /var/www/html/bobo2/Admin/Runtime/Cache/4b44a86f8f5994646dee99a9e295d7ff.php 第 85 行.
NOTIC: [8] Use of undefined constant status - assumed 'status' /var/www/html/bobo2/Admin/Runtime/Cache/4b44a86f8f5994646dee99a9e295d7ff.php 第 122 行.
NOTIC: [8] Use of undefined constant status - assumed 'status' /var/www/html/bobo2/Admin/Runtime/Cache/4b44a86f8f5994646dee99a9e295d7ff.php 第 122 行.
NOTIC: [8] Use of undefined constant status - assumed 'status' /var/www/html/bobo2/Admin/Runtime/Cache/4b44a86f8f5994646dee99a9e295d7ff.php 第 122 行.
NOTIC: [8] Use of undefined constant status - assumed 'status' /var/www/html/bobo2/Admin/Runtime/Cache/4b44a86f8f5994646dee99a9e295d7ff.php 第 122 行.
NOTIC: [8] Use of undefined constant status - assumed 'status' /var/www/html/bobo2/Admin/Runtime/Cache/4b44a86f8f5994646dee99a9e295d7ff.php 第 122 行.
NOTIC: [8] Use of undefined constant status - assumed 'status' /var/www/html/bobo2/Admin/Runtime/Cache/4b44a86f8f5994646dee99a9e295d7ff.php 第 125 行.
INFO: Run ParseTemplate Behavior [ RunTime:0.015905s ]
INFO: [ view_parse ] --END-- [ RunTime:0.015984s ]
INFO: [ view_filter ] --START--
INFO: Run ContentReplace Behavior [ RunTime:0.000383s ]
INFO: Run TokenBuild Behavior [ RunTime:0.000244s ]
INFO: Run WriteHtmlCache Behavior [ RunTime:0.000149s ]
INFO: Run ShowRuntime Behavior [ RunTime:0.000373s ]
INFO: [ view_filter ] --END-- [ RunTime:0.001315s ]
INFO: [ view_end ] --START--
INFO: Run ShowPageTrace Behavior [ RunTime:0.000436s ]
INFO: [ view_end ] --END-- [ RunTime:0.000507s ]

[ 2016-06-06T09:12:35+08:00 ] 101.81.36.162 /bobo2/admin.php/Try/index/status/5/cls/7/p/3
INFO: [ route_check ] --START--
INFO: Run CheckRoute Behavior [ RunTime:0.000628s ]
INFO: [ route_check ] --END-- [ RunTime:0.000710s ]
INFO: [ app_begin ] --START--
INFO: Run ReadHtmlCache Behavior [ RunTime:0.000460s ]
INFO: [ app_begin ] --END-- [ RunTime:0.000521s ]
NOTIC: [2048] Declaration of TryAction::show() should be compatible with that of Action::show() /var/www/html/bobo2/Admin/Lib/Action/TryAction.class.php 第 2 行.
SQL: SHOW COLUMNS FROM `tp_try_out` [ RunTime:0.000850s ]
SQL: SHOW COLUMNS FROM `tp_problem` [ RunTime:0.000639s ]
SQL: SHOW COLUMNS FROM `tp_problem_data` [ RunTime:0.000425s ]
SQL: SELECT COUNT(*) AS tp_count FROM `tp_try_out` left join `tp_vipuser` a on tp_try_out.vid=a.vid left join `tp_product_price` b on tp_try_out.ppid=b.id left join `tp_product` c on b.pid=c.id WHERE ( tp_try_out.status = 5 ) LIMIT 1   [ RunTime:0.000575s ]
SQL: SELECT tp_try_out.id,a.username,c.title,b.capacity,tp_try_out.inputtime,tp_try_out.status FROM `tp_try_out` left join `tp_vipuser` a on tp_try_out.vid=a.vid left join `tp_product_price` b on tp_try_out.ppid=b.id left join `tp_product` c on b.pid=c.id WHERE ( tp_try_out.status = 5 ) ORDER BY tp_try_out.id desc LIMIT 20,10   [ RunTime:0.000565s ]
INFO: [ view_template ] --START--
INFO: Run LocationTemplate Behavior [ RunTime:0.000227s ]
INFO: [ view_template ] --END-- [ RunTime:0.000297s ]
INFO: [ view_parse ] --START--
NOTIC: [8] Use of undefined constant status - assumed 'status' /var/www/html/bobo2/Admin/Runtime/Cache/4b44a86f8f5994646dee99a9e295d7ff.php 第 85 行.
NOTIC: [8] Use of undefined constant status - assumed 'status' /var/www/html/bobo2/Admin/Runtime/Cache/4b44a86f8f5994646dee99a9e295d7ff.php 第 85 行.
NOTIC: [8] Use of undefined constant status - assumed 'status' /var/www/html/bobo2/Admin/Runtime/Cache/4b44a86f8f5994646dee99a9e295d7ff.php 第 85 行.
NOTIC: [8] Use of undefined constant status - assumed 'status' /var/www/html/bobo2/Admin/Runtime/Cache/4b44a86f8f5994646dee99a9e295d7ff.php 第 85 行.
NOTIC: [8] Use of undefined constant status - assumed 'status' /var/www/html/bobo2/Admin/Runtime/Cache/4b44a86f8f5994646dee99a9e295d7ff.php 第 85 行.
NOTIC: [8] Use of undefined constant status - assumed 'status' /var/www/html/bobo2/Admin/Runtime/Cache/4b44a86f8f5994646dee99a9e295d7ff.php 第 122 行.
NOTIC: [8] Use of undefined constant status - assumed 'status' /var/www/html/bobo2/Admin/Runtime/Cache/4b44a86f8f5994646dee99a9e295d7ff.php 第 122 行.
NOTIC: [8] Use of undefined constant status - assumed 'status' /var/www/html/bobo2/Admin/Runtime/Cache/4b44a86f8f5994646dee99a9e295d7ff.php 第 122 行.
NOTIC: [8] Use of undefined constant status - assumed 'status' /var/www/html/bobo2/Admin/Runtime/Cache/4b44a86f8f5994646dee99a9e295d7ff.php 第 122 行.
NOTIC: [8] Use of undefined constant status - assumed 'status' /var/www/html/bobo2/Admin/Runtime/Cache/4b44a86f8f5994646dee99a9e295d7ff.php 第 122 行.
NOTIC: [8] Use of undefined constant status - assumed 'status' /var/www/html/bobo2/Admin/Runtime/Cache/4b44a86f8f5994646dee99a9e295d7ff.php 第 125 行.
INFO: Run ParseTemplate Behavior [ RunTime:0.017112s ]
INFO: [ view_parse ] --END-- [ RunTime:0.017179s ]
INFO: [ view_filter ] --START--
INFO: Run ContentReplace Behavior [ RunTime:0.000477s ]
INFO: Run TokenBuild Behavior [ RunTime:0.000359s ]
INFO: Run WriteHtmlCache Behavior [ RunTime:0.000206s ]
INFO: Run ShowRuntime Behavior [ RunTime:0.000460s ]
INFO: [ view_filter ] --END-- [ RunTime:0.001783s ]
INFO: [ view_end ] --START--
INFO: Run ShowPageTrace Behavior [ RunTime:0.000607s ]
INFO: [ view_end ] --END-- [ RunTime:0.000692s ]

[ 2016-06-06T09:12:37+08:00 ] 101.81.36.162 /bobo2/admin.php/Try/index/status/5/cls/7/p/4
INFO: [ route_check ] --START--
INFO: Run CheckRoute Behavior [ RunTime:0.000601s ]
INFO: [ route_check ] --END-- [ RunTime:0.000685s ]
INFO: [ app_begin ] --START--
INFO: Run ReadHtmlCache Behavior [ RunTime:0.000375s ]
INFO: [ app_begin ] --END-- [ RunTime:0.000436s ]
NOTIC: [2048] Declaration of TryAction::show() should be compatible with that of Action::show() /var/www/html/bobo2/Admin/Lib/Action/TryAction.class.php 第 2 行.
SQL: SHOW COLUMNS FROM `tp_try_out` [ RunTime:0.000645s ]
SQL: SHOW COLUMNS FROM `tp_problem` [ RunTime:0.000422s ]
SQL: SHOW COLUMNS FROM `tp_problem_data` [ RunTime:0.000438s ]
SQL: SELECT COUNT(*) AS tp_count FROM `tp_try_out` left join `tp_vipuser` a on tp_try_out.vid=a.vid left join `tp_product_price` b on tp_try_out.ppid=b.id left join `tp_product` c on b.pid=c.id WHERE ( tp_try_out.status = 5 ) LIMIT 1   [ RunTime:0.000548s ]
SQL: SELECT tp_try_out.id,a.username,c.title,b.capacity,tp_try_out.inputtime,tp_try_out.status FROM `tp_try_out` left join `tp_vipuser` a on tp_try_out.vid=a.vid left join `tp_product_price` b on tp_try_out.ppid=b.id left join `tp_product` c on b.pid=c.id WHERE ( tp_try_out.status = 5 ) ORDER BY tp_try_out.id desc LIMIT 30,10   [ RunTime:0.000666s ]
INFO: [ view_template ] --START--
INFO: Run LocationTemplate Behavior [ RunTime:0.000236s ]
INFO: [ view_template ] --END-- [ RunTime:0.000304s ]
INFO: [ view_parse ] --START--
NOTIC: [8] Use of undefined constant status - assumed 'status' /var/www/html/bobo2/Admin/Runtime/Cache/4b44a86f8f5994646dee99a9e295d7ff.php 第 85 行.
NOTIC: [8] Use of undefined constant status - assumed 'status' /var/www/html/bobo2/Admin/Runtime/Cache/4b44a86f8f5994646dee99a9e295d7ff.php 第 85 行.
NOTIC: [8] Use of undefined constant status - assumed 'status' /var/www/html/bobo2/Admin/Runtime/Cache/4b44a86f8f5994646dee99a9e295d7ff.php 第 85 行.
NOTIC: [8] Use of undefined constant status - assumed 'status' /var/www/html/bobo2/Admin/Runtime/Cache/4b44a86f8f5994646dee99a9e295d7ff.php 第 85 行.
NOTIC: [8] Use of undefined constant status - assumed 'status' /var/www/html/bobo2/Admin/Runtime/Cache/4b44a86f8f5994646dee99a9e295d7ff.php 第 85 行.
NOTIC: [8] Use of undefined constant status - assumed 'status' /var/www/html/bobo2/Admin/Runtime/Cache/4b44a86f8f5994646dee99a9e295d7ff.php 第 122 行.
NOTIC: [8] Use of undefined constant status - assumed 'status' /var/www/html/bobo2/Admin/Runtime/Cache/4b44a86f8f5994646dee99a9e295d7ff.php 第 122 行.
NOTIC: [8] Use of undefined constant status - assumed 'status' /var/www/html/bobo2/Admin/Runtime/Cache/4b44a86f8f5994646dee99a9e295d7ff.php 第 122 行.
NOTIC: [8] Use of undefined constant status - assumed 'status' /var/www/html/bobo2/Admin/Runtime/Cache/4b44a86f8f5994646dee99a9e295d7ff.php 第 122 行.
NOTIC: [8] Use of undefined constant status - assumed 'status' /var/www/html/bobo2/Admin/Runtime/Cache/4b44a86f8f5994646dee99a9e295d7ff.php 第 122 行.
NOTIC: [8] Use of undefined constant status - assumed 'status' /var/www/html/bobo2/Admin/Runtime/Cache/4b44a86f8f5994646dee99a9e295d7ff.php 第 125 行.
INFO: Run ParseTemplate Behavior [ RunTime:0.015655s ]
INFO: [ view_parse ] --END-- [ RunTime:0.015717s ]
INFO: [ view_filter ] --START--
INFO: Run ContentReplace Behavior [ RunTime:0.000308s ]
INFO: Run TokenBuild Behavior [ RunTime:0.000238s ]
INFO: Run WriteHtmlCache Behavior [ RunTime:0.000136s ]
INFO: Run ShowRuntime Behavior [ RunTime:0.000306s ]
INFO: [ view_filter ] --END-- [ RunTime:0.001170s ]
INFO: [ view_end ] --START--
INFO: Run ShowPageTrace Behavior [ RunTime:0.000446s ]
INFO: [ view_end ] --END-- [ RunTime:0.000502s ]

