[ 2016-03-31T10:04:57+08:00 ] 116.226.193.146 /bobo2/admin.php/Login/login
INFO: [ route_check ] --START--
INFO: Run CheckRoute Behavior [ RunTime:0.000600s ]
INFO: [ route_check ] --END-- [ RunTime:0.000682s ]
INFO: [ app_begin ] --START--
INFO: Run ReadHtmlCache Behavior [ RunTime:0.000381s ]
INFO: [ app_begin ] --END-- [ RunTime:0.000440s ]
INFO: [ view_template ] --START--
INFO: Run LocationTemplate Behavior [ RunTime:0.000195s ]
INFO: [ view_template ] --END-- [ RunTime:0.000254s ]
INFO: [ view_parse ] --START--
INFO: Run ParseTemplate Behavior [ RunTime:0.005210s ]
INFO: [ view_parse ] --END-- [ RunTime:0.005273s ]
INFO: [ view_filter ] --START--
INFO: Run ContentReplace Behavior [ RunTime:0.000225s ]
INFO: Run TokenBuild Behavior [ RunTime:0.000239s ]
INFO: Run WriteHtmlCache Behavior [ RunTime:0.000135s ]
INFO: Run ShowRuntime Behavior [ RunTime:0.000319s ]
INFO: [ view_filter ] --END-- [ RunTime:0.001076s ]
INFO: [ view_end ] --START--
INFO: Run ShowPageTrace Behavior [ RunTime:0.000405s ]
INFO: [ view_end ] --END-- [ RunTime:0.000459s ]

[ 2016-03-31T10:05:03+08:00 ] 116.226.193.146 /bobo2/admin.php/Login/doLogin
INFO: [ route_check ] --START--
INFO: Run CheckRoute Behavior [ RunTime:0.000601s ]
INFO: [ route_check ] --END-- [ RunTime:0.000682s ]
INFO: [ app_begin ] --START--
INFO: Run ReadHtmlCache Behavior [ RunTime:0.000383s ]
INFO: [ app_begin ] --END-- [ RunTime:0.000437s ]
SQL: SHOW COLUMNS FROM `tp_user` [ RunTime:0.000661s ]
SQL: SELECT * FROM `tp_user` WHERE ( `username` = 'mofang' ) AND ( `password` = '63fbf481658e05b00eea3921f783a80a' ) LIMIT 1   [ RunTime:0.000361s ]

[ 2016-03-31T10:05:05+08:00 ] 116.226.193.146 /bobo2/admin.php/Index/index/cls/1
INFO: [ route_check ] --START--
INFO: Run CheckRoute Behavior [ RunTime:0.000603s ]
INFO: [ route_check ] --END-- [ RunTime:0.000684s ]
INFO: [ app_begin ] --START--
INFO: Run ReadHtmlCache Behavior [ RunTime:0.000384s ]
INFO: [ app_begin ] --END-- [ RunTime:0.000444s ]
NOTIC: [2048] Declaration of IndexAction::show() should be compatible with that of Action::show() /var/www/html/bobo2/Admin/Lib/Action/IndexAction.class.php 第 3 行.
SQL: SHOW COLUMNS FROM `tp_user` [ RunTime:0.000477s ]
SQL: SHOW COLUMNS FROM `tp_index_picture` [ RunTime:0.000496s ]
NOTIC: [8] Undefined variable: gd /var/www/html/bobo2/Admin/Lib/Action/IndexAction.class.php 第 19 行.
INFO: [ view_template ] --START--
INFO: Run LocationTemplate Behavior [ RunTime:0.000240s ]
INFO: [ view_template ] --END-- [ RunTime:0.000306s ]
INFO: [ view_parse ] --START--
INFO: Run ParseTemplate Behavior [ RunTime:0.008019s ]
INFO: [ view_parse ] --END-- [ RunTime:0.008087s ]
INFO: [ view_filter ] --START--
INFO: Run ContentReplace Behavior [ RunTime:0.000262s ]
INFO: Run TokenBuild Behavior [ RunTime:0.000235s ]
INFO: Run WriteHtmlCache Behavior [ RunTime:0.000138s ]
INFO: Run ShowRuntime Behavior [ RunTime:0.000299s ]
INFO: [ view_filter ] --END-- [ RunTime:0.001113s ]
INFO: [ view_end ] --START--
INFO: Run ShowPageTrace Behavior [ RunTime:0.000403s ]
INFO: [ view_end ] --END-- [ RunTime:0.000457s ]

[ 2016-03-31T10:05:08+08:00 ] 116.226.193.146 /bobo2/admin.php/Category/category/cls/2
INFO: [ route_check ] --START--
INFO: Run CheckRoute Behavior [ RunTime:0.000623s ]
INFO: [ route_check ] --END-- [ RunTime:0.000704s ]
INFO: [ app_begin ] --START--
INFO: Run ReadHtmlCache Behavior [ RunTime:0.000413s ]
INFO: [ app_begin ] --END-- [ RunTime:0.000473s ]
SQL: SHOW COLUMNS FROM `tp_category` [ RunTime:0.000645s ]
SQL: SELECT `catid`,`catname`,`type`,`parentid`,concat(arrparentid,'-',catid) as bpath,`model`,`listorder` FROM `tp_category` WHERE ( siteid=1 ) ORDER BY parentid,listorder  [ RunTime:0.000415s ]
INFO: [ view_template ] --START--
INFO: Run LocationTemplate Behavior [ RunTime:0.000310s ]
INFO: [ view_template ] --END-- [ RunTime:0.000403s ]
INFO: [ view_parse ] --START--
NOTIC: [8] Use of undefined constant Index - assumed 'Index' /var/www/html/bobo2/Admin/Runtime/Cache/91a138de4020df51ccc2e977dfd86a90.php 第 136 行.
NOTIC: [8] Use of undefined constant Index - assumed 'Index' /var/www/html/bobo2/Admin/Runtime/Cache/91a138de4020df51ccc2e977dfd86a90.php 第 136 行.
NOTIC: [8] Use of undefined constant Index - assumed 'Index' /var/www/html/bobo2/Admin/Runtime/Cache/91a138de4020df51ccc2e977dfd86a90.php 第 136 行.
NOTIC: [8] Use of undefined constant Index - assumed 'Index' /var/www/html/bobo2/Admin/Runtime/Cache/91a138de4020df51ccc2e977dfd86a90.php 第 136 行.
NOTIC: [8] Use of undefined constant Index - assumed 'Index' /var/www/html/bobo2/Admin/Runtime/Cache/91a138de4020df51ccc2e977dfd86a90.php 第 136 行.
NOTIC: [8] Use of undefined constant Index - assumed 'Index' /var/www/html/bobo2/Admin/Runtime/Cache/91a138de4020df51ccc2e977dfd86a90.php 第 136 行.
NOTIC: [8] Use of undefined constant Content - assumed 'Content' /var/www/html/bobo2/Admin/Runtime/Cache/91a138de4020df51ccc2e977dfd86a90.php 第 165 行.
NOTIC: [8] Use of undefined constant Index - assumed 'Index' /var/www/html/bobo2/Admin/Runtime/Cache/91a138de4020df51ccc2e977dfd86a90.php 第 136 行.
NOTIC: [8] Use of undefined constant Content - assumed 'Content' /var/www/html/bobo2/Admin/Runtime/Cache/91a138de4020df51ccc2e977dfd86a90.php 第 165 行.
NOTIC: [8] Use of undefined constant Index - assumed 'Index' /var/www/html/bobo2/Admin/Runtime/Cache/91a138de4020df51ccc2e977dfd86a90.php 第 136 行.
NOTIC: [8] Use of undefined constant Content - assumed 'Content' /var/www/html/bobo2/Admin/Runtime/Cache/91a138de4020df51ccc2e977dfd86a90.php 第 165 行.
NOTIC: [8] Use of undefined constant Index - assumed 'Index' /var/www/html/bobo2/Admin/Runtime/Cache/91a138de4020df51ccc2e977dfd86a90.php 第 136 行.
NOTIC: [8] Use of undefined constant Content - assumed 'Content' /var/www/html/bobo2/Admin/Runtime/Cache/91a138de4020df51ccc2e977dfd86a90.php 第 165 行.
NOTIC: [8] Use of undefined constant Picture - assumed 'Picture' /var/www/html/bobo2/Admin/Runtime/Cache/91a138de4020df51ccc2e977dfd86a90.php 第 195 行.
NOTIC: [8] Use of undefined constant Product - assumed 'Product' /var/www/html/bobo2/Admin/Runtime/Cache/91a138de4020df51ccc2e977dfd86a90.php 第 225 行.
NOTIC: [8] Use of undefined constant Video - assumed 'Video' /var/www/html/bobo2/Admin/Runtime/Cache/91a138de4020df51ccc2e977dfd86a90.php 第 256 行.
NOTIC: [8] Use of undefined constant Index - assumed 'Index' /var/www/html/bobo2/Admin/Runtime/Cache/91a138de4020df51ccc2e977dfd86a90.php 第 136 行.
NOTIC: [8] Use of undefined constant Content - assumed 'Content' /var/www/html/bobo2/Admin/Runtime/Cache/91a138de4020df51ccc2e977dfd86a90.php 第 165 行.
NOTIC: [8] Use of undefined constant Picture - assumed 'Picture' /var/www/html/bobo2/Admin/Runtime/Cache/91a138de4020df51ccc2e977dfd86a90.php 第 195 行.
NOTIC: [8] Use of undefined constant Product - assumed 'Product' /var/www/html/bobo2/Admin/Runtime/Cache/91a138de4020df51ccc2e977dfd86a90.php 第 225 行.
NOTIC: [8] Use of undefined constant Video - assumed 'Video' /var/www/html/bobo2/Admin/Runtime/Cache/91a138de4020df51ccc2e977dfd86a90.php 第 256 行.
NOTIC: [8] Use of undefined constant Index - assumed 'Index' /var/www/html/bobo2/Admin/Runtime/Cache/91a138de4020df51ccc2e977dfd86a90.php 第 136 行.
NOTIC: [8] Use of undefined constant Content - assumed 'Content' /var/www/html/bobo2/Admin/Runtime/Cache/91a138de4020df51ccc2e977dfd86a90.php 第 165 行.
NOTIC: [8] Use of undefined constant Picture - assumed 'Picture' /var/www/html/bobo2/Admin/Runtime/Cache/91a138de4020df51ccc2e977dfd86a90.php 第 195 行.
NOTIC: [8] Use of undefined constant Product - assumed 'Product' /var/www/html/bobo2/Admin/Runtime/Cache/91a138de4020df51ccc2e977dfd86a90.php 第 225 行.
NOTIC: [8] Use of undefined constant Index - assumed 'Index' /var/www/html/bobo2/Admin/Runtime/Cache/91a138de4020df51ccc2e977dfd86a90.php 第 136 行.
NOTIC: [8] Use of undefined constant Content - assumed 'Content' /var/www/html/bobo2/Admin/Runtime/Cache/91a138de4020df51ccc2e977dfd86a90.php 第 165 行.
NOTIC: [8] Use of undefined constant Picture - assumed 'Picture' /var/www/html/bobo2/Admin/Runtime/Cache/91a138de4020df51ccc2e977dfd86a90.php 第 195 行.
NOTIC: [8] Use of undefined constant Product - assumed 'Product' /var/www/html/bobo2/Admin/Runtime/Cache/91a138de4020df51ccc2e977dfd86a90.php 第 225 行.
NOTIC: [8] Use of undefined constant Index - assumed 'Index' /var/www/html/bobo2/Admin/Runtime/Cache/91a138de4020df51ccc2e977dfd86a90.php 第 136 行.
NOTIC: [8] Use of undefined constant Content - assumed 'Content' /var/www/html/bobo2/Admin/Runtime/Cache/91a138de4020df51ccc2e977dfd86a90.php 第 165 行.
NOTIC: [8] Use of undefined constant Picture - assumed 'Picture' /var/www/html/bobo2/Admin/Runtime/Cache/91a138de4020df51ccc2e977dfd86a90.php 第 195 行.
NOTIC: [8] Use of undefined constant Product - assumed 'Product' /var/www/html/bobo2/Admin/Runtime/Cache/91a138de4020df51ccc2e977dfd86a90.php 第 225 行.
NOTIC: [8] Use of undefined constant Index - assumed 'Index' /var/www/html/bobo2/Admin/Runtime/Cache/91a138de4020df51ccc2e977dfd86a90.php 第 136 行.
NOTIC: [8] Use of undefined constant Content - assumed 'Content' /var/www/html/bobo2/Admin/Runtime/Cache/91a138de4020df51ccc2e977dfd86a90.php 第 165 行.
NOTIC: [8] Use of undefined constant Picture - assumed 'Picture' /var/www/html/bobo2/Admin/Runtime/Cache/91a138de4020df51ccc2e977dfd86a90.php 第 195 行.
NOTIC: [8] Use of undefined constant Product - assumed 'Product' /var/www/html/bobo2/Admin/Runtime/Cache/91a138de4020df51ccc2e977dfd86a90.php 第 225 行.
NOTIC: [8] Use of undefined constant Index - assumed 'Index' /var/www/html/bobo2/Admin/Runtime/Cache/91a138de4020df51ccc2e977dfd86a90.php 第 136 行.
NOTIC: [8] Use of undefined constant Content - assumed 'Content' /var/www/html/bobo2/Admin/Runtime/Cache/91a138de4020df51ccc2e977dfd86a90.php 第 165 行.
NOTIC: [8] Use of undefined constant Picture - assumed 'Picture' /var/www/html/bobo2/Admin/Runtime/Cache/91a138de4020df51ccc2e977dfd86a90.php 第 195 行.
NOTIC: [8] Use of undefined constant Product - assumed 'Product' /var/www/html/bobo2/Admin/Runtime/Cache/91a138de4020df51ccc2e977dfd86a90.php 第 225 行.
NOTIC: [8] Use of undefined constant Index - assumed 'Index' /var/www/html/bobo2/Admin/Runtime/Cache/91a138de4020df51ccc2e977dfd86a90.php 第 136 行.
NOTIC: [8] Use of undefined constant Content - assumed 'Content' /var/www/html/bobo2/Admin/Runtime/Cache/91a138de4020df51ccc2e977dfd86a90.php 第 165 行.
NOTIC: [8] Use of undefined constant Picture - assumed 'Picture' /var/www/html/bobo2/Admin/Runtime/Cache/91a138de4020df51ccc2e977dfd86a90.php 第 195 行.
NOTIC: [8] Use of undefined constant Product - assumed 'Product' /var/www/html/bobo2/Admin/Runtime/Cache/91a138de4020df51ccc2e977dfd86a90.php 第 225 行.
NOTIC: [8] Use of undefined constant Index - assumed 'Index' /var/www/html/bobo2/Admin/Runtime/Cache/91a138de4020df51ccc2e977dfd86a90.php 第 136 行.
NOTIC: [8] Use of undefined constant Content - assumed 'Content' /var/www/html/bobo2/Admin/Runtime/Cache/91a138de4020df51ccc2e977dfd86a90.php 第 165 行.
NOTIC: [8] Use of undefined constant Picture - assumed 'Picture' /var/www/html/bobo2/Admin/Runtime/Cache/91a138de4020df51ccc2e977dfd86a90.php 第 195 行.
NOTIC: [8] Use of undefined constant Product - assumed 'Product' /var/www/html/bobo2/Admin/Runtime/Cache/91a138de4020df51ccc2e977dfd86a90.php 第 225 行.
NOTIC: [8] Use of undefined constant Index - assumed 'Index' /var/www/html/bobo2/Admin/Runtime/Cache/91a138de4020df51ccc2e977dfd86a90.php 第 136 行.
NOTIC: [8] Use of undefined constant Content - assumed 'Content' /var/www/html/bobo2/Admin/Runtime/Cache/91a138de4020df51ccc2e977dfd86a90.php 第 165 行.
NOTIC: [8] Use of undefined constant Picture - assumed 'Picture' /var/www/html/bobo2/Admin/Runtime/Cache/91a138de4020df51ccc2e977dfd86a90.php 第 195 行.
NOTIC: [8] Use of undefined constant Product - assumed 'Product' /var/www/html/bobo2/Admin/Runtime/Cache/91a138de4020df51ccc2e977dfd86a90.php 第 225 行.
NOTIC: [8] Use of undefined constant Index - assumed 'Index' /var/www/html/bobo2/Admin/Runtime/Cache/91a138de4020df51ccc2e977dfd86a90.php 第 136 行.
NOTIC: [8] Use of undefined constant Index - assumed 'Index' /var/www/html/bobo2/Admin/Runtime/Cache/91a138de4020df51ccc2e977dfd86a90.php 第 136 行.
INFO: Run ParseTemplate Behavior [ RunTime:0.020327s ]
INFO: [ view_parse ] --END-- [ RunTime:0.020401s ]
INFO: [ view_filter ] --START--
INFO: Run ContentReplace Behavior [ RunTime:0.000370s ]
INFO: Run TokenBuild Behavior [ RunTime:0.000271s ]
INFO: Run WriteHtmlCache Behavior [ RunTime:0.000134s ]
INFO: Run ShowRuntime Behavior [ RunTime:0.000312s ]
INFO: [ view_filter ] --END-- [ RunTime:0.001249s ]
INFO: [ view_end ] --START--
INFO: Run ShowPageTrace Behavior [ RunTime:0.000422s ]
INFO: [ view_end ] --END-- [ RunTime:0.000477s ]

[ 2016-03-31T10:05:16+08:00 ] 116.226.193.146 /bobo2/admin.php/Product/product/catid/15/cls/2
INFO: [ route_check ] --START--
INFO: Run CheckRoute Behavior [ RunTime:0.000576s ]
INFO: [ route_check ] --END-- [ RunTime:0.000680s ]
INFO: [ app_begin ] --START--
INFO: Run ReadHtmlCache Behavior [ RunTime:0.000372s ]
INFO: [ app_begin ] --END-- [ RunTime:0.000432s ]
NOTIC: [2048] Declaration of ProductAction::show() should be compatible with that of Action::show() /var/www/html/bobo2/Admin/Lib/Action/ProductAction.class.php 第 4 行.
SQL: SHOW COLUMNS FROM `tp_product` [ RunTime:0.000681s ]
SQL: SHOW COLUMNS FROM `tp_category` [ RunTime:0.000522s ]
SQL: SHOW COLUMNS FROM `tp_linkage` [ RunTime:0.000419s ]
SQL: SHOW COLUMNS FROM `tp_product_price` [ RunTime:0.000387s ]
SQL: SHOW COLUMNS FROM `tp_parameter` [ RunTime:0.000417s ]
SQL: SELECT COUNT(*) AS tp_count FROM `tp_product` WHERE ( catid=15 ) LIMIT 1   [ RunTime:0.000303s ]
SQL: SELECT `id`,`status`,`listorder`,`title`,`posid`,`inputtime` FROM `tp_product` WHERE ( catid=15 ) ORDER BY listorder desc,id desc LIMIT 0,10   [ RunTime:0.000290s ]
INFO: [ view_template ] --START--
INFO: Run LocationTemplate Behavior [ RunTime:0.000214s ]
INFO: [ view_template ] --END-- [ RunTime:0.000274s ]
INFO: [ view_parse ] --START--
INFO: Run ParseTemplate Behavior [ RunTime:0.012303s ]
INFO: [ view_parse ] --END-- [ RunTime:0.012367s ]
INFO: [ view_filter ] --START--
INFO: Run ContentReplace Behavior [ RunTime:0.000355s ]
INFO: Run TokenBuild Behavior [ RunTime:0.000242s ]
INFO: Run WriteHtmlCache Behavior [ RunTime:0.000136s ]
INFO: Run ShowRuntime Behavior [ RunTime:0.000335s ]
INFO: [ view_filter ] --END-- [ RunTime:0.001228s ]
INFO: [ view_end ] --START--
INFO: Run ShowPageTrace Behavior [ RunTime:0.000399s ]
INFO: [ view_end ] --END-- [ RunTime:0.000454s ]

[ 2016-03-31T10:05:26+08:00 ] 116.226.193.146 /bobo2/admin.php/Product/product/catid/15/cls/2/p/2
INFO: [ route_check ] --START--
INFO: Run CheckRoute Behavior [ RunTime:0.000602s ]
INFO: [ route_check ] --END-- [ RunTime:0.000682s ]
INFO: [ app_begin ] --START--
INFO: Run ReadHtmlCache Behavior [ RunTime:0.000379s ]
INFO: [ app_begin ] --END-- [ RunTime:0.000446s ]
NOTIC: [2048] Declaration of ProductAction::show() should be compatible with that of Action::show() /var/www/html/bobo2/Admin/Lib/Action/ProductAction.class.php 第 4 行.
SQL: SHOW COLUMNS FROM `tp_product` [ RunTime:0.000650s ]
SQL: SHOW COLUMNS FROM `tp_category` [ RunTime:0.000501s ]
SQL: SHOW COLUMNS FROM `tp_linkage` [ RunTime:0.000430s ]
SQL: SHOW COLUMNS FROM `tp_product_price` [ RunTime:0.000389s ]
SQL: SHOW COLUMNS FROM `tp_parameter` [ RunTime:0.000388s ]
SQL: SELECT COUNT(*) AS tp_count FROM `tp_product` WHERE ( catid=15 ) LIMIT 1   [ RunTime:0.000307s ]
SQL: SELECT `id`,`status`,`listorder`,`title`,`posid`,`inputtime` FROM `tp_product` WHERE ( catid=15 ) ORDER BY listorder desc,id desc LIMIT 10,10   [ RunTime:0.000286s ]
INFO: [ view_template ] --START--
INFO: Run LocationTemplate Behavior [ RunTime:0.000212s ]
INFO: [ view_template ] --END-- [ RunTime:0.000271s ]
INFO: [ view_parse ] --START--
INFO: Run ParseTemplate Behavior [ RunTime:0.012797s ]
INFO: [ view_parse ] --END-- [ RunTime:0.012882s ]
INFO: [ view_filter ] --START--
INFO: Run ContentReplace Behavior [ RunTime:0.000326s ]
INFO: Run TokenBuild Behavior [ RunTime:0.000268s ]
INFO: Run WriteHtmlCache Behavior [ RunTime:0.000139s ]
INFO: Run ShowRuntime Behavior [ RunTime:0.000306s ]
INFO: [ view_filter ] --END-- [ RunTime:0.001200s ]
INFO: [ view_end ] --START--
INFO: Run ShowPageTrace Behavior [ RunTime:0.000487s ]
INFO: [ view_end ] --END-- [ RunTime:0.000564s ]

[ 2016-03-31T10:05:30+08:00 ] 116.226.193.146 /bobo2/admin.php/Product/product/catid/15/cls/2/p/1
INFO: [ route_check ] --START--
INFO: Run CheckRoute Behavior [ RunTime:0.000593s ]
INFO: [ route_check ] --END-- [ RunTime:0.000675s ]
INFO: [ app_begin ] --START--
INFO: Run ReadHtmlCache Behavior [ RunTime:0.000353s ]
INFO: [ app_begin ] --END-- [ RunTime:0.000415s ]
NOTIC: [2048] Declaration of ProductAction::show() should be compatible with that of Action::show() /var/www/html/bobo2/Admin/Lib/Action/ProductAction.class.php 第 4 行.
SQL: SHOW COLUMNS FROM `tp_product` [ RunTime:0.000679s ]
SQL: SHOW COLUMNS FROM `tp_category` [ RunTime:0.000526s ]
SQL: SHOW COLUMNS FROM `tp_linkage` [ RunTime:0.000398s ]
SQL: SHOW COLUMNS FROM `tp_product_price` [ RunTime:0.000390s ]
SQL: SHOW COLUMNS FROM `tp_parameter` [ RunTime:0.000433s ]
SQL: SELECT COUNT(*) AS tp_count FROM `tp_product` WHERE ( catid=15 ) LIMIT 1   [ RunTime:0.000329s ]
SQL: SELECT `id`,`status`,`listorder`,`title`,`posid`,`inputtime` FROM `tp_product` WHERE ( catid=15 ) ORDER BY listorder desc,id desc LIMIT 0,10   [ RunTime:0.000268s ]
INFO: [ view_template ] --START--
INFO: Run LocationTemplate Behavior [ RunTime:0.000215s ]
INFO: [ view_template ] --END-- [ RunTime:0.000278s ]
INFO: [ view_parse ] --START--
INFO: Run ParseTemplate Behavior [ RunTime:0.012417s ]
INFO: [ view_parse ] --END-- [ RunTime:0.012491s ]
INFO: [ view_filter ] --START--
INFO: Run ContentReplace Behavior [ RunTime:0.000356s ]
INFO: Run TokenBuild Behavior [ RunTime:0.000244s ]
INFO: Run WriteHtmlCache Behavior [ RunTime:0.000138s ]
INFO: Run ShowRuntime Behavior [ RunTime:0.000331s ]
INFO: [ view_filter ] --END-- [ RunTime:0.001232s ]
INFO: [ view_end ] --START--
INFO: Run ShowPageTrace Behavior [ RunTime:0.000400s ]
INFO: [ view_end ] --END-- [ RunTime:0.000455s ]

[ 2016-03-31T10:05:32+08:00 ] 116.226.193.146 /bobo2/admin.php/Product/upProduct/catid/15/id/8/cls/2
INFO: [ route_check ] --START--
INFO: Run CheckRoute Behavior [ RunTime:0.000594s ]
INFO: [ route_check ] --END-- [ RunTime:0.000694s ]
INFO: [ app_begin ] --START--
INFO: Run ReadHtmlCache Behavior [ RunTime:0.000365s ]
INFO: [ app_begin ] --END-- [ RunTime:0.000425s ]
NOTIC: [2048] Declaration of ProductAction::show() should be compatible with that of Action::show() /var/www/html/bobo2/Admin/Lib/Action/ProductAction.class.php 第 4 行.
SQL: SHOW COLUMNS FROM `tp_product` [ RunTime:0.000654s ]
SQL: SHOW COLUMNS FROM `tp_category` [ RunTime:0.000503s ]
SQL: SHOW COLUMNS FROM `tp_linkage` [ RunTime:0.000422s ]
SQL: SHOW COLUMNS FROM `tp_product_price` [ RunTime:0.000387s ]
SQL: SHOW COLUMNS FROM `tp_parameter` [ RunTime:0.000451s ]
SQL: SELECT `catname`,`catid` FROM `tp_category` WHERE ( catid=15 ) LIMIT 1   [ RunTime:0.000255s ]
SQL: SELECT * FROM `tp_product` WHERE ( id=8 ) LIMIT 1   [ RunTime:0.000174s ]
SQL: SELECT `linkageid`,`name` FROM `tp_linkage` WHERE ( catid=15 )  [ RunTime:0.000147s ]
SQL: SELECT `id`,`name`,`colorname`,`typeid` FROM `tp_parameter` WHERE ( status=1 ) ORDER BY listorder desc,id desc  [ RunTime:0.000188s ]
SQL: SELECT * FROM `tp_product_price` WHERE ( pid=8 )  [ RunTime:0.000173s ]
INFO: [ view_template ] --START--
INFO: Run LocationTemplate Behavior [ RunTime:0.000292s ]
INFO: [ view_template ] --END-- [ RunTime:0.000355s ]
INFO: [ view_parse ] --START--
NOTIC: [8] Use of undefined constant linkageid - assumed 'linkageid' /var/www/html/bobo2/Admin/Runtime/Cache/666a63631cddee27080cea4483817fa4.php 第 141 行.
NOTIC: [8] Use of undefined constant linkageid - assumed 'linkageid' /var/www/html/bobo2/Admin/Runtime/Cache/666a63631cddee27080cea4483817fa4.php 第 141 行.
NOTIC: [8] Use of undefined constant linkageid - assumed 'linkageid' /var/www/html/bobo2/Admin/Runtime/Cache/666a63631cddee27080cea4483817fa4.php 第 141 行.
NOTIC: [8] Use of undefined constant linkageid - assumed 'linkageid' /var/www/html/bobo2/Admin/Runtime/Cache/666a63631cddee27080cea4483817fa4.php 第 141 行.
NOTIC: [8] Use of undefined constant linkageid - assumed 'linkageid' /var/www/html/bobo2/Admin/Runtime/Cache/666a63631cddee27080cea4483817fa4.php 第 141 行.
NOTIC: [8] Use of undefined constant linkageid - assumed 'linkageid' /var/www/html/bobo2/Admin/Runtime/Cache/666a63631cddee27080cea4483817fa4.php 第 141 行.
NOTIC: [8] Use of undefined constant linkageid - assumed 'linkageid' /var/www/html/bobo2/Admin/Runtime/Cache/666a63631cddee27080cea4483817fa4.php 第 141 行.
NOTIC: [8] Use of undefined constant colorlist - assumed 'colorlist' /var/www/html/bobo2/Admin/Runtime/Cache/666a63631cddee27080cea4483817fa4.php 第 183 行.
NOTIC: [8] Use of undefined constant colorlist - assumed 'colorlist' /var/www/html/bobo2/Admin/Runtime/Cache/666a63631cddee27080cea4483817fa4.php 第 183 行.
NOTIC: [8] Use of undefined constant id - assumed 'id' /var/www/html/bobo2/Admin/Runtime/Cache/666a63631cddee27080cea4483817fa4.php 第 183 行.
NOTIC: [8] Use of undefined constant colorlist - assumed 'colorlist' /var/www/html/bobo2/Admin/Runtime/Cache/666a63631cddee27080cea4483817fa4.php 第 183 行.
NOTIC: [8] Use of undefined constant colorlist - assumed 'colorlist' /var/www/html/bobo2/Admin/Runtime/Cache/666a63631cddee27080cea4483817fa4.php 第 183 行.
NOTIC: [8] Use of undefined constant id - assumed 'id' /var/www/html/bobo2/Admin/Runtime/Cache/666a63631cddee27080cea4483817fa4.php 第 183 行.
NOTIC: [8] Use of undefined constant colorlist - assumed 'colorlist' /var/www/html/bobo2/Admin/Runtime/Cache/666a63631cddee27080cea4483817fa4.php 第 183 行.
NOTIC: [8] Use of undefined constant colorlist - assumed 'colorlist' /var/www/html/bobo2/Admin/Runtime/Cache/666a63631cddee27080cea4483817fa4.php 第 183 行.
NOTIC: [8] Use of undefined constant id - assumed 'id' /var/www/html/bobo2/Admin/Runtime/Cache/666a63631cddee27080cea4483817fa4.php 第 183 行.
NOTIC: [8] Use of undefined constant colorlist - assumed 'colorlist' /var/www/html/bobo2/Admin/Runtime/Cache/666a63631cddee27080cea4483817fa4.php 第 183 行.
NOTIC: [8] Use of undefined constant colorlist - assumed 'colorlist' /var/www/html/bobo2/Admin/Runtime/Cache/666a63631cddee27080cea4483817fa4.php 第 183 行.
NOTIC: [8] Use of undefined constant id - assumed 'id' /var/www/html/bobo2/Admin/Runtime/Cache/666a63631cddee27080cea4483817fa4.php 第 183 行.
NOTIC: [8] Use of undefined constant colorlist - assumed 'colorlist' /var/www/html/bobo2/Admin/Runtime/Cache/666a63631cddee27080cea4483817fa4.php 第 183 行.
NOTIC: [8] Use of undefined constant colorlist - assumed 'colorlist' /var/www/html/bobo2/Admin/Runtime/Cache/666a63631cddee27080cea4483817fa4.php 第 183 行.
NOTIC: [8] Use of undefined constant id - assumed 'id' /var/www/html/bobo2/Admin/Runtime/Cache/666a63631cddee27080cea4483817fa4.php 第 183 行.
NOTIC: [8] Use of undefined constant colorlist - assumed 'colorlist' /var/www/html/bobo2/Admin/Runtime/Cache/666a63631cddee27080cea4483817fa4.php 第 183 行.
NOTIC: [8] Use of undefined constant colorlist - assumed 'colorlist' /var/www/html/bobo2/Admin/Runtime/Cache/666a63631cddee27080cea4483817fa4.php 第 183 行.
NOTIC: [8] Use of undefined constant id - assumed 'id' /var/www/html/bobo2/Admin/Runtime/Cache/666a63631cddee27080cea4483817fa4.php 第 183 行.
NOTIC: [8] Use of undefined constant colorlist - assumed 'colorlist' /var/www/html/bobo2/Admin/Runtime/Cache/666a63631cddee27080cea4483817fa4.php 第 183 行.
NOTIC: [8] Use of undefined constant colorlist - assumed 'colorlist' /var/www/html/bobo2/Admin/Runtime/Cache/666a63631cddee27080cea4483817fa4.php 第 183 行.
NOTIC: [8] Use of undefined constant id - assumed 'id' /var/www/html/bobo2/Admin/Runtime/Cache/666a63631cddee27080cea4483817fa4.php 第 183 行.
NOTIC: [8] Use of undefined constant texturelist - assumed 'texturelist' /var/www/html/bobo2/Admin/Runtime/Cache/666a63631cddee27080cea4483817fa4.php 第 190 行.
NOTIC: [8] Use of undefined constant texturelist - assumed 'texturelist' /var/www/html/bobo2/Admin/Runtime/Cache/666a63631cddee27080cea4483817fa4.php 第 190 行.
NOTIC: [8] Use of undefined constant id - assumed 'id' /var/www/html/bobo2/Admin/Runtime/Cache/666a63631cddee27080cea4483817fa4.php 第 190 行.
NOTIC: [8] Use of undefined constant texturelist - assumed 'texturelist' /var/www/html/bobo2/Admin/Runtime/Cache/666a63631cddee27080cea4483817fa4.php 第 190 行.
NOTIC: [8] Use of undefined constant texturelist - assumed 'texturelist' /var/www/html/bobo2/Admin/Runtime/Cache/666a63631cddee27080cea4483817fa4.php 第 190 行.
NOTIC: [8] Use of undefined constant id - assumed 'id' /var/www/html/bobo2/Admin/Runtime/Cache/666a63631cddee27080cea4483817fa4.php 第 190 行.
NOTIC: [8] Undefined index: price /var/www/html/bobo2/Admin/Runtime/Cache/666a63631cddee27080cea4483817fa4.php 第 216 行.
INFO: Run ParseTemplate Behavior [ RunTime:0.023201s ]
INFO: [ view_parse ] --END-- [ RunTime:0.023270s ]
INFO: [ view_filter ] --START--
INFO: Run ContentReplace Behavior [ RunTime:0.000336s ]
INFO: Run TokenBuild Behavior [ RunTime:0.000342s ]
INFO: Run WriteHtmlCache Behavior [ RunTime:0.000154s ]
INFO: Run ShowRuntime Behavior [ RunTime:0.000314s ]
INFO: [ view_filter ] --END-- [ RunTime:0.001313s ]
INFO: [ view_end ] --START--
INFO: Run ShowPageTrace Behavior [ RunTime:0.000459s ]
INFO: [ view_end ] --END-- [ RunTime:0.000516s ]

