[ 2016-09-01T09:43:59+08:00 ] 101.81.35.170 /bobo2/admin.php
INFO: [ app_begin ] --START--
INFO: Run ReadHtmlCache Behavior [ RunTime:0.001284s ]
INFO: [ app_begin ] --END-- [ RunTime:0.001362s ]
NOTIC: [2048] Declaration of IndexAction::show() should be compatible with that of Action::show() /var/www/html/bobo2/Admin/Lib/Action/IndexAction.class.php 第 3 行.
SQL: SHOW COLUMNS FROM `tp_user` [ RunTime:0.014061s ]
SQL: SHOW COLUMNS FROM `tp_index_picture` [ RunTime:0.000862s ]
NOTIC: [8] Undefined variable: gd /var/www/html/bobo2/Admin/Lib/Action/IndexAction.class.php 第 19 行.
INFO: [ view_template ] --START--
INFO: Run LocationTemplate Behavior [ RunTime:0.001183s ]
INFO: [ view_template ] --END-- [ RunTime:0.001250s ]
INFO: [ view_parse ] --START--
NOTIC: [8] Undefined index: cls /var/www/html/bobo2/Admin/Runtime/Cache/20eabf8d43f497715f3e1a7ec1a2f00f.php 第 53 行.
NOTIC: [8] Undefined index: cls /var/www/html/bobo2/Admin/Runtime/Cache/20eabf8d43f497715f3e1a7ec1a2f00f.php 第 54 行.
NOTIC: [8] Undefined index: cls /var/www/html/bobo2/Admin/Runtime/Cache/20eabf8d43f497715f3e1a7ec1a2f00f.php 第 55 行.
NOTIC: [8] Undefined index: cls /var/www/html/bobo2/Admin/Runtime/Cache/20eabf8d43f497715f3e1a7ec1a2f00f.php 第 56 行.
NOTIC: [8] Undefined index: cls /var/www/html/bobo2/Admin/Runtime/Cache/20eabf8d43f497715f3e1a7ec1a2f00f.php 第 57 行.
NOTIC: [8] Undefined index: cls /var/www/html/bobo2/Admin/Runtime/Cache/20eabf8d43f497715f3e1a7ec1a2f00f.php 第 58 行.
NOTIC: [8] Undefined index: cls /var/www/html/bobo2/Admin/Runtime/Cache/20eabf8d43f497715f3e1a7ec1a2f00f.php 第 59 行.
NOTIC: [8] Undefined index: cls /var/www/html/bobo2/Admin/Runtime/Cache/20eabf8d43f497715f3e1a7ec1a2f00f.php 第 60 行.
INFO: Run ParseTemplate Behavior [ RunTime:0.122782s ]
INFO: [ view_parse ] --END-- [ RunTime:0.122854s ]
INFO: [ view_filter ] --START--
INFO: Run ContentReplace Behavior [ RunTime:0.001302s ]
INFO: Run TokenBuild Behavior [ RunTime:0.003642s ]
INFO: Run WriteHtmlCache Behavior [ RunTime:0.000976s ]
INFO: Run ShowRuntime Behavior [ RunTime:0.001250s ]
INFO: [ view_filter ] --END-- [ RunTime:0.007336s ]
INFO: [ view_end ] --START--
INFO: Run ShowPageTrace Behavior [ RunTime:0.001484s ]
INFO: [ view_end ] --END-- [ RunTime:0.001541s ]

[ 2016-09-01T09:44:06+08:00 ] 101.81.35.170 /bobo2/admin.php/Category/category/cls/2
INFO: [ route_check ] --START--
INFO: Run CheckRoute Behavior [ RunTime:0.002148s ]
INFO: [ route_check ] --END-- [ RunTime:0.002237s ]
INFO: [ app_begin ] --START--
INFO: Run ReadHtmlCache Behavior [ RunTime:0.000369s ]
INFO: [ app_begin ] --END-- [ RunTime:0.000472s ]
SQL: SHOW COLUMNS FROM `tp_category` [ RunTime:0.000721s ]
SQL: SELECT `catid`,`catname`,`type`,`parentid`,concat(arrparentid,'-',catid) as bpath,`model`,`listorder` FROM `tp_category` WHERE ( siteid=1 ) ORDER BY parentid,listorder  [ RunTime:0.000407s ]
INFO: [ view_template ] --START--
INFO: Run LocationTemplate Behavior [ RunTime:0.000248s ]
INFO: [ view_template ] --END-- [ RunTime:0.000347s ]
INFO: [ view_parse ] --START--
NOTIC: [8] Use of undefined constant Index - assumed 'Index' /var/www/html/bobo2/Admin/Runtime/Cache/91a138de4020df51ccc2e977dfd86a90.php 第 138 行.
NOTIC: [8] Use of undefined constant Index - assumed 'Index' /var/www/html/bobo2/Admin/Runtime/Cache/91a138de4020df51ccc2e977dfd86a90.php 第 138 行.
NOTIC: [8] Use of undefined constant Index - assumed 'Index' /var/www/html/bobo2/Admin/Runtime/Cache/91a138de4020df51ccc2e977dfd86a90.php 第 138 行.
NOTIC: [8] Use of undefined constant Index - assumed 'Index' /var/www/html/bobo2/Admin/Runtime/Cache/91a138de4020df51ccc2e977dfd86a90.php 第 138 行.
NOTIC: [8] Use of undefined constant Index - assumed 'Index' /var/www/html/bobo2/Admin/Runtime/Cache/91a138de4020df51ccc2e977dfd86a90.php 第 138 行.
NOTIC: [8] Use of undefined constant Index - assumed 'Index' /var/www/html/bobo2/Admin/Runtime/Cache/91a138de4020df51ccc2e977dfd86a90.php 第 138 行.
NOTIC: [8] Use of undefined constant Content - assumed 'Content' /var/www/html/bobo2/Admin/Runtime/Cache/91a138de4020df51ccc2e977dfd86a90.php 第 167 行.
NOTIC: [8] Use of undefined constant Index - assumed 'Index' /var/www/html/bobo2/Admin/Runtime/Cache/91a138de4020df51ccc2e977dfd86a90.php 第 138 行.
NOTIC: [8] Use of undefined constant Content - assumed 'Content' /var/www/html/bobo2/Admin/Runtime/Cache/91a138de4020df51ccc2e977dfd86a90.php 第 167 行.
NOTIC: [8] Use of undefined constant Index - assumed 'Index' /var/www/html/bobo2/Admin/Runtime/Cache/91a138de4020df51ccc2e977dfd86a90.php 第 138 行.
NOTIC: [8] Use of undefined constant Content - assumed 'Content' /var/www/html/bobo2/Admin/Runtime/Cache/91a138de4020df51ccc2e977dfd86a90.php 第 167 行.
NOTIC: [8] Use of undefined constant Index - assumed 'Index' /var/www/html/bobo2/Admin/Runtime/Cache/91a138de4020df51ccc2e977dfd86a90.php 第 138 行.
NOTIC: [8] Use of undefined constant Content - assumed 'Content' /var/www/html/bobo2/Admin/Runtime/Cache/91a138de4020df51ccc2e977dfd86a90.php 第 167 行.
NOTIC: [8] Use of undefined constant Picture - assumed 'Picture' /var/www/html/bobo2/Admin/Runtime/Cache/91a138de4020df51ccc2e977dfd86a90.php 第 197 行.
NOTIC: [8] Use of undefined constant Product - assumed 'Product' /var/www/html/bobo2/Admin/Runtime/Cache/91a138de4020df51ccc2e977dfd86a90.php 第 227 行.
NOTIC: [8] Use of undefined constant Video - assumed 'Video' /var/www/html/bobo2/Admin/Runtime/Cache/91a138de4020df51ccc2e977dfd86a90.php 第 258 行.
NOTIC: [8] Use of undefined constant Index - assumed 'Index' /var/www/html/bobo2/Admin/Runtime/Cache/91a138de4020df51ccc2e977dfd86a90.php 第 138 行.
NOTIC: [8] Use of undefined constant Content - assumed 'Content' /var/www/html/bobo2/Admin/Runtime/Cache/91a138de4020df51ccc2e977dfd86a90.php 第 167 行.
NOTIC: [8] Use of undefined constant Picture - assumed 'Picture' /var/www/html/bobo2/Admin/Runtime/Cache/91a138de4020df51ccc2e977dfd86a90.php 第 197 行.
NOTIC: [8] Use of undefined constant Product - assumed 'Product' /var/www/html/bobo2/Admin/Runtime/Cache/91a138de4020df51ccc2e977dfd86a90.php 第 227 行.
NOTIC: [8] Use of undefined constant Video - assumed 'Video' /var/www/html/bobo2/Admin/Runtime/Cache/91a138de4020df51ccc2e977dfd86a90.php 第 258 行.
NOTIC: [8] Use of undefined constant Index - assumed 'Index' /var/www/html/bobo2/Admin/Runtime/Cache/91a138de4020df51ccc2e977dfd86a90.php 第 138 行.
NOTIC: [8] Use of undefined constant Content - assumed 'Content' /var/www/html/bobo2/Admin/Runtime/Cache/91a138de4020df51ccc2e977dfd86a90.php 第 167 行.
NOTIC: [8] Use of undefined constant Picture - assumed 'Picture' /var/www/html/bobo2/Admin/Runtime/Cache/91a138de4020df51ccc2e977dfd86a90.php 第 197 行.
NOTIC: [8] Use of undefined constant Product - assumed 'Product' /var/www/html/bobo2/Admin/Runtime/Cache/91a138de4020df51ccc2e977dfd86a90.php 第 227 行.
NOTIC: [8] Use of undefined constant Index - assumed 'Index' /var/www/html/bobo2/Admin/Runtime/Cache/91a138de4020df51ccc2e977dfd86a90.php 第 138 行.
NOTIC: [8] Use of undefined constant Content - assumed 'Content' /var/www/html/bobo2/Admin/Runtime/Cache/91a138de4020df51ccc2e977dfd86a90.php 第 167 行.
NOTIC: [8] Use of undefined constant Picture - assumed 'Picture' /var/www/html/bobo2/Admin/Runtime/Cache/91a138de4020df51ccc2e977dfd86a90.php 第 197 行.
NOTIC: [8] Use of undefined constant Product - assumed 'Product' /var/www/html/bobo2/Admin/Runtime/Cache/91a138de4020df51ccc2e977dfd86a90.php 第 227 行.
NOTIC: [8] Use of undefined constant Index - assumed 'Index' /var/www/html/bobo2/Admin/Runtime/Cache/91a138de4020df51ccc2e977dfd86a90.php 第 138 行.
NOTIC: [8] Use of undefined constant Content - assumed 'Content' /var/www/html/bobo2/Admin/Runtime/Cache/91a138de4020df51ccc2e977dfd86a90.php 第 167 行.
NOTIC: [8] Use of undefined constant Picture - assumed 'Picture' /var/www/html/bobo2/Admin/Runtime/Cache/91a138de4020df51ccc2e977dfd86a90.php 第 197 行.
NOTIC: [8] Use of undefined constant Product - assumed 'Product' /var/www/html/bobo2/Admin/Runtime/Cache/91a138de4020df51ccc2e977dfd86a90.php 第 227 行.
NOTIC: [8] Use of undefined constant Index - assumed 'Index' /var/www/html/bobo2/Admin/Runtime/Cache/91a138de4020df51ccc2e977dfd86a90.php 第 138 行.
NOTIC: [8] Use of undefined constant Content - assumed 'Content' /var/www/html/bobo2/Admin/Runtime/Cache/91a138de4020df51ccc2e977dfd86a90.php 第 167 行.
NOTIC: [8] Use of undefined constant Picture - assumed 'Picture' /var/www/html/bobo2/Admin/Runtime/Cache/91a138de4020df51ccc2e977dfd86a90.php 第 197 行.
NOTIC: [8] Use of undefined constant Product - assumed 'Product' /var/www/html/bobo2/Admin/Runtime/Cache/91a138de4020df51ccc2e977dfd86a90.php 第 227 行.
NOTIC: [8] Use of undefined constant Index - assumed 'Index' /var/www/html/bobo2/Admin/Runtime/Cache/91a138de4020df51ccc2e977dfd86a90.php 第 138 行.
NOTIC: [8] Use of undefined constant Content - assumed 'Content' /var/www/html/bobo2/Admin/Runtime/Cache/91a138de4020df51ccc2e977dfd86a90.php 第 167 行.
NOTIC: [8] Use of undefined constant Picture - assumed 'Picture' /var/www/html/bobo2/Admin/Runtime/Cache/91a138de4020df51ccc2e977dfd86a90.php 第 197 行.
NOTIC: [8] Use of undefined constant Product - assumed 'Product' /var/www/html/bobo2/Admin/Runtime/Cache/91a138de4020df51ccc2e977dfd86a90.php 第 227 行.
NOTIC: [8] Use of undefined constant Index - assumed 'Index' /var/www/html/bobo2/Admin/Runtime/Cache/91a138de4020df51ccc2e977dfd86a90.php 第 138 行.
NOTIC: [8] Use of undefined constant Content - assumed 'Content' /var/www/html/bobo2/Admin/Runtime/Cache/91a138de4020df51ccc2e977dfd86a90.php 第 167 行.
NOTIC: [8] Use of undefined constant Picture - assumed 'Picture' /var/www/html/bobo2/Admin/Runtime/Cache/91a138de4020df51ccc2e977dfd86a90.php 第 197 行.
NOTIC: [8] Use of undefined constant Product - assumed 'Product' /var/www/html/bobo2/Admin/Runtime/Cache/91a138de4020df51ccc2e977dfd86a90.php 第 227 行.
NOTIC: [8] Use of undefined constant Index - assumed 'Index' /var/www/html/bobo2/Admin/Runtime/Cache/91a138de4020df51ccc2e977dfd86a90.php 第 138 行.
NOTIC: [8] Use of undefined constant Content - assumed 'Content' /var/www/html/bobo2/Admin/Runtime/Cache/91a138de4020df51ccc2e977dfd86a90.php 第 167 行.
NOTIC: [8] Use of undefined constant Picture - assumed 'Picture' /var/www/html/bobo2/Admin/Runtime/Cache/91a138de4020df51ccc2e977dfd86a90.php 第 197 行.
NOTIC: [8] Use of undefined constant Product - assumed 'Product' /var/www/html/bobo2/Admin/Runtime/Cache/91a138de4020df51ccc2e977dfd86a90.php 第 227 行.
NOTIC: [8] Use of undefined constant Index - assumed 'Index' /var/www/html/bobo2/Admin/Runtime/Cache/91a138de4020df51ccc2e977dfd86a90.php 第 138 行.
NOTIC: [8] Use of undefined constant Content - assumed 'Content' /var/www/html/bobo2/Admin/Runtime/Cache/91a138de4020df51ccc2e977dfd86a90.php 第 167 行.
NOTIC: [8] Use of undefined constant Picture - assumed 'Picture' /var/www/html/bobo2/Admin/Runtime/Cache/91a138de4020df51ccc2e977dfd86a90.php 第 197 行.
NOTIC: [8] Use of undefined constant Product - assumed 'Product' /var/www/html/bobo2/Admin/Runtime/Cache/91a138de4020df51ccc2e977dfd86a90.php 第 227 行.
NOTIC: [8] Use of undefined constant Index - assumed 'Index' /var/www/html/bobo2/Admin/Runtime/Cache/91a138de4020df51ccc2e977dfd86a90.php 第 138 行.
NOTIC: [8] Use of undefined constant Index - assumed 'Index' /var/www/html/bobo2/Admin/Runtime/Cache/91a138de4020df51ccc2e977dfd86a90.php 第 138 行.
INFO: Run ParseTemplate Behavior [ RunTime:0.106664s ]
INFO: [ view_parse ] --END-- [ RunTime:0.106724s ]
INFO: [ view_filter ] --START--
INFO: Run ContentReplace Behavior [ RunTime:0.000368s ]
INFO: Run TokenBuild Behavior [ RunTime:0.000248s ]
INFO: Run WriteHtmlCache Behavior [ RunTime:0.000182s ]
INFO: Run ShowRuntime Behavior [ RunTime:0.000323s ]
INFO: [ view_filter ] --END-- [ RunTime:0.001282s ]
INFO: [ view_end ] --START--
INFO: Run ShowPageTrace Behavior [ RunTime:0.000400s ]
INFO: [ view_end ] --END-- [ RunTime:0.000455s ]

[ 2016-09-01T09:45:38+08:00 ] 101.81.35.170 /bobo2/admin.php/Content/content/catid/23/cls/2
INFO: [ route_check ] --START--
INFO: Run CheckRoute Behavior [ RunTime:0.000594s ]
INFO: [ route_check ] --END-- [ RunTime:0.000674s ]
INFO: [ app_begin ] --START--
INFO: Run ReadHtmlCache Behavior [ RunTime:0.000525s ]
INFO: [ app_begin ] --END-- [ RunTime:0.000614s ]
NOTIC: [2048] Declaration of ContentAction::show() should be compatible with that of Action::show() /var/www/html/bobo2/Admin/Lib/Action/ContentAction.class.php 第 4 行.
SQL: SHOW COLUMNS FROM `tp_content` [ RunTime:0.000845s ]
SQL: SHOW COLUMNS FROM `tp_category` [ RunTime:0.000560s ]
SQL: SHOW COLUMNS FROM `tp_product` [ RunTime:0.000696s ]
SQL: SELECT COUNT(*) AS tp_count FROM `tp_content` WHERE ( catid=23 ) LIMIT 1   [ RunTime:0.017885s ]
SQL: SELECT `id`,`status`,`conorder`,`title`,`posid`,`inputtime` FROM `tp_content` WHERE ( catid=23 ) ORDER BY conorder desc,id desc LIMIT 0,10   [ RunTime:0.000444s ]
INFO: [ view_template ] --START--
INFO: Run LocationTemplate Behavior [ RunTime:0.000211s ]
INFO: [ view_template ] --END-- [ RunTime:0.000271s ]
INFO: [ view_parse ] --START--
INFO: Run ParseTemplate Behavior [ RunTime:0.034278s ]
INFO: [ view_parse ] --END-- [ RunTime:0.034397s ]
INFO: [ view_filter ] --START--
INFO: Run ContentReplace Behavior [ RunTime:0.000432s ]
INFO: Run TokenBuild Behavior [ RunTime:0.000263s ]
INFO: Run WriteHtmlCache Behavior [ RunTime:0.000171s ]
INFO: Run ShowRuntime Behavior [ RunTime:0.000432s ]
INFO: [ view_filter ] --END-- [ RunTime:0.001480s ]
INFO: [ view_end ] --START--
INFO: Run ShowPageTrace Behavior [ RunTime:0.000495s ]
INFO: [ view_end ] --END-- [ RunTime:0.000552s ]

[ 2016-09-01T09:45:40+08:00 ] 101.81.35.170 /bobo2/admin.php/Try/questionnaire/cls/8
INFO: [ route_check ] --START--
INFO: Run CheckRoute Behavior [ RunTime:0.000607s ]
INFO: [ route_check ] --END-- [ RunTime:0.000687s ]
INFO: [ app_begin ] --START--
INFO: Run ReadHtmlCache Behavior [ RunTime:0.000387s ]
INFO: [ app_begin ] --END-- [ RunTime:0.000448s ]
NOTIC: [2048] Declaration of TryAction::show() should be compatible with that of Action::show() /var/www/html/bobo2/Admin/Lib/Action/TryAction.class.php 第 2 行.
SQL: SHOW COLUMNS FROM `tp_try_out` [ RunTime:0.016027s ]
SQL: SHOW COLUMNS FROM `tp_problem` [ RunTime:0.010882s ]
SQL: SHOW COLUMNS FROM `tp_problem_data` [ RunTime:0.005070s ]
SQL: SELECT COUNT(*) AS tp_count FROM `tp_problem` LIMIT 1   [ RunTime:0.000132s ]
SQL: SELECT * FROM `tp_problem` ORDER BY listorder desc,id desc LIMIT 0,10   [ RunTime:0.001648s ]
INFO: [ view_template ] --START--
INFO: Run LocationTemplate Behavior [ RunTime:0.000232s ]
INFO: [ view_template ] --END-- [ RunTime:0.000333s ]
INFO: [ view_parse ] --START--
INFO: Run ParseTemplate Behavior [ RunTime:0.031030s ]
INFO: [ view_parse ] --END-- [ RunTime:0.031121s ]
INFO: [ view_filter ] --START--
INFO: Run ContentReplace Behavior [ RunTime:0.000289s ]
INFO: Run TokenBuild Behavior [ RunTime:0.000262s ]
INFO: Run WriteHtmlCache Behavior [ RunTime:0.000140s ]
INFO: Run ShowRuntime Behavior [ RunTime:0.000303s ]
INFO: [ view_filter ] --END-- [ RunTime:0.001157s ]
INFO: [ view_end ] --START--
INFO: Run ShowPageTrace Behavior [ RunTime:0.000431s ]
INFO: [ view_end ] --END-- [ RunTime:0.000486s ]

[ 2016-09-01T09:45:42+08:00 ] 101.81.35.170 /bobo2/admin.php/Try/addQues/cls/8
INFO: [ route_check ] --START--
INFO: Run CheckRoute Behavior [ RunTime:0.000911s ]
INFO: [ route_check ] --END-- [ RunTime:0.001017s ]
INFO: [ app_begin ] --START--
INFO: Run ReadHtmlCache Behavior [ RunTime:0.000562s ]
INFO: [ app_begin ] --END-- [ RunTime:0.000651s ]
NOTIC: [2048] Declaration of TryAction::show() should be compatible with that of Action::show() /var/www/html/bobo2/Admin/Lib/Action/TryAction.class.php 第 2 行.
SQL: SHOW COLUMNS FROM `tp_try_out` [ RunTime:0.000667s ]
SQL: SHOW COLUMNS FROM `tp_problem` [ RunTime:0.000425s ]
SQL: SHOW COLUMNS FROM `tp_problem_data` [ RunTime:0.000421s ]
INFO: [ view_template ] --START--
INFO: Run LocationTemplate Behavior [ RunTime:0.000340s ]
INFO: [ view_template ] --END-- [ RunTime:0.000416s ]
INFO: [ view_parse ] --START--
INFO: Run ParseTemplate Behavior [ RunTime:0.035558s ]
INFO: [ view_parse ] --END-- [ RunTime:0.035649s ]
INFO: [ view_filter ] --START--
INFO: Run ContentReplace Behavior [ RunTime:0.000315s ]
INFO: Run TokenBuild Behavior [ RunTime:0.000241s ]
INFO: Run WriteHtmlCache Behavior [ RunTime:0.000137s ]
INFO: Run ShowRuntime Behavior [ RunTime:0.000333s ]
INFO: [ view_filter ] --END-- [ RunTime:0.001192s ]
INFO: [ view_end ] --START--
INFO: Run ShowPageTrace Behavior [ RunTime:0.000417s ]
INFO: [ view_end ] --END-- [ RunTime:0.000472s ]

[ 2016-09-01T09:46:33+08:00 ] 223.255.240.74 /bobo2/admin.php/Login/login
INFO: [ route_check ] --START--
INFO: Run CheckRoute Behavior [ RunTime:0.000600s ]
INFO: [ route_check ] --END-- [ RunTime:0.000677s ]
INFO: [ app_begin ] --START--
INFO: Run ReadHtmlCache Behavior [ RunTime:0.000401s ]
INFO: [ app_begin ] --END-- [ RunTime:0.000461s ]
INFO: [ view_template ] --START--
INFO: Run LocationTemplate Behavior [ RunTime:0.000221s ]
INFO: [ view_template ] --END-- [ RunTime:0.000293s ]
INFO: [ view_parse ] --START--
INFO: Run ParseTemplate Behavior [ RunTime:0.037352s ]
INFO: [ view_parse ] --END-- [ RunTime:0.037449s ]
INFO: [ view_filter ] --START--
INFO: Run ContentReplace Behavior [ RunTime:0.000285s ]
INFO: Run TokenBuild Behavior [ RunTime:0.000266s ]
INFO: Run WriteHtmlCache Behavior [ RunTime:0.000149s ]
INFO: Run ShowRuntime Behavior [ RunTime:0.000309s ]
INFO: [ view_filter ] --END-- [ RunTime:0.001168s ]
INFO: [ view_end ] --START--
INFO: Run ShowPageTrace Behavior [ RunTime:0.000436s ]
INFO: [ view_end ] --END-- [ RunTime:0.000491s ]

[ 2016-09-01T09:46:46+08:00 ] 223.255.240.74 /bobo2/admin.php/Login/login
INFO: [ route_check ] --START--
INFO: Run CheckRoute Behavior [ RunTime:0.000620s ]
INFO: [ route_check ] --END-- [ RunTime:0.000703s ]
INFO: [ app_begin ] --START--
INFO: Run ReadHtmlCache Behavior [ RunTime:0.000363s ]
INFO: [ app_begin ] --END-- [ RunTime:0.000424s ]
INFO: [ view_template ] --START--
INFO: Run LocationTemplate Behavior [ RunTime:0.000222s ]
INFO: [ view_template ] --END-- [ RunTime:0.000281s ]
INFO: [ view_parse ] --START--
INFO: Run ParseTemplate Behavior [ RunTime:0.005269s ]
INFO: [ view_parse ] --END-- [ RunTime:0.005337s ]
INFO: [ view_filter ] --START--
INFO: Run ContentReplace Behavior [ RunTime:0.000230s ]
INFO: Run TokenBuild Behavior [ RunTime:0.000261s ]
INFO: Run WriteHtmlCache Behavior [ RunTime:0.000143s ]
INFO: Run ShowRuntime Behavior [ RunTime:0.000305s ]
INFO: [ view_filter ] --END-- [ RunTime:0.001097s ]
INFO: [ view_end ] --START--
INFO: Run ShowPageTrace Behavior [ RunTime:0.000439s ]
INFO: [ view_end ] --END-- [ RunTime:0.000494s ]

