[ 2016-06-21T09:29:25+08:00 ] 101.81.35.125 /bobo2/admin.php/Login/login
INFO: [ route_check ] --START--
INFO: Run CheckRoute Behavior [ RunTime:0.000632s ]
INFO: [ route_check ] --END-- [ RunTime:0.000712s ]
INFO: [ app_begin ] --START--
INFO: Run ReadHtmlCache Behavior [ RunTime:0.000401s ]
INFO: [ app_begin ] --END-- [ RunTime:0.000466s ]
INFO: [ view_template ] --START--
INFO: Run LocationTemplate Behavior [ RunTime:0.000207s ]
INFO: [ view_template ] --END-- [ RunTime:0.000271s ]
INFO: [ view_parse ] --START--
INFO: Run ParseTemplate Behavior [ RunTime:0.039557s ]
INFO: [ view_parse ] --END-- [ RunTime:0.039637s ]
INFO: [ view_filter ] --START--
INFO: Run ContentReplace Behavior [ RunTime:0.000256s ]
INFO: Run TokenBuild Behavior [ RunTime:0.000236s ]
INFO: Run WriteHtmlCache Behavior [ RunTime:0.000179s ]
INFO: Run ShowRuntime Behavior [ RunTime:0.000340s ]
INFO: [ view_filter ] --END-- [ RunTime:0.001187s ]
INFO: [ view_end ] --START--
INFO: Run ShowPageTrace Behavior [ RunTime:0.000447s ]
INFO: [ view_end ] --END-- [ RunTime:0.000513s ]

[ 2016-06-21T09:29:29+08:00 ] 101.81.35.125 /bobo2/admin.php/Login/doLogin
INFO: [ route_check ] --START--
INFO: Run CheckRoute Behavior [ RunTime:0.000607s ]
INFO: [ route_check ] --END-- [ RunTime:0.000726s ]
INFO: [ app_begin ] --START--
INFO: Run ReadHtmlCache Behavior [ RunTime:0.000454s ]
INFO: [ app_begin ] --END-- [ RunTime:0.000520s ]
SQL: SHOW COLUMNS FROM `tp_user` [ RunTime:0.022081s ]
SQL: SELECT * FROM `tp_user` WHERE ( `username` = 'mofang' ) AND ( `password` = '63fbf481658e05b00eea3921f783a80a' ) LIMIT 1   [ RunTime:0.001329s ]

[ 2016-06-21T09:29:32+08:00 ] 101.81.35.125 /bobo2/admin.php/Index/index/cls/1
INFO: [ route_check ] --START--
INFO: Run CheckRoute Behavior [ RunTime:0.000576s ]
INFO: [ route_check ] --END-- [ RunTime:0.000679s ]
INFO: [ app_begin ] --START--
INFO: Run ReadHtmlCache Behavior [ RunTime:0.000358s ]
INFO: [ app_begin ] --END-- [ RunTime:0.000419s ]
NOTIC: [2048] Declaration of IndexAction::show() should be compatible with that of Action::show() /var/www/html/bobo2/Admin/Lib/Action/IndexAction.class.php 第 3 行.
SQL: SHOW COLUMNS FROM `tp_user` [ RunTime:0.000543s ]
SQL: SHOW COLUMNS FROM `tp_index_picture` [ RunTime:0.000501s ]
NOTIC: [8] Undefined variable: gd /var/www/html/bobo2/Admin/Lib/Action/IndexAction.class.php 第 19 行.
INFO: [ view_template ] --START--
INFO: Run LocationTemplate Behavior [ RunTime:0.000233s ]
INFO: [ view_template ] --END-- [ RunTime:0.000297s ]
INFO: [ view_parse ] --START--
INFO: Run ParseTemplate Behavior [ RunTime:0.084140s ]
INFO: [ view_parse ] --END-- [ RunTime:0.084234s ]
INFO: [ view_filter ] --START--
INFO: Run ContentReplace Behavior [ RunTime:0.000428s ]
INFO: Run TokenBuild Behavior [ RunTime:0.000349s ]
INFO: Run WriteHtmlCache Behavior [ RunTime:0.000149s ]
INFO: Run ShowRuntime Behavior [ RunTime:0.000343s ]
INFO: [ view_filter ] --END-- [ RunTime:0.001472s ]
INFO: [ view_end ] --START--
INFO: Run ShowPageTrace Behavior [ RunTime:0.000425s ]
INFO: [ view_end ] --END-- [ RunTime:0.000481s ]

[ 2016-06-21T09:29:39+08:00 ] 101.81.35.125 /bobo2/admin.php/Category/category/cls/2
INFO: [ route_check ] --START--
INFO: Run CheckRoute Behavior [ RunTime:0.000652s ]
INFO: [ route_check ] --END-- [ RunTime:0.000754s ]
INFO: [ app_begin ] --START--
INFO: Run ReadHtmlCache Behavior [ RunTime:0.000392s ]
INFO: [ app_begin ] --END-- [ RunTime:0.000454s ]
SQL: SHOW COLUMNS FROM `tp_category` [ RunTime:0.000718s ]
SQL: SELECT `catid`,`catname`,`type`,`parentid`,concat(arrparentid,'-',catid) as bpath,`model`,`listorder` FROM `tp_category` WHERE ( siteid=1 ) ORDER BY parentid,listorder  [ RunTime:0.000420s ]
INFO: [ view_template ] --START--
INFO: Run LocationTemplate Behavior [ RunTime:0.000334s ]
INFO: [ view_template ] --END-- [ RunTime:0.000406s ]
INFO: [ view_parse ] --START--
NOTIC: [8] Use of undefined constant Index - assumed 'Index' /var/www/html/bobo2/Admin/Runtime/Cache/91a138de4020df51ccc2e977dfd86a90.php 第 138 行.
NOTIC: [8] Use of undefined constant Index - assumed 'Index' /var/www/html/bobo2/Admin/Runtime/Cache/91a138de4020df51ccc2e977dfd86a90.php 第 138 行.
NOTIC: [8] Use of undefined constant Index - assumed 'Index' /var/www/html/bobo2/Admin/Runtime/Cache/91a138de4020df51ccc2e977dfd86a90.php 第 138 行.
NOTIC: [8] Use of undefined constant Index - assumed 'Index' /var/www/html/bobo2/Admin/Runtime/Cache/91a138de4020df51ccc2e977dfd86a90.php 第 138 行.
NOTIC: [8] Use of undefined constant Index - assumed 'Index' /var/www/html/bobo2/Admin/Runtime/Cache/91a138de4020df51ccc2e977dfd86a90.php 第 138 行.
NOTIC: [8] Use of undefined constant Index - assumed 'Index' /var/www/html/bobo2/Admin/Runtime/Cache/91a138de4020df51ccc2e977dfd86a90.php 第 138 行.
NOTIC: [8] Use of undefined constant Content - assumed 'Content' /var/www/html/bobo2/Admin/Runtime/Cache/91a138de4020df51ccc2e977dfd86a90.php 第 167 行.
NOTIC: [8] Use of undefined constant Index - assumed 'Index' /var/www/html/bobo2/Admin/Runtime/Cache/91a138de4020df51ccc2e977dfd86a90.php 第 138 行.
NOTIC: [8] Use of undefined constant Content - assumed 'Content' /var/www/html/bobo2/Admin/Runtime/Cache/91a138de4020df51ccc2e977dfd86a90.php 第 167 行.
NOTIC: [8] Use of undefined constant Index - assumed 'Index' /var/www/html/bobo2/Admin/Runtime/Cache/91a138de4020df51ccc2e977dfd86a90.php 第 138 行.
NOTIC: [8] Use of undefined constant Content - assumed 'Content' /var/www/html/bobo2/Admin/Runtime/Cache/91a138de4020df51ccc2e977dfd86a90.php 第 167 行.
NOTIC: [8] Use of undefined constant Index - assumed 'Index' /var/www/html/bobo2/Admin/Runtime/Cache/91a138de4020df51ccc2e977dfd86a90.php 第 138 行.
NOTIC: [8] Use of undefined constant Content - assumed 'Content' /var/www/html/bobo2/Admin/Runtime/Cache/91a138de4020df51ccc2e977dfd86a90.php 第 167 行.
NOTIC: [8] Use of undefined constant Picture - assumed 'Picture' /var/www/html/bobo2/Admin/Runtime/Cache/91a138de4020df51ccc2e977dfd86a90.php 第 197 行.
NOTIC: [8] Use of undefined constant Product - assumed 'Product' /var/www/html/bobo2/Admin/Runtime/Cache/91a138de4020df51ccc2e977dfd86a90.php 第 227 行.
NOTIC: [8] Use of undefined constant Video - assumed 'Video' /var/www/html/bobo2/Admin/Runtime/Cache/91a138de4020df51ccc2e977dfd86a90.php 第 258 行.
NOTIC: [8] Use of undefined constant Index - assumed 'Index' /var/www/html/bobo2/Admin/Runtime/Cache/91a138de4020df51ccc2e977dfd86a90.php 第 138 行.
NOTIC: [8] Use of undefined constant Content - assumed 'Content' /var/www/html/bobo2/Admin/Runtime/Cache/91a138de4020df51ccc2e977dfd86a90.php 第 167 行.
NOTIC: [8] Use of undefined constant Picture - assumed 'Picture' /var/www/html/bobo2/Admin/Runtime/Cache/91a138de4020df51ccc2e977dfd86a90.php 第 197 行.
NOTIC: [8] Use of undefined constant Product - assumed 'Product' /var/www/html/bobo2/Admin/Runtime/Cache/91a138de4020df51ccc2e977dfd86a90.php 第 227 行.
NOTIC: [8] Use of undefined constant Video - assumed 'Video' /var/www/html/bobo2/Admin/Runtime/Cache/91a138de4020df51ccc2e977dfd86a90.php 第 258 行.
NOTIC: [8] Use of undefined constant Index - assumed 'Index' /var/www/html/bobo2/Admin/Runtime/Cache/91a138de4020df51ccc2e977dfd86a90.php 第 138 行.
NOTIC: [8] Use of undefined constant Content - assumed 'Content' /var/www/html/bobo2/Admin/Runtime/Cache/91a138de4020df51ccc2e977dfd86a90.php 第 167 行.
NOTIC: [8] Use of undefined constant Picture - assumed 'Picture' /var/www/html/bobo2/Admin/Runtime/Cache/91a138de4020df51ccc2e977dfd86a90.php 第 197 行.
NOTIC: [8] Use of undefined constant Product - assumed 'Product' /var/www/html/bobo2/Admin/Runtime/Cache/91a138de4020df51ccc2e977dfd86a90.php 第 227 行.
NOTIC: [8] Use of undefined constant Index - assumed 'Index' /var/www/html/bobo2/Admin/Runtime/Cache/91a138de4020df51ccc2e977dfd86a90.php 第 138 行.
NOTIC: [8] Use of undefined constant Content - assumed 'Content' /var/www/html/bobo2/Admin/Runtime/Cache/91a138de4020df51ccc2e977dfd86a90.php 第 167 行.
NOTIC: [8] Use of undefined constant Picture - assumed 'Picture' /var/www/html/bobo2/Admin/Runtime/Cache/91a138de4020df51ccc2e977dfd86a90.php 第 197 行.
NOTIC: [8] Use of undefined constant Product - assumed 'Product' /var/www/html/bobo2/Admin/Runtime/Cache/91a138de4020df51ccc2e977dfd86a90.php 第 227 行.
NOTIC: [8] Use of undefined constant Index - assumed 'Index' /var/www/html/bobo2/Admin/Runtime/Cache/91a138de4020df51ccc2e977dfd86a90.php 第 138 行.
NOTIC: [8] Use of undefined constant Content - assumed 'Content' /var/www/html/bobo2/Admin/Runtime/Cache/91a138de4020df51ccc2e977dfd86a90.php 第 167 行.
NOTIC: [8] Use of undefined constant Picture - assumed 'Picture' /var/www/html/bobo2/Admin/Runtime/Cache/91a138de4020df51ccc2e977dfd86a90.php 第 197 行.
NOTIC: [8] Use of undefined constant Product - assumed 'Product' /var/www/html/bobo2/Admin/Runtime/Cache/91a138de4020df51ccc2e977dfd86a90.php 第 227 行.
NOTIC: [8] Use of undefined constant Index - assumed 'Index' /var/www/html/bobo2/Admin/Runtime/Cache/91a138de4020df51ccc2e977dfd86a90.php 第 138 行.
NOTIC: [8] Use of undefined constant Content - assumed 'Content' /var/www/html/bobo2/Admin/Runtime/Cache/91a138de4020df51ccc2e977dfd86a90.php 第 167 行.
NOTIC: [8] Use of undefined constant Picture - assumed 'Picture' /var/www/html/bobo2/Admin/Runtime/Cache/91a138de4020df51ccc2e977dfd86a90.php 第 197 行.
NOTIC: [8] Use of undefined constant Product - assumed 'Product' /var/www/html/bobo2/Admin/Runtime/Cache/91a138de4020df51ccc2e977dfd86a90.php 第 227 行.
NOTIC: [8] Use of undefined constant Index - assumed 'Index' /var/www/html/bobo2/Admin/Runtime/Cache/91a138de4020df51ccc2e977dfd86a90.php 第 138 行.
NOTIC: [8] Use of undefined constant Content - assumed 'Content' /var/www/html/bobo2/Admin/Runtime/Cache/91a138de4020df51ccc2e977dfd86a90.php 第 167 行.
NOTIC: [8] Use of undefined constant Picture - assumed 'Picture' /var/www/html/bobo2/Admin/Runtime/Cache/91a138de4020df51ccc2e977dfd86a90.php 第 197 行.
NOTIC: [8] Use of undefined constant Product - assumed 'Product' /var/www/html/bobo2/Admin/Runtime/Cache/91a138de4020df51ccc2e977dfd86a90.php 第 227 行.
NOTIC: [8] Use of undefined constant Index - assumed 'Index' /var/www/html/bobo2/Admin/Runtime/Cache/91a138de4020df51ccc2e977dfd86a90.php 第 138 行.
NOTIC: [8] Use of undefined constant Content - assumed 'Content' /var/www/html/bobo2/Admin/Runtime/Cache/91a138de4020df51ccc2e977dfd86a90.php 第 167 行.
NOTIC: [8] Use of undefined constant Picture - assumed 'Picture' /var/www/html/bobo2/Admin/Runtime/Cache/91a138de4020df51ccc2e977dfd86a90.php 第 197 行.
NOTIC: [8] Use of undefined constant Product - assumed 'Product' /var/www/html/bobo2/Admin/Runtime/Cache/91a138de4020df51ccc2e977dfd86a90.php 第 227 行.
NOTIC: [8] Use of undefined constant Index - assumed 'Index' /var/www/html/bobo2/Admin/Runtime/Cache/91a138de4020df51ccc2e977dfd86a90.php 第 138 行.
NOTIC: [8] Use of undefined constant Content - assumed 'Content' /var/www/html/bobo2/Admin/Runtime/Cache/91a138de4020df51ccc2e977dfd86a90.php 第 167 行.
NOTIC: [8] Use of undefined constant Picture - assumed 'Picture' /var/www/html/bobo2/Admin/Runtime/Cache/91a138de4020df51ccc2e977dfd86a90.php 第 197 行.
NOTIC: [8] Use of undefined constant Product - assumed 'Product' /var/www/html/bobo2/Admin/Runtime/Cache/91a138de4020df51ccc2e977dfd86a90.php 第 227 行.
NOTIC: [8] Use of undefined constant Index - assumed 'Index' /var/www/html/bobo2/Admin/Runtime/Cache/91a138de4020df51ccc2e977dfd86a90.php 第 138 行.
NOTIC: [8] Use of undefined constant Content - assumed 'Content' /var/www/html/bobo2/Admin/Runtime/Cache/91a138de4020df51ccc2e977dfd86a90.php 第 167 行.
NOTIC: [8] Use of undefined constant Picture - assumed 'Picture' /var/www/html/bobo2/Admin/Runtime/Cache/91a138de4020df51ccc2e977dfd86a90.php 第 197 行.
NOTIC: [8] Use of undefined constant Product - assumed 'Product' /var/www/html/bobo2/Admin/Runtime/Cache/91a138de4020df51ccc2e977dfd86a90.php 第 227 行.
NOTIC: [8] Use of undefined constant Index - assumed 'Index' /var/www/html/bobo2/Admin/Runtime/Cache/91a138de4020df51ccc2e977dfd86a90.php 第 138 行.
NOTIC: [8] Use of undefined constant Index - assumed 'Index' /var/www/html/bobo2/Admin/Runtime/Cache/91a138de4020df51ccc2e977dfd86a90.php 第 138 行.
INFO: Run ParseTemplate Behavior [ RunTime:0.037277s ]
INFO: [ view_parse ] --END-- [ RunTime:0.037344s ]
INFO: [ view_filter ] --START--
INFO: Run ContentReplace Behavior [ RunTime:0.000412s ]
INFO: Run TokenBuild Behavior [ RunTime:0.000254s ]
INFO: Run WriteHtmlCache Behavior [ RunTime:0.000142s ]
INFO: Run ShowRuntime Behavior [ RunTime:0.000369s ]
INFO: [ view_filter ] --END-- [ RunTime:0.001346s ]
INFO: [ view_end ] --START--
INFO: Run ShowPageTrace Behavior [ RunTime:0.000414s ]
INFO: [ view_end ] --END-- [ RunTime:0.000470s ]

[ 2016-06-21T09:29:42+08:00 ] 101.81.35.125 /bobo2/admin.php/Content/content/catid/25/cls/2
INFO: [ route_check ] --START--
INFO: Run CheckRoute Behavior [ RunTime:0.000902s ]
INFO: [ route_check ] --END-- [ RunTime:0.001007s ]
INFO: [ app_begin ] --START--
INFO: Run ReadHtmlCache Behavior [ RunTime:0.000558s ]
INFO: [ app_begin ] --END-- [ RunTime:0.000649s ]
NOTIC: [2048] Declaration of ContentAction::show() should be compatible with that of Action::show() /var/www/html/bobo2/Admin/Lib/Action/ContentAction.class.php 第 4 行.
SQL: SHOW COLUMNS FROM `tp_content` [ RunTime:0.000774s ]
SQL: SHOW COLUMNS FROM `tp_category` [ RunTime:0.000581s ]
SQL: SHOW COLUMNS FROM `tp_product` [ RunTime:0.000639s ]
SQL: SELECT COUNT(*) AS tp_count FROM `tp_content` WHERE ( catid=25 ) LIMIT 1   [ RunTime:0.000534s ]
SQL: SELECT `id`,`status`,`conorder`,`title`,`posid`,`inputtime` FROM `tp_content` WHERE ( catid=25 ) ORDER BY conorder desc,id desc LIMIT 0,10   [ RunTime:0.000548s ]
INFO: [ view_template ] --START--
INFO: Run LocationTemplate Behavior [ RunTime:0.000245s ]
INFO: [ view_template ] --END-- [ RunTime:0.000308s ]
INFO: [ view_parse ] --START--
INFO: Run ParseTemplate Behavior [ RunTime:0.041882s ]
INFO: [ view_parse ] --END-- [ RunTime:0.041996s ]
INFO: [ view_filter ] --START--
INFO: Run ContentReplace Behavior [ RunTime:0.000317s ]
INFO: Run TokenBuild Behavior [ RunTime:0.000251s ]
INFO: Run WriteHtmlCache Behavior [ RunTime:0.000142s ]
INFO: Run ShowRuntime Behavior [ RunTime:0.000338s ]
INFO: [ view_filter ] --END-- [ RunTime:0.001212s ]
INFO: [ view_end ] --START--
INFO: Run ShowPageTrace Behavior [ RunTime:0.000462s ]
INFO: [ view_end ] --END-- [ RunTime:0.000516s ]

[ 2016-06-21T09:29:45+08:00 ] 101.81.35.125 /bobo2/admin.php/Content/upContent/catid/25/id/5/cls/2
INFO: [ route_check ] --START--
INFO: Run CheckRoute Behavior [ RunTime:0.000636s ]
INFO: [ route_check ] --END-- [ RunTime:0.000811s ]
INFO: [ app_begin ] --START--
INFO: Run ReadHtmlCache Behavior [ RunTime:0.000386s ]
INFO: [ app_begin ] --END-- [ RunTime:0.000447s ]
NOTIC: [2048] Declaration of ContentAction::show() should be compatible with that of Action::show() /var/www/html/bobo2/Admin/Lib/Action/ContentAction.class.php 第 4 行.
SQL: SHOW COLUMNS FROM `tp_content` [ RunTime:0.001141s ]
SQL: SHOW COLUMNS FROM `tp_category` [ RunTime:0.000601s ]
SQL: SHOW COLUMNS FROM `tp_product` [ RunTime:0.000597s ]
SQL: SELECT `catname`,`catid` FROM `tp_category` WHERE ( catid=25  and siteid=1 ) LIMIT 1   [ RunTime:0.000256s ]
SQL: SELECT * FROM `tp_content` WHERE ( id=5  and siteid=1 ) LIMIT 1   [ RunTime:0.000196s ]
INFO: [ view_template ] --START--
INFO: Run LocationTemplate Behavior [ RunTime:0.000263s ]
INFO: [ view_template ] --END-- [ RunTime:0.000325s ]
INFO: [ view_parse ] --START--
INFO: Run ParseTemplate Behavior [ RunTime:0.031776s ]
INFO: [ view_parse ] --END-- [ RunTime:0.031862s ]
INFO: [ view_filter ] --START--
INFO: Run ContentReplace Behavior [ RunTime:0.000315s ]
INFO: Run TokenBuild Behavior [ RunTime:0.000245s ]
INFO: Run WriteHtmlCache Behavior [ RunTime:0.000166s ]
INFO: Run ShowRuntime Behavior [ RunTime:0.000313s ]
INFO: [ view_filter ] --END-- [ RunTime:0.001204s ]
INFO: [ view_end ] --START--
INFO: Run ShowPageTrace Behavior [ RunTime:0.000450s ]
INFO: [ view_end ] --END-- [ RunTime:0.000507s ]

[ 2016-06-21T09:38:54+08:00 ] 101.81.35.125 /bobo2/admin.php/Login/login
INFO: [ route_check ] --START--
INFO: Run CheckRoute Behavior [ RunTime:0.000604s ]
INFO: [ route_check ] --END-- [ RunTime:0.000685s ]
INFO: [ app_begin ] --START--
INFO: Run ReadHtmlCache Behavior [ RunTime:0.000354s ]
INFO: [ app_begin ] --END-- [ RunTime:0.000413s ]
INFO: [ view_template ] --START--
INFO: Run LocationTemplate Behavior [ RunTime:0.000195s ]
INFO: [ view_template ] --END-- [ RunTime:0.000256s ]
INFO: [ view_parse ] --START--
INFO: Run ParseTemplate Behavior [ RunTime:0.005171s ]
INFO: [ view_parse ] --END-- [ RunTime:0.005234s ]
INFO: [ view_filter ] --START--
INFO: Run ContentReplace Behavior [ RunTime:0.000250s ]
INFO: Run TokenBuild Behavior [ RunTime:0.000237s ]
INFO: Run WriteHtmlCache Behavior [ RunTime:0.000137s ]
INFO: Run ShowRuntime Behavior [ RunTime:0.000305s ]
INFO: [ view_filter ] --END-- [ RunTime:0.001086s ]
INFO: [ view_end ] --START--
INFO: Run ShowPageTrace Behavior [ RunTime:0.000431s ]
INFO: [ view_end ] --END-- [ RunTime:0.000485s ]

[ 2016-06-21T09:38:58+08:00 ] 101.81.35.125 /bobo2/admin.php/Login/doLogin
INFO: [ route_check ] --START--
INFO: Run CheckRoute Behavior [ RunTime:0.000581s ]
INFO: [ route_check ] --END-- [ RunTime:0.000662s ]
INFO: [ app_begin ] --START--
INFO: Run ReadHtmlCache Behavior [ RunTime:0.000358s ]
INFO: [ app_begin ] --END-- [ RunTime:0.000414s ]
SQL: SHOW COLUMNS FROM `tp_user` [ RunTime:0.000584s ]
SQL: SELECT * FROM `tp_user` WHERE ( `username` = 'mofang' ) AND ( `password` = '63fbf481658e05b00eea3921f783a80a' ) LIMIT 1   [ RunTime:0.000289s ]

[ 2016-06-21T09:39:00+08:00 ] 101.81.35.125 /bobo2/admin.php/Index/index/cls/1
INFO: [ route_check ] --START--
INFO: Run CheckRoute Behavior [ RunTime:0.000572s ]
INFO: [ route_check ] --END-- [ RunTime:0.000653s ]
INFO: [ app_begin ] --START--
INFO: Run ReadHtmlCache Behavior [ RunTime:0.000356s ]
INFO: [ app_begin ] --END-- [ RunTime:0.000416s ]
NOTIC: [2048] Declaration of IndexAction::show() should be compatible with that of Action::show() /var/www/html/bobo2/Admin/Lib/Action/IndexAction.class.php 第 3 行.
SQL: SHOW COLUMNS FROM `tp_user` [ RunTime:0.000548s ]
SQL: SHOW COLUMNS FROM `tp_index_picture` [ RunTime:0.000505s ]
NOTIC: [8] Undefined variable: gd /var/www/html/bobo2/Admin/Lib/Action/IndexAction.class.php 第 19 行.
INFO: [ view_template ] --START--
INFO: Run LocationTemplate Behavior [ RunTime:0.000275s ]
INFO: [ view_template ] --END-- [ RunTime:0.000345s ]
INFO: [ view_parse ] --START--
INFO: Run ParseTemplate Behavior [ RunTime:0.008447s ]
INFO: [ view_parse ] --END-- [ RunTime:0.008507s ]
INFO: [ view_filter ] --START--
INFO: Run ContentReplace Behavior [ RunTime:0.000256s ]
INFO: Run TokenBuild Behavior [ RunTime:0.000232s ]
INFO: Run WriteHtmlCache Behavior [ RunTime:0.000157s ]
INFO: Run ShowRuntime Behavior [ RunTime:0.000300s ]
INFO: [ view_filter ] --END-- [ RunTime:0.001104s ]
INFO: [ view_end ] --START--
INFO: Run ShowPageTrace Behavior [ RunTime:0.000402s ]
INFO: [ view_end ] --END-- [ RunTime:0.000457s ]

[ 2016-06-21T09:39:03+08:00 ] 101.81.35.125 /bobo2/admin.php/Category/category/cls/2
INFO: [ route_check ] --START--
INFO: Run CheckRoute Behavior [ RunTime:0.000614s ]
INFO: [ route_check ] --END-- [ RunTime:0.000695s ]
INFO: [ app_begin ] --START--
INFO: Run ReadHtmlCache Behavior [ RunTime:0.000398s ]
INFO: [ app_begin ] --END-- [ RunTime:0.000456s ]
SQL: SHOW COLUMNS FROM `tp_category` [ RunTime:0.001203s ]
SQL: SELECT `catid`,`catname`,`type`,`parentid`,concat(arrparentid,'-',catid) as bpath,`model`,`listorder` FROM `tp_category` WHERE ( siteid=1 ) ORDER BY parentid,listorder  [ RunTime:0.000416s ]
INFO: [ view_template ] --START--
INFO: Run LocationTemplate Behavior [ RunTime:0.000234s ]
INFO: [ view_template ] --END-- [ RunTime:0.000299s ]
INFO: [ view_parse ] --START--
NOTIC: [8] Use of undefined constant Index - assumed 'Index' /var/www/html/bobo2/Admin/Runtime/Cache/91a138de4020df51ccc2e977dfd86a90.php 第 138 行.
NOTIC: [8] Use of undefined constant Index - assumed 'Index' /var/www/html/bobo2/Admin/Runtime/Cache/91a138de4020df51ccc2e977dfd86a90.php 第 138 行.
NOTIC: [8] Use of undefined constant Index - assumed 'Index' /var/www/html/bobo2/Admin/Runtime/Cache/91a138de4020df51ccc2e977dfd86a90.php 第 138 行.
NOTIC: [8] Use of undefined constant Index - assumed 'Index' /var/www/html/bobo2/Admin/Runtime/Cache/91a138de4020df51ccc2e977dfd86a90.php 第 138 行.
NOTIC: [8] Use of undefined constant Index - assumed 'Index' /var/www/html/bobo2/Admin/Runtime/Cache/91a138de4020df51ccc2e977dfd86a90.php 第 138 行.
NOTIC: [8] Use of undefined constant Index - assumed 'Index' /var/www/html/bobo2/Admin/Runtime/Cache/91a138de4020df51ccc2e977dfd86a90.php 第 138 行.
NOTIC: [8] Use of undefined constant Content - assumed 'Content' /var/www/html/bobo2/Admin/Runtime/Cache/91a138de4020df51ccc2e977dfd86a90.php 第 167 行.
NOTIC: [8] Use of undefined constant Index - assumed 'Index' /var/www/html/bobo2/Admin/Runtime/Cache/91a138de4020df51ccc2e977dfd86a90.php 第 138 行.
NOTIC: [8] Use of undefined constant Content - assumed 'Content' /var/www/html/bobo2/Admin/Runtime/Cache/91a138de4020df51ccc2e977dfd86a90.php 第 167 行.
NOTIC: [8] Use of undefined constant Index - assumed 'Index' /var/www/html/bobo2/Admin/Runtime/Cache/91a138de4020df51ccc2e977dfd86a90.php 第 138 行.
NOTIC: [8] Use of undefined constant Content - assumed 'Content' /var/www/html/bobo2/Admin/Runtime/Cache/91a138de4020df51ccc2e977dfd86a90.php 第 167 行.
NOTIC: [8] Use of undefined constant Index - assumed 'Index' /var/www/html/bobo2/Admin/Runtime/Cache/91a138de4020df51ccc2e977dfd86a90.php 第 138 行.
NOTIC: [8] Use of undefined constant Content - assumed 'Content' /var/www/html/bobo2/Admin/Runtime/Cache/91a138de4020df51ccc2e977dfd86a90.php 第 167 行.
NOTIC: [8] Use of undefined constant Picture - assumed 'Picture' /var/www/html/bobo2/Admin/Runtime/Cache/91a138de4020df51ccc2e977dfd86a90.php 第 197 行.
NOTIC: [8] Use of undefined constant Product - assumed 'Product' /var/www/html/bobo2/Admin/Runtime/Cache/91a138de4020df51ccc2e977dfd86a90.php 第 227 行.
NOTIC: [8] Use of undefined constant Video - assumed 'Video' /var/www/html/bobo2/Admin/Runtime/Cache/91a138de4020df51ccc2e977dfd86a90.php 第 258 行.
NOTIC: [8] Use of undefined constant Index - assumed 'Index' /var/www/html/bobo2/Admin/Runtime/Cache/91a138de4020df51ccc2e977dfd86a90.php 第 138 行.
NOTIC: [8] Use of undefined constant Content - assumed 'Content' /var/www/html/bobo2/Admin/Runtime/Cache/91a138de4020df51ccc2e977dfd86a90.php 第 167 行.
NOTIC: [8] Use of undefined constant Picture - assumed 'Picture' /var/www/html/bobo2/Admin/Runtime/Cache/91a138de4020df51ccc2e977dfd86a90.php 第 197 行.
NOTIC: [8] Use of undefined constant Product - assumed 'Product' /var/www/html/bobo2/Admin/Runtime/Cache/91a138de4020df51ccc2e977dfd86a90.php 第 227 行.
NOTIC: [8] Use of undefined constant Video - assumed 'Video' /var/www/html/bobo2/Admin/Runtime/Cache/91a138de4020df51ccc2e977dfd86a90.php 第 258 行.
NOTIC: [8] Use of undefined constant Index - assumed 'Index' /var/www/html/bobo2/Admin/Runtime/Cache/91a138de4020df51ccc2e977dfd86a90.php 第 138 行.
NOTIC: [8] Use of undefined constant Content - assumed 'Content' /var/www/html/bobo2/Admin/Runtime/Cache/91a138de4020df51ccc2e977dfd86a90.php 第 167 行.
NOTIC: [8] Use of undefined constant Picture - assumed 'Picture' /var/www/html/bobo2/Admin/Runtime/Cache/91a138de4020df51ccc2e977dfd86a90.php 第 197 行.
NOTIC: [8] Use of undefined constant Product - assumed 'Product' /var/www/html/bobo2/Admin/Runtime/Cache/91a138de4020df51ccc2e977dfd86a90.php 第 227 行.
NOTIC: [8] Use of undefined constant Index - assumed 'Index' /var/www/html/bobo2/Admin/Runtime/Cache/91a138de4020df51ccc2e977dfd86a90.php 第 138 行.
NOTIC: [8] Use of undefined constant Content - assumed 'Content' /var/www/html/bobo2/Admin/Runtime/Cache/91a138de4020df51ccc2e977dfd86a90.php 第 167 行.
NOTIC: [8] Use of undefined constant Picture - assumed 'Picture' /var/www/html/bobo2/Admin/Runtime/Cache/91a138de4020df51ccc2e977dfd86a90.php 第 197 行.
NOTIC: [8] Use of undefined constant Product - assumed 'Product' /var/www/html/bobo2/Admin/Runtime/Cache/91a138de4020df51ccc2e977dfd86a90.php 第 227 行.
NOTIC: [8] Use of undefined constant Index - assumed 'Index' /var/www/html/bobo2/Admin/Runtime/Cache/91a138de4020df51ccc2e977dfd86a90.php 第 138 行.
NOTIC: [8] Use of undefined constant Content - assumed 'Content' /var/www/html/bobo2/Admin/Runtime/Cache/91a138de4020df51ccc2e977dfd86a90.php 第 167 行.
NOTIC: [8] Use of undefined constant Picture - assumed 'Picture' /var/www/html/bobo2/Admin/Runtime/Cache/91a138de4020df51ccc2e977dfd86a90.php 第 197 行.
NOTIC: [8] Use of undefined constant Product - assumed 'Product' /var/www/html/bobo2/Admin/Runtime/Cache/91a138de4020df51ccc2e977dfd86a90.php 第 227 行.
NOTIC: [8] Use of undefined constant Index - assumed 'Index' /var/www/html/bobo2/Admin/Runtime/Cache/91a138de4020df51ccc2e977dfd86a90.php 第 138 行.
NOTIC: [8] Use of undefined constant Content - assumed 'Content' /var/www/html/bobo2/Admin/Runtime/Cache/91a138de4020df51ccc2e977dfd86a90.php 第 167 行.
NOTIC: [8] Use of undefined constant Picture - assumed 'Picture' /var/www/html/bobo2/Admin/Runtime/Cache/91a138de4020df51ccc2e977dfd86a90.php 第 197 行.
NOTIC: [8] Use of undefined constant Product - assumed 'Product' /var/www/html/bobo2/Admin/Runtime/Cache/91a138de4020df51ccc2e977dfd86a90.php 第 227 行.
NOTIC: [8] Use of undefined constant Index - assumed 'Index' /var/www/html/bobo2/Admin/Runtime/Cache/91a138de4020df51ccc2e977dfd86a90.php 第 138 行.
NOTIC: [8] Use of undefined constant Content - assumed 'Content' /var/www/html/bobo2/Admin/Runtime/Cache/91a138de4020df51ccc2e977dfd86a90.php 第 167 行.
NOTIC: [8] Use of undefined constant Picture - assumed 'Picture' /var/www/html/bobo2/Admin/Runtime/Cache/91a138de4020df51ccc2e977dfd86a90.php 第 197 行.
NOTIC: [8] Use of undefined constant Product - assumed 'Product' /var/www/html/bobo2/Admin/Runtime/Cache/91a138de4020df51ccc2e977dfd86a90.php 第 227 行.
NOTIC: [8] Use of undefined constant Index - assumed 'Index' /var/www/html/bobo2/Admin/Runtime/Cache/91a138de4020df51ccc2e977dfd86a90.php 第 138 行.
NOTIC: [8] Use of undefined constant Content - assumed 'Content' /var/www/html/bobo2/Admin/Runtime/Cache/91a138de4020df51ccc2e977dfd86a90.php 第 167 行.
NOTIC: [8] Use of undefined constant Picture - assumed 'Picture' /var/www/html/bobo2/Admin/Runtime/Cache/91a138de4020df51ccc2e977dfd86a90.php 第 197 行.
NOTIC: [8] Use of undefined constant Product - assumed 'Product' /var/www/html/bobo2/Admin/Runtime/Cache/91a138de4020df51ccc2e977dfd86a90.php 第 227 行.
NOTIC: [8] Use of undefined constant Index - assumed 'Index' /var/www/html/bobo2/Admin/Runtime/Cache/91a138de4020df51ccc2e977dfd86a90.php 第 138 行.
NOTIC: [8] Use of undefined constant Content - assumed 'Content' /var/www/html/bobo2/Admin/Runtime/Cache/91a138de4020df51ccc2e977dfd86a90.php 第 167 行.
NOTIC: [8] Use of undefined constant Picture - assumed 'Picture' /var/www/html/bobo2/Admin/Runtime/Cache/91a138de4020df51ccc2e977dfd86a90.php 第 197 行.
NOTIC: [8] Use of undefined constant Product - assumed 'Product' /var/www/html/bobo2/Admin/Runtime/Cache/91a138de4020df51ccc2e977dfd86a90.php 第 227 行.
NOTIC: [8] Use of undefined constant Index - assumed 'Index' /var/www/html/bobo2/Admin/Runtime/Cache/91a138de4020df51ccc2e977dfd86a90.php 第 138 行.
NOTIC: [8] Use of undefined constant Content - assumed 'Content' /var/www/html/bobo2/Admin/Runtime/Cache/91a138de4020df51ccc2e977dfd86a90.php 第 167 行.
NOTIC: [8] Use of undefined constant Picture - assumed 'Picture' /var/www/html/bobo2/Admin/Runtime/Cache/91a138de4020df51ccc2e977dfd86a90.php 第 197 行.
NOTIC: [8] Use of undefined constant Product - assumed 'Product' /var/www/html/bobo2/Admin/Runtime/Cache/91a138de4020df51ccc2e977dfd86a90.php 第 227 行.
NOTIC: [8] Use of undefined constant Index - assumed 'Index' /var/www/html/bobo2/Admin/Runtime/Cache/91a138de4020df51ccc2e977dfd86a90.php 第 138 行.
NOTIC: [8] Use of undefined constant Index - assumed 'Index' /var/www/html/bobo2/Admin/Runtime/Cache/91a138de4020df51ccc2e977dfd86a90.php 第 138 行.
INFO: Run ParseTemplate Behavior [ RunTime:0.017724s ]
INFO: [ view_parse ] --END-- [ RunTime:0.017781s ]
INFO: [ view_filter ] --START--
INFO: Run ContentReplace Behavior [ RunTime:0.000358s ]
INFO: Run TokenBuild Behavior [ RunTime:0.000242s ]
INFO: Run WriteHtmlCache Behavior [ RunTime:0.000176s ]
INFO: Run ShowRuntime Behavior [ RunTime:0.000316s ]
INFO: [ view_filter ] --END-- [ RunTime:0.001255s ]
INFO: [ view_end ] --START--
INFO: Run ShowPageTrace Behavior [ RunTime:0.000395s ]
INFO: [ view_end ] --END-- [ RunTime:0.000449s ]

[ 2016-06-21T09:39:09+08:00 ] 101.81.35.125 /bobo2/admin.php/Content/content/catid/25/cls/2
INFO: [ route_check ] --START--
INFO: Run CheckRoute Behavior [ RunTime:0.000576s ]
INFO: [ route_check ] --END-- [ RunTime:0.000657s ]
INFO: [ app_begin ] --START--
INFO: Run ReadHtmlCache Behavior [ RunTime:0.000358s ]
INFO: [ app_begin ] --END-- [ RunTime:0.000438s ]
NOTIC: [2048] Declaration of ContentAction::show() should be compatible with that of Action::show() /var/www/html/bobo2/Admin/Lib/Action/ContentAction.class.php 第 4 行.
SQL: SHOW COLUMNS FROM `tp_content` [ RunTime:0.000782s ]
SQL: SHOW COLUMNS FROM `tp_category` [ RunTime:0.000563s ]
SQL: SHOW COLUMNS FROM `tp_product` [ RunTime:0.000643s ]
SQL: SELECT COUNT(*) AS tp_count FROM `tp_content` WHERE ( catid=25 ) LIMIT 1   [ RunTime:0.000518s ]
SQL: SELECT `id`,`status`,`conorder`,`title`,`posid`,`inputtime` FROM `tp_content` WHERE ( catid=25 ) ORDER BY conorder desc,id desc LIMIT 0,10   [ RunTime:0.000459s ]
INFO: [ view_template ] --START--
INFO: Run LocationTemplate Behavior [ RunTime:0.000220s ]
INFO: [ view_template ] --END-- [ RunTime:0.000299s ]
INFO: [ view_parse ] --START--
INFO: Run ParseTemplate Behavior [ RunTime:0.013431s ]
INFO: [ view_parse ] --END-- [ RunTime:0.013510s ]
INFO: [ view_filter ] --START--
INFO: Run ContentReplace Behavior [ RunTime:0.000283s ]
INFO: Run TokenBuild Behavior [ RunTime:0.000239s ]
INFO: Run WriteHtmlCache Behavior [ RunTime:0.000161s ]
INFO: Run ShowRuntime Behavior [ RunTime:0.000303s ]
INFO: [ view_filter ] --END-- [ RunTime:0.001150s ]
INFO: [ view_end ] --START--
INFO: Run ShowPageTrace Behavior [ RunTime:0.000399s ]
INFO: [ view_end ] --END-- [ RunTime:0.000453s ]

[ 2016-06-21T09:39:11+08:00 ] 101.81.35.125 /bobo2/admin.php/Content/upContent/catid/25/id/5/cls/2
INFO: [ route_check ] --START--
INFO: Run CheckRoute Behavior [ RunTime:0.000598s ]
INFO: [ route_check ] --END-- [ RunTime:0.000679s ]
INFO: [ app_begin ] --START--
INFO: Run ReadHtmlCache Behavior [ RunTime:0.000379s ]
INFO: [ app_begin ] --END-- [ RunTime:0.000445s ]
NOTIC: [2048] Declaration of ContentAction::show() should be compatible with that of Action::show() /var/www/html/bobo2/Admin/Lib/Action/ContentAction.class.php 第 4 行.
SQL: SHOW COLUMNS FROM `tp_content` [ RunTime:0.000781s ]
SQL: SHOW COLUMNS FROM `tp_category` [ RunTime:0.000589s ]
SQL: SHOW COLUMNS FROM `tp_product` [ RunTime:0.000627s ]
SQL: SELECT `catname`,`catid` FROM `tp_category` WHERE ( catid=25  and siteid=1 ) LIMIT 1   [ RunTime:0.000261s ]
SQL: SELECT * FROM `tp_content` WHERE ( id=5  and siteid=1 ) LIMIT 1   [ RunTime:0.000200s ]
INFO: [ view_template ] --START--
INFO: Run LocationTemplate Behavior [ RunTime:0.000265s ]
INFO: [ view_template ] --END-- [ RunTime:0.000327s ]
INFO: [ view_parse ] --START--
INFO: Run ParseTemplate Behavior [ RunTime:0.014929s ]
INFO: [ view_parse ] --END-- [ RunTime:0.015020s ]
INFO: [ view_filter ] --START--
INFO: Run ContentReplace Behavior [ RunTime:0.000319s ]
INFO: Run TokenBuild Behavior [ RunTime:0.000248s ]
INFO: Run WriteHtmlCache Behavior [ RunTime:0.000199s ]
INFO: Run ShowRuntime Behavior [ RunTime:0.000343s ]
INFO: [ view_filter ] --END-- [ RunTime:0.001283s ]
INFO: [ view_end ] --START--
INFO: Run ShowPageTrace Behavior [ RunTime:0.000455s ]
INFO: [ view_end ] --END-- [ RunTime:0.000516s ]

[ 2016-06-21T13:01:52+08:00 ] 101.81.35.125 /bobo2/admin.php/Category/category/cls/2
INFO: [ route_check ] --START--
INFO: Run CheckRoute Behavior [ RunTime:0.000595s ]
INFO: [ route_check ] --END-- [ RunTime:0.000677s ]
INFO: [ app_begin ] --START--
INFO: Run ReadHtmlCache Behavior [ RunTime:0.000382s ]
INFO: [ app_begin ] --END-- [ RunTime:0.000442s ]
SQL: SHOW COLUMNS FROM `tp_category` [ RunTime:0.000713s ]
SQL: SELECT `catid`,`catname`,`type`,`parentid`,concat(arrparentid,'-',catid) as bpath,`model`,`listorder` FROM `tp_category` WHERE ( siteid=1 ) ORDER BY parentid,listorder  [ RunTime:0.000442s ]
INFO: [ view_template ] --START--
INFO: Run LocationTemplate Behavior [ RunTime:0.000354s ]
INFO: [ view_template ] --END-- [ RunTime:0.000421s ]
INFO: [ view_parse ] --START--
NOTIC: [8] Use of undefined constant Index - assumed 'Index' /var/www/html/bobo2/Admin/Runtime/Cache/91a138de4020df51ccc2e977dfd86a90.php 第 138 行.
NOTIC: [8] Use of undefined constant Index - assumed 'Index' /var/www/html/bobo2/Admin/Runtime/Cache/91a138de4020df51ccc2e977dfd86a90.php 第 138 行.
NOTIC: [8] Use of undefined constant Index - assumed 'Index' /var/www/html/bobo2/Admin/Runtime/Cache/91a138de4020df51ccc2e977dfd86a90.php 第 138 行.
NOTIC: [8] Use of undefined constant Index - assumed 'Index' /var/www/html/bobo2/Admin/Runtime/Cache/91a138de4020df51ccc2e977dfd86a90.php 第 138 行.
NOTIC: [8] Use of undefined constant Index - assumed 'Index' /var/www/html/bobo2/Admin/Runtime/Cache/91a138de4020df51ccc2e977dfd86a90.php 第 138 行.
NOTIC: [8] Use of undefined constant Index - assumed 'Index' /var/www/html/bobo2/Admin/Runtime/Cache/91a138de4020df51ccc2e977dfd86a90.php 第 138 行.
NOTIC: [8] Use of undefined constant Content - assumed 'Content' /var/www/html/bobo2/Admin/Runtime/Cache/91a138de4020df51ccc2e977dfd86a90.php 第 167 行.
NOTIC: [8] Use of undefined constant Index - assumed 'Index' /var/www/html/bobo2/Admin/Runtime/Cache/91a138de4020df51ccc2e977dfd86a90.php 第 138 行.
NOTIC: [8] Use of undefined constant Content - assumed 'Content' /var/www/html/bobo2/Admin/Runtime/Cache/91a138de4020df51ccc2e977dfd86a90.php 第 167 行.
NOTIC: [8] Use of undefined constant Index - assumed 'Index' /var/www/html/bobo2/Admin/Runtime/Cache/91a138de4020df51ccc2e977dfd86a90.php 第 138 行.
NOTIC: [8] Use of undefined constant Content - assumed 'Content' /var/www/html/bobo2/Admin/Runtime/Cache/91a138de4020df51ccc2e977dfd86a90.php 第 167 行.
NOTIC: [8] Use of undefined constant Index - assumed 'Index' /var/www/html/bobo2/Admin/Runtime/Cache/91a138de4020df51ccc2e977dfd86a90.php 第 138 行.
NOTIC: [8] Use of undefined constant Content - assumed 'Content' /var/www/html/bobo2/Admin/Runtime/Cache/91a138de4020df51ccc2e977dfd86a90.php 第 167 行.
NOTIC: [8] Use of undefined constant Picture - assumed 'Picture' /var/www/html/bobo2/Admin/Runtime/Cache/91a138de4020df51ccc2e977dfd86a90.php 第 197 行.
NOTIC: [8] Use of undefined constant Product - assumed 'Product' /var/www/html/bobo2/Admin/Runtime/Cache/91a138de4020df51ccc2e977dfd86a90.php 第 227 行.
NOTIC: [8] Use of undefined constant Video - assumed 'Video' /var/www/html/bobo2/Admin/Runtime/Cache/91a138de4020df51ccc2e977dfd86a90.php 第 258 行.
NOTIC: [8] Use of undefined constant Index - assumed 'Index' /var/www/html/bobo2/Admin/Runtime/Cache/91a138de4020df51ccc2e977dfd86a90.php 第 138 行.
NOTIC: [8] Use of undefined constant Content - assumed 'Content' /var/www/html/bobo2/Admin/Runtime/Cache/91a138de4020df51ccc2e977dfd86a90.php 第 167 行.
NOTIC: [8] Use of undefined constant Picture - assumed 'Picture' /var/www/html/bobo2/Admin/Runtime/Cache/91a138de4020df51ccc2e977dfd86a90.php 第 197 行.
NOTIC: [8] Use of undefined constant Product - assumed 'Product' /var/www/html/bobo2/Admin/Runtime/Cache/91a138de4020df51ccc2e977dfd86a90.php 第 227 行.
NOTIC: [8] Use of undefined constant Video - assumed 'Video' /var/www/html/bobo2/Admin/Runtime/Cache/91a138de4020df51ccc2e977dfd86a90.php 第 258 行.
NOTIC: [8] Use of undefined constant Index - assumed 'Index' /var/www/html/bobo2/Admin/Runtime/Cache/91a138de4020df51ccc2e977dfd86a90.php 第 138 行.
NOTIC: [8] Use of undefined constant Content - assumed 'Content' /var/www/html/bobo2/Admin/Runtime/Cache/91a138de4020df51ccc2e977dfd86a90.php 第 167 行.
NOTIC: [8] Use of undefined constant Picture - assumed 'Picture' /var/www/html/bobo2/Admin/Runtime/Cache/91a138de4020df51ccc2e977dfd86a90.php 第 197 行.
NOTIC: [8] Use of undefined constant Product - assumed 'Product' /var/www/html/bobo2/Admin/Runtime/Cache/91a138de4020df51ccc2e977dfd86a90.php 第 227 行.
NOTIC: [8] Use of undefined constant Index - assumed 'Index' /var/www/html/bobo2/Admin/Runtime/Cache/91a138de4020df51ccc2e977dfd86a90.php 第 138 行.
NOTIC: [8] Use of undefined constant Content - assumed 'Content' /var/www/html/bobo2/Admin/Runtime/Cache/91a138de4020df51ccc2e977dfd86a90.php 第 167 行.
NOTIC: [8] Use of undefined constant Picture - assumed 'Picture' /var/www/html/bobo2/Admin/Runtime/Cache/91a138de4020df51ccc2e977dfd86a90.php 第 197 行.
NOTIC: [8] Use of undefined constant Product - assumed 'Product' /var/www/html/bobo2/Admin/Runtime/Cache/91a138de4020df51ccc2e977dfd86a90.php 第 227 行.
NOTIC: [8] Use of undefined constant Index - assumed 'Index' /var/www/html/bobo2/Admin/Runtime/Cache/91a138de4020df51ccc2e977dfd86a90.php 第 138 行.
NOTIC: [8] Use of undefined constant Content - assumed 'Content' /var/www/html/bobo2/Admin/Runtime/Cache/91a138de4020df51ccc2e977dfd86a90.php 第 167 行.
NOTIC: [8] Use of undefined constant Picture - assumed 'Picture' /var/www/html/bobo2/Admin/Runtime/Cache/91a138de4020df51ccc2e977dfd86a90.php 第 197 行.
NOTIC: [8] Use of undefined constant Product - assumed 'Product' /var/www/html/bobo2/Admin/Runtime/Cache/91a138de4020df51ccc2e977dfd86a90.php 第 227 行.
NOTIC: [8] Use of undefined constant Index - assumed 'Index' /var/www/html/bobo2/Admin/Runtime/Cache/91a138de4020df51ccc2e977dfd86a90.php 第 138 行.
NOTIC: [8] Use of undefined constant Content - assumed 'Content' /var/www/html/bobo2/Admin/Runtime/Cache/91a138de4020df51ccc2e977dfd86a90.php 第 167 行.
NOTIC: [8] Use of undefined constant Picture - assumed 'Picture' /var/www/html/bobo2/Admin/Runtime/Cache/91a138de4020df51ccc2e977dfd86a90.php 第 197 行.
NOTIC: [8] Use of undefined constant Product - assumed 'Product' /var/www/html/bobo2/Admin/Runtime/Cache/91a138de4020df51ccc2e977dfd86a90.php 第 227 行.
NOTIC: [8] Use of undefined constant Index - assumed 'Index' /var/www/html/bobo2/Admin/Runtime/Cache/91a138de4020df51ccc2e977dfd86a90.php 第 138 行.
NOTIC: [8] Use of undefined constant Content - assumed 'Content' /var/www/html/bobo2/Admin/Runtime/Cache/91a138de4020df51ccc2e977dfd86a90.php 第 167 行.
NOTIC: [8] Use of undefined constant Picture - assumed 'Picture' /var/www/html/bobo2/Admin/Runtime/Cache/91a138de4020df51ccc2e977dfd86a90.php 第 197 行.
NOTIC: [8] Use of undefined constant Product - assumed 'Product' /var/www/html/bobo2/Admin/Runtime/Cache/91a138de4020df51ccc2e977dfd86a90.php 第 227 行.
NOTIC: [8] Use of undefined constant Index - assumed 'Index' /var/www/html/bobo2/Admin/Runtime/Cache/91a138de4020df51ccc2e977dfd86a90.php 第 138 行.
NOTIC: [8] Use of undefined constant Content - assumed 'Content' /var/www/html/bobo2/Admin/Runtime/Cache/91a138de4020df51ccc2e977dfd86a90.php 第 167 行.
NOTIC: [8] Use of undefined constant Picture - assumed 'Picture' /var/www/html/bobo2/Admin/Runtime/Cache/91a138de4020df51ccc2e977dfd86a90.php 第 197 行.
NOTIC: [8] Use of undefined constant Product - assumed 'Product' /var/www/html/bobo2/Admin/Runtime/Cache/91a138de4020df51ccc2e977dfd86a90.php 第 227 行.
NOTIC: [8] Use of undefined constant Index - assumed 'Index' /var/www/html/bobo2/Admin/Runtime/Cache/91a138de4020df51ccc2e977dfd86a90.php 第 138 行.
NOTIC: [8] Use of undefined constant Content - assumed 'Content' /var/www/html/bobo2/Admin/Runtime/Cache/91a138de4020df51ccc2e977dfd86a90.php 第 167 行.
NOTIC: [8] Use of undefined constant Picture - assumed 'Picture' /var/www/html/bobo2/Admin/Runtime/Cache/91a138de4020df51ccc2e977dfd86a90.php 第 197 行.
NOTIC: [8] Use of undefined constant Product - assumed 'Product' /var/www/html/bobo2/Admin/Runtime/Cache/91a138de4020df51ccc2e977dfd86a90.php 第 227 行.
NOTIC: [8] Use of undefined constant Index - assumed 'Index' /var/www/html/bobo2/Admin/Runtime/Cache/91a138de4020df51ccc2e977dfd86a90.php 第 138 行.
NOTIC: [8] Use of undefined constant Content - assumed 'Content' /var/www/html/bobo2/Admin/Runtime/Cache/91a138de4020df51ccc2e977dfd86a90.php 第 167 行.
NOTIC: [8] Use of undefined constant Picture - assumed 'Picture' /var/www/html/bobo2/Admin/Runtime/Cache/91a138de4020df51ccc2e977dfd86a90.php 第 197 行.
NOTIC: [8] Use of undefined constant Product - assumed 'Product' /var/www/html/bobo2/Admin/Runtime/Cache/91a138de4020df51ccc2e977dfd86a90.php 第 227 行.
NOTIC: [8] Use of undefined constant Index - assumed 'Index' /var/www/html/bobo2/Admin/Runtime/Cache/91a138de4020df51ccc2e977dfd86a90.php 第 138 行.
NOTIC: [8] Use of undefined constant Index - assumed 'Index' /var/www/html/bobo2/Admin/Runtime/Cache/91a138de4020df51ccc2e977dfd86a90.php 第 138 行.
INFO: Run ParseTemplate Behavior [ RunTime:0.017965s ]
INFO: [ view_parse ] --END-- [ RunTime:0.018028s ]
INFO: [ view_filter ] --START--
INFO: Run ContentReplace Behavior [ RunTime:0.000390s ]
INFO: Run TokenBuild Behavior [ RunTime:0.000251s ]
INFO: Run WriteHtmlCache Behavior [ RunTime:0.000170s ]
INFO: Run ShowRuntime Behavior [ RunTime:0.000325s ]
INFO: [ view_filter ] --END-- [ RunTime:0.001297s ]
INFO: [ view_end ] --START--
INFO: Run ShowPageTrace Behavior [ RunTime:0.000434s ]
INFO: [ view_end ] --END-- [ RunTime:0.000490s ]

