[ 2016-06-14T21:09:12+08:00 ] 222.71.11.76 /bobo2/admin.php/Login/login
INFO: [ route_check ] --START--
INFO: Run CheckRoute Behavior [ RunTime:0.000603s ]
INFO: [ route_check ] --END-- [ RunTime:0.000692s ]
INFO: [ app_begin ] --START--
INFO: Run ReadHtmlCache Behavior [ RunTime:0.000384s ]
INFO: [ app_begin ] --END-- [ RunTime:0.000443s ]
INFO: [ view_template ] --START--
INFO: Run LocationTemplate Behavior [ RunTime:0.000277s ]
INFO: [ view_template ] --END-- [ RunTime:0.000365s ]
INFO: [ view_parse ] --START--
INFO: Run ParseTemplate Behavior [ RunTime:0.034346s ]
INFO: [ view_parse ] --END-- [ RunTime:0.034463s ]
INFO: [ view_filter ] --START--
INFO: Run ContentReplace Behavior [ RunTime:0.000239s ]
INFO: Run TokenBuild Behavior [ RunTime:0.000263s ]
INFO: Run WriteHtmlCache Behavior [ RunTime:0.000164s ]
INFO: Run ShowRuntime Behavior [ RunTime:0.000351s ]
INFO: [ view_filter ] --END-- [ RunTime:0.001179s ]
INFO: [ view_end ] --START--
INFO: Run ShowPageTrace Behavior [ RunTime:0.000450s ]
INFO: [ view_end ] --END-- [ RunTime:0.000505s ]

[ 2016-06-14T21:09:17+08:00 ] 222.71.11.76 /bobo2/admin.php/Login/doLogin
INFO: [ route_check ] --START--
INFO: Run CheckRoute Behavior [ RunTime:0.000601s ]
INFO: [ route_check ] --END-- [ RunTime:0.000681s ]
INFO: [ app_begin ] --START--
INFO: Run ReadHtmlCache Behavior [ RunTime:0.000360s ]
INFO: [ app_begin ] --END-- [ RunTime:0.000413s ]
SQL: SHOW COLUMNS FROM `tp_user` [ RunTime:0.026081s ]
SQL: SELECT * FROM `tp_user` WHERE ( `username` = 'mofang' ) AND ( `password` = '63fbf481658e05b00eea3921f783a80a' ) LIMIT 1   [ RunTime:0.001004s ]

[ 2016-06-14T21:09:19+08:00 ] 222.71.11.76 /bobo2/admin.php/Index/index/cls/1
INFO: [ route_check ] --START--
INFO: Run CheckRoute Behavior [ RunTime:0.000624s ]
INFO: [ route_check ] --END-- [ RunTime:0.000705s ]
INFO: [ app_begin ] --START--
INFO: Run ReadHtmlCache Behavior [ RunTime:0.000406s ]
INFO: [ app_begin ] --END-- [ RunTime:0.000467s ]
NOTIC: [2048] Declaration of IndexAction::show() should be compatible with that of Action::show() /var/www/html/bobo2/Admin/Lib/Action/IndexAction.class.php 第 3 行.
SQL: SHOW COLUMNS FROM `tp_user` [ RunTime:0.000558s ]
SQL: SHOW COLUMNS FROM `tp_index_picture` [ RunTime:0.000494s ]
NOTIC: [8] Undefined variable: gd /var/www/html/bobo2/Admin/Lib/Action/IndexAction.class.php 第 19 行.
INFO: [ view_template ] --START--
INFO: Run LocationTemplate Behavior [ RunTime:0.000286s ]
INFO: [ view_template ] --END-- [ RunTime:0.000356s ]
INFO: [ view_parse ] --START--
INFO: Run ParseTemplate Behavior [ RunTime:0.076710s ]
INFO: [ view_parse ] --END-- [ RunTime:0.076784s ]
INFO: [ view_filter ] --START--
INFO: Run ContentReplace Behavior [ RunTime:0.000284s ]
INFO: Run TokenBuild Behavior [ RunTime:0.000267s ]
INFO: Run WriteHtmlCache Behavior [ RunTime:0.000139s ]
INFO: Run ShowRuntime Behavior [ RunTime:0.000301s ]
INFO: [ view_filter ] --END-- [ RunTime:0.001158s ]
INFO: [ view_end ] --START--
INFO: Run ShowPageTrace Behavior [ RunTime:0.000555s ]
INFO: [ view_end ] --END-- [ RunTime:0.000628s ]

[ 2016-06-14T21:09:25+08:00 ] 222.71.11.76 /bobo2/admin.php/Category/category/cls/2
INFO: [ route_check ] --START--
INFO: Run CheckRoute Behavior [ RunTime:0.000642s ]
INFO: [ route_check ] --END-- [ RunTime:0.000723s ]
INFO: [ app_begin ] --START--
INFO: Run ReadHtmlCache Behavior [ RunTime:0.000543s ]
INFO: [ app_begin ] --END-- [ RunTime:0.000656s ]
SQL: SHOW COLUMNS FROM `tp_category` [ RunTime:0.000687s ]
SQL: SELECT `catid`,`catname`,`type`,`parentid`,concat(arrparentid,'-',catid) as bpath,`model`,`listorder` FROM `tp_category` WHERE ( siteid=1 ) ORDER BY parentid,listorder  [ RunTime:0.000421s ]
INFO: [ view_template ] --START--
INFO: Run LocationTemplate Behavior [ RunTime:0.000310s ]
INFO: [ view_template ] --END-- [ RunTime:0.000392s ]
INFO: [ view_parse ] --START--
NOTIC: [8] Use of undefined constant Index - assumed 'Index' /var/www/html/bobo2/Admin/Runtime/Cache/91a138de4020df51ccc2e977dfd86a90.php 第 138 行.
NOTIC: [8] Use of undefined constant Index - assumed 'Index' /var/www/html/bobo2/Admin/Runtime/Cache/91a138de4020df51ccc2e977dfd86a90.php 第 138 行.
NOTIC: [8] Use of undefined constant Index - assumed 'Index' /var/www/html/bobo2/Admin/Runtime/Cache/91a138de4020df51ccc2e977dfd86a90.php 第 138 行.
NOTIC: [8] Use of undefined constant Index - assumed 'Index' /var/www/html/bobo2/Admin/Runtime/Cache/91a138de4020df51ccc2e977dfd86a90.php 第 138 行.
NOTIC: [8] Use of undefined constant Index - assumed 'Index' /var/www/html/bobo2/Admin/Runtime/Cache/91a138de4020df51ccc2e977dfd86a90.php 第 138 行.
NOTIC: [8] Use of undefined constant Index - assumed 'Index' /var/www/html/bobo2/Admin/Runtime/Cache/91a138de4020df51ccc2e977dfd86a90.php 第 138 行.
NOTIC: [8] Use of undefined constant Content - assumed 'Content' /var/www/html/bobo2/Admin/Runtime/Cache/91a138de4020df51ccc2e977dfd86a90.php 第 167 行.
NOTIC: [8] Use of undefined constant Index - assumed 'Index' /var/www/html/bobo2/Admin/Runtime/Cache/91a138de4020df51ccc2e977dfd86a90.php 第 138 行.
NOTIC: [8] Use of undefined constant Content - assumed 'Content' /var/www/html/bobo2/Admin/Runtime/Cache/91a138de4020df51ccc2e977dfd86a90.php 第 167 行.
NOTIC: [8] Use of undefined constant Index - assumed 'Index' /var/www/html/bobo2/Admin/Runtime/Cache/91a138de4020df51ccc2e977dfd86a90.php 第 138 行.
NOTIC: [8] Use of undefined constant Content - assumed 'Content' /var/www/html/bobo2/Admin/Runtime/Cache/91a138de4020df51ccc2e977dfd86a90.php 第 167 行.
NOTIC: [8] Use of undefined constant Index - assumed 'Index' /var/www/html/bobo2/Admin/Runtime/Cache/91a138de4020df51ccc2e977dfd86a90.php 第 138 行.
NOTIC: [8] Use of undefined constant Content - assumed 'Content' /var/www/html/bobo2/Admin/Runtime/Cache/91a138de4020df51ccc2e977dfd86a90.php 第 167 行.
NOTIC: [8] Use of undefined constant Picture - assumed 'Picture' /var/www/html/bobo2/Admin/Runtime/Cache/91a138de4020df51ccc2e977dfd86a90.php 第 197 行.
NOTIC: [8] Use of undefined constant Product - assumed 'Product' /var/www/html/bobo2/Admin/Runtime/Cache/91a138de4020df51ccc2e977dfd86a90.php 第 227 行.
NOTIC: [8] Use of undefined constant Video - assumed 'Video' /var/www/html/bobo2/Admin/Runtime/Cache/91a138de4020df51ccc2e977dfd86a90.php 第 258 行.
NOTIC: [8] Use of undefined constant Index - assumed 'Index' /var/www/html/bobo2/Admin/Runtime/Cache/91a138de4020df51ccc2e977dfd86a90.php 第 138 行.
NOTIC: [8] Use of undefined constant Content - assumed 'Content' /var/www/html/bobo2/Admin/Runtime/Cache/91a138de4020df51ccc2e977dfd86a90.php 第 167 行.
NOTIC: [8] Use of undefined constant Picture - assumed 'Picture' /var/www/html/bobo2/Admin/Runtime/Cache/91a138de4020df51ccc2e977dfd86a90.php 第 197 行.
NOTIC: [8] Use of undefined constant Product - assumed 'Product' /var/www/html/bobo2/Admin/Runtime/Cache/91a138de4020df51ccc2e977dfd86a90.php 第 227 行.
NOTIC: [8] Use of undefined constant Video - assumed 'Video' /var/www/html/bobo2/Admin/Runtime/Cache/91a138de4020df51ccc2e977dfd86a90.php 第 258 行.
NOTIC: [8] Use of undefined constant Index - assumed 'Index' /var/www/html/bobo2/Admin/Runtime/Cache/91a138de4020df51ccc2e977dfd86a90.php 第 138 行.
NOTIC: [8] Use of undefined constant Content - assumed 'Content' /var/www/html/bobo2/Admin/Runtime/Cache/91a138de4020df51ccc2e977dfd86a90.php 第 167 行.
NOTIC: [8] Use of undefined constant Picture - assumed 'Picture' /var/www/html/bobo2/Admin/Runtime/Cache/91a138de4020df51ccc2e977dfd86a90.php 第 197 行.
NOTIC: [8] Use of undefined constant Product - assumed 'Product' /var/www/html/bobo2/Admin/Runtime/Cache/91a138de4020df51ccc2e977dfd86a90.php 第 227 行.
NOTIC: [8] Use of undefined constant Index - assumed 'Index' /var/www/html/bobo2/Admin/Runtime/Cache/91a138de4020df51ccc2e977dfd86a90.php 第 138 行.
NOTIC: [8] Use of undefined constant Content - assumed 'Content' /var/www/html/bobo2/Admin/Runtime/Cache/91a138de4020df51ccc2e977dfd86a90.php 第 167 行.
NOTIC: [8] Use of undefined constant Picture - assumed 'Picture' /var/www/html/bobo2/Admin/Runtime/Cache/91a138de4020df51ccc2e977dfd86a90.php 第 197 行.
NOTIC: [8] Use of undefined constant Product - assumed 'Product' /var/www/html/bobo2/Admin/Runtime/Cache/91a138de4020df51ccc2e977dfd86a90.php 第 227 行.
NOTIC: [8] Use of undefined constant Index - assumed 'Index' /var/www/html/bobo2/Admin/Runtime/Cache/91a138de4020df51ccc2e977dfd86a90.php 第 138 行.
NOTIC: [8] Use of undefined constant Content - assumed 'Content' /var/www/html/bobo2/Admin/Runtime/Cache/91a138de4020df51ccc2e977dfd86a90.php 第 167 行.
NOTIC: [8] Use of undefined constant Picture - assumed 'Picture' /var/www/html/bobo2/Admin/Runtime/Cache/91a138de4020df51ccc2e977dfd86a90.php 第 197 行.
NOTIC: [8] Use of undefined constant Product - assumed 'Product' /var/www/html/bobo2/Admin/Runtime/Cache/91a138de4020df51ccc2e977dfd86a90.php 第 227 行.
NOTIC: [8] Use of undefined constant Index - assumed 'Index' /var/www/html/bobo2/Admin/Runtime/Cache/91a138de4020df51ccc2e977dfd86a90.php 第 138 行.
NOTIC: [8] Use of undefined constant Content - assumed 'Content' /var/www/html/bobo2/Admin/Runtime/Cache/91a138de4020df51ccc2e977dfd86a90.php 第 167 行.
NOTIC: [8] Use of undefined constant Picture - assumed 'Picture' /var/www/html/bobo2/Admin/Runtime/Cache/91a138de4020df51ccc2e977dfd86a90.php 第 197 行.
NOTIC: [8] Use of undefined constant Product - assumed 'Product' /var/www/html/bobo2/Admin/Runtime/Cache/91a138de4020df51ccc2e977dfd86a90.php 第 227 行.
NOTIC: [8] Use of undefined constant Index - assumed 'Index' /var/www/html/bobo2/Admin/Runtime/Cache/91a138de4020df51ccc2e977dfd86a90.php 第 138 行.
NOTIC: [8] Use of undefined constant Content - assumed 'Content' /var/www/html/bobo2/Admin/Runtime/Cache/91a138de4020df51ccc2e977dfd86a90.php 第 167 行.
NOTIC: [8] Use of undefined constant Picture - assumed 'Picture' /var/www/html/bobo2/Admin/Runtime/Cache/91a138de4020df51ccc2e977dfd86a90.php 第 197 行.
NOTIC: [8] Use of undefined constant Product - assumed 'Product' /var/www/html/bobo2/Admin/Runtime/Cache/91a138de4020df51ccc2e977dfd86a90.php 第 227 行.
NOTIC: [8] Use of undefined constant Index - assumed 'Index' /var/www/html/bobo2/Admin/Runtime/Cache/91a138de4020df51ccc2e977dfd86a90.php 第 138 行.
NOTIC: [8] Use of undefined constant Content - assumed 'Content' /var/www/html/bobo2/Admin/Runtime/Cache/91a138de4020df51ccc2e977dfd86a90.php 第 167 行.
NOTIC: [8] Use of undefined constant Picture - assumed 'Picture' /var/www/html/bobo2/Admin/Runtime/Cache/91a138de4020df51ccc2e977dfd86a90.php 第 197 行.
NOTIC: [8] Use of undefined constant Product - assumed 'Product' /var/www/html/bobo2/Admin/Runtime/Cache/91a138de4020df51ccc2e977dfd86a90.php 第 227 行.
NOTIC: [8] Use of undefined constant Index - assumed 'Index' /var/www/html/bobo2/Admin/Runtime/Cache/91a138de4020df51ccc2e977dfd86a90.php 第 138 行.
NOTIC: [8] Use of undefined constant Content - assumed 'Content' /var/www/html/bobo2/Admin/Runtime/Cache/91a138de4020df51ccc2e977dfd86a90.php 第 167 行.
NOTIC: [8] Use of undefined constant Picture - assumed 'Picture' /var/www/html/bobo2/Admin/Runtime/Cache/91a138de4020df51ccc2e977dfd86a90.php 第 197 行.
NOTIC: [8] Use of undefined constant Product - assumed 'Product' /var/www/html/bobo2/Admin/Runtime/Cache/91a138de4020df51ccc2e977dfd86a90.php 第 227 行.
NOTIC: [8] Use of undefined constant Index - assumed 'Index' /var/www/html/bobo2/Admin/Runtime/Cache/91a138de4020df51ccc2e977dfd86a90.php 第 138 行.
NOTIC: [8] Use of undefined constant Content - assumed 'Content' /var/www/html/bobo2/Admin/Runtime/Cache/91a138de4020df51ccc2e977dfd86a90.php 第 167 行.
NOTIC: [8] Use of undefined constant Picture - assumed 'Picture' /var/www/html/bobo2/Admin/Runtime/Cache/91a138de4020df51ccc2e977dfd86a90.php 第 197 行.
NOTIC: [8] Use of undefined constant Product - assumed 'Product' /var/www/html/bobo2/Admin/Runtime/Cache/91a138de4020df51ccc2e977dfd86a90.php 第 227 行.
NOTIC: [8] Use of undefined constant Index - assumed 'Index' /var/www/html/bobo2/Admin/Runtime/Cache/91a138de4020df51ccc2e977dfd86a90.php 第 138 行.
NOTIC: [8] Use of undefined constant Index - assumed 'Index' /var/www/html/bobo2/Admin/Runtime/Cache/91a138de4020df51ccc2e977dfd86a90.php 第 138 行.
INFO: Run ParseTemplate Behavior [ RunTime:0.049392s ]
INFO: [ view_parse ] --END-- [ RunTime:0.049457s ]
INFO: [ view_filter ] --START--
INFO: Run ContentReplace Behavior [ RunTime:0.000361s ]
INFO: Run TokenBuild Behavior [ RunTime:0.000242s ]
INFO: Run WriteHtmlCache Behavior [ RunTime:0.000179s ]
INFO: Run ShowRuntime Behavior [ RunTime:0.000321s ]
INFO: [ view_filter ] --END-- [ RunTime:0.001266s ]
INFO: [ view_end ] --START--
INFO: Run ShowPageTrace Behavior [ RunTime:0.000418s ]
INFO: [ view_end ] --END-- [ RunTime:0.000475s ]

[ 2016-06-14T21:09:28+08:00 ] 222.71.11.76 /bobo2/admin.php/Content/content/catid/24/cls/2
INFO: [ route_check ] --START--
INFO: Run CheckRoute Behavior [ RunTime:0.000580s ]
INFO: [ route_check ] --END-- [ RunTime:0.000660s ]
INFO: [ app_begin ] --START--
INFO: Run ReadHtmlCache Behavior [ RunTime:0.000358s ]
INFO: [ app_begin ] --END-- [ RunTime:0.000418s ]
NOTIC: [2048] Declaration of ContentAction::show() should be compatible with that of Action::show() /var/www/html/bobo2/Admin/Lib/Action/ContentAction.class.php 第 4 行.
SQL: SHOW COLUMNS FROM `tp_content` [ RunTime:0.000750s ]
SQL: SHOW COLUMNS FROM `tp_category` [ RunTime:0.000562s ]
SQL: SHOW COLUMNS FROM `tp_product` [ RunTime:0.000637s ]
SQL: SELECT COUNT(*) AS tp_count FROM `tp_content` WHERE ( catid=24 ) LIMIT 1   [ RunTime:0.000429s ]
SQL: SELECT `id`,`status`,`conorder`,`title`,`posid`,`inputtime` FROM `tp_content` WHERE ( catid=24 ) ORDER BY conorder desc,id desc LIMIT 0,10   [ RunTime:0.000618s ]
INFO: [ view_template ] --START--
INFO: Run LocationTemplate Behavior [ RunTime:0.000239s ]
INFO: [ view_template ] --END-- [ RunTime:0.000300s ]
INFO: [ view_parse ] --START--
INFO: Run ParseTemplate Behavior [ RunTime:0.049094s ]
INFO: [ view_parse ] --END-- [ RunTime:0.049176s ]
INFO: [ view_filter ] --START--
INFO: Run ContentReplace Behavior [ RunTime:0.000357s ]
INFO: Run TokenBuild Behavior [ RunTime:0.000269s ]
INFO: Run WriteHtmlCache Behavior [ RunTime:0.000142s ]
INFO: Run ShowRuntime Behavior [ RunTime:0.000317s ]
INFO: [ view_filter ] --END-- [ RunTime:0.001252s ]
INFO: [ view_end ] --START--
INFO: Run ShowPageTrace Behavior [ RunTime:0.000449s ]
INFO: [ view_end ] --END-- [ RunTime:0.000503s ]

[ 2016-06-14T21:09:40+08:00 ] 222.71.11.76 /bobo2/admin.php/Content/upContent/catid/24/id/138/cls/2
INFO: [ route_check ] --START--
INFO: Run CheckRoute Behavior [ RunTime:0.000576s ]
INFO: [ route_check ] --END-- [ RunTime:0.000657s ]
INFO: [ app_begin ] --START--
INFO: Run ReadHtmlCache Behavior [ RunTime:0.000356s ]
INFO: [ app_begin ] --END-- [ RunTime:0.000419s ]
NOTIC: [2048] Declaration of ContentAction::show() should be compatible with that of Action::show() /var/www/html/bobo2/Admin/Lib/Action/ContentAction.class.php 第 4 行.
SQL: SHOW COLUMNS FROM `tp_content` [ RunTime:0.000845s ]
SQL: SHOW COLUMNS FROM `tp_category` [ RunTime:0.000591s ]
SQL: SHOW COLUMNS FROM `tp_product` [ RunTime:0.000649s ]
SQL: SELECT `catname`,`catid` FROM `tp_category` WHERE ( catid=24  and siteid=1 ) LIMIT 1   [ RunTime:0.000197s ]
SQL: SELECT * FROM `tp_content` WHERE ( id=138  and siteid=1 ) LIMIT 1   [ RunTime:0.000196s ]
SQL: SELECT a.id,tp_product.title,a.capacity,a.price FROM `tp_product` left join `tp_product_price` a on tp_product.id=a.pid WHERE ( tp_product.status=1 )  [ RunTime:0.001962s ]
INFO: [ view_template ] --START--
INFO: Run LocationTemplate Behavior [ RunTime:0.000270s ]
INFO: [ view_template ] --END-- [ RunTime:0.000332s ]
INFO: [ view_parse ] --START--
NOTIC: [8] Use of undefined constant id - assumed 'id' /var/www/html/bobo2/Admin/Runtime/Cache/356adffaf769ac024682f88a143e6d7f.php 第 171 行.
NOTIC: [8] Use of undefined constant id - assumed 'id' /var/www/html/bobo2/Admin/Runtime/Cache/356adffaf769ac024682f88a143e6d7f.php 第 171 行.
NOTIC: [8] Use of undefined constant id - assumed 'id' /var/www/html/bobo2/Admin/Runtime/Cache/356adffaf769ac024682f88a143e6d7f.php 第 171 行.
NOTIC: [8] Use of undefined constant id - assumed 'id' /var/www/html/bobo2/Admin/Runtime/Cache/356adffaf769ac024682f88a143e6d7f.php 第 171 行.
NOTIC: [8] Use of undefined constant id - assumed 'id' /var/www/html/bobo2/Admin/Runtime/Cache/356adffaf769ac024682f88a143e6d7f.php 第 171 行.
NOTIC: [8] Use of undefined constant id - assumed 'id' /var/www/html/bobo2/Admin/Runtime/Cache/356adffaf769ac024682f88a143e6d7f.php 第 171 行.
NOTIC: [8] Use of undefined constant id - assumed 'id' /var/www/html/bobo2/Admin/Runtime/Cache/356adffaf769ac024682f88a143e6d7f.php 第 171 行.
NOTIC: [8] Use of undefined constant id - assumed 'id' /var/www/html/bobo2/Admin/Runtime/Cache/356adffaf769ac024682f88a143e6d7f.php 第 171 行.
NOTIC: [8] Use of undefined constant id - assumed 'id' /var/www/html/bobo2/Admin/Runtime/Cache/356adffaf769ac024682f88a143e6d7f.php 第 171 行.
NOTIC: [8] Use of undefined constant id - assumed 'id' /var/www/html/bobo2/Admin/Runtime/Cache/356adffaf769ac024682f88a143e6d7f.php 第 171 行.
NOTIC: [8] Use of undefined constant id - assumed 'id' /var/www/html/bobo2/Admin/Runtime/Cache/356adffaf769ac024682f88a143e6d7f.php 第 171 行.
NOTIC: [8] Use of undefined constant id - assumed 'id' /var/www/html/bobo2/Admin/Runtime/Cache/356adffaf769ac024682f88a143e6d7f.php 第 171 行.
NOTIC: [8] Use of undefined constant id - assumed 'id' /var/www/html/bobo2/Admin/Runtime/Cache/356adffaf769ac024682f88a143e6d7f.php 第 171 行.
NOTIC: [8] Use of undefined constant id - assumed 'id' /var/www/html/bobo2/Admin/Runtime/Cache/356adffaf769ac024682f88a143e6d7f.php 第 171 行.
NOTIC: [8] Use of undefined constant id - assumed 'id' /var/www/html/bobo2/Admin/Runtime/Cache/356adffaf769ac024682f88a143e6d7f.php 第 171 行.
NOTIC: [8] Use of undefined constant id - assumed 'id' /var/www/html/bobo2/Admin/Runtime/Cache/356adffaf769ac024682f88a143e6d7f.php 第 171 行.
NOTIC: [8] Use of undefined constant id - assumed 'id' /var/www/html/bobo2/Admin/Runtime/Cache/356adffaf769ac024682f88a143e6d7f.php 第 171 行.
NOTIC: [8] Use of undefined constant id - assumed 'id' /var/www/html/bobo2/Admin/Runtime/Cache/356adffaf769ac024682f88a143e6d7f.php 第 171 行.
NOTIC: [8] Use of undefined constant id - assumed 'id' /var/www/html/bobo2/Admin/Runtime/Cache/356adffaf769ac024682f88a143e6d7f.php 第 171 行.
NOTIC: [8] Use of undefined constant id - assumed 'id' /var/www/html/bobo2/Admin/Runtime/Cache/356adffaf769ac024682f88a143e6d7f.php 第 171 行.
NOTIC: [8] Use of undefined constant id - assumed 'id' /var/www/html/bobo2/Admin/Runtime/Cache/356adffaf769ac024682f88a143e6d7f.php 第 171 行.
NOTIC: [8] Use of undefined constant id - assumed 'id' /var/www/html/bobo2/Admin/Runtime/Cache/356adffaf769ac024682f88a143e6d7f.php 第 171 行.
NOTIC: [8] Use of undefined constant id - assumed 'id' /var/www/html/bobo2/Admin/Runtime/Cache/356adffaf769ac024682f88a143e6d7f.php 第 171 行.
NOTIC: [8] Use of undefined constant id - assumed 'id' /var/www/html/bobo2/Admin/Runtime/Cache/356adffaf769ac024682f88a143e6d7f.php 第 171 行.
NOTIC: [8] Use of undefined constant id - assumed 'id' /var/www/html/bobo2/Admin/Runtime/Cache/356adffaf769ac024682f88a143e6d7f.php 第 171 行.
NOTIC: [8] Use of undefined constant id - assumed 'id' /var/www/html/bobo2/Admin/Runtime/Cache/356adffaf769ac024682f88a143e6d7f.php 第 171 行.
NOTIC: [8] Use of undefined constant id - assumed 'id' /var/www/html/bobo2/Admin/Runtime/Cache/356adffaf769ac024682f88a143e6d7f.php 第 171 行.
NOTIC: [8] Use of undefined constant id - assumed 'id' /var/www/html/bobo2/Admin/Runtime/Cache/356adffaf769ac024682f88a143e6d7f.php 第 171 行.
NOTIC: [8] Use of undefined constant id - assumed 'id' /var/www/html/bobo2/Admin/Runtime/Cache/356adffaf769ac024682f88a143e6d7f.php 第 171 行.
NOTIC: [8] Use of undefined constant id - assumed 'id' /var/www/html/bobo2/Admin/Runtime/Cache/356adffaf769ac024682f88a143e6d7f.php 第 171 行.
NOTIC: [8] Use of undefined constant id - assumed 'id' /var/www/html/bobo2/Admin/Runtime/Cache/356adffaf769ac024682f88a143e6d7f.php 第 171 行.
NOTIC: [8] Use of undefined constant id - assumed 'id' /var/www/html/bobo2/Admin/Runtime/Cache/356adffaf769ac024682f88a143e6d7f.php 第 171 行.
NOTIC: [8] Use of undefined constant id - assumed 'id' /var/www/html/bobo2/Admin/Runtime/Cache/356adffaf769ac024682f88a143e6d7f.php 第 171 行.
NOTIC: [8] Use of undefined constant id - assumed 'id' /var/www/html/bobo2/Admin/Runtime/Cache/356adffaf769ac024682f88a143e6d7f.php 第 171 行.
NOTIC: [8] Use of undefined constant id - assumed 'id' /var/www/html/bobo2/Admin/Runtime/Cache/356adffaf769ac024682f88a143e6d7f.php 第 171 行.
NOTIC: [8] Use of undefined constant id - assumed 'id' /var/www/html/bobo2/Admin/Runtime/Cache/356adffaf769ac024682f88a143e6d7f.php 第 171 行.
NOTIC: [8] Use of undefined constant id - assumed 'id' /var/www/html/bobo2/Admin/Runtime/Cache/356adffaf769ac024682f88a143e6d7f.php 第 171 行.
NOTIC: [8] Use of undefined constant id - assumed 'id' /var/www/html/bobo2/Admin/Runtime/Cache/356adffaf769ac024682f88a143e6d7f.php 第 171 行.
NOTIC: [8] Use of undefined constant id - assumed 'id' /var/www/html/bobo2/Admin/Runtime/Cache/356adffaf769ac024682f88a143e6d7f.php 第 171 行.
NOTIC: [8] Use of undefined constant id - assumed 'id' /var/www/html/bobo2/Admin/Runtime/Cache/356adffaf769ac024682f88a143e6d7f.php 第 171 行.
NOTIC: [8] Use of undefined constant id - assumed 'id' /var/www/html/bobo2/Admin/Runtime/Cache/356adffaf769ac024682f88a143e6d7f.php 第 171 行.
NOTIC: [8] Use of undefined constant id - assumed 'id' /var/www/html/bobo2/Admin/Runtime/Cache/356adffaf769ac024682f88a143e6d7f.php 第 171 行.
NOTIC: [8] Use of undefined constant id - assumed 'id' /var/www/html/bobo2/Admin/Runtime/Cache/356adffaf769ac024682f88a143e6d7f.php 第 171 行.
NOTIC: [8] Use of undefined constant id - assumed 'id' /var/www/html/bobo2/Admin/Runtime/Cache/356adffaf769ac024682f88a143e6d7f.php 第 171 行.
NOTIC: [8] Use of undefined constant id - assumed 'id' /var/www/html/bobo2/Admin/Runtime/Cache/356adffaf769ac024682f88a143e6d7f.php 第 171 行.
NOTIC: [8] Use of undefined constant id - assumed 'id' /var/www/html/bobo2/Admin/Runtime/Cache/356adffaf769ac024682f88a143e6d7f.php 第 171 行.
NOTIC: [8] Use of undefined constant id - assumed 'id' /var/www/html/bobo2/Admin/Runtime/Cache/356adffaf769ac024682f88a143e6d7f.php 第 171 行.
NOTIC: [8] Use of undefined constant id - assumed 'id' /var/www/html/bobo2/Admin/Runtime/Cache/356adffaf769ac024682f88a143e6d7f.php 第 171 行.
NOTIC: [8] Use of undefined constant id - assumed 'id' /var/www/html/bobo2/Admin/Runtime/Cache/356adffaf769ac024682f88a143e6d7f.php 第 171 行.
NOTIC: [8] Use of undefined constant id - assumed 'id' /var/www/html/bobo2/Admin/Runtime/Cache/356adffaf769ac024682f88a143e6d7f.php 第 171 行.
NOTIC: [8] Use of undefined constant id - assumed 'id' /var/www/html/bobo2/Admin/Runtime/Cache/356adffaf769ac024682f88a143e6d7f.php 第 171 行.
NOTIC: [8] Use of undefined constant id - assumed 'id' /var/www/html/bobo2/Admin/Runtime/Cache/356adffaf769ac024682f88a143e6d7f.php 第 171 行.
NOTIC: [8] Use of undefined constant id - assumed 'id' /var/www/html/bobo2/Admin/Runtime/Cache/356adffaf769ac024682f88a143e6d7f.php 第 171 行.
NOTIC: [8] Use of undefined constant id - assumed 'id' /var/www/html/bobo2/Admin/Runtime/Cache/356adffaf769ac024682f88a143e6d7f.php 第 171 行.
NOTIC: [8] Use of undefined constant id - assumed 'id' /var/www/html/bobo2/Admin/Runtime/Cache/356adffaf769ac024682f88a143e6d7f.php 第 171 行.
NOTIC: [8] Use of undefined constant id - assumed 'id' /var/www/html/bobo2/Admin/Runtime/Cache/356adffaf769ac024682f88a143e6d7f.php 第 171 行.
NOTIC: [8] Use of undefined constant id - assumed 'id' /var/www/html/bobo2/Admin/Runtime/Cache/356adffaf769ac024682f88a143e6d7f.php 第 171 行.
NOTIC: [8] Use of undefined constant id - assumed 'id' /var/www/html/bobo2/Admin/Runtime/Cache/356adffaf769ac024682f88a143e6d7f.php 第 171 行.
NOTIC: [8] Use of undefined constant id - assumed 'id' /var/www/html/bobo2/Admin/Runtime/Cache/356adffaf769ac024682f88a143e6d7f.php 第 171 行.
NOTIC: [8] Use of undefined constant id - assumed 'id' /var/www/html/bobo2/Admin/Runtime/Cache/356adffaf769ac024682f88a143e6d7f.php 第 171 行.
NOTIC: [8] Use of undefined constant id - assumed 'id' /var/www/html/bobo2/Admin/Runtime/Cache/356adffaf769ac024682f88a143e6d7f.php 第 171 行.
NOTIC: [8] Use of undefined constant id - assumed 'id' /var/www/html/bobo2/Admin/Runtime/Cache/356adffaf769ac024682f88a143e6d7f.php 第 171 行.
NOTIC: [8] Use of undefined constant id - assumed 'id' /var/www/html/bobo2/Admin/Runtime/Cache/356adffaf769ac024682f88a143e6d7f.php 第 171 行.
NOTIC: [8] Use of undefined constant id - assumed 'id' /var/www/html/bobo2/Admin/Runtime/Cache/356adffaf769ac024682f88a143e6d7f.php 第 171 行.
NOTIC: [8] Use of undefined constant id - assumed 'id' /var/www/html/bobo2/Admin/Runtime/Cache/356adffaf769ac024682f88a143e6d7f.php 第 171 行.
NOTIC: [8] Use of undefined constant id - assumed 'id' /var/www/html/bobo2/Admin/Runtime/Cache/356adffaf769ac024682f88a143e6d7f.php 第 171 行.
NOTIC: [8] Use of undefined constant id - assumed 'id' /var/www/html/bobo2/Admin/Runtime/Cache/356adffaf769ac024682f88a143e6d7f.php 第 171 行.
NOTIC: [8] Use of undefined constant id - assumed 'id' /var/www/html/bobo2/Admin/Runtime/Cache/356adffaf769ac024682f88a143e6d7f.php 第 171 行.
NOTIC: [8] Use of undefined constant id - assumed 'id' /var/www/html/bobo2/Admin/Runtime/Cache/356adffaf769ac024682f88a143e6d7f.php 第 171 行.
NOTIC: [8] Use of undefined constant id - assumed 'id' /var/www/html/bobo2/Admin/Runtime/Cache/356adffaf769ac024682f88a143e6d7f.php 第 171 行.
NOTIC: [8] Use of undefined constant id - assumed 'id' /var/www/html/bobo2/Admin/Runtime/Cache/356adffaf769ac024682f88a143e6d7f.php 第 171 行.
NOTIC: [8] Use of undefined constant id - assumed 'id' /var/www/html/bobo2/Admin/Runtime/Cache/356adffaf769ac024682f88a143e6d7f.php 第 171 行.
NOTIC: [8] Use of undefined constant id - assumed 'id' /var/www/html/bobo2/Admin/Runtime/Cache/356adffaf769ac024682f88a143e6d7f.php 第 171 行.
NOTIC: [8] Use of undefined constant id - assumed 'id' /var/www/html/bobo2/Admin/Runtime/Cache/356adffaf769ac024682f88a143e6d7f.php 第 171 行.
NOTIC: [8] Use of undefined constant id - assumed 'id' /var/www/html/bobo2/Admin/Runtime/Cache/356adffaf769ac024682f88a143e6d7f.php 第 171 行.
NOTIC: [8] Use of undefined constant id - assumed 'id' /var/www/html/bobo2/Admin/Runtime/Cache/356adffaf769ac024682f88a143e6d7f.php 第 171 行.
NOTIC: [8] Use of undefined constant id - assumed 'id' /var/www/html/bobo2/Admin/Runtime/Cache/356adffaf769ac024682f88a143e6d7f.php 第 171 行.
NOTIC: [8] Use of undefined constant id - assumed 'id' /var/www/html/bobo2/Admin/Runtime/Cache/356adffaf769ac024682f88a143e6d7f.php 第 171 行.
NOTIC: [8] Use of undefined constant id - assumed 'id' /var/www/html/bobo2/Admin/Runtime/Cache/356adffaf769ac024682f88a143e6d7f.php 第 171 行.
NOTIC: [8] Use of undefined constant id - assumed 'id' /var/www/html/bobo2/Admin/Runtime/Cache/356adffaf769ac024682f88a143e6d7f.php 第 171 行.
NOTIC: [8] Use of undefined constant id - assumed 'id' /var/www/html/bobo2/Admin/Runtime/Cache/356adffaf769ac024682f88a143e6d7f.php 第 171 行.
NOTIC: [8] Use of undefined constant id - assumed 'id' /var/www/html/bobo2/Admin/Runtime/Cache/356adffaf769ac024682f88a143e6d7f.php 第 171 行.
NOTIC: [8] Use of undefined constant id - assumed 'id' /var/www/html/bobo2/Admin/Runtime/Cache/356adffaf769ac024682f88a143e6d7f.php 第 171 行.
NOTIC: [8] Use of undefined constant id - assumed 'id' /var/www/html/bobo2/Admin/Runtime/Cache/356adffaf769ac024682f88a143e6d7f.php 第 171 行.
NOTIC: [8] Use of undefined constant id - assumed 'id' /var/www/html/bobo2/Admin/Runtime/Cache/356adffaf769ac024682f88a143e6d7f.php 第 171 行.
NOTIC: [8] Use of undefined constant id - assumed 'id' /var/www/html/bobo2/Admin/Runtime/Cache/356adffaf769ac024682f88a143e6d7f.php 第 171 行.
NOTIC: [8] Use of undefined constant id - assumed 'id' /var/www/html/bobo2/Admin/Runtime/Cache/356adffaf769ac024682f88a143e6d7f.php 第 171 行.
NOTIC: [8] Use of undefined constant id - assumed 'id' /var/www/html/bobo2/Admin/Runtime/Cache/356adffaf769ac024682f88a143e6d7f.php 第 171 行.
NOTIC: [8] Use of undefined constant id - assumed 'id' /var/www/html/bobo2/Admin/Runtime/Cache/356adffaf769ac024682f88a143e6d7f.php 第 171 行.
NOTIC: [8] Use of undefined constant id - assumed 'id' /var/www/html/bobo2/Admin/Runtime/Cache/356adffaf769ac024682f88a143e6d7f.php 第 171 行.
NOTIC: [8] Use of undefined constant id - assumed 'id' /var/www/html/bobo2/Admin/Runtime/Cache/356adffaf769ac024682f88a143e6d7f.php 第 171 行.
NOTIC: [8] Use of undefined constant id - assumed 'id' /var/www/html/bobo2/Admin/Runtime/Cache/356adffaf769ac024682f88a143e6d7f.php 第 171 行.
NOTIC: [8] Use of undefined constant id - assumed 'id' /var/www/html/bobo2/Admin/Runtime/Cache/356adffaf769ac024682f88a143e6d7f.php 第 171 行.
NOTIC: [8] Use of undefined constant id - assumed 'id' /var/www/html/bobo2/Admin/Runtime/Cache/356adffaf769ac024682f88a143e6d7f.php 第 171 行.
NOTIC: [8] Use of undefined constant id - assumed 'id' /var/www/html/bobo2/Admin/Runtime/Cache/356adffaf769ac024682f88a143e6d7f.php 第 171 行.
NOTIC: [8] Use of undefined constant id - assumed 'id' /var/www/html/bobo2/Admin/Runtime/Cache/356adffaf769ac024682f88a143e6d7f.php 第 171 行.
NOTIC: [8] Use of undefined constant id - assumed 'id' /var/www/html/bobo2/Admin/Runtime/Cache/356adffaf769ac024682f88a143e6d7f.php 第 171 行.
NOTIC: [8] Use of undefined constant id - assumed 'id' /var/www/html/bobo2/Admin/Runtime/Cache/356adffaf769ac024682f88a143e6d7f.php 第 171 行.
NOTIC: [8] Use of undefined constant id - assumed 'id' /var/www/html/bobo2/Admin/Runtime/Cache/356adffaf769ac024682f88a143e6d7f.php 第 171 行.
NOTIC: [8] Use of undefined constant id - assumed 'id' /var/www/html/bobo2/Admin/Runtime/Cache/356adffaf769ac024682f88a143e6d7f.php 第 171 行.
NOTIC: [8] Use of undefined constant id - assumed 'id' /var/www/html/bobo2/Admin/Runtime/Cache/356adffaf769ac024682f88a143e6d7f.php 第 171 行.
NOTIC: [8] Use of undefined constant id - assumed 'id' /var/www/html/bobo2/Admin/Runtime/Cache/356adffaf769ac024682f88a143e6d7f.php 第 171 行.
NOTIC: [8] Use of undefined constant id - assumed 'id' /var/www/html/bobo2/Admin/Runtime/Cache/356adffaf769ac024682f88a143e6d7f.php 第 171 行.
NOTIC: [8] Use of undefined constant id - assumed 'id' /var/www/html/bobo2/Admin/Runtime/Cache/356adffaf769ac024682f88a143e6d7f.php 第 171 行.
NOTIC: [8] Use of undefined constant id - assumed 'id' /var/www/html/bobo2/Admin/Runtime/Cache/356adffaf769ac024682f88a143e6d7f.php 第 171 行.
NOTIC: [8] Use of undefined constant id - assumed 'id' /var/www/html/bobo2/Admin/Runtime/Cache/356adffaf769ac024682f88a143e6d7f.php 第 171 行.
NOTIC: [8] Use of undefined constant id - assumed 'id' /var/www/html/bobo2/Admin/Runtime/Cache/356adffaf769ac024682f88a143e6d7f.php 第 171 行.
NOTIC: [8] Use of undefined constant id - assumed 'id' /var/www/html/bobo2/Admin/Runtime/Cache/356adffaf769ac024682f88a143e6d7f.php 第 171 行.
NOTIC: [8] Use of undefined constant id - assumed 'id' /var/www/html/bobo2/Admin/Runtime/Cache/356adffaf769ac024682f88a143e6d7f.php 第 171 行.
NOTIC: [8] Use of undefined constant id - assumed 'id' /var/www/html/bobo2/Admin/Runtime/Cache/356adffaf769ac024682f88a143e6d7f.php 第 171 行.
NOTIC: [8] Use of undefined constant id - assumed 'id' /var/www/html/bobo2/Admin/Runtime/Cache/356adffaf769ac024682f88a143e6d7f.php 第 171 行.
NOTIC: [8] Use of undefined constant id - assumed 'id' /var/www/html/bobo2/Admin/Runtime/Cache/356adffaf769ac024682f88a143e6d7f.php 第 171 行.
NOTIC: [8] Use of undefined constant id - assumed 'id' /var/www/html/bobo2/Admin/Runtime/Cache/356adffaf769ac024682f88a143e6d7f.php 第 171 行.
NOTIC: [8] Use of undefined constant id - assumed 'id' /var/www/html/bobo2/Admin/Runtime/Cache/356adffaf769ac024682f88a143e6d7f.php 第 171 行.
NOTIC: [8] Use of undefined constant id - assumed 'id' /var/www/html/bobo2/Admin/Runtime/Cache/356adffaf769ac024682f88a143e6d7f.php 第 171 行.
NOTIC: [8] Use of undefined constant id - assumed 'id' /var/www/html/bobo2/Admin/Runtime/Cache/356adffaf769ac024682f88a143e6d7f.php 第 171 行.
NOTIC: [8] Use of undefined constant id - assumed 'id' /var/www/html/bobo2/Admin/Runtime/Cache/356adffaf769ac024682f88a143e6d7f.php 第 171 行.
NOTIC: [8] Use of undefined constant id - assumed 'id' /var/www/html/bobo2/Admin/Runtime/Cache/356adffaf769ac024682f88a143e6d7f.php 第 171 行.
NOTIC: [8] Use of undefined constant id - assumed 'id' /var/www/html/bobo2/Admin/Runtime/Cache/356adffaf769ac024682f88a143e6d7f.php 第 171 行.
NOTIC: [8] Use of undefined constant id - assumed 'id' /var/www/html/bobo2/Admin/Runtime/Cache/356adffaf769ac024682f88a143e6d7f.php 第 171 行.
NOTIC: [8] Use of undefined constant id - assumed 'id' /var/www/html/bobo2/Admin/Runtime/Cache/356adffaf769ac024682f88a143e6d7f.php 第 171 行.
NOTIC: [8] Use of undefined constant id - assumed 'id' /var/www/html/bobo2/Admin/Runtime/Cache/356adffaf769ac024682f88a143e6d7f.php 第 171 行.
NOTIC: [8] Use of undefined constant id - assumed 'id' /var/www/html/bobo2/Admin/Runtime/Cache/356adffaf769ac024682f88a143e6d7f.php 第 171 行.
NOTIC: [8] Use of undefined constant id - assumed 'id' /var/www/html/bobo2/Admin/Runtime/Cache/356adffaf769ac024682f88a143e6d7f.php 第 171 行.
NOTIC: [8] Use of undefined constant id - assumed 'id' /var/www/html/bobo2/Admin/Runtime/Cache/356adffaf769ac024682f88a143e6d7f.php 第 171 行.
NOTIC: [8] Use of undefined constant id - assumed 'id' /var/www/html/bobo2/Admin/Runtime/Cache/356adffaf769ac024682f88a143e6d7f.php 第 171 行.
NOTIC: [8] Use of undefined constant id - assumed 'id' /var/www/html/bobo2/Admin/Runtime/Cache/356adffaf769ac024682f88a143e6d7f.php 第 171 行.
NOTIC: [8] Use of undefined constant id - assumed 'id' /var/www/html/bobo2/Admin/Runtime/Cache/356adffaf769ac024682f88a143e6d7f.php 第 171 行.
NOTIC: [8] Use of undefined constant id - assumed 'id' /var/www/html/bobo2/Admin/Runtime/Cache/356adffaf769ac024682f88a143e6d7f.php 第 171 行.
NOTIC: [8] Use of undefined constant id - assumed 'id' /var/www/html/bobo2/Admin/Runtime/Cache/356adffaf769ac024682f88a143e6d7f.php 第 171 行.
NOTIC: [8] Use of undefined constant id - assumed 'id' /var/www/html/bobo2/Admin/Runtime/Cache/356adffaf769ac024682f88a143e6d7f.php 第 171 行.
NOTIC: [8] Use of undefined constant id - assumed 'id' /var/www/html/bobo2/Admin/Runtime/Cache/356adffaf769ac024682f88a143e6d7f.php 第 171 行.
NOTIC: [8] Use of undefined constant id - assumed 'id' /var/www/html/bobo2/Admin/Runtime/Cache/356adffaf769ac024682f88a143e6d7f.php 第 171 行.
NOTIC: [8] Use of undefined constant id - assumed 'id' /var/www/html/bobo2/Admin/Runtime/Cache/356adffaf769ac024682f88a143e6d7f.php 第 171 行.
NOTIC: [8] Use of undefined constant id - assumed 'id' /var/www/html/bobo2/Admin/Runtime/Cache/356adffaf769ac024682f88a143e6d7f.php 第 171 行.
NOTIC: [8] Use of undefined constant id - assumed 'id' /var/www/html/bobo2/Admin/Runtime/Cache/356adffaf769ac024682f88a143e6d7f.php 第 171 行.
NOTIC: [8] Use of undefined constant id - assumed 'id' /var/www/html/bobo2/Admin/Runtime/Cache/356adffaf769ac024682f88a143e6d7f.php 第 171 行.
NOTIC: [8] Use of undefined constant id - assumed 'id' /var/www/html/bobo2/Admin/Runtime/Cache/356adffaf769ac024682f88a143e6d7f.php 第 171 行.
NOTIC: [8] Use of undefined constant id - assumed 'id' /var/www/html/bobo2/Admin/Runtime/Cache/356adffaf769ac024682f88a143e6d7f.php 第 171 行.
NOTIC: [8] Use of undefined constant id - assumed 'id' /var/www/html/bobo2/Admin/Runtime/Cache/356adffaf769ac024682f88a143e6d7f.php 第 171 行.
NOTIC: [8] Use of undefined constant id - assumed 'id' /var/www/html/bobo2/Admin/Runtime/Cache/356adffaf769ac024682f88a143e6d7f.php 第 171 行.
NOTIC: [8] Use of undefined constant id - assumed 'id' /var/www/html/bobo2/Admin/Runtime/Cache/356adffaf769ac024682f88a143e6d7f.php 第 171 行.
NOTIC: [8] Use of undefined constant id - assumed 'id' /var/www/html/bobo2/Admin/Runtime/Cache/356adffaf769ac024682f88a143e6d7f.php 第 171 行.
NOTIC: [8] Use of undefined constant id - assumed 'id' /var/www/html/bobo2/Admin/Runtime/Cache/356adffaf769ac024682f88a143e6d7f.php 第 171 行.
NOTIC: [8] Use of undefined constant id - assumed 'id' /var/www/html/bobo2/Admin/Runtime/Cache/356adffaf769ac024682f88a143e6d7f.php 第 171 行.
NOTIC: [8] Use of undefined constant id - assumed 'id' /var/www/html/bobo2/Admin/Runtime/Cache/356adffaf769ac024682f88a143e6d7f.php 第 171 行.
NOTIC: [8] Use of undefined constant id - assumed 'id' /var/www/html/bobo2/Admin/Runtime/Cache/356adffaf769ac024682f88a143e6d7f.php 第 171 行.
NOTIC: [8] Use of undefined constant id - assumed 'id' /var/www/html/bobo2/Admin/Runtime/Cache/356adffaf769ac024682f88a143e6d7f.php 第 171 行.
NOTIC: [8] Use of undefined constant id - assumed 'id' /var/www/html/bobo2/Admin/Runtime/Cache/356adffaf769ac024682f88a143e6d7f.php 第 171 行.
NOTIC: [8] Use of undefined constant id - assumed 'id' /var/www/html/bobo2/Admin/Runtime/Cache/356adffaf769ac024682f88a143e6d7f.php 第 171 行.
NOTIC: [8] Use of undefined constant id - assumed 'id' /var/www/html/bobo2/Admin/Runtime/Cache/356adffaf769ac024682f88a143e6d7f.php 第 171 行.
NOTIC: [8] Use of undefined constant id - assumed 'id' /var/www/html/bobo2/Admin/Runtime/Cache/356adffaf769ac024682f88a143e6d7f.php 第 171 行.
NOTIC: [8] Use of undefined constant id - assumed 'id' /var/www/html/bobo2/Admin/Runtime/Cache/356adffaf769ac024682f88a143e6d7f.php 第 171 行.
NOTIC: [8] Use of undefined constant id - assumed 'id' /var/www/html/bobo2/Admin/Runtime/Cache/356adffaf769ac024682f88a143e6d7f.php 第 171 行.
NOTIC: [8] Use of undefined constant id - assumed 'id' /var/www/html/bobo2/Admin/Runtime/Cache/356adffaf769ac024682f88a143e6d7f.php 第 171 行.
NOTIC: [8] Use of undefined constant id - assumed 'id' /var/www/html/bobo2/Admin/Runtime/Cache/356adffaf769ac024682f88a143e6d7f.php 第 171 行.
NOTIC: [8] Use of undefined constant id - assumed 'id' /var/www/html/bobo2/Admin/Runtime/Cache/356adffaf769ac024682f88a143e6d7f.php 第 171 行.
NOTIC: [8] Use of undefined constant id - assumed 'id' /var/www/html/bobo2/Admin/Runtime/Cache/356adffaf769ac024682f88a143e6d7f.php 第 171 行.
NOTIC: [8] Use of undefined constant id - assumed 'id' /var/www/html/bobo2/Admin/Runtime/Cache/356adffaf769ac024682f88a143e6d7f.php 第 171 行.
NOTIC: [8] Use of undefined constant id - assumed 'id' /var/www/html/bobo2/Admin/Runtime/Cache/356adffaf769ac024682f88a143e6d7f.php 第 171 行.
NOTIC: [8] Use of undefined constant id - assumed 'id' /var/www/html/bobo2/Admin/Runtime/Cache/356adffaf769ac024682f88a143e6d7f.php 第 171 行.
NOTIC: [8] Use of undefined constant id - assumed 'id' /var/www/html/bobo2/Admin/Runtime/Cache/356adffaf769ac024682f88a143e6d7f.php 第 171 行.
NOTIC: [8] Use of undefined constant id - assumed 'id' /var/www/html/bobo2/Admin/Runtime/Cache/356adffaf769ac024682f88a143e6d7f.php 第 171 行.
NOTIC: [8] Use of undefined constant id - assumed 'id' /var/www/html/bobo2/Admin/Runtime/Cache/356adffaf769ac024682f88a143e6d7f.php 第 171 行.
NOTIC: [8] Use of undefined constant id - assumed 'id' /var/www/html/bobo2/Admin/Runtime/Cache/356adffaf769ac024682f88a143e6d7f.php 第 171 行.
NOTIC: [8] Use of undefined constant id - assumed 'id' /var/www/html/bobo2/Admin/Runtime/Cache/356adffaf769ac024682f88a143e6d7f.php 第 171 行.
NOTIC: [8] Use of undefined constant id - assumed 'id' /var/www/html/bobo2/Admin/Runtime/Cache/356adffaf769ac024682f88a143e6d7f.php 第 171 行.
NOTIC: [8] Use of undefined constant id - assumed 'id' /var/www/html/bobo2/Admin/Runtime/Cache/356adffaf769ac024682f88a143e6d7f.php 第 171 行.
NOTIC: [8] Use of undefined constant id - assumed 'id' /var/www/html/bobo2/Admin/Runtime/Cache/356adffaf769ac024682f88a143e6d7f.php 第 171 行.
NOTIC: [8] Use of undefined constant id - assumed 'id' /var/www/html/bobo2/Admin/Runtime/Cache/356adffaf769ac024682f88a143e6d7f.php 第 171 行.
NOTIC: [8] Use of undefined constant id - assumed 'id' /var/www/html/bobo2/Admin/Runtime/Cache/356adffaf769ac024682f88a143e6d7f.php 第 171 行.
NOTIC: [8] Use of undefined constant id - assumed 'id' /var/www/html/bobo2/Admin/Runtime/Cache/356adffaf769ac024682f88a143e6d7f.php 第 171 行.
NOTIC: [8] Use of undefined constant id - assumed 'id' /var/www/html/bobo2/Admin/Runtime/Cache/356adffaf769ac024682f88a143e6d7f.php 第 171 行.
NOTIC: [8] Use of undefined constant id - assumed 'id' /var/www/html/bobo2/Admin/Runtime/Cache/356adffaf769ac024682f88a143e6d7f.php 第 171 行.
NOTIC: [8] Use of undefined constant id - assumed 'id' /var/www/html/bobo2/Admin/Runtime/Cache/356adffaf769ac024682f88a143e6d7f.php 第 171 行.
NOTIC: [8] Use of undefined constant id - assumed 'id' /var/www/html/bobo2/Admin/Runtime/Cache/356adffaf769ac024682f88a143e6d7f.php 第 171 行.
NOTIC: [8] Use of undefined constant id - assumed 'id' /var/www/html/bobo2/Admin/Runtime/Cache/356adffaf769ac024682f88a143e6d7f.php 第 171 行.
NOTIC: [8] Use of undefined constant id - assumed 'id' /var/www/html/bobo2/Admin/Runtime/Cache/356adffaf769ac024682f88a143e6d7f.php 第 171 行.
NOTIC: [8] Use of undefined constant id - assumed 'id' /var/www/html/bobo2/Admin/Runtime/Cache/356adffaf769ac024682f88a143e6d7f.php 第 171 行.
NOTIC: [8] Use of undefined constant id - assumed 'id' /var/www/html/bobo2/Admin/Runtime/Cache/356adffaf769ac024682f88a143e6d7f.php 第 171 行.
NOTIC: [8] Use of undefined constant id - assumed 'id' /var/www/html/bobo2/Admin/Runtime/Cache/356adffaf769ac024682f88a143e6d7f.php 第 171 行.
NOTIC: [8] Use of undefined constant id - assumed 'id' /var/www/html/bobo2/Admin/Runtime/Cache/356adffaf769ac024682f88a143e6d7f.php 第 171 行.
NOTIC: [8] Use of undefined constant id - assumed 'id' /var/www/html/bobo2/Admin/Runtime/Cache/356adffaf769ac024682f88a143e6d7f.php 第 171 行.
NOTIC: [8] Use of undefined constant id - assumed 'id' /var/www/html/bobo2/Admin/Runtime/Cache/356adffaf769ac024682f88a143e6d7f.php 第 171 行.
NOTIC: [8] Use of undefined constant id - assumed 'id' /var/www/html/bobo2/Admin/Runtime/Cache/356adffaf769ac024682f88a143e6d7f.php 第 171 行.
NOTIC: [8] Use of undefined constant id - assumed 'id' /var/www/html/bobo2/Admin/Runtime/Cache/356adffaf769ac024682f88a143e6d7f.php 第 171 行.
NOTIC: [8] Use of undefined constant id - assumed 'id' /var/www/html/bobo2/Admin/Runtime/Cache/356adffaf769ac024682f88a143e6d7f.php 第 171 行.
NOTIC: [8] Use of undefined constant id - assumed 'id' /var/www/html/bobo2/Admin/Runtime/Cache/356adffaf769ac024682f88a143e6d7f.php 第 171 行.
NOTIC: [8] Use of undefined constant id - assumed 'id' /var/www/html/bobo2/Admin/Runtime/Cache/356adffaf769ac024682f88a143e6d7f.php 第 171 行.
NOTIC: [8] Use of undefined constant id - assumed 'id' /var/www/html/bobo2/Admin/Runtime/Cache/356adffaf769ac024682f88a143e6d7f.php 第 171 行.
NOTIC: [8] Use of undefined constant id - assumed 'id' /var/www/html/bobo2/Admin/Runtime/Cache/356adffaf769ac024682f88a143e6d7f.php 第 171 行.
NOTIC: [8] Use of undefined constant id - assumed 'id' /var/www/html/bobo2/Admin/Runtime/Cache/356adffaf769ac024682f88a143e6d7f.php 第 171 行.
NOTIC: [8] Use of undefined constant id - assumed 'id' /var/www/html/bobo2/Admin/Runtime/Cache/356adffaf769ac024682f88a143e6d7f.php 第 171 行.
NOTIC: [8] Use of undefined constant id - assumed 'id' /var/www/html/bobo2/Admin/Runtime/Cache/356adffaf769ac024682f88a143e6d7f.php 第 171 行.
NOTIC: [8] Use of undefined constant id - assumed 'id' /var/www/html/bobo2/Admin/Runtime/Cache/356adffaf769ac024682f88a143e6d7f.php 第 171 行.
NOTIC: [8] Use of undefined constant id - assumed 'id' /var/www/html/bobo2/Admin/Runtime/Cache/356adffaf769ac024682f88a143e6d7f.php 第 171 行.
NOTIC: [8] Use of undefined constant id - assumed 'id' /var/www/html/bobo2/Admin/Runtime/Cache/356adffaf769ac024682f88a143e6d7f.php 第 171 行.
NOTIC: [8] Use of undefined constant id - assumed 'id' /var/www/html/bobo2/Admin/Runtime/Cache/356adffaf769ac024682f88a143e6d7f.php 第 171 行.
NOTIC: [8] Use of undefined constant id - assumed 'id' /var/www/html/bobo2/Admin/Runtime/Cache/356adffaf769ac024682f88a143e6d7f.php 第 171 行.
NOTIC: [8] Use of undefined constant id - assumed 'id' /var/www/html/bobo2/Admin/Runtime/Cache/356adffaf769ac024682f88a143e6d7f.php 第 171 行.
NOTIC: [8] Use of undefined constant id - assumed 'id' /var/www/html/bobo2/Admin/Runtime/Cache/356adffaf769ac024682f88a143e6d7f.php 第 171 行.
NOTIC: [8] Use of undefined constant id - assumed 'id' /var/www/html/bobo2/Admin/Runtime/Cache/356adffaf769ac024682f88a143e6d7f.php 第 171 行.
NOTIC: [8] Use of undefined constant id - assumed 'id' /var/www/html/bobo2/Admin/Runtime/Cache/356adffaf769ac024682f88a143e6d7f.php 第 171 行.
NOTIC: [8] Use of undefined constant id - assumed 'id' /var/www/html/bobo2/Admin/Runtime/Cache/356adffaf769ac024682f88a143e6d7f.php 第 171 行.
NOTIC: [8] Use of undefined constant id - assumed 'id' /var/www/html/bobo2/Admin/Runtime/Cache/356adffaf769ac024682f88a143e6d7f.php 第 171 行.
NOTIC: [8] Use of undefined constant id - assumed 'id' /var/www/html/bobo2/Admin/Runtime/Cache/356adffaf769ac024682f88a143e6d7f.php 第 171 行.
NOTIC: [8] Use of undefined constant id - assumed 'id' /var/www/html/bobo2/Admin/Runtime/Cache/356adffaf769ac024682f88a143e6d7f.php 第 171 行.
NOTIC: [8] Use of undefined constant id - assumed 'id' /var/www/html/bobo2/Admin/Runtime/Cache/356adffaf769ac024682f88a143e6d7f.php 第 171 行.
NOTIC: [8] Use of undefined constant id - assumed 'id' /var/www/html/bobo2/Admin/Runtime/Cache/356adffaf769ac024682f88a143e6d7f.php 第 171 行.
NOTIC: [8] Use of undefined constant id - assumed 'id' /var/www/html/bobo2/Admin/Runtime/Cache/356adffaf769ac024682f88a143e6d7f.php 第 171 行.
NOTIC: [8] Use of undefined constant id - assumed 'id' /var/www/html/bobo2/Admin/Runtime/Cache/356adffaf769ac024682f88a143e6d7f.php 第 171 行.
NOTIC: [8] Use of undefined constant id - assumed 'id' /var/www/html/bobo2/Admin/Runtime/Cache/356adffaf769ac024682f88a143e6d7f.php 第 171 行.
NOTIC: [8] Use of undefined constant id - assumed 'id' /var/www/html/bobo2/Admin/Runtime/Cache/356adffaf769ac024682f88a143e6d7f.php 第 171 行.
NOTIC: [8] Use of undefined constant id - assumed 'id' /var/www/html/bobo2/Admin/Runtime/Cache/356adffaf769ac024682f88a143e6d7f.php 第 171 行.
NOTIC: [8] Use of undefined constant id - assumed 'id' /var/www/html/bobo2/Admin/Runtime/Cache/356adffaf769ac024682f88a143e6d7f.php 第 171 行.
NOTIC: [8] Use of undefined constant id - assumed 'id' /var/www/html/bobo2/Admin/Runtime/Cache/356adffaf769ac024682f88a143e6d7f.php 第 171 行.
NOTIC: [8] Use of undefined constant id - assumed 'id' /var/www/html/bobo2/Admin/Runtime/Cache/356adffaf769ac024682f88a143e6d7f.php 第 171 行.
NOTIC: [8] Use of undefined constant id - assumed 'id' /var/www/html/bobo2/Admin/Runtime/Cache/356adffaf769ac024682f88a143e6d7f.php 第 171 行.
NOTIC: [8] Use of undefined constant id - assumed 'id' /var/www/html/bobo2/Admin/Runtime/Cache/356adffaf769ac024682f88a143e6d7f.php 第 171 行.
INFO: Run ParseTemplate Behavior [ RunTime:0.063451s ]
INFO: [ view_parse ] --END-- [ RunTime:0.063520s ]
INFO: [ view_filter ] --START--
INFO: Run ContentReplace Behavior [ RunTime:0.000339s ]
INFO: Run TokenBuild Behavior [ RunTime:0.000265s ]
INFO: Run WriteHtmlCache Behavior [ RunTime:0.000138s ]
INFO: Run ShowRuntime Behavior [ RunTime:0.000308s ]
INFO: [ view_filter ] --END-- [ RunTime:0.001215s ]
INFO: [ view_end ] --START--
INFO: Run ShowPageTrace Behavior [ RunTime:0.000423s ]
INFO: [ view_end ] --END-- [ RunTime:0.000478s ]

