[ 2016-06-24T10:47:03+08:00 ] 101.81.35.125 /bobo2/admin.php/Login/login
INFO: [ route_check ] --START--
INFO: Run CheckRoute Behavior [ RunTime:0.000606s ]
INFO: [ route_check ] --END-- [ RunTime:0.000687s ]
INFO: [ app_begin ] --START--
INFO: Run ReadHtmlCache Behavior [ RunTime:0.000356s ]
INFO: [ app_begin ] --END-- [ RunTime:0.000416s ]
INFO: [ view_template ] --START--
INFO: Run LocationTemplate Behavior [ RunTime:0.000205s ]
INFO: [ view_template ] --END-- [ RunTime:0.000292s ]
INFO: [ view_parse ] --START--
INFO: Run ParseTemplate Behavior [ RunTime:0.050520s ]
INFO: [ view_parse ] --END-- [ RunTime:0.050587s ]
INFO: [ view_filter ] --START--
INFO: Run ContentReplace Behavior [ RunTime:0.000257s ]
INFO: Run TokenBuild Behavior [ RunTime:0.000241s ]
INFO: Run WriteHtmlCache Behavior [ RunTime:0.000141s ]
INFO: Run ShowRuntime Behavior [ RunTime:0.000547s ]
INFO: [ view_filter ] --END-- [ RunTime:0.001353s ]
INFO: [ view_end ] --START--
INFO: Run ShowPageTrace Behavior [ RunTime:0.000421s ]
INFO: [ view_end ] --END-- [ RunTime:0.000475s ]

[ 2016-06-24T10:47:06+08:00 ] 101.81.35.125 /bobo2/admin.php/Login/doLogin
INFO: [ route_check ] --START--
INFO: Run CheckRoute Behavior [ RunTime:0.000650s ]
INFO: [ route_check ] --END-- [ RunTime:0.000736s ]
INFO: [ app_begin ] --START--
INFO: Run ReadHtmlCache Behavior [ RunTime:0.000370s ]
INFO: [ app_begin ] --END-- [ RunTime:0.000426s ]
SQL: SHOW COLUMNS FROM `tp_user` [ RunTime:0.023867s ]
SQL: SELECT * FROM `tp_user` WHERE ( `username` = 'mofang' ) AND ( `password` = '63fbf481658e05b00eea3921f783a80a' ) LIMIT 1   [ RunTime:0.001163s ]

[ 2016-06-24T10:47:08+08:00 ] 101.81.35.125 /bobo2/admin.php/Index/index/cls/1
INFO: [ route_check ] --START--
INFO: Run CheckRoute Behavior [ RunTime:0.000664s ]
INFO: [ route_check ] --END-- [ RunTime:0.000746s ]
INFO: [ app_begin ] --START--
INFO: Run ReadHtmlCache Behavior [ RunTime:0.000365s ]
INFO: [ app_begin ] --END-- [ RunTime:0.000439s ]
NOTIC: [2048] Declaration of IndexAction::show() should be compatible with that of Action::show() /var/www/html/bobo2/Admin/Lib/Action/IndexAction.class.php 第 3 行.
SQL: SHOW COLUMNS FROM `tp_user` [ RunTime:0.000545s ]
SQL: SHOW COLUMNS FROM `tp_index_picture` [ RunTime:0.000523s ]
NOTIC: [8] Undefined variable: gd /var/www/html/bobo2/Admin/Lib/Action/IndexAction.class.php 第 19 行.
INFO: [ view_template ] --START--
INFO: Run LocationTemplate Behavior [ RunTime:0.000280s ]
INFO: [ view_template ] --END-- [ RunTime:0.000349s ]
INFO: [ view_parse ] --START--
INFO: Run ParseTemplate Behavior [ RunTime:0.090748s ]
INFO: [ view_parse ] --END-- [ RunTime:0.090854s ]
INFO: [ view_filter ] --START--
INFO: Run ContentReplace Behavior [ RunTime:0.000338s ]
INFO: Run TokenBuild Behavior [ RunTime:0.000248s ]
INFO: Run WriteHtmlCache Behavior [ RunTime:0.000147s ]
INFO: Run ShowRuntime Behavior [ RunTime:0.000348s ]
INFO: [ view_filter ] --END-- [ RunTime:0.001278s ]
INFO: [ view_end ] --START--
INFO: Run ShowPageTrace Behavior [ RunTime:0.000426s ]
INFO: [ view_end ] --END-- [ RunTime:0.000482s ]

