[ 2016-11-28T14:46:26+08:00 ] 202.120.209.4 /bobo2/admin.php/Login/login
INFO: [ route_check ] --START--
INFO: Run CheckRoute Behavior [ RunTime:0.000570s ]
INFO: [ route_check ] --END-- [ RunTime:0.000639s ]
INFO: [ app_begin ] --START--
INFO: Run ReadHtmlCache Behavior [ RunTime:0.000354s ]
INFO: [ app_begin ] --END-- [ RunTime:0.000413s ]
INFO: [ view_template ] --START--
INFO: Run LocationTemplate Behavior [ RunTime:0.001207s ]
INFO: [ view_template ] --END-- [ RunTime:0.001272s ]
INFO: [ view_parse ] --START--
INFO: Run ParseTemplate Behavior [ RunTime:0.019520s ]
INFO: [ view_parse ] --END-- [ RunTime:0.019583s ]
INFO: [ view_filter ] --START--
INFO: Run ContentReplace Behavior [ RunTime:0.000230s ]
INFO: Run TokenBuild Behavior [ RunTime:0.000235s ]
INFO: Run WriteHtmlCache Behavior [ RunTime:0.000162s ]
INFO: Run ShowRuntime Behavior [ RunTime:0.000303s ]
INFO: [ view_filter ] --END-- [ RunTime:0.001087s ]
INFO: [ view_end ] --START--
INFO: Run ShowPageTrace Behavior [ RunTime:0.000408s ]
INFO: [ view_end ] --END-- [ RunTime:0.000461s ]

[ 2016-11-28T14:46:35+08:00 ] 202.120.209.4 /bobo2/admin.php/Login/doLogin
INFO: [ route_check ] --START--
INFO: Run CheckRoute Behavior [ RunTime:0.000829s ]
INFO: [ route_check ] --END-- [ RunTime:0.000910s ]
INFO: [ app_begin ] --START--
INFO: Run ReadHtmlCache Behavior [ RunTime:0.000381s ]
INFO: [ app_begin ] --END-- [ RunTime:0.000441s ]
SQL: SHOW COLUMNS FROM `tp_user` [ RunTime:0.000504s ]
SQL: SELECT * FROM `tp_user` WHERE ( `username` = 'mofang' ) AND ( `password` = '63fbf481658e05b00eea3921f783a80a' ) LIMIT 1   [ RunTime:0.000277s ]

[ 2016-11-28T14:46:39+08:00 ] 202.120.209.4 /bobo2/admin.php/Login/doLogin
INFO: [ route_check ] --START--
INFO: Run CheckRoute Behavior [ RunTime:0.000600s ]
INFO: [ route_check ] --END-- [ RunTime:0.000681s ]
INFO: [ app_begin ] --START--
INFO: Run ReadHtmlCache Behavior [ RunTime:0.000375s ]
INFO: [ app_begin ] --END-- [ RunTime:0.000431s ]
SQL: SHOW COLUMNS FROM `tp_user` [ RunTime:0.000557s ]
SQL: SELECT * FROM `tp_user` WHERE ( `username` = 'mofang' ) AND ( `password` = '63fbf481658e05b00eea3921f783a80a' ) LIMIT 1   [ RunTime:0.000257s ]

[ 2016-11-28T22:01:53+08:00 ] 116.233.241.50 /bobo2/admin.php/Login/doLogin
INFO: [ route_check ] --START--
INFO: Run CheckRoute Behavior [ RunTime:0.000582s ]
INFO: [ route_check ] --END-- [ RunTime:0.000680s ]
INFO: [ app_begin ] --START--
INFO: Run ReadHtmlCache Behavior [ RunTime:0.000359s ]
INFO: [ app_begin ] --END-- [ RunTime:0.000418s ]
NOTIC: [8] Undefined index: username /data/wwwroot/html/bobo2/Admin/Lib/Action/LoginAction.class.php 第 8 行.
NOTIC: [8] Undefined index: password /data/wwwroot/html/bobo2/Admin/Lib/Action/LoginAction.class.php 第 9 行.
SQL: SHOW COLUMNS FROM `tp_user` [ RunTime:0.000583s ]
SQL: SELECT * FROM `tp_user` WHERE ( `username` = null ) AND ( `password` = 'd41d8cd98f00b204e9800998ecf8427e' ) LIMIT 1   [ RunTime:0.000247s ]

