[ 2017-03-06T15:40:43+08:00 ] 103.226.92.134 /bobo2/admin.php/Login/login
INFO: [ route_check ] --START--
INFO: Run CheckRoute Behavior [ RunTime:0.000509s ]
INFO: [ route_check ] --END-- [ RunTime:0.000578s ]
INFO: [ app_begin ] --START--
INFO: Run ReadHtmlCache Behavior [ RunTime:0.000370s ]
INFO: [ app_begin ] --END-- [ RunTime:0.000423s ]
INFO: [ view_template ] --START--
INFO: Run LocationTemplate Behavior [ RunTime:0.001395s ]
INFO: [ view_template ] --END-- [ RunTime:0.001453s ]
INFO: [ view_parse ] --START--
INFO: Run ParseTemplate Behavior [ RunTime:0.014979s ]
INFO: [ view_parse ] --END-- [ RunTime:0.015036s ]
INFO: [ view_filter ] --START--
INFO: Run ContentReplace Behavior [ RunTime:0.000227s ]
INFO: Run TokenBuild Behavior [ RunTime:0.000241s ]
INFO: Run WriteHtmlCache Behavior [ RunTime:0.000206s ]
INFO: Run ShowRuntime Behavior [ RunTime:0.000269s ]
INFO: [ view_filter ] --END-- [ RunTime:0.001089s ]
INFO: [ view_end ] --START--
INFO: Run ShowPageTrace Behavior [ RunTime:0.000387s ]
INFO: [ view_end ] --END-- [ RunTime:0.000433s ]

[ 2017-03-06T15:40:55+08:00 ] 103.226.92.134 /bobo2/admin.php/Login/doLogin
INFO: [ route_check ] --START--
INFO: Run CheckRoute Behavior [ RunTime:0.000514s ]
INFO: [ route_check ] --END-- [ RunTime:0.000580s ]
INFO: [ app_begin ] --START--
INFO: Run ReadHtmlCache Behavior [ RunTime:0.000348s ]
INFO: [ app_begin ] --END-- [ RunTime:0.000394s ]
SQL: SHOW COLUMNS FROM `tp_user` [ RunTime:0.016131s ]
SQL: SELECT * FROM `tp_user` WHERE ( `username` = 'mofang' ) AND ( `password` = '63fbf481658e05b00eea3921f783a80a' ) LIMIT 1   [ RunTime:0.001316s ]

[ 2017-03-06T15:40:57+08:00 ] 103.226.92.134 /bobo2/admin.php/Index/index/cls/1
INFO: [ route_check ] --START--
INFO: Run CheckRoute Behavior [ RunTime:0.000556s ]
INFO: [ route_check ] --END-- [ RunTime:0.000632s ]
INFO: [ app_begin ] --START--
INFO: Run ReadHtmlCache Behavior [ RunTime:0.000319s ]
INFO: [ app_begin ] --END-- [ RunTime:0.000379s ]
NOTIC: [2048] Declaration of IndexAction::show() should be compatible with that of Action::show() /data/wwwroot/html/bobo2/Admin/Lib/Action/IndexAction.class.php 第 3 行.
SQL: SHOW COLUMNS FROM `tp_user` [ RunTime:0.000587s ]
SQL: SHOW COLUMNS FROM `tp_index_picture` [ RunTime:0.100049s ]
NOTIC: [8] Undefined variable: gd /data/wwwroot/html/bobo2/Admin/Lib/Action/IndexAction.class.php 第 19 行.
INFO: [ view_template ] --START--
INFO: Run LocationTemplate Behavior [ RunTime:0.001816s ]
INFO: [ view_template ] --END-- [ RunTime:0.001922s ]
INFO: [ view_parse ] --START--
INFO: Run ParseTemplate Behavior [ RunTime:0.009817s ]
INFO: [ view_parse ] --END-- [ RunTime:0.009875s ]
INFO: [ view_filter ] --START--
INFO: Run ContentReplace Behavior [ RunTime:0.000254s ]
INFO: Run TokenBuild Behavior [ RunTime:0.000249s ]
INFO: Run WriteHtmlCache Behavior [ RunTime:0.000143s ]
INFO: Run ShowRuntime Behavior [ RunTime:0.000248s ]
INFO: [ view_filter ] --END-- [ RunTime:0.001024s ]
INFO: [ view_end ] --START--
INFO: Run ShowPageTrace Behavior [ RunTime:0.000378s ]
INFO: [ view_end ] --END-- [ RunTime:0.000426s ]

[ 2017-03-06T15:41:04+08:00 ] 103.226.92.134 /bobo2/admin.php/Index/picture/cls/5
INFO: [ route_check ] --START--
INFO: Run CheckRoute Behavior [ RunTime:0.000496s ]
INFO: [ route_check ] --END-- [ RunTime:0.000561s ]
INFO: [ app_begin ] --START--
INFO: Run ReadHtmlCache Behavior [ RunTime:0.000413s ]
INFO: [ app_begin ] --END-- [ RunTime:0.000463s ]
NOTIC: [2048] Declaration of IndexAction::show() should be compatible with that of Action::show() /data/wwwroot/html/bobo2/Admin/Lib/Action/IndexAction.class.php 第 3 行.
SQL: SHOW COLUMNS FROM `tp_user` [ RunTime:0.000569s ]
SQL: SHOW COLUMNS FROM `tp_index_picture` [ RunTime:0.000509s ]
SQL: SELECT COUNT(*) AS tp_count FROM `tp_index_picture` WHERE ( `siteid` = 2 ) LIMIT 1   [ RunTime:0.001279s ]
SQL: SELECT `inputtime`,`title`,`picurl`,`id`,`listorder`,`status` FROM `tp_index_picture` WHERE ( `siteid` = 2 ) ORDER BY listorder desc,id desc LIMIT 0,10   [ RunTime:0.000325s ]
INFO: [ view_template ] --START--
INFO: Run LocationTemplate Behavior [ RunTime:0.001209s ]
INFO: [ view_template ] --END-- [ RunTime:0.001263s ]
INFO: [ view_parse ] --START--
INFO: Run ParseTemplate Behavior [ RunTime:0.010209s ]
INFO: [ view_parse ] --END-- [ RunTime:0.010264s ]
INFO: [ view_filter ] --START--
INFO: Run ContentReplace Behavior [ RunTime:0.000335s ]
INFO: Run TokenBuild Behavior [ RunTime:0.000210s ]
INFO: Run WriteHtmlCache Behavior [ RunTime:0.000123s ]
INFO: Run ShowRuntime Behavior [ RunTime:0.000272s ]
INFO: [ view_filter ] --END-- [ RunTime:0.001098s ]
INFO: [ view_end ] --START--
INFO: Run ShowPageTrace Behavior [ RunTime:0.000430s ]
INFO: [ view_end ] --END-- [ RunTime:0.000472s ]

[ 2017-03-06T15:41:07+08:00 ] 103.226.92.134 /bobo2/admin.php/Link/parameter/cls/6
INFO: [ route_check ] --START--
INFO: Run CheckRoute Behavior [ RunTime:0.000498s ]
INFO: [ route_check ] --END-- [ RunTime:0.000565s ]
INFO: [ app_begin ] --START--
INFO: Run ReadHtmlCache Behavior [ RunTime:0.000304s ]
INFO: [ app_begin ] --END-- [ RunTime:0.000365s ]
NOTIC: [2048] Declaration of LinkAction::show() should be compatible with that of Action::show() /data/wwwroot/html/bobo2/Admin/Lib/Action/LinkAction.class.php 第 5 行.
SQL: SHOW COLUMNS FROM `tp_linkage` [ RunTime:0.000709s ]
SQL: SHOW COLUMNS FROM `tp_category` [ RunTime:0.000663s ]
SQL: SHOW COLUMNS FROM `tp_parameter` [ RunTime:0.000583s ]
SQL: SELECT COUNT(*) AS tp_count FROM `tp_parameter` LIMIT 1   [ RunTime:0.000193s ]
SQL: SELECT `id`,`name`,`listorder`,`status`,`colorname`,`typeid` FROM `tp_parameter` LIMIT 0,10   [ RunTime:0.000218s ]
INFO: [ view_template ] --START--
INFO: Run LocationTemplate Behavior [ RunTime:0.001021s ]
INFO: [ view_template ] --END-- [ RunTime:0.001079s ]
INFO: [ view_parse ] --START--
NOTIC: [8] Use of undefined constant typeid - assumed 'typeid' /data/wwwroot/html/bobo2/Admin/Runtime/Cache/b1784f96350a8367c4f52a837ccec1bb.php 第 231 行.
NOTIC: [8] Use of undefined constant typeid - assumed 'typeid' /data/wwwroot/html/bobo2/Admin/Runtime/Cache/b1784f96350a8367c4f52a837ccec1bb.php 第 234 行.
NOTIC: [8] Undefined variable: catid /data/wwwroot/html/bobo2/Admin/Runtime/Cache/b1784f96350a8367c4f52a837ccec1bb.php 第 247 行.
NOTIC: [8] Use of undefined constant typeid - assumed 'typeid' /data/wwwroot/html/bobo2/Admin/Runtime/Cache/b1784f96350a8367c4f52a837ccec1bb.php 第 231 行.
NOTIC: [8] Use of undefined constant typeid - assumed 'typeid' /data/wwwroot/html/bobo2/Admin/Runtime/Cache/b1784f96350a8367c4f52a837ccec1bb.php 第 234 行.
NOTIC: [8] Undefined variable: catid /data/wwwroot/html/bobo2/Admin/Runtime/Cache/b1784f96350a8367c4f52a837ccec1bb.php 第 247 行.
NOTIC: [8] Use of undefined constant typeid - assumed 'typeid' /data/wwwroot/html/bobo2/Admin/Runtime/Cache/b1784f96350a8367c4f52a837ccec1bb.php 第 231 行.
NOTIC: [8] Use of undefined constant typeid - assumed 'typeid' /data/wwwroot/html/bobo2/Admin/Runtime/Cache/b1784f96350a8367c4f52a837ccec1bb.php 第 234 行.
NOTIC: [8] Undefined variable: catid /data/wwwroot/html/bobo2/Admin/Runtime/Cache/b1784f96350a8367c4f52a837ccec1bb.php 第 247 行.
NOTIC: [8] Use of undefined constant typeid - assumed 'typeid' /data/wwwroot/html/bobo2/Admin/Runtime/Cache/b1784f96350a8367c4f52a837ccec1bb.php 第 231 行.
NOTIC: [8] Use of undefined constant typeid - assumed 'typeid' /data/wwwroot/html/bobo2/Admin/Runtime/Cache/b1784f96350a8367c4f52a837ccec1bb.php 第 234 行.
NOTIC: [8] Undefined variable: catid /data/wwwroot/html/bobo2/Admin/Runtime/Cache/b1784f96350a8367c4f52a837ccec1bb.php 第 247 行.
NOTIC: [8] Use of undefined constant typeid - assumed 'typeid' /data/wwwroot/html/bobo2/Admin/Runtime/Cache/b1784f96350a8367c4f52a837ccec1bb.php 第 231 行.
NOTIC: [8] Use of undefined constant typeid - assumed 'typeid' /data/wwwroot/html/bobo2/Admin/Runtime/Cache/b1784f96350a8367c4f52a837ccec1bb.php 第 234 行.
NOTIC: [8] Undefined variable: catid /data/wwwroot/html/bobo2/Admin/Runtime/Cache/b1784f96350a8367c4f52a837ccec1bb.php 第 247 行.
NOTIC: [8] Use of undefined constant typeid - assumed 'typeid' /data/wwwroot/html/bobo2/Admin/Runtime/Cache/b1784f96350a8367c4f52a837ccec1bb.php 第 231 行.
NOTIC: [8] Use of undefined constant typeid - assumed 'typeid' /data/wwwroot/html/bobo2/Admin/Runtime/Cache/b1784f96350a8367c4f52a837ccec1bb.php 第 234 行.
NOTIC: [8] Undefined variable: catid /data/wwwroot/html/bobo2/Admin/Runtime/Cache/b1784f96350a8367c4f52a837ccec1bb.php 第 247 行.
NOTIC: [8] Use of undefined constant typeid - assumed 'typeid' /data/wwwroot/html/bobo2/Admin/Runtime/Cache/b1784f96350a8367c4f52a837ccec1bb.php 第 231 行.
NOTIC: [8] Use of undefined constant typeid - assumed 'typeid' /data/wwwroot/html/bobo2/Admin/Runtime/Cache/b1784f96350a8367c4f52a837ccec1bb.php 第 234 行.
NOTIC: [8] Undefined variable: catid /data/wwwroot/html/bobo2/Admin/Runtime/Cache/b1784f96350a8367c4f52a837ccec1bb.php 第 247 行.
NOTIC: [8] Use of undefined constant typeid - assumed 'typeid' /data/wwwroot/html/bobo2/Admin/Runtime/Cache/b1784f96350a8367c4f52a837ccec1bb.php 第 231 行.
NOTIC: [8] Use of undefined constant typeid - assumed 'typeid' /data/wwwroot/html/bobo2/Admin/Runtime/Cache/b1784f96350a8367c4f52a837ccec1bb.php 第 234 行.
NOTIC: [8] Undefined variable: catid /data/wwwroot/html/bobo2/Admin/Runtime/Cache/b1784f96350a8367c4f52a837ccec1bb.php 第 247 行.
NOTIC: [8] Use of undefined constant typeid - assumed 'typeid' /data/wwwroot/html/bobo2/Admin/Runtime/Cache/b1784f96350a8367c4f52a837ccec1bb.php 第 231 行.
NOTIC: [8] Use of undefined constant typeid - assumed 'typeid' /data/wwwroot/html/bobo2/Admin/Runtime/Cache/b1784f96350a8367c4f52a837ccec1bb.php 第 234 行.
NOTIC: [8] Undefined variable: catid /data/wwwroot/html/bobo2/Admin/Runtime/Cache/b1784f96350a8367c4f52a837ccec1bb.php 第 247 行.
NOTIC: [8] Use of undefined constant typeid - assumed 'typeid' /data/wwwroot/html/bobo2/Admin/Runtime/Cache/b1784f96350a8367c4f52a837ccec1bb.php 第 231 行.
NOTIC: [8] Use of undefined constant typeid - assumed 'typeid' /data/wwwroot/html/bobo2/Admin/Runtime/Cache/b1784f96350a8367c4f52a837ccec1bb.php 第 234 行.
NOTIC: [8] Undefined variable: catid /data/wwwroot/html/bobo2/Admin/Runtime/Cache/b1784f96350a8367c4f52a837ccec1bb.php 第 247 行.
INFO: Run ParseTemplate Behavior [ RunTime:0.010903s ]
INFO: [ view_parse ] --END-- [ RunTime:0.010973s ]
INFO: [ view_filter ] --START--
INFO: Run ContentReplace Behavior [ RunTime:0.000327s ]
INFO: Run TokenBuild Behavior [ RunTime:0.000210s ]
INFO: Run WriteHtmlCache Behavior [ RunTime:0.000159s ]
INFO: Run ShowRuntime Behavior [ RunTime:0.000283s ]
INFO: [ view_filter ] --END-- [ RunTime:0.001120s ]
INFO: [ view_end ] --START--
INFO: Run ShowPageTrace Behavior [ RunTime:0.000344s ]
INFO: [ view_end ] --END-- [ RunTime:0.000407s ]

[ 2017-03-06T15:41:09+08:00 ] 103.226.92.134 /bobo2/admin.php/Try/questionnaire/cls/8
INFO: [ route_check ] --START--
INFO: Run CheckRoute Behavior [ RunTime:0.000589s ]
INFO: [ route_check ] --END-- [ RunTime:0.000694s ]
INFO: [ app_begin ] --START--
INFO: Run ReadHtmlCache Behavior [ RunTime:0.000362s ]
INFO: [ app_begin ] --END-- [ RunTime:0.000428s ]
NOTIC: [2048] Declaration of TryAction::show() should be compatible with that of Action::show() /data/wwwroot/html/bobo2/Admin/Lib/Action/TryAction.class.php 第 2 行.
SQL: SHOW COLUMNS FROM `tp_try_out` [ RunTime:0.015930s ]
SQL: SHOW COLUMNS FROM `tp_problem` [ RunTime:0.038715s ]
SQL: SHOW COLUMNS FROM `tp_problem_data` [ RunTime:0.005130s ]
SQL: SELECT COUNT(*) AS tp_count FROM `tp_problem` LIMIT 1   [ RunTime:0.000253s ]
SQL: SELECT * FROM `tp_problem` ORDER BY listorder desc,id desc LIMIT 0,10   [ RunTime:0.001466s ]
INFO: [ view_template ] --START--
INFO: Run LocationTemplate Behavior [ RunTime:0.001227s ]
INFO: [ view_template ] --END-- [ RunTime:0.001295s ]
INFO: [ view_parse ] --START--
INFO: Run ParseTemplate Behavior [ RunTime:0.010376s ]
INFO: [ view_parse ] --END-- [ RunTime:0.010448s ]
INFO: [ view_filter ] --START--
INFO: Run ContentReplace Behavior [ RunTime:0.000306s ]
INFO: Run TokenBuild Behavior [ RunTime:0.000230s ]
INFO: Run WriteHtmlCache Behavior [ RunTime:0.000148s ]
INFO: Run ShowRuntime Behavior [ RunTime:0.000274s ]
INFO: [ view_filter ] --END-- [ RunTime:0.001118s ]
INFO: [ view_end ] --START--
INFO: Run ShowPageTrace Behavior [ RunTime:0.000346s ]
INFO: [ view_end ] --END-- [ RunTime:0.000406s ]

[ 2017-03-06T15:41:11+08:00 ] 103.226.92.134 /bobo2/admin.php/Try/index/status/1/cls/7
INFO: [ route_check ] --START--
INFO: Run CheckRoute Behavior [ RunTime:0.000583s ]
INFO: [ route_check ] --END-- [ RunTime:0.000649s ]
INFO: [ app_begin ] --START--
INFO: Run ReadHtmlCache Behavior [ RunTime:0.000307s ]
INFO: [ app_begin ] --END-- [ RunTime:0.000355s ]
NOTIC: [2048] Declaration of TryAction::show() should be compatible with that of Action::show() /data/wwwroot/html/bobo2/Admin/Lib/Action/TryAction.class.php 第 2 行.
SQL: SHOW COLUMNS FROM `tp_try_out` [ RunTime:0.000806s ]
SQL: SHOW COLUMNS FROM `tp_problem` [ RunTime:0.000548s ]
SQL: SHOW COLUMNS FROM `tp_problem_data` [ RunTime:0.000401s ]
SQL: SELECT COUNT(*) AS tp_count FROM `tp_try_out` left join `tp_vipuser` a on tp_try_out.vid=a.vid left join `tp_product_price` b on tp_try_out.ppid=b.id left join `tp_product` c on b.pid=c.id WHERE ( tp_try_out.status = 1 ) LIMIT 1   [ RunTime:0.061636s ]
SQL: SELECT tp_try_out.id,a.username,c.title,b.capacity,tp_try_out.inputtime,tp_try_out.status FROM `tp_try_out` left join `tp_vipuser` a on tp_try_out.vid=a.vid left join `tp_product_price` b on tp_try_out.ppid=b.id left join `tp_product` c on b.pid=c.id WHERE ( tp_try_out.status = 1 ) ORDER BY tp_try_out.id desc LIMIT 0,10   [ RunTime:0.001319s ]
INFO: [ view_template ] --START--
INFO: Run LocationTemplate Behavior [ RunTime:0.001209s ]
INFO: [ view_template ] --END-- [ RunTime:0.001284s ]
INFO: [ view_parse ] --START--
NOTIC: [8] Use of undefined constant status - assumed 'status' /data/wwwroot/html/bobo2/Admin/Runtime/Cache/4b44a86f8f5994646dee99a9e295d7ff.php 第 85 行.
NOTIC: [8] Use of undefined constant status - assumed 'status' /data/wwwroot/html/bobo2/Admin/Runtime/Cache/4b44a86f8f5994646dee99a9e295d7ff.php 第 122 行.
NOTIC: [8] Use of undefined constant status - assumed 'status' /data/wwwroot/html/bobo2/Admin/Runtime/Cache/4b44a86f8f5994646dee99a9e295d7ff.php 第 125 行.
INFO: Run ParseTemplate Behavior [ RunTime:0.012943s ]
INFO: [ view_parse ] --END-- [ RunTime:0.013006s ]
INFO: [ view_filter ] --START--
INFO: Run ContentReplace Behavior [ RunTime:0.000336s ]
INFO: Run TokenBuild Behavior [ RunTime:0.000220s ]
INFO: Run WriteHtmlCache Behavior [ RunTime:0.000129s ]
INFO: Run ShowRuntime Behavior [ RunTime:0.000274s ]
INFO: [ view_filter ] --END-- [ RunTime:0.001100s ]
INFO: [ view_end ] --START--
INFO: Run ShowPageTrace Behavior [ RunTime:0.000323s ]
INFO: [ view_end ] --END-- [ RunTime:0.000364s ]

[ 2017-03-06T15:41:13+08:00 ] 103.226.92.134 /bobo2/admin.php/Link/index/cls/3
INFO: [ route_check ] --START--
INFO: Run CheckRoute Behavior [ RunTime:0.000480s ]
INFO: [ route_check ] --END-- [ RunTime:0.000559s ]
INFO: [ app_begin ] --START--
INFO: Run ReadHtmlCache Behavior [ RunTime:0.000320s ]
INFO: [ app_begin ] --END-- [ RunTime:0.000370s ]
NOTIC: [2048] Declaration of LinkAction::show() should be compatible with that of Action::show() /data/wwwroot/html/bobo2/Admin/Lib/Action/LinkAction.class.php 第 5 行.
SQL: SHOW COLUMNS FROM `tp_linkage` [ RunTime:0.000765s ]
SQL: SHOW COLUMNS FROM `tp_category` [ RunTime:0.000693s ]
SQL: SHOW COLUMNS FROM `tp_parameter` [ RunTime:0.000542s ]
NOTIC: [8] Undefined index: linkageid /data/wwwroot/html/bobo2/Admin/Lib/Action/LinkAction.class.php 第 27 行.
SQL: SELECT COUNT(*) AS tp_count FROM `tp_linkage` WHERE ( parentid=0 ) LIMIT 1   [ RunTime:0.000302s ]
SQL: SELECT a.name,a.linkageid,a.listorder,b.catname,b.catid FROM tp_linkage a,tp_category b WHERE ( a.catid=b.catid ) LIMIT 0,10   [ RunTime:0.000291s ]
INFO: [ view_template ] --START--
INFO: Run LocationTemplate Behavior [ RunTime:0.000214s ]
INFO: [ view_template ] --END-- [ RunTime:0.000292s ]
INFO: [ view_parse ] --START--
INFO: Run ParseTemplate Behavior [ RunTime:0.009736s ]
INFO: [ view_parse ] --END-- [ RunTime:0.009790s ]
INFO: [ view_filter ] --START--
INFO: Run ContentReplace Behavior [ RunTime:0.000297s ]
INFO: Run TokenBuild Behavior [ RunTime:0.000209s ]
INFO: Run WriteHtmlCache Behavior [ RunTime:0.000126s ]
INFO: Run ShowRuntime Behavior [ RunTime:0.000298s ]
INFO: [ view_filter ] --END-- [ RunTime:0.001064s ]
INFO: [ view_end ] --START--
INFO: Run ShowPageTrace Behavior [ RunTime:0.000418s ]
INFO: [ view_end ] --END-- [ RunTime:0.000464s ]

[ 2017-03-06T15:41:14+08:00 ] 103.226.92.134 /bobo2/admin.php/Index/picture/cls/5
INFO: [ route_check ] --START--
INFO: Run CheckRoute Behavior [ RunTime:0.000527s ]
INFO: [ route_check ] --END-- [ RunTime:0.000594s ]
INFO: [ app_begin ] --START--
INFO: Run ReadHtmlCache Behavior [ RunTime:0.000324s ]
INFO: [ app_begin ] --END-- [ RunTime:0.000393s ]
NOTIC: [2048] Declaration of IndexAction::show() should be compatible with that of Action::show() /data/wwwroot/html/bobo2/Admin/Lib/Action/IndexAction.class.php 第 3 行.
SQL: SHOW COLUMNS FROM `tp_user` [ RunTime:0.000542s ]
SQL: SHOW COLUMNS FROM `tp_index_picture` [ RunTime:0.000535s ]
SQL: SELECT COUNT(*) AS tp_count FROM `tp_index_picture` WHERE ( `siteid` = 2 ) LIMIT 1   [ RunTime:0.000220s ]
SQL: SELECT `inputtime`,`title`,`picurl`,`id`,`listorder`,`status` FROM `tp_index_picture` WHERE ( `siteid` = 2 ) ORDER BY listorder desc,id desc LIMIT 0,10   [ RunTime:0.000301s ]
INFO: [ view_template ] --START--
INFO: Run LocationTemplate Behavior [ RunTime:0.000237s ]
INFO: [ view_template ] --END-- [ RunTime:0.000319s ]
INFO: [ view_parse ] --START--
INFO: Run ParseTemplate Behavior [ RunTime:0.009057s ]
INFO: [ view_parse ] --END-- [ RunTime:0.009111s ]
INFO: [ view_filter ] --START--
INFO: Run ContentReplace Behavior [ RunTime:0.000273s ]
INFO: Run TokenBuild Behavior [ RunTime:0.000240s ]
INFO: Run WriteHtmlCache Behavior [ RunTime:0.000130s ]
INFO: Run ShowRuntime Behavior [ RunTime:0.000273s ]
INFO: [ view_filter ] --END-- [ RunTime:0.001059s ]
INFO: [ view_end ] --START--
INFO: Run ShowPageTrace Behavior [ RunTime:0.000338s ]
INFO: [ view_end ] --END-- [ RunTime:0.000390s ]

[ 2017-03-06T15:41:15+08:00 ] 103.226.92.134 /bobo2/admin.php/Category/category/cls/2
INFO: [ route_check ] --START--
INFO: Run CheckRoute Behavior [ RunTime:0.000493s ]
INFO: [ route_check ] --END-- [ RunTime:0.000568s ]
INFO: [ app_begin ] --START--
INFO: Run ReadHtmlCache Behavior [ RunTime:0.000365s ]
INFO: [ app_begin ] --END-- [ RunTime:0.000415s ]
SQL: SHOW COLUMNS FROM `tp_category` [ RunTime:0.000755s ]
SQL: SELECT `catid`,`catname`,`type`,`parentid`,concat(arrparentid,'-',catid) as bpath,`model`,`listorder` FROM `tp_category` WHERE ( siteid=1 ) ORDER BY parentid,listorder  [ RunTime:0.000411s ]
INFO: [ view_template ] --START--
INFO: Run LocationTemplate Behavior [ RunTime:0.000877s ]
INFO: [ view_template ] --END-- [ RunTime:0.000939s ]
INFO: [ view_parse ] --START--
NOTIC: [8] Use of undefined constant Index - assumed 'Index' /data/wwwroot/html/bobo2/Admin/Runtime/Cache/91a138de4020df51ccc2e977dfd86a90.php 第 138 行.
NOTIC: [8] Use of undefined constant Index - assumed 'Index' /data/wwwroot/html/bobo2/Admin/Runtime/Cache/91a138de4020df51ccc2e977dfd86a90.php 第 138 行.
NOTIC: [8] Use of undefined constant Index - assumed 'Index' /data/wwwroot/html/bobo2/Admin/Runtime/Cache/91a138de4020df51ccc2e977dfd86a90.php 第 138 行.
NOTIC: [8] Use of undefined constant Index - assumed 'Index' /data/wwwroot/html/bobo2/Admin/Runtime/Cache/91a138de4020df51ccc2e977dfd86a90.php 第 138 行.
NOTIC: [8] Use of undefined constant Index - assumed 'Index' /data/wwwroot/html/bobo2/Admin/Runtime/Cache/91a138de4020df51ccc2e977dfd86a90.php 第 138 行.
NOTIC: [8] Use of undefined constant Index - assumed 'Index' /data/wwwroot/html/bobo2/Admin/Runtime/Cache/91a138de4020df51ccc2e977dfd86a90.php 第 138 行.
NOTIC: [8] Use of undefined constant Content - assumed 'Content' /data/wwwroot/html/bobo2/Admin/Runtime/Cache/91a138de4020df51ccc2e977dfd86a90.php 第 167 行.
NOTIC: [8] Use of undefined constant Index - assumed 'Index' /data/wwwroot/html/bobo2/Admin/Runtime/Cache/91a138de4020df51ccc2e977dfd86a90.php 第 138 行.
NOTIC: [8] Use of undefined constant Content - assumed 'Content' /data/wwwroot/html/bobo2/Admin/Runtime/Cache/91a138de4020df51ccc2e977dfd86a90.php 第 167 行.
NOTIC: [8] Use of undefined constant Index - assumed 'Index' /data/wwwroot/html/bobo2/Admin/Runtime/Cache/91a138de4020df51ccc2e977dfd86a90.php 第 138 行.
NOTIC: [8] Use of undefined constant Content - assumed 'Content' /data/wwwroot/html/bobo2/Admin/Runtime/Cache/91a138de4020df51ccc2e977dfd86a90.php 第 167 行.
NOTIC: [8] Use of undefined constant Index - assumed 'Index' /data/wwwroot/html/bobo2/Admin/Runtime/Cache/91a138de4020df51ccc2e977dfd86a90.php 第 138 行.
NOTIC: [8] Use of undefined constant Content - assumed 'Content' /data/wwwroot/html/bobo2/Admin/Runtime/Cache/91a138de4020df51ccc2e977dfd86a90.php 第 167 行.
NOTIC: [8] Use of undefined constant Picture - assumed 'Picture' /data/wwwroot/html/bobo2/Admin/Runtime/Cache/91a138de4020df51ccc2e977dfd86a90.php 第 197 行.
NOTIC: [8] Use of undefined constant Product - assumed 'Product' /data/wwwroot/html/bobo2/Admin/Runtime/Cache/91a138de4020df51ccc2e977dfd86a90.php 第 227 行.
NOTIC: [8] Use of undefined constant Video - assumed 'Video' /data/wwwroot/html/bobo2/Admin/Runtime/Cache/91a138de4020df51ccc2e977dfd86a90.php 第 258 行.
NOTIC: [8] Use of undefined constant Index - assumed 'Index' /data/wwwroot/html/bobo2/Admin/Runtime/Cache/91a138de4020df51ccc2e977dfd86a90.php 第 138 行.
NOTIC: [8] Use of undefined constant Content - assumed 'Content' /data/wwwroot/html/bobo2/Admin/Runtime/Cache/91a138de4020df51ccc2e977dfd86a90.php 第 167 行.
NOTIC: [8] Use of undefined constant Picture - assumed 'Picture' /data/wwwroot/html/bobo2/Admin/Runtime/Cache/91a138de4020df51ccc2e977dfd86a90.php 第 197 行.
NOTIC: [8] Use of undefined constant Product - assumed 'Product' /data/wwwroot/html/bobo2/Admin/Runtime/Cache/91a138de4020df51ccc2e977dfd86a90.php 第 227 行.
NOTIC: [8] Use of undefined constant Video - assumed 'Video' /data/wwwroot/html/bobo2/Admin/Runtime/Cache/91a138de4020df51ccc2e977dfd86a90.php 第 258 行.
NOTIC: [8] Use of undefined constant Index - assumed 'Index' /data/wwwroot/html/bobo2/Admin/Runtime/Cache/91a138de4020df51ccc2e977dfd86a90.php 第 138 行.
NOTIC: [8] Use of undefined constant Content - assumed 'Content' /data/wwwroot/html/bobo2/Admin/Runtime/Cache/91a138de4020df51ccc2e977dfd86a90.php 第 167 行.
NOTIC: [8] Use of undefined constant Picture - assumed 'Picture' /data/wwwroot/html/bobo2/Admin/Runtime/Cache/91a138de4020df51ccc2e977dfd86a90.php 第 197 行.
NOTIC: [8] Use of undefined constant Product - assumed 'Product' /data/wwwroot/html/bobo2/Admin/Runtime/Cache/91a138de4020df51ccc2e977dfd86a90.php 第 227 行.
NOTIC: [8] Use of undefined constant Index - assumed 'Index' /data/wwwroot/html/bobo2/Admin/Runtime/Cache/91a138de4020df51ccc2e977dfd86a90.php 第 138 行.
NOTIC: [8] Use of undefined constant Content - assumed 'Content' /data/wwwroot/html/bobo2/Admin/Runtime/Cache/91a138de4020df51ccc2e977dfd86a90.php 第 167 行.
NOTIC: [8] Use of undefined constant Picture - assumed 'Picture' /data/wwwroot/html/bobo2/Admin/Runtime/Cache/91a138de4020df51ccc2e977dfd86a90.php 第 197 行.
NOTIC: [8] Use of undefined constant Product - assumed 'Product' /data/wwwroot/html/bobo2/Admin/Runtime/Cache/91a138de4020df51ccc2e977dfd86a90.php 第 227 行.
NOTIC: [8] Use of undefined constant Index - assumed 'Index' /data/wwwroot/html/bobo2/Admin/Runtime/Cache/91a138de4020df51ccc2e977dfd86a90.php 第 138 行.
NOTIC: [8] Use of undefined constant Content - assumed 'Content' /data/wwwroot/html/bobo2/Admin/Runtime/Cache/91a138de4020df51ccc2e977dfd86a90.php 第 167 行.
NOTIC: [8] Use of undefined constant Picture - assumed 'Picture' /data/wwwroot/html/bobo2/Admin/Runtime/Cache/91a138de4020df51ccc2e977dfd86a90.php 第 197 行.
NOTIC: [8] Use of undefined constant Product - assumed 'Product' /data/wwwroot/html/bobo2/Admin/Runtime/Cache/91a138de4020df51ccc2e977dfd86a90.php 第 227 行.
NOTIC: [8] Use of undefined constant Index - assumed 'Index' /data/wwwroot/html/bobo2/Admin/Runtime/Cache/91a138de4020df51ccc2e977dfd86a90.php 第 138 行.
NOTIC: [8] Use of undefined constant Content - assumed 'Content' /data/wwwroot/html/bobo2/Admin/Runtime/Cache/91a138de4020df51ccc2e977dfd86a90.php 第 167 行.
NOTIC: [8] Use of undefined constant Picture - assumed 'Picture' /data/wwwroot/html/bobo2/Admin/Runtime/Cache/91a138de4020df51ccc2e977dfd86a90.php 第 197 行.
NOTIC: [8] Use of undefined constant Product - assumed 'Product' /data/wwwroot/html/bobo2/Admin/Runtime/Cache/91a138de4020df51ccc2e977dfd86a90.php 第 227 行.
NOTIC: [8] Use of undefined constant Index - assumed 'Index' /data/wwwroot/html/bobo2/Admin/Runtime/Cache/91a138de4020df51ccc2e977dfd86a90.php 第 138 行.
NOTIC: [8] Use of undefined constant Content - assumed 'Content' /data/wwwroot/html/bobo2/Admin/Runtime/Cache/91a138de4020df51ccc2e977dfd86a90.php 第 167 行.
NOTIC: [8] Use of undefined constant Picture - assumed 'Picture' /data/wwwroot/html/bobo2/Admin/Runtime/Cache/91a138de4020df51ccc2e977dfd86a90.php 第 197 行.
NOTIC: [8] Use of undefined constant Product - assumed 'Product' /data/wwwroot/html/bobo2/Admin/Runtime/Cache/91a138de4020df51ccc2e977dfd86a90.php 第 227 行.
NOTIC: [8] Use of undefined constant Index - assumed 'Index' /data/wwwroot/html/bobo2/Admin/Runtime/Cache/91a138de4020df51ccc2e977dfd86a90.php 第 138 行.
NOTIC: [8] Use of undefined constant Content - assumed 'Content' /data/wwwroot/html/bobo2/Admin/Runtime/Cache/91a138de4020df51ccc2e977dfd86a90.php 第 167 行.
NOTIC: [8] Use of undefined constant Picture - assumed 'Picture' /data/wwwroot/html/bobo2/Admin/Runtime/Cache/91a138de4020df51ccc2e977dfd86a90.php 第 197 行.
NOTIC: [8] Use of undefined constant Product - assumed 'Product' /data/wwwroot/html/bobo2/Admin/Runtime/Cache/91a138de4020df51ccc2e977dfd86a90.php 第 227 行.
NOTIC: [8] Use of undefined constant Index - assumed 'Index' /data/wwwroot/html/bobo2/Admin/Runtime/Cache/91a138de4020df51ccc2e977dfd86a90.php 第 138 行.
NOTIC: [8] Use of undefined constant Content - assumed 'Content' /data/wwwroot/html/bobo2/Admin/Runtime/Cache/91a138de4020df51ccc2e977dfd86a90.php 第 167 行.
NOTIC: [8] Use of undefined constant Picture - assumed 'Picture' /data/wwwroot/html/bobo2/Admin/Runtime/Cache/91a138de4020df51ccc2e977dfd86a90.php 第 197 行.
NOTIC: [8] Use of undefined constant Product - assumed 'Product' /data/wwwroot/html/bobo2/Admin/Runtime/Cache/91a138de4020df51ccc2e977dfd86a90.php 第 227 行.
NOTIC: [8] Use of undefined constant Index - assumed 'Index' /data/wwwroot/html/bobo2/Admin/Runtime/Cache/91a138de4020df51ccc2e977dfd86a90.php 第 138 行.
NOTIC: [8] Use of undefined constant Content - assumed 'Content' /data/wwwroot/html/bobo2/Admin/Runtime/Cache/91a138de4020df51ccc2e977dfd86a90.php 第 167 行.
NOTIC: [8] Use of undefined constant Picture - assumed 'Picture' /data/wwwroot/html/bobo2/Admin/Runtime/Cache/91a138de4020df51ccc2e977dfd86a90.php 第 197 行.
NOTIC: [8] Use of undefined constant Product - assumed 'Product' /data/wwwroot/html/bobo2/Admin/Runtime/Cache/91a138de4020df51ccc2e977dfd86a90.php 第 227 行.
NOTIC: [8] Use of undefined constant Index - assumed 'Index' /data/wwwroot/html/bobo2/Admin/Runtime/Cache/91a138de4020df51ccc2e977dfd86a90.php 第 138 行.
NOTIC: [8] Use of undefined constant Index - assumed 'Index' /data/wwwroot/html/bobo2/Admin/Runtime/Cache/91a138de4020df51ccc2e977dfd86a90.php 第 138 行.
INFO: Run ParseTemplate Behavior [ RunTime:0.015289s ]
INFO: [ view_parse ] --END-- [ RunTime:0.015352s ]
INFO: [ view_filter ] --START--
INFO: Run ContentReplace Behavior [ RunTime:0.000389s ]
INFO: Run TokenBuild Behavior [ RunTime:0.000263s ]
INFO: Run WriteHtmlCache Behavior [ RunTime:0.000142s ]
INFO: Run ShowRuntime Behavior [ RunTime:0.000312s ]
INFO: [ view_filter ] --END-- [ RunTime:0.001253s ]
INFO: [ view_end ] --START--
INFO: Run ShowPageTrace Behavior [ RunTime:0.000368s ]
INFO: [ view_end ] --END-- [ RunTime:0.000412s ]

[ 2017-03-06T15:55:55+08:00 ] 103.226.92.134 /bobo2/admin.php/Index/index/cls/1
INFO: [ route_check ] --START--
INFO: Run CheckRoute Behavior [ RunTime:0.000598s ]
INFO: [ route_check ] --END-- [ RunTime:0.000667s ]
INFO: [ app_begin ] --START--
INFO: Run ReadHtmlCache Behavior [ RunTime:0.000348s ]
INFO: [ app_begin ] --END-- [ RunTime:0.000401s ]
NOTIC: [2048] Declaration of IndexAction::show() should be compatible with that of Action::show() /data/wwwroot/html/bobo2/Admin/Lib/Action/IndexAction.class.php 第 3 行.
SQL: SHOW COLUMNS FROM `tp_user` [ RunTime:0.000607s ]
SQL: SHOW COLUMNS FROM `tp_index_picture` [ RunTime:0.000558s ]
NOTIC: [8] Undefined variable: gd /data/wwwroot/html/bobo2/Admin/Lib/Action/IndexAction.class.php 第 19 行.
INFO: [ view_template ] --START--
INFO: Run LocationTemplate Behavior [ RunTime:0.000199s ]
INFO: [ view_template ] --END-- [ RunTime:0.000252s ]
INFO: [ view_parse ] --START--
INFO: Run ParseTemplate Behavior [ RunTime:0.006734s ]
INFO: [ view_parse ] --END-- [ RunTime:0.006781s ]
INFO: [ view_filter ] --START--
INFO: Run ContentReplace Behavior [ RunTime:0.000226s ]
INFO: Run TokenBuild Behavior [ RunTime:0.000207s ]
INFO: Run WriteHtmlCache Behavior [ RunTime:0.000121s ]
INFO: Run ShowRuntime Behavior [ RunTime:0.000309s ]
INFO: [ view_filter ] --END-- [ RunTime:0.000990s ]
INFO: [ view_end ] --START--
INFO: Run ShowPageTrace Behavior [ RunTime:0.000343s ]
INFO: [ view_end ] --END-- [ RunTime:0.000385s ]

