[ 2016-09-14T10:59:58+08:00 ] 66.249.65.180 /bobo2/index.php/Product/product/catid/19
INFO: [ route_check ] --START--
INFO: Run CheckRoute Behavior [ RunTime:0.001767s ]
INFO: [ route_check ] --END-- [ RunTime:0.001859s ]
INFO: [ app_begin ] --START--
INFO: Run ReadHtmlCache Behavior [ RunTime:0.001197s ]
INFO: [ app_begin ] --END-- [ RunTime:0.001258s ]
SQL: SHOW COLUMNS FROM `tp_product` [ RunTime:0.000891s ]
SQL: SHOW COLUMNS FROM `tp_category` [ RunTime:0.000626s ]
SQL: SHOW COLUMNS FROM `tp_linkage` [ RunTime:0.019847s ]
SQL: SHOW COLUMNS FROM `tp_parameter` [ RunTime:0.024430s ]
SQL: SHOW COLUMNS FROM `tp_collect` [ RunTime:0.016845s ]
SQL: SHOW COLUMNS FROM `tp_content` [ RunTime:0.000707s ]
SQL: SHOW COLUMNS FROM `tp_page` [ RunTime:0.023439s ]
SQL: SELECT * FROM `tp_page` WHERE ( `catid` = 29 ) LIMIT 1   [ RunTime:0.001200s ]
SQL: SELECT `id`,`catid`,`title`,`headerpic` FROM `tp_content` WHERE ( catid=23 and (status=2 or status=3) ) ORDER BY conorder desc,id desc LIMIT 8   [ RunTime:0.023080s ]
SQL: SELECT `id`,`catid`,`title`,`headerpic` FROM `tp_content` WHERE ( catid=24 and (status=2 or status=3) ) ORDER BY conorder desc,id desc LIMIT 8   [ RunTime:0.000451s ]
SQL: SELECT `id`,`catid`,`title`,`headerpic` FROM `tp_content` WHERE ( catid=25 and (status=2 or status=3) ) ORDER BY conorder desc,id desc LIMIT 8   [ RunTime:0.000417s ]
SQL: SHOW COLUMNS FROM `tp_site` [ RunTime:0.000430s ]
SQL: SELECT * FROM `tp_site` WHERE ( siteid=1 ) LIMIT 1   [ RunTime:0.000220s ]
SQL: SELECT a.xqstatus,a.title,a.picurlpc,a.catid,a.id,b.id as ppid FROM tp_product_price b,tp_product a WHERE ( a.posid=1 and a.status=1 and  a.id=b.pid ) ORDER BY a.listorder desc,id desc LIMIT 8   [ RunTime:0.008866s ]
SQL: SHOW COLUMNS FROM `tp_video` [ RunTime:0.011801s ]
SQL: SELECT `vtitle`,`headerpic`,`catid` FROM `tp_video` WHERE ( catid=26 and (status=2 or status=3) ) ORDER BY listorder desc,vid desc LIMIT 8   [ RunTime:0.001428s ]
SQL: SELECT `vtitle`,`headerpic`,`catid` FROM `tp_video` WHERE ( catid=27 and (status=2 or status=3) ) ORDER BY listorder desc,vid desc LIMIT 8   [ RunTime:0.000223s ]
SQL: SELECT `catid`,`catname`,`caturl` FROM `tp_category` WHERE ( `catid` IN ('14','15','16','17','18','19','20','21') ) ORDER BY listorder desc,catid desc  [ RunTime:0.000229s ]
NOTIC: [8] Undefined variable: category_list /var/www/html/bobo2/Home/Lib/Action/CommonAction.class.php 第 28 行.
NOTIC: [8] Undefined index: linkageid /var/www/html/bobo2/Home/Lib/Action/ProductAction.class.php 第 18 行.
NOTIC: [8] Undefined index: price_search /var/www/html/bobo2/Home/Lib/Action/ProductAction.class.php 第 19 行.
NOTIC: [8] Undefined index: texturelist_search /var/www/html/bobo2/Home/Lib/Action/ProductAction.class.php 第 20 行.
NOTIC: [8] Undefined index: capacity_search /var/www/html/bobo2/Home/Lib/Action/ProductAction.class.php 第 21 行.
SQL: SELECT `catid`,`catname`,`caturl` FROM `tp_category` WHERE ( `catid` IN ('14','15','16','17','18','19','20','21') ) ORDER BY listorder desc,catid desc  [ RunTime:0.000200s ]
NOTIC: [8] Undefined index: bobo_pc_user_id /var/www/html/bobo2/Home/Lib/Action/ProductAction.class.php 第 24 行.
NOTIC: [8] Undefined variable: pro_list_fw /var/www/html/bobo2/Home/Lib/Action/ProductAction.class.php 第 45 行.
SQL: SELECT `colorname`,`id` FROM `tp_parameter` WHERE ( typeid=1 and status=1 ) ORDER BY listorder desc,id desc  [ RunTime:0.001003s ]
SQL: SELECT COUNT(*) AS tp_count FROM `tp_linkage` WHERE ( catid=19 and status=1 ) LIMIT 1   [ RunTime:0.000169s ]
SQL: SELECT a.xqstatus,a.title,a.picurlpc,a.catid,a.id,b.capacity,b.price,b.id as ppid,a.colorlist,b.fmpicurl FROM tp_product_price b,tp_product a WHERE ( a.catid=19  and a.status=1 and  a.id=b.pid ) ORDER BY a.listorder desc,id desc  [ RunTime:0.000570s ]
SQL: SELECT `catname` FROM `tp_category` WHERE ( catid=19 ) LIMIT 1   [ RunTime:0.000146s ]
SQL: SELECT `colorname` FROM `tp_parameter` WHERE ( `id` IN ('4') )  [ RunTime:0.000138s ]
SQL: SELECT `catname` FROM `tp_category` WHERE ( catid=19 ) LIMIT 1   [ RunTime:0.000141s ]
SQL: SELECT `colorname` FROM `tp_parameter` WHERE ( `id` IN ('9') )  [ RunTime:0.000134s ]
SQL: SELECT `catname` FROM `tp_category` WHERE ( catid=19 ) LIMIT 1   [ RunTime:0.000135s ]
SQL: SELECT `colorname` FROM `tp_parameter` WHERE ( `id` IN ('9') )  [ RunTime:0.000139s ]
INFO: [ view_template ] --START--
INFO: Run LocationTemplate Behavior [ RunTime:0.001087s ]
INFO: [ view_template ] --END-- [ RunTime:0.001150s ]
INFO: [ view_parse ] --START--
NOTIC: [8] A session had already been started - ignoring session_start() /var/www/html/bobo2/Home/Runtime/Cache/7ec83dbe9b0a50fbf22731d36a9728b0.php 第 78 行.
NOTIC: [8] Undefined index: bobo_pc_user_id /var/www/html/bobo2/Home/Runtime/Cache/7ec83dbe9b0a50fbf22731d36a9728b0.php 第 78 行.
NOTIC: [8] Undefined index: bobo_pc_user_id /var/www/html/bobo2/Home/Runtime/Cache/7ec83dbe9b0a50fbf22731d36a9728b0.php 第 85 行.
NOTIC: [8] Undefined index: bobo_pc_user_name /var/www/html/bobo2/Home/Runtime/Cache/7ec83dbe9b0a50fbf22731d36a9728b0.php 第 85 行.
NOTIC: [8] Undefined variable: k /var/www/html/bobo2/Home/Runtime/Cache/7ec83dbe9b0a50fbf22731d36a9728b0.php 第 112 行.
NOTIC: [8] Use of undefined constant catid - assumed 'catid' /var/www/html/bobo2/Home/Runtime/Cache/7ec83dbe9b0a50fbf22731d36a9728b0.php 第 115 行.
NOTIC: [8] Use of undefined constant id - assumed 'id' /var/www/html/bobo2/Home/Runtime/Cache/7ec83dbe9b0a50fbf22731d36a9728b0.php 第 115 行.
NOTIC: [8] Use of undefined constant catid - assumed 'catid' /var/www/html/bobo2/Home/Runtime/Cache/7ec83dbe9b0a50fbf22731d36a9728b0.php 第 115 行.
NOTIC: [8] Use of undefined constant id - assumed 'id' /var/www/html/bobo2/Home/Runtime/Cache/7ec83dbe9b0a50fbf22731d36a9728b0.php 第 115 行.
NOTIC: [8] Use of undefined constant catid - assumed 'catid' /var/www/html/bobo2/Home/Runtime/Cache/7ec83dbe9b0a50fbf22731d36a9728b0.php 第 115 行.
NOTIC: [8] Use of undefined constant id - assumed 'id' /var/www/html/bobo2/Home/Runtime/Cache/7ec83dbe9b0a50fbf22731d36a9728b0.php 第 115 行.
NOTIC: [8] Use of undefined constant catid - assumed 'catid' /var/www/html/bobo2/Home/Runtime/Cache/7ec83dbe9b0a50fbf22731d36a9728b0.php 第 115 行.
NOTIC: [8] Use of undefined constant id - assumed 'id' /var/www/html/bobo2/Home/Runtime/Cache/7ec83dbe9b0a50fbf22731d36a9728b0.php 第 115 行.
NOTIC: [8] Use of undefined constant catid - assumed 'catid' /var/www/html/bobo2/Home/Runtime/Cache/7ec83dbe9b0a50fbf22731d36a9728b0.php 第 115 行.
NOTIC: [8] Use of undefined constant id - assumed 'id' /var/www/html/bobo2/Home/Runtime/Cache/7ec83dbe9b0a50fbf22731d36a9728b0.php 第 115 行.
NOTIC: [8] Use of undefined constant catid - assumed 'catid' /var/www/html/bobo2/Home/Runtime/Cache/7ec83dbe9b0a50fbf22731d36a9728b0.php 第 115 行.
NOTIC: [8] Use of undefined constant id - assumed 'id' /var/www/html/bobo2/Home/Runtime/Cache/7ec83dbe9b0a50fbf22731d36a9728b0.php 第 115 行.
NOTIC: [8] Use of undefined constant catid - assumed 'catid' /var/www/html/bobo2/Home/Runtime/Cache/7ec83dbe9b0a50fbf22731d36a9728b0.php 第 115 行.
NOTIC: [8] Use of undefined constant id - assumed 'id' /var/www/html/bobo2/Home/Runtime/Cache/7ec83dbe9b0a50fbf22731d36a9728b0.php 第 115 行.
NOTIC: [8] Use of undefined constant catid - assumed 'catid' /var/www/html/bobo2/Home/Runtime/Cache/7ec83dbe9b0a50fbf22731d36a9728b0.php 第 115 行.
NOTIC: [8] Use of undefined constant id - assumed 'id' /var/www/html/bobo2/Home/Runtime/Cache/7ec83dbe9b0a50fbf22731d36a9728b0.php 第 115 行.
NOTIC: [8] Use of undefined constant catid - assumed 'catid' /var/www/html/bobo2/Home/Runtime/Cache/7ec83dbe9b0a50fbf22731d36a9728b0.php 第 118 行.
NOTIC: [8] Use of undefined constant id - assumed 'id' /var/www/html/bobo2/Home/Runtime/Cache/7ec83dbe9b0a50fbf22731d36a9728b0.php 第 118 行.
NOTIC: [8] Use of undefined constant catid - assumed 'catid' /var/www/html/bobo2/Home/Runtime/Cache/7ec83dbe9b0a50fbf22731d36a9728b0.php 第 118 行.
NOTIC: [8] Use of undefined constant id - assumed 'id' /var/www/html/bobo2/Home/Runtime/Cache/7ec83dbe9b0a50fbf22731d36a9728b0.php 第 118 行.
NOTIC: [8] Use of undefined constant catid - assumed 'catid' /var/www/html/bobo2/Home/Runtime/Cache/7ec83dbe9b0a50fbf22731d36a9728b0.php 第 118 行.
NOTIC: [8] Use of undefined constant id - assumed 'id' /var/www/html/bobo2/Home/Runtime/Cache/7ec83dbe9b0a50fbf22731d36a9728b0.php 第 118 行.
NOTIC: [8] Use of undefined constant catid - assumed 'catid' /var/www/html/bobo2/Home/Runtime/Cache/7ec83dbe9b0a50fbf22731d36a9728b0.php 第 118 行.
NOTIC: [8] Use of undefined constant id - assumed 'id' /var/www/html/bobo2/Home/Runtime/Cache/7ec83dbe9b0a50fbf22731d36a9728b0.php 第 118 行.
NOTIC: [8] Use of undefined constant catid - assumed 'catid' /var/www/html/bobo2/Home/Runtime/Cache/7ec83dbe9b0a50fbf22731d36a9728b0.php 第 121 行.
NOTIC: [8] Use of undefined constant id - assumed 'id' /var/www/html/bobo2/Home/Runtime/Cache/7ec83dbe9b0a50fbf22731d36a9728b0.php 第 121 行.
NOTIC: [8] Use of undefined constant catid - assumed 'catid' /var/www/html/bobo2/Home/Runtime/Cache/7ec83dbe9b0a50fbf22731d36a9728b0.php 第 121 行.
NOTIC: [8] Use of undefined constant id - assumed 'id' /var/www/html/bobo2/Home/Runtime/Cache/7ec83dbe9b0a50fbf22731d36a9728b0.php 第 121 行.
NOTIC: [8] Use of undefined constant catid - assumed 'catid' /var/www/html/bobo2/Home/Runtime/Cache/7ec83dbe9b0a50fbf22731d36a9728b0.php 第 146 行.
NOTIC: [8] Use of undefined constant id - assumed 'id' /var/www/html/bobo2/Home/Runtime/Cache/7ec83dbe9b0a50fbf22731d36a9728b0.php 第 146 行.
NOTIC: [8] Use of undefined constant ppid - assumed 'ppid' /var/www/html/bobo2/Home/Runtime/Cache/7ec83dbe9b0a50fbf22731d36a9728b0.php 第 146 行.
NOTIC: [8] Use of undefined constant catid - assumed 'catid' /var/www/html/bobo2/Home/Runtime/Cache/7ec83dbe9b0a50fbf22731d36a9728b0.php 第 146 行.
NOTIC: [8] Use of undefined constant id - assumed 'id' /var/www/html/bobo2/Home/Runtime/Cache/7ec83dbe9b0a50fbf22731d36a9728b0.php 第 146 行.
NOTIC: [8] Use of undefined constant ppid - assumed 'ppid' /var/www/html/bobo2/Home/Runtime/Cache/7ec83dbe9b0a50fbf22731d36a9728b0.php 第 146 行.
NOTIC: [8] Use of undefined constant catid - assumed 'catid' /var/www/html/bobo2/Home/Runtime/Cache/7ec83dbe9b0a50fbf22731d36a9728b0.php 第 146 行.
NOTIC: [8] Use of undefined constant id - assumed 'id' /var/www/html/bobo2/Home/Runtime/Cache/7ec83dbe9b0a50fbf22731d36a9728b0.php 第 146 行.
NOTIC: [8] Use of undefined constant ppid - assumed 'ppid' /var/www/html/bobo2/Home/Runtime/Cache/7ec83dbe9b0a50fbf22731d36a9728b0.php 第 146 行.
NOTIC: [8] Use of undefined constant catid - assumed 'catid' /var/www/html/bobo2/Home/Runtime/Cache/7ec83dbe9b0a50fbf22731d36a9728b0.php 第 146 行.
NOTIC: [8] Use of undefined constant id - assumed 'id' /var/www/html/bobo2/Home/Runtime/Cache/7ec83dbe9b0a50fbf22731d36a9728b0.php 第 146 行.
NOTIC: [8] Use of undefined constant ppid - assumed 'ppid' /var/www/html/bobo2/Home/Runtime/Cache/7ec83dbe9b0a50fbf22731d36a9728b0.php 第 146 行.
NOTIC: [8] Use of undefined constant catid - assumed 'catid' /var/www/html/bobo2/Home/Runtime/Cache/7ec83dbe9b0a50fbf22731d36a9728b0.php 第 146 行.
NOTIC: [8] Use of undefined constant id - assumed 'id' /var/www/html/bobo2/Home/Runtime/Cache/7ec83dbe9b0a50fbf22731d36a9728b0.php 第 146 行.
NOTIC: [8] Use of undefined constant ppid - assumed 'ppid' /var/www/html/bobo2/Home/Runtime/Cache/7ec83dbe9b0a50fbf22731d36a9728b0.php 第 146 行.
NOTIC: [8] Use of undefined constant catid - assumed 'catid' /var/www/html/bobo2/Home/Runtime/Cache/7ec83dbe9b0a50fbf22731d36a9728b0.php 第 146 行.
NOTIC: [8] Use of undefined constant id - assumed 'id' /var/www/html/bobo2/Home/Runtime/Cache/7ec83dbe9b0a50fbf22731d36a9728b0.php 第 146 行.
NOTIC: [8] Use of undefined constant ppid - assumed 'ppid' /var/www/html/bobo2/Home/Runtime/Cache/7ec83dbe9b0a50fbf22731d36a9728b0.php 第 146 行.
NOTIC: [8] Use of undefined constant catid - assumed 'catid' /var/www/html/bobo2/Home/Runtime/Cache/7ec83dbe9b0a50fbf22731d36a9728b0.php 第 146 行.
NOTIC: [8] Use of undefined constant id - assumed 'id' /var/www/html/bobo2/Home/Runtime/Cache/7ec83dbe9b0a50fbf22731d36a9728b0.php 第 146 行.
NOTIC: [8] Use of undefined constant ppid - assumed 'ppid' /var/www/html/bobo2/Home/Runtime/Cache/7ec83dbe9b0a50fbf22731d36a9728b0.php 第 146 行.
NOTIC: [8] Use of undefined constant catid - assumed 'catid' /var/www/html/bobo2/Home/Runtime/Cache/7ec83dbe9b0a50fbf22731d36a9728b0.php 第 146 行.
NOTIC: [8] Use of undefined constant id - assumed 'id' /var/www/html/bobo2/Home/Runtime/Cache/7ec83dbe9b0a50fbf22731d36a9728b0.php 第 146 行.
NOTIC: [8] Use of undefined constant ppid - assumed 'ppid' /var/www/html/bobo2/Home/Runtime/Cache/7ec83dbe9b0a50fbf22731d36a9728b0.php 第 146 行.
NOTIC: [8] Use of undefined constant catid - assumed 'catid' /var/www/html/bobo2/Home/Runtime/Cache/7ec83dbe9b0a50fbf22731d36a9728b0.php 第 150 行.
NOTIC: [8] Use of undefined constant catid - assumed 'catid' /var/www/html/bobo2/Home/Runtime/Cache/7ec83dbe9b0a50fbf22731d36a9728b0.php 第 150 行.
NOTIC: [8] Use of undefined constant catid - assumed 'catid' /var/www/html/bobo2/Home/Runtime/Cache/7ec83dbe9b0a50fbf22731d36a9728b0.php 第 150 行.
NOTIC: [8] Use of undefined constant catid - assumed 'catid' /var/www/html/bobo2/Home/Runtime/Cache/7ec83dbe9b0a50fbf22731d36a9728b0.php 第 150 行.
NOTIC: [8] Use of undefined constant catid - assumed 'catid' /var/www/html/bobo2/Home/Runtime/Cache/7ec83dbe9b0a50fbf22731d36a9728b0.php 第 150 行.
NOTIC: [8] Use of undefined constant catid - assumed 'catid' /var/www/html/bobo2/Home/Runtime/Cache/7ec83dbe9b0a50fbf22731d36a9728b0.php 第 150 行.
NOTIC: [8] Use of undefined constant catid - assumed 'catid' /var/www/html/bobo2/Home/Runtime/Cache/7ec83dbe9b0a50fbf22731d36a9728b0.php 第 150 行.
NOTIC: [8] Use of undefined constant catid - assumed 'catid' /var/www/html/bobo2/Home/Runtime/Cache/7ec83dbe9b0a50fbf22731d36a9728b0.php 第 150 行.
NOTIC: [8] Use of undefined constant catid - assumed 'catid' /var/www/html/bobo2/Home/Runtime/Cache/7ec83dbe9b0a50fbf22731d36a9728b0.php 第 154 行.
NOTIC: [8] Use of undefined constant catid - assumed 'catid' /var/www/html/bobo2/Home/Runtime/Cache/7ec83dbe9b0a50fbf22731d36a9728b0.php 第 154 行.
NOTIC: [8] Use of undefined constant catid - assumed 'catid' /var/www/html/bobo2/Home/Runtime/Cache/7ec83dbe9b0a50fbf22731d36a9728b0.php 第 154 行.
NOTIC: [8] Use of undefined constant catid - assumed 'catid' /var/www/html/bobo2/Home/Runtime/Cache/7ec83dbe9b0a50fbf22731d36a9728b0.php 第 154 行.
NOTIC: [8] Use of undefined constant catid - assumed 'catid' /var/www/html/bobo2/Home/Runtime/Cache/7ec83dbe9b0a50fbf22731d36a9728b0.php 第 154 行.
NOTIC: [8] Use of undefined constant catid - assumed 'catid' /var/www/html/bobo2/Home/Runtime/Cache/7ec83dbe9b0a50fbf22731d36a9728b0.php 第 154 行.
NOTIC: [8] Use of undefined constant catid - assumed 'catid' /var/www/html/bobo2/Home/Runtime/Cache/7ec83dbe9b0a50fbf22731d36a9728b0.php 第 154 行.
NOTIC: [8] Use of undefined constant catid - assumed 'catid' /var/www/html/bobo2/Home/Runtime/Cache/7ec83dbe9b0a50fbf22731d36a9728b0.php 第 157 行.
NOTIC: [8] Use of undefined constant catid - assumed 'catid' /var/www/html/bobo2/Home/Runtime/Cache/7ec83dbe9b0a50fbf22731d36a9728b0.php 第 157 行.
NOTIC: [8] Use of undefined constant catid - assumed 'catid' /var/www/html/bobo2/Home/Runtime/Cache/7ec83dbe9b0a50fbf22731d36a9728b0.php 第 157 行.
NOTIC: [8] Use of undefined constant catid - assumed 'catid' /var/www/html/bobo2/Home/Runtime/Cache/7ec83dbe9b0a50fbf22731d36a9728b0.php 第 157 行.
NOTIC: [8] Use of undefined constant catid - assumed 'catid' /var/www/html/bobo2/Home/Runtime/Cache/7ec83dbe9b0a50fbf22731d36a9728b0.php 第 157 行.
NOTIC: [8] Use of undefined constant catid - assumed 'catid' /var/www/html/bobo2/Home/Runtime/Cache/7ec83dbe9b0a50fbf22731d36a9728b0.php 第 157 行.
NOTIC: [8] Use of undefined constant catid - assumed 'catid' /var/www/html/bobo2/Home/Runtime/Cache/7ec83dbe9b0a50fbf22731d36a9728b0.php 第 157 行.
NOTIC: [8] Use of undefined constant catid - assumed 'catid' /var/www/html/bobo2/Home/Runtime/Cache/7ec83dbe9b0a50fbf22731d36a9728b0.php 第 157 行.
NOTIC: [8] Use of undefined constant catid - assumed 'catid' /var/www/html/bobo2/Home/Runtime/Cache/7ec83dbe9b0a50fbf22731d36a9728b0.php 第 180 行.
NOTIC: [8] Use of undefined constant id - assumed 'id' /var/www/html/bobo2/Home/Runtime/Cache/7ec83dbe9b0a50fbf22731d36a9728b0.php 第 180 行.
NOTIC: [8] Use of undefined constant ppid - assumed 'ppid' /var/www/html/bobo2/Home/Runtime/Cache/7ec83dbe9b0a50fbf22731d36a9728b0.php 第 180 行.
NOTIC: [8] Use of undefined constant catid - assumed 'catid' /var/www/html/bobo2/Home/Runtime/Cache/7ec83dbe9b0a50fbf22731d36a9728b0.php 第 180 行.
NOTIC: [8] Use of undefined constant id - assumed 'id' /var/www/html/bobo2/Home/Runtime/Cache/7ec83dbe9b0a50fbf22731d36a9728b0.php 第 180 行.
NOTIC: [8] Use of undefined constant ppid - assumed 'ppid' /var/www/html/bobo2/Home/Runtime/Cache/7ec83dbe9b0a50fbf22731d36a9728b0.php 第 180 行.
NOTIC: [8] Use of undefined constant catid - assumed 'catid' /var/www/html/bobo2/Home/Runtime/Cache/7ec83dbe9b0a50fbf22731d36a9728b0.php 第 180 行.
NOTIC: [8] Use of undefined constant id - assumed 'id' /var/www/html/bobo2/Home/Runtime/Cache/7ec83dbe9b0a50fbf22731d36a9728b0.php 第 180 行.
NOTIC: [8] Use of undefined constant ppid - assumed 'ppid' /var/www/html/bobo2/Home/Runtime/Cache/7ec83dbe9b0a50fbf22731d36a9728b0.php 第 180 行.
NOTIC: [8] Use of undefined constant catid - assumed 'catid' /var/www/html/bobo2/Home/Runtime/Cache/7ec83dbe9b0a50fbf22731d36a9728b0.php 第 180 行.
NOTIC: [8] Use of undefined constant id - assumed 'id' /var/www/html/bobo2/Home/Runtime/Cache/7ec83dbe9b0a50fbf22731d36a9728b0.php 第 180 行.
NOTIC: [8] Use of undefined constant ppid - assumed 'ppid' /var/www/html/bobo2/Home/Runtime/Cache/7ec83dbe9b0a50fbf22731d36a9728b0.php 第 180 行.
NOTIC: [8] Use of undefined constant catid - assumed 'catid' /var/www/html/bobo2/Home/Runtime/Cache/7ec83dbe9b0a50fbf22731d36a9728b0.php 第 180 行.
NOTIC: [8] Use of undefined constant id - assumed 'id' /var/www/html/bobo2/Home/Runtime/Cache/7ec83dbe9b0a50fbf22731d36a9728b0.php 第 180 行.
NOTIC: [8] Use of undefined constant ppid - assumed 'ppid' /var/www/html/bobo2/Home/Runtime/Cache/7ec83dbe9b0a50fbf22731d36a9728b0.php 第 180 行.
NOTIC: [8] Use of undefined constant catid - assumed 'catid' /var/www/html/bobo2/Home/Runtime/Cache/7ec83dbe9b0a50fbf22731d36a9728b0.php 第 180 行.
NOTIC: [8] Use of undefined constant id - assumed 'id' /var/www/html/bobo2/Home/Runtime/Cache/7ec83dbe9b0a50fbf22731d36a9728b0.php 第 180 行.
NOTIC: [8] Use of undefined constant ppid - assumed 'ppid' /var/www/html/bobo2/Home/Runtime/Cache/7ec83dbe9b0a50fbf22731d36a9728b0.php 第 180 行.
NOTIC: [8] Use of undefined constant catid - assumed 'catid' /var/www/html/bobo2/Home/Runtime/Cache/7ec83dbe9b0a50fbf22731d36a9728b0.php 第 180 行.
NOTIC: [8] Use of undefined constant id - assumed 'id' /var/www/html/bobo2/Home/Runtime/Cache/7ec83dbe9b0a50fbf22731d36a9728b0.php 第 180 行.
NOTIC: [8] Use of undefined constant ppid - assumed 'ppid' /var/www/html/bobo2/Home/Runtime/Cache/7ec83dbe9b0a50fbf22731d36a9728b0.php 第 180 行.
NOTIC: [8] Use of undefined constant catid - assumed 'catid' /var/www/html/bobo2/Home/Runtime/Cache/7ec83dbe9b0a50fbf22731d36a9728b0.php 第 180 行.
NOTIC: [8] Use of undefined constant id - assumed 'id' /var/www/html/bobo2/Home/Runtime/Cache/7ec83dbe9b0a50fbf22731d36a9728b0.php 第 180 行.
NOTIC: [8] Use of undefined constant ppid - assumed 'ppid' /var/www/html/bobo2/Home/Runtime/Cache/7ec83dbe9b0a50fbf22731d36a9728b0.php 第 180 行.
NOTIC: [8] Use of undefined constant catid - assumed 'catid' /var/www/html/bobo2/Home/Runtime/Cache/7ec83dbe9b0a50fbf22731d36a9728b0.php 第 184 行.
NOTIC: [8] Use of undefined constant catid - assumed 'catid' /var/www/html/bobo2/Home/Runtime/Cache/7ec83dbe9b0a50fbf22731d36a9728b0.php 第 184 行.
NOTIC: [8] Use of undefined constant catid - assumed 'catid' /var/www/html/bobo2/Home/Runtime/Cache/7ec83dbe9b0a50fbf22731d36a9728b0.php 第 184 行.
NOTIC: [8] Use of undefined constant catid - assumed 'catid' /var/www/html/bobo2/Home/Runtime/Cache/7ec83dbe9b0a50fbf22731d36a9728b0.php 第 184 行.
NOTIC: [8] Use of undefined constant catid - assumed 'catid' /var/www/html/bobo2/Home/Runtime/Cache/7ec83dbe9b0a50fbf22731d36a9728b0.php 第 184 行.
NOTIC: [8] Use of undefined constant catid - assumed 'catid' /var/www/html/bobo2/Home/Runtime/Cache/7ec83dbe9b0a50fbf22731d36a9728b0.php 第 184 行.
NOTIC: [8] Use of undefined constant catid - assumed 'catid' /var/www/html/bobo2/Home/Runtime/Cache/7ec83dbe9b0a50fbf22731d36a9728b0.php 第 184 行.
NOTIC: [8] Use of undefined constant catid - assumed 'catid' /var/www/html/bobo2/Home/Runtime/Cache/7ec83dbe9b0a50fbf22731d36a9728b0.php 第 184 行.
NOTIC: [8] Use of undefined constant catid - assumed 'catid' /var/www/html/bobo2/Home/Runtime/Cache/7ec83dbe9b0a50fbf22731d36a9728b0.php 第 188 行.
NOTIC: [8] Use of undefined constant catid - assumed 'catid' /var/www/html/bobo2/Home/Runtime/Cache/7ec83dbe9b0a50fbf22731d36a9728b0.php 第 188 行.
NOTIC: [8] Use of undefined constant catid - assumed 'catid' /var/www/html/bobo2/Home/Runtime/Cache/7ec83dbe9b0a50fbf22731d36a9728b0.php 第 188 行.
NOTIC: [8] Use of undefined constant catid - assumed 'catid' /var/www/html/bobo2/Home/Runtime/Cache/7ec83dbe9b0a50fbf22731d36a9728b0.php 第 188 行.
NOTIC: [8] Use of undefined constant catid - assumed 'catid' /var/www/html/bobo2/Home/Runtime/Cache/7ec83dbe9b0a50fbf22731d36a9728b0.php 第 188 行.
NOTIC: [8] Use of undefined constant catid - assumed 'catid' /var/www/html/bobo2/Home/Runtime/Cache/7ec83dbe9b0a50fbf22731d36a9728b0.php 第 188 行.
NOTIC: [8] Use of undefined constant catid - assumed 'catid' /var/www/html/bobo2/Home/Runtime/Cache/7ec83dbe9b0a50fbf22731d36a9728b0.php 第 188 行.
NOTIC: [8] Use of undefined constant catid - assumed 'catid' /var/www/html/bobo2/Home/Runtime/Cache/7ec83dbe9b0a50fbf22731d36a9728b0.php 第 191 行.
NOTIC: [8] Use of undefined constant catid - assumed 'catid' /var/www/html/bobo2/Home/Runtime/Cache/7ec83dbe9b0a50fbf22731d36a9728b0.php 第 191 行.
NOTIC: [8] Use of undefined constant catid - assumed 'catid' /var/www/html/bobo2/Home/Runtime/Cache/7ec83dbe9b0a50fbf22731d36a9728b0.php 第 191 行.
NOTIC: [8] Use of undefined constant catid - assumed 'catid' /var/www/html/bobo2/Home/Runtime/Cache/7ec83dbe9b0a50fbf22731d36a9728b0.php 第 191 行.
NOTIC: [8] Use of undefined constant catid - assumed 'catid' /var/www/html/bobo2/Home/Runtime/Cache/7ec83dbe9b0a50fbf22731d36a9728b0.php 第 191 行.
NOTIC: [8] Use of undefined constant catid - assumed 'catid' /var/www/html/bobo2/Home/Runtime/Cache/7ec83dbe9b0a50fbf22731d36a9728b0.php 第 191 行.
NOTIC: [8] Use of undefined constant catid - assumed 'catid' /var/www/html/bobo2/Home/Runtime/Cache/7ec83dbe9b0a50fbf22731d36a9728b0.php 第 191 行.
NOTIC: [8] Use of undefined constant catid - assumed 'catid' /var/www/html/bobo2/Home/Runtime/Cache/7ec83dbe9b0a50fbf22731d36a9728b0.php 第 191 行.
NOTIC: [8] Use of undefined constant catid - assumed 'catid' /var/www/html/bobo2/Home/Runtime/Cache/7ec83dbe9b0a50fbf22731d36a9728b0.php 第 265 行.
NOTIC: [8] Use of undefined constant catid - assumed 'catid' /var/www/html/bobo2/Home/Runtime/Cache/7ec83dbe9b0a50fbf22731d36a9728b0.php 第 265 行.
NOTIC: [8] Use of undefined constant catid - assumed 'catid' /var/www/html/bobo2/Home/Runtime/Cache/7ec83dbe9b0a50fbf22731d36a9728b0.php 第 265 行.
NOTIC: [8] Use of undefined constant catid - assumed 'catid' /var/www/html/bobo2/Home/Runtime/Cache/7ec83dbe9b0a50fbf22731d36a9728b0.php 第 265 行.
NOTIC: [8] Use of undefined constant catid - assumed 'catid' /var/www/html/bobo2/Home/Runtime/Cache/7ec83dbe9b0a50fbf22731d36a9728b0.php 第 265 行.
NOTIC: [8] Use of undefined constant catid - assumed 'catid' /var/www/html/bobo2/Home/Runtime/Cache/7ec83dbe9b0a50fbf22731d36a9728b0.php 第 265 行.
NOTIC: [8] Use of undefined constant catid - assumed 'catid' /var/www/html/bobo2/Home/Runtime/Cache/7ec83dbe9b0a50fbf22731d36a9728b0.php 第 265 行.
NOTIC: [8] Use of undefined constant catid - assumed 'catid' /var/www/html/bobo2/Home/Runtime/Cache/7ec83dbe9b0a50fbf22731d36a9728b0.php 第 265 行.
NOTIC: [8] Use of undefined constant catid - assumed 'catid' /var/www/html/bobo2/Home/Runtime/Cache/7ec83dbe9b0a50fbf22731d36a9728b0.php 第 265 行.
NOTIC: [8] Use of undefined constant catid - assumed 'catid' /var/www/html/bobo2/Home/Runtime/Cache/7ec83dbe9b0a50fbf22731d36a9728b0.php 第 265 行.
NOTIC: [8] Use of undefined constant catid - assumed 'catid' /var/www/html/bobo2/Home/Runtime/Cache/7ec83dbe9b0a50fbf22731d36a9728b0.php 第 265 行.
NOTIC: [8] Use of undefined constant catid - assumed 'catid' /var/www/html/bobo2/Home/Runtime/Cache/7ec83dbe9b0a50fbf22731d36a9728b0.php 第 265 行.
NOTIC: [8] Use of undefined constant catid - assumed 'catid' /var/www/html/bobo2/Home/Runtime/Cache/7ec83dbe9b0a50fbf22731d36a9728b0.php 第 265 行.
NOTIC: [8] Use of undefined constant catid - assumed 'catid' /var/www/html/bobo2/Home/Runtime/Cache/7ec83dbe9b0a50fbf22731d36a9728b0.php 第 265 行.
NOTIC: [8] Use of undefined constant catid - assumed 'catid' /var/www/html/bobo2/Home/Runtime/Cache/7ec83dbe9b0a50fbf22731d36a9728b0.php 第 265 行.
NOTIC: [8] Use of undefined constant catid - assumed 'catid' /var/www/html/bobo2/Home/Runtime/Cache/7ec83dbe9b0a50fbf22731d36a9728b0.php 第 265 行.
NOTIC: [8] Use of undefined constant catid - assumed 'catid' /var/www/html/bobo2/Home/Runtime/Cache/7ec83dbe9b0a50fbf22731d36a9728b0.php 第 265 行.
NOTIC: [8] Use of undefined constant catid - assumed 'catid' /var/www/html/bobo2/Home/Runtime/Cache/7ec83dbe9b0a50fbf22731d36a9728b0.php 第 265 行.
NOTIC: [8] Use of undefined constant catid - assumed 'catid' /var/www/html/bobo2/Home/Runtime/Cache/7ec83dbe9b0a50fbf22731d36a9728b0.php 第 265 行.
NOTIC: [8] Use of undefined constant catid - assumed 'catid' /var/www/html/bobo2/Home/Runtime/Cache/7ec83dbe9b0a50fbf22731d36a9728b0.php 第 265 行.
NOTIC: [8] Use of undefined constant catid - assumed 'catid' /var/www/html/bobo2/Home/Runtime/Cache/7ec83dbe9b0a50fbf22731d36a9728b0.php 第 265 行.
NOTIC: [8] Use of undefined constant catid - assumed 'catid' /var/www/html/bobo2/Home/Runtime/Cache/7ec83dbe9b0a50fbf22731d36a9728b0.php 第 265 行.
NOTIC: [8] Use of undefined constant catid - assumed 'catid' /var/www/html/bobo2/Home/Runtime/Cache/7ec83dbe9b0a50fbf22731d36a9728b0.php 第 265 行.
NOTIC: [8] Use of undefined constant catid - assumed 'catid' /var/www/html/bobo2/Home/Runtime/Cache/7ec83dbe9b0a50fbf22731d36a9728b0.php 第 265 行.
NOTIC: [8] Use of undefined constant price_search - assumed 'price_search' /var/www/html/bobo2/Home/Runtime/Cache/7ec83dbe9b0a50fbf22731d36a9728b0.php 第 281 行.
NOTIC: [8] Undefined index: price_search /var/www/html/bobo2/Home/Runtime/Cache/7ec83dbe9b0a50fbf22731d36a9728b0.php 第 281 行.
NOTIC: [8] Use of undefined constant texturelist_search - assumed 'texturelist_search' /var/www/html/bobo2/Home/Runtime/Cache/7ec83dbe9b0a50fbf22731d36a9728b0.php 第 290 行.
NOTIC: [8] Undefined index: texturelist_search /var/www/html/bobo2/Home/Runtime/Cache/7ec83dbe9b0a50fbf22731d36a9728b0.php 第 290 行.
NOTIC: [8] Use of undefined constant capacity_search - assumed 'capacity_search' /var/www/html/bobo2/Home/Runtime/Cache/7ec83dbe9b0a50fbf22731d36a9728b0.php 第 298 行.
NOTIC: [8] Undefined index: capacity_search /var/www/html/bobo2/Home/Runtime/Cache/7ec83dbe9b0a50fbf22731d36a9728b0.php 第 298 行.
NOTIC: [8] Use of undefined constant xqstatus - assumed 'xqstatus' /var/www/html/bobo2/Home/Runtime/Cache/7ec83dbe9b0a50fbf22731d36a9728b0.php 第 312 行.
NOTIC: [8] Use of undefined constant fmpicurl - assumed 'fmpicurl' /var/www/html/bobo2/Home/Runtime/Cache/7ec83dbe9b0a50fbf22731d36a9728b0.php 第 318 行.
NOTIC: [8] A session had already been started - ignoring session_start() /var/www/html/bobo2/Home/Runtime/Cache/7ec83dbe9b0a50fbf22731d36a9728b0.php 第 329 行.
NOTIC: [8] Undefined index: bobo_pc_user_id /var/www/html/bobo2/Home/Runtime/Cache/7ec83dbe9b0a50fbf22731d36a9728b0.php 第 329 行.
NOTIC: [8] Use of undefined constant xqstatus - assumed 'xqstatus' /var/www/html/bobo2/Home/Runtime/Cache/7ec83dbe9b0a50fbf22731d36a9728b0.php 第 312 行.
NOTIC: [8] Use of undefined constant fmpicurl - assumed 'fmpicurl' /var/www/html/bobo2/Home/Runtime/Cache/7ec83dbe9b0a50fbf22731d36a9728b0.php 第 318 行.
NOTIC: [8] A session had already been started - ignoring session_start() /var/www/html/bobo2/Home/Runtime/Cache/7ec83dbe9b0a50fbf22731d36a9728b0.php 第 329 行.
NOTIC: [8] Undefined index: bobo_pc_user_id /var/www/html/bobo2/Home/Runtime/Cache/7ec83dbe9b0a50fbf22731d36a9728b0.php 第 329 行.
NOTIC: [8] Use of undefined constant xqstatus - assumed 'xqstatus' /var/www/html/bobo2/Home/Runtime/Cache/7ec83dbe9b0a50fbf22731d36a9728b0.php 第 312 行.
NOTIC: [8] Use of undefined constant fmpicurl - assumed 'fmpicurl' /var/www/html/bobo2/Home/Runtime/Cache/7ec83dbe9b0a50fbf22731d36a9728b0.php 第 318 行.
NOTIC: [8] A session had already been started - ignoring session_start() /var/www/html/bobo2/Home/Runtime/Cache/7ec83dbe9b0a50fbf22731d36a9728b0.php 第 329 行.
NOTIC: [8] Undefined index: bobo_pc_user_id /var/www/html/bobo2/Home/Runtime/Cache/7ec83dbe9b0a50fbf22731d36a9728b0.php 第 329 行.
INFO: Run ParseTemplate Behavior [ RunTime:0.156066s ]
INFO: [ view_parse ] --END-- [ RunTime:0.156142s ]
INFO: [ view_filter ] --START--
INFO: Run ContentReplace Behavior [ RunTime:0.001365s ]
INFO: Run TokenBuild Behavior [ RunTime:0.001034s ]
INFO: Run WriteHtmlCache Behavior [ RunTime:0.000890s ]
INFO: Run ShowRuntime Behavior [ RunTime:0.001111s ]
INFO: [ view_filter ] --END-- [ RunTime:0.004578s ]
INFO: [ view_end ] --START--
INFO: Run ShowPageTrace Behavior [ RunTime:0.001189s ]
INFO: [ view_end ] --END-- [ RunTime:0.001245s ]

