[ 2016-09-26T00:13:19+08:00 ] 66.249.65.39 /bobo2/index.php/Product/product_details/catid/16/pid/27/ppid/35
INFO: [ route_check ] --START--
INFO: Run CheckRoute Behavior [ RunTime:0.000597s ]
INFO: [ route_check ] --END-- [ RunTime:0.000704s ]
INFO: [ app_begin ] --START--
INFO: Run ReadHtmlCache Behavior [ RunTime:0.000369s ]
INFO: [ app_begin ] --END-- [ RunTime:0.000437s ]
SQL: SHOW COLUMNS FROM `tp_product` [ RunTime:0.000794s ]
SQL: SHOW COLUMNS FROM `tp_category` [ RunTime:0.000585s ]
SQL: SHOW COLUMNS FROM `tp_linkage` [ RunTime:0.000532s ]
SQL: SHOW COLUMNS FROM `tp_parameter` [ RunTime:0.000409s ]
SQL: SHOW COLUMNS FROM `tp_collect` [ RunTime:0.000384s ]
SQL: SHOW COLUMNS FROM `tp_content` [ RunTime:0.000623s ]
SQL: SHOW COLUMNS FROM `tp_page` [ RunTime:0.000406s ]
SQL: SELECT * FROM `tp_page` WHERE ( `catid` = 29 ) LIMIT 1   [ RunTime:0.000236s ]
SQL: SELECT `id`,`catid`,`title`,`headerpic` FROM `tp_content` WHERE ( catid=23 and (status=2 or status=3) ) ORDER BY conorder desc,id desc LIMIT 8   [ RunTime:0.000504s ]
SQL: SELECT `id`,`catid`,`title`,`headerpic` FROM `tp_content` WHERE ( catid=24 and (status=2 or status=3) ) ORDER BY conorder desc,id desc LIMIT 8   [ RunTime:0.000393s ]
SQL: SELECT `id`,`catid`,`title`,`headerpic` FROM `tp_content` WHERE ( catid=25 and (status=2 or status=3) ) ORDER BY conorder desc,id desc LIMIT 8   [ RunTime:0.000391s ]
SQL: SHOW COLUMNS FROM `tp_site` [ RunTime:0.000334s ]
SQL: SELECT * FROM `tp_site` WHERE ( siteid=1 ) LIMIT 1   [ RunTime:0.000211s ]
SQL: SELECT a.xqstatus,a.title,a.picurlpc,a.catid,a.id,b.id as ppid FROM tp_product_price b,tp_product a WHERE ( a.posid=1 and a.status=1 and  a.id=b.pid ) ORDER BY a.listorder desc,id desc LIMIT 8   [ RunTime:0.000555s ]
SQL: SHOW COLUMNS FROM `tp_video` [ RunTime:0.000506s ]
SQL: SELECT `vtitle`,`headerpic`,`catid` FROM `tp_video` WHERE ( catid=26 and (status=2 or status=3) ) ORDER BY listorder desc,vid desc LIMIT 8   [ RunTime:0.000300s ]
SQL: SELECT `vtitle`,`headerpic`,`catid` FROM `tp_video` WHERE ( catid=27 and (status=2 or status=3) ) ORDER BY listorder desc,vid desc LIMIT 8   [ RunTime:0.000238s ]
SQL: SELECT `catid`,`catname`,`caturl` FROM `tp_category` WHERE ( `catid` IN ('14','15','16','17','18','19','20','21') ) ORDER BY listorder desc,catid desc  [ RunTime:0.000249s ]
NOTIC: [8] Undefined variable: category_list /var/www/html/bobo2/Home/Lib/Action/CommonAction.class.php 第 28 行.
NOTIC: [8] Undefined index: bobo_pc_user_id /var/www/html/bobo2/Home/Lib/Action/ProductAction.class.php 第 379 行.
SQL: SELECT tp_product.picurlpc,tp_product.title,tp_product.colorlist,a.price,a.capacity,tp_product.id as pid,tp_product.catid,a.id FROM `tp_product` left join tp_product_price a on tp_product.id=a.pid WHERE ( tp_product.catid=16  and tp_product.status=1  ) ORDER BY tp_product.listorder desc,tp_product.id desc LIMIT 6   [ RunTime:0.000930s ]
SQL: SELECT `colorname`,`name` FROM `tp_parameter` WHERE ( `id` IN ('9','4','7','6','6','4','9','7') ) AND ( `status` = 1 )  [ RunTime:0.000202s ]
SQL: SELECT `colorname`,`name` FROM `tp_parameter` WHERE ( `id` IN ('9','4','7','6','6','4','9','7') ) AND ( `status` = 1 )  [ RunTime:0.000182s ]
SQL: SELECT `colorname`,`name` FROM `tp_parameter` WHERE ( `id` IN ('1','6') ) AND ( `status` = 1 )  [ RunTime:0.000170s ]
SQL: SELECT `colorname`,`name` FROM `tp_parameter` WHERE ( `id` IN ('4','1') ) AND ( `status` = 1 )  [ RunTime:0.000172s ]
SQL: SELECT `colorname`,`name` FROM `tp_parameter` WHERE ( `id` IN ('4','1','7','9') ) AND ( `status` = 1 )  [ RunTime:0.000165s ]
SQL: SELECT `colorname`,`name` FROM `tp_parameter` WHERE ( `id` IN ('12','6') ) AND ( `status` = 1 )  [ RunTime:0.000164s ]
SQL: SELECT `catname` FROM `tp_category` WHERE ( catid=16 ) LIMIT 1   [ RunTime:0.000145s ]
SQL: SELECT tp_product.xqstatus,tp_product.content,tp_product.picurlpcall,tp_product.title,tp_product.colorlist,a.price,c.id as colid,a.id as ppid FROM `tp_product` left join tp_product_price a on tp_product.id=a.pid left join tp_collect c on a.id=c.ppid WHERE ( tp_product.catid=16 and tp_product.id=27 and tp_product.status=1 and a.id=35 ) LIMIT 1   [ RunTime:0.000243s ]
SQL: SELECT `colorname`,`name` FROM `tp_parameter` WHERE ( `id` IN ('12','6') ) AND ( `status` = 1 ) ORDER BY field (id,12,6)  [ RunTime:0.000191s ]
NOTIC: [8] Undefined variable: link_list /var/www/html/bobo2/Home/Lib/Action/ProductAction.class.php 第 428 行.
INFO: [ view_template ] --START--
INFO: Run LocationTemplate Behavior [ RunTime:0.000235s ]
INFO: [ view_template ] --END-- [ RunTime:0.000292s ]
INFO: [ view_parse ] --START--
NOTIC: [8] A session had already been started - ignoring session_start() /var/www/html/bobo2/Home/Runtime/Cache/22da7317198283eab56d8e78bc060a88.php 第 78 行.
NOTIC: [8] Undefined index: bobo_pc_user_id /var/www/html/bobo2/Home/Runtime/Cache/22da7317198283eab56d8e78bc060a88.php 第 78 行.
NOTIC: [8] Undefined index: bobo_pc_user_id /var/www/html/bobo2/Home/Runtime/Cache/22da7317198283eab56d8e78bc060a88.php 第 85 行.
NOTIC: [8] Undefined index: bobo_pc_user_name /var/www/html/bobo2/Home/Runtime/Cache/22da7317198283eab56d8e78bc060a88.php 第 85 行.
NOTIC: [8] Undefined variable: k /var/www/html/bobo2/Home/Runtime/Cache/22da7317198283eab56d8e78bc060a88.php 第 112 行.
NOTIC: [8] Use of undefined constant catid - assumed 'catid' /var/www/html/bobo2/Home/Runtime/Cache/22da7317198283eab56d8e78bc060a88.php 第 115 行.
NOTIC: [8] Use of undefined constant id - assumed 'id' /var/www/html/bobo2/Home/Runtime/Cache/22da7317198283eab56d8e78bc060a88.php 第 115 行.
NOTIC: [8] Use of undefined constant catid - assumed 'catid' /var/www/html/bobo2/Home/Runtime/Cache/22da7317198283eab56d8e78bc060a88.php 第 115 行.
NOTIC: [8] Use of undefined constant id - assumed 'id' /var/www/html/bobo2/Home/Runtime/Cache/22da7317198283eab56d8e78bc060a88.php 第 115 行.
NOTIC: [8] Use of undefined constant catid - assumed 'catid' /var/www/html/bobo2/Home/Runtime/Cache/22da7317198283eab56d8e78bc060a88.php 第 115 行.
NOTIC: [8] Use of undefined constant id - assumed 'id' /var/www/html/bobo2/Home/Runtime/Cache/22da7317198283eab56d8e78bc060a88.php 第 115 行.
NOTIC: [8] Use of undefined constant catid - assumed 'catid' /var/www/html/bobo2/Home/Runtime/Cache/22da7317198283eab56d8e78bc060a88.php 第 115 行.
NOTIC: [8] Use of undefined constant id - assumed 'id' /var/www/html/bobo2/Home/Runtime/Cache/22da7317198283eab56d8e78bc060a88.php 第 115 行.
NOTIC: [8] Use of undefined constant catid - assumed 'catid' /var/www/html/bobo2/Home/Runtime/Cache/22da7317198283eab56d8e78bc060a88.php 第 115 行.
NOTIC: [8] Use of undefined constant id - assumed 'id' /var/www/html/bobo2/Home/Runtime/Cache/22da7317198283eab56d8e78bc060a88.php 第 115 行.
NOTIC: [8] Use of undefined constant catid - assumed 'catid' /var/www/html/bobo2/Home/Runtime/Cache/22da7317198283eab56d8e78bc060a88.php 第 115 行.
NOTIC: [8] Use of undefined constant id - assumed 'id' /var/www/html/bobo2/Home/Runtime/Cache/22da7317198283eab56d8e78bc060a88.php 第 115 行.
NOTIC: [8] Use of undefined constant catid - assumed 'catid' /var/www/html/bobo2/Home/Runtime/Cache/22da7317198283eab56d8e78bc060a88.php 第 115 行.
NOTIC: [8] Use of undefined constant id - assumed 'id' /var/www/html/bobo2/Home/Runtime/Cache/22da7317198283eab56d8e78bc060a88.php 第 115 行.
NOTIC: [8] Use of undefined constant catid - assumed 'catid' /var/www/html/bobo2/Home/Runtime/Cache/22da7317198283eab56d8e78bc060a88.php 第 115 行.
NOTIC: [8] Use of undefined constant id - assumed 'id' /var/www/html/bobo2/Home/Runtime/Cache/22da7317198283eab56d8e78bc060a88.php 第 115 行.
NOTIC: [8] Use of undefined constant catid - assumed 'catid' /var/www/html/bobo2/Home/Runtime/Cache/22da7317198283eab56d8e78bc060a88.php 第 118 行.
NOTIC: [8] Use of undefined constant id - assumed 'id' /var/www/html/bobo2/Home/Runtime/Cache/22da7317198283eab56d8e78bc060a88.php 第 118 行.
NOTIC: [8] Use of undefined constant catid - assumed 'catid' /var/www/html/bobo2/Home/Runtime/Cache/22da7317198283eab56d8e78bc060a88.php 第 118 行.
NOTIC: [8] Use of undefined constant id - assumed 'id' /var/www/html/bobo2/Home/Runtime/Cache/22da7317198283eab56d8e78bc060a88.php 第 118 行.
NOTIC: [8] Use of undefined constant catid - assumed 'catid' /var/www/html/bobo2/Home/Runtime/Cache/22da7317198283eab56d8e78bc060a88.php 第 118 行.
NOTIC: [8] Use of undefined constant id - assumed 'id' /var/www/html/bobo2/Home/Runtime/Cache/22da7317198283eab56d8e78bc060a88.php 第 118 行.
NOTIC: [8] Use of undefined constant catid - assumed 'catid' /var/www/html/bobo2/Home/Runtime/Cache/22da7317198283eab56d8e78bc060a88.php 第 118 行.
NOTIC: [8] Use of undefined constant id - assumed 'id' /var/www/html/bobo2/Home/Runtime/Cache/22da7317198283eab56d8e78bc060a88.php 第 118 行.
NOTIC: [8] Use of undefined constant catid - assumed 'catid' /var/www/html/bobo2/Home/Runtime/Cache/22da7317198283eab56d8e78bc060a88.php 第 121 行.
NOTIC: [8] Use of undefined constant id - assumed 'id' /var/www/html/bobo2/Home/Runtime/Cache/22da7317198283eab56d8e78bc060a88.php 第 121 行.
NOTIC: [8] Use of undefined constant catid - assumed 'catid' /var/www/html/bobo2/Home/Runtime/Cache/22da7317198283eab56d8e78bc060a88.php 第 121 行.
NOTIC: [8] Use of undefined constant id - assumed 'id' /var/www/html/bobo2/Home/Runtime/Cache/22da7317198283eab56d8e78bc060a88.php 第 121 行.
NOTIC: [8] Use of undefined constant catid - assumed 'catid' /var/www/html/bobo2/Home/Runtime/Cache/22da7317198283eab56d8e78bc060a88.php 第 146 行.
NOTIC: [8] Use of undefined constant id - assumed 'id' /var/www/html/bobo2/Home/Runtime/Cache/22da7317198283eab56d8e78bc060a88.php 第 146 行.
NOTIC: [8] Use of undefined constant ppid - assumed 'ppid' /var/www/html/bobo2/Home/Runtime/Cache/22da7317198283eab56d8e78bc060a88.php 第 146 行.
NOTIC: [8] Use of undefined constant catid - assumed 'catid' /var/www/html/bobo2/Home/Runtime/Cache/22da7317198283eab56d8e78bc060a88.php 第 146 行.
NOTIC: [8] Use of undefined constant id - assumed 'id' /var/www/html/bobo2/Home/Runtime/Cache/22da7317198283eab56d8e78bc060a88.php 第 146 行.
NOTIC: [8] Use of undefined constant ppid - assumed 'ppid' /var/www/html/bobo2/Home/Runtime/Cache/22da7317198283eab56d8e78bc060a88.php 第 146 行.
NOTIC: [8] Use of undefined constant catid - assumed 'catid' /var/www/html/bobo2/Home/Runtime/Cache/22da7317198283eab56d8e78bc060a88.php 第 146 行.
NOTIC: [8] Use of undefined constant id - assumed 'id' /var/www/html/bobo2/Home/Runtime/Cache/22da7317198283eab56d8e78bc060a88.php 第 146 行.
NOTIC: [8] Use of undefined constant ppid - assumed 'ppid' /var/www/html/bobo2/Home/Runtime/Cache/22da7317198283eab56d8e78bc060a88.php 第 146 行.
NOTIC: [8] Use of undefined constant catid - assumed 'catid' /var/www/html/bobo2/Home/Runtime/Cache/22da7317198283eab56d8e78bc060a88.php 第 146 行.
NOTIC: [8] Use of undefined constant id - assumed 'id' /var/www/html/bobo2/Home/Runtime/Cache/22da7317198283eab56d8e78bc060a88.php 第 146 行.
NOTIC: [8] Use of undefined constant ppid - assumed 'ppid' /var/www/html/bobo2/Home/Runtime/Cache/22da7317198283eab56d8e78bc060a88.php 第 146 行.
NOTIC: [8] Use of undefined constant catid - assumed 'catid' /var/www/html/bobo2/Home/Runtime/Cache/22da7317198283eab56d8e78bc060a88.php 第 146 行.
NOTIC: [8] Use of undefined constant id - assumed 'id' /var/www/html/bobo2/Home/Runtime/Cache/22da7317198283eab56d8e78bc060a88.php 第 146 行.
NOTIC: [8] Use of undefined constant ppid - assumed 'ppid' /var/www/html/bobo2/Home/Runtime/Cache/22da7317198283eab56d8e78bc060a88.php 第 146 行.
NOTIC: [8] Use of undefined constant catid - assumed 'catid' /var/www/html/bobo2/Home/Runtime/Cache/22da7317198283eab56d8e78bc060a88.php 第 146 行.
NOTIC: [8] Use of undefined constant id - assumed 'id' /var/www/html/bobo2/Home/Runtime/Cache/22da7317198283eab56d8e78bc060a88.php 第 146 行.
NOTIC: [8] Use of undefined constant ppid - assumed 'ppid' /var/www/html/bobo2/Home/Runtime/Cache/22da7317198283eab56d8e78bc060a88.php 第 146 行.
NOTIC: [8] Use of undefined constant catid - assumed 'catid' /var/www/html/bobo2/Home/Runtime/Cache/22da7317198283eab56d8e78bc060a88.php 第 146 行.
NOTIC: [8] Use of undefined constant id - assumed 'id' /var/www/html/bobo2/Home/Runtime/Cache/22da7317198283eab56d8e78bc060a88.php 第 146 行.
NOTIC: [8] Use of undefined constant ppid - assumed 'ppid' /var/www/html/bobo2/Home/Runtime/Cache/22da7317198283eab56d8e78bc060a88.php 第 146 行.
NOTIC: [8] Use of undefined constant catid - assumed 'catid' /var/www/html/bobo2/Home/Runtime/Cache/22da7317198283eab56d8e78bc060a88.php 第 146 行.
NOTIC: [8] Use of undefined constant id - assumed 'id' /var/www/html/bobo2/Home/Runtime/Cache/22da7317198283eab56d8e78bc060a88.php 第 146 行.
NOTIC: [8] Use of undefined constant ppid - assumed 'ppid' /var/www/html/bobo2/Home/Runtime/Cache/22da7317198283eab56d8e78bc060a88.php 第 146 行.
NOTIC: [8] Use of undefined constant catid - assumed 'catid' /var/www/html/bobo2/Home/Runtime/Cache/22da7317198283eab56d8e78bc060a88.php 第 150 行.
NOTIC: [8] Use of undefined constant catid - assumed 'catid' /var/www/html/bobo2/Home/Runtime/Cache/22da7317198283eab56d8e78bc060a88.php 第 150 行.
NOTIC: [8] Use of undefined constant catid - assumed 'catid' /var/www/html/bobo2/Home/Runtime/Cache/22da7317198283eab56d8e78bc060a88.php 第 150 行.
NOTIC: [8] Use of undefined constant catid - assumed 'catid' /var/www/html/bobo2/Home/Runtime/Cache/22da7317198283eab56d8e78bc060a88.php 第 150 行.
NOTIC: [8] Use of undefined constant catid - assumed 'catid' /var/www/html/bobo2/Home/Runtime/Cache/22da7317198283eab56d8e78bc060a88.php 第 150 行.
NOTIC: [8] Use of undefined constant catid - assumed 'catid' /var/www/html/bobo2/Home/Runtime/Cache/22da7317198283eab56d8e78bc060a88.php 第 150 行.
NOTIC: [8] Use of undefined constant catid - assumed 'catid' /var/www/html/bobo2/Home/Runtime/Cache/22da7317198283eab56d8e78bc060a88.php 第 150 行.
NOTIC: [8] Use of undefined constant catid - assumed 'catid' /var/www/html/bobo2/Home/Runtime/Cache/22da7317198283eab56d8e78bc060a88.php 第 150 行.
NOTIC: [8] Use of undefined constant catid - assumed 'catid' /var/www/html/bobo2/Home/Runtime/Cache/22da7317198283eab56d8e78bc060a88.php 第 154 行.
NOTIC: [8] Use of undefined constant catid - assumed 'catid' /var/www/html/bobo2/Home/Runtime/Cache/22da7317198283eab56d8e78bc060a88.php 第 154 行.
NOTIC: [8] Use of undefined constant catid - assumed 'catid' /var/www/html/bobo2/Home/Runtime/Cache/22da7317198283eab56d8e78bc060a88.php 第 154 行.
NOTIC: [8] Use of undefined constant catid - assumed 'catid' /var/www/html/bobo2/Home/Runtime/Cache/22da7317198283eab56d8e78bc060a88.php 第 154 行.
NOTIC: [8] Use of undefined constant catid - assumed 'catid' /var/www/html/bobo2/Home/Runtime/Cache/22da7317198283eab56d8e78bc060a88.php 第 154 行.
NOTIC: [8] Use of undefined constant catid - assumed 'catid' /var/www/html/bobo2/Home/Runtime/Cache/22da7317198283eab56d8e78bc060a88.php 第 154 行.
NOTIC: [8] Use of undefined constant catid - assumed 'catid' /var/www/html/bobo2/Home/Runtime/Cache/22da7317198283eab56d8e78bc060a88.php 第 154 行.
NOTIC: [8] Use of undefined constant catid - assumed 'catid' /var/www/html/bobo2/Home/Runtime/Cache/22da7317198283eab56d8e78bc060a88.php 第 157 行.
NOTIC: [8] Use of undefined constant catid - assumed 'catid' /var/www/html/bobo2/Home/Runtime/Cache/22da7317198283eab56d8e78bc060a88.php 第 157 行.
NOTIC: [8] Use of undefined constant catid - assumed 'catid' /var/www/html/bobo2/Home/Runtime/Cache/22da7317198283eab56d8e78bc060a88.php 第 157 行.
NOTIC: [8] Use of undefined constant catid - assumed 'catid' /var/www/html/bobo2/Home/Runtime/Cache/22da7317198283eab56d8e78bc060a88.php 第 157 行.
NOTIC: [8] Use of undefined constant catid - assumed 'catid' /var/www/html/bobo2/Home/Runtime/Cache/22da7317198283eab56d8e78bc060a88.php 第 157 行.
NOTIC: [8] Use of undefined constant catid - assumed 'catid' /var/www/html/bobo2/Home/Runtime/Cache/22da7317198283eab56d8e78bc060a88.php 第 157 行.
NOTIC: [8] Use of undefined constant catid - assumed 'catid' /var/www/html/bobo2/Home/Runtime/Cache/22da7317198283eab56d8e78bc060a88.php 第 157 行.
NOTIC: [8] Use of undefined constant catid - assumed 'catid' /var/www/html/bobo2/Home/Runtime/Cache/22da7317198283eab56d8e78bc060a88.php 第 157 行.
NOTIC: [8] Use of undefined constant catid - assumed 'catid' /var/www/html/bobo2/Home/Runtime/Cache/22da7317198283eab56d8e78bc060a88.php 第 180 行.
NOTIC: [8] Use of undefined constant id - assumed 'id' /var/www/html/bobo2/Home/Runtime/Cache/22da7317198283eab56d8e78bc060a88.php 第 180 行.
NOTIC: [8] Use of undefined constant ppid - assumed 'ppid' /var/www/html/bobo2/Home/Runtime/Cache/22da7317198283eab56d8e78bc060a88.php 第 180 行.
NOTIC: [8] Use of undefined constant catid - assumed 'catid' /var/www/html/bobo2/Home/Runtime/Cache/22da7317198283eab56d8e78bc060a88.php 第 180 行.
NOTIC: [8] Use of undefined constant id - assumed 'id' /var/www/html/bobo2/Home/Runtime/Cache/22da7317198283eab56d8e78bc060a88.php 第 180 行.
NOTIC: [8] Use of undefined constant ppid - assumed 'ppid' /var/www/html/bobo2/Home/Runtime/Cache/22da7317198283eab56d8e78bc060a88.php 第 180 行.
NOTIC: [8] Use of undefined constant catid - assumed 'catid' /var/www/html/bobo2/Home/Runtime/Cache/22da7317198283eab56d8e78bc060a88.php 第 180 行.
NOTIC: [8] Use of undefined constant id - assumed 'id' /var/www/html/bobo2/Home/Runtime/Cache/22da7317198283eab56d8e78bc060a88.php 第 180 行.
NOTIC: [8] Use of undefined constant ppid - assumed 'ppid' /var/www/html/bobo2/Home/Runtime/Cache/22da7317198283eab56d8e78bc060a88.php 第 180 行.
NOTIC: [8] Use of undefined constant catid - assumed 'catid' /var/www/html/bobo2/Home/Runtime/Cache/22da7317198283eab56d8e78bc060a88.php 第 180 行.
NOTIC: [8] Use of undefined constant id - assumed 'id' /var/www/html/bobo2/Home/Runtime/Cache/22da7317198283eab56d8e78bc060a88.php 第 180 行.
NOTIC: [8] Use of undefined constant ppid - assumed 'ppid' /var/www/html/bobo2/Home/Runtime/Cache/22da7317198283eab56d8e78bc060a88.php 第 180 行.
NOTIC: [8] Use of undefined constant catid - assumed 'catid' /var/www/html/bobo2/Home/Runtime/Cache/22da7317198283eab56d8e78bc060a88.php 第 180 行.
NOTIC: [8] Use of undefined constant id - assumed 'id' /var/www/html/bobo2/Home/Runtime/Cache/22da7317198283eab56d8e78bc060a88.php 第 180 行.
NOTIC: [8] Use of undefined constant ppid - assumed 'ppid' /var/www/html/bobo2/Home/Runtime/Cache/22da7317198283eab56d8e78bc060a88.php 第 180 行.
NOTIC: [8] Use of undefined constant catid - assumed 'catid' /var/www/html/bobo2/Home/Runtime/Cache/22da7317198283eab56d8e78bc060a88.php 第 180 行.
NOTIC: [8] Use of undefined constant id - assumed 'id' /var/www/html/bobo2/Home/Runtime/Cache/22da7317198283eab56d8e78bc060a88.php 第 180 行.
NOTIC: [8] Use of undefined constant ppid - assumed 'ppid' /var/www/html/bobo2/Home/Runtime/Cache/22da7317198283eab56d8e78bc060a88.php 第 180 行.
NOTIC: [8] Use of undefined constant catid - assumed 'catid' /var/www/html/bobo2/Home/Runtime/Cache/22da7317198283eab56d8e78bc060a88.php 第 180 行.
NOTIC: [8] Use of undefined constant id - assumed 'id' /var/www/html/bobo2/Home/Runtime/Cache/22da7317198283eab56d8e78bc060a88.php 第 180 行.
NOTIC: [8] Use of undefined constant ppid - assumed 'ppid' /var/www/html/bobo2/Home/Runtime/Cache/22da7317198283eab56d8e78bc060a88.php 第 180 行.
NOTIC: [8] Use of undefined constant catid - assumed 'catid' /var/www/html/bobo2/Home/Runtime/Cache/22da7317198283eab56d8e78bc060a88.php 第 180 行.
NOTIC: [8] Use of undefined constant id - assumed 'id' /var/www/html/bobo2/Home/Runtime/Cache/22da7317198283eab56d8e78bc060a88.php 第 180 行.
NOTIC: [8] Use of undefined constant ppid - assumed 'ppid' /var/www/html/bobo2/Home/Runtime/Cache/22da7317198283eab56d8e78bc060a88.php 第 180 行.
NOTIC: [8] Use of undefined constant catid - assumed 'catid' /var/www/html/bobo2/Home/Runtime/Cache/22da7317198283eab56d8e78bc060a88.php 第 184 行.
NOTIC: [8] Use of undefined constant catid - assumed 'catid' /var/www/html/bobo2/Home/Runtime/Cache/22da7317198283eab56d8e78bc060a88.php 第 184 行.
NOTIC: [8] Use of undefined constant catid - assumed 'catid' /var/www/html/bobo2/Home/Runtime/Cache/22da7317198283eab56d8e78bc060a88.php 第 184 行.
NOTIC: [8] Use of undefined constant catid - assumed 'catid' /var/www/html/bobo2/Home/Runtime/Cache/22da7317198283eab56d8e78bc060a88.php 第 184 行.
NOTIC: [8] Use of undefined constant catid - assumed 'catid' /var/www/html/bobo2/Home/Runtime/Cache/22da7317198283eab56d8e78bc060a88.php 第 184 行.
NOTIC: [8] Use of undefined constant catid - assumed 'catid' /var/www/html/bobo2/Home/Runtime/Cache/22da7317198283eab56d8e78bc060a88.php 第 184 行.
NOTIC: [8] Use of undefined constant catid - assumed 'catid' /var/www/html/bobo2/Home/Runtime/Cache/22da7317198283eab56d8e78bc060a88.php 第 184 行.
NOTIC: [8] Use of undefined constant catid - assumed 'catid' /var/www/html/bobo2/Home/Runtime/Cache/22da7317198283eab56d8e78bc060a88.php 第 184 行.
NOTIC: [8] Use of undefined constant catid - assumed 'catid' /var/www/html/bobo2/Home/Runtime/Cache/22da7317198283eab56d8e78bc060a88.php 第 188 行.
NOTIC: [8] Use of undefined constant catid - assumed 'catid' /var/www/html/bobo2/Home/Runtime/Cache/22da7317198283eab56d8e78bc060a88.php 第 188 行.
NOTIC: [8] Use of undefined constant catid - assumed 'catid' /var/www/html/bobo2/Home/Runtime/Cache/22da7317198283eab56d8e78bc060a88.php 第 188 行.
NOTIC: [8] Use of undefined constant catid - assumed 'catid' /var/www/html/bobo2/Home/Runtime/Cache/22da7317198283eab56d8e78bc060a88.php 第 188 行.
NOTIC: [8] Use of undefined constant catid - assumed 'catid' /var/www/html/bobo2/Home/Runtime/Cache/22da7317198283eab56d8e78bc060a88.php 第 188 行.
NOTIC: [8] Use of undefined constant catid - assumed 'catid' /var/www/html/bobo2/Home/Runtime/Cache/22da7317198283eab56d8e78bc060a88.php 第 188 行.
NOTIC: [8] Use of undefined constant catid - assumed 'catid' /var/www/html/bobo2/Home/Runtime/Cache/22da7317198283eab56d8e78bc060a88.php 第 188 行.
NOTIC: [8] Use of undefined constant catid - assumed 'catid' /var/www/html/bobo2/Home/Runtime/Cache/22da7317198283eab56d8e78bc060a88.php 第 191 行.
NOTIC: [8] Use of undefined constant catid - assumed 'catid' /var/www/html/bobo2/Home/Runtime/Cache/22da7317198283eab56d8e78bc060a88.php 第 191 行.
NOTIC: [8] Use of undefined constant catid - assumed 'catid' /var/www/html/bobo2/Home/Runtime/Cache/22da7317198283eab56d8e78bc060a88.php 第 191 行.
NOTIC: [8] Use of undefined constant catid - assumed 'catid' /var/www/html/bobo2/Home/Runtime/Cache/22da7317198283eab56d8e78bc060a88.php 第 191 行.
NOTIC: [8] Use of undefined constant catid - assumed 'catid' /var/www/html/bobo2/Home/Runtime/Cache/22da7317198283eab56d8e78bc060a88.php 第 191 行.
NOTIC: [8] Use of undefined constant catid - assumed 'catid' /var/www/html/bobo2/Home/Runtime/Cache/22da7317198283eab56d8e78bc060a88.php 第 191 行.
NOTIC: [8] Use of undefined constant catid - assumed 'catid' /var/www/html/bobo2/Home/Runtime/Cache/22da7317198283eab56d8e78bc060a88.php 第 191 行.
NOTIC: [8] Use of undefined constant catid - assumed 'catid' /var/www/html/bobo2/Home/Runtime/Cache/22da7317198283eab56d8e78bc060a88.php 第 191 行.
NOTIC: [8] Use of undefined constant picurlpcall - assumed 'picurlpcall' /var/www/html/bobo2/Home/Runtime/Cache/22da7317198283eab56d8e78bc060a88.php 第 263 行.
NOTIC: [8] Use of undefined constant picurlpcall - assumed 'picurlpcall' /var/www/html/bobo2/Home/Runtime/Cache/22da7317198283eab56d8e78bc060a88.php 第 263 行.
NOTIC: [8] Use of undefined constant colorlist - assumed 'colorlist' /var/www/html/bobo2/Home/Runtime/Cache/22da7317198283eab56d8e78bc060a88.php 第 268 行.
NOTIC: [8] Use of undefined constant colorlist - assumed 'colorlist' /var/www/html/bobo2/Home/Runtime/Cache/22da7317198283eab56d8e78bc060a88.php 第 268 行.
NOTIC: [8] Use of undefined constant colorlist - assumed 'colorlist' /var/www/html/bobo2/Home/Runtime/Cache/22da7317198283eab56d8e78bc060a88.php 第 275 行.
NOTIC: [8] Use of undefined constant name - assumed 'name' /var/www/html/bobo2/Home/Runtime/Cache/22da7317198283eab56d8e78bc060a88.php 第 275 行.
NOTIC: [8] A session had already been started - ignoring session_start() /var/www/html/bobo2/Home/Runtime/Cache/22da7317198283eab56d8e78bc060a88.php 第 277 行.
NOTIC: [8] Undefined index: bobo_pc_user_id /var/www/html/bobo2/Home/Runtime/Cache/22da7317198283eab56d8e78bc060a88.php 第 277 行.
NOTIC: [8] Use of undefined constant catid - assumed 'catid' /var/www/html/bobo2/Home/Runtime/Cache/22da7317198283eab56d8e78bc060a88.php 第 319 行.
NOTIC: [8] Use of undefined constant id - assumed 'id' /var/www/html/bobo2/Home/Runtime/Cache/22da7317198283eab56d8e78bc060a88.php 第 319 行.
NOTIC: [8] Use of undefined constant colorlist - assumed 'colorlist' /var/www/html/bobo2/Home/Runtime/Cache/22da7317198283eab56d8e78bc060a88.php 第 323 行.
NOTIC: [8] Use of undefined constant colorlist - assumed 'colorlist' /var/www/html/bobo2/Home/Runtime/Cache/22da7317198283eab56d8e78bc060a88.php 第 323 行.
NOTIC: [8] Use of undefined constant catid - assumed 'catid' /var/www/html/bobo2/Home/Runtime/Cache/22da7317198283eab56d8e78bc060a88.php 第 326 行.
NOTIC: [8] Use of undefined constant id - assumed 'id' /var/www/html/bobo2/Home/Runtime/Cache/22da7317198283eab56d8e78bc060a88.php 第 326 行.
NOTIC: [8] A session had already been started - ignoring session_start() /var/www/html/bobo2/Home/Runtime/Cache/22da7317198283eab56d8e78bc060a88.php 第 331 行.
NOTIC: [8] Undefined index: bobo_pc_user_id /var/www/html/bobo2/Home/Runtime/Cache/22da7317198283eab56d8e78bc060a88.php 第 331 行.
NOTIC: [8] Use of undefined constant catid - assumed 'catid' /var/www/html/bobo2/Home/Runtime/Cache/22da7317198283eab56d8e78bc060a88.php 第 319 行.
NOTIC: [8] Use of undefined constant id - assumed 'id' /var/www/html/bobo2/Home/Runtime/Cache/22da7317198283eab56d8e78bc060a88.php 第 319 行.
NOTIC: [8] Use of undefined constant colorlist - assumed 'colorlist' /var/www/html/bobo2/Home/Runtime/Cache/22da7317198283eab56d8e78bc060a88.php 第 323 行.
NOTIC: [8] Use of undefined constant colorlist - assumed 'colorlist' /var/www/html/bobo2/Home/Runtime/Cache/22da7317198283eab56d8e78bc060a88.php 第 323 行.
NOTIC: [8] Use of undefined constant catid - assumed 'catid' /var/www/html/bobo2/Home/Runtime/Cache/22da7317198283eab56d8e78bc060a88.php 第 326 行.
NOTIC: [8] Use of undefined constant id - assumed 'id' /var/www/html/bobo2/Home/Runtime/Cache/22da7317198283eab56d8e78bc060a88.php 第 326 行.
NOTIC: [8] A session had already been started - ignoring session_start() /var/www/html/bobo2/Home/Runtime/Cache/22da7317198283eab56d8e78bc060a88.php 第 331 行.
NOTIC: [8] Undefined index: bobo_pc_user_id /var/www/html/bobo2/Home/Runtime/Cache/22da7317198283eab56d8e78bc060a88.php 第 331 行.
NOTIC: [8] Use of undefined constant catid - assumed 'catid' /var/www/html/bobo2/Home/Runtime/Cache/22da7317198283eab56d8e78bc060a88.php 第 319 行.
NOTIC: [8] Use of undefined constant id - assumed 'id' /var/www/html/bobo2/Home/Runtime/Cache/22da7317198283eab56d8e78bc060a88.php 第 319 行.
NOTIC: [8] Use of undefined constant colorlist - assumed 'colorlist' /var/www/html/bobo2/Home/Runtime/Cache/22da7317198283eab56d8e78bc060a88.php 第 323 行.
NOTIC: [8] Use of undefined constant colorlist - assumed 'colorlist' /var/www/html/bobo2/Home/Runtime/Cache/22da7317198283eab56d8e78bc060a88.php 第 323 行.
NOTIC: [8] Use of undefined constant catid - assumed 'catid' /var/www/html/bobo2/Home/Runtime/Cache/22da7317198283eab56d8e78bc060a88.php 第 326 行.
NOTIC: [8] Use of undefined constant id - assumed 'id' /var/www/html/bobo2/Home/Runtime/Cache/22da7317198283eab56d8e78bc060a88.php 第 326 行.
NOTIC: [8] A session had already been started - ignoring session_start() /var/www/html/bobo2/Home/Runtime/Cache/22da7317198283eab56d8e78bc060a88.php 第 331 行.
NOTIC: [8] Undefined index: bobo_pc_user_id /var/www/html/bobo2/Home/Runtime/Cache/22da7317198283eab56d8e78bc060a88.php 第 331 行.
NOTIC: [8] Use of undefined constant catid - assumed 'catid' /var/www/html/bobo2/Home/Runtime/Cache/22da7317198283eab56d8e78bc060a88.php 第 319 行.
NOTIC: [8] Use of undefined constant id - assumed 'id' /var/www/html/bobo2/Home/Runtime/Cache/22da7317198283eab56d8e78bc060a88.php 第 319 行.
NOTIC: [8] Use of undefined constant colorlist - assumed 'colorlist' /var/www/html/bobo2/Home/Runtime/Cache/22da7317198283eab56d8e78bc060a88.php 第 323 行.
NOTIC: [8] Use of undefined constant colorlist - assumed 'colorlist' /var/www/html/bobo2/Home/Runtime/Cache/22da7317198283eab56d8e78bc060a88.php 第 323 行.
NOTIC: [8] Use of undefined constant catid - assumed 'catid' /var/www/html/bobo2/Home/Runtime/Cache/22da7317198283eab56d8e78bc060a88.php 第 326 行.
NOTIC: [8] Use of undefined constant id - assumed 'id' /var/www/html/bobo2/Home/Runtime/Cache/22da7317198283eab56d8e78bc060a88.php 第 326 行.
NOTIC: [8] A session had already been started - ignoring session_start() /var/www/html/bobo2/Home/Runtime/Cache/22da7317198283eab56d8e78bc060a88.php 第 331 行.
NOTIC: [8] Undefined index: bobo_pc_user_id /var/www/html/bobo2/Home/Runtime/Cache/22da7317198283eab56d8e78bc060a88.php 第 331 行.
NOTIC: [8] Use of undefined constant catid - assumed 'catid' /var/www/html/bobo2/Home/Runtime/Cache/22da7317198283eab56d8e78bc060a88.php 第 319 行.
NOTIC: [8] Use of undefined constant id - assumed 'id' /var/www/html/bobo2/Home/Runtime/Cache/22da7317198283eab56d8e78bc060a88.php 第 319 行.
NOTIC: [8] Use of undefined constant colorlist - assumed 'colorlist' /var/www/html/bobo2/Home/Runtime/Cache/22da7317198283eab56d8e78bc060a88.php 第 323 行.
NOTIC: [8] Use of undefined constant colorlist - assumed 'colorlist' /var/www/html/bobo2/Home/Runtime/Cache/22da7317198283eab56d8e78bc060a88.php 第 323 行.
NOTIC: [8] Use of undefined constant catid - assumed 'catid' /var/www/html/bobo2/Home/Runtime/Cache/22da7317198283eab56d8e78bc060a88.php 第 326 行.
NOTIC: [8] Use of undefined constant id - assumed 'id' /var/www/html/bobo2/Home/Runtime/Cache/22da7317198283eab56d8e78bc060a88.php 第 326 行.
NOTIC: [8] A session had already been started - ignoring session_start() /var/www/html/bobo2/Home/Runtime/Cache/22da7317198283eab56d8e78bc060a88.php 第 331 行.
NOTIC: [8] Undefined index: bobo_pc_user_id /var/www/html/bobo2/Home/Runtime/Cache/22da7317198283eab56d8e78bc060a88.php 第 331 行.
NOTIC: [8] Use of undefined constant catid - assumed 'catid' /var/www/html/bobo2/Home/Runtime/Cache/22da7317198283eab56d8e78bc060a88.php 第 319 行.
NOTIC: [8] Use of undefined constant id - assumed 'id' /var/www/html/bobo2/Home/Runtime/Cache/22da7317198283eab56d8e78bc060a88.php 第 319 行.
NOTIC: [8] Use of undefined constant colorlist - assumed 'colorlist' /var/www/html/bobo2/Home/Runtime/Cache/22da7317198283eab56d8e78bc060a88.php 第 323 行.
NOTIC: [8] Use of undefined constant colorlist - assumed 'colorlist' /var/www/html/bobo2/Home/Runtime/Cache/22da7317198283eab56d8e78bc060a88.php 第 323 行.
NOTIC: [8] Use of undefined constant catid - assumed 'catid' /var/www/html/bobo2/Home/Runtime/Cache/22da7317198283eab56d8e78bc060a88.php 第 326 行.
NOTIC: [8] Use of undefined constant id - assumed 'id' /var/www/html/bobo2/Home/Runtime/Cache/22da7317198283eab56d8e78bc060a88.php 第 326 行.
NOTIC: [8] A session had already been started - ignoring session_start() /var/www/html/bobo2/Home/Runtime/Cache/22da7317198283eab56d8e78bc060a88.php 第 331 行.
NOTIC: [8] Undefined index: bobo_pc_user_id /var/www/html/bobo2/Home/Runtime/Cache/22da7317198283eab56d8e78bc060a88.php 第 331 行.
INFO: Run ParseTemplate Behavior [ RunTime:0.040404s ]
INFO: [ view_parse ] --END-- [ RunTime:0.040462s ]
INFO: [ view_filter ] --START--
INFO: Run ContentReplace Behavior [ RunTime:0.000556s ]
INFO: Run TokenBuild Behavior [ RunTime:0.000265s ]
INFO: Run WriteHtmlCache Behavior [ RunTime:0.000135s ]
INFO: Run ShowRuntime Behavior [ RunTime:0.000337s ]
INFO: [ view_filter ] --END-- [ RunTime:0.001458s ]
INFO: [ view_end ] --START--
INFO: Run ShowPageTrace Behavior [ RunTime:0.000412s ]
INFO: [ view_end ] --END-- [ RunTime:0.000488s ]

[ 2016-09-26T03:31:59+08:00 ] 180.76.15.17 /bobo2/index.php/Product/product_details/catid/16/pid/31/ppid/40
INFO: [ route_check ] --START--
INFO: Run CheckRoute Behavior [ RunTime:0.000585s ]
INFO: [ route_check ] --END-- [ RunTime:0.000693s ]
INFO: [ app_begin ] --START--
INFO: Run ReadHtmlCache Behavior [ RunTime:0.000373s ]
INFO: [ app_begin ] --END-- [ RunTime:0.000433s ]
SQL: SHOW COLUMNS FROM `tp_product` [ RunTime:0.000773s ]
SQL: SHOW COLUMNS FROM `tp_category` [ RunTime:0.000547s ]
SQL: SHOW COLUMNS FROM `tp_linkage` [ RunTime:0.000441s ]
SQL: SHOW COLUMNS FROM `tp_parameter` [ RunTime:0.000440s ]
SQL: SHOW COLUMNS FROM `tp_collect` [ RunTime:0.000364s ]
SQL: SHOW COLUMNS FROM `tp_content` [ RunTime:0.000608s ]
SQL: SHOW COLUMNS FROM `tp_page` [ RunTime:0.000438s ]
SQL: SELECT * FROM `tp_page` WHERE ( `catid` = 29 ) LIMIT 1   [ RunTime:0.000238s ]
SQL: SELECT `id`,`catid`,`title`,`headerpic` FROM `tp_content` WHERE ( catid=23 and (status=2 or status=3) ) ORDER BY conorder desc,id desc LIMIT 8   [ RunTime:0.000516s ]
SQL: SELECT `id`,`catid`,`title`,`headerpic` FROM `tp_content` WHERE ( catid=24 and (status=2 or status=3) ) ORDER BY conorder desc,id desc LIMIT 8   [ RunTime:0.000420s ]
SQL: SELECT `id`,`catid`,`title`,`headerpic` FROM `tp_content` WHERE ( catid=25 and (status=2 or status=3) ) ORDER BY conorder desc,id desc LIMIT 8   [ RunTime:0.000371s ]
SQL: SHOW COLUMNS FROM `tp_site` [ RunTime:0.000380s ]
SQL: SELECT * FROM `tp_site` WHERE ( siteid=1 ) LIMIT 1   [ RunTime:0.000200s ]
SQL: SELECT a.xqstatus,a.title,a.picurlpc,a.catid,a.id,b.id as ppid FROM tp_product_price b,tp_product a WHERE ( a.posid=1 and a.status=1 and  a.id=b.pid ) ORDER BY a.listorder desc,id desc LIMIT 8   [ RunTime:0.000603s ]
SQL: SHOW COLUMNS FROM `tp_video` [ RunTime:0.000528s ]
SQL: SELECT `vtitle`,`headerpic`,`catid` FROM `tp_video` WHERE ( catid=26 and (status=2 or status=3) ) ORDER BY listorder desc,vid desc LIMIT 8   [ RunTime:0.000289s ]
SQL: SELECT `vtitle`,`headerpic`,`catid` FROM `tp_video` WHERE ( catid=27 and (status=2 or status=3) ) ORDER BY listorder desc,vid desc LIMIT 8   [ RunTime:0.000260s ]
SQL: SELECT `catid`,`catname`,`caturl` FROM `tp_category` WHERE ( `catid` IN ('14','15','16','17','18','19','20','21') ) ORDER BY listorder desc,catid desc  [ RunTime:0.000224s ]
NOTIC: [8] Undefined variable: category_list /var/www/html/bobo2/Home/Lib/Action/CommonAction.class.php 第 28 行.
NOTIC: [8] Undefined index: bobo_pc_user_id /var/www/html/bobo2/Home/Lib/Action/ProductAction.class.php 第 379 行.
SQL: SELECT tp_product.picurlpc,tp_product.title,tp_product.colorlist,a.price,a.capacity,tp_product.id as pid,tp_product.catid,a.id FROM `tp_product` left join tp_product_price a on tp_product.id=a.pid WHERE ( tp_product.catid=16  and tp_product.status=1  ) ORDER BY tp_product.listorder desc,tp_product.id desc LIMIT 6   [ RunTime:0.000888s ]
SQL: SELECT `colorname`,`name` FROM `tp_parameter` WHERE ( `id` IN ('9','4','7','6','6','4','9','7') ) AND ( `status` = 1 )  [ RunTime:0.000187s ]
SQL: SELECT `colorname`,`name` FROM `tp_parameter` WHERE ( `id` IN ('9','4','7','6','6','4','9','7') ) AND ( `status` = 1 )  [ RunTime:0.000176s ]
SQL: SELECT `colorname`,`name` FROM `tp_parameter` WHERE ( `id` IN ('1','6') ) AND ( `status` = 1 )  [ RunTime:0.000175s ]
SQL: SELECT `colorname`,`name` FROM `tp_parameter` WHERE ( `id` IN ('4','1') ) AND ( `status` = 1 )  [ RunTime:0.000168s ]
SQL: SELECT `colorname`,`name` FROM `tp_parameter` WHERE ( `id` IN ('4','1','7','9') ) AND ( `status` = 1 )  [ RunTime:0.000170s ]
SQL: SELECT `colorname`,`name` FROM `tp_parameter` WHERE ( `id` IN ('12','6') ) AND ( `status` = 1 )  [ RunTime:0.000167s ]
SQL: SELECT `catname` FROM `tp_category` WHERE ( catid=16 ) LIMIT 1   [ RunTime:0.000153s ]
SQL: SELECT tp_product.xqstatus,tp_product.content,tp_product.picurlpcall,tp_product.title,tp_product.colorlist,a.price,c.id as colid,a.id as ppid FROM `tp_product` left join tp_product_price a on tp_product.id=a.pid left join tp_collect c on a.id=c.ppid WHERE ( tp_product.catid=16 and tp_product.id=31 and tp_product.status=1 and a.id=40 ) LIMIT 1   [ RunTime:0.000228s ]
SQL: SELECT `colorname`,`name` FROM `tp_parameter` WHERE ( `id` IN ('9','4','7','6','6','4','9','7') ) AND ( `status` = 1 ) ORDER BY field (id,9,4,7,6,6,4,9,7)  [ RunTime:0.000231s ]
NOTIC: [8] Undefined variable: link_list /var/www/html/bobo2/Home/Lib/Action/ProductAction.class.php 第 428 行.
INFO: [ view_template ] --START--
INFO: Run LocationTemplate Behavior [ RunTime:0.000247s ]
INFO: [ view_template ] --END-- [ RunTime:0.000306s ]
INFO: [ view_parse ] --START--
NOTIC: [8] A session had already been started - ignoring session_start() /var/www/html/bobo2/Home/Runtime/Cache/22da7317198283eab56d8e78bc060a88.php 第 78 行.
NOTIC: [8] Undefined index: bobo_pc_user_id /var/www/html/bobo2/Home/Runtime/Cache/22da7317198283eab56d8e78bc060a88.php 第 78 行.
NOTIC: [8] Undefined index: bobo_pc_user_id /var/www/html/bobo2/Home/Runtime/Cache/22da7317198283eab56d8e78bc060a88.php 第 85 行.
NOTIC: [8] Undefined index: bobo_pc_user_name /var/www/html/bobo2/Home/Runtime/Cache/22da7317198283eab56d8e78bc060a88.php 第 85 行.
NOTIC: [8] Undefined variable: k /var/www/html/bobo2/Home/Runtime/Cache/22da7317198283eab56d8e78bc060a88.php 第 112 行.
NOTIC: [8] Use of undefined constant catid - assumed 'catid' /var/www/html/bobo2/Home/Runtime/Cache/22da7317198283eab56d8e78bc060a88.php 第 115 行.
NOTIC: [8] Use of undefined constant id - assumed 'id' /var/www/html/bobo2/Home/Runtime/Cache/22da7317198283eab56d8e78bc060a88.php 第 115 行.
NOTIC: [8] Use of undefined constant catid - assumed 'catid' /var/www/html/bobo2/Home/Runtime/Cache/22da7317198283eab56d8e78bc060a88.php 第 115 行.
NOTIC: [8] Use of undefined constant id - assumed 'id' /var/www/html/bobo2/Home/Runtime/Cache/22da7317198283eab56d8e78bc060a88.php 第 115 行.
NOTIC: [8] Use of undefined constant catid - assumed 'catid' /var/www/html/bobo2/Home/Runtime/Cache/22da7317198283eab56d8e78bc060a88.php 第 115 行.
NOTIC: [8] Use of undefined constant id - assumed 'id' /var/www/html/bobo2/Home/Runtime/Cache/22da7317198283eab56d8e78bc060a88.php 第 115 行.
NOTIC: [8] Use of undefined constant catid - assumed 'catid' /var/www/html/bobo2/Home/Runtime/Cache/22da7317198283eab56d8e78bc060a88.php 第 115 行.
NOTIC: [8] Use of undefined constant id - assumed 'id' /var/www/html/bobo2/Home/Runtime/Cache/22da7317198283eab56d8e78bc060a88.php 第 115 行.
NOTIC: [8] Use of undefined constant catid - assumed 'catid' /var/www/html/bobo2/Home/Runtime/Cache/22da7317198283eab56d8e78bc060a88.php 第 115 行.
NOTIC: [8] Use of undefined constant id - assumed 'id' /var/www/html/bobo2/Home/Runtime/Cache/22da7317198283eab56d8e78bc060a88.php 第 115 行.
NOTIC: [8] Use of undefined constant catid - assumed 'catid' /var/www/html/bobo2/Home/Runtime/Cache/22da7317198283eab56d8e78bc060a88.php 第 115 行.
NOTIC: [8] Use of undefined constant id - assumed 'id' /var/www/html/bobo2/Home/Runtime/Cache/22da7317198283eab56d8e78bc060a88.php 第 115 行.
NOTIC: [8] Use of undefined constant catid - assumed 'catid' /var/www/html/bobo2/Home/Runtime/Cache/22da7317198283eab56d8e78bc060a88.php 第 115 行.
NOTIC: [8] Use of undefined constant id - assumed 'id' /var/www/html/bobo2/Home/Runtime/Cache/22da7317198283eab56d8e78bc060a88.php 第 115 行.
NOTIC: [8] Use of undefined constant catid - assumed 'catid' /var/www/html/bobo2/Home/Runtime/Cache/22da7317198283eab56d8e78bc060a88.php 第 115 行.
NOTIC: [8] Use of undefined constant id - assumed 'id' /var/www/html/bobo2/Home/Runtime/Cache/22da7317198283eab56d8e78bc060a88.php 第 115 行.
NOTIC: [8] Use of undefined constant catid - assumed 'catid' /var/www/html/bobo2/Home/Runtime/Cache/22da7317198283eab56d8e78bc060a88.php 第 118 行.
NOTIC: [8] Use of undefined constant id - assumed 'id' /var/www/html/bobo2/Home/Runtime/Cache/22da7317198283eab56d8e78bc060a88.php 第 118 行.
NOTIC: [8] Use of undefined constant catid - assumed 'catid' /var/www/html/bobo2/Home/Runtime/Cache/22da7317198283eab56d8e78bc060a88.php 第 118 行.
NOTIC: [8] Use of undefined constant id - assumed 'id' /var/www/html/bobo2/Home/Runtime/Cache/22da7317198283eab56d8e78bc060a88.php 第 118 行.
NOTIC: [8] Use of undefined constant catid - assumed 'catid' /var/www/html/bobo2/Home/Runtime/Cache/22da7317198283eab56d8e78bc060a88.php 第 118 行.
NOTIC: [8] Use of undefined constant id - assumed 'id' /var/www/html/bobo2/Home/Runtime/Cache/22da7317198283eab56d8e78bc060a88.php 第 118 行.
NOTIC: [8] Use of undefined constant catid - assumed 'catid' /var/www/html/bobo2/Home/Runtime/Cache/22da7317198283eab56d8e78bc060a88.php 第 118 行.
NOTIC: [8] Use of undefined constant id - assumed 'id' /var/www/html/bobo2/Home/Runtime/Cache/22da7317198283eab56d8e78bc060a88.php 第 118 行.
NOTIC: [8] Use of undefined constant catid - assumed 'catid' /var/www/html/bobo2/Home/Runtime/Cache/22da7317198283eab56d8e78bc060a88.php 第 121 行.
NOTIC: [8] Use of undefined constant id - assumed 'id' /var/www/html/bobo2/Home/Runtime/Cache/22da7317198283eab56d8e78bc060a88.php 第 121 行.
NOTIC: [8] Use of undefined constant catid - assumed 'catid' /var/www/html/bobo2/Home/Runtime/Cache/22da7317198283eab56d8e78bc060a88.php 第 121 行.
NOTIC: [8] Use of undefined constant id - assumed 'id' /var/www/html/bobo2/Home/Runtime/Cache/22da7317198283eab56d8e78bc060a88.php 第 121 行.
NOTIC: [8] Use of undefined constant catid - assumed 'catid' /var/www/html/bobo2/Home/Runtime/Cache/22da7317198283eab56d8e78bc060a88.php 第 146 行.
NOTIC: [8] Use of undefined constant id - assumed 'id' /var/www/html/bobo2/Home/Runtime/Cache/22da7317198283eab56d8e78bc060a88.php 第 146 行.
NOTIC: [8] Use of undefined constant ppid - assumed 'ppid' /var/www/html/bobo2/Home/Runtime/Cache/22da7317198283eab56d8e78bc060a88.php 第 146 行.
NOTIC: [8] Use of undefined constant catid - assumed 'catid' /var/www/html/bobo2/Home/Runtime/Cache/22da7317198283eab56d8e78bc060a88.php 第 146 行.
NOTIC: [8] Use of undefined constant id - assumed 'id' /var/www/html/bobo2/Home/Runtime/Cache/22da7317198283eab56d8e78bc060a88.php 第 146 行.
NOTIC: [8] Use of undefined constant ppid - assumed 'ppid' /var/www/html/bobo2/Home/Runtime/Cache/22da7317198283eab56d8e78bc060a88.php 第 146 行.
NOTIC: [8] Use of undefined constant catid - assumed 'catid' /var/www/html/bobo2/Home/Runtime/Cache/22da7317198283eab56d8e78bc060a88.php 第 146 行.
NOTIC: [8] Use of undefined constant id - assumed 'id' /var/www/html/bobo2/Home/Runtime/Cache/22da7317198283eab56d8e78bc060a88.php 第 146 行.
NOTIC: [8] Use of undefined constant ppid - assumed 'ppid' /var/www/html/bobo2/Home/Runtime/Cache/22da7317198283eab56d8e78bc060a88.php 第 146 行.
NOTIC: [8] Use of undefined constant catid - assumed 'catid' /var/www/html/bobo2/Home/Runtime/Cache/22da7317198283eab56d8e78bc060a88.php 第 146 行.
NOTIC: [8] Use of undefined constant id - assumed 'id' /var/www/html/bobo2/Home/Runtime/Cache/22da7317198283eab56d8e78bc060a88.php 第 146 行.
NOTIC: [8] Use of undefined constant ppid - assumed 'ppid' /var/www/html/bobo2/Home/Runtime/Cache/22da7317198283eab56d8e78bc060a88.php 第 146 行.
NOTIC: [8] Use of undefined constant catid - assumed 'catid' /var/www/html/bobo2/Home/Runtime/Cache/22da7317198283eab56d8e78bc060a88.php 第 146 行.
NOTIC: [8] Use of undefined constant id - assumed 'id' /var/www/html/bobo2/Home/Runtime/Cache/22da7317198283eab56d8e78bc060a88.php 第 146 行.
NOTIC: [8] Use of undefined constant ppid - assumed 'ppid' /var/www/html/bobo2/Home/Runtime/Cache/22da7317198283eab56d8e78bc060a88.php 第 146 行.
NOTIC: [8] Use of undefined constant catid - assumed 'catid' /var/www/html/bobo2/Home/Runtime/Cache/22da7317198283eab56d8e78bc060a88.php 第 146 行.
NOTIC: [8] Use of undefined constant id - assumed 'id' /var/www/html/bobo2/Home/Runtime/Cache/22da7317198283eab56d8e78bc060a88.php 第 146 行.
NOTIC: [8] Use of undefined constant ppid - assumed 'ppid' /var/www/html/bobo2/Home/Runtime/Cache/22da7317198283eab56d8e78bc060a88.php 第 146 行.
NOTIC: [8] Use of undefined constant catid - assumed 'catid' /var/www/html/bobo2/Home/Runtime/Cache/22da7317198283eab56d8e78bc060a88.php 第 146 行.
NOTIC: [8] Use of undefined constant id - assumed 'id' /var/www/html/bobo2/Home/Runtime/Cache/22da7317198283eab56d8e78bc060a88.php 第 146 行.
NOTIC: [8] Use of undefined constant ppid - assumed 'ppid' /var/www/html/bobo2/Home/Runtime/Cache/22da7317198283eab56d8e78bc060a88.php 第 146 行.
NOTIC: [8] Use of undefined constant catid - assumed 'catid' /var/www/html/bobo2/Home/Runtime/Cache/22da7317198283eab56d8e78bc060a88.php 第 146 行.
NOTIC: [8] Use of undefined constant id - assumed 'id' /var/www/html/bobo2/Home/Runtime/Cache/22da7317198283eab56d8e78bc060a88.php 第 146 行.
NOTIC: [8] Use of undefined constant ppid - assumed 'ppid' /var/www/html/bobo2/Home/Runtime/Cache/22da7317198283eab56d8e78bc060a88.php 第 146 行.
NOTIC: [8] Use of undefined constant catid - assumed 'catid' /var/www/html/bobo2/Home/Runtime/Cache/22da7317198283eab56d8e78bc060a88.php 第 150 行.
NOTIC: [8] Use of undefined constant catid - assumed 'catid' /var/www/html/bobo2/Home/Runtime/Cache/22da7317198283eab56d8e78bc060a88.php 第 150 行.
NOTIC: [8] Use of undefined constant catid - assumed 'catid' /var/www/html/bobo2/Home/Runtime/Cache/22da7317198283eab56d8e78bc060a88.php 第 150 行.
NOTIC: [8] Use of undefined constant catid - assumed 'catid' /var/www/html/bobo2/Home/Runtime/Cache/22da7317198283eab56d8e78bc060a88.php 第 150 行.
NOTIC: [8] Use of undefined constant catid - assumed 'catid' /var/www/html/bobo2/Home/Runtime/Cache/22da7317198283eab56d8e78bc060a88.php 第 150 行.
NOTIC: [8] Use of undefined constant catid - assumed 'catid' /var/www/html/bobo2/Home/Runtime/Cache/22da7317198283eab56d8e78bc060a88.php 第 150 行.
NOTIC: [8] Use of undefined constant catid - assumed 'catid' /var/www/html/bobo2/Home/Runtime/Cache/22da7317198283eab56d8e78bc060a88.php 第 150 行.
NOTIC: [8] Use of undefined constant catid - assumed 'catid' /var/www/html/bobo2/Home/Runtime/Cache/22da7317198283eab56d8e78bc060a88.php 第 150 行.
NOTIC: [8] Use of undefined constant catid - assumed 'catid' /var/www/html/bobo2/Home/Runtime/Cache/22da7317198283eab56d8e78bc060a88.php 第 154 行.
NOTIC: [8] Use of undefined constant catid - assumed 'catid' /var/www/html/bobo2/Home/Runtime/Cache/22da7317198283eab56d8e78bc060a88.php 第 154 行.
NOTIC: [8] Use of undefined constant catid - assumed 'catid' /var/www/html/bobo2/Home/Runtime/Cache/22da7317198283eab56d8e78bc060a88.php 第 154 行.
NOTIC: [8] Use of undefined constant catid - assumed 'catid' /var/www/html/bobo2/Home/Runtime/Cache/22da7317198283eab56d8e78bc060a88.php 第 154 行.
NOTIC: [8] Use of undefined constant catid - assumed 'catid' /var/www/html/bobo2/Home/Runtime/Cache/22da7317198283eab56d8e78bc060a88.php 第 154 行.
NOTIC: [8] Use of undefined constant catid - assumed 'catid' /var/www/html/bobo2/Home/Runtime/Cache/22da7317198283eab56d8e78bc060a88.php 第 154 行.
NOTIC: [8] Use of undefined constant catid - assumed 'catid' /var/www/html/bobo2/Home/Runtime/Cache/22da7317198283eab56d8e78bc060a88.php 第 154 行.
NOTIC: [8] Use of undefined constant catid - assumed 'catid' /var/www/html/bobo2/Home/Runtime/Cache/22da7317198283eab56d8e78bc060a88.php 第 157 行.
NOTIC: [8] Use of undefined constant catid - assumed 'catid' /var/www/html/bobo2/Home/Runtime/Cache/22da7317198283eab56d8e78bc060a88.php 第 157 行.
NOTIC: [8] Use of undefined constant catid - assumed 'catid' /var/www/html/bobo2/Home/Runtime/Cache/22da7317198283eab56d8e78bc060a88.php 第 157 行.
NOTIC: [8] Use of undefined constant catid - assumed 'catid' /var/www/html/bobo2/Home/Runtime/Cache/22da7317198283eab56d8e78bc060a88.php 第 157 行.
NOTIC: [8] Use of undefined constant catid - assumed 'catid' /var/www/html/bobo2/Home/Runtime/Cache/22da7317198283eab56d8e78bc060a88.php 第 157 行.
NOTIC: [8] Use of undefined constant catid - assumed 'catid' /var/www/html/bobo2/Home/Runtime/Cache/22da7317198283eab56d8e78bc060a88.php 第 157 行.
NOTIC: [8] Use of undefined constant catid - assumed 'catid' /var/www/html/bobo2/Home/Runtime/Cache/22da7317198283eab56d8e78bc060a88.php 第 157 行.
NOTIC: [8] Use of undefined constant catid - assumed 'catid' /var/www/html/bobo2/Home/Runtime/Cache/22da7317198283eab56d8e78bc060a88.php 第 157 行.
NOTIC: [8] Use of undefined constant catid - assumed 'catid' /var/www/html/bobo2/Home/Runtime/Cache/22da7317198283eab56d8e78bc060a88.php 第 180 行.
NOTIC: [8] Use of undefined constant id - assumed 'id' /var/www/html/bobo2/Home/Runtime/Cache/22da7317198283eab56d8e78bc060a88.php 第 180 行.
NOTIC: [8] Use of undefined constant ppid - assumed 'ppid' /var/www/html/bobo2/Home/Runtime/Cache/22da7317198283eab56d8e78bc060a88.php 第 180 行.
NOTIC: [8] Use of undefined constant catid - assumed 'catid' /var/www/html/bobo2/Home/Runtime/Cache/22da7317198283eab56d8e78bc060a88.php 第 180 行.
NOTIC: [8] Use of undefined constant id - assumed 'id' /var/www/html/bobo2/Home/Runtime/Cache/22da7317198283eab56d8e78bc060a88.php 第 180 行.
NOTIC: [8] Use of undefined constant ppid - assumed 'ppid' /var/www/html/bobo2/Home/Runtime/Cache/22da7317198283eab56d8e78bc060a88.php 第 180 行.
NOTIC: [8] Use of undefined constant catid - assumed 'catid' /var/www/html/bobo2/Home/Runtime/Cache/22da7317198283eab56d8e78bc060a88.php 第 180 行.
NOTIC: [8] Use of undefined constant id - assumed 'id' /var/www/html/bobo2/Home/Runtime/Cache/22da7317198283eab56d8e78bc060a88.php 第 180 行.
NOTIC: [8] Use of undefined constant ppid - assumed 'ppid' /var/www/html/bobo2/Home/Runtime/Cache/22da7317198283eab56d8e78bc060a88.php 第 180 行.
NOTIC: [8] Use of undefined constant catid - assumed 'catid' /var/www/html/bobo2/Home/Runtime/Cache/22da7317198283eab56d8e78bc060a88.php 第 180 行.
NOTIC: [8] Use of undefined constant id - assumed 'id' /var/www/html/bobo2/Home/Runtime/Cache/22da7317198283eab56d8e78bc060a88.php 第 180 行.
NOTIC: [8] Use of undefined constant ppid - assumed 'ppid' /var/www/html/bobo2/Home/Runtime/Cache/22da7317198283eab56d8e78bc060a88.php 第 180 行.
NOTIC: [8] Use of undefined constant catid - assumed 'catid' /var/www/html/bobo2/Home/Runtime/Cache/22da7317198283eab56d8e78bc060a88.php 第 180 行.
NOTIC: [8] Use of undefined constant id - assumed 'id' /var/www/html/bobo2/Home/Runtime/Cache/22da7317198283eab56d8e78bc060a88.php 第 180 行.
NOTIC: [8] Use of undefined constant ppid - assumed 'ppid' /var/www/html/bobo2/Home/Runtime/Cache/22da7317198283eab56d8e78bc060a88.php 第 180 行.
NOTIC: [8] Use of undefined constant catid - assumed 'catid' /var/www/html/bobo2/Home/Runtime/Cache/22da7317198283eab56d8e78bc060a88.php 第 180 行.
NOTIC: [8] Use of undefined constant id - assumed 'id' /var/www/html/bobo2/Home/Runtime/Cache/22da7317198283eab56d8e78bc060a88.php 第 180 行.
NOTIC: [8] Use of undefined constant ppid - assumed 'ppid' /var/www/html/bobo2/Home/Runtime/Cache/22da7317198283eab56d8e78bc060a88.php 第 180 行.
NOTIC: [8] Use of undefined constant catid - assumed 'catid' /var/www/html/bobo2/Home/Runtime/Cache/22da7317198283eab56d8e78bc060a88.php 第 180 行.
NOTIC: [8] Use of undefined constant id - assumed 'id' /var/www/html/bobo2/Home/Runtime/Cache/22da7317198283eab56d8e78bc060a88.php 第 180 行.
NOTIC: [8] Use of undefined constant ppid - assumed 'ppid' /var/www/html/bobo2/Home/Runtime/Cache/22da7317198283eab56d8e78bc060a88.php 第 180 行.
NOTIC: [8] Use of undefined constant catid - assumed 'catid' /var/www/html/bobo2/Home/Runtime/Cache/22da7317198283eab56d8e78bc060a88.php 第 180 行.
NOTIC: [8] Use of undefined constant id - assumed 'id' /var/www/html/bobo2/Home/Runtime/Cache/22da7317198283eab56d8e78bc060a88.php 第 180 行.
NOTIC: [8] Use of undefined constant ppid - assumed 'ppid' /var/www/html/bobo2/Home/Runtime/Cache/22da7317198283eab56d8e78bc060a88.php 第 180 行.
NOTIC: [8] Use of undefined constant catid - assumed 'catid' /var/www/html/bobo2/Home/Runtime/Cache/22da7317198283eab56d8e78bc060a88.php 第 184 行.
NOTIC: [8] Use of undefined constant catid - assumed 'catid' /var/www/html/bobo2/Home/Runtime/Cache/22da7317198283eab56d8e78bc060a88.php 第 184 行.
NOTIC: [8] Use of undefined constant catid - assumed 'catid' /var/www/html/bobo2/Home/Runtime/Cache/22da7317198283eab56d8e78bc060a88.php 第 184 行.
NOTIC: [8] Use of undefined constant catid - assumed 'catid' /var/www/html/bobo2/Home/Runtime/Cache/22da7317198283eab56d8e78bc060a88.php 第 184 行.
NOTIC: [8] Use of undefined constant catid - assumed 'catid' /var/www/html/bobo2/Home/Runtime/Cache/22da7317198283eab56d8e78bc060a88.php 第 184 行.
NOTIC: [8] Use of undefined constant catid - assumed 'catid' /var/www/html/bobo2/Home/Runtime/Cache/22da7317198283eab56d8e78bc060a88.php 第 184 行.
NOTIC: [8] Use of undefined constant catid - assumed 'catid' /var/www/html/bobo2/Home/Runtime/Cache/22da7317198283eab56d8e78bc060a88.php 第 184 行.
NOTIC: [8] Use of undefined constant catid - assumed 'catid' /var/www/html/bobo2/Home/Runtime/Cache/22da7317198283eab56d8e78bc060a88.php 第 184 行.
NOTIC: [8] Use of undefined constant catid - assumed 'catid' /var/www/html/bobo2/Home/Runtime/Cache/22da7317198283eab56d8e78bc060a88.php 第 188 行.
NOTIC: [8] Use of undefined constant catid - assumed 'catid' /var/www/html/bobo2/Home/Runtime/Cache/22da7317198283eab56d8e78bc060a88.php 第 188 行.
NOTIC: [8] Use of undefined constant catid - assumed 'catid' /var/www/html/bobo2/Home/Runtime/Cache/22da7317198283eab56d8e78bc060a88.php 第 188 行.
NOTIC: [8] Use of undefined constant catid - assumed 'catid' /var/www/html/bobo2/Home/Runtime/Cache/22da7317198283eab56d8e78bc060a88.php 第 188 行.
NOTIC: [8] Use of undefined constant catid - assumed 'catid' /var/www/html/bobo2/Home/Runtime/Cache/22da7317198283eab56d8e78bc060a88.php 第 188 行.
NOTIC: [8] Use of undefined constant catid - assumed 'catid' /var/www/html/bobo2/Home/Runtime/Cache/22da7317198283eab56d8e78bc060a88.php 第 188 行.
NOTIC: [8] Use of undefined constant catid - assumed 'catid' /var/www/html/bobo2/Home/Runtime/Cache/22da7317198283eab56d8e78bc060a88.php 第 188 行.
NOTIC: [8] Use of undefined constant catid - assumed 'catid' /var/www/html/bobo2/Home/Runtime/Cache/22da7317198283eab56d8e78bc060a88.php 第 191 行.
NOTIC: [8] Use of undefined constant catid - assumed 'catid' /var/www/html/bobo2/Home/Runtime/Cache/22da7317198283eab56d8e78bc060a88.php 第 191 行.
NOTIC: [8] Use of undefined constant catid - assumed 'catid' /var/www/html/bobo2/Home/Runtime/Cache/22da7317198283eab56d8e78bc060a88.php 第 191 行.
NOTIC: [8] Use of undefined constant catid - assumed 'catid' /var/www/html/bobo2/Home/Runtime/Cache/22da7317198283eab56d8e78bc060a88.php 第 191 行.
NOTIC: [8] Use of undefined constant catid - assumed 'catid' /var/www/html/bobo2/Home/Runtime/Cache/22da7317198283eab56d8e78bc060a88.php 第 191 行.
NOTIC: [8] Use of undefined constant catid - assumed 'catid' /var/www/html/bobo2/Home/Runtime/Cache/22da7317198283eab56d8e78bc060a88.php 第 191 行.
NOTIC: [8] Use of undefined constant catid - assumed 'catid' /var/www/html/bobo2/Home/Runtime/Cache/22da7317198283eab56d8e78bc060a88.php 第 191 行.
NOTIC: [8] Use of undefined constant catid - assumed 'catid' /var/www/html/bobo2/Home/Runtime/Cache/22da7317198283eab56d8e78bc060a88.php 第 191 行.
NOTIC: [8] Use of undefined constant picurlpcall - assumed 'picurlpcall' /var/www/html/bobo2/Home/Runtime/Cache/22da7317198283eab56d8e78bc060a88.php 第 263 行.
NOTIC: [8] Use of undefined constant picurlpcall - assumed 'picurlpcall' /var/www/html/bobo2/Home/Runtime/Cache/22da7317198283eab56d8e78bc060a88.php 第 263 行.
NOTIC: [8] Use of undefined constant colorlist - assumed 'colorlist' /var/www/html/bobo2/Home/Runtime/Cache/22da7317198283eab56d8e78bc060a88.php 第 268 行.
NOTIC: [8] Use of undefined constant colorlist - assumed 'colorlist' /var/www/html/bobo2/Home/Runtime/Cache/22da7317198283eab56d8e78bc060a88.php 第 268 行.
NOTIC: [8] Use of undefined constant colorlist - assumed 'colorlist' /var/www/html/bobo2/Home/Runtime/Cache/22da7317198283eab56d8e78bc060a88.php 第 275 行.
NOTIC: [8] Use of undefined constant name - assumed 'name' /var/www/html/bobo2/Home/Runtime/Cache/22da7317198283eab56d8e78bc060a88.php 第 275 行.
NOTIC: [8] A session had already been started - ignoring session_start() /var/www/html/bobo2/Home/Runtime/Cache/22da7317198283eab56d8e78bc060a88.php 第 277 行.
NOTIC: [8] Undefined index: bobo_pc_user_id /var/www/html/bobo2/Home/Runtime/Cache/22da7317198283eab56d8e78bc060a88.php 第 277 行.
NOTIC: [8] Use of undefined constant catid - assumed 'catid' /var/www/html/bobo2/Home/Runtime/Cache/22da7317198283eab56d8e78bc060a88.php 第 319 行.
NOTIC: [8] Use of undefined constant id - assumed 'id' /var/www/html/bobo2/Home/Runtime/Cache/22da7317198283eab56d8e78bc060a88.php 第 319 行.
NOTIC: [8] Use of undefined constant colorlist - assumed 'colorlist' /var/www/html/bobo2/Home/Runtime/Cache/22da7317198283eab56d8e78bc060a88.php 第 323 行.
NOTIC: [8] Use of undefined constant colorlist - assumed 'colorlist' /var/www/html/bobo2/Home/Runtime/Cache/22da7317198283eab56d8e78bc060a88.php 第 323 行.
NOTIC: [8] Use of undefined constant catid - assumed 'catid' /var/www/html/bobo2/Home/Runtime/Cache/22da7317198283eab56d8e78bc060a88.php 第 326 行.
NOTIC: [8] Use of undefined constant id - assumed 'id' /var/www/html/bobo2/Home/Runtime/Cache/22da7317198283eab56d8e78bc060a88.php 第 326 行.
NOTIC: [8] A session had already been started - ignoring session_start() /var/www/html/bobo2/Home/Runtime/Cache/22da7317198283eab56d8e78bc060a88.php 第 331 行.
NOTIC: [8] Undefined index: bobo_pc_user_id /var/www/html/bobo2/Home/Runtime/Cache/22da7317198283eab56d8e78bc060a88.php 第 331 行.
NOTIC: [8] Use of undefined constant catid - assumed 'catid' /var/www/html/bobo2/Home/Runtime/Cache/22da7317198283eab56d8e78bc060a88.php 第 319 行.
NOTIC: [8] Use of undefined constant id - assumed 'id' /var/www/html/bobo2/Home/Runtime/Cache/22da7317198283eab56d8e78bc060a88.php 第 319 行.
NOTIC: [8] Use of undefined constant colorlist - assumed 'colorlist' /var/www/html/bobo2/Home/Runtime/Cache/22da7317198283eab56d8e78bc060a88.php 第 323 行.
NOTIC: [8] Use of undefined constant colorlist - assumed 'colorlist' /var/www/html/bobo2/Home/Runtime/Cache/22da7317198283eab56d8e78bc060a88.php 第 323 行.
NOTIC: [8] Use of undefined constant catid - assumed 'catid' /var/www/html/bobo2/Home/Runtime/Cache/22da7317198283eab56d8e78bc060a88.php 第 326 行.
NOTIC: [8] Use of undefined constant id - assumed 'id' /var/www/html/bobo2/Home/Runtime/Cache/22da7317198283eab56d8e78bc060a88.php 第 326 行.
NOTIC: [8] A session had already been started - ignoring session_start() /var/www/html/bobo2/Home/Runtime/Cache/22da7317198283eab56d8e78bc060a88.php 第 331 行.
NOTIC: [8] Undefined index: bobo_pc_user_id /var/www/html/bobo2/Home/Runtime/Cache/22da7317198283eab56d8e78bc060a88.php 第 331 行.
NOTIC: [8] Use of undefined constant catid - assumed 'catid' /var/www/html/bobo2/Home/Runtime/Cache/22da7317198283eab56d8e78bc060a88.php 第 319 行.
NOTIC: [8] Use of undefined constant id - assumed 'id' /var/www/html/bobo2/Home/Runtime/Cache/22da7317198283eab56d8e78bc060a88.php 第 319 行.
NOTIC: [8] Use of undefined constant colorlist - assumed 'colorlist' /var/www/html/bobo2/Home/Runtime/Cache/22da7317198283eab56d8e78bc060a88.php 第 323 行.
NOTIC: [8] Use of undefined constant colorlist - assumed 'colorlist' /var/www/html/bobo2/Home/Runtime/Cache/22da7317198283eab56d8e78bc060a88.php 第 323 行.
NOTIC: [8] Use of undefined constant catid - assumed 'catid' /var/www/html/bobo2/Home/Runtime/Cache/22da7317198283eab56d8e78bc060a88.php 第 326 行.
NOTIC: [8] Use of undefined constant id - assumed 'id' /var/www/html/bobo2/Home/Runtime/Cache/22da7317198283eab56d8e78bc060a88.php 第 326 行.
NOTIC: [8] A session had already been started - ignoring session_start() /var/www/html/bobo2/Home/Runtime/Cache/22da7317198283eab56d8e78bc060a88.php 第 331 行.
NOTIC: [8] Undefined index: bobo_pc_user_id /var/www/html/bobo2/Home/Runtime/Cache/22da7317198283eab56d8e78bc060a88.php 第 331 行.
NOTIC: [8] Use of undefined constant catid - assumed 'catid' /var/www/html/bobo2/Home/Runtime/Cache/22da7317198283eab56d8e78bc060a88.php 第 319 行.
NOTIC: [8] Use of undefined constant id - assumed 'id' /var/www/html/bobo2/Home/Runtime/Cache/22da7317198283eab56d8e78bc060a88.php 第 319 行.
NOTIC: [8] Use of undefined constant colorlist - assumed 'colorlist' /var/www/html/bobo2/Home/Runtime/Cache/22da7317198283eab56d8e78bc060a88.php 第 323 行.
NOTIC: [8] Use of undefined constant colorlist - assumed 'colorlist' /var/www/html/bobo2/Home/Runtime/Cache/22da7317198283eab56d8e78bc060a88.php 第 323 行.
NOTIC: [8] Use of undefined constant catid - assumed 'catid' /var/www/html/bobo2/Home/Runtime/Cache/22da7317198283eab56d8e78bc060a88.php 第 326 行.
NOTIC: [8] Use of undefined constant id - assumed 'id' /var/www/html/bobo2/Home/Runtime/Cache/22da7317198283eab56d8e78bc060a88.php 第 326 行.
NOTIC: [8] A session had already been started - ignoring session_start() /var/www/html/bobo2/Home/Runtime/Cache/22da7317198283eab56d8e78bc060a88.php 第 331 行.
NOTIC: [8] Undefined index: bobo_pc_user_id /var/www/html/bobo2/Home/Runtime/Cache/22da7317198283eab56d8e78bc060a88.php 第 331 行.
NOTIC: [8] Use of undefined constant catid - assumed 'catid' /var/www/html/bobo2/Home/Runtime/Cache/22da7317198283eab56d8e78bc060a88.php 第 319 行.
NOTIC: [8] Use of undefined constant id - assumed 'id' /var/www/html/bobo2/Home/Runtime/Cache/22da7317198283eab56d8e78bc060a88.php 第 319 行.
NOTIC: [8] Use of undefined constant colorlist - assumed 'colorlist' /var/www/html/bobo2/Home/Runtime/Cache/22da7317198283eab56d8e78bc060a88.php 第 323 行.
NOTIC: [8] Use of undefined constant colorlist - assumed 'colorlist' /var/www/html/bobo2/Home/Runtime/Cache/22da7317198283eab56d8e78bc060a88.php 第 323 行.
NOTIC: [8] Use of undefined constant catid - assumed 'catid' /var/www/html/bobo2/Home/Runtime/Cache/22da7317198283eab56d8e78bc060a88.php 第 326 行.
NOTIC: [8] Use of undefined constant id - assumed 'id' /var/www/html/bobo2/Home/Runtime/Cache/22da7317198283eab56d8e78bc060a88.php 第 326 行.
NOTIC: [8] A session had already been started - ignoring session_start() /var/www/html/bobo2/Home/Runtime/Cache/22da7317198283eab56d8e78bc060a88.php 第 331 行.
NOTIC: [8] Undefined index: bobo_pc_user_id /var/www/html/bobo2/Home/Runtime/Cache/22da7317198283eab56d8e78bc060a88.php 第 331 行.
NOTIC: [8] Use of undefined constant catid - assumed 'catid' /var/www/html/bobo2/Home/Runtime/Cache/22da7317198283eab56d8e78bc060a88.php 第 319 行.
NOTIC: [8] Use of undefined constant id - assumed 'id' /var/www/html/bobo2/Home/Runtime/Cache/22da7317198283eab56d8e78bc060a88.php 第 319 行.
NOTIC: [8] Use of undefined constant colorlist - assumed 'colorlist' /var/www/html/bobo2/Home/Runtime/Cache/22da7317198283eab56d8e78bc060a88.php 第 323 行.
NOTIC: [8] Use of undefined constant colorlist - assumed 'colorlist' /var/www/html/bobo2/Home/Runtime/Cache/22da7317198283eab56d8e78bc060a88.php 第 323 行.
NOTIC: [8] Use of undefined constant catid - assumed 'catid' /var/www/html/bobo2/Home/Runtime/Cache/22da7317198283eab56d8e78bc060a88.php 第 326 行.
NOTIC: [8] Use of undefined constant id - assumed 'id' /var/www/html/bobo2/Home/Runtime/Cache/22da7317198283eab56d8e78bc060a88.php 第 326 行.
NOTIC: [8] A session had already been started - ignoring session_start() /var/www/html/bobo2/Home/Runtime/Cache/22da7317198283eab56d8e78bc060a88.php 第 331 行.
NOTIC: [8] Undefined index: bobo_pc_user_id /var/www/html/bobo2/Home/Runtime/Cache/22da7317198283eab56d8e78bc060a88.php 第 331 行.
INFO: Run ParseTemplate Behavior [ RunTime:0.041633s ]
INFO: [ view_parse ] --END-- [ RunTime:0.041694s ]
INFO: [ view_filter ] --START--
INFO: Run ContentReplace Behavior [ RunTime:0.000558s ]
INFO: Run TokenBuild Behavior [ RunTime:0.000298s ]
INFO: Run WriteHtmlCache Behavior [ RunTime:0.000148s ]
INFO: Run ShowRuntime Behavior [ RunTime:0.000346s ]
INFO: [ view_filter ] --END-- [ RunTime:0.001519s ]
INFO: [ view_end ] --START--
INFO: Run ShowPageTrace Behavior [ RunTime:0.000426s ]
INFO: [ view_end ] --END-- [ RunTime:0.000482s ]

[ 2016-09-26T04:58:45+08:00 ] 66.249.65.39 /bobo2/index.php/Product/product_details/catid/14/pid/2/ppid/3
INFO: [ route_check ] --START--
INFO: Run CheckRoute Behavior [ RunTime:0.000601s ]
INFO: [ route_check ] --END-- [ RunTime:0.000681s ]
INFO: [ app_begin ] --START--
INFO: Run ReadHtmlCache Behavior [ RunTime:0.000353s ]
INFO: [ app_begin ] --END-- [ RunTime:0.000412s ]
SQL: SHOW COLUMNS FROM `tp_product` [ RunTime:0.000800s ]
SQL: SHOW COLUMNS FROM `tp_category` [ RunTime:0.000568s ]
SQL: SHOW COLUMNS FROM `tp_linkage` [ RunTime:0.000463s ]
SQL: SHOW COLUMNS FROM `tp_parameter` [ RunTime:0.000415s ]
SQL: SHOW COLUMNS FROM `tp_collect` [ RunTime:0.000390s ]
SQL: SHOW COLUMNS FROM `tp_content` [ RunTime:0.000563s ]
SQL: SHOW COLUMNS FROM `tp_page` [ RunTime:0.000415s ]
SQL: SELECT * FROM `tp_page` WHERE ( `catid` = 29 ) LIMIT 1   [ RunTime:0.000258s ]
SQL: SELECT `id`,`catid`,`title`,`headerpic` FROM `tp_content` WHERE ( catid=23 and (status=2 or status=3) ) ORDER BY conorder desc,id desc LIMIT 8   [ RunTime:0.000482s ]
SQL: SELECT `id`,`catid`,`title`,`headerpic` FROM `tp_content` WHERE ( catid=24 and (status=2 or status=3) ) ORDER BY conorder desc,id desc LIMIT 8   [ RunTime:0.000429s ]
SQL: SELECT `id`,`catid`,`title`,`headerpic` FROM `tp_content` WHERE ( catid=25 and (status=2 or status=3) ) ORDER BY conorder desc,id desc LIMIT 8   [ RunTime:0.000393s ]
SQL: SHOW COLUMNS FROM `tp_site` [ RunTime:0.000340s ]
SQL: SELECT * FROM `tp_site` WHERE ( siteid=1 ) LIMIT 1   [ RunTime:0.000195s ]
SQL: SELECT a.xqstatus,a.title,a.picurlpc,a.catid,a.id,b.id as ppid FROM tp_product_price b,tp_product a WHERE ( a.posid=1 and a.status=1 and  a.id=b.pid ) ORDER BY a.listorder desc,id desc LIMIT 8   [ RunTime:0.000553s ]
SQL: SHOW COLUMNS FROM `tp_video` [ RunTime:0.000531s ]
SQL: SELECT `vtitle`,`headerpic`,`catid` FROM `tp_video` WHERE ( catid=26 and (status=2 or status=3) ) ORDER BY listorder desc,vid desc LIMIT 8   [ RunTime:0.000306s ]
SQL: SELECT `vtitle`,`headerpic`,`catid` FROM `tp_video` WHERE ( catid=27 and (status=2 or status=3) ) ORDER BY listorder desc,vid desc LIMIT 8   [ RunTime:0.000240s ]
SQL: SELECT `catid`,`catname`,`caturl` FROM `tp_category` WHERE ( `catid` IN ('14','15','16','17','18','19','20','21') ) ORDER BY listorder desc,catid desc  [ RunTime:0.000311s ]
NOTIC: [8] Undefined variable: category_list /var/www/html/bobo2/Home/Lib/Action/CommonAction.class.php 第 28 行.
NOTIC: [8] Undefined index: bobo_pc_user_id /var/www/html/bobo2/Home/Lib/Action/ProductAction.class.php 第 379 行.
SQL: SELECT tp_product.picurlpc,tp_product.title,tp_product.colorlist,a.price,a.capacity,tp_product.id as pid,tp_product.catid,a.id FROM `tp_product` left join tp_product_price a on tp_product.id=a.pid WHERE ( tp_product.catid=14  and tp_product.status=1  ) ORDER BY tp_product.listorder desc,tp_product.id desc LIMIT 6   [ RunTime:0.000618s ]
SQL: SELECT `colorname`,`name` FROM `tp_parameter` WHERE ( `id` IN ('12','8','1','6') ) AND ( `status` = 1 )  [ RunTime:0.000177s ]
SQL: SELECT `colorname`,`name` FROM `tp_parameter` WHERE ( `id` IN ('12','8','1','6') ) AND ( `status` = 1 )  [ RunTime:0.000189s ]
SQL: SELECT `colorname`,`name` FROM `tp_parameter` WHERE ( `id` IN ('12','8','1','6') ) AND ( `status` = 1 )  [ RunTime:0.000170s ]
SQL: SELECT `colorname`,`name` FROM `tp_parameter` WHERE ( `id` IN ('12','8','1','6') ) AND ( `status` = 1 )  [ RunTime:0.000166s ]
SQL: SELECT `colorname`,`name` FROM `tp_parameter` WHERE ( `id` IN ('12','4','1','6') ) AND ( `status` = 1 )  [ RunTime:0.000167s ]
SQL: SELECT `colorname`,`name` FROM `tp_parameter` WHERE ( `id` IN ('12','4','1','6') ) AND ( `status` = 1 )  [ RunTime:0.000166s ]
SQL: SELECT `catname` FROM `tp_category` WHERE ( catid=14 ) LIMIT 1   [ RunTime:0.000160s ]
SQL: SELECT tp_product.xqstatus,tp_product.content,tp_product.picurlpcall,tp_product.title,tp_product.colorlist,a.price,c.id as colid,a.id as ppid FROM `tp_product` left join tp_product_price a on tp_product.id=a.pid left join tp_collect c on a.id=c.ppid WHERE ( tp_product.catid=14 and tp_product.id=2 and tp_product.status=1 and a.id=3 ) LIMIT 1   [ RunTime:0.000226s ]
SQL: SELECT `colorname`,`name` FROM `tp_parameter` WHERE ( `id` IN ('12','8','1','6') ) AND ( `status` = 1 ) ORDER BY field (id,12,8,1,6)  [ RunTime:0.000198s ]
NOTIC: [8] Undefined variable: link_list /var/www/html/bobo2/Home/Lib/Action/ProductAction.class.php 第 428 行.
INFO: [ view_template ] --START--
INFO: Run LocationTemplate Behavior [ RunTime:0.000257s ]
INFO: [ view_template ] --END-- [ RunTime:0.000314s ]
INFO: [ view_parse ] --START--
NOTIC: [8] A session had already been started - ignoring session_start() /var/www/html/bobo2/Home/Runtime/Cache/22da7317198283eab56d8e78bc060a88.php 第 78 行.
NOTIC: [8] Undefined index: bobo_pc_user_id /var/www/html/bobo2/Home/Runtime/Cache/22da7317198283eab56d8e78bc060a88.php 第 78 行.
NOTIC: [8] Undefined index: bobo_pc_user_id /var/www/html/bobo2/Home/Runtime/Cache/22da7317198283eab56d8e78bc060a88.php 第 85 行.
NOTIC: [8] Undefined index: bobo_pc_user_name /var/www/html/bobo2/Home/Runtime/Cache/22da7317198283eab56d8e78bc060a88.php 第 85 行.
NOTIC: [8] Undefined variable: k /var/www/html/bobo2/Home/Runtime/Cache/22da7317198283eab56d8e78bc060a88.php 第 112 行.
NOTIC: [8] Use of undefined constant catid - assumed 'catid' /var/www/html/bobo2/Home/Runtime/Cache/22da7317198283eab56d8e78bc060a88.php 第 115 行.
NOTIC: [8] Use of undefined constant id - assumed 'id' /var/www/html/bobo2/Home/Runtime/Cache/22da7317198283eab56d8e78bc060a88.php 第 115 行.
NOTIC: [8] Use of undefined constant catid - assumed 'catid' /var/www/html/bobo2/Home/Runtime/Cache/22da7317198283eab56d8e78bc060a88.php 第 115 行.
NOTIC: [8] Use of undefined constant id - assumed 'id' /var/www/html/bobo2/Home/Runtime/Cache/22da7317198283eab56d8e78bc060a88.php 第 115 行.
NOTIC: [8] Use of undefined constant catid - assumed 'catid' /var/www/html/bobo2/Home/Runtime/Cache/22da7317198283eab56d8e78bc060a88.php 第 115 行.
NOTIC: [8] Use of undefined constant id - assumed 'id' /var/www/html/bobo2/Home/Runtime/Cache/22da7317198283eab56d8e78bc060a88.php 第 115 行.
NOTIC: [8] Use of undefined constant catid - assumed 'catid' /var/www/html/bobo2/Home/Runtime/Cache/22da7317198283eab56d8e78bc060a88.php 第 115 行.
NOTIC: [8] Use of undefined constant id - assumed 'id' /var/www/html/bobo2/Home/Runtime/Cache/22da7317198283eab56d8e78bc060a88.php 第 115 行.
NOTIC: [8] Use of undefined constant catid - assumed 'catid' /var/www/html/bobo2/Home/Runtime/Cache/22da7317198283eab56d8e78bc060a88.php 第 115 行.
NOTIC: [8] Use of undefined constant id - assumed 'id' /var/www/html/bobo2/Home/Runtime/Cache/22da7317198283eab56d8e78bc060a88.php 第 115 行.
NOTIC: [8] Use of undefined constant catid - assumed 'catid' /var/www/html/bobo2/Home/Runtime/Cache/22da7317198283eab56d8e78bc060a88.php 第 115 行.
NOTIC: [8] Use of undefined constant id - assumed 'id' /var/www/html/bobo2/Home/Runtime/Cache/22da7317198283eab56d8e78bc060a88.php 第 115 行.
NOTIC: [8] Use of undefined constant catid - assumed 'catid' /var/www/html/bobo2/Home/Runtime/Cache/22da7317198283eab56d8e78bc060a88.php 第 115 行.
NOTIC: [8] Use of undefined constant id - assumed 'id' /var/www/html/bobo2/Home/Runtime/Cache/22da7317198283eab56d8e78bc060a88.php 第 115 行.
NOTIC: [8] Use of undefined constant catid - assumed 'catid' /var/www/html/bobo2/Home/Runtime/Cache/22da7317198283eab56d8e78bc060a88.php 第 115 行.
NOTIC: [8] Use of undefined constant id - assumed 'id' /var/www/html/bobo2/Home/Runtime/Cache/22da7317198283eab56d8e78bc060a88.php 第 115 行.
NOTIC: [8] Use of undefined constant catid - assumed 'catid' /var/www/html/bobo2/Home/Runtime/Cache/22da7317198283eab56d8e78bc060a88.php 第 118 行.
NOTIC: [8] Use of undefined constant id - assumed 'id' /var/www/html/bobo2/Home/Runtime/Cache/22da7317198283eab56d8e78bc060a88.php 第 118 行.
NOTIC: [8] Use of undefined constant catid - assumed 'catid' /var/www/html/bobo2/Home/Runtime/Cache/22da7317198283eab56d8e78bc060a88.php 第 118 行.
NOTIC: [8] Use of undefined constant id - assumed 'id' /var/www/html/bobo2/Home/Runtime/Cache/22da7317198283eab56d8e78bc060a88.php 第 118 行.
NOTIC: [8] Use of undefined constant catid - assumed 'catid' /var/www/html/bobo2/Home/Runtime/Cache/22da7317198283eab56d8e78bc060a88.php 第 118 行.
NOTIC: [8] Use of undefined constant id - assumed 'id' /var/www/html/bobo2/Home/Runtime/Cache/22da7317198283eab56d8e78bc060a88.php 第 118 行.
NOTIC: [8] Use of undefined constant catid - assumed 'catid' /var/www/html/bobo2/Home/Runtime/Cache/22da7317198283eab56d8e78bc060a88.php 第 118 行.
NOTIC: [8] Use of undefined constant id - assumed 'id' /var/www/html/bobo2/Home/Runtime/Cache/22da7317198283eab56d8e78bc060a88.php 第 118 行.
NOTIC: [8] Use of undefined constant catid - assumed 'catid' /var/www/html/bobo2/Home/Runtime/Cache/22da7317198283eab56d8e78bc060a88.php 第 121 行.
NOTIC: [8] Use of undefined constant id - assumed 'id' /var/www/html/bobo2/Home/Runtime/Cache/22da7317198283eab56d8e78bc060a88.php 第 121 行.
NOTIC: [8] Use of undefined constant catid - assumed 'catid' /var/www/html/bobo2/Home/Runtime/Cache/22da7317198283eab56d8e78bc060a88.php 第 121 行.
NOTIC: [8] Use of undefined constant id - assumed 'id' /var/www/html/bobo2/Home/Runtime/Cache/22da7317198283eab56d8e78bc060a88.php 第 121 行.
NOTIC: [8] Use of undefined constant catid - assumed 'catid' /var/www/html/bobo2/Home/Runtime/Cache/22da7317198283eab56d8e78bc060a88.php 第 146 行.
NOTIC: [8] Use of undefined constant id - assumed 'id' /var/www/html/bobo2/Home/Runtime/Cache/22da7317198283eab56d8e78bc060a88.php 第 146 行.
NOTIC: [8] Use of undefined constant ppid - assumed 'ppid' /var/www/html/bobo2/Home/Runtime/Cache/22da7317198283eab56d8e78bc060a88.php 第 146 行.
NOTIC: [8] Use of undefined constant catid - assumed 'catid' /var/www/html/bobo2/Home/Runtime/Cache/22da7317198283eab56d8e78bc060a88.php 第 146 行.
NOTIC: [8] Use of undefined constant id - assumed 'id' /var/www/html/bobo2/Home/Runtime/Cache/22da7317198283eab56d8e78bc060a88.php 第 146 行.
NOTIC: [8] Use of undefined constant ppid - assumed 'ppid' /var/www/html/bobo2/Home/Runtime/Cache/22da7317198283eab56d8e78bc060a88.php 第 146 行.
NOTIC: [8] Use of undefined constant catid - assumed 'catid' /var/www/html/bobo2/Home/Runtime/Cache/22da7317198283eab56d8e78bc060a88.php 第 146 行.
NOTIC: [8] Use of undefined constant id - assumed 'id' /var/www/html/bobo2/Home/Runtime/Cache/22da7317198283eab56d8e78bc060a88.php 第 146 行.
NOTIC: [8] Use of undefined constant ppid - assumed 'ppid' /var/www/html/bobo2/Home/Runtime/Cache/22da7317198283eab56d8e78bc060a88.php 第 146 行.
NOTIC: [8] Use of undefined constant catid - assumed 'catid' /var/www/html/bobo2/Home/Runtime/Cache/22da7317198283eab56d8e78bc060a88.php 第 146 行.
NOTIC: [8] Use of undefined constant id - assumed 'id' /var/www/html/bobo2/Home/Runtime/Cache/22da7317198283eab56d8e78bc060a88.php 第 146 行.
NOTIC: [8] Use of undefined constant ppid - assumed 'ppid' /var/www/html/bobo2/Home/Runtime/Cache/22da7317198283eab56d8e78bc060a88.php 第 146 行.
NOTIC: [8] Use of undefined constant catid - assumed 'catid' /var/www/html/bobo2/Home/Runtime/Cache/22da7317198283eab56d8e78bc060a88.php 第 146 行.
NOTIC: [8] Use of undefined constant id - assumed 'id' /var/www/html/bobo2/Home/Runtime/Cache/22da7317198283eab56d8e78bc060a88.php 第 146 行.
NOTIC: [8] Use of undefined constant ppid - assumed 'ppid' /var/www/html/bobo2/Home/Runtime/Cache/22da7317198283eab56d8e78bc060a88.php 第 146 行.
NOTIC: [8] Use of undefined constant catid - assumed 'catid' /var/www/html/bobo2/Home/Runtime/Cache/22da7317198283eab56d8e78bc060a88.php 第 146 行.
NOTIC: [8] Use of undefined constant id - assumed 'id' /var/www/html/bobo2/Home/Runtime/Cache/22da7317198283eab56d8e78bc060a88.php 第 146 行.
NOTIC: [8] Use of undefined constant ppid - assumed 'ppid' /var/www/html/bobo2/Home/Runtime/Cache/22da7317198283eab56d8e78bc060a88.php 第 146 行.
NOTIC: [8] Use of undefined constant catid - assumed 'catid' /var/www/html/bobo2/Home/Runtime/Cache/22da7317198283eab56d8e78bc060a88.php 第 146 行.
NOTIC: [8] Use of undefined constant id - assumed 'id' /var/www/html/bobo2/Home/Runtime/Cache/22da7317198283eab56d8e78bc060a88.php 第 146 行.
NOTIC: [8] Use of undefined constant ppid - assumed 'ppid' /var/www/html/bobo2/Home/Runtime/Cache/22da7317198283eab56d8e78bc060a88.php 第 146 行.
NOTIC: [8] Use of undefined constant catid - assumed 'catid' /var/www/html/bobo2/Home/Runtime/Cache/22da7317198283eab56d8e78bc060a88.php 第 146 行.
NOTIC: [8] Use of undefined constant id - assumed 'id' /var/www/html/bobo2/Home/Runtime/Cache/22da7317198283eab56d8e78bc060a88.php 第 146 行.
NOTIC: [8] Use of undefined constant ppid - assumed 'ppid' /var/www/html/bobo2/Home/Runtime/Cache/22da7317198283eab56d8e78bc060a88.php 第 146 行.
NOTIC: [8] Use of undefined constant catid - assumed 'catid' /var/www/html/bobo2/Home/Runtime/Cache/22da7317198283eab56d8e78bc060a88.php 第 150 行.
NOTIC: [8] Use of undefined constant catid - assumed 'catid' /var/www/html/bobo2/Home/Runtime/Cache/22da7317198283eab56d8e78bc060a88.php 第 150 行.
NOTIC: [8] Use of undefined constant catid - assumed 'catid' /var/www/html/bobo2/Home/Runtime/Cache/22da7317198283eab56d8e78bc060a88.php 第 150 行.
NOTIC: [8] Use of undefined constant catid - assumed 'catid' /var/www/html/bobo2/Home/Runtime/Cache/22da7317198283eab56d8e78bc060a88.php 第 150 行.
NOTIC: [8] Use of undefined constant catid - assumed 'catid' /var/www/html/bobo2/Home/Runtime/Cache/22da7317198283eab56d8e78bc060a88.php 第 150 行.
NOTIC: [8] Use of undefined constant catid - assumed 'catid' /var/www/html/bobo2/Home/Runtime/Cache/22da7317198283eab56d8e78bc060a88.php 第 150 行.
NOTIC: [8] Use of undefined constant catid - assumed 'catid' /var/www/html/bobo2/Home/Runtime/Cache/22da7317198283eab56d8e78bc060a88.php 第 150 行.
NOTIC: [8] Use of undefined constant catid - assumed 'catid' /var/www/html/bobo2/Home/Runtime/Cache/22da7317198283eab56d8e78bc060a88.php 第 150 行.
NOTIC: [8] Use of undefined constant catid - assumed 'catid' /var/www/html/bobo2/Home/Runtime/Cache/22da7317198283eab56d8e78bc060a88.php 第 154 行.
NOTIC: [8] Use of undefined constant catid - assumed 'catid' /var/www/html/bobo2/Home/Runtime/Cache/22da7317198283eab56d8e78bc060a88.php 第 154 行.
NOTIC: [8] Use of undefined constant catid - assumed 'catid' /var/www/html/bobo2/Home/Runtime/Cache/22da7317198283eab56d8e78bc060a88.php 第 154 行.
NOTIC: [8] Use of undefined constant catid - assumed 'catid' /var/www/html/bobo2/Home/Runtime/Cache/22da7317198283eab56d8e78bc060a88.php 第 154 行.
NOTIC: [8] Use of undefined constant catid - assumed 'catid' /var/www/html/bobo2/Home/Runtime/Cache/22da7317198283eab56d8e78bc060a88.php 第 154 行.
NOTIC: [8] Use of undefined constant catid - assumed 'catid' /var/www/html/bobo2/Home/Runtime/Cache/22da7317198283eab56d8e78bc060a88.php 第 154 行.
NOTIC: [8] Use of undefined constant catid - assumed 'catid' /var/www/html/bobo2/Home/Runtime/Cache/22da7317198283eab56d8e78bc060a88.php 第 154 行.
NOTIC: [8] Use of undefined constant catid - assumed 'catid' /var/www/html/bobo2/Home/Runtime/Cache/22da7317198283eab56d8e78bc060a88.php 第 157 行.
NOTIC: [8] Use of undefined constant catid - assumed 'catid' /var/www/html/bobo2/Home/Runtime/Cache/22da7317198283eab56d8e78bc060a88.php 第 157 行.
NOTIC: [8] Use of undefined constant catid - assumed 'catid' /var/www/html/bobo2/Home/Runtime/Cache/22da7317198283eab56d8e78bc060a88.php 第 157 行.
NOTIC: [8] Use of undefined constant catid - assumed 'catid' /var/www/html/bobo2/Home/Runtime/Cache/22da7317198283eab56d8e78bc060a88.php 第 157 行.
NOTIC: [8] Use of undefined constant catid - assumed 'catid' /var/www/html/bobo2/Home/Runtime/Cache/22da7317198283eab56d8e78bc060a88.php 第 157 行.
NOTIC: [8] Use of undefined constant catid - assumed 'catid' /var/www/html/bobo2/Home/Runtime/Cache/22da7317198283eab56d8e78bc060a88.php 第 157 行.
NOTIC: [8] Use of undefined constant catid - assumed 'catid' /var/www/html/bobo2/Home/Runtime/Cache/22da7317198283eab56d8e78bc060a88.php 第 157 行.
NOTIC: [8] Use of undefined constant catid - assumed 'catid' /var/www/html/bobo2/Home/Runtime/Cache/22da7317198283eab56d8e78bc060a88.php 第 157 行.
NOTIC: [8] Use of undefined constant catid - assumed 'catid' /var/www/html/bobo2/Home/Runtime/Cache/22da7317198283eab56d8e78bc060a88.php 第 180 行.
NOTIC: [8] Use of undefined constant id - assumed 'id' /var/www/html/bobo2/Home/Runtime/Cache/22da7317198283eab56d8e78bc060a88.php 第 180 行.
NOTIC: [8] Use of undefined constant ppid - assumed 'ppid' /var/www/html/bobo2/Home/Runtime/Cache/22da7317198283eab56d8e78bc060a88.php 第 180 行.
NOTIC: [8] Use of undefined constant catid - assumed 'catid' /var/www/html/bobo2/Home/Runtime/Cache/22da7317198283eab56d8e78bc060a88.php 第 180 行.
NOTIC: [8] Use of undefined constant id - assumed 'id' /var/www/html/bobo2/Home/Runtime/Cache/22da7317198283eab56d8e78bc060a88.php 第 180 行.
NOTIC: [8] Use of undefined constant ppid - assumed 'ppid' /var/www/html/bobo2/Home/Runtime/Cache/22da7317198283eab56d8e78bc060a88.php 第 180 行.
NOTIC: [8] Use of undefined constant catid - assumed 'catid' /var/www/html/bobo2/Home/Runtime/Cache/22da7317198283eab56d8e78bc060a88.php 第 180 行.
NOTIC: [8] Use of undefined constant id - assumed 'id' /var/www/html/bobo2/Home/Runtime/Cache/22da7317198283eab56d8e78bc060a88.php 第 180 行.
NOTIC: [8] Use of undefined constant ppid - assumed 'ppid' /var/www/html/bobo2/Home/Runtime/Cache/22da7317198283eab56d8e78bc060a88.php 第 180 行.
NOTIC: [8] Use of undefined constant catid - assumed 'catid' /var/www/html/bobo2/Home/Runtime/Cache/22da7317198283eab56d8e78bc060a88.php 第 180 行.
NOTIC: [8] Use of undefined constant id - assumed 'id' /var/www/html/bobo2/Home/Runtime/Cache/22da7317198283eab56d8e78bc060a88.php 第 180 行.
NOTIC: [8] Use of undefined constant ppid - assumed 'ppid' /var/www/html/bobo2/Home/Runtime/Cache/22da7317198283eab56d8e78bc060a88.php 第 180 行.
NOTIC: [8] Use of undefined constant catid - assumed 'catid' /var/www/html/bobo2/Home/Runtime/Cache/22da7317198283eab56d8e78bc060a88.php 第 180 行.
NOTIC: [8] Use of undefined constant id - assumed 'id' /var/www/html/bobo2/Home/Runtime/Cache/22da7317198283eab56d8e78bc060a88.php 第 180 行.
NOTIC: [8] Use of undefined constant ppid - assumed 'ppid' /var/www/html/bobo2/Home/Runtime/Cache/22da7317198283eab56d8e78bc060a88.php 第 180 行.
NOTIC: [8] Use of undefined constant catid - assumed 'catid' /var/www/html/bobo2/Home/Runtime/Cache/22da7317198283eab56d8e78bc060a88.php 第 180 行.
NOTIC: [8] Use of undefined constant id - assumed 'id' /var/www/html/bobo2/Home/Runtime/Cache/22da7317198283eab56d8e78bc060a88.php 第 180 行.
NOTIC: [8] Use of undefined constant ppid - assumed 'ppid' /var/www/html/bobo2/Home/Runtime/Cache/22da7317198283eab56d8e78bc060a88.php 第 180 行.
NOTIC: [8] Use of undefined constant catid - assumed 'catid' /var/www/html/bobo2/Home/Runtime/Cache/22da7317198283eab56d8e78bc060a88.php 第 180 行.
NOTIC: [8] Use of undefined constant id - assumed 'id' /var/www/html/bobo2/Home/Runtime/Cache/22da7317198283eab56d8e78bc060a88.php 第 180 行.
NOTIC: [8] Use of undefined constant ppid - assumed 'ppid' /var/www/html/bobo2/Home/Runtime/Cache/22da7317198283eab56d8e78bc060a88.php 第 180 行.
NOTIC: [8] Use of undefined constant catid - assumed 'catid' /var/www/html/bobo2/Home/Runtime/Cache/22da7317198283eab56d8e78bc060a88.php 第 180 行.
NOTIC: [8] Use of undefined constant id - assumed 'id' /var/www/html/bobo2/Home/Runtime/Cache/22da7317198283eab56d8e78bc060a88.php 第 180 行.
NOTIC: [8] Use of undefined constant ppid - assumed 'ppid' /var/www/html/bobo2/Home/Runtime/Cache/22da7317198283eab56d8e78bc060a88.php 第 180 行.
NOTIC: [8] Use of undefined constant catid - assumed 'catid' /var/www/html/bobo2/Home/Runtime/Cache/22da7317198283eab56d8e78bc060a88.php 第 184 行.
NOTIC: [8] Use of undefined constant catid - assumed 'catid' /var/www/html/bobo2/Home/Runtime/Cache/22da7317198283eab56d8e78bc060a88.php 第 184 行.
NOTIC: [8] Use of undefined constant catid - assumed 'catid' /var/www/html/bobo2/Home/Runtime/Cache/22da7317198283eab56d8e78bc060a88.php 第 184 行.
NOTIC: [8] Use of undefined constant catid - assumed 'catid' /var/www/html/bobo2/Home/Runtime/Cache/22da7317198283eab56d8e78bc060a88.php 第 184 行.
NOTIC: [8] Use of undefined constant catid - assumed 'catid' /var/www/html/bobo2/Home/Runtime/Cache/22da7317198283eab56d8e78bc060a88.php 第 184 行.
NOTIC: [8] Use of undefined constant catid - assumed 'catid' /var/www/html/bobo2/Home/Runtime/Cache/22da7317198283eab56d8e78bc060a88.php 第 184 行.
NOTIC: [8] Use of undefined constant catid - assumed 'catid' /var/www/html/bobo2/Home/Runtime/Cache/22da7317198283eab56d8e78bc060a88.php 第 184 行.
NOTIC: [8] Use of undefined constant catid - assumed 'catid' /var/www/html/bobo2/Home/Runtime/Cache/22da7317198283eab56d8e78bc060a88.php 第 184 行.
NOTIC: [8] Use of undefined constant catid - assumed 'catid' /var/www/html/bobo2/Home/Runtime/Cache/22da7317198283eab56d8e78bc060a88.php 第 188 行.
NOTIC: [8] Use of undefined constant catid - assumed 'catid' /var/www/html/bobo2/Home/Runtime/Cache/22da7317198283eab56d8e78bc060a88.php 第 188 行.
NOTIC: [8] Use of undefined constant catid - assumed 'catid' /var/www/html/bobo2/Home/Runtime/Cache/22da7317198283eab56d8e78bc060a88.php 第 188 行.
NOTIC: [8] Use of undefined constant catid - assumed 'catid' /var/www/html/bobo2/Home/Runtime/Cache/22da7317198283eab56d8e78bc060a88.php 第 188 行.
NOTIC: [8] Use of undefined constant catid - assumed 'catid' /var/www/html/bobo2/Home/Runtime/Cache/22da7317198283eab56d8e78bc060a88.php 第 188 行.
NOTIC: [8] Use of undefined constant catid - assumed 'catid' /var/www/html/bobo2/Home/Runtime/Cache/22da7317198283eab56d8e78bc060a88.php 第 188 行.
NOTIC: [8] Use of undefined constant catid - assumed 'catid' /var/www/html/bobo2/Home/Runtime/Cache/22da7317198283eab56d8e78bc060a88.php 第 188 行.
NOTIC: [8] Use of undefined constant catid - assumed 'catid' /var/www/html/bobo2/Home/Runtime/Cache/22da7317198283eab56d8e78bc060a88.php 第 191 行.
NOTIC: [8] Use of undefined constant catid - assumed 'catid' /var/www/html/bobo2/Home/Runtime/Cache/22da7317198283eab56d8e78bc060a88.php 第 191 行.
NOTIC: [8] Use of undefined constant catid - assumed 'catid' /var/www/html/bobo2/Home/Runtime/Cache/22da7317198283eab56d8e78bc060a88.php 第 191 行.
NOTIC: [8] Use of undefined constant catid - assumed 'catid' /var/www/html/bobo2/Home/Runtime/Cache/22da7317198283eab56d8e78bc060a88.php 第 191 行.
NOTIC: [8] Use of undefined constant catid - assumed 'catid' /var/www/html/bobo2/Home/Runtime/Cache/22da7317198283eab56d8e78bc060a88.php 第 191 行.
NOTIC: [8] Use of undefined constant catid - assumed 'catid' /var/www/html/bobo2/Home/Runtime/Cache/22da7317198283eab56d8e78bc060a88.php 第 191 行.
NOTIC: [8] Use of undefined constant catid - assumed 'catid' /var/www/html/bobo2/Home/Runtime/Cache/22da7317198283eab56d8e78bc060a88.php 第 191 行.
NOTIC: [8] Use of undefined constant catid - assumed 'catid' /var/www/html/bobo2/Home/Runtime/Cache/22da7317198283eab56d8e78bc060a88.php 第 191 行.
NOTIC: [8] Use of undefined constant picurlpcall - assumed 'picurlpcall' /var/www/html/bobo2/Home/Runtime/Cache/22da7317198283eab56d8e78bc060a88.php 第 263 行.
NOTIC: [8] Use of undefined constant picurlpcall - assumed 'picurlpcall' /var/www/html/bobo2/Home/Runtime/Cache/22da7317198283eab56d8e78bc060a88.php 第 263 行.
NOTIC: [8] Use of undefined constant colorlist - assumed 'colorlist' /var/www/html/bobo2/Home/Runtime/Cache/22da7317198283eab56d8e78bc060a88.php 第 268 行.
NOTIC: [8] Use of undefined constant colorlist - assumed 'colorlist' /var/www/html/bobo2/Home/Runtime/Cache/22da7317198283eab56d8e78bc060a88.php 第 268 行.
NOTIC: [8] Use of undefined constant colorlist - assumed 'colorlist' /var/www/html/bobo2/Home/Runtime/Cache/22da7317198283eab56d8e78bc060a88.php 第 275 行.
NOTIC: [8] Use of undefined constant name - assumed 'name' /var/www/html/bobo2/Home/Runtime/Cache/22da7317198283eab56d8e78bc060a88.php 第 275 行.
NOTIC: [8] A session had already been started - ignoring session_start() /var/www/html/bobo2/Home/Runtime/Cache/22da7317198283eab56d8e78bc060a88.php 第 277 行.
NOTIC: [8] Undefined index: bobo_pc_user_id /var/www/html/bobo2/Home/Runtime/Cache/22da7317198283eab56d8e78bc060a88.php 第 277 行.
NOTIC: [8] Use of undefined constant catid - assumed 'catid' /var/www/html/bobo2/Home/Runtime/Cache/22da7317198283eab56d8e78bc060a88.php 第 319 行.
NOTIC: [8] Use of undefined constant id - assumed 'id' /var/www/html/bobo2/Home/Runtime/Cache/22da7317198283eab56d8e78bc060a88.php 第 319 行.
NOTIC: [8] Use of undefined constant colorlist - assumed 'colorlist' /var/www/html/bobo2/Home/Runtime/Cache/22da7317198283eab56d8e78bc060a88.php 第 323 行.
NOTIC: [8] Use of undefined constant colorlist - assumed 'colorlist' /var/www/html/bobo2/Home/Runtime/Cache/22da7317198283eab56d8e78bc060a88.php 第 323 行.
NOTIC: [8] Use of undefined constant catid - assumed 'catid' /var/www/html/bobo2/Home/Runtime/Cache/22da7317198283eab56d8e78bc060a88.php 第 326 行.
NOTIC: [8] Use of undefined constant id - assumed 'id' /var/www/html/bobo2/Home/Runtime/Cache/22da7317198283eab56d8e78bc060a88.php 第 326 行.
NOTIC: [8] A session had already been started - ignoring session_start() /var/www/html/bobo2/Home/Runtime/Cache/22da7317198283eab56d8e78bc060a88.php 第 331 行.
NOTIC: [8] Undefined index: bobo_pc_user_id /var/www/html/bobo2/Home/Runtime/Cache/22da7317198283eab56d8e78bc060a88.php 第 331 行.
NOTIC: [8] Use of undefined constant catid - assumed 'catid' /var/www/html/bobo2/Home/Runtime/Cache/22da7317198283eab56d8e78bc060a88.php 第 319 行.
NOTIC: [8] Use of undefined constant id - assumed 'id' /var/www/html/bobo2/Home/Runtime/Cache/22da7317198283eab56d8e78bc060a88.php 第 319 行.
NOTIC: [8] Use of undefined constant colorlist - assumed 'colorlist' /var/www/html/bobo2/Home/Runtime/Cache/22da7317198283eab56d8e78bc060a88.php 第 323 行.
NOTIC: [8] Use of undefined constant colorlist - assumed 'colorlist' /var/www/html/bobo2/Home/Runtime/Cache/22da7317198283eab56d8e78bc060a88.php 第 323 行.
NOTIC: [8] Use of undefined constant catid - assumed 'catid' /var/www/html/bobo2/Home/Runtime/Cache/22da7317198283eab56d8e78bc060a88.php 第 326 行.
NOTIC: [8] Use of undefined constant id - assumed 'id' /var/www/html/bobo2/Home/Runtime/Cache/22da7317198283eab56d8e78bc060a88.php 第 326 行.
NOTIC: [8] A session had already been started - ignoring session_start() /var/www/html/bobo2/Home/Runtime/Cache/22da7317198283eab56d8e78bc060a88.php 第 331 行.
NOTIC: [8] Undefined index: bobo_pc_user_id /var/www/html/bobo2/Home/Runtime/Cache/22da7317198283eab56d8e78bc060a88.php 第 331 行.
NOTIC: [8] Use of undefined constant catid - assumed 'catid' /var/www/html/bobo2/Home/Runtime/Cache/22da7317198283eab56d8e78bc060a88.php 第 319 行.
NOTIC: [8] Use of undefined constant id - assumed 'id' /var/www/html/bobo2/Home/Runtime/Cache/22da7317198283eab56d8e78bc060a88.php 第 319 行.
NOTIC: [8] Use of undefined constant colorlist - assumed 'colorlist' /var/www/html/bobo2/Home/Runtime/Cache/22da7317198283eab56d8e78bc060a88.php 第 323 行.
NOTIC: [8] Use of undefined constant colorlist - assumed 'colorlist' /var/www/html/bobo2/Home/Runtime/Cache/22da7317198283eab56d8e78bc060a88.php 第 323 行.
NOTIC: [8] Use of undefined constant catid - assumed 'catid' /var/www/html/bobo2/Home/Runtime/Cache/22da7317198283eab56d8e78bc060a88.php 第 326 行.
NOTIC: [8] Use of undefined constant id - assumed 'id' /var/www/html/bobo2/Home/Runtime/Cache/22da7317198283eab56d8e78bc060a88.php 第 326 行.
NOTIC: [8] A session had already been started - ignoring session_start() /var/www/html/bobo2/Home/Runtime/Cache/22da7317198283eab56d8e78bc060a88.php 第 331 行.
NOTIC: [8] Undefined index: bobo_pc_user_id /var/www/html/bobo2/Home/Runtime/Cache/22da7317198283eab56d8e78bc060a88.php 第 331 行.
NOTIC: [8] Use of undefined constant catid - assumed 'catid' /var/www/html/bobo2/Home/Runtime/Cache/22da7317198283eab56d8e78bc060a88.php 第 319 行.
NOTIC: [8] Use of undefined constant id - assumed 'id' /var/www/html/bobo2/Home/Runtime/Cache/22da7317198283eab56d8e78bc060a88.php 第 319 行.
NOTIC: [8] Use of undefined constant colorlist - assumed 'colorlist' /var/www/html/bobo2/Home/Runtime/Cache/22da7317198283eab56d8e78bc060a88.php 第 323 行.
NOTIC: [8] Use of undefined constant colorlist - assumed 'colorlist' /var/www/html/bobo2/Home/Runtime/Cache/22da7317198283eab56d8e78bc060a88.php 第 323 行.
NOTIC: [8] Use of undefined constant catid - assumed 'catid' /var/www/html/bobo2/Home/Runtime/Cache/22da7317198283eab56d8e78bc060a88.php 第 326 行.
NOTIC: [8] Use of undefined constant id - assumed 'id' /var/www/html/bobo2/Home/Runtime/Cache/22da7317198283eab56d8e78bc060a88.php 第 326 行.
NOTIC: [8] A session had already been started - ignoring session_start() /var/www/html/bobo2/Home/Runtime/Cache/22da7317198283eab56d8e78bc060a88.php 第 331 行.
NOTIC: [8] Undefined index: bobo_pc_user_id /var/www/html/bobo2/Home/Runtime/Cache/22da7317198283eab56d8e78bc060a88.php 第 331 行.
NOTIC: [8] Use of undefined constant catid - assumed 'catid' /var/www/html/bobo2/Home/Runtime/Cache/22da7317198283eab56d8e78bc060a88.php 第 319 行.
NOTIC: [8] Use of undefined constant id - assumed 'id' /var/www/html/bobo2/Home/Runtime/Cache/22da7317198283eab56d8e78bc060a88.php 第 319 行.
NOTIC: [8] Use of undefined constant colorlist - assumed 'colorlist' /var/www/html/bobo2/Home/Runtime/Cache/22da7317198283eab56d8e78bc060a88.php 第 323 行.
NOTIC: [8] Use of undefined constant colorlist - assumed 'colorlist' /var/www/html/bobo2/Home/Runtime/Cache/22da7317198283eab56d8e78bc060a88.php 第 323 行.
NOTIC: [8] Use of undefined constant catid - assumed 'catid' /var/www/html/bobo2/Home/Runtime/Cache/22da7317198283eab56d8e78bc060a88.php 第 326 行.
NOTIC: [8] Use of undefined constant id - assumed 'id' /var/www/html/bobo2/Home/Runtime/Cache/22da7317198283eab56d8e78bc060a88.php 第 326 行.
NOTIC: [8] A session had already been started - ignoring session_start() /var/www/html/bobo2/Home/Runtime/Cache/22da7317198283eab56d8e78bc060a88.php 第 331 行.
NOTIC: [8] Undefined index: bobo_pc_user_id /var/www/html/bobo2/Home/Runtime/Cache/22da7317198283eab56d8e78bc060a88.php 第 331 行.
NOTIC: [8] Use of undefined constant catid - assumed 'catid' /var/www/html/bobo2/Home/Runtime/Cache/22da7317198283eab56d8e78bc060a88.php 第 319 行.
NOTIC: [8] Use of undefined constant id - assumed 'id' /var/www/html/bobo2/Home/Runtime/Cache/22da7317198283eab56d8e78bc060a88.php 第 319 行.
NOTIC: [8] Use of undefined constant colorlist - assumed 'colorlist' /var/www/html/bobo2/Home/Runtime/Cache/22da7317198283eab56d8e78bc060a88.php 第 323 行.
NOTIC: [8] Use of undefined constant colorlist - assumed 'colorlist' /var/www/html/bobo2/Home/Runtime/Cache/22da7317198283eab56d8e78bc060a88.php 第 323 行.
NOTIC: [8] Use of undefined constant catid - assumed 'catid' /var/www/html/bobo2/Home/Runtime/Cache/22da7317198283eab56d8e78bc060a88.php 第 326 行.
NOTIC: [8] Use of undefined constant id - assumed 'id' /var/www/html/bobo2/Home/Runtime/Cache/22da7317198283eab56d8e78bc060a88.php 第 326 行.
NOTIC: [8] A session had already been started - ignoring session_start() /var/www/html/bobo2/Home/Runtime/Cache/22da7317198283eab56d8e78bc060a88.php 第 331 行.
NOTIC: [8] Undefined index: bobo_pc_user_id /var/www/html/bobo2/Home/Runtime/Cache/22da7317198283eab56d8e78bc060a88.php 第 331 行.
INFO: Run ParseTemplate Behavior [ RunTime:0.039895s ]
INFO: [ view_parse ] --END-- [ RunTime:0.039979s ]
INFO: [ view_filter ] --START--
INFO: Run ContentReplace Behavior [ RunTime:0.000590s ]
INFO: Run TokenBuild Behavior [ RunTime:0.000272s ]
INFO: Run WriteHtmlCache Behavior [ RunTime:0.000137s ]
INFO: Run ShowRuntime Behavior [ RunTime:0.000342s ]
INFO: [ view_filter ] --END-- [ RunTime:0.001531s ]
INFO: [ view_end ] --START--
INFO: Run ShowPageTrace Behavior [ RunTime:0.000408s ]
INFO: [ view_end ] --END-- [ RunTime:0.000462s ]

