[ 2016-12-22T14:50:13+08:00 ] 123.125.71.12 /bobo2/
INFO: [ app_begin ] --START--
INFO: Run ReadHtmlCache Behavior [ RunTime:0.000311s ]
INFO: [ app_begin ] --END-- [ RunTime:0.000372s ]
SQL: SHOW COLUMNS FROM `tp_page` [ RunTime:0.000820s ]
SQL: SHOW COLUMNS FROM `tp_index_picture` [ RunTime:0.013704s ]
SQL: SHOW COLUMNS FROM `tp_category` [ RunTime:0.000682s ]
SQL: SHOW COLUMNS FROM `tp_content` [ RunTime:0.001636s ]
SQL: SELECT * FROM `tp_page` WHERE ( `catid` = 29 ) LIMIT 1   [ RunTime:0.000350s ]
SQL: SELECT `id`,`catid`,`title`,`headerpic` FROM `tp_content` WHERE ( catid=23 and (status=2 or status=3) ) ORDER BY conorder desc,id desc LIMIT 8   [ RunTime:0.000858s ]
SQL: SELECT `id`,`catid`,`title`,`headerpic` FROM `tp_content` WHERE ( catid=24 and (status=2 or status=3) ) ORDER BY conorder desc,id desc LIMIT 8   [ RunTime:0.000579s ]
SQL: SELECT `id`,`catid`,`title`,`headerpic` FROM `tp_content` WHERE ( catid=25 and (status=2 or status=3) ) ORDER BY conorder desc,id desc LIMIT 8   [ RunTime:0.000541s ]
SQL: SHOW COLUMNS FROM `tp_site` [ RunTime:0.000763s ]
SQL: SELECT * FROM `tp_site` WHERE ( siteid=1 ) LIMIT 1   [ RunTime:0.000228s ]
SQL: SHOW COLUMNS FROM `tp_product` [ RunTime:0.000872s ]
SQL: SELECT a.xqstatus,a.title,a.picurlpc,a.catid,a.id,b.id as ppid FROM tp_product_price b,tp_product a WHERE ( a.posid=1 and a.status=1 and  a.id=b.pid ) ORDER BY a.listorder desc,id desc LIMIT 8   [ RunTime:0.001060s ]
SQL: SHOW COLUMNS FROM `tp_video` [ RunTime:0.000697s ]
SQL: SELECT `vtitle`,`headerpic`,`catid` FROM `tp_video` WHERE ( catid=26 and (status=2 or status=3) ) ORDER BY listorder desc,vid desc LIMIT 8   [ RunTime:0.000373s ]
SQL: SELECT `vtitle`,`headerpic`,`catid` FROM `tp_video` WHERE ( catid=27 and (status=2 or status=3) ) ORDER BY listorder desc,vid desc LIMIT 8   [ RunTime:0.000367s ]
SQL: SELECT `catid`,`catname`,`caturl` FROM `tp_category` WHERE ( `catid` IN ('14','15','16','17','18','19','20','21') ) ORDER BY listorder desc,catid desc  [ RunTime:0.000308s ]
NOTIC: [8] Undefined variable: category_list /data/wwwroot/html/bobo2/Home/Lib/Action/CommonAction.class.php 第 28 行.
SQL: SELECT `picurl`,`vidurl` FROM `tp_index_picture` WHERE ( siteid=2 and status=1 )  [ RunTime:0.001063s ]
SQL: SELECT `id`,`picurl`,`vidurl`,`picwzurl` FROM `tp_index_picture` WHERE ( `id` IN ('11','12','13','14','15','16','17','18') ) AND ( `siteid` = 2 ) AND ( `status` = 2 )  [ RunTime:0.000295s ]
INFO: [ view_template ] --START--
INFO: Run LocationTemplate Behavior [ RunTime:0.002630s ]
INFO: [ view_template ] --END-- [ RunTime:0.002743s ]
INFO: [ view_parse ] --START--
NOTIC: [8] A session had already been started - ignoring session_start() /data/wwwroot/html/bobo2/Home/Runtime/Cache/7e4848229090366086cc7eeb3bfc0798.php 第 78 行.
NOTIC: [8] Undefined index: bobo_pc_user_id /data/wwwroot/html/bobo2/Home/Runtime/Cache/7e4848229090366086cc7eeb3bfc0798.php 第 78 行.
NOTIC: [8] Undefined index: bobo_pc_user_id /data/wwwroot/html/bobo2/Home/Runtime/Cache/7e4848229090366086cc7eeb3bfc0798.php 第 85 行.
NOTIC: [8] Undefined index: bobo_pc_user_name /data/wwwroot/html/bobo2/Home/Runtime/Cache/7e4848229090366086cc7eeb3bfc0798.php 第 85 行.
NOTIC: [8] Undefined variable: k /data/wwwroot/html/bobo2/Home/Runtime/Cache/7e4848229090366086cc7eeb3bfc0798.php 第 112 行.
NOTIC: [8] Use of undefined constant catid - assumed 'catid' /data/wwwroot/html/bobo2/Home/Runtime/Cache/7e4848229090366086cc7eeb3bfc0798.php 第 115 行.
NOTIC: [8] Use of undefined constant id - assumed 'id' /data/wwwroot/html/bobo2/Home/Runtime/Cache/7e4848229090366086cc7eeb3bfc0798.php 第 115 行.
NOTIC: [8] Use of undefined constant catid - assumed 'catid' /data/wwwroot/html/bobo2/Home/Runtime/Cache/7e4848229090366086cc7eeb3bfc0798.php 第 115 行.
NOTIC: [8] Use of undefined constant id - assumed 'id' /data/wwwroot/html/bobo2/Home/Runtime/Cache/7e4848229090366086cc7eeb3bfc0798.php 第 115 行.
NOTIC: [8] Use of undefined constant catid - assumed 'catid' /data/wwwroot/html/bobo2/Home/Runtime/Cache/7e4848229090366086cc7eeb3bfc0798.php 第 115 行.
NOTIC: [8] Use of undefined constant id - assumed 'id' /data/wwwroot/html/bobo2/Home/Runtime/Cache/7e4848229090366086cc7eeb3bfc0798.php 第 115 行.
NOTIC: [8] Use of undefined constant catid - assumed 'catid' /data/wwwroot/html/bobo2/Home/Runtime/Cache/7e4848229090366086cc7eeb3bfc0798.php 第 115 行.
NOTIC: [8] Use of undefined constant id - assumed 'id' /data/wwwroot/html/bobo2/Home/Runtime/Cache/7e4848229090366086cc7eeb3bfc0798.php 第 115 行.
NOTIC: [8] Use of undefined constant catid - assumed 'catid' /data/wwwroot/html/bobo2/Home/Runtime/Cache/7e4848229090366086cc7eeb3bfc0798.php 第 115 行.
NOTIC: [8] Use of undefined constant id - assumed 'id' /data/wwwroot/html/bobo2/Home/Runtime/Cache/7e4848229090366086cc7eeb3bfc0798.php 第 115 行.
NOTIC: [8] Use of undefined constant catid - assumed 'catid' /data/wwwroot/html/bobo2/Home/Runtime/Cache/7e4848229090366086cc7eeb3bfc0798.php 第 115 行.
NOTIC: [8] Use of undefined constant id - assumed 'id' /data/wwwroot/html/bobo2/Home/Runtime/Cache/7e4848229090366086cc7eeb3bfc0798.php 第 115 行.
NOTIC: [8] Use of undefined constant catid - assumed 'catid' /data/wwwroot/html/bobo2/Home/Runtime/Cache/7e4848229090366086cc7eeb3bfc0798.php 第 115 行.
NOTIC: [8] Use of undefined constant id - assumed 'id' /data/wwwroot/html/bobo2/Home/Runtime/Cache/7e4848229090366086cc7eeb3bfc0798.php 第 115 行.
NOTIC: [8] Use of undefined constant catid - assumed 'catid' /data/wwwroot/html/bobo2/Home/Runtime/Cache/7e4848229090366086cc7eeb3bfc0798.php 第 115 行.
NOTIC: [8] Use of undefined constant id - assumed 'id' /data/wwwroot/html/bobo2/Home/Runtime/Cache/7e4848229090366086cc7eeb3bfc0798.php 第 115 行.
NOTIC: [8] Use of undefined constant catid - assumed 'catid' /data/wwwroot/html/bobo2/Home/Runtime/Cache/7e4848229090366086cc7eeb3bfc0798.php 第 118 行.
NOTIC: [8] Use of undefined constant id - assumed 'id' /data/wwwroot/html/bobo2/Home/Runtime/Cache/7e4848229090366086cc7eeb3bfc0798.php 第 118 行.
NOTIC: [8] Use of undefined constant catid - assumed 'catid' /data/wwwroot/html/bobo2/Home/Runtime/Cache/7e4848229090366086cc7eeb3bfc0798.php 第 118 行.
NOTIC: [8] Use of undefined constant id - assumed 'id' /data/wwwroot/html/bobo2/Home/Runtime/Cache/7e4848229090366086cc7eeb3bfc0798.php 第 118 行.
NOTIC: [8] Use of undefined constant catid - assumed 'catid' /data/wwwroot/html/bobo2/Home/Runtime/Cache/7e4848229090366086cc7eeb3bfc0798.php 第 118 行.
NOTIC: [8] Use of undefined constant id - assumed 'id' /data/wwwroot/html/bobo2/Home/Runtime/Cache/7e4848229090366086cc7eeb3bfc0798.php 第 118 行.
NOTIC: [8] Use of undefined constant catid - assumed 'catid' /data/wwwroot/html/bobo2/Home/Runtime/Cache/7e4848229090366086cc7eeb3bfc0798.php 第 118 行.
NOTIC: [8] Use of undefined constant id - assumed 'id' /data/wwwroot/html/bobo2/Home/Runtime/Cache/7e4848229090366086cc7eeb3bfc0798.php 第 118 行.
NOTIC: [8] Use of undefined constant catid - assumed 'catid' /data/wwwroot/html/bobo2/Home/Runtime/Cache/7e4848229090366086cc7eeb3bfc0798.php 第 121 行.
NOTIC: [8] Use of undefined constant id - assumed 'id' /data/wwwroot/html/bobo2/Home/Runtime/Cache/7e4848229090366086cc7eeb3bfc0798.php 第 121 行.
NOTIC: [8] Use of undefined constant catid - assumed 'catid' /data/wwwroot/html/bobo2/Home/Runtime/Cache/7e4848229090366086cc7eeb3bfc0798.php 第 121 行.
NOTIC: [8] Use of undefined constant id - assumed 'id' /data/wwwroot/html/bobo2/Home/Runtime/Cache/7e4848229090366086cc7eeb3bfc0798.php 第 121 行.
NOTIC: [8] Use of undefined constant catid - assumed 'catid' /data/wwwroot/html/bobo2/Home/Runtime/Cache/7e4848229090366086cc7eeb3bfc0798.php 第 146 行.
NOTIC: [8] Use of undefined constant id - assumed 'id' /data/wwwroot/html/bobo2/Home/Runtime/Cache/7e4848229090366086cc7eeb3bfc0798.php 第 146 行.
NOTIC: [8] Use of undefined constant ppid - assumed 'ppid' /data/wwwroot/html/bobo2/Home/Runtime/Cache/7e4848229090366086cc7eeb3bfc0798.php 第 146 行.
NOTIC: [8] Use of undefined constant catid - assumed 'catid' /data/wwwroot/html/bobo2/Home/Runtime/Cache/7e4848229090366086cc7eeb3bfc0798.php 第 146 行.
NOTIC: [8] Use of undefined constant id - assumed 'id' /data/wwwroot/html/bobo2/Home/Runtime/Cache/7e4848229090366086cc7eeb3bfc0798.php 第 146 行.
NOTIC: [8] Use of undefined constant ppid - assumed 'ppid' /data/wwwroot/html/bobo2/Home/Runtime/Cache/7e4848229090366086cc7eeb3bfc0798.php 第 146 行.
NOTIC: [8] Use of undefined constant catid - assumed 'catid' /data/wwwroot/html/bobo2/Home/Runtime/Cache/7e4848229090366086cc7eeb3bfc0798.php 第 146 行.
NOTIC: [8] Use of undefined constant id - assumed 'id' /data/wwwroot/html/bobo2/Home/Runtime/Cache/7e4848229090366086cc7eeb3bfc0798.php 第 146 行.
NOTIC: [8] Use of undefined constant ppid - assumed 'ppid' /data/wwwroot/html/bobo2/Home/Runtime/Cache/7e4848229090366086cc7eeb3bfc0798.php 第 146 行.
NOTIC: [8] Use of undefined constant catid - assumed 'catid' /data/wwwroot/html/bobo2/Home/Runtime/Cache/7e4848229090366086cc7eeb3bfc0798.php 第 146 行.
NOTIC: [8] Use of undefined constant id - assumed 'id' /data/wwwroot/html/bobo2/Home/Runtime/Cache/7e4848229090366086cc7eeb3bfc0798.php 第 146 行.
NOTIC: [8] Use of undefined constant ppid - assumed 'ppid' /data/wwwroot/html/bobo2/Home/Runtime/Cache/7e4848229090366086cc7eeb3bfc0798.php 第 146 行.
NOTIC: [8] Use of undefined constant catid - assumed 'catid' /data/wwwroot/html/bobo2/Home/Runtime/Cache/7e4848229090366086cc7eeb3bfc0798.php 第 146 行.
NOTIC: [8] Use of undefined constant id - assumed 'id' /data/wwwroot/html/bobo2/Home/Runtime/Cache/7e4848229090366086cc7eeb3bfc0798.php 第 146 行.
NOTIC: [8] Use of undefined constant ppid - assumed 'ppid' /data/wwwroot/html/bobo2/Home/Runtime/Cache/7e4848229090366086cc7eeb3bfc0798.php 第 146 行.
NOTIC: [8] Use of undefined constant catid - assumed 'catid' /data/wwwroot/html/bobo2/Home/Runtime/Cache/7e4848229090366086cc7eeb3bfc0798.php 第 146 行.
NOTIC: [8] Use of undefined constant id - assumed 'id' /data/wwwroot/html/bobo2/Home/Runtime/Cache/7e4848229090366086cc7eeb3bfc0798.php 第 146 行.
NOTIC: [8] Use of undefined constant ppid - assumed 'ppid' /data/wwwroot/html/bobo2/Home/Runtime/Cache/7e4848229090366086cc7eeb3bfc0798.php 第 146 行.
NOTIC: [8] Use of undefined constant catid - assumed 'catid' /data/wwwroot/html/bobo2/Home/Runtime/Cache/7e4848229090366086cc7eeb3bfc0798.php 第 146 行.
NOTIC: [8] Use of undefined constant id - assumed 'id' /data/wwwroot/html/bobo2/Home/Runtime/Cache/7e4848229090366086cc7eeb3bfc0798.php 第 146 行.
NOTIC: [8] Use of undefined constant ppid - assumed 'ppid' /data/wwwroot/html/bobo2/Home/Runtime/Cache/7e4848229090366086cc7eeb3bfc0798.php 第 146 行.
NOTIC: [8] Use of undefined constant catid - assumed 'catid' /data/wwwroot/html/bobo2/Home/Runtime/Cache/7e4848229090366086cc7eeb3bfc0798.php 第 146 行.
NOTIC: [8] Use of undefined constant id - assumed 'id' /data/wwwroot/html/bobo2/Home/Runtime/Cache/7e4848229090366086cc7eeb3bfc0798.php 第 146 行.
NOTIC: [8] Use of undefined constant ppid - assumed 'ppid' /data/wwwroot/html/bobo2/Home/Runtime/Cache/7e4848229090366086cc7eeb3bfc0798.php 第 146 行.
NOTIC: [8] Use of undefined constant catid - assumed 'catid' /data/wwwroot/html/bobo2/Home/Runtime/Cache/7e4848229090366086cc7eeb3bfc0798.php 第 150 行.
NOTIC: [8] Use of undefined constant catid - assumed 'catid' /data/wwwroot/html/bobo2/Home/Runtime/Cache/7e4848229090366086cc7eeb3bfc0798.php 第 150 行.
NOTIC: [8] Use of undefined constant catid - assumed 'catid' /data/wwwroot/html/bobo2/Home/Runtime/Cache/7e4848229090366086cc7eeb3bfc0798.php 第 150 行.
NOTIC: [8] Use of undefined constant catid - assumed 'catid' /data/wwwroot/html/bobo2/Home/Runtime/Cache/7e4848229090366086cc7eeb3bfc0798.php 第 150 行.
NOTIC: [8] Use of undefined constant catid - assumed 'catid' /data/wwwroot/html/bobo2/Home/Runtime/Cache/7e4848229090366086cc7eeb3bfc0798.php 第 150 行.
NOTIC: [8] Use of undefined constant catid - assumed 'catid' /data/wwwroot/html/bobo2/Home/Runtime/Cache/7e4848229090366086cc7eeb3bfc0798.php 第 150 行.
NOTIC: [8] Use of undefined constant catid - assumed 'catid' /data/wwwroot/html/bobo2/Home/Runtime/Cache/7e4848229090366086cc7eeb3bfc0798.php 第 150 行.
NOTIC: [8] Use of undefined constant catid - assumed 'catid' /data/wwwroot/html/bobo2/Home/Runtime/Cache/7e4848229090366086cc7eeb3bfc0798.php 第 150 行.
NOTIC: [8] Use of undefined constant catid - assumed 'catid' /data/wwwroot/html/bobo2/Home/Runtime/Cache/7e4848229090366086cc7eeb3bfc0798.php 第 154 行.
NOTIC: [8] Use of undefined constant catid - assumed 'catid' /data/wwwroot/html/bobo2/Home/Runtime/Cache/7e4848229090366086cc7eeb3bfc0798.php 第 154 行.
NOTIC: [8] Use of undefined constant catid - assumed 'catid' /data/wwwroot/html/bobo2/Home/Runtime/Cache/7e4848229090366086cc7eeb3bfc0798.php 第 154 行.
NOTIC: [8] Use of undefined constant catid - assumed 'catid' /data/wwwroot/html/bobo2/Home/Runtime/Cache/7e4848229090366086cc7eeb3bfc0798.php 第 154 行.
NOTIC: [8] Use of undefined constant catid - assumed 'catid' /data/wwwroot/html/bobo2/Home/Runtime/Cache/7e4848229090366086cc7eeb3bfc0798.php 第 154 行.
NOTIC: [8] Use of undefined constant catid - assumed 'catid' /data/wwwroot/html/bobo2/Home/Runtime/Cache/7e4848229090366086cc7eeb3bfc0798.php 第 154 行.
NOTIC: [8] Use of undefined constant catid - assumed 'catid' /data/wwwroot/html/bobo2/Home/Runtime/Cache/7e4848229090366086cc7eeb3bfc0798.php 第 154 行.
NOTIC: [8] Use of undefined constant catid - assumed 'catid' /data/wwwroot/html/bobo2/Home/Runtime/Cache/7e4848229090366086cc7eeb3bfc0798.php 第 157 行.
NOTIC: [8] Use of undefined constant catid - assumed 'catid' /data/wwwroot/html/bobo2/Home/Runtime/Cache/7e4848229090366086cc7eeb3bfc0798.php 第 157 行.
NOTIC: [8] Use of undefined constant catid - assumed 'catid' /data/wwwroot/html/bobo2/Home/Runtime/Cache/7e4848229090366086cc7eeb3bfc0798.php 第 157 行.
NOTIC: [8] Use of undefined constant catid - assumed 'catid' /data/wwwroot/html/bobo2/Home/Runtime/Cache/7e4848229090366086cc7eeb3bfc0798.php 第 157 行.
NOTIC: [8] Use of undefined constant catid - assumed 'catid' /data/wwwroot/html/bobo2/Home/Runtime/Cache/7e4848229090366086cc7eeb3bfc0798.php 第 157 行.
NOTIC: [8] Use of undefined constant catid - assumed 'catid' /data/wwwroot/html/bobo2/Home/Runtime/Cache/7e4848229090366086cc7eeb3bfc0798.php 第 157 行.
NOTIC: [8] Use of undefined constant catid - assumed 'catid' /data/wwwroot/html/bobo2/Home/Runtime/Cache/7e4848229090366086cc7eeb3bfc0798.php 第 157 行.
NOTIC: [8] Use of undefined constant catid - assumed 'catid' /data/wwwroot/html/bobo2/Home/Runtime/Cache/7e4848229090366086cc7eeb3bfc0798.php 第 157 行.
NOTIC: [8] Use of undefined constant catid - assumed 'catid' /data/wwwroot/html/bobo2/Home/Runtime/Cache/7e4848229090366086cc7eeb3bfc0798.php 第 180 行.
NOTIC: [8] Use of undefined constant id - assumed 'id' /data/wwwroot/html/bobo2/Home/Runtime/Cache/7e4848229090366086cc7eeb3bfc0798.php 第 180 行.
NOTIC: [8] Use of undefined constant ppid - assumed 'ppid' /data/wwwroot/html/bobo2/Home/Runtime/Cache/7e4848229090366086cc7eeb3bfc0798.php 第 180 行.
NOTIC: [8] Use of undefined constant catid - assumed 'catid' /data/wwwroot/html/bobo2/Home/Runtime/Cache/7e4848229090366086cc7eeb3bfc0798.php 第 180 行.
NOTIC: [8] Use of undefined constant id - assumed 'id' /data/wwwroot/html/bobo2/Home/Runtime/Cache/7e4848229090366086cc7eeb3bfc0798.php 第 180 行.
NOTIC: [8] Use of undefined constant ppid - assumed 'ppid' /data/wwwroot/html/bobo2/Home/Runtime/Cache/7e4848229090366086cc7eeb3bfc0798.php 第 180 行.
NOTIC: [8] Use of undefined constant catid - assumed 'catid' /data/wwwroot/html/bobo2/Home/Runtime/Cache/7e4848229090366086cc7eeb3bfc0798.php 第 180 行.
NOTIC: [8] Use of undefined constant id - assumed 'id' /data/wwwroot/html/bobo2/Home/Runtime/Cache/7e4848229090366086cc7eeb3bfc0798.php 第 180 行.
NOTIC: [8] Use of undefined constant ppid - assumed 'ppid' /data/wwwroot/html/bobo2/Home/Runtime/Cache/7e4848229090366086cc7eeb3bfc0798.php 第 180 行.
NOTIC: [8] Use of undefined constant catid - assumed 'catid' /data/wwwroot/html/bobo2/Home/Runtime/Cache/7e4848229090366086cc7eeb3bfc0798.php 第 180 行.
NOTIC: [8] Use of undefined constant id - assumed 'id' /data/wwwroot/html/bobo2/Home/Runtime/Cache/7e4848229090366086cc7eeb3bfc0798.php 第 180 行.
NOTIC: [8] Use of undefined constant ppid - assumed 'ppid' /data/wwwroot/html/bobo2/Home/Runtime/Cache/7e4848229090366086cc7eeb3bfc0798.php 第 180 行.
NOTIC: [8] Use of undefined constant catid - assumed 'catid' /data/wwwroot/html/bobo2/Home/Runtime/Cache/7e4848229090366086cc7eeb3bfc0798.php 第 180 行.
NOTIC: [8] Use of undefined constant id - assumed 'id' /data/wwwroot/html/bobo2/Home/Runtime/Cache/7e4848229090366086cc7eeb3bfc0798.php 第 180 行.
NOTIC: [8] Use of undefined constant ppid - assumed 'ppid' /data/wwwroot/html/bobo2/Home/Runtime/Cache/7e4848229090366086cc7eeb3bfc0798.php 第 180 行.
NOTIC: [8] Use of undefined constant catid - assumed 'catid' /data/wwwroot/html/bobo2/Home/Runtime/Cache/7e4848229090366086cc7eeb3bfc0798.php 第 180 行.
NOTIC: [8] Use of undefined constant id - assumed 'id' /data/wwwroot/html/bobo2/Home/Runtime/Cache/7e4848229090366086cc7eeb3bfc0798.php 第 180 行.
NOTIC: [8] Use of undefined constant ppid - assumed 'ppid' /data/wwwroot/html/bobo2/Home/Runtime/Cache/7e4848229090366086cc7eeb3bfc0798.php 第 180 行.
NOTIC: [8] Use of undefined constant catid - assumed 'catid' /data/wwwroot/html/bobo2/Home/Runtime/Cache/7e4848229090366086cc7eeb3bfc0798.php 第 180 行.
NOTIC: [8] Use of undefined constant id - assumed 'id' /data/wwwroot/html/bobo2/Home/Runtime/Cache/7e4848229090366086cc7eeb3bfc0798.php 第 180 行.
NOTIC: [8] Use of undefined constant ppid - assumed 'ppid' /data/wwwroot/html/bobo2/Home/Runtime/Cache/7e4848229090366086cc7eeb3bfc0798.php 第 180 行.
NOTIC: [8] Use of undefined constant catid - assumed 'catid' /data/wwwroot/html/bobo2/Home/Runtime/Cache/7e4848229090366086cc7eeb3bfc0798.php 第 180 行.
NOTIC: [8] Use of undefined constant id - assumed 'id' /data/wwwroot/html/bobo2/Home/Runtime/Cache/7e4848229090366086cc7eeb3bfc0798.php 第 180 行.
NOTIC: [8] Use of undefined constant ppid - assumed 'ppid' /data/wwwroot/html/bobo2/Home/Runtime/Cache/7e4848229090366086cc7eeb3bfc0798.php 第 180 行.
NOTIC: [8] Use of undefined constant catid - assumed 'catid' /data/wwwroot/html/bobo2/Home/Runtime/Cache/7e4848229090366086cc7eeb3bfc0798.php 第 184 行.
NOTIC: [8] Use of undefined constant catid - assumed 'catid' /data/wwwroot/html/bobo2/Home/Runtime/Cache/7e4848229090366086cc7eeb3bfc0798.php 第 184 行.
NOTIC: [8] Use of undefined constant catid - assumed 'catid' /data/wwwroot/html/bobo2/Home/Runtime/Cache/7e4848229090366086cc7eeb3bfc0798.php 第 184 行.
NOTIC: [8] Use of undefined constant catid - assumed 'catid' /data/wwwroot/html/bobo2/Home/Runtime/Cache/7e4848229090366086cc7eeb3bfc0798.php 第 184 行.
NOTIC: [8] Use of undefined constant catid - assumed 'catid' /data/wwwroot/html/bobo2/Home/Runtime/Cache/7e4848229090366086cc7eeb3bfc0798.php 第 184 行.
NOTIC: [8] Use of undefined constant catid - assumed 'catid' /data/wwwroot/html/bobo2/Home/Runtime/Cache/7e4848229090366086cc7eeb3bfc0798.php 第 184 行.
NOTIC: [8] Use of undefined constant catid - assumed 'catid' /data/wwwroot/html/bobo2/Home/Runtime/Cache/7e4848229090366086cc7eeb3bfc0798.php 第 184 行.
NOTIC: [8] Use of undefined constant catid - assumed 'catid' /data/wwwroot/html/bobo2/Home/Runtime/Cache/7e4848229090366086cc7eeb3bfc0798.php 第 184 行.
NOTIC: [8] Use of undefined constant catid - assumed 'catid' /data/wwwroot/html/bobo2/Home/Runtime/Cache/7e4848229090366086cc7eeb3bfc0798.php 第 188 行.
NOTIC: [8] Use of undefined constant catid - assumed 'catid' /data/wwwroot/html/bobo2/Home/Runtime/Cache/7e4848229090366086cc7eeb3bfc0798.php 第 188 行.
NOTIC: [8] Use of undefined constant catid - assumed 'catid' /data/wwwroot/html/bobo2/Home/Runtime/Cache/7e4848229090366086cc7eeb3bfc0798.php 第 188 行.
NOTIC: [8] Use of undefined constant catid - assumed 'catid' /data/wwwroot/html/bobo2/Home/Runtime/Cache/7e4848229090366086cc7eeb3bfc0798.php 第 188 行.
NOTIC: [8] Use of undefined constant catid - assumed 'catid' /data/wwwroot/html/bobo2/Home/Runtime/Cache/7e4848229090366086cc7eeb3bfc0798.php 第 188 行.
NOTIC: [8] Use of undefined constant catid - assumed 'catid' /data/wwwroot/html/bobo2/Home/Runtime/Cache/7e4848229090366086cc7eeb3bfc0798.php 第 188 行.
NOTIC: [8] Use of undefined constant catid - assumed 'catid' /data/wwwroot/html/bobo2/Home/Runtime/Cache/7e4848229090366086cc7eeb3bfc0798.php 第 188 行.
NOTIC: [8] Use of undefined constant catid - assumed 'catid' /data/wwwroot/html/bobo2/Home/Runtime/Cache/7e4848229090366086cc7eeb3bfc0798.php 第 191 行.
NOTIC: [8] Use of undefined constant catid - assumed 'catid' /data/wwwroot/html/bobo2/Home/Runtime/Cache/7e4848229090366086cc7eeb3bfc0798.php 第 191 行.
NOTIC: [8] Use of undefined constant catid - assumed 'catid' /data/wwwroot/html/bobo2/Home/Runtime/Cache/7e4848229090366086cc7eeb3bfc0798.php 第 191 行.
NOTIC: [8] Use of undefined constant catid - assumed 'catid' /data/wwwroot/html/bobo2/Home/Runtime/Cache/7e4848229090366086cc7eeb3bfc0798.php 第 191 行.
NOTIC: [8] Use of undefined constant catid - assumed 'catid' /data/wwwroot/html/bobo2/Home/Runtime/Cache/7e4848229090366086cc7eeb3bfc0798.php 第 191 行.
NOTIC: [8] Use of undefined constant catid - assumed 'catid' /data/wwwroot/html/bobo2/Home/Runtime/Cache/7e4848229090366086cc7eeb3bfc0798.php 第 191 行.
NOTIC: [8] Use of undefined constant catid - assumed 'catid' /data/wwwroot/html/bobo2/Home/Runtime/Cache/7e4848229090366086cc7eeb3bfc0798.php 第 191 行.
NOTIC: [8] Use of undefined constant catid - assumed 'catid' /data/wwwroot/html/bobo2/Home/Runtime/Cache/7e4848229090366086cc7eeb3bfc0798.php 第 191 行.
NOTIC: [8] Use of undefined constant id - assumed 'id' /data/wwwroot/html/bobo2/Home/Runtime/Cache/7e4848229090366086cc7eeb3bfc0798.php 第 273 行.
NOTIC: [8] Use of undefined constant id - assumed 'id' /data/wwwroot/html/bobo2/Home/Runtime/Cache/7e4848229090366086cc7eeb3bfc0798.php 第 273 行.
NOTIC: [8] Use of undefined constant id - assumed 'id' /data/wwwroot/html/bobo2/Home/Runtime/Cache/7e4848229090366086cc7eeb3bfc0798.php 第 273 行.
NOTIC: [8] Use of undefined constant id - assumed 'id' /data/wwwroot/html/bobo2/Home/Runtime/Cache/7e4848229090366086cc7eeb3bfc0798.php 第 273 行.
NOTIC: [8] Use of undefined constant id - assumed 'id' /data/wwwroot/html/bobo2/Home/Runtime/Cache/7e4848229090366086cc7eeb3bfc0798.php 第 273 行.
NOTIC: [8] Use of undefined constant id - assumed 'id' /data/wwwroot/html/bobo2/Home/Runtime/Cache/7e4848229090366086cc7eeb3bfc0798.php 第 273 行.
NOTIC: [8] Use of undefined constant id - assumed 'id' /data/wwwroot/html/bobo2/Home/Runtime/Cache/7e4848229090366086cc7eeb3bfc0798.php 第 273 行.
NOTIC: [8] Use of undefined constant id - assumed 'id' /data/wwwroot/html/bobo2/Home/Runtime/Cache/7e4848229090366086cc7eeb3bfc0798.php 第 273 行.
NOTIC: [8] Use of undefined constant id - assumed 'id' /data/wwwroot/html/bobo2/Home/Runtime/Cache/7e4848229090366086cc7eeb3bfc0798.php 第 277 行.
NOTIC: [8] Use of undefined constant id - assumed 'id' /data/wwwroot/html/bobo2/Home/Runtime/Cache/7e4848229090366086cc7eeb3bfc0798.php 第 277 行.
NOTIC: [8] Use of undefined constant id - assumed 'id' /data/wwwroot/html/bobo2/Home/Runtime/Cache/7e4848229090366086cc7eeb3bfc0798.php 第 277 行.
NOTIC: [8] Use of undefined constant id - assumed 'id' /data/wwwroot/html/bobo2/Home/Runtime/Cache/7e4848229090366086cc7eeb3bfc0798.php 第 277 行.
NOTIC: [8] Use of undefined constant id - assumed 'id' /data/wwwroot/html/bobo2/Home/Runtime/Cache/7e4848229090366086cc7eeb3bfc0798.php 第 277 行.
NOTIC: [8] Use of undefined constant id - assumed 'id' /data/wwwroot/html/bobo2/Home/Runtime/Cache/7e4848229090366086cc7eeb3bfc0798.php 第 277 行.
NOTIC: [8] Use of undefined constant id - assumed 'id' /data/wwwroot/html/bobo2/Home/Runtime/Cache/7e4848229090366086cc7eeb3bfc0798.php 第 277 行.
NOTIC: [8] Use of undefined constant id - assumed 'id' /data/wwwroot/html/bobo2/Home/Runtime/Cache/7e4848229090366086cc7eeb3bfc0798.php 第 277 行.
NOTIC: [8] Use of undefined constant id - assumed 'id' /data/wwwroot/html/bobo2/Home/Runtime/Cache/7e4848229090366086cc7eeb3bfc0798.php 第 282 行.
NOTIC: [8] Use of undefined constant id - assumed 'id' /data/wwwroot/html/bobo2/Home/Runtime/Cache/7e4848229090366086cc7eeb3bfc0798.php 第 282 行.
NOTIC: [8] Use of undefined constant id - assumed 'id' /data/wwwroot/html/bobo2/Home/Runtime/Cache/7e4848229090366086cc7eeb3bfc0798.php 第 282 行.
NOTIC: [8] Use of undefined constant id - assumed 'id' /data/wwwroot/html/bobo2/Home/Runtime/Cache/7e4848229090366086cc7eeb3bfc0798.php 第 282 行.
NOTIC: [8] Use of undefined constant id - assumed 'id' /data/wwwroot/html/bobo2/Home/Runtime/Cache/7e4848229090366086cc7eeb3bfc0798.php 第 282 行.
NOTIC: [8] Use of undefined constant id - assumed 'id' /data/wwwroot/html/bobo2/Home/Runtime/Cache/7e4848229090366086cc7eeb3bfc0798.php 第 282 行.
NOTIC: [8] Use of undefined constant id - assumed 'id' /data/wwwroot/html/bobo2/Home/Runtime/Cache/7e4848229090366086cc7eeb3bfc0798.php 第 282 行.
NOTIC: [8] Use of undefined constant id - assumed 'id' /data/wwwroot/html/bobo2/Home/Runtime/Cache/7e4848229090366086cc7eeb3bfc0798.php 第 282 行.
NOTIC: [8] Use of undefined constant id - assumed 'id' /data/wwwroot/html/bobo2/Home/Runtime/Cache/7e4848229090366086cc7eeb3bfc0798.php 第 286 行.
NOTIC: [8] Use of undefined constant id - assumed 'id' /data/wwwroot/html/bobo2/Home/Runtime/Cache/7e4848229090366086cc7eeb3bfc0798.php 第 286 行.
NOTIC: [8] Use of undefined constant id - assumed 'id' /data/wwwroot/html/bobo2/Home/Runtime/Cache/7e4848229090366086cc7eeb3bfc0798.php 第 286 行.
NOTIC: [8] Use of undefined constant id - assumed 'id' /data/wwwroot/html/bobo2/Home/Runtime/Cache/7e4848229090366086cc7eeb3bfc0798.php 第 286 行.
NOTIC: [8] Use of undefined constant id - assumed 'id' /data/wwwroot/html/bobo2/Home/Runtime/Cache/7e4848229090366086cc7eeb3bfc0798.php 第 286 行.
NOTIC: [8] Use of undefined constant id - assumed 'id' /data/wwwroot/html/bobo2/Home/Runtime/Cache/7e4848229090366086cc7eeb3bfc0798.php 第 286 行.
NOTIC: [8] Use of undefined constant id - assumed 'id' /data/wwwroot/html/bobo2/Home/Runtime/Cache/7e4848229090366086cc7eeb3bfc0798.php 第 286 行.
NOTIC: [8] Use of undefined constant id - assumed 'id' /data/wwwroot/html/bobo2/Home/Runtime/Cache/7e4848229090366086cc7eeb3bfc0798.php 第 286 行.
NOTIC: [8] Use of undefined constant id - assumed 'id' /data/wwwroot/html/bobo2/Home/Runtime/Cache/7e4848229090366086cc7eeb3bfc0798.php 第 291 行.
NOTIC: [8] Use of undefined constant id - assumed 'id' /data/wwwroot/html/bobo2/Home/Runtime/Cache/7e4848229090366086cc7eeb3bfc0798.php 第 291 行.
NOTIC: [8] Use of undefined constant id - assumed 'id' /data/wwwroot/html/bobo2/Home/Runtime/Cache/7e4848229090366086cc7eeb3bfc0798.php 第 291 行.
NOTIC: [8] Use of undefined constant id - assumed 'id' /data/wwwroot/html/bobo2/Home/Runtime/Cache/7e4848229090366086cc7eeb3bfc0798.php 第 291 行.
NOTIC: [8] Use of undefined constant id - assumed 'id' /data/wwwroot/html/bobo2/Home/Runtime/Cache/7e4848229090366086cc7eeb3bfc0798.php 第 291 行.
NOTIC: [8] Use of undefined constant id - assumed 'id' /data/wwwroot/html/bobo2/Home/Runtime/Cache/7e4848229090366086cc7eeb3bfc0798.php 第 291 行.
NOTIC: [8] Use of undefined constant id - assumed 'id' /data/wwwroot/html/bobo2/Home/Runtime/Cache/7e4848229090366086cc7eeb3bfc0798.php 第 291 行.
NOTIC: [8] Use of undefined constant id - assumed 'id' /data/wwwroot/html/bobo2/Home/Runtime/Cache/7e4848229090366086cc7eeb3bfc0798.php 第 291 行.
NOTIC: [8] Use of undefined constant id - assumed 'id' /data/wwwroot/html/bobo2/Home/Runtime/Cache/7e4848229090366086cc7eeb3bfc0798.php 第 295 行.
NOTIC: [8] Use of undefined constant id - assumed 'id' /data/wwwroot/html/bobo2/Home/Runtime/Cache/7e4848229090366086cc7eeb3bfc0798.php 第 295 行.
NOTIC: [8] Use of undefined constant id - assumed 'id' /data/wwwroot/html/bobo2/Home/Runtime/Cache/7e4848229090366086cc7eeb3bfc0798.php 第 295 行.
NOTIC: [8] Use of undefined constant id - assumed 'id' /data/wwwroot/html/bobo2/Home/Runtime/Cache/7e4848229090366086cc7eeb3bfc0798.php 第 295 行.
NOTIC: [8] Use of undefined constant id - assumed 'id' /data/wwwroot/html/bobo2/Home/Runtime/Cache/7e4848229090366086cc7eeb3bfc0798.php 第 295 行.
NOTIC: [8] Use of undefined constant id - assumed 'id' /data/wwwroot/html/bobo2/Home/Runtime/Cache/7e4848229090366086cc7eeb3bfc0798.php 第 295 行.
NOTIC: [8] Use of undefined constant id - assumed 'id' /data/wwwroot/html/bobo2/Home/Runtime/Cache/7e4848229090366086cc7eeb3bfc0798.php 第 295 行.
NOTIC: [8] Use of undefined constant id - assumed 'id' /data/wwwroot/html/bobo2/Home/Runtime/Cache/7e4848229090366086cc7eeb3bfc0798.php 第 295 行.
NOTIC: [8] Use of undefined constant id - assumed 'id' /data/wwwroot/html/bobo2/Home/Runtime/Cache/7e4848229090366086cc7eeb3bfc0798.php 第 300 行.
NOTIC: [8] Use of undefined constant id - assumed 'id' /data/wwwroot/html/bobo2/Home/Runtime/Cache/7e4848229090366086cc7eeb3bfc0798.php 第 300 行.
NOTIC: [8] Use of undefined constant id - assumed 'id' /data/wwwroot/html/bobo2/Home/Runtime/Cache/7e4848229090366086cc7eeb3bfc0798.php 第 300 行.
NOTIC: [8] Use of undefined constant id - assumed 'id' /data/wwwroot/html/bobo2/Home/Runtime/Cache/7e4848229090366086cc7eeb3bfc0798.php 第 300 行.
NOTIC: [8] Use of undefined constant id - assumed 'id' /data/wwwroot/html/bobo2/Home/Runtime/Cache/7e4848229090366086cc7eeb3bfc0798.php 第 300 行.
NOTIC: [8] Use of undefined constant id - assumed 'id' /data/wwwroot/html/bobo2/Home/Runtime/Cache/7e4848229090366086cc7eeb3bfc0798.php 第 300 行.
NOTIC: [8] Use of undefined constant id - assumed 'id' /data/wwwroot/html/bobo2/Home/Runtime/Cache/7e4848229090366086cc7eeb3bfc0798.php 第 300 行.
NOTIC: [8] Use of undefined constant id - assumed 'id' /data/wwwroot/html/bobo2/Home/Runtime/Cache/7e4848229090366086cc7eeb3bfc0798.php 第 300 行.
NOTIC: [8] Use of undefined constant id - assumed 'id' /data/wwwroot/html/bobo2/Home/Runtime/Cache/7e4848229090366086cc7eeb3bfc0798.php 第 304 行.
NOTIC: [8] Use of undefined constant id - assumed 'id' /data/wwwroot/html/bobo2/Home/Runtime/Cache/7e4848229090366086cc7eeb3bfc0798.php 第 304 行.
NOTIC: [8] Use of undefined constant id - assumed 'id' /data/wwwroot/html/bobo2/Home/Runtime/Cache/7e4848229090366086cc7eeb3bfc0798.php 第 304 行.
NOTIC: [8] Use of undefined constant id - assumed 'id' /data/wwwroot/html/bobo2/Home/Runtime/Cache/7e4848229090366086cc7eeb3bfc0798.php 第 304 行.
NOTIC: [8] Use of undefined constant id - assumed 'id' /data/wwwroot/html/bobo2/Home/Runtime/Cache/7e4848229090366086cc7eeb3bfc0798.php 第 304 行.
NOTIC: [8] Use of undefined constant id - assumed 'id' /data/wwwroot/html/bobo2/Home/Runtime/Cache/7e4848229090366086cc7eeb3bfc0798.php 第 304 行.
NOTIC: [8] Use of undefined constant id - assumed 'id' /data/wwwroot/html/bobo2/Home/Runtime/Cache/7e4848229090366086cc7eeb3bfc0798.php 第 304 行.
NOTIC: [8] Use of undefined constant id - assumed 'id' /data/wwwroot/html/bobo2/Home/Runtime/Cache/7e4848229090366086cc7eeb3bfc0798.php 第 304 行.
INFO: Run ParseTemplate Behavior [ RunTime:0.035050s ]
INFO: [ view_parse ] --END-- [ RunTime:0.035117s ]
INFO: [ view_filter ] --START--
INFO: Run ContentReplace Behavior [ RunTime:0.000461s ]
INFO: Run TokenBuild Behavior [ RunTime:0.000263s ]
INFO: Run WriteHtmlCache Behavior [ RunTime:0.000134s ]
INFO: Run ShowRuntime Behavior [ RunTime:0.000333s ]
INFO: [ view_filter ] --END-- [ RunTime:0.001341s ]
INFO: [ view_end ] --START--
INFO: Run ShowPageTrace Behavior [ RunTime:0.000379s ]
INFO: [ view_end ] --END-- [ RunTime:0.000424s ]

[ 2016-12-22T23:58:52+08:00 ] 123.125.71.92 /bobo2/index.php/Product/product_details/catid/16/pid/24/ppid/31
INFO: [ route_check ] --START--
INFO: Run CheckRoute Behavior [ RunTime:0.000529s ]
INFO: [ route_check ] --END-- [ RunTime:0.000596s ]
INFO: [ app_begin ] --START--
INFO: Run ReadHtmlCache Behavior [ RunTime:0.000297s ]
INFO: [ app_begin ] --END-- [ RunTime:0.000346s ]
SQL: SHOW COLUMNS FROM `tp_product` [ RunTime:0.001088s ]
SQL: SHOW COLUMNS FROM `tp_category` [ RunTime:0.000735s ]
SQL: SHOW COLUMNS FROM `tp_linkage` [ RunTime:0.000606s ]
SQL: SHOW COLUMNS FROM `tp_parameter` [ RunTime:0.000645s ]
SQL: SHOW COLUMNS FROM `tp_collect` [ RunTime:0.000572s ]
SQL: SHOW COLUMNS FROM `tp_content` [ RunTime:0.000926s ]
SQL: SHOW COLUMNS FROM `tp_page` [ RunTime:0.000573s ]
SQL: SELECT * FROM `tp_page` WHERE ( `catid` = 29 ) LIMIT 1   [ RunTime:0.000242s ]
SQL: SELECT `id`,`catid`,`title`,`headerpic` FROM `tp_content` WHERE ( catid=23 and (status=2 or status=3) ) ORDER BY conorder desc,id desc LIMIT 8   [ RunTime:0.000625s ]
SQL: SELECT `id`,`catid`,`title`,`headerpic` FROM `tp_content` WHERE ( catid=24 and (status=2 or status=3) ) ORDER BY conorder desc,id desc LIMIT 8   [ RunTime:0.000473s ]
SQL: SELECT `id`,`catid`,`title`,`headerpic` FROM `tp_content` WHERE ( catid=25 and (status=2 or status=3) ) ORDER BY conorder desc,id desc LIMIT 8   [ RunTime:0.000439s ]
SQL: SHOW COLUMNS FROM `tp_site` [ RunTime:0.000541s ]
SQL: SELECT * FROM `tp_site` WHERE ( siteid=1 ) LIMIT 1   [ RunTime:0.000184s ]
SQL: SELECT a.xqstatus,a.title,a.picurlpc,a.catid,a.id,b.id as ppid FROM tp_product_price b,tp_product a WHERE ( a.posid=1 and a.status=1 and  a.id=b.pid ) ORDER BY a.listorder desc,id desc LIMIT 8   [ RunTime:0.000881s ]
SQL: SHOW COLUMNS FROM `tp_video` [ RunTime:0.000765s ]
SQL: SELECT `vtitle`,`headerpic`,`catid` FROM `tp_video` WHERE ( catid=26 and (status=2 or status=3) ) ORDER BY listorder desc,vid desc LIMIT 8   [ RunTime:0.000331s ]
SQL: SELECT `vtitle`,`headerpic`,`catid` FROM `tp_video` WHERE ( catid=27 and (status=2 or status=3) ) ORDER BY listorder desc,vid desc LIMIT 8   [ RunTime:0.000307s ]
SQL: SELECT `catid`,`catname`,`caturl` FROM `tp_category` WHERE ( `catid` IN ('14','15','16','17','18','19','20','21') ) ORDER BY listorder desc,catid desc  [ RunTime:0.000256s ]
NOTIC: [8] Undefined variable: category_list /data/wwwroot/html/bobo2/Home/Lib/Action/CommonAction.class.php 第 28 行.
NOTIC: [8] Undefined index: bobo_pc_user_id /data/wwwroot/html/bobo2/Home/Lib/Action/ProductAction.class.php 第 379 行.
SQL: SELECT tp_product.picurlpc,tp_product.title,tp_product.colorlist,a.price,a.capacity,tp_product.id as pid,tp_product.catid,a.id FROM `tp_product` left join tp_product_price a on tp_product.id=a.pid WHERE ( tp_product.catid=16  and tp_product.status=1  ) ORDER BY tp_product.listorder desc,tp_product.id desc LIMIT 6   [ RunTime:0.000747s ]
SQL: SELECT `colorname`,`name` FROM `tp_parameter` WHERE ( `id` IN ('9','4','7','6','6','4','9','7') ) AND ( `status` = 1 )  [ RunTime:0.000218s ]
SQL: SELECT `colorname`,`name` FROM `tp_parameter` WHERE ( `id` IN ('9','4','7','6','6','4','9','7') ) AND ( `status` = 1 )  [ RunTime:0.000208s ]
SQL: SELECT `colorname`,`name` FROM `tp_parameter` WHERE ( `id` IN ('1','6') ) AND ( `status` = 1 )  [ RunTime:0.000244s ]
SQL: SELECT `colorname`,`name` FROM `tp_parameter` WHERE ( `id` IN ('4','1') ) AND ( `status` = 1 )  [ RunTime:0.000228s ]
SQL: SELECT `colorname`,`name` FROM `tp_parameter` WHERE ( `id` IN ('4','1','7','9') ) AND ( `status` = 1 )  [ RunTime:0.000213s ]
SQL: SELECT `colorname`,`name` FROM `tp_parameter` WHERE ( `id` IN ('12','6') ) AND ( `status` = 1 )  [ RunTime:0.000205s ]
SQL: SELECT `catname` FROM `tp_category` WHERE ( catid=16 ) LIMIT 1   [ RunTime:0.000229s ]
SQL: SELECT tp_product.xqstatus,tp_product.content,tp_product.picurlpcall,tp_product.title,tp_product.colorlist,a.price,c.id as colid,a.id as ppid FROM `tp_product` left join tp_product_price a on tp_product.id=a.pid left join tp_collect c on a.id=c.ppid WHERE ( tp_product.catid=16 and tp_product.id=24 and tp_product.status=1 and a.id=31 ) LIMIT 1   [ RunTime:0.000252s ]
SQL: SELECT `colorname`,`name` FROM `tp_parameter` WHERE ( `id` IN ('1','8','1','8') ) AND ( `status` = 1 ) ORDER BY field (id,1,8,1,8)  [ RunTime:0.000200s ]
NOTIC: [8] Undefined variable: link_list /data/wwwroot/html/bobo2/Home/Lib/Action/ProductAction.class.php 第 428 行.
INFO: [ view_template ] --START--
INFO: Run LocationTemplate Behavior [ RunTime:0.000353s ]
INFO: [ view_template ] --END-- [ RunTime:0.000403s ]
INFO: [ view_parse ] --START--
NOTIC: [8] A session had already been started - ignoring session_start() /data/wwwroot/html/bobo2/Home/Runtime/Cache/22da7317198283eab56d8e78bc060a88.php 第 78 行.
NOTIC: [8] Undefined index: bobo_pc_user_id /data/wwwroot/html/bobo2/Home/Runtime/Cache/22da7317198283eab56d8e78bc060a88.php 第 78 行.
NOTIC: [8] Undefined index: bobo_pc_user_id /data/wwwroot/html/bobo2/Home/Runtime/Cache/22da7317198283eab56d8e78bc060a88.php 第 85 行.
NOTIC: [8] Undefined index: bobo_pc_user_name /data/wwwroot/html/bobo2/Home/Runtime/Cache/22da7317198283eab56d8e78bc060a88.php 第 85 行.
NOTIC: [8] Undefined variable: k /data/wwwroot/html/bobo2/Home/Runtime/Cache/22da7317198283eab56d8e78bc060a88.php 第 112 行.
NOTIC: [8] Use of undefined constant catid - assumed 'catid' /data/wwwroot/html/bobo2/Home/Runtime/Cache/22da7317198283eab56d8e78bc060a88.php 第 115 行.
NOTIC: [8] Use of undefined constant id - assumed 'id' /data/wwwroot/html/bobo2/Home/Runtime/Cache/22da7317198283eab56d8e78bc060a88.php 第 115 行.
NOTIC: [8] Use of undefined constant catid - assumed 'catid' /data/wwwroot/html/bobo2/Home/Runtime/Cache/22da7317198283eab56d8e78bc060a88.php 第 115 行.
NOTIC: [8] Use of undefined constant id - assumed 'id' /data/wwwroot/html/bobo2/Home/Runtime/Cache/22da7317198283eab56d8e78bc060a88.php 第 115 行.
NOTIC: [8] Use of undefined constant catid - assumed 'catid' /data/wwwroot/html/bobo2/Home/Runtime/Cache/22da7317198283eab56d8e78bc060a88.php 第 115 行.
NOTIC: [8] Use of undefined constant id - assumed 'id' /data/wwwroot/html/bobo2/Home/Runtime/Cache/22da7317198283eab56d8e78bc060a88.php 第 115 行.
NOTIC: [8] Use of undefined constant catid - assumed 'catid' /data/wwwroot/html/bobo2/Home/Runtime/Cache/22da7317198283eab56d8e78bc060a88.php 第 115 行.
NOTIC: [8] Use of undefined constant id - assumed 'id' /data/wwwroot/html/bobo2/Home/Runtime/Cache/22da7317198283eab56d8e78bc060a88.php 第 115 行.
NOTIC: [8] Use of undefined constant catid - assumed 'catid' /data/wwwroot/html/bobo2/Home/Runtime/Cache/22da7317198283eab56d8e78bc060a88.php 第 115 行.
NOTIC: [8] Use of undefined constant id - assumed 'id' /data/wwwroot/html/bobo2/Home/Runtime/Cache/22da7317198283eab56d8e78bc060a88.php 第 115 行.
NOTIC: [8] Use of undefined constant catid - assumed 'catid' /data/wwwroot/html/bobo2/Home/Runtime/Cache/22da7317198283eab56d8e78bc060a88.php 第 115 行.
NOTIC: [8] Use of undefined constant id - assumed 'id' /data/wwwroot/html/bobo2/Home/Runtime/Cache/22da7317198283eab56d8e78bc060a88.php 第 115 行.
NOTIC: [8] Use of undefined constant catid - assumed 'catid' /data/wwwroot/html/bobo2/Home/Runtime/Cache/22da7317198283eab56d8e78bc060a88.php 第 115 行.
NOTIC: [8] Use of undefined constant id - assumed 'id' /data/wwwroot/html/bobo2/Home/Runtime/Cache/22da7317198283eab56d8e78bc060a88.php 第 115 行.
NOTIC: [8] Use of undefined constant catid - assumed 'catid' /data/wwwroot/html/bobo2/Home/Runtime/Cache/22da7317198283eab56d8e78bc060a88.php 第 115 行.
NOTIC: [8] Use of undefined constant id - assumed 'id' /data/wwwroot/html/bobo2/Home/Runtime/Cache/22da7317198283eab56d8e78bc060a88.php 第 115 行.
NOTIC: [8] Use of undefined constant catid - assumed 'catid' /data/wwwroot/html/bobo2/Home/Runtime/Cache/22da7317198283eab56d8e78bc060a88.php 第 118 行.
NOTIC: [8] Use of undefined constant id - assumed 'id' /data/wwwroot/html/bobo2/Home/Runtime/Cache/22da7317198283eab56d8e78bc060a88.php 第 118 行.
NOTIC: [8] Use of undefined constant catid - assumed 'catid' /data/wwwroot/html/bobo2/Home/Runtime/Cache/22da7317198283eab56d8e78bc060a88.php 第 118 行.
NOTIC: [8] Use of undefined constant id - assumed 'id' /data/wwwroot/html/bobo2/Home/Runtime/Cache/22da7317198283eab56d8e78bc060a88.php 第 118 行.
NOTIC: [8] Use of undefined constant catid - assumed 'catid' /data/wwwroot/html/bobo2/Home/Runtime/Cache/22da7317198283eab56d8e78bc060a88.php 第 118 行.
NOTIC: [8] Use of undefined constant id - assumed 'id' /data/wwwroot/html/bobo2/Home/Runtime/Cache/22da7317198283eab56d8e78bc060a88.php 第 118 行.
NOTIC: [8] Use of undefined constant catid - assumed 'catid' /data/wwwroot/html/bobo2/Home/Runtime/Cache/22da7317198283eab56d8e78bc060a88.php 第 118 行.
NOTIC: [8] Use of undefined constant id - assumed 'id' /data/wwwroot/html/bobo2/Home/Runtime/Cache/22da7317198283eab56d8e78bc060a88.php 第 118 行.
NOTIC: [8] Use of undefined constant catid - assumed 'catid' /data/wwwroot/html/bobo2/Home/Runtime/Cache/22da7317198283eab56d8e78bc060a88.php 第 121 行.
NOTIC: [8] Use of undefined constant id - assumed 'id' /data/wwwroot/html/bobo2/Home/Runtime/Cache/22da7317198283eab56d8e78bc060a88.php 第 121 行.
NOTIC: [8] Use of undefined constant catid - assumed 'catid' /data/wwwroot/html/bobo2/Home/Runtime/Cache/22da7317198283eab56d8e78bc060a88.php 第 121 行.
NOTIC: [8] Use of undefined constant id - assumed 'id' /data/wwwroot/html/bobo2/Home/Runtime/Cache/22da7317198283eab56d8e78bc060a88.php 第 121 行.
NOTIC: [8] Use of undefined constant catid - assumed 'catid' /data/wwwroot/html/bobo2/Home/Runtime/Cache/22da7317198283eab56d8e78bc060a88.php 第 146 行.
NOTIC: [8] Use of undefined constant id - assumed 'id' /data/wwwroot/html/bobo2/Home/Runtime/Cache/22da7317198283eab56d8e78bc060a88.php 第 146 行.
NOTIC: [8] Use of undefined constant ppid - assumed 'ppid' /data/wwwroot/html/bobo2/Home/Runtime/Cache/22da7317198283eab56d8e78bc060a88.php 第 146 行.
NOTIC: [8] Use of undefined constant catid - assumed 'catid' /data/wwwroot/html/bobo2/Home/Runtime/Cache/22da7317198283eab56d8e78bc060a88.php 第 146 行.
NOTIC: [8] Use of undefined constant id - assumed 'id' /data/wwwroot/html/bobo2/Home/Runtime/Cache/22da7317198283eab56d8e78bc060a88.php 第 146 行.
NOTIC: [8] Use of undefined constant ppid - assumed 'ppid' /data/wwwroot/html/bobo2/Home/Runtime/Cache/22da7317198283eab56d8e78bc060a88.php 第 146 行.
NOTIC: [8] Use of undefined constant catid - assumed 'catid' /data/wwwroot/html/bobo2/Home/Runtime/Cache/22da7317198283eab56d8e78bc060a88.php 第 146 行.
NOTIC: [8] Use of undefined constant id - assumed 'id' /data/wwwroot/html/bobo2/Home/Runtime/Cache/22da7317198283eab56d8e78bc060a88.php 第 146 行.
NOTIC: [8] Use of undefined constant ppid - assumed 'ppid' /data/wwwroot/html/bobo2/Home/Runtime/Cache/22da7317198283eab56d8e78bc060a88.php 第 146 行.
NOTIC: [8] Use of undefined constant catid - assumed 'catid' /data/wwwroot/html/bobo2/Home/Runtime/Cache/22da7317198283eab56d8e78bc060a88.php 第 146 行.
NOTIC: [8] Use of undefined constant id - assumed 'id' /data/wwwroot/html/bobo2/Home/Runtime/Cache/22da7317198283eab56d8e78bc060a88.php 第 146 行.
NOTIC: [8] Use of undefined constant ppid - assumed 'ppid' /data/wwwroot/html/bobo2/Home/Runtime/Cache/22da7317198283eab56d8e78bc060a88.php 第 146 行.
NOTIC: [8] Use of undefined constant catid - assumed 'catid' /data/wwwroot/html/bobo2/Home/Runtime/Cache/22da7317198283eab56d8e78bc060a88.php 第 146 行.
NOTIC: [8] Use of undefined constant id - assumed 'id' /data/wwwroot/html/bobo2/Home/Runtime/Cache/22da7317198283eab56d8e78bc060a88.php 第 146 行.
NOTIC: [8] Use of undefined constant ppid - assumed 'ppid' /data/wwwroot/html/bobo2/Home/Runtime/Cache/22da7317198283eab56d8e78bc060a88.php 第 146 行.
NOTIC: [8] Use of undefined constant catid - assumed 'catid' /data/wwwroot/html/bobo2/Home/Runtime/Cache/22da7317198283eab56d8e78bc060a88.php 第 146 行.
NOTIC: [8] Use of undefined constant id - assumed 'id' /data/wwwroot/html/bobo2/Home/Runtime/Cache/22da7317198283eab56d8e78bc060a88.php 第 146 行.
NOTIC: [8] Use of undefined constant ppid - assumed 'ppid' /data/wwwroot/html/bobo2/Home/Runtime/Cache/22da7317198283eab56d8e78bc060a88.php 第 146 行.
NOTIC: [8] Use of undefined constant catid - assumed 'catid' /data/wwwroot/html/bobo2/Home/Runtime/Cache/22da7317198283eab56d8e78bc060a88.php 第 146 行.
NOTIC: [8] Use of undefined constant id - assumed 'id' /data/wwwroot/html/bobo2/Home/Runtime/Cache/22da7317198283eab56d8e78bc060a88.php 第 146 行.
NOTIC: [8] Use of undefined constant ppid - assumed 'ppid' /data/wwwroot/html/bobo2/Home/Runtime/Cache/22da7317198283eab56d8e78bc060a88.php 第 146 行.
NOTIC: [8] Use of undefined constant catid - assumed 'catid' /data/wwwroot/html/bobo2/Home/Runtime/Cache/22da7317198283eab56d8e78bc060a88.php 第 146 行.
NOTIC: [8] Use of undefined constant id - assumed 'id' /data/wwwroot/html/bobo2/Home/Runtime/Cache/22da7317198283eab56d8e78bc060a88.php 第 146 行.
NOTIC: [8] Use of undefined constant ppid - assumed 'ppid' /data/wwwroot/html/bobo2/Home/Runtime/Cache/22da7317198283eab56d8e78bc060a88.php 第 146 行.
NOTIC: [8] Use of undefined constant catid - assumed 'catid' /data/wwwroot/html/bobo2/Home/Runtime/Cache/22da7317198283eab56d8e78bc060a88.php 第 150 行.
NOTIC: [8] Use of undefined constant catid - assumed 'catid' /data/wwwroot/html/bobo2/Home/Runtime/Cache/22da7317198283eab56d8e78bc060a88.php 第 150 行.
NOTIC: [8] Use of undefined constant catid - assumed 'catid' /data/wwwroot/html/bobo2/Home/Runtime/Cache/22da7317198283eab56d8e78bc060a88.php 第 150 行.
NOTIC: [8] Use of undefined constant catid - assumed 'catid' /data/wwwroot/html/bobo2/Home/Runtime/Cache/22da7317198283eab56d8e78bc060a88.php 第 150 行.
NOTIC: [8] Use of undefined constant catid - assumed 'catid' /data/wwwroot/html/bobo2/Home/Runtime/Cache/22da7317198283eab56d8e78bc060a88.php 第 150 行.
NOTIC: [8] Use of undefined constant catid - assumed 'catid' /data/wwwroot/html/bobo2/Home/Runtime/Cache/22da7317198283eab56d8e78bc060a88.php 第 150 行.
NOTIC: [8] Use of undefined constant catid - assumed 'catid' /data/wwwroot/html/bobo2/Home/Runtime/Cache/22da7317198283eab56d8e78bc060a88.php 第 150 行.
NOTIC: [8] Use of undefined constant catid - assumed 'catid' /data/wwwroot/html/bobo2/Home/Runtime/Cache/22da7317198283eab56d8e78bc060a88.php 第 150 行.
NOTIC: [8] Use of undefined constant catid - assumed 'catid' /data/wwwroot/html/bobo2/Home/Runtime/Cache/22da7317198283eab56d8e78bc060a88.php 第 154 行.
NOTIC: [8] Use of undefined constant catid - assumed 'catid' /data/wwwroot/html/bobo2/Home/Runtime/Cache/22da7317198283eab56d8e78bc060a88.php 第 154 行.
NOTIC: [8] Use of undefined constant catid - assumed 'catid' /data/wwwroot/html/bobo2/Home/Runtime/Cache/22da7317198283eab56d8e78bc060a88.php 第 154 行.
NOTIC: [8] Use of undefined constant catid - assumed 'catid' /data/wwwroot/html/bobo2/Home/Runtime/Cache/22da7317198283eab56d8e78bc060a88.php 第 154 行.
NOTIC: [8] Use of undefined constant catid - assumed 'catid' /data/wwwroot/html/bobo2/Home/Runtime/Cache/22da7317198283eab56d8e78bc060a88.php 第 154 行.
NOTIC: [8] Use of undefined constant catid - assumed 'catid' /data/wwwroot/html/bobo2/Home/Runtime/Cache/22da7317198283eab56d8e78bc060a88.php 第 154 行.
NOTIC: [8] Use of undefined constant catid - assumed 'catid' /data/wwwroot/html/bobo2/Home/Runtime/Cache/22da7317198283eab56d8e78bc060a88.php 第 154 行.
NOTIC: [8] Use of undefined constant catid - assumed 'catid' /data/wwwroot/html/bobo2/Home/Runtime/Cache/22da7317198283eab56d8e78bc060a88.php 第 157 行.
NOTIC: [8] Use of undefined constant catid - assumed 'catid' /data/wwwroot/html/bobo2/Home/Runtime/Cache/22da7317198283eab56d8e78bc060a88.php 第 157 行.
NOTIC: [8] Use of undefined constant catid - assumed 'catid' /data/wwwroot/html/bobo2/Home/Runtime/Cache/22da7317198283eab56d8e78bc060a88.php 第 157 行.
NOTIC: [8] Use of undefined constant catid - assumed 'catid' /data/wwwroot/html/bobo2/Home/Runtime/Cache/22da7317198283eab56d8e78bc060a88.php 第 157 行.
NOTIC: [8] Use of undefined constant catid - assumed 'catid' /data/wwwroot/html/bobo2/Home/Runtime/Cache/22da7317198283eab56d8e78bc060a88.php 第 157 行.
NOTIC: [8] Use of undefined constant catid - assumed 'catid' /data/wwwroot/html/bobo2/Home/Runtime/Cache/22da7317198283eab56d8e78bc060a88.php 第 157 行.
NOTIC: [8] Use of undefined constant catid - assumed 'catid' /data/wwwroot/html/bobo2/Home/Runtime/Cache/22da7317198283eab56d8e78bc060a88.php 第 157 行.
NOTIC: [8] Use of undefined constant catid - assumed 'catid' /data/wwwroot/html/bobo2/Home/Runtime/Cache/22da7317198283eab56d8e78bc060a88.php 第 157 行.
NOTIC: [8] Use of undefined constant catid - assumed 'catid' /data/wwwroot/html/bobo2/Home/Runtime/Cache/22da7317198283eab56d8e78bc060a88.php 第 180 行.
NOTIC: [8] Use of undefined constant id - assumed 'id' /data/wwwroot/html/bobo2/Home/Runtime/Cache/22da7317198283eab56d8e78bc060a88.php 第 180 行.
NOTIC: [8] Use of undefined constant ppid - assumed 'ppid' /data/wwwroot/html/bobo2/Home/Runtime/Cache/22da7317198283eab56d8e78bc060a88.php 第 180 行.
NOTIC: [8] Use of undefined constant catid - assumed 'catid' /data/wwwroot/html/bobo2/Home/Runtime/Cache/22da7317198283eab56d8e78bc060a88.php 第 180 行.
NOTIC: [8] Use of undefined constant id - assumed 'id' /data/wwwroot/html/bobo2/Home/Runtime/Cache/22da7317198283eab56d8e78bc060a88.php 第 180 行.
NOTIC: [8] Use of undefined constant ppid - assumed 'ppid' /data/wwwroot/html/bobo2/Home/Runtime/Cache/22da7317198283eab56d8e78bc060a88.php 第 180 行.
NOTIC: [8] Use of undefined constant catid - assumed 'catid' /data/wwwroot/html/bobo2/Home/Runtime/Cache/22da7317198283eab56d8e78bc060a88.php 第 180 行.
NOTIC: [8] Use of undefined constant id - assumed 'id' /data/wwwroot/html/bobo2/Home/Runtime/Cache/22da7317198283eab56d8e78bc060a88.php 第 180 行.
NOTIC: [8] Use of undefined constant ppid - assumed 'ppid' /data/wwwroot/html/bobo2/Home/Runtime/Cache/22da7317198283eab56d8e78bc060a88.php 第 180 行.
NOTIC: [8] Use of undefined constant catid - assumed 'catid' /data/wwwroot/html/bobo2/Home/Runtime/Cache/22da7317198283eab56d8e78bc060a88.php 第 180 行.
NOTIC: [8] Use of undefined constant id - assumed 'id' /data/wwwroot/html/bobo2/Home/Runtime/Cache/22da7317198283eab56d8e78bc060a88.php 第 180 行.
NOTIC: [8] Use of undefined constant ppid - assumed 'ppid' /data/wwwroot/html/bobo2/Home/Runtime/Cache/22da7317198283eab56d8e78bc060a88.php 第 180 行.
NOTIC: [8] Use of undefined constant catid - assumed 'catid' /data/wwwroot/html/bobo2/Home/Runtime/Cache/22da7317198283eab56d8e78bc060a88.php 第 180 行.
NOTIC: [8] Use of undefined constant id - assumed 'id' /data/wwwroot/html/bobo2/Home/Runtime/Cache/22da7317198283eab56d8e78bc060a88.php 第 180 行.
NOTIC: [8] Use of undefined constant ppid - assumed 'ppid' /data/wwwroot/html/bobo2/Home/Runtime/Cache/22da7317198283eab56d8e78bc060a88.php 第 180 行.
NOTIC: [8] Use of undefined constant catid - assumed 'catid' /data/wwwroot/html/bobo2/Home/Runtime/Cache/22da7317198283eab56d8e78bc060a88.php 第 180 行.
NOTIC: [8] Use of undefined constant id - assumed 'id' /data/wwwroot/html/bobo2/Home/Runtime/Cache/22da7317198283eab56d8e78bc060a88.php 第 180 行.
NOTIC: [8] Use of undefined constant ppid - assumed 'ppid' /data/wwwroot/html/bobo2/Home/Runtime/Cache/22da7317198283eab56d8e78bc060a88.php 第 180 行.
NOTIC: [8] Use of undefined constant catid - assumed 'catid' /data/wwwroot/html/bobo2/Home/Runtime/Cache/22da7317198283eab56d8e78bc060a88.php 第 180 行.
NOTIC: [8] Use of undefined constant id - assumed 'id' /data/wwwroot/html/bobo2/Home/Runtime/Cache/22da7317198283eab56d8e78bc060a88.php 第 180 行.
NOTIC: [8] Use of undefined constant ppid - assumed 'ppid' /data/wwwroot/html/bobo2/Home/Runtime/Cache/22da7317198283eab56d8e78bc060a88.php 第 180 行.
NOTIC: [8] Use of undefined constant catid - assumed 'catid' /data/wwwroot/html/bobo2/Home/Runtime/Cache/22da7317198283eab56d8e78bc060a88.php 第 180 行.
NOTIC: [8] Use of undefined constant id - assumed 'id' /data/wwwroot/html/bobo2/Home/Runtime/Cache/22da7317198283eab56d8e78bc060a88.php 第 180 行.
NOTIC: [8] Use of undefined constant ppid - assumed 'ppid' /data/wwwroot/html/bobo2/Home/Runtime/Cache/22da7317198283eab56d8e78bc060a88.php 第 180 行.
NOTIC: [8] Use of undefined constant catid - assumed 'catid' /data/wwwroot/html/bobo2/Home/Runtime/Cache/22da7317198283eab56d8e78bc060a88.php 第 184 行.
NOTIC: [8] Use of undefined constant catid - assumed 'catid' /data/wwwroot/html/bobo2/Home/Runtime/Cache/22da7317198283eab56d8e78bc060a88.php 第 184 行.
NOTIC: [8] Use of undefined constant catid - assumed 'catid' /data/wwwroot/html/bobo2/Home/Runtime/Cache/22da7317198283eab56d8e78bc060a88.php 第 184 行.
NOTIC: [8] Use of undefined constant catid - assumed 'catid' /data/wwwroot/html/bobo2/Home/Runtime/Cache/22da7317198283eab56d8e78bc060a88.php 第 184 行.
NOTIC: [8] Use of undefined constant catid - assumed 'catid' /data/wwwroot/html/bobo2/Home/Runtime/Cache/22da7317198283eab56d8e78bc060a88.php 第 184 行.
NOTIC: [8] Use of undefined constant catid - assumed 'catid' /data/wwwroot/html/bobo2/Home/Runtime/Cache/22da7317198283eab56d8e78bc060a88.php 第 184 行.
NOTIC: [8] Use of undefined constant catid - assumed 'catid' /data/wwwroot/html/bobo2/Home/Runtime/Cache/22da7317198283eab56d8e78bc060a88.php 第 184 行.
NOTIC: [8] Use of undefined constant catid - assumed 'catid' /data/wwwroot/html/bobo2/Home/Runtime/Cache/22da7317198283eab56d8e78bc060a88.php 第 184 行.
NOTIC: [8] Use of undefined constant catid - assumed 'catid' /data/wwwroot/html/bobo2/Home/Runtime/Cache/22da7317198283eab56d8e78bc060a88.php 第 188 行.
NOTIC: [8] Use of undefined constant catid - assumed 'catid' /data/wwwroot/html/bobo2/Home/Runtime/Cache/22da7317198283eab56d8e78bc060a88.php 第 188 行.
NOTIC: [8] Use of undefined constant catid - assumed 'catid' /data/wwwroot/html/bobo2/Home/Runtime/Cache/22da7317198283eab56d8e78bc060a88.php 第 188 行.
NOTIC: [8] Use of undefined constant catid - assumed 'catid' /data/wwwroot/html/bobo2/Home/Runtime/Cache/22da7317198283eab56d8e78bc060a88.php 第 188 行.
NOTIC: [8] Use of undefined constant catid - assumed 'catid' /data/wwwroot/html/bobo2/Home/Runtime/Cache/22da7317198283eab56d8e78bc060a88.php 第 188 行.
NOTIC: [8] Use of undefined constant catid - assumed 'catid' /data/wwwroot/html/bobo2/Home/Runtime/Cache/22da7317198283eab56d8e78bc060a88.php 第 188 行.
NOTIC: [8] Use of undefined constant catid - assumed 'catid' /data/wwwroot/html/bobo2/Home/Runtime/Cache/22da7317198283eab56d8e78bc060a88.php 第 188 行.
NOTIC: [8] Use of undefined constant catid - assumed 'catid' /data/wwwroot/html/bobo2/Home/Runtime/Cache/22da7317198283eab56d8e78bc060a88.php 第 191 行.
NOTIC: [8] Use of undefined constant catid - assumed 'catid' /data/wwwroot/html/bobo2/Home/Runtime/Cache/22da7317198283eab56d8e78bc060a88.php 第 191 行.
NOTIC: [8] Use of undefined constant catid - assumed 'catid' /data/wwwroot/html/bobo2/Home/Runtime/Cache/22da7317198283eab56d8e78bc060a88.php 第 191 行.
NOTIC: [8] Use of undefined constant catid - assumed 'catid' /data/wwwroot/html/bobo2/Home/Runtime/Cache/22da7317198283eab56d8e78bc060a88.php 第 191 行.
NOTIC: [8] Use of undefined constant catid - assumed 'catid' /data/wwwroot/html/bobo2/Home/Runtime/Cache/22da7317198283eab56d8e78bc060a88.php 第 191 行.
NOTIC: [8] Use of undefined constant catid - assumed 'catid' /data/wwwroot/html/bobo2/Home/Runtime/Cache/22da7317198283eab56d8e78bc060a88.php 第 191 行.
NOTIC: [8] Use of undefined constant catid - assumed 'catid' /data/wwwroot/html/bobo2/Home/Runtime/Cache/22da7317198283eab56d8e78bc060a88.php 第 191 行.
NOTIC: [8] Use of undefined constant catid - assumed 'catid' /data/wwwroot/html/bobo2/Home/Runtime/Cache/22da7317198283eab56d8e78bc060a88.php 第 191 行.
NOTIC: [8] Use of undefined constant picurlpcall - assumed 'picurlpcall' /data/wwwroot/html/bobo2/Home/Runtime/Cache/22da7317198283eab56d8e78bc060a88.php 第 263 行.
NOTIC: [8] Use of undefined constant picurlpcall - assumed 'picurlpcall' /data/wwwroot/html/bobo2/Home/Runtime/Cache/22da7317198283eab56d8e78bc060a88.php 第 263 行.
NOTIC: [8] Use of undefined constant colorlist - assumed 'colorlist' /data/wwwroot/html/bobo2/Home/Runtime/Cache/22da7317198283eab56d8e78bc060a88.php 第 268 行.
NOTIC: [8] Use of undefined constant colorlist - assumed 'colorlist' /data/wwwroot/html/bobo2/Home/Runtime/Cache/22da7317198283eab56d8e78bc060a88.php 第 268 行.
NOTIC: [8] Use of undefined constant colorlist - assumed 'colorlist' /data/wwwroot/html/bobo2/Home/Runtime/Cache/22da7317198283eab56d8e78bc060a88.php 第 275 行.
NOTIC: [8] Use of undefined constant name - assumed 'name' /data/wwwroot/html/bobo2/Home/Runtime/Cache/22da7317198283eab56d8e78bc060a88.php 第 275 行.
NOTIC: [8] A session had already been started - ignoring session_start() /data/wwwroot/html/bobo2/Home/Runtime/Cache/22da7317198283eab56d8e78bc060a88.php 第 277 行.
NOTIC: [8] Undefined index: bobo_pc_user_id /data/wwwroot/html/bobo2/Home/Runtime/Cache/22da7317198283eab56d8e78bc060a88.php 第 277 行.
NOTIC: [8] Use of undefined constant catid - assumed 'catid' /data/wwwroot/html/bobo2/Home/Runtime/Cache/22da7317198283eab56d8e78bc060a88.php 第 319 行.
NOTIC: [8] Use of undefined constant id - assumed 'id' /data/wwwroot/html/bobo2/Home/Runtime/Cache/22da7317198283eab56d8e78bc060a88.php 第 319 行.
NOTIC: [8] Use of undefined constant colorlist - assumed 'colorlist' /data/wwwroot/html/bobo2/Home/Runtime/Cache/22da7317198283eab56d8e78bc060a88.php 第 323 行.
NOTIC: [8] Use of undefined constant colorlist - assumed 'colorlist' /data/wwwroot/html/bobo2/Home/Runtime/Cache/22da7317198283eab56d8e78bc060a88.php 第 323 行.
NOTIC: [8] Use of undefined constant catid - assumed 'catid' /data/wwwroot/html/bobo2/Home/Runtime/Cache/22da7317198283eab56d8e78bc060a88.php 第 326 行.
NOTIC: [8] Use of undefined constant id - assumed 'id' /data/wwwroot/html/bobo2/Home/Runtime/Cache/22da7317198283eab56d8e78bc060a88.php 第 326 行.
NOTIC: [8] A session had already been started - ignoring session_start() /data/wwwroot/html/bobo2/Home/Runtime/Cache/22da7317198283eab56d8e78bc060a88.php 第 331 行.
NOTIC: [8] Undefined index: bobo_pc_user_id /data/wwwroot/html/bobo2/Home/Runtime/Cache/22da7317198283eab56d8e78bc060a88.php 第 331 行.
NOTIC: [8] Use of undefined constant catid - assumed 'catid' /data/wwwroot/html/bobo2/Home/Runtime/Cache/22da7317198283eab56d8e78bc060a88.php 第 319 行.
NOTIC: [8] Use of undefined constant id - assumed 'id' /data/wwwroot/html/bobo2/Home/Runtime/Cache/22da7317198283eab56d8e78bc060a88.php 第 319 行.
NOTIC: [8] Use of undefined constant colorlist - assumed 'colorlist' /data/wwwroot/html/bobo2/Home/Runtime/Cache/22da7317198283eab56d8e78bc060a88.php 第 323 行.
NOTIC: [8] Use of undefined constant colorlist - assumed 'colorlist' /data/wwwroot/html/bobo2/Home/Runtime/Cache/22da7317198283eab56d8e78bc060a88.php 第 323 行.
NOTIC: [8] Use of undefined constant catid - assumed 'catid' /data/wwwroot/html/bobo2/Home/Runtime/Cache/22da7317198283eab56d8e78bc060a88.php 第 326 行.
NOTIC: [8] Use of undefined constant id - assumed 'id' /data/wwwroot/html/bobo2/Home/Runtime/Cache/22da7317198283eab56d8e78bc060a88.php 第 326 行.
NOTIC: [8] A session had already been started - ignoring session_start() /data/wwwroot/html/bobo2/Home/Runtime/Cache/22da7317198283eab56d8e78bc060a88.php 第 331 行.
NOTIC: [8] Undefined index: bobo_pc_user_id /data/wwwroot/html/bobo2/Home/Runtime/Cache/22da7317198283eab56d8e78bc060a88.php 第 331 行.
NOTIC: [8] Use of undefined constant catid - assumed 'catid' /data/wwwroot/html/bobo2/Home/Runtime/Cache/22da7317198283eab56d8e78bc060a88.php 第 319 行.
NOTIC: [8] Use of undefined constant id - assumed 'id' /data/wwwroot/html/bobo2/Home/Runtime/Cache/22da7317198283eab56d8e78bc060a88.php 第 319 行.
NOTIC: [8] Use of undefined constant colorlist - assumed 'colorlist' /data/wwwroot/html/bobo2/Home/Runtime/Cache/22da7317198283eab56d8e78bc060a88.php 第 323 行.
NOTIC: [8] Use of undefined constant colorlist - assumed 'colorlist' /data/wwwroot/html/bobo2/Home/Runtime/Cache/22da7317198283eab56d8e78bc060a88.php 第 323 行.
NOTIC: [8] Use of undefined constant catid - assumed 'catid' /data/wwwroot/html/bobo2/Home/Runtime/Cache/22da7317198283eab56d8e78bc060a88.php 第 326 行.
NOTIC: [8] Use of undefined constant id - assumed 'id' /data/wwwroot/html/bobo2/Home/Runtime/Cache/22da7317198283eab56d8e78bc060a88.php 第 326 行.
NOTIC: [8] A session had already been started - ignoring session_start() /data/wwwroot/html/bobo2/Home/Runtime/Cache/22da7317198283eab56d8e78bc060a88.php 第 331 行.
NOTIC: [8] Undefined index: bobo_pc_user_id /data/wwwroot/html/bobo2/Home/Runtime/Cache/22da7317198283eab56d8e78bc060a88.php 第 331 行.
NOTIC: [8] Use of undefined constant catid - assumed 'catid' /data/wwwroot/html/bobo2/Home/Runtime/Cache/22da7317198283eab56d8e78bc060a88.php 第 319 行.
NOTIC: [8] Use of undefined constant id - assumed 'id' /data/wwwroot/html/bobo2/Home/Runtime/Cache/22da7317198283eab56d8e78bc060a88.php 第 319 行.
NOTIC: [8] Use of undefined constant colorlist - assumed 'colorlist' /data/wwwroot/html/bobo2/Home/Runtime/Cache/22da7317198283eab56d8e78bc060a88.php 第 323 行.
NOTIC: [8] Use of undefined constant colorlist - assumed 'colorlist' /data/wwwroot/html/bobo2/Home/Runtime/Cache/22da7317198283eab56d8e78bc060a88.php 第 323 行.
NOTIC: [8] Use of undefined constant catid - assumed 'catid' /data/wwwroot/html/bobo2/Home/Runtime/Cache/22da7317198283eab56d8e78bc060a88.php 第 326 行.
NOTIC: [8] Use of undefined constant id - assumed 'id' /data/wwwroot/html/bobo2/Home/Runtime/Cache/22da7317198283eab56d8e78bc060a88.php 第 326 行.
NOTIC: [8] A session had already been started - ignoring session_start() /data/wwwroot/html/bobo2/Home/Runtime/Cache/22da7317198283eab56d8e78bc060a88.php 第 331 行.
NOTIC: [8] Undefined index: bobo_pc_user_id /data/wwwroot/html/bobo2/Home/Runtime/Cache/22da7317198283eab56d8e78bc060a88.php 第 331 行.
NOTIC: [8] Use of undefined constant catid - assumed 'catid' /data/wwwroot/html/bobo2/Home/Runtime/Cache/22da7317198283eab56d8e78bc060a88.php 第 319 行.
NOTIC: [8] Use of undefined constant id - assumed 'id' /data/wwwroot/html/bobo2/Home/Runtime/Cache/22da7317198283eab56d8e78bc060a88.php 第 319 行.
NOTIC: [8] Use of undefined constant colorlist - assumed 'colorlist' /data/wwwroot/html/bobo2/Home/Runtime/Cache/22da7317198283eab56d8e78bc060a88.php 第 323 行.
NOTIC: [8] Use of undefined constant colorlist - assumed 'colorlist' /data/wwwroot/html/bobo2/Home/Runtime/Cache/22da7317198283eab56d8e78bc060a88.php 第 323 行.
NOTIC: [8] Use of undefined constant catid - assumed 'catid' /data/wwwroot/html/bobo2/Home/Runtime/Cache/22da7317198283eab56d8e78bc060a88.php 第 326 行.
NOTIC: [8] Use of undefined constant id - assumed 'id' /data/wwwroot/html/bobo2/Home/Runtime/Cache/22da7317198283eab56d8e78bc060a88.php 第 326 行.
NOTIC: [8] A session had already been started - ignoring session_start() /data/wwwroot/html/bobo2/Home/Runtime/Cache/22da7317198283eab56d8e78bc060a88.php 第 331 行.
NOTIC: [8] Undefined index: bobo_pc_user_id /data/wwwroot/html/bobo2/Home/Runtime/Cache/22da7317198283eab56d8e78bc060a88.php 第 331 行.
NOTIC: [8] Use of undefined constant catid - assumed 'catid' /data/wwwroot/html/bobo2/Home/Runtime/Cache/22da7317198283eab56d8e78bc060a88.php 第 319 行.
NOTIC: [8] Use of undefined constant id - assumed 'id' /data/wwwroot/html/bobo2/Home/Runtime/Cache/22da7317198283eab56d8e78bc060a88.php 第 319 行.
NOTIC: [8] Use of undefined constant colorlist - assumed 'colorlist' /data/wwwroot/html/bobo2/Home/Runtime/Cache/22da7317198283eab56d8e78bc060a88.php 第 323 行.
NOTIC: [8] Use of undefined constant colorlist - assumed 'colorlist' /data/wwwroot/html/bobo2/Home/Runtime/Cache/22da7317198283eab56d8e78bc060a88.php 第 323 行.
NOTIC: [8] Use of undefined constant catid - assumed 'catid' /data/wwwroot/html/bobo2/Home/Runtime/Cache/22da7317198283eab56d8e78bc060a88.php 第 326 行.
NOTIC: [8] Use of undefined constant id - assumed 'id' /data/wwwroot/html/bobo2/Home/Runtime/Cache/22da7317198283eab56d8e78bc060a88.php 第 326 行.
NOTIC: [8] A session had already been started - ignoring session_start() /data/wwwroot/html/bobo2/Home/Runtime/Cache/22da7317198283eab56d8e78bc060a88.php 第 331 行.
NOTIC: [8] Undefined index: bobo_pc_user_id /data/wwwroot/html/bobo2/Home/Runtime/Cache/22da7317198283eab56d8e78bc060a88.php 第 331 行.
INFO: Run ParseTemplate Behavior [ RunTime:0.032332s ]
INFO: [ view_parse ] --END-- [ RunTime:0.032384s ]
INFO: [ view_filter ] --START--
INFO: Run ContentReplace Behavior [ RunTime:0.000573s ]
INFO: Run TokenBuild Behavior [ RunTime:0.000249s ]
INFO: Run WriteHtmlCache Behavior [ RunTime:0.000129s ]
INFO: Run ShowRuntime Behavior [ RunTime:0.000453s ]
INFO: [ view_filter ] --END-- [ RunTime:0.001551s ]
INFO: [ view_end ] --START--
INFO: Run ShowPageTrace Behavior [ RunTime:0.000352s ]
INFO: [ view_end ] --END-- [ RunTime:0.000396s ]

