[ 2016-10-01T07:58:39+08:00 ] 66.249.79.51 /bobo2/index.php/Content/news_xq/catid/24/id/135
INFO: [ route_check ] --START--
INFO: Run CheckRoute Behavior [ RunTime:0.000583s ]
INFO: [ route_check ] --END-- [ RunTime:0.000663s ]
INFO: [ app_begin ] --START--
INFO: Run ReadHtmlCache Behavior [ RunTime:0.000380s ]
INFO: [ app_begin ] --END-- [ RunTime:0.000440s ]
SQL: SHOW COLUMNS FROM `tp_category` [ RunTime:0.000678s ]
SQL: SHOW COLUMNS FROM `tp_content` [ RunTime:0.000816s ]
SQL: SHOW COLUMNS FROM `tp_page` [ RunTime:0.000560s ]
SQL: SELECT * FROM `tp_page` WHERE ( `catid` = 29 ) LIMIT 1   [ RunTime:0.000242s ]
SQL: SELECT `id`,`catid`,`title`,`headerpic` FROM `tp_content` WHERE ( catid=23 and (status=2 or status=3) ) ORDER BY conorder desc,id desc LIMIT 8   [ RunTime:0.000497s ]
SQL: SELECT `id`,`catid`,`title`,`headerpic` FROM `tp_content` WHERE ( catid=24 and (status=2 or status=3) ) ORDER BY conorder desc,id desc LIMIT 8   [ RunTime:0.000419s ]
SQL: SELECT `id`,`catid`,`title`,`headerpic` FROM `tp_content` WHERE ( catid=25 and (status=2 or status=3) ) ORDER BY conorder desc,id desc LIMIT 8   [ RunTime:0.000368s ]
SQL: SHOW COLUMNS FROM `tp_site` [ RunTime:0.025674s ]
SQL: SELECT * FROM `tp_site` WHERE ( siteid=1 ) LIMIT 1   [ RunTime:0.000217s ]
SQL: SHOW COLUMNS FROM `tp_product` [ RunTime:0.019532s ]
SQL: SELECT a.xqstatus,a.title,a.picurlpc,a.catid,a.id,b.id as ppid FROM tp_product_price b,tp_product a WHERE ( a.posid=1 and a.status=1 and  a.id=b.pid ) ORDER BY a.listorder desc,id desc LIMIT 8   [ RunTime:0.042331s ]
SQL: SHOW COLUMNS FROM `tp_video` [ RunTime:0.000627s ]
SQL: SELECT `vtitle`,`headerpic`,`catid` FROM `tp_video` WHERE ( catid=26 and (status=2 or status=3) ) ORDER BY listorder desc,vid desc LIMIT 8   [ RunTime:0.000305s ]
SQL: SELECT `vtitle`,`headerpic`,`catid` FROM `tp_video` WHERE ( catid=27 and (status=2 or status=3) ) ORDER BY listorder desc,vid desc LIMIT 8   [ RunTime:0.000230s ]
SQL: SELECT `catid`,`catname`,`caturl` FROM `tp_category` WHERE ( `catid` IN ('14','15','16','17','18','19','20','21') ) ORDER BY listorder desc,catid desc  [ RunTime:0.000224s ]
NOTIC: [8] Undefined variable: category_list /var/www/html/bobo2/Home/Lib/Action/CommonAction.class.php 第 28 行.
SQL: SHOW COLUMNS FROM `tp_parameter` [ RunTime:0.024960s ]
SQL: SELECT * FROM `tp_content` WHERE ( id=135 and catid=24 and (status=2 or status=3) ) LIMIT 1   [ RunTime:0.000383s ]
SQL: SELECT * FROM `tp_content` WHERE ( id<'135'and catid=24 and (status=2 or status=3) ) ORDER BY id desc LIMIT 1   [ RunTime:0.000769s ]
SQL: SELECT * FROM `tp_content` WHERE ( id>'135'and catid=24 and (status=2 or status=3) ) ORDER BY id asc LIMIT 1   [ RunTime:0.000254s ]
SQL: SELECT tp_product.picurlpc,tp_product.title,tp_product.catid,a.id,a.pid,a.capacity,a.price,b.catname FROM `tp_product` left join tp_product_price a on tp_product.id=a.pid left join tp_category b on tp_product.catid=b.catid WHERE ( tp_product.status=1 and a.id in () ) LIMIT 6   [ RunTime:0.000121s ]
ERR: You have an error in your SQL syntax; check the manual that corresponds to your MySQL server version for the right syntax to use near ') ) LIMIT 6' at line 1
 [ SQL语句 ] : SELECT tp_product.picurlpc,tp_product.title,tp_product.catid,a.id,a.pid,a.capacity,a.price,b.catname FROM `tp_product` left join tp_product_price a on tp_product.id=a.pid left join tp_category b on tp_product.catid=b.catid WHERE ( tp_product.status=1 and a.id in () ) LIMIT 6  
INFO: [ view_template ] --START--
INFO: Run LocationTemplate Behavior [ RunTime:0.000618s ]
INFO: [ view_template ] --END-- [ RunTime:0.000720s ]
INFO: [ view_parse ] --START--
NOTIC: [8] A session had already been started - ignoring session_start() /var/www/html/bobo2/Home/Runtime/Cache/ce623d1db83d6aeebaf20a828a27d1b9.php 第 78 行.
NOTIC: [8] Undefined index: bobo_pc_user_id /var/www/html/bobo2/Home/Runtime/Cache/ce623d1db83d6aeebaf20a828a27d1b9.php 第 78 行.
NOTIC: [8] Undefined index: bobo_pc_user_id /var/www/html/bobo2/Home/Runtime/Cache/ce623d1db83d6aeebaf20a828a27d1b9.php 第 85 行.
NOTIC: [8] Undefined index: bobo_pc_user_name /var/www/html/bobo2/Home/Runtime/Cache/ce623d1db83d6aeebaf20a828a27d1b9.php 第 85 行.
NOTIC: [8] Undefined variable: k /var/www/html/bobo2/Home/Runtime/Cache/ce623d1db83d6aeebaf20a828a27d1b9.php 第 112 行.
NOTIC: [8] Use of undefined constant catid - assumed 'catid' /var/www/html/bobo2/Home/Runtime/Cache/ce623d1db83d6aeebaf20a828a27d1b9.php 第 115 行.
NOTIC: [8] Use of undefined constant id - assumed 'id' /var/www/html/bobo2/Home/Runtime/Cache/ce623d1db83d6aeebaf20a828a27d1b9.php 第 115 行.
NOTIC: [8] Use of undefined constant catid - assumed 'catid' /var/www/html/bobo2/Home/Runtime/Cache/ce623d1db83d6aeebaf20a828a27d1b9.php 第 115 行.
NOTIC: [8] Use of undefined constant id - assumed 'id' /var/www/html/bobo2/Home/Runtime/Cache/ce623d1db83d6aeebaf20a828a27d1b9.php 第 115 行.
NOTIC: [8] Use of undefined constant catid - assumed 'catid' /var/www/html/bobo2/Home/Runtime/Cache/ce623d1db83d6aeebaf20a828a27d1b9.php 第 115 行.
NOTIC: [8] Use of undefined constant id - assumed 'id' /var/www/html/bobo2/Home/Runtime/Cache/ce623d1db83d6aeebaf20a828a27d1b9.php 第 115 行.
NOTIC: [8] Use of undefined constant catid - assumed 'catid' /var/www/html/bobo2/Home/Runtime/Cache/ce623d1db83d6aeebaf20a828a27d1b9.php 第 115 行.
NOTIC: [8] Use of undefined constant id - assumed 'id' /var/www/html/bobo2/Home/Runtime/Cache/ce623d1db83d6aeebaf20a828a27d1b9.php 第 115 行.
NOTIC: [8] Use of undefined constant catid - assumed 'catid' /var/www/html/bobo2/Home/Runtime/Cache/ce623d1db83d6aeebaf20a828a27d1b9.php 第 115 行.
NOTIC: [8] Use of undefined constant id - assumed 'id' /var/www/html/bobo2/Home/Runtime/Cache/ce623d1db83d6aeebaf20a828a27d1b9.php 第 115 行.
NOTIC: [8] Use of undefined constant catid - assumed 'catid' /var/www/html/bobo2/Home/Runtime/Cache/ce623d1db83d6aeebaf20a828a27d1b9.php 第 115 行.
NOTIC: [8] Use of undefined constant id - assumed 'id' /var/www/html/bobo2/Home/Runtime/Cache/ce623d1db83d6aeebaf20a828a27d1b9.php 第 115 行.
NOTIC: [8] Use of undefined constant catid - assumed 'catid' /var/www/html/bobo2/Home/Runtime/Cache/ce623d1db83d6aeebaf20a828a27d1b9.php 第 115 行.
NOTIC: [8] Use of undefined constant id - assumed 'id' /var/www/html/bobo2/Home/Runtime/Cache/ce623d1db83d6aeebaf20a828a27d1b9.php 第 115 行.
NOTIC: [8] Use of undefined constant catid - assumed 'catid' /var/www/html/bobo2/Home/Runtime/Cache/ce623d1db83d6aeebaf20a828a27d1b9.php 第 115 行.
NOTIC: [8] Use of undefined constant id - assumed 'id' /var/www/html/bobo2/Home/Runtime/Cache/ce623d1db83d6aeebaf20a828a27d1b9.php 第 115 行.
NOTIC: [8] Use of undefined constant catid - assumed 'catid' /var/www/html/bobo2/Home/Runtime/Cache/ce623d1db83d6aeebaf20a828a27d1b9.php 第 118 行.
NOTIC: [8] Use of undefined constant id - assumed 'id' /var/www/html/bobo2/Home/Runtime/Cache/ce623d1db83d6aeebaf20a828a27d1b9.php 第 118 行.
NOTIC: [8] Use of undefined constant catid - assumed 'catid' /var/www/html/bobo2/Home/Runtime/Cache/ce623d1db83d6aeebaf20a828a27d1b9.php 第 118 行.
NOTIC: [8] Use of undefined constant id - assumed 'id' /var/www/html/bobo2/Home/Runtime/Cache/ce623d1db83d6aeebaf20a828a27d1b9.php 第 118 行.
NOTIC: [8] Use of undefined constant catid - assumed 'catid' /var/www/html/bobo2/Home/Runtime/Cache/ce623d1db83d6aeebaf20a828a27d1b9.php 第 118 行.
NOTIC: [8] Use of undefined constant id - assumed 'id' /var/www/html/bobo2/Home/Runtime/Cache/ce623d1db83d6aeebaf20a828a27d1b9.php 第 118 行.
NOTIC: [8] Use of undefined constant catid - assumed 'catid' /var/www/html/bobo2/Home/Runtime/Cache/ce623d1db83d6aeebaf20a828a27d1b9.php 第 118 行.
NOTIC: [8] Use of undefined constant id - assumed 'id' /var/www/html/bobo2/Home/Runtime/Cache/ce623d1db83d6aeebaf20a828a27d1b9.php 第 118 行.
NOTIC: [8] Use of undefined constant catid - assumed 'catid' /var/www/html/bobo2/Home/Runtime/Cache/ce623d1db83d6aeebaf20a828a27d1b9.php 第 121 行.
NOTIC: [8] Use of undefined constant id - assumed 'id' /var/www/html/bobo2/Home/Runtime/Cache/ce623d1db83d6aeebaf20a828a27d1b9.php 第 121 行.
NOTIC: [8] Use of undefined constant catid - assumed 'catid' /var/www/html/bobo2/Home/Runtime/Cache/ce623d1db83d6aeebaf20a828a27d1b9.php 第 121 行.
NOTIC: [8] Use of undefined constant id - assumed 'id' /var/www/html/bobo2/Home/Runtime/Cache/ce623d1db83d6aeebaf20a828a27d1b9.php 第 121 行.
NOTIC: [8] Use of undefined constant catid - assumed 'catid' /var/www/html/bobo2/Home/Runtime/Cache/ce623d1db83d6aeebaf20a828a27d1b9.php 第 146 行.
NOTIC: [8] Use of undefined constant id - assumed 'id' /var/www/html/bobo2/Home/Runtime/Cache/ce623d1db83d6aeebaf20a828a27d1b9.php 第 146 行.
NOTIC: [8] Use of undefined constant ppid - assumed 'ppid' /var/www/html/bobo2/Home/Runtime/Cache/ce623d1db83d6aeebaf20a828a27d1b9.php 第 146 行.
NOTIC: [8] Use of undefined constant catid - assumed 'catid' /var/www/html/bobo2/Home/Runtime/Cache/ce623d1db83d6aeebaf20a828a27d1b9.php 第 146 行.
NOTIC: [8] Use of undefined constant id - assumed 'id' /var/www/html/bobo2/Home/Runtime/Cache/ce623d1db83d6aeebaf20a828a27d1b9.php 第 146 行.
NOTIC: [8] Use of undefined constant ppid - assumed 'ppid' /var/www/html/bobo2/Home/Runtime/Cache/ce623d1db83d6aeebaf20a828a27d1b9.php 第 146 行.
NOTIC: [8] Use of undefined constant catid - assumed 'catid' /var/www/html/bobo2/Home/Runtime/Cache/ce623d1db83d6aeebaf20a828a27d1b9.php 第 146 行.
NOTIC: [8] Use of undefined constant id - assumed 'id' /var/www/html/bobo2/Home/Runtime/Cache/ce623d1db83d6aeebaf20a828a27d1b9.php 第 146 行.
NOTIC: [8] Use of undefined constant ppid - assumed 'ppid' /var/www/html/bobo2/Home/Runtime/Cache/ce623d1db83d6aeebaf20a828a27d1b9.php 第 146 行.
NOTIC: [8] Use of undefined constant catid - assumed 'catid' /var/www/html/bobo2/Home/Runtime/Cache/ce623d1db83d6aeebaf20a828a27d1b9.php 第 146 行.
NOTIC: [8] Use of undefined constant id - assumed 'id' /var/www/html/bobo2/Home/Runtime/Cache/ce623d1db83d6aeebaf20a828a27d1b9.php 第 146 行.
NOTIC: [8] Use of undefined constant ppid - assumed 'ppid' /var/www/html/bobo2/Home/Runtime/Cache/ce623d1db83d6aeebaf20a828a27d1b9.php 第 146 行.
NOTIC: [8] Use of undefined constant catid - assumed 'catid' /var/www/html/bobo2/Home/Runtime/Cache/ce623d1db83d6aeebaf20a828a27d1b9.php 第 146 行.
NOTIC: [8] Use of undefined constant id - assumed 'id' /var/www/html/bobo2/Home/Runtime/Cache/ce623d1db83d6aeebaf20a828a27d1b9.php 第 146 行.
NOTIC: [8] Use of undefined constant ppid - assumed 'ppid' /var/www/html/bobo2/Home/Runtime/Cache/ce623d1db83d6aeebaf20a828a27d1b9.php 第 146 行.
NOTIC: [8] Use of undefined constant catid - assumed 'catid' /var/www/html/bobo2/Home/Runtime/Cache/ce623d1db83d6aeebaf20a828a27d1b9.php 第 146 行.
NOTIC: [8] Use of undefined constant id - assumed 'id' /var/www/html/bobo2/Home/Runtime/Cache/ce623d1db83d6aeebaf20a828a27d1b9.php 第 146 行.
NOTIC: [8] Use of undefined constant ppid - assumed 'ppid' /var/www/html/bobo2/Home/Runtime/Cache/ce623d1db83d6aeebaf20a828a27d1b9.php 第 146 行.
NOTIC: [8] Use of undefined constant catid - assumed 'catid' /var/www/html/bobo2/Home/Runtime/Cache/ce623d1db83d6aeebaf20a828a27d1b9.php 第 146 行.
NOTIC: [8] Use of undefined constant id - assumed 'id' /var/www/html/bobo2/Home/Runtime/Cache/ce623d1db83d6aeebaf20a828a27d1b9.php 第 146 行.
NOTIC: [8] Use of undefined constant ppid - assumed 'ppid' /var/www/html/bobo2/Home/Runtime/Cache/ce623d1db83d6aeebaf20a828a27d1b9.php 第 146 行.
NOTIC: [8] Use of undefined constant catid - assumed 'catid' /var/www/html/bobo2/Home/Runtime/Cache/ce623d1db83d6aeebaf20a828a27d1b9.php 第 146 行.
NOTIC: [8] Use of undefined constant id - assumed 'id' /var/www/html/bobo2/Home/Runtime/Cache/ce623d1db83d6aeebaf20a828a27d1b9.php 第 146 行.
NOTIC: [8] Use of undefined constant ppid - assumed 'ppid' /var/www/html/bobo2/Home/Runtime/Cache/ce623d1db83d6aeebaf20a828a27d1b9.php 第 146 行.
NOTIC: [8] Use of undefined constant catid - assumed 'catid' /var/www/html/bobo2/Home/Runtime/Cache/ce623d1db83d6aeebaf20a828a27d1b9.php 第 150 行.
NOTIC: [8] Use of undefined constant catid - assumed 'catid' /var/www/html/bobo2/Home/Runtime/Cache/ce623d1db83d6aeebaf20a828a27d1b9.php 第 150 行.
NOTIC: [8] Use of undefined constant catid - assumed 'catid' /var/www/html/bobo2/Home/Runtime/Cache/ce623d1db83d6aeebaf20a828a27d1b9.php 第 150 行.
NOTIC: [8] Use of undefined constant catid - assumed 'catid' /var/www/html/bobo2/Home/Runtime/Cache/ce623d1db83d6aeebaf20a828a27d1b9.php 第 150 行.
NOTIC: [8] Use of undefined constant catid - assumed 'catid' /var/www/html/bobo2/Home/Runtime/Cache/ce623d1db83d6aeebaf20a828a27d1b9.php 第 150 行.
NOTIC: [8] Use of undefined constant catid - assumed 'catid' /var/www/html/bobo2/Home/Runtime/Cache/ce623d1db83d6aeebaf20a828a27d1b9.php 第 150 行.
NOTIC: [8] Use of undefined constant catid - assumed 'catid' /var/www/html/bobo2/Home/Runtime/Cache/ce623d1db83d6aeebaf20a828a27d1b9.php 第 150 行.
NOTIC: [8] Use of undefined constant catid - assumed 'catid' /var/www/html/bobo2/Home/Runtime/Cache/ce623d1db83d6aeebaf20a828a27d1b9.php 第 150 行.
NOTIC: [8] Use of undefined constant catid - assumed 'catid' /var/www/html/bobo2/Home/Runtime/Cache/ce623d1db83d6aeebaf20a828a27d1b9.php 第 154 行.
NOTIC: [8] Use of undefined constant catid - assumed 'catid' /var/www/html/bobo2/Home/Runtime/Cache/ce623d1db83d6aeebaf20a828a27d1b9.php 第 154 行.
NOTIC: [8] Use of undefined constant catid - assumed 'catid' /var/www/html/bobo2/Home/Runtime/Cache/ce623d1db83d6aeebaf20a828a27d1b9.php 第 154 行.
NOTIC: [8] Use of undefined constant catid - assumed 'catid' /var/www/html/bobo2/Home/Runtime/Cache/ce623d1db83d6aeebaf20a828a27d1b9.php 第 154 行.
NOTIC: [8] Use of undefined constant catid - assumed 'catid' /var/www/html/bobo2/Home/Runtime/Cache/ce623d1db83d6aeebaf20a828a27d1b9.php 第 154 行.
NOTIC: [8] Use of undefined constant catid - assumed 'catid' /var/www/html/bobo2/Home/Runtime/Cache/ce623d1db83d6aeebaf20a828a27d1b9.php 第 154 行.
NOTIC: [8] Use of undefined constant catid - assumed 'catid' /var/www/html/bobo2/Home/Runtime/Cache/ce623d1db83d6aeebaf20a828a27d1b9.php 第 154 行.
NOTIC: [8] Use of undefined constant catid - assumed 'catid' /var/www/html/bobo2/Home/Runtime/Cache/ce623d1db83d6aeebaf20a828a27d1b9.php 第 157 行.
NOTIC: [8] Use of undefined constant catid - assumed 'catid' /var/www/html/bobo2/Home/Runtime/Cache/ce623d1db83d6aeebaf20a828a27d1b9.php 第 157 行.
NOTIC: [8] Use of undefined constant catid - assumed 'catid' /var/www/html/bobo2/Home/Runtime/Cache/ce623d1db83d6aeebaf20a828a27d1b9.php 第 157 行.
NOTIC: [8] Use of undefined constant catid - assumed 'catid' /var/www/html/bobo2/Home/Runtime/Cache/ce623d1db83d6aeebaf20a828a27d1b9.php 第 157 行.
NOTIC: [8] Use of undefined constant catid - assumed 'catid' /var/www/html/bobo2/Home/Runtime/Cache/ce623d1db83d6aeebaf20a828a27d1b9.php 第 157 行.
NOTIC: [8] Use of undefined constant catid - assumed 'catid' /var/www/html/bobo2/Home/Runtime/Cache/ce623d1db83d6aeebaf20a828a27d1b9.php 第 157 行.
NOTIC: [8] Use of undefined constant catid - assumed 'catid' /var/www/html/bobo2/Home/Runtime/Cache/ce623d1db83d6aeebaf20a828a27d1b9.php 第 157 行.
NOTIC: [8] Use of undefined constant catid - assumed 'catid' /var/www/html/bobo2/Home/Runtime/Cache/ce623d1db83d6aeebaf20a828a27d1b9.php 第 157 行.
NOTIC: [8] Use of undefined constant catid - assumed 'catid' /var/www/html/bobo2/Home/Runtime/Cache/ce623d1db83d6aeebaf20a828a27d1b9.php 第 180 行.
NOTIC: [8] Use of undefined constant id - assumed 'id' /var/www/html/bobo2/Home/Runtime/Cache/ce623d1db83d6aeebaf20a828a27d1b9.php 第 180 行.
NOTIC: [8] Use of undefined constant ppid - assumed 'ppid' /var/www/html/bobo2/Home/Runtime/Cache/ce623d1db83d6aeebaf20a828a27d1b9.php 第 180 行.
NOTIC: [8] Use of undefined constant catid - assumed 'catid' /var/www/html/bobo2/Home/Runtime/Cache/ce623d1db83d6aeebaf20a828a27d1b9.php 第 180 行.
NOTIC: [8] Use of undefined constant id - assumed 'id' /var/www/html/bobo2/Home/Runtime/Cache/ce623d1db83d6aeebaf20a828a27d1b9.php 第 180 行.
NOTIC: [8] Use of undefined constant ppid - assumed 'ppid' /var/www/html/bobo2/Home/Runtime/Cache/ce623d1db83d6aeebaf20a828a27d1b9.php 第 180 行.
NOTIC: [8] Use of undefined constant catid - assumed 'catid' /var/www/html/bobo2/Home/Runtime/Cache/ce623d1db83d6aeebaf20a828a27d1b9.php 第 180 行.
NOTIC: [8] Use of undefined constant id - assumed 'id' /var/www/html/bobo2/Home/Runtime/Cache/ce623d1db83d6aeebaf20a828a27d1b9.php 第 180 行.
NOTIC: [8] Use of undefined constant ppid - assumed 'ppid' /var/www/html/bobo2/Home/Runtime/Cache/ce623d1db83d6aeebaf20a828a27d1b9.php 第 180 行.
NOTIC: [8] Use of undefined constant catid - assumed 'catid' /var/www/html/bobo2/Home/Runtime/Cache/ce623d1db83d6aeebaf20a828a27d1b9.php 第 180 行.
NOTIC: [8] Use of undefined constant id - assumed 'id' /var/www/html/bobo2/Home/Runtime/Cache/ce623d1db83d6aeebaf20a828a27d1b9.php 第 180 行.
NOTIC: [8] Use of undefined constant ppid - assumed 'ppid' /var/www/html/bobo2/Home/Runtime/Cache/ce623d1db83d6aeebaf20a828a27d1b9.php 第 180 行.
NOTIC: [8] Use of undefined constant catid - assumed 'catid' /var/www/html/bobo2/Home/Runtime/Cache/ce623d1db83d6aeebaf20a828a27d1b9.php 第 180 行.
NOTIC: [8] Use of undefined constant id - assumed 'id' /var/www/html/bobo2/Home/Runtime/Cache/ce623d1db83d6aeebaf20a828a27d1b9.php 第 180 行.
NOTIC: [8] Use of undefined constant ppid - assumed 'ppid' /var/www/html/bobo2/Home/Runtime/Cache/ce623d1db83d6aeebaf20a828a27d1b9.php 第 180 行.
NOTIC: [8] Use of undefined constant catid - assumed 'catid' /var/www/html/bobo2/Home/Runtime/Cache/ce623d1db83d6aeebaf20a828a27d1b9.php 第 180 行.
NOTIC: [8] Use of undefined constant id - assumed 'id' /var/www/html/bobo2/Home/Runtime/Cache/ce623d1db83d6aeebaf20a828a27d1b9.php 第 180 行.
NOTIC: [8] Use of undefined constant ppid - assumed 'ppid' /var/www/html/bobo2/Home/Runtime/Cache/ce623d1db83d6aeebaf20a828a27d1b9.php 第 180 行.
NOTIC: [8] Use of undefined constant catid - assumed 'catid' /var/www/html/bobo2/Home/Runtime/Cache/ce623d1db83d6aeebaf20a828a27d1b9.php 第 180 行.
NOTIC: [8] Use of undefined constant id - assumed 'id' /var/www/html/bobo2/Home/Runtime/Cache/ce623d1db83d6aeebaf20a828a27d1b9.php 第 180 行.
NOTIC: [8] Use of undefined constant ppid - assumed 'ppid' /var/www/html/bobo2/Home/Runtime/Cache/ce623d1db83d6aeebaf20a828a27d1b9.php 第 180 行.
NOTIC: [8] Use of undefined constant catid - assumed 'catid' /var/www/html/bobo2/Home/Runtime/Cache/ce623d1db83d6aeebaf20a828a27d1b9.php 第 180 行.
NOTIC: [8] Use of undefined constant id - assumed 'id' /var/www/html/bobo2/Home/Runtime/Cache/ce623d1db83d6aeebaf20a828a27d1b9.php 第 180 行.
NOTIC: [8] Use of undefined constant ppid - assumed 'ppid' /var/www/html/bobo2/Home/Runtime/Cache/ce623d1db83d6aeebaf20a828a27d1b9.php 第 180 行.
NOTIC: [8] Use of undefined constant catid - assumed 'catid' /var/www/html/bobo2/Home/Runtime/Cache/ce623d1db83d6aeebaf20a828a27d1b9.php 第 184 行.
NOTIC: [8] Use of undefined constant catid - assumed 'catid' /var/www/html/bobo2/Home/Runtime/Cache/ce623d1db83d6aeebaf20a828a27d1b9.php 第 184 行.
NOTIC: [8] Use of undefined constant catid - assumed 'catid' /var/www/html/bobo2/Home/Runtime/Cache/ce623d1db83d6aeebaf20a828a27d1b9.php 第 184 行.
NOTIC: [8] Use of undefined constant catid - assumed 'catid' /var/www/html/bobo2/Home/Runtime/Cache/ce623d1db83d6aeebaf20a828a27d1b9.php 第 184 行.
NOTIC: [8] Use of undefined constant catid - assumed 'catid' /var/www/html/bobo2/Home/Runtime/Cache/ce623d1db83d6aeebaf20a828a27d1b9.php 第 184 行.
NOTIC: [8] Use of undefined constant catid - assumed 'catid' /var/www/html/bobo2/Home/Runtime/Cache/ce623d1db83d6aeebaf20a828a27d1b9.php 第 184 行.
NOTIC: [8] Use of undefined constant catid - assumed 'catid' /var/www/html/bobo2/Home/Runtime/Cache/ce623d1db83d6aeebaf20a828a27d1b9.php 第 184 行.
NOTIC: [8] Use of undefined constant catid - assumed 'catid' /var/www/html/bobo2/Home/Runtime/Cache/ce623d1db83d6aeebaf20a828a27d1b9.php 第 184 行.
NOTIC: [8] Use of undefined constant catid - assumed 'catid' /var/www/html/bobo2/Home/Runtime/Cache/ce623d1db83d6aeebaf20a828a27d1b9.php 第 188 行.
NOTIC: [8] Use of undefined constant catid - assumed 'catid' /var/www/html/bobo2/Home/Runtime/Cache/ce623d1db83d6aeebaf20a828a27d1b9.php 第 188 行.
NOTIC: [8] Use of undefined constant catid - assumed 'catid' /var/www/html/bobo2/Home/Runtime/Cache/ce623d1db83d6aeebaf20a828a27d1b9.php 第 188 行.
NOTIC: [8] Use of undefined constant catid - assumed 'catid' /var/www/html/bobo2/Home/Runtime/Cache/ce623d1db83d6aeebaf20a828a27d1b9.php 第 188 行.
NOTIC: [8] Use of undefined constant catid - assumed 'catid' /var/www/html/bobo2/Home/Runtime/Cache/ce623d1db83d6aeebaf20a828a27d1b9.php 第 188 行.
NOTIC: [8] Use of undefined constant catid - assumed 'catid' /var/www/html/bobo2/Home/Runtime/Cache/ce623d1db83d6aeebaf20a828a27d1b9.php 第 188 行.
NOTIC: [8] Use of undefined constant catid - assumed 'catid' /var/www/html/bobo2/Home/Runtime/Cache/ce623d1db83d6aeebaf20a828a27d1b9.php 第 188 行.
NOTIC: [8] Use of undefined constant catid - assumed 'catid' /var/www/html/bobo2/Home/Runtime/Cache/ce623d1db83d6aeebaf20a828a27d1b9.php 第 191 行.
NOTIC: [8] Use of undefined constant catid - assumed 'catid' /var/www/html/bobo2/Home/Runtime/Cache/ce623d1db83d6aeebaf20a828a27d1b9.php 第 191 行.
NOTIC: [8] Use of undefined constant catid - assumed 'catid' /var/www/html/bobo2/Home/Runtime/Cache/ce623d1db83d6aeebaf20a828a27d1b9.php 第 191 行.
NOTIC: [8] Use of undefined constant catid - assumed 'catid' /var/www/html/bobo2/Home/Runtime/Cache/ce623d1db83d6aeebaf20a828a27d1b9.php 第 191 行.
NOTIC: [8] Use of undefined constant catid - assumed 'catid' /var/www/html/bobo2/Home/Runtime/Cache/ce623d1db83d6aeebaf20a828a27d1b9.php 第 191 行.
NOTIC: [8] Use of undefined constant catid - assumed 'catid' /var/www/html/bobo2/Home/Runtime/Cache/ce623d1db83d6aeebaf20a828a27d1b9.php 第 191 行.
NOTIC: [8] Use of undefined constant catid - assumed 'catid' /var/www/html/bobo2/Home/Runtime/Cache/ce623d1db83d6aeebaf20a828a27d1b9.php 第 191 行.
NOTIC: [8] Use of undefined constant catid - assumed 'catid' /var/www/html/bobo2/Home/Runtime/Cache/ce623d1db83d6aeebaf20a828a27d1b9.php 第 191 行.
INFO: Run ParseTemplate Behavior [ RunTime:0.034498s ]
INFO: [ view_parse ] --END-- [ RunTime:0.034576s ]
INFO: [ view_filter ] --START--
INFO: Run ContentReplace Behavior [ RunTime:0.000556s ]
INFO: Run TokenBuild Behavior [ RunTime:0.000302s ]
INFO: Run WriteHtmlCache Behavior [ RunTime:0.000150s ]
INFO: Run ShowRuntime Behavior [ RunTime:0.000345s ]
INFO: [ view_filter ] --END-- [ RunTime:0.001518s ]
INFO: [ view_end ] --START--
INFO: Run ShowPageTrace Behavior [ RunTime:0.000438s ]
INFO: [ view_end ] --END-- [ RunTime:0.000493s ]

