[ 2016-10-09T23:31:12+08:00 ] 66.249.64.140 /bobo2/index.php/Try/product_details/catid/21/pid/46/ppid/55
INFO: [ route_check ] --START--
INFO: Run CheckRoute Behavior [ RunTime:0.000614s ]
INFO: [ route_check ] --END-- [ RunTime:0.000694s ]
INFO: [ app_begin ] --START--
INFO: Run ReadHtmlCache Behavior [ RunTime:0.000378s ]
INFO: [ app_begin ] --END-- [ RunTime:0.000438s ]
SQL: SHOW COLUMNS FROM `tp_try_out` [ RunTime:0.013249s ]
SQL: SHOW COLUMNS FROM `tp_problem_data` [ RunTime:0.023487s ]
SQL: SHOW COLUMNS FROM `tp_product` [ RunTime:0.000768s ]
SQL: SHOW COLUMNS FROM `tp_parameter` [ RunTime:0.000561s ]
SQL: SHOW COLUMNS FROM `tp_collect` [ RunTime:0.022541s ]
SQL: SHOW COLUMNS FROM `tp_category` [ RunTime:0.000608s ]
SQL: SHOW COLUMNS FROM `tp_content` [ RunTime:0.000672s ]
SQL: SHOW COLUMNS FROM `tp_page` [ RunTime:0.000507s ]
SQL: SELECT * FROM `tp_page` WHERE ( `catid` = 29 ) LIMIT 1   [ RunTime:0.000262s ]
SQL: SELECT `id`,`catid`,`title`,`headerpic` FROM `tp_content` WHERE ( catid=23 and (status=2 or status=3) ) ORDER BY conorder desc,id desc LIMIT 8   [ RunTime:0.000502s ]
SQL: SELECT `id`,`catid`,`title`,`headerpic` FROM `tp_content` WHERE ( catid=24 and (status=2 or status=3) ) ORDER BY conorder desc,id desc LIMIT 8   [ RunTime:0.000416s ]
SQL: SELECT `id`,`catid`,`title`,`headerpic` FROM `tp_content` WHERE ( catid=25 and (status=2 or status=3) ) ORDER BY conorder desc,id desc LIMIT 8   [ RunTime:0.000367s ]
SQL: SHOW COLUMNS FROM `tp_site` [ RunTime:0.000429s ]
SQL: SELECT * FROM `tp_site` WHERE ( siteid=1 ) LIMIT 1   [ RunTime:0.000191s ]
SQL: SELECT a.xqstatus,a.title,a.picurlpc,a.catid,a.id,b.id as ppid FROM tp_product_price b,tp_product a WHERE ( a.posid=1 and a.status=1 and  a.id=b.pid ) ORDER BY a.listorder desc,id desc LIMIT 8   [ RunTime:0.000620s ]
SQL: SHOW COLUMNS FROM `tp_video` [ RunTime:0.000633s ]
SQL: SELECT `vtitle`,`headerpic`,`catid` FROM `tp_video` WHERE ( catid=26 and (status=2 or status=3) ) ORDER BY listorder desc,vid desc LIMIT 8   [ RunTime:0.000312s ]
SQL: SELECT `vtitle`,`headerpic`,`catid` FROM `tp_video` WHERE ( catid=27 and (status=2 or status=3) ) ORDER BY listorder desc,vid desc LIMIT 8   [ RunTime:0.000223s ]
SQL: SELECT `catid`,`catname`,`caturl` FROM `tp_category` WHERE ( `catid` IN ('14','15','16','17','18','19','20','21') ) ORDER BY listorder desc,catid desc  [ RunTime:0.000239s ]
NOTIC: [8] Undefined variable: category_list /var/www/html/bobo2/Home/Lib/Action/CommonAction.class.php 第 28 行.
SQL: SELECT tp_product.actstatus,tp_product.activity,tp_product.xqstatus,tp_product.content,tp_product.picurlpcall,tp_product.title,tp_product.colorlist,a.price,c.id as colid,a.id as ppid FROM `tp_product` left join tp_product_price a on tp_product.id=a.pid left join tp_collect c on a.id=c.ppid WHERE ( tp_product.catid=21 and tp_product.id=46 and tp_product.status=1 and a.id=55 and tp_product.actstatus=1 ) LIMIT 1   [ RunTime:0.000249s ]
SQL: SELECT `colorname`,`name` FROM `tp_parameter` WHERE ( `id` IN ('9') ) AND ( `status` = 1 ) ORDER BY field (id,9)  [ RunTime:0.000170s ]
INFO: [ view_template ] --START--
INFO: Run LocationTemplate Behavior [ RunTime:0.000300s ]
INFO: [ view_template ] --END-- [ RunTime:0.000363s ]
INFO: [ view_parse ] --START--
NOTIC: [8] A session had already been started - ignoring session_start() /var/www/html/bobo2/Home/Runtime/Cache/807534e6e2928805c6ebac5c77e25550.php 第 78 行.
NOTIC: [8] Undefined index: bobo_pc_user_id /var/www/html/bobo2/Home/Runtime/Cache/807534e6e2928805c6ebac5c77e25550.php 第 78 行.
NOTIC: [8] Undefined index: bobo_pc_user_id /var/www/html/bobo2/Home/Runtime/Cache/807534e6e2928805c6ebac5c77e25550.php 第 85 行.
NOTIC: [8] Undefined index: bobo_pc_user_name /var/www/html/bobo2/Home/Runtime/Cache/807534e6e2928805c6ebac5c77e25550.php 第 85 行.
NOTIC: [8] Undefined variable: k /var/www/html/bobo2/Home/Runtime/Cache/807534e6e2928805c6ebac5c77e25550.php 第 112 行.
NOTIC: [8] Use of undefined constant catid - assumed 'catid' /var/www/html/bobo2/Home/Runtime/Cache/807534e6e2928805c6ebac5c77e25550.php 第 115 行.
NOTIC: [8] Use of undefined constant id - assumed 'id' /var/www/html/bobo2/Home/Runtime/Cache/807534e6e2928805c6ebac5c77e25550.php 第 115 行.
NOTIC: [8] Use of undefined constant catid - assumed 'catid' /var/www/html/bobo2/Home/Runtime/Cache/807534e6e2928805c6ebac5c77e25550.php 第 115 行.
NOTIC: [8] Use of undefined constant id - assumed 'id' /var/www/html/bobo2/Home/Runtime/Cache/807534e6e2928805c6ebac5c77e25550.php 第 115 行.
NOTIC: [8] Use of undefined constant catid - assumed 'catid' /var/www/html/bobo2/Home/Runtime/Cache/807534e6e2928805c6ebac5c77e25550.php 第 115 行.
NOTIC: [8] Use of undefined constant id - assumed 'id' /var/www/html/bobo2/Home/Runtime/Cache/807534e6e2928805c6ebac5c77e25550.php 第 115 行.
NOTIC: [8] Use of undefined constant catid - assumed 'catid' /var/www/html/bobo2/Home/Runtime/Cache/807534e6e2928805c6ebac5c77e25550.php 第 115 行.
NOTIC: [8] Use of undefined constant id - assumed 'id' /var/www/html/bobo2/Home/Runtime/Cache/807534e6e2928805c6ebac5c77e25550.php 第 115 行.
NOTIC: [8] Use of undefined constant catid - assumed 'catid' /var/www/html/bobo2/Home/Runtime/Cache/807534e6e2928805c6ebac5c77e25550.php 第 115 行.
NOTIC: [8] Use of undefined constant id - assumed 'id' /var/www/html/bobo2/Home/Runtime/Cache/807534e6e2928805c6ebac5c77e25550.php 第 115 行.
NOTIC: [8] Use of undefined constant catid - assumed 'catid' /var/www/html/bobo2/Home/Runtime/Cache/807534e6e2928805c6ebac5c77e25550.php 第 115 行.
NOTIC: [8] Use of undefined constant id - assumed 'id' /var/www/html/bobo2/Home/Runtime/Cache/807534e6e2928805c6ebac5c77e25550.php 第 115 行.
NOTIC: [8] Use of undefined constant catid - assumed 'catid' /var/www/html/bobo2/Home/Runtime/Cache/807534e6e2928805c6ebac5c77e25550.php 第 115 行.
NOTIC: [8] Use of undefined constant id - assumed 'id' /var/www/html/bobo2/Home/Runtime/Cache/807534e6e2928805c6ebac5c77e25550.php 第 115 行.
NOTIC: [8] Use of undefined constant catid - assumed 'catid' /var/www/html/bobo2/Home/Runtime/Cache/807534e6e2928805c6ebac5c77e25550.php 第 115 行.
NOTIC: [8] Use of undefined constant id - assumed 'id' /var/www/html/bobo2/Home/Runtime/Cache/807534e6e2928805c6ebac5c77e25550.php 第 115 行.
NOTIC: [8] Use of undefined constant catid - assumed 'catid' /var/www/html/bobo2/Home/Runtime/Cache/807534e6e2928805c6ebac5c77e25550.php 第 118 行.
NOTIC: [8] Use of undefined constant id - assumed 'id' /var/www/html/bobo2/Home/Runtime/Cache/807534e6e2928805c6ebac5c77e25550.php 第 118 行.
NOTIC: [8] Use of undefined constant catid - assumed 'catid' /var/www/html/bobo2/Home/Runtime/Cache/807534e6e2928805c6ebac5c77e25550.php 第 118 行.
NOTIC: [8] Use of undefined constant id - assumed 'id' /var/www/html/bobo2/Home/Runtime/Cache/807534e6e2928805c6ebac5c77e25550.php 第 118 行.
NOTIC: [8] Use of undefined constant catid - assumed 'catid' /var/www/html/bobo2/Home/Runtime/Cache/807534e6e2928805c6ebac5c77e25550.php 第 118 行.
NOTIC: [8] Use of undefined constant id - assumed 'id' /var/www/html/bobo2/Home/Runtime/Cache/807534e6e2928805c6ebac5c77e25550.php 第 118 行.
NOTIC: [8] Use of undefined constant catid - assumed 'catid' /var/www/html/bobo2/Home/Runtime/Cache/807534e6e2928805c6ebac5c77e25550.php 第 118 行.
NOTIC: [8] Use of undefined constant id - assumed 'id' /var/www/html/bobo2/Home/Runtime/Cache/807534e6e2928805c6ebac5c77e25550.php 第 118 行.
NOTIC: [8] Use of undefined constant catid - assumed 'catid' /var/www/html/bobo2/Home/Runtime/Cache/807534e6e2928805c6ebac5c77e25550.php 第 121 行.
NOTIC: [8] Use of undefined constant id - assumed 'id' /var/www/html/bobo2/Home/Runtime/Cache/807534e6e2928805c6ebac5c77e25550.php 第 121 行.
NOTIC: [8] Use of undefined constant catid - assumed 'catid' /var/www/html/bobo2/Home/Runtime/Cache/807534e6e2928805c6ebac5c77e25550.php 第 121 行.
NOTIC: [8] Use of undefined constant id - assumed 'id' /var/www/html/bobo2/Home/Runtime/Cache/807534e6e2928805c6ebac5c77e25550.php 第 121 行.
NOTIC: [8] Use of undefined constant catid - assumed 'catid' /var/www/html/bobo2/Home/Runtime/Cache/807534e6e2928805c6ebac5c77e25550.php 第 146 行.
NOTIC: [8] Use of undefined constant id - assumed 'id' /var/www/html/bobo2/Home/Runtime/Cache/807534e6e2928805c6ebac5c77e25550.php 第 146 行.
NOTIC: [8] Use of undefined constant ppid - assumed 'ppid' /var/www/html/bobo2/Home/Runtime/Cache/807534e6e2928805c6ebac5c77e25550.php 第 146 行.
NOTIC: [8] Use of undefined constant catid - assumed 'catid' /var/www/html/bobo2/Home/Runtime/Cache/807534e6e2928805c6ebac5c77e25550.php 第 146 行.
NOTIC: [8] Use of undefined constant id - assumed 'id' /var/www/html/bobo2/Home/Runtime/Cache/807534e6e2928805c6ebac5c77e25550.php 第 146 行.
NOTIC: [8] Use of undefined constant ppid - assumed 'ppid' /var/www/html/bobo2/Home/Runtime/Cache/807534e6e2928805c6ebac5c77e25550.php 第 146 行.
NOTIC: [8] Use of undefined constant catid - assumed 'catid' /var/www/html/bobo2/Home/Runtime/Cache/807534e6e2928805c6ebac5c77e25550.php 第 146 行.
NOTIC: [8] Use of undefined constant id - assumed 'id' /var/www/html/bobo2/Home/Runtime/Cache/807534e6e2928805c6ebac5c77e25550.php 第 146 行.
NOTIC: [8] Use of undefined constant ppid - assumed 'ppid' /var/www/html/bobo2/Home/Runtime/Cache/807534e6e2928805c6ebac5c77e25550.php 第 146 行.
NOTIC: [8] Use of undefined constant catid - assumed 'catid' /var/www/html/bobo2/Home/Runtime/Cache/807534e6e2928805c6ebac5c77e25550.php 第 146 行.
NOTIC: [8] Use of undefined constant id - assumed 'id' /var/www/html/bobo2/Home/Runtime/Cache/807534e6e2928805c6ebac5c77e25550.php 第 146 行.
NOTIC: [8] Use of undefined constant ppid - assumed 'ppid' /var/www/html/bobo2/Home/Runtime/Cache/807534e6e2928805c6ebac5c77e25550.php 第 146 行.
NOTIC: [8] Use of undefined constant catid - assumed 'catid' /var/www/html/bobo2/Home/Runtime/Cache/807534e6e2928805c6ebac5c77e25550.php 第 146 行.
NOTIC: [8] Use of undefined constant id - assumed 'id' /var/www/html/bobo2/Home/Runtime/Cache/807534e6e2928805c6ebac5c77e25550.php 第 146 行.
NOTIC: [8] Use of undefined constant ppid - assumed 'ppid' /var/www/html/bobo2/Home/Runtime/Cache/807534e6e2928805c6ebac5c77e25550.php 第 146 行.
NOTIC: [8] Use of undefined constant catid - assumed 'catid' /var/www/html/bobo2/Home/Runtime/Cache/807534e6e2928805c6ebac5c77e25550.php 第 146 行.
NOTIC: [8] Use of undefined constant id - assumed 'id' /var/www/html/bobo2/Home/Runtime/Cache/807534e6e2928805c6ebac5c77e25550.php 第 146 行.
NOTIC: [8] Use of undefined constant ppid - assumed 'ppid' /var/www/html/bobo2/Home/Runtime/Cache/807534e6e2928805c6ebac5c77e25550.php 第 146 行.
NOTIC: [8] Use of undefined constant catid - assumed 'catid' /var/www/html/bobo2/Home/Runtime/Cache/807534e6e2928805c6ebac5c77e25550.php 第 146 行.
NOTIC: [8] Use of undefined constant id - assumed 'id' /var/www/html/bobo2/Home/Runtime/Cache/807534e6e2928805c6ebac5c77e25550.php 第 146 行.
NOTIC: [8] Use of undefined constant ppid - assumed 'ppid' /var/www/html/bobo2/Home/Runtime/Cache/807534e6e2928805c6ebac5c77e25550.php 第 146 行.
NOTIC: [8] Use of undefined constant catid - assumed 'catid' /var/www/html/bobo2/Home/Runtime/Cache/807534e6e2928805c6ebac5c77e25550.php 第 146 行.
NOTIC: [8] Use of undefined constant id - assumed 'id' /var/www/html/bobo2/Home/Runtime/Cache/807534e6e2928805c6ebac5c77e25550.php 第 146 行.
NOTIC: [8] Use of undefined constant ppid - assumed 'ppid' /var/www/html/bobo2/Home/Runtime/Cache/807534e6e2928805c6ebac5c77e25550.php 第 146 行.
NOTIC: [8] Use of undefined constant catid - assumed 'catid' /var/www/html/bobo2/Home/Runtime/Cache/807534e6e2928805c6ebac5c77e25550.php 第 150 行.
NOTIC: [8] Use of undefined constant catid - assumed 'catid' /var/www/html/bobo2/Home/Runtime/Cache/807534e6e2928805c6ebac5c77e25550.php 第 150 行.
NOTIC: [8] Use of undefined constant catid - assumed 'catid' /var/www/html/bobo2/Home/Runtime/Cache/807534e6e2928805c6ebac5c77e25550.php 第 150 行.
NOTIC: [8] Use of undefined constant catid - assumed 'catid' /var/www/html/bobo2/Home/Runtime/Cache/807534e6e2928805c6ebac5c77e25550.php 第 150 行.
NOTIC: [8] Use of undefined constant catid - assumed 'catid' /var/www/html/bobo2/Home/Runtime/Cache/807534e6e2928805c6ebac5c77e25550.php 第 150 行.
NOTIC: [8] Use of undefined constant catid - assumed 'catid' /var/www/html/bobo2/Home/Runtime/Cache/807534e6e2928805c6ebac5c77e25550.php 第 150 行.
NOTIC: [8] Use of undefined constant catid - assumed 'catid' /var/www/html/bobo2/Home/Runtime/Cache/807534e6e2928805c6ebac5c77e25550.php 第 150 行.
NOTIC: [8] Use of undefined constant catid - assumed 'catid' /var/www/html/bobo2/Home/Runtime/Cache/807534e6e2928805c6ebac5c77e25550.php 第 150 行.
NOTIC: [8] Use of undefined constant catid - assumed 'catid' /var/www/html/bobo2/Home/Runtime/Cache/807534e6e2928805c6ebac5c77e25550.php 第 154 行.
NOTIC: [8] Use of undefined constant catid - assumed 'catid' /var/www/html/bobo2/Home/Runtime/Cache/807534e6e2928805c6ebac5c77e25550.php 第 154 行.
NOTIC: [8] Use of undefined constant catid - assumed 'catid' /var/www/html/bobo2/Home/Runtime/Cache/807534e6e2928805c6ebac5c77e25550.php 第 154 行.
NOTIC: [8] Use of undefined constant catid - assumed 'catid' /var/www/html/bobo2/Home/Runtime/Cache/807534e6e2928805c6ebac5c77e25550.php 第 154 行.
NOTIC: [8] Use of undefined constant catid - assumed 'catid' /var/www/html/bobo2/Home/Runtime/Cache/807534e6e2928805c6ebac5c77e25550.php 第 154 行.
NOTIC: [8] Use of undefined constant catid - assumed 'catid' /var/www/html/bobo2/Home/Runtime/Cache/807534e6e2928805c6ebac5c77e25550.php 第 154 行.
NOTIC: [8] Use of undefined constant catid - assumed 'catid' /var/www/html/bobo2/Home/Runtime/Cache/807534e6e2928805c6ebac5c77e25550.php 第 154 行.
NOTIC: [8] Use of undefined constant catid - assumed 'catid' /var/www/html/bobo2/Home/Runtime/Cache/807534e6e2928805c6ebac5c77e25550.php 第 157 行.
NOTIC: [8] Use of undefined constant catid - assumed 'catid' /var/www/html/bobo2/Home/Runtime/Cache/807534e6e2928805c6ebac5c77e25550.php 第 157 行.
NOTIC: [8] Use of undefined constant catid - assumed 'catid' /var/www/html/bobo2/Home/Runtime/Cache/807534e6e2928805c6ebac5c77e25550.php 第 157 行.
NOTIC: [8] Use of undefined constant catid - assumed 'catid' /var/www/html/bobo2/Home/Runtime/Cache/807534e6e2928805c6ebac5c77e25550.php 第 157 行.
NOTIC: [8] Use of undefined constant catid - assumed 'catid' /var/www/html/bobo2/Home/Runtime/Cache/807534e6e2928805c6ebac5c77e25550.php 第 157 行.
NOTIC: [8] Use of undefined constant catid - assumed 'catid' /var/www/html/bobo2/Home/Runtime/Cache/807534e6e2928805c6ebac5c77e25550.php 第 157 行.
NOTIC: [8] Use of undefined constant catid - assumed 'catid' /var/www/html/bobo2/Home/Runtime/Cache/807534e6e2928805c6ebac5c77e25550.php 第 157 行.
NOTIC: [8] Use of undefined constant catid - assumed 'catid' /var/www/html/bobo2/Home/Runtime/Cache/807534e6e2928805c6ebac5c77e25550.php 第 157 行.
NOTIC: [8] Use of undefined constant catid - assumed 'catid' /var/www/html/bobo2/Home/Runtime/Cache/807534e6e2928805c6ebac5c77e25550.php 第 180 行.
NOTIC: [8] Use of undefined constant id - assumed 'id' /var/www/html/bobo2/Home/Runtime/Cache/807534e6e2928805c6ebac5c77e25550.php 第 180 行.
NOTIC: [8] Use of undefined constant ppid - assumed 'ppid' /var/www/html/bobo2/Home/Runtime/Cache/807534e6e2928805c6ebac5c77e25550.php 第 180 行.
NOTIC: [8] Use of undefined constant catid - assumed 'catid' /var/www/html/bobo2/Home/Runtime/Cache/807534e6e2928805c6ebac5c77e25550.php 第 180 行.
NOTIC: [8] Use of undefined constant id - assumed 'id' /var/www/html/bobo2/Home/Runtime/Cache/807534e6e2928805c6ebac5c77e25550.php 第 180 行.
NOTIC: [8] Use of undefined constant ppid - assumed 'ppid' /var/www/html/bobo2/Home/Runtime/Cache/807534e6e2928805c6ebac5c77e25550.php 第 180 行.
NOTIC: [8] Use of undefined constant catid - assumed 'catid' /var/www/html/bobo2/Home/Runtime/Cache/807534e6e2928805c6ebac5c77e25550.php 第 180 行.
NOTIC: [8] Use of undefined constant id - assumed 'id' /var/www/html/bobo2/Home/Runtime/Cache/807534e6e2928805c6ebac5c77e25550.php 第 180 行.
NOTIC: [8] Use of undefined constant ppid - assumed 'ppid' /var/www/html/bobo2/Home/Runtime/Cache/807534e6e2928805c6ebac5c77e25550.php 第 180 行.
NOTIC: [8] Use of undefined constant catid - assumed 'catid' /var/www/html/bobo2/Home/Runtime/Cache/807534e6e2928805c6ebac5c77e25550.php 第 180 行.
NOTIC: [8] Use of undefined constant id - assumed 'id' /var/www/html/bobo2/Home/Runtime/Cache/807534e6e2928805c6ebac5c77e25550.php 第 180 行.
NOTIC: [8] Use of undefined constant ppid - assumed 'ppid' /var/www/html/bobo2/Home/Runtime/Cache/807534e6e2928805c6ebac5c77e25550.php 第 180 行.
NOTIC: [8] Use of undefined constant catid - assumed 'catid' /var/www/html/bobo2/Home/Runtime/Cache/807534e6e2928805c6ebac5c77e25550.php 第 180 行.
NOTIC: [8] Use of undefined constant id - assumed 'id' /var/www/html/bobo2/Home/Runtime/Cache/807534e6e2928805c6ebac5c77e25550.php 第 180 行.
NOTIC: [8] Use of undefined constant ppid - assumed 'ppid' /var/www/html/bobo2/Home/Runtime/Cache/807534e6e2928805c6ebac5c77e25550.php 第 180 行.
NOTIC: [8] Use of undefined constant catid - assumed 'catid' /var/www/html/bobo2/Home/Runtime/Cache/807534e6e2928805c6ebac5c77e25550.php 第 180 行.
NOTIC: [8] Use of undefined constant id - assumed 'id' /var/www/html/bobo2/Home/Runtime/Cache/807534e6e2928805c6ebac5c77e25550.php 第 180 行.
NOTIC: [8] Use of undefined constant ppid - assumed 'ppid' /var/www/html/bobo2/Home/Runtime/Cache/807534e6e2928805c6ebac5c77e25550.php 第 180 行.
NOTIC: [8] Use of undefined constant catid - assumed 'catid' /var/www/html/bobo2/Home/Runtime/Cache/807534e6e2928805c6ebac5c77e25550.php 第 180 行.
NOTIC: [8] Use of undefined constant id - assumed 'id' /var/www/html/bobo2/Home/Runtime/Cache/807534e6e2928805c6ebac5c77e25550.php 第 180 行.
NOTIC: [8] Use of undefined constant ppid - assumed 'ppid' /var/www/html/bobo2/Home/Runtime/Cache/807534e6e2928805c6ebac5c77e25550.php 第 180 行.
NOTIC: [8] Use of undefined constant catid - assumed 'catid' /var/www/html/bobo2/Home/Runtime/Cache/807534e6e2928805c6ebac5c77e25550.php 第 180 行.
NOTIC: [8] Use of undefined constant id - assumed 'id' /var/www/html/bobo2/Home/Runtime/Cache/807534e6e2928805c6ebac5c77e25550.php 第 180 行.
NOTIC: [8] Use of undefined constant ppid - assumed 'ppid' /var/www/html/bobo2/Home/Runtime/Cache/807534e6e2928805c6ebac5c77e25550.php 第 180 行.
NOTIC: [8] Use of undefined constant catid - assumed 'catid' /var/www/html/bobo2/Home/Runtime/Cache/807534e6e2928805c6ebac5c77e25550.php 第 184 行.
NOTIC: [8] Use of undefined constant catid - assumed 'catid' /var/www/html/bobo2/Home/Runtime/Cache/807534e6e2928805c6ebac5c77e25550.php 第 184 行.
NOTIC: [8] Use of undefined constant catid - assumed 'catid' /var/www/html/bobo2/Home/Runtime/Cache/807534e6e2928805c6ebac5c77e25550.php 第 184 行.
NOTIC: [8] Use of undefined constant catid - assumed 'catid' /var/www/html/bobo2/Home/Runtime/Cache/807534e6e2928805c6ebac5c77e25550.php 第 184 行.
NOTIC: [8] Use of undefined constant catid - assumed 'catid' /var/www/html/bobo2/Home/Runtime/Cache/807534e6e2928805c6ebac5c77e25550.php 第 184 行.
NOTIC: [8] Use of undefined constant catid - assumed 'catid' /var/www/html/bobo2/Home/Runtime/Cache/807534e6e2928805c6ebac5c77e25550.php 第 184 行.
NOTIC: [8] Use of undefined constant catid - assumed 'catid' /var/www/html/bobo2/Home/Runtime/Cache/807534e6e2928805c6ebac5c77e25550.php 第 184 行.
NOTIC: [8] Use of undefined constant catid - assumed 'catid' /var/www/html/bobo2/Home/Runtime/Cache/807534e6e2928805c6ebac5c77e25550.php 第 184 行.
NOTIC: [8] Use of undefined constant catid - assumed 'catid' /var/www/html/bobo2/Home/Runtime/Cache/807534e6e2928805c6ebac5c77e25550.php 第 188 行.
NOTIC: [8] Use of undefined constant catid - assumed 'catid' /var/www/html/bobo2/Home/Runtime/Cache/807534e6e2928805c6ebac5c77e25550.php 第 188 行.
NOTIC: [8] Use of undefined constant catid - assumed 'catid' /var/www/html/bobo2/Home/Runtime/Cache/807534e6e2928805c6ebac5c77e25550.php 第 188 行.
NOTIC: [8] Use of undefined constant catid - assumed 'catid' /var/www/html/bobo2/Home/Runtime/Cache/807534e6e2928805c6ebac5c77e25550.php 第 188 行.
NOTIC: [8] Use of undefined constant catid - assumed 'catid' /var/www/html/bobo2/Home/Runtime/Cache/807534e6e2928805c6ebac5c77e25550.php 第 188 行.
NOTIC: [8] Use of undefined constant catid - assumed 'catid' /var/www/html/bobo2/Home/Runtime/Cache/807534e6e2928805c6ebac5c77e25550.php 第 188 行.
NOTIC: [8] Use of undefined constant catid - assumed 'catid' /var/www/html/bobo2/Home/Runtime/Cache/807534e6e2928805c6ebac5c77e25550.php 第 188 行.
NOTIC: [8] Use of undefined constant catid - assumed 'catid' /var/www/html/bobo2/Home/Runtime/Cache/807534e6e2928805c6ebac5c77e25550.php 第 191 行.
NOTIC: [8] Use of undefined constant catid - assumed 'catid' /var/www/html/bobo2/Home/Runtime/Cache/807534e6e2928805c6ebac5c77e25550.php 第 191 行.
NOTIC: [8] Use of undefined constant catid - assumed 'catid' /var/www/html/bobo2/Home/Runtime/Cache/807534e6e2928805c6ebac5c77e25550.php 第 191 行.
NOTIC: [8] Use of undefined constant catid - assumed 'catid' /var/www/html/bobo2/Home/Runtime/Cache/807534e6e2928805c6ebac5c77e25550.php 第 191 行.
NOTIC: [8] Use of undefined constant catid - assumed 'catid' /var/www/html/bobo2/Home/Runtime/Cache/807534e6e2928805c6ebac5c77e25550.php 第 191 行.
NOTIC: [8] Use of undefined constant catid - assumed 'catid' /var/www/html/bobo2/Home/Runtime/Cache/807534e6e2928805c6ebac5c77e25550.php 第 191 行.
NOTIC: [8] Use of undefined constant catid - assumed 'catid' /var/www/html/bobo2/Home/Runtime/Cache/807534e6e2928805c6ebac5c77e25550.php 第 191 行.
NOTIC: [8] Use of undefined constant catid - assumed 'catid' /var/www/html/bobo2/Home/Runtime/Cache/807534e6e2928805c6ebac5c77e25550.php 第 191 行.
NOTIC: [8] Use of undefined constant picurlpcall - assumed 'picurlpcall' /var/www/html/bobo2/Home/Runtime/Cache/807534e6e2928805c6ebac5c77e25550.php 第 264 行.
NOTIC: [8] Use of undefined constant picurlpcall - assumed 'picurlpcall' /var/www/html/bobo2/Home/Runtime/Cache/807534e6e2928805c6ebac5c77e25550.php 第 264 行.
NOTIC: [8] Use of undefined constant colorlist - assumed 'colorlist' /var/www/html/bobo2/Home/Runtime/Cache/807534e6e2928805c6ebac5c77e25550.php 第 269 行.
NOTIC: [8] Use of undefined constant colorlist - assumed 'colorlist' /var/www/html/bobo2/Home/Runtime/Cache/807534e6e2928805c6ebac5c77e25550.php 第 269 行.
NOTIC: [8] A session had already been started - ignoring session_start() /var/www/html/bobo2/Home/Runtime/Cache/807534e6e2928805c6ebac5c77e25550.php 第 292 行.
NOTIC: [8] Undefined index: bobo_pc_user_id /var/www/html/bobo2/Home/Runtime/Cache/807534e6e2928805c6ebac5c77e25550.php 第 292 行.
INFO: Run ParseTemplate Behavior [ RunTime:0.059355s ]
INFO: [ view_parse ] --END-- [ RunTime:0.059427s ]
INFO: [ view_filter ] --START--
INFO: Run ContentReplace Behavior [ RunTime:0.000583s ]
INFO: Run TokenBuild Behavior [ RunTime:0.000306s ]
INFO: Run WriteHtmlCache Behavior [ RunTime:0.000161s ]
INFO: Run ShowRuntime Behavior [ RunTime:0.000353s ]
INFO: [ view_filter ] --END-- [ RunTime:0.001573s ]
INFO: [ view_end ] --START--
INFO: Run ShowPageTrace Behavior [ RunTime:0.000453s ]
INFO: [ view_end ] --END-- [ RunTime:0.000510s ]

