[ 2016-12-02T16:30:37+08:00 ] 66.249.73.170 /bobo2/index.php/Try/product_details/catid/14/pid/2/ppid/4
INFO: [ route_check ] --START--
INFO: Run CheckRoute Behavior [ RunTime:0.000608s ]
INFO: [ route_check ] --END-- [ RunTime:0.000687s ]
INFO: [ app_begin ] --START--
INFO: Run ReadHtmlCache Behavior [ RunTime:0.000365s ]
INFO: [ app_begin ] --END-- [ RunTime:0.000426s ]
SQL: SHOW COLUMNS FROM `tp_try_out` [ RunTime:0.033118s ]
SQL: SHOW COLUMNS FROM `tp_problem_data` [ RunTime:0.039749s ]
SQL: SHOW COLUMNS FROM `tp_product` [ RunTime:0.000745s ]
SQL: SHOW COLUMNS FROM `tp_parameter` [ RunTime:0.000600s ]
SQL: SHOW COLUMNS FROM `tp_collect` [ RunTime:0.000476s ]
SQL: SHOW COLUMNS FROM `tp_category` [ RunTime:0.000609s ]
SQL: SHOW COLUMNS FROM `tp_content` [ RunTime:0.000709s ]
SQL: SHOW COLUMNS FROM `tp_page` [ RunTime:0.000553s ]
SQL: SELECT * FROM `tp_page` WHERE ( `catid` = 29 ) LIMIT 1   [ RunTime:0.000238s ]
SQL: SELECT `id`,`catid`,`title`,`headerpic` FROM `tp_content` WHERE ( catid=23 and (status=2 or status=3) ) ORDER BY conorder desc,id desc LIMIT 8   [ RunTime:0.000533s ]
SQL: SELECT `id`,`catid`,`title`,`headerpic` FROM `tp_content` WHERE ( catid=24 and (status=2 or status=3) ) ORDER BY conorder desc,id desc LIMIT 8   [ RunTime:0.000391s ]
SQL: SELECT `id`,`catid`,`title`,`headerpic` FROM `tp_content` WHERE ( catid=25 and (status=2 or status=3) ) ORDER BY conorder desc,id desc LIMIT 8   [ RunTime:0.000365s ]
SQL: SHOW COLUMNS FROM `tp_site` [ RunTime:0.000424s ]
SQL: SELECT * FROM `tp_site` WHERE ( siteid=1 ) LIMIT 1   [ RunTime:0.000193s ]
SQL: SELECT a.xqstatus,a.title,a.picurlpc,a.catid,a.id,b.id as ppid FROM tp_product_price b,tp_product a WHERE ( a.posid=1 and a.status=1 and  a.id=b.pid ) ORDER BY a.listorder desc,id desc LIMIT 8   [ RunTime:0.000619s ]
SQL: SHOW COLUMNS FROM `tp_video` [ RunTime:0.000577s ]
SQL: SELECT `vtitle`,`headerpic`,`catid` FROM `tp_video` WHERE ( catid=26 and (status=2 or status=3) ) ORDER BY listorder desc,vid desc LIMIT 8   [ RunTime:0.000290s ]
SQL: SELECT `vtitle`,`headerpic`,`catid` FROM `tp_video` WHERE ( catid=27 and (status=2 or status=3) ) ORDER BY listorder desc,vid desc LIMIT 8   [ RunTime:0.000243s ]
SQL: SELECT `catid`,`catname`,`caturl` FROM `tp_category` WHERE ( `catid` IN ('14','15','16','17','18','19','20','21') ) ORDER BY listorder desc,catid desc  [ RunTime:0.000226s ]
NOTIC: [8] Undefined variable: category_list /data/wwwroot/html/bobo2/Home/Lib/Action/CommonAction.class.php 第 28 行.
SQL: SELECT tp_product.actstatus,tp_product.activity,tp_product.xqstatus,tp_product.content,tp_product.picurlpcall,tp_product.title,tp_product.colorlist,a.price,c.id as colid,a.id as ppid FROM `tp_product` left join tp_product_price a on tp_product.id=a.pid left join tp_collect c on a.id=c.ppid WHERE ( tp_product.catid=14 and tp_product.id=2 and tp_product.status=1 and a.id=4 and tp_product.actstatus=1 ) LIMIT 1   [ RunTime:0.026771s ]
SQL: SELECT `colorname`,`name` FROM `tp_parameter` WHERE ( `id` IN ('12','8','1','6') ) AND ( `status` = 1 ) ORDER BY field (id,12,8,1,6)  [ RunTime:0.000230s ]
INFO: [ view_template ] --START--
INFO: Run LocationTemplate Behavior [ RunTime:0.001470s ]
INFO: [ view_template ] --END-- [ RunTime:0.001538s ]
INFO: [ view_parse ] --START--
NOTIC: [8] A session had already been started - ignoring session_start() /data/wwwroot/html/bobo2/Home/Runtime/Cache/807534e6e2928805c6ebac5c77e25550.php 第 78 行.
NOTIC: [8] Undefined index: bobo_pc_user_id /data/wwwroot/html/bobo2/Home/Runtime/Cache/807534e6e2928805c6ebac5c77e25550.php 第 78 行.
NOTIC: [8] Undefined index: bobo_pc_user_id /data/wwwroot/html/bobo2/Home/Runtime/Cache/807534e6e2928805c6ebac5c77e25550.php 第 85 行.
NOTIC: [8] Undefined index: bobo_pc_user_name /data/wwwroot/html/bobo2/Home/Runtime/Cache/807534e6e2928805c6ebac5c77e25550.php 第 85 行.
NOTIC: [8] Undefined variable: k /data/wwwroot/html/bobo2/Home/Runtime/Cache/807534e6e2928805c6ebac5c77e25550.php 第 112 行.
NOTIC: [8] Use of undefined constant catid - assumed 'catid' /data/wwwroot/html/bobo2/Home/Runtime/Cache/807534e6e2928805c6ebac5c77e25550.php 第 115 行.
NOTIC: [8] Use of undefined constant id - assumed 'id' /data/wwwroot/html/bobo2/Home/Runtime/Cache/807534e6e2928805c6ebac5c77e25550.php 第 115 行.
NOTIC: [8] Use of undefined constant catid - assumed 'catid' /data/wwwroot/html/bobo2/Home/Runtime/Cache/807534e6e2928805c6ebac5c77e25550.php 第 115 行.
NOTIC: [8] Use of undefined constant id - assumed 'id' /data/wwwroot/html/bobo2/Home/Runtime/Cache/807534e6e2928805c6ebac5c77e25550.php 第 115 行.
NOTIC: [8] Use of undefined constant catid - assumed 'catid' /data/wwwroot/html/bobo2/Home/Runtime/Cache/807534e6e2928805c6ebac5c77e25550.php 第 115 行.
NOTIC: [8] Use of undefined constant id - assumed 'id' /data/wwwroot/html/bobo2/Home/Runtime/Cache/807534e6e2928805c6ebac5c77e25550.php 第 115 行.
NOTIC: [8] Use of undefined constant catid - assumed 'catid' /data/wwwroot/html/bobo2/Home/Runtime/Cache/807534e6e2928805c6ebac5c77e25550.php 第 115 行.
NOTIC: [8] Use of undefined constant id - assumed 'id' /data/wwwroot/html/bobo2/Home/Runtime/Cache/807534e6e2928805c6ebac5c77e25550.php 第 115 行.
NOTIC: [8] Use of undefined constant catid - assumed 'catid' /data/wwwroot/html/bobo2/Home/Runtime/Cache/807534e6e2928805c6ebac5c77e25550.php 第 115 行.
NOTIC: [8] Use of undefined constant id - assumed 'id' /data/wwwroot/html/bobo2/Home/Runtime/Cache/807534e6e2928805c6ebac5c77e25550.php 第 115 行.
NOTIC: [8] Use of undefined constant catid - assumed 'catid' /data/wwwroot/html/bobo2/Home/Runtime/Cache/807534e6e2928805c6ebac5c77e25550.php 第 115 行.
NOTIC: [8] Use of undefined constant id - assumed 'id' /data/wwwroot/html/bobo2/Home/Runtime/Cache/807534e6e2928805c6ebac5c77e25550.php 第 115 行.
NOTIC: [8] Use of undefined constant catid - assumed 'catid' /data/wwwroot/html/bobo2/Home/Runtime/Cache/807534e6e2928805c6ebac5c77e25550.php 第 115 行.
NOTIC: [8] Use of undefined constant id - assumed 'id' /data/wwwroot/html/bobo2/Home/Runtime/Cache/807534e6e2928805c6ebac5c77e25550.php 第 115 行.
NOTIC: [8] Use of undefined constant catid - assumed 'catid' /data/wwwroot/html/bobo2/Home/Runtime/Cache/807534e6e2928805c6ebac5c77e25550.php 第 115 行.
NOTIC: [8] Use of undefined constant id - assumed 'id' /data/wwwroot/html/bobo2/Home/Runtime/Cache/807534e6e2928805c6ebac5c77e25550.php 第 115 行.
NOTIC: [8] Use of undefined constant catid - assumed 'catid' /data/wwwroot/html/bobo2/Home/Runtime/Cache/807534e6e2928805c6ebac5c77e25550.php 第 118 行.
NOTIC: [8] Use of undefined constant id - assumed 'id' /data/wwwroot/html/bobo2/Home/Runtime/Cache/807534e6e2928805c6ebac5c77e25550.php 第 118 行.
NOTIC: [8] Use of undefined constant catid - assumed 'catid' /data/wwwroot/html/bobo2/Home/Runtime/Cache/807534e6e2928805c6ebac5c77e25550.php 第 118 行.
NOTIC: [8] Use of undefined constant id - assumed 'id' /data/wwwroot/html/bobo2/Home/Runtime/Cache/807534e6e2928805c6ebac5c77e25550.php 第 118 行.
NOTIC: [8] Use of undefined constant catid - assumed 'catid' /data/wwwroot/html/bobo2/Home/Runtime/Cache/807534e6e2928805c6ebac5c77e25550.php 第 118 行.
NOTIC: [8] Use of undefined constant id - assumed 'id' /data/wwwroot/html/bobo2/Home/Runtime/Cache/807534e6e2928805c6ebac5c77e25550.php 第 118 行.
NOTIC: [8] Use of undefined constant catid - assumed 'catid' /data/wwwroot/html/bobo2/Home/Runtime/Cache/807534e6e2928805c6ebac5c77e25550.php 第 118 行.
NOTIC: [8] Use of undefined constant id - assumed 'id' /data/wwwroot/html/bobo2/Home/Runtime/Cache/807534e6e2928805c6ebac5c77e25550.php 第 118 行.
NOTIC: [8] Use of undefined constant catid - assumed 'catid' /data/wwwroot/html/bobo2/Home/Runtime/Cache/807534e6e2928805c6ebac5c77e25550.php 第 121 行.
NOTIC: [8] Use of undefined constant id - assumed 'id' /data/wwwroot/html/bobo2/Home/Runtime/Cache/807534e6e2928805c6ebac5c77e25550.php 第 121 行.
NOTIC: [8] Use of undefined constant catid - assumed 'catid' /data/wwwroot/html/bobo2/Home/Runtime/Cache/807534e6e2928805c6ebac5c77e25550.php 第 121 行.
NOTIC: [8] Use of undefined constant id - assumed 'id' /data/wwwroot/html/bobo2/Home/Runtime/Cache/807534e6e2928805c6ebac5c77e25550.php 第 121 行.
NOTIC: [8] Use of undefined constant catid - assumed 'catid' /data/wwwroot/html/bobo2/Home/Runtime/Cache/807534e6e2928805c6ebac5c77e25550.php 第 146 行.
NOTIC: [8] Use of undefined constant id - assumed 'id' /data/wwwroot/html/bobo2/Home/Runtime/Cache/807534e6e2928805c6ebac5c77e25550.php 第 146 行.
NOTIC: [8] Use of undefined constant ppid - assumed 'ppid' /data/wwwroot/html/bobo2/Home/Runtime/Cache/807534e6e2928805c6ebac5c77e25550.php 第 146 行.
NOTIC: [8] Use of undefined constant catid - assumed 'catid' /data/wwwroot/html/bobo2/Home/Runtime/Cache/807534e6e2928805c6ebac5c77e25550.php 第 146 行.
NOTIC: [8] Use of undefined constant id - assumed 'id' /data/wwwroot/html/bobo2/Home/Runtime/Cache/807534e6e2928805c6ebac5c77e25550.php 第 146 行.
NOTIC: [8] Use of undefined constant ppid - assumed 'ppid' /data/wwwroot/html/bobo2/Home/Runtime/Cache/807534e6e2928805c6ebac5c77e25550.php 第 146 行.
NOTIC: [8] Use of undefined constant catid - assumed 'catid' /data/wwwroot/html/bobo2/Home/Runtime/Cache/807534e6e2928805c6ebac5c77e25550.php 第 146 行.
NOTIC: [8] Use of undefined constant id - assumed 'id' /data/wwwroot/html/bobo2/Home/Runtime/Cache/807534e6e2928805c6ebac5c77e25550.php 第 146 行.
NOTIC: [8] Use of undefined constant ppid - assumed 'ppid' /data/wwwroot/html/bobo2/Home/Runtime/Cache/807534e6e2928805c6ebac5c77e25550.php 第 146 行.
NOTIC: [8] Use of undefined constant catid - assumed 'catid' /data/wwwroot/html/bobo2/Home/Runtime/Cache/807534e6e2928805c6ebac5c77e25550.php 第 146 行.
NOTIC: [8] Use of undefined constant id - assumed 'id' /data/wwwroot/html/bobo2/Home/Runtime/Cache/807534e6e2928805c6ebac5c77e25550.php 第 146 行.
NOTIC: [8] Use of undefined constant ppid - assumed 'ppid' /data/wwwroot/html/bobo2/Home/Runtime/Cache/807534e6e2928805c6ebac5c77e25550.php 第 146 行.
NOTIC: [8] Use of undefined constant catid - assumed 'catid' /data/wwwroot/html/bobo2/Home/Runtime/Cache/807534e6e2928805c6ebac5c77e25550.php 第 146 行.
NOTIC: [8] Use of undefined constant id - assumed 'id' /data/wwwroot/html/bobo2/Home/Runtime/Cache/807534e6e2928805c6ebac5c77e25550.php 第 146 行.
NOTIC: [8] Use of undefined constant ppid - assumed 'ppid' /data/wwwroot/html/bobo2/Home/Runtime/Cache/807534e6e2928805c6ebac5c77e25550.php 第 146 行.
NOTIC: [8] Use of undefined constant catid - assumed 'catid' /data/wwwroot/html/bobo2/Home/Runtime/Cache/807534e6e2928805c6ebac5c77e25550.php 第 146 行.
NOTIC: [8] Use of undefined constant id - assumed 'id' /data/wwwroot/html/bobo2/Home/Runtime/Cache/807534e6e2928805c6ebac5c77e25550.php 第 146 行.
NOTIC: [8] Use of undefined constant ppid - assumed 'ppid' /data/wwwroot/html/bobo2/Home/Runtime/Cache/807534e6e2928805c6ebac5c77e25550.php 第 146 行.
NOTIC: [8] Use of undefined constant catid - assumed 'catid' /data/wwwroot/html/bobo2/Home/Runtime/Cache/807534e6e2928805c6ebac5c77e25550.php 第 146 行.
NOTIC: [8] Use of undefined constant id - assumed 'id' /data/wwwroot/html/bobo2/Home/Runtime/Cache/807534e6e2928805c6ebac5c77e25550.php 第 146 行.
NOTIC: [8] Use of undefined constant ppid - assumed 'ppid' /data/wwwroot/html/bobo2/Home/Runtime/Cache/807534e6e2928805c6ebac5c77e25550.php 第 146 行.
NOTIC: [8] Use of undefined constant catid - assumed 'catid' /data/wwwroot/html/bobo2/Home/Runtime/Cache/807534e6e2928805c6ebac5c77e25550.php 第 146 行.
NOTIC: [8] Use of undefined constant id - assumed 'id' /data/wwwroot/html/bobo2/Home/Runtime/Cache/807534e6e2928805c6ebac5c77e25550.php 第 146 行.
NOTIC: [8] Use of undefined constant ppid - assumed 'ppid' /data/wwwroot/html/bobo2/Home/Runtime/Cache/807534e6e2928805c6ebac5c77e25550.php 第 146 行.
NOTIC: [8] Use of undefined constant catid - assumed 'catid' /data/wwwroot/html/bobo2/Home/Runtime/Cache/807534e6e2928805c6ebac5c77e25550.php 第 150 行.
NOTIC: [8] Use of undefined constant catid - assumed 'catid' /data/wwwroot/html/bobo2/Home/Runtime/Cache/807534e6e2928805c6ebac5c77e25550.php 第 150 行.
NOTIC: [8] Use of undefined constant catid - assumed 'catid' /data/wwwroot/html/bobo2/Home/Runtime/Cache/807534e6e2928805c6ebac5c77e25550.php 第 150 行.
NOTIC: [8] Use of undefined constant catid - assumed 'catid' /data/wwwroot/html/bobo2/Home/Runtime/Cache/807534e6e2928805c6ebac5c77e25550.php 第 150 行.
NOTIC: [8] Use of undefined constant catid - assumed 'catid' /data/wwwroot/html/bobo2/Home/Runtime/Cache/807534e6e2928805c6ebac5c77e25550.php 第 150 行.
NOTIC: [8] Use of undefined constant catid - assumed 'catid' /data/wwwroot/html/bobo2/Home/Runtime/Cache/807534e6e2928805c6ebac5c77e25550.php 第 150 行.
NOTIC: [8] Use of undefined constant catid - assumed 'catid' /data/wwwroot/html/bobo2/Home/Runtime/Cache/807534e6e2928805c6ebac5c77e25550.php 第 150 行.
NOTIC: [8] Use of undefined constant catid - assumed 'catid' /data/wwwroot/html/bobo2/Home/Runtime/Cache/807534e6e2928805c6ebac5c77e25550.php 第 150 行.
NOTIC: [8] Use of undefined constant catid - assumed 'catid' /data/wwwroot/html/bobo2/Home/Runtime/Cache/807534e6e2928805c6ebac5c77e25550.php 第 154 行.
NOTIC: [8] Use of undefined constant catid - assumed 'catid' /data/wwwroot/html/bobo2/Home/Runtime/Cache/807534e6e2928805c6ebac5c77e25550.php 第 154 行.
NOTIC: [8] Use of undefined constant catid - assumed 'catid' /data/wwwroot/html/bobo2/Home/Runtime/Cache/807534e6e2928805c6ebac5c77e25550.php 第 154 行.
NOTIC: [8] Use of undefined constant catid - assumed 'catid' /data/wwwroot/html/bobo2/Home/Runtime/Cache/807534e6e2928805c6ebac5c77e25550.php 第 154 行.
NOTIC: [8] Use of undefined constant catid - assumed 'catid' /data/wwwroot/html/bobo2/Home/Runtime/Cache/807534e6e2928805c6ebac5c77e25550.php 第 154 行.
NOTIC: [8] Use of undefined constant catid - assumed 'catid' /data/wwwroot/html/bobo2/Home/Runtime/Cache/807534e6e2928805c6ebac5c77e25550.php 第 154 行.
NOTIC: [8] Use of undefined constant catid - assumed 'catid' /data/wwwroot/html/bobo2/Home/Runtime/Cache/807534e6e2928805c6ebac5c77e25550.php 第 154 行.
NOTIC: [8] Use of undefined constant catid - assumed 'catid' /data/wwwroot/html/bobo2/Home/Runtime/Cache/807534e6e2928805c6ebac5c77e25550.php 第 157 行.
NOTIC: [8] Use of undefined constant catid - assumed 'catid' /data/wwwroot/html/bobo2/Home/Runtime/Cache/807534e6e2928805c6ebac5c77e25550.php 第 157 行.
NOTIC: [8] Use of undefined constant catid - assumed 'catid' /data/wwwroot/html/bobo2/Home/Runtime/Cache/807534e6e2928805c6ebac5c77e25550.php 第 157 行.
NOTIC: [8] Use of undefined constant catid - assumed 'catid' /data/wwwroot/html/bobo2/Home/Runtime/Cache/807534e6e2928805c6ebac5c77e25550.php 第 157 行.
NOTIC: [8] Use of undefined constant catid - assumed 'catid' /data/wwwroot/html/bobo2/Home/Runtime/Cache/807534e6e2928805c6ebac5c77e25550.php 第 157 行.
NOTIC: [8] Use of undefined constant catid - assumed 'catid' /data/wwwroot/html/bobo2/Home/Runtime/Cache/807534e6e2928805c6ebac5c77e25550.php 第 157 行.
NOTIC: [8] Use of undefined constant catid - assumed 'catid' /data/wwwroot/html/bobo2/Home/Runtime/Cache/807534e6e2928805c6ebac5c77e25550.php 第 157 行.
NOTIC: [8] Use of undefined constant catid - assumed 'catid' /data/wwwroot/html/bobo2/Home/Runtime/Cache/807534e6e2928805c6ebac5c77e25550.php 第 157 行.
NOTIC: [8] Use of undefined constant catid - assumed 'catid' /data/wwwroot/html/bobo2/Home/Runtime/Cache/807534e6e2928805c6ebac5c77e25550.php 第 180 行.
NOTIC: [8] Use of undefined constant id - assumed 'id' /data/wwwroot/html/bobo2/Home/Runtime/Cache/807534e6e2928805c6ebac5c77e25550.php 第 180 行.
NOTIC: [8] Use of undefined constant ppid - assumed 'ppid' /data/wwwroot/html/bobo2/Home/Runtime/Cache/807534e6e2928805c6ebac5c77e25550.php 第 180 行.
NOTIC: [8] Use of undefined constant catid - assumed 'catid' /data/wwwroot/html/bobo2/Home/Runtime/Cache/807534e6e2928805c6ebac5c77e25550.php 第 180 行.
NOTIC: [8] Use of undefined constant id - assumed 'id' /data/wwwroot/html/bobo2/Home/Runtime/Cache/807534e6e2928805c6ebac5c77e25550.php 第 180 行.
NOTIC: [8] Use of undefined constant ppid - assumed 'ppid' /data/wwwroot/html/bobo2/Home/Runtime/Cache/807534e6e2928805c6ebac5c77e25550.php 第 180 行.
NOTIC: [8] Use of undefined constant catid - assumed 'catid' /data/wwwroot/html/bobo2/Home/Runtime/Cache/807534e6e2928805c6ebac5c77e25550.php 第 180 行.
NOTIC: [8] Use of undefined constant id - assumed 'id' /data/wwwroot/html/bobo2/Home/Runtime/Cache/807534e6e2928805c6ebac5c77e25550.php 第 180 行.
NOTIC: [8] Use of undefined constant ppid - assumed 'ppid' /data/wwwroot/html/bobo2/Home/Runtime/Cache/807534e6e2928805c6ebac5c77e25550.php 第 180 行.
NOTIC: [8] Use of undefined constant catid - assumed 'catid' /data/wwwroot/html/bobo2/Home/Runtime/Cache/807534e6e2928805c6ebac5c77e25550.php 第 180 行.
NOTIC: [8] Use of undefined constant id - assumed 'id' /data/wwwroot/html/bobo2/Home/Runtime/Cache/807534e6e2928805c6ebac5c77e25550.php 第 180 行.
NOTIC: [8] Use of undefined constant ppid - assumed 'ppid' /data/wwwroot/html/bobo2/Home/Runtime/Cache/807534e6e2928805c6ebac5c77e25550.php 第 180 行.
NOTIC: [8] Use of undefined constant catid - assumed 'catid' /data/wwwroot/html/bobo2/Home/Runtime/Cache/807534e6e2928805c6ebac5c77e25550.php 第 180 行.
NOTIC: [8] Use of undefined constant id - assumed 'id' /data/wwwroot/html/bobo2/Home/Runtime/Cache/807534e6e2928805c6ebac5c77e25550.php 第 180 行.
NOTIC: [8] Use of undefined constant ppid - assumed 'ppid' /data/wwwroot/html/bobo2/Home/Runtime/Cache/807534e6e2928805c6ebac5c77e25550.php 第 180 行.
NOTIC: [8] Use of undefined constant catid - assumed 'catid' /data/wwwroot/html/bobo2/Home/Runtime/Cache/807534e6e2928805c6ebac5c77e25550.php 第 180 行.
NOTIC: [8] Use of undefined constant id - assumed 'id' /data/wwwroot/html/bobo2/Home/Runtime/Cache/807534e6e2928805c6ebac5c77e25550.php 第 180 行.
NOTIC: [8] Use of undefined constant ppid - assumed 'ppid' /data/wwwroot/html/bobo2/Home/Runtime/Cache/807534e6e2928805c6ebac5c77e25550.php 第 180 行.
NOTIC: [8] Use of undefined constant catid - assumed 'catid' /data/wwwroot/html/bobo2/Home/Runtime/Cache/807534e6e2928805c6ebac5c77e25550.php 第 180 行.
NOTIC: [8] Use of undefined constant id - assumed 'id' /data/wwwroot/html/bobo2/Home/Runtime/Cache/807534e6e2928805c6ebac5c77e25550.php 第 180 行.
NOTIC: [8] Use of undefined constant ppid - assumed 'ppid' /data/wwwroot/html/bobo2/Home/Runtime/Cache/807534e6e2928805c6ebac5c77e25550.php 第 180 行.
NOTIC: [8] Use of undefined constant catid - assumed 'catid' /data/wwwroot/html/bobo2/Home/Runtime/Cache/807534e6e2928805c6ebac5c77e25550.php 第 180 行.
NOTIC: [8] Use of undefined constant id - assumed 'id' /data/wwwroot/html/bobo2/Home/Runtime/Cache/807534e6e2928805c6ebac5c77e25550.php 第 180 行.
NOTIC: [8] Use of undefined constant ppid - assumed 'ppid' /data/wwwroot/html/bobo2/Home/Runtime/Cache/807534e6e2928805c6ebac5c77e25550.php 第 180 行.
NOTIC: [8] Use of undefined constant catid - assumed 'catid' /data/wwwroot/html/bobo2/Home/Runtime/Cache/807534e6e2928805c6ebac5c77e25550.php 第 184 行.
NOTIC: [8] Use of undefined constant catid - assumed 'catid' /data/wwwroot/html/bobo2/Home/Runtime/Cache/807534e6e2928805c6ebac5c77e25550.php 第 184 行.
NOTIC: [8] Use of undefined constant catid - assumed 'catid' /data/wwwroot/html/bobo2/Home/Runtime/Cache/807534e6e2928805c6ebac5c77e25550.php 第 184 行.
NOTIC: [8] Use of undefined constant catid - assumed 'catid' /data/wwwroot/html/bobo2/Home/Runtime/Cache/807534e6e2928805c6ebac5c77e25550.php 第 184 行.
NOTIC: [8] Use of undefined constant catid - assumed 'catid' /data/wwwroot/html/bobo2/Home/Runtime/Cache/807534e6e2928805c6ebac5c77e25550.php 第 184 行.
NOTIC: [8] Use of undefined constant catid - assumed 'catid' /data/wwwroot/html/bobo2/Home/Runtime/Cache/807534e6e2928805c6ebac5c77e25550.php 第 184 行.
NOTIC: [8] Use of undefined constant catid - assumed 'catid' /data/wwwroot/html/bobo2/Home/Runtime/Cache/807534e6e2928805c6ebac5c77e25550.php 第 184 行.
NOTIC: [8] Use of undefined constant catid - assumed 'catid' /data/wwwroot/html/bobo2/Home/Runtime/Cache/807534e6e2928805c6ebac5c77e25550.php 第 184 行.
NOTIC: [8] Use of undefined constant catid - assumed 'catid' /data/wwwroot/html/bobo2/Home/Runtime/Cache/807534e6e2928805c6ebac5c77e25550.php 第 188 行.
NOTIC: [8] Use of undefined constant catid - assumed 'catid' /data/wwwroot/html/bobo2/Home/Runtime/Cache/807534e6e2928805c6ebac5c77e25550.php 第 188 行.
NOTIC: [8] Use of undefined constant catid - assumed 'catid' /data/wwwroot/html/bobo2/Home/Runtime/Cache/807534e6e2928805c6ebac5c77e25550.php 第 188 行.
NOTIC: [8] Use of undefined constant catid - assumed 'catid' /data/wwwroot/html/bobo2/Home/Runtime/Cache/807534e6e2928805c6ebac5c77e25550.php 第 188 行.
NOTIC: [8] Use of undefined constant catid - assumed 'catid' /data/wwwroot/html/bobo2/Home/Runtime/Cache/807534e6e2928805c6ebac5c77e25550.php 第 188 行.
NOTIC: [8] Use of undefined constant catid - assumed 'catid' /data/wwwroot/html/bobo2/Home/Runtime/Cache/807534e6e2928805c6ebac5c77e25550.php 第 188 行.
NOTIC: [8] Use of undefined constant catid - assumed 'catid' /data/wwwroot/html/bobo2/Home/Runtime/Cache/807534e6e2928805c6ebac5c77e25550.php 第 188 行.
NOTIC: [8] Use of undefined constant catid - assumed 'catid' /data/wwwroot/html/bobo2/Home/Runtime/Cache/807534e6e2928805c6ebac5c77e25550.php 第 191 行.
NOTIC: [8] Use of undefined constant catid - assumed 'catid' /data/wwwroot/html/bobo2/Home/Runtime/Cache/807534e6e2928805c6ebac5c77e25550.php 第 191 行.
NOTIC: [8] Use of undefined constant catid - assumed 'catid' /data/wwwroot/html/bobo2/Home/Runtime/Cache/807534e6e2928805c6ebac5c77e25550.php 第 191 行.
NOTIC: [8] Use of undefined constant catid - assumed 'catid' /data/wwwroot/html/bobo2/Home/Runtime/Cache/807534e6e2928805c6ebac5c77e25550.php 第 191 行.
NOTIC: [8] Use of undefined constant catid - assumed 'catid' /data/wwwroot/html/bobo2/Home/Runtime/Cache/807534e6e2928805c6ebac5c77e25550.php 第 191 行.
NOTIC: [8] Use of undefined constant catid - assumed 'catid' /data/wwwroot/html/bobo2/Home/Runtime/Cache/807534e6e2928805c6ebac5c77e25550.php 第 191 行.
NOTIC: [8] Use of undefined constant catid - assumed 'catid' /data/wwwroot/html/bobo2/Home/Runtime/Cache/807534e6e2928805c6ebac5c77e25550.php 第 191 行.
NOTIC: [8] Use of undefined constant catid - assumed 'catid' /data/wwwroot/html/bobo2/Home/Runtime/Cache/807534e6e2928805c6ebac5c77e25550.php 第 191 行.
NOTIC: [8] Use of undefined constant picurlpcall - assumed 'picurlpcall' /data/wwwroot/html/bobo2/Home/Runtime/Cache/807534e6e2928805c6ebac5c77e25550.php 第 264 行.
NOTIC: [8] Use of undefined constant picurlpcall - assumed 'picurlpcall' /data/wwwroot/html/bobo2/Home/Runtime/Cache/807534e6e2928805c6ebac5c77e25550.php 第 264 行.
NOTIC: [8] Use of undefined constant colorlist - assumed 'colorlist' /data/wwwroot/html/bobo2/Home/Runtime/Cache/807534e6e2928805c6ebac5c77e25550.php 第 269 行.
NOTIC: [8] Use of undefined constant colorlist - assumed 'colorlist' /data/wwwroot/html/bobo2/Home/Runtime/Cache/807534e6e2928805c6ebac5c77e25550.php 第 269 行.
NOTIC: [8] A session had already been started - ignoring session_start() /data/wwwroot/html/bobo2/Home/Runtime/Cache/807534e6e2928805c6ebac5c77e25550.php 第 292 行.
NOTIC: [8] Undefined index: bobo_pc_user_id /data/wwwroot/html/bobo2/Home/Runtime/Cache/807534e6e2928805c6ebac5c77e25550.php 第 292 行.
INFO: Run ParseTemplate Behavior [ RunTime:0.036212s ]
INFO: [ view_parse ] --END-- [ RunTime:0.036274s ]
INFO: [ view_filter ] --START--
INFO: Run ContentReplace Behavior [ RunTime:0.000480s ]
INFO: Run TokenBuild Behavior [ RunTime:0.000288s ]
INFO: Run WriteHtmlCache Behavior [ RunTime:0.000214s ]
INFO: Run ShowRuntime Behavior [ RunTime:0.000492s ]
INFO: [ view_filter ] --END-- [ RunTime:0.001697s ]
INFO: [ view_end ] --START--
INFO: Run ShowPageTrace Behavior [ RunTime:0.000448s ]
INFO: [ view_end ] --END-- [ RunTime:0.000523s ]

[ 2016-12-02T16:47:37+08:00 ] 66.249.73.166 /bobo2/index.php/Video/video/catid/26
INFO: [ route_check ] --START--
INFO: Run CheckRoute Behavior [ RunTime:0.000580s ]
INFO: [ route_check ] --END-- [ RunTime:0.000658s ]
INFO: [ app_begin ] --START--
INFO: Run ReadHtmlCache Behavior [ RunTime:0.000359s ]
INFO: [ app_begin ] --END-- [ RunTime:0.000419s ]
SQL: SHOW COLUMNS FROM `tp_category` [ RunTime:0.000825s ]
SQL: SHOW COLUMNS FROM `tp_content` [ RunTime:0.000771s ]
SQL: SHOW COLUMNS FROM `tp_page` [ RunTime:0.000526s ]
SQL: SELECT * FROM `tp_page` WHERE ( `catid` = 29 ) LIMIT 1   [ RunTime:0.000242s ]
SQL: SELECT `id`,`catid`,`title`,`headerpic` FROM `tp_content` WHERE ( catid=23 and (status=2 or status=3) ) ORDER BY conorder desc,id desc LIMIT 8   [ RunTime:0.000513s ]
SQL: SELECT `id`,`catid`,`title`,`headerpic` FROM `tp_content` WHERE ( catid=24 and (status=2 or status=3) ) ORDER BY conorder desc,id desc LIMIT 8   [ RunTime:0.000399s ]
SQL: SELECT `id`,`catid`,`title`,`headerpic` FROM `tp_content` WHERE ( catid=25 and (status=2 or status=3) ) ORDER BY conorder desc,id desc LIMIT 8   [ RunTime:0.000370s ]
SQL: SHOW COLUMNS FROM `tp_site` [ RunTime:0.000399s ]
SQL: SELECT * FROM `tp_site` WHERE ( siteid=1 ) LIMIT 1   [ RunTime:0.000195s ]
SQL: SHOW COLUMNS FROM `tp_product` [ RunTime:0.000630s ]
SQL: SELECT a.xqstatus,a.title,a.picurlpc,a.catid,a.id,b.id as ppid FROM tp_product_price b,tp_product a WHERE ( a.posid=1 and a.status=1 and  a.id=b.pid ) ORDER BY a.listorder desc,id desc LIMIT 8   [ RunTime:0.000720s ]
SQL: SHOW COLUMNS FROM `tp_video` [ RunTime:0.000647s ]
SQL: SELECT `vtitle`,`headerpic`,`catid` FROM `tp_video` WHERE ( catid=26 and (status=2 or status=3) ) ORDER BY listorder desc,vid desc LIMIT 8   [ RunTime:0.000285s ]
SQL: SELECT `vtitle`,`headerpic`,`catid` FROM `tp_video` WHERE ( catid=27 and (status=2 or status=3) ) ORDER BY listorder desc,vid desc LIMIT 8   [ RunTime:0.000244s ]
SQL: SELECT `catid`,`catname`,`caturl` FROM `tp_category` WHERE ( `catid` IN ('14','15','16','17','18','19','20','21') ) ORDER BY listorder desc,catid desc  [ RunTime:0.000223s ]
NOTIC: [8] Undefined variable: category_list /data/wwwroot/html/bobo2/Home/Lib/Action/CommonAction.class.php 第 28 行.
SQL: SELECT `picurlpc`,`vurl`,`vpurlwz`,`vfurl` FROM `tp_video` WHERE ( catid=26 and (status=2 or status=3) ) ORDER BY listorder desc  [ RunTime:0.000241s ]
INFO: [ view_template ] --START--
INFO: Run LocationTemplate Behavior [ RunTime:0.001596s ]
INFO: [ view_template ] --END-- [ RunTime:0.001668s ]
INFO: [ view_parse ] --START--
NOTIC: [8] A session had already been started - ignoring session_start() /data/wwwroot/html/bobo2/Home/Runtime/Cache/f70fb34fda6554e989e5274966376abb.php 第 78 行.
NOTIC: [8] Undefined index: bobo_pc_user_id /data/wwwroot/html/bobo2/Home/Runtime/Cache/f70fb34fda6554e989e5274966376abb.php 第 78 行.
NOTIC: [8] Undefined index: bobo_pc_user_id /data/wwwroot/html/bobo2/Home/Runtime/Cache/f70fb34fda6554e989e5274966376abb.php 第 85 行.
NOTIC: [8] Undefined index: bobo_pc_user_name /data/wwwroot/html/bobo2/Home/Runtime/Cache/f70fb34fda6554e989e5274966376abb.php 第 85 行.
NOTIC: [8] Undefined variable: k /data/wwwroot/html/bobo2/Home/Runtime/Cache/f70fb34fda6554e989e5274966376abb.php 第 112 行.
NOTIC: [8] Use of undefined constant catid - assumed 'catid' /data/wwwroot/html/bobo2/Home/Runtime/Cache/f70fb34fda6554e989e5274966376abb.php 第 115 行.
NOTIC: [8] Use of undefined constant id - assumed 'id' /data/wwwroot/html/bobo2/Home/Runtime/Cache/f70fb34fda6554e989e5274966376abb.php 第 115 行.
NOTIC: [8] Use of undefined constant catid - assumed 'catid' /data/wwwroot/html/bobo2/Home/Runtime/Cache/f70fb34fda6554e989e5274966376abb.php 第 115 行.
NOTIC: [8] Use of undefined constant id - assumed 'id' /data/wwwroot/html/bobo2/Home/Runtime/Cache/f70fb34fda6554e989e5274966376abb.php 第 115 行.
NOTIC: [8] Use of undefined constant catid - assumed 'catid' /data/wwwroot/html/bobo2/Home/Runtime/Cache/f70fb34fda6554e989e5274966376abb.php 第 115 行.
NOTIC: [8] Use of undefined constant id - assumed 'id' /data/wwwroot/html/bobo2/Home/Runtime/Cache/f70fb34fda6554e989e5274966376abb.php 第 115 行.
NOTIC: [8] Use of undefined constant catid - assumed 'catid' /data/wwwroot/html/bobo2/Home/Runtime/Cache/f70fb34fda6554e989e5274966376abb.php 第 115 行.
NOTIC: [8] Use of undefined constant id - assumed 'id' /data/wwwroot/html/bobo2/Home/Runtime/Cache/f70fb34fda6554e989e5274966376abb.php 第 115 行.
NOTIC: [8] Use of undefined constant catid - assumed 'catid' /data/wwwroot/html/bobo2/Home/Runtime/Cache/f70fb34fda6554e989e5274966376abb.php 第 115 行.
NOTIC: [8] Use of undefined constant id - assumed 'id' /data/wwwroot/html/bobo2/Home/Runtime/Cache/f70fb34fda6554e989e5274966376abb.php 第 115 行.
NOTIC: [8] Use of undefined constant catid - assumed 'catid' /data/wwwroot/html/bobo2/Home/Runtime/Cache/f70fb34fda6554e989e5274966376abb.php 第 115 行.
NOTIC: [8] Use of undefined constant id - assumed 'id' /data/wwwroot/html/bobo2/Home/Runtime/Cache/f70fb34fda6554e989e5274966376abb.php 第 115 行.
NOTIC: [8] Use of undefined constant catid - assumed 'catid' /data/wwwroot/html/bobo2/Home/Runtime/Cache/f70fb34fda6554e989e5274966376abb.php 第 115 行.
NOTIC: [8] Use of undefined constant id - assumed 'id' /data/wwwroot/html/bobo2/Home/Runtime/Cache/f70fb34fda6554e989e5274966376abb.php 第 115 行.
NOTIC: [8] Use of undefined constant catid - assumed 'catid' /data/wwwroot/html/bobo2/Home/Runtime/Cache/f70fb34fda6554e989e5274966376abb.php 第 115 行.
NOTIC: [8] Use of undefined constant id - assumed 'id' /data/wwwroot/html/bobo2/Home/Runtime/Cache/f70fb34fda6554e989e5274966376abb.php 第 115 行.
NOTIC: [8] Use of undefined constant catid - assumed 'catid' /data/wwwroot/html/bobo2/Home/Runtime/Cache/f70fb34fda6554e989e5274966376abb.php 第 118 行.
NOTIC: [8] Use of undefined constant id - assumed 'id' /data/wwwroot/html/bobo2/Home/Runtime/Cache/f70fb34fda6554e989e5274966376abb.php 第 118 行.
NOTIC: [8] Use of undefined constant catid - assumed 'catid' /data/wwwroot/html/bobo2/Home/Runtime/Cache/f70fb34fda6554e989e5274966376abb.php 第 118 行.
NOTIC: [8] Use of undefined constant id - assumed 'id' /data/wwwroot/html/bobo2/Home/Runtime/Cache/f70fb34fda6554e989e5274966376abb.php 第 118 行.
NOTIC: [8] Use of undefined constant catid - assumed 'catid' /data/wwwroot/html/bobo2/Home/Runtime/Cache/f70fb34fda6554e989e5274966376abb.php 第 118 行.
NOTIC: [8] Use of undefined constant id - assumed 'id' /data/wwwroot/html/bobo2/Home/Runtime/Cache/f70fb34fda6554e989e5274966376abb.php 第 118 行.
NOTIC: [8] Use of undefined constant catid - assumed 'catid' /data/wwwroot/html/bobo2/Home/Runtime/Cache/f70fb34fda6554e989e5274966376abb.php 第 118 行.
NOTIC: [8] Use of undefined constant id - assumed 'id' /data/wwwroot/html/bobo2/Home/Runtime/Cache/f70fb34fda6554e989e5274966376abb.php 第 118 行.
NOTIC: [8] Use of undefined constant catid - assumed 'catid' /data/wwwroot/html/bobo2/Home/Runtime/Cache/f70fb34fda6554e989e5274966376abb.php 第 121 行.
NOTIC: [8] Use of undefined constant id - assumed 'id' /data/wwwroot/html/bobo2/Home/Runtime/Cache/f70fb34fda6554e989e5274966376abb.php 第 121 行.
NOTIC: [8] Use of undefined constant catid - assumed 'catid' /data/wwwroot/html/bobo2/Home/Runtime/Cache/f70fb34fda6554e989e5274966376abb.php 第 121 行.
NOTIC: [8] Use of undefined constant id - assumed 'id' /data/wwwroot/html/bobo2/Home/Runtime/Cache/f70fb34fda6554e989e5274966376abb.php 第 121 行.
NOTIC: [8] Use of undefined constant catid - assumed 'catid' /data/wwwroot/html/bobo2/Home/Runtime/Cache/f70fb34fda6554e989e5274966376abb.php 第 146 行.
NOTIC: [8] Use of undefined constant id - assumed 'id' /data/wwwroot/html/bobo2/Home/Runtime/Cache/f70fb34fda6554e989e5274966376abb.php 第 146 行.
NOTIC: [8] Use of undefined constant ppid - assumed 'ppid' /data/wwwroot/html/bobo2/Home/Runtime/Cache/f70fb34fda6554e989e5274966376abb.php 第 146 行.
NOTIC: [8] Use of undefined constant catid - assumed 'catid' /data/wwwroot/html/bobo2/Home/Runtime/Cache/f70fb34fda6554e989e5274966376abb.php 第 146 行.
NOTIC: [8] Use of undefined constant id - assumed 'id' /data/wwwroot/html/bobo2/Home/Runtime/Cache/f70fb34fda6554e989e5274966376abb.php 第 146 行.
NOTIC: [8] Use of undefined constant ppid - assumed 'ppid' /data/wwwroot/html/bobo2/Home/Runtime/Cache/f70fb34fda6554e989e5274966376abb.php 第 146 行.
NOTIC: [8] Use of undefined constant catid - assumed 'catid' /data/wwwroot/html/bobo2/Home/Runtime/Cache/f70fb34fda6554e989e5274966376abb.php 第 146 行.
NOTIC: [8] Use of undefined constant id - assumed 'id' /data/wwwroot/html/bobo2/Home/Runtime/Cache/f70fb34fda6554e989e5274966376abb.php 第 146 行.
NOTIC: [8] Use of undefined constant ppid - assumed 'ppid' /data/wwwroot/html/bobo2/Home/Runtime/Cache/f70fb34fda6554e989e5274966376abb.php 第 146 行.
NOTIC: [8] Use of undefined constant catid - assumed 'catid' /data/wwwroot/html/bobo2/Home/Runtime/Cache/f70fb34fda6554e989e5274966376abb.php 第 146 行.
NOTIC: [8] Use of undefined constant id - assumed 'id' /data/wwwroot/html/bobo2/Home/Runtime/Cache/f70fb34fda6554e989e5274966376abb.php 第 146 行.
NOTIC: [8] Use of undefined constant ppid - assumed 'ppid' /data/wwwroot/html/bobo2/Home/Runtime/Cache/f70fb34fda6554e989e5274966376abb.php 第 146 行.
NOTIC: [8] Use of undefined constant catid - assumed 'catid' /data/wwwroot/html/bobo2/Home/Runtime/Cache/f70fb34fda6554e989e5274966376abb.php 第 146 行.
NOTIC: [8] Use of undefined constant id - assumed 'id' /data/wwwroot/html/bobo2/Home/Runtime/Cache/f70fb34fda6554e989e5274966376abb.php 第 146 行.
NOTIC: [8] Use of undefined constant ppid - assumed 'ppid' /data/wwwroot/html/bobo2/Home/Runtime/Cache/f70fb34fda6554e989e5274966376abb.php 第 146 行.
NOTIC: [8] Use of undefined constant catid - assumed 'catid' /data/wwwroot/html/bobo2/Home/Runtime/Cache/f70fb34fda6554e989e5274966376abb.php 第 146 行.
NOTIC: [8] Use of undefined constant id - assumed 'id' /data/wwwroot/html/bobo2/Home/Runtime/Cache/f70fb34fda6554e989e5274966376abb.php 第 146 行.
NOTIC: [8] Use of undefined constant ppid - assumed 'ppid' /data/wwwroot/html/bobo2/Home/Runtime/Cache/f70fb34fda6554e989e5274966376abb.php 第 146 行.
NOTIC: [8] Use of undefined constant catid - assumed 'catid' /data/wwwroot/html/bobo2/Home/Runtime/Cache/f70fb34fda6554e989e5274966376abb.php 第 146 行.
NOTIC: [8] Use of undefined constant id - assumed 'id' /data/wwwroot/html/bobo2/Home/Runtime/Cache/f70fb34fda6554e989e5274966376abb.php 第 146 行.
NOTIC: [8] Use of undefined constant ppid - assumed 'ppid' /data/wwwroot/html/bobo2/Home/Runtime/Cache/f70fb34fda6554e989e5274966376abb.php 第 146 行.
NOTIC: [8] Use of undefined constant catid - assumed 'catid' /data/wwwroot/html/bobo2/Home/Runtime/Cache/f70fb34fda6554e989e5274966376abb.php 第 146 行.
NOTIC: [8] Use of undefined constant id - assumed 'id' /data/wwwroot/html/bobo2/Home/Runtime/Cache/f70fb34fda6554e989e5274966376abb.php 第 146 行.
NOTIC: [8] Use of undefined constant ppid - assumed 'ppid' /data/wwwroot/html/bobo2/Home/Runtime/Cache/f70fb34fda6554e989e5274966376abb.php 第 146 行.
NOTIC: [8] Use of undefined constant catid - assumed 'catid' /data/wwwroot/html/bobo2/Home/Runtime/Cache/f70fb34fda6554e989e5274966376abb.php 第 150 行.
NOTIC: [8] Use of undefined constant catid - assumed 'catid' /data/wwwroot/html/bobo2/Home/Runtime/Cache/f70fb34fda6554e989e5274966376abb.php 第 150 行.
NOTIC: [8] Use of undefined constant catid - assumed 'catid' /data/wwwroot/html/bobo2/Home/Runtime/Cache/f70fb34fda6554e989e5274966376abb.php 第 150 行.
NOTIC: [8] Use of undefined constant catid - assumed 'catid' /data/wwwroot/html/bobo2/Home/Runtime/Cache/f70fb34fda6554e989e5274966376abb.php 第 150 行.
NOTIC: [8] Use of undefined constant catid - assumed 'catid' /data/wwwroot/html/bobo2/Home/Runtime/Cache/f70fb34fda6554e989e5274966376abb.php 第 150 行.
NOTIC: [8] Use of undefined constant catid - assumed 'catid' /data/wwwroot/html/bobo2/Home/Runtime/Cache/f70fb34fda6554e989e5274966376abb.php 第 150 行.
NOTIC: [8] Use of undefined constant catid - assumed 'catid' /data/wwwroot/html/bobo2/Home/Runtime/Cache/f70fb34fda6554e989e5274966376abb.php 第 150 行.
NOTIC: [8] Use of undefined constant catid - assumed 'catid' /data/wwwroot/html/bobo2/Home/Runtime/Cache/f70fb34fda6554e989e5274966376abb.php 第 150 行.
NOTIC: [8] Use of undefined constant catid - assumed 'catid' /data/wwwroot/html/bobo2/Home/Runtime/Cache/f70fb34fda6554e989e5274966376abb.php 第 154 行.
NOTIC: [8] Use of undefined constant catid - assumed 'catid' /data/wwwroot/html/bobo2/Home/Runtime/Cache/f70fb34fda6554e989e5274966376abb.php 第 154 行.
NOTIC: [8] Use of undefined constant catid - assumed 'catid' /data/wwwroot/html/bobo2/Home/Runtime/Cache/f70fb34fda6554e989e5274966376abb.php 第 154 行.
NOTIC: [8] Use of undefined constant catid - assumed 'catid' /data/wwwroot/html/bobo2/Home/Runtime/Cache/f70fb34fda6554e989e5274966376abb.php 第 154 行.
NOTIC: [8] Use of undefined constant catid - assumed 'catid' /data/wwwroot/html/bobo2/Home/Runtime/Cache/f70fb34fda6554e989e5274966376abb.php 第 154 行.
NOTIC: [8] Use of undefined constant catid - assumed 'catid' /data/wwwroot/html/bobo2/Home/Runtime/Cache/f70fb34fda6554e989e5274966376abb.php 第 154 行.
NOTIC: [8] Use of undefined constant catid - assumed 'catid' /data/wwwroot/html/bobo2/Home/Runtime/Cache/f70fb34fda6554e989e5274966376abb.php 第 154 行.
NOTIC: [8] Use of undefined constant catid - assumed 'catid' /data/wwwroot/html/bobo2/Home/Runtime/Cache/f70fb34fda6554e989e5274966376abb.php 第 157 行.
NOTIC: [8] Use of undefined constant catid - assumed 'catid' /data/wwwroot/html/bobo2/Home/Runtime/Cache/f70fb34fda6554e989e5274966376abb.php 第 157 行.
NOTIC: [8] Use of undefined constant catid - assumed 'catid' /data/wwwroot/html/bobo2/Home/Runtime/Cache/f70fb34fda6554e989e5274966376abb.php 第 157 行.
NOTIC: [8] Use of undefined constant catid - assumed 'catid' /data/wwwroot/html/bobo2/Home/Runtime/Cache/f70fb34fda6554e989e5274966376abb.php 第 157 行.
NOTIC: [8] Use of undefined constant catid - assumed 'catid' /data/wwwroot/html/bobo2/Home/Runtime/Cache/f70fb34fda6554e989e5274966376abb.php 第 157 行.
NOTIC: [8] Use of undefined constant catid - assumed 'catid' /data/wwwroot/html/bobo2/Home/Runtime/Cache/f70fb34fda6554e989e5274966376abb.php 第 157 行.
NOTIC: [8] Use of undefined constant catid - assumed 'catid' /data/wwwroot/html/bobo2/Home/Runtime/Cache/f70fb34fda6554e989e5274966376abb.php 第 157 行.
NOTIC: [8] Use of undefined constant catid - assumed 'catid' /data/wwwroot/html/bobo2/Home/Runtime/Cache/f70fb34fda6554e989e5274966376abb.php 第 157 行.
NOTIC: [8] Use of undefined constant catid - assumed 'catid' /data/wwwroot/html/bobo2/Home/Runtime/Cache/f70fb34fda6554e989e5274966376abb.php 第 180 行.
NOTIC: [8] Use of undefined constant id - assumed 'id' /data/wwwroot/html/bobo2/Home/Runtime/Cache/f70fb34fda6554e989e5274966376abb.php 第 180 行.
NOTIC: [8] Use of undefined constant ppid - assumed 'ppid' /data/wwwroot/html/bobo2/Home/Runtime/Cache/f70fb34fda6554e989e5274966376abb.php 第 180 行.
NOTIC: [8] Use of undefined constant catid - assumed 'catid' /data/wwwroot/html/bobo2/Home/Runtime/Cache/f70fb34fda6554e989e5274966376abb.php 第 180 行.
NOTIC: [8] Use of undefined constant id - assumed 'id' /data/wwwroot/html/bobo2/Home/Runtime/Cache/f70fb34fda6554e989e5274966376abb.php 第 180 行.
NOTIC: [8] Use of undefined constant ppid - assumed 'ppid' /data/wwwroot/html/bobo2/Home/Runtime/Cache/f70fb34fda6554e989e5274966376abb.php 第 180 行.
NOTIC: [8] Use of undefined constant catid - assumed 'catid' /data/wwwroot/html/bobo2/Home/Runtime/Cache/f70fb34fda6554e989e5274966376abb.php 第 180 行.
NOTIC: [8] Use of undefined constant id - assumed 'id' /data/wwwroot/html/bobo2/Home/Runtime/Cache/f70fb34fda6554e989e5274966376abb.php 第 180 行.
NOTIC: [8] Use of undefined constant ppid - assumed 'ppid' /data/wwwroot/html/bobo2/Home/Runtime/Cache/f70fb34fda6554e989e5274966376abb.php 第 180 行.
NOTIC: [8] Use of undefined constant catid - assumed 'catid' /data/wwwroot/html/bobo2/Home/Runtime/Cache/f70fb34fda6554e989e5274966376abb.php 第 180 行.
NOTIC: [8] Use of undefined constant id - assumed 'id' /data/wwwroot/html/bobo2/Home/Runtime/Cache/f70fb34fda6554e989e5274966376abb.php 第 180 行.
NOTIC: [8] Use of undefined constant ppid - assumed 'ppid' /data/wwwroot/html/bobo2/Home/Runtime/Cache/f70fb34fda6554e989e5274966376abb.php 第 180 行.
NOTIC: [8] Use of undefined constant catid - assumed 'catid' /data/wwwroot/html/bobo2/Home/Runtime/Cache/f70fb34fda6554e989e5274966376abb.php 第 180 行.
NOTIC: [8] Use of undefined constant id - assumed 'id' /data/wwwroot/html/bobo2/Home/Runtime/Cache/f70fb34fda6554e989e5274966376abb.php 第 180 行.
NOTIC: [8] Use of undefined constant ppid - assumed 'ppid' /data/wwwroot/html/bobo2/Home/Runtime/Cache/f70fb34fda6554e989e5274966376abb.php 第 180 行.
NOTIC: [8] Use of undefined constant catid - assumed 'catid' /data/wwwroot/html/bobo2/Home/Runtime/Cache/f70fb34fda6554e989e5274966376abb.php 第 180 行.
NOTIC: [8] Use of undefined constant id - assumed 'id' /data/wwwroot/html/bobo2/Home/Runtime/Cache/f70fb34fda6554e989e5274966376abb.php 第 180 行.
NOTIC: [8] Use of undefined constant ppid - assumed 'ppid' /data/wwwroot/html/bobo2/Home/Runtime/Cache/f70fb34fda6554e989e5274966376abb.php 第 180 行.
NOTIC: [8] Use of undefined constant catid - assumed 'catid' /data/wwwroot/html/bobo2/Home/Runtime/Cache/f70fb34fda6554e989e5274966376abb.php 第 180 行.
NOTIC: [8] Use of undefined constant id - assumed 'id' /data/wwwroot/html/bobo2/Home/Runtime/Cache/f70fb34fda6554e989e5274966376abb.php 第 180 行.
NOTIC: [8] Use of undefined constant ppid - assumed 'ppid' /data/wwwroot/html/bobo2/Home/Runtime/Cache/f70fb34fda6554e989e5274966376abb.php 第 180 行.
NOTIC: [8] Use of undefined constant catid - assumed 'catid' /data/wwwroot/html/bobo2/Home/Runtime/Cache/f70fb34fda6554e989e5274966376abb.php 第 180 行.
NOTIC: [8] Use of undefined constant id - assumed 'id' /data/wwwroot/html/bobo2/Home/Runtime/Cache/f70fb34fda6554e989e5274966376abb.php 第 180 行.
NOTIC: [8] Use of undefined constant ppid - assumed 'ppid' /data/wwwroot/html/bobo2/Home/Runtime/Cache/f70fb34fda6554e989e5274966376abb.php 第 180 行.
NOTIC: [8] Use of undefined constant catid - assumed 'catid' /data/wwwroot/html/bobo2/Home/Runtime/Cache/f70fb34fda6554e989e5274966376abb.php 第 184 行.
NOTIC: [8] Use of undefined constant catid - assumed 'catid' /data/wwwroot/html/bobo2/Home/Runtime/Cache/f70fb34fda6554e989e5274966376abb.php 第 184 行.
NOTIC: [8] Use of undefined constant catid - assumed 'catid' /data/wwwroot/html/bobo2/Home/Runtime/Cache/f70fb34fda6554e989e5274966376abb.php 第 184 行.
NOTIC: [8] Use of undefined constant catid - assumed 'catid' /data/wwwroot/html/bobo2/Home/Runtime/Cache/f70fb34fda6554e989e5274966376abb.php 第 184 行.
NOTIC: [8] Use of undefined constant catid - assumed 'catid' /data/wwwroot/html/bobo2/Home/Runtime/Cache/f70fb34fda6554e989e5274966376abb.php 第 184 行.
NOTIC: [8] Use of undefined constant catid - assumed 'catid' /data/wwwroot/html/bobo2/Home/Runtime/Cache/f70fb34fda6554e989e5274966376abb.php 第 184 行.
NOTIC: [8] Use of undefined constant catid - assumed 'catid' /data/wwwroot/html/bobo2/Home/Runtime/Cache/f70fb34fda6554e989e5274966376abb.php 第 184 行.
NOTIC: [8] Use of undefined constant catid - assumed 'catid' /data/wwwroot/html/bobo2/Home/Runtime/Cache/f70fb34fda6554e989e5274966376abb.php 第 184 行.
NOTIC: [8] Use of undefined constant catid - assumed 'catid' /data/wwwroot/html/bobo2/Home/Runtime/Cache/f70fb34fda6554e989e5274966376abb.php 第 188 行.
NOTIC: [8] Use of undefined constant catid - assumed 'catid' /data/wwwroot/html/bobo2/Home/Runtime/Cache/f70fb34fda6554e989e5274966376abb.php 第 188 行.
NOTIC: [8] Use of undefined constant catid - assumed 'catid' /data/wwwroot/html/bobo2/Home/Runtime/Cache/f70fb34fda6554e989e5274966376abb.php 第 188 行.
NOTIC: [8] Use of undefined constant catid - assumed 'catid' /data/wwwroot/html/bobo2/Home/Runtime/Cache/f70fb34fda6554e989e5274966376abb.php 第 188 行.
NOTIC: [8] Use of undefined constant catid - assumed 'catid' /data/wwwroot/html/bobo2/Home/Runtime/Cache/f70fb34fda6554e989e5274966376abb.php 第 188 行.
NOTIC: [8] Use of undefined constant catid - assumed 'catid' /data/wwwroot/html/bobo2/Home/Runtime/Cache/f70fb34fda6554e989e5274966376abb.php 第 188 行.
NOTIC: [8] Use of undefined constant catid - assumed 'catid' /data/wwwroot/html/bobo2/Home/Runtime/Cache/f70fb34fda6554e989e5274966376abb.php 第 188 行.
NOTIC: [8] Use of undefined constant catid - assumed 'catid' /data/wwwroot/html/bobo2/Home/Runtime/Cache/f70fb34fda6554e989e5274966376abb.php 第 191 行.
NOTIC: [8] Use of undefined constant catid - assumed 'catid' /data/wwwroot/html/bobo2/Home/Runtime/Cache/f70fb34fda6554e989e5274966376abb.php 第 191 行.
NOTIC: [8] Use of undefined constant catid - assumed 'catid' /data/wwwroot/html/bobo2/Home/Runtime/Cache/f70fb34fda6554e989e5274966376abb.php 第 191 行.
NOTIC: [8] Use of undefined constant catid - assumed 'catid' /data/wwwroot/html/bobo2/Home/Runtime/Cache/f70fb34fda6554e989e5274966376abb.php 第 191 行.
NOTIC: [8] Use of undefined constant catid - assumed 'catid' /data/wwwroot/html/bobo2/Home/Runtime/Cache/f70fb34fda6554e989e5274966376abb.php 第 191 行.
NOTIC: [8] Use of undefined constant catid - assumed 'catid' /data/wwwroot/html/bobo2/Home/Runtime/Cache/f70fb34fda6554e989e5274966376abb.php 第 191 行.
NOTIC: [8] Use of undefined constant catid - assumed 'catid' /data/wwwroot/html/bobo2/Home/Runtime/Cache/f70fb34fda6554e989e5274966376abb.php 第 191 行.
NOTIC: [8] Use of undefined constant catid - assumed 'catid' /data/wwwroot/html/bobo2/Home/Runtime/Cache/f70fb34fda6554e989e5274966376abb.php 第 191 行.
INFO: Run ParseTemplate Behavior [ RunTime:0.032862s ]
INFO: [ view_parse ] --END-- [ RunTime:0.033007s ]
INFO: [ view_filter ] --START--
INFO: Run ContentReplace Behavior [ RunTime:0.000507s ]
INFO: Run TokenBuild Behavior [ RunTime:0.000263s ]
INFO: Run WriteHtmlCache Behavior [ RunTime:0.000219s ]
INFO: Run ShowRuntime Behavior [ RunTime:0.000337s ]
INFO: [ view_filter ] --END-- [ RunTime:0.001495s ]
INFO: [ view_end ] --START--
INFO: Run ShowPageTrace Behavior [ RunTime:0.000426s ]
INFO: [ view_end ] --END-- [ RunTime:0.000481s ]

