[ 2016-11-09T20:52:16+08:00 ] 220.181.108.147 /bobo2/index.php/Content/news_xq/catid/24/id/
INFO: [ route_check ] --START--
INFO: Run CheckRoute Behavior [ RunTime:0.000606s ]
INFO: [ route_check ] --END-- [ RunTime:0.000687s ]
INFO: [ app_begin ] --START--
INFO: Run ReadHtmlCache Behavior [ RunTime:0.000366s ]
INFO: [ app_begin ] --END-- [ RunTime:0.000425s ]
SQL: SHOW COLUMNS FROM `tp_category` [ RunTime:0.000782s ]
SQL: SHOW COLUMNS FROM `tp_content` [ RunTime:0.000696s ]
SQL: SHOW COLUMNS FROM `tp_page` [ RunTime:0.000498s ]
SQL: SELECT * FROM `tp_page` WHERE ( `catid` = 29 ) LIMIT 1   [ RunTime:0.000258s ]
SQL: SELECT `id`,`catid`,`title`,`headerpic` FROM `tp_content` WHERE ( catid=23 and (status=2 or status=3) ) ORDER BY conorder desc,id desc LIMIT 8   [ RunTime:0.000503s ]
SQL: SELECT `id`,`catid`,`title`,`headerpic` FROM `tp_content` WHERE ( catid=24 and (status=2 or status=3) ) ORDER BY conorder desc,id desc LIMIT 8   [ RunTime:0.000405s ]
SQL: SELECT `id`,`catid`,`title`,`headerpic` FROM `tp_content` WHERE ( catid=25 and (status=2 or status=3) ) ORDER BY conorder desc,id desc LIMIT 8   [ RunTime:0.000387s ]
SQL: SHOW COLUMNS FROM `tp_site` [ RunTime:0.000442s ]
SQL: SELECT * FROM `tp_site` WHERE ( siteid=1 ) LIMIT 1   [ RunTime:0.000192s ]
SQL: SHOW COLUMNS FROM `tp_product` [ RunTime:0.000688s ]
SQL: SELECT a.xqstatus,a.title,a.picurlpc,a.catid,a.id,b.id as ppid FROM tp_product_price b,tp_product a WHERE ( a.posid=1 and a.status=1 and  a.id=b.pid ) ORDER BY a.listorder desc,id desc LIMIT 8   [ RunTime:0.001464s ]
SQL: SHOW COLUMNS FROM `tp_video` [ RunTime:0.000989s ]
SQL: SELECT `vtitle`,`headerpic`,`catid` FROM `tp_video` WHERE ( catid=26 and (status=2 or status=3) ) ORDER BY listorder desc,vid desc LIMIT 8   [ RunTime:0.000443s ]
SQL: SELECT `vtitle`,`headerpic`,`catid` FROM `tp_video` WHERE ( catid=27 and (status=2 or status=3) ) ORDER BY listorder desc,vid desc LIMIT 8   [ RunTime:0.000320s ]
SQL: SELECT `catid`,`catname`,`caturl` FROM `tp_category` WHERE ( `catid` IN ('14','15','16','17','18','19','20','21') ) ORDER BY listorder desc,catid desc  [ RunTime:0.000304s ]
NOTIC: [8] Undefined variable: category_list /data/wwwroot/html/bobo2/Home/Lib/Action/CommonAction.class.php 第 28 行.
SQL: SHOW COLUMNS FROM `tp_parameter` [ RunTime:0.000797s ]
NOTIC: [8] Undefined index: id /data/wwwroot/html/bobo2/Home/Lib/Action/ContentAction.class.php 第 47 行.
SQL: SELECT * FROM `tp_content` WHERE ( id=0 and catid=24 and (status=2 or status=3) ) LIMIT 1   [ RunTime:0.000321s ]
SQL: SELECT * FROM `tp_content` WHERE ( id<'0'and catid=24 and (status=2 or status=3) ) ORDER BY id desc LIMIT 1   [ RunTime:0.000307s ]
SQL: SELECT * FROM `tp_content` WHERE ( id>'0'and catid=24 and (status=2 or status=3) ) ORDER BY id asc LIMIT 1   [ RunTime:0.000730s ]
SQL: SELECT tp_product.picurlpc,tp_product.title,tp_product.catid,a.id,a.pid,a.capacity,a.price,b.catname FROM `tp_product` left join tp_product_price a on tp_product.id=a.pid left join tp_category b on tp_product.catid=b.catid WHERE ( tp_product.status=1 and a.id in () ) LIMIT 6   [ RunTime:0.000111s ]
ERR: You have an error in your SQL syntax; check the manual that corresponds to your MySQL server version for the right syntax to use near ') ) LIMIT 6' at line 1
 [ SQL语句 ] : SELECT tp_product.picurlpc,tp_product.title,tp_product.catid,a.id,a.pid,a.capacity,a.price,b.catname FROM `tp_product` left join tp_product_price a on tp_product.id=a.pid left join tp_category b on tp_product.catid=b.catid WHERE ( tp_product.status=1 and a.id in () ) LIMIT 6  
INFO: [ view_template ] --START--
INFO: Run LocationTemplate Behavior [ RunTime:0.000263s ]
INFO: [ view_template ] --END-- [ RunTime:0.000320s ]
INFO: [ view_parse ] --START--
NOTIC: [8] A session had already been started - ignoring session_start() /data/wwwroot/html/bobo2/Home/Runtime/Cache/ce623d1db83d6aeebaf20a828a27d1b9.php 第 78 行.
NOTIC: [8] Undefined index: bobo_pc_user_id /data/wwwroot/html/bobo2/Home/Runtime/Cache/ce623d1db83d6aeebaf20a828a27d1b9.php 第 78 行.
NOTIC: [8] Undefined index: bobo_pc_user_id /data/wwwroot/html/bobo2/Home/Runtime/Cache/ce623d1db83d6aeebaf20a828a27d1b9.php 第 85 行.
NOTIC: [8] Undefined index: bobo_pc_user_name /data/wwwroot/html/bobo2/Home/Runtime/Cache/ce623d1db83d6aeebaf20a828a27d1b9.php 第 85 行.
NOTIC: [8] Undefined variable: k /data/wwwroot/html/bobo2/Home/Runtime/Cache/ce623d1db83d6aeebaf20a828a27d1b9.php 第 112 行.
NOTIC: [8] Use of undefined constant catid - assumed 'catid' /data/wwwroot/html/bobo2/Home/Runtime/Cache/ce623d1db83d6aeebaf20a828a27d1b9.php 第 115 行.
NOTIC: [8] Use of undefined constant id - assumed 'id' /data/wwwroot/html/bobo2/Home/Runtime/Cache/ce623d1db83d6aeebaf20a828a27d1b9.php 第 115 行.
NOTIC: [8] Use of undefined constant catid - assumed 'catid' /data/wwwroot/html/bobo2/Home/Runtime/Cache/ce623d1db83d6aeebaf20a828a27d1b9.php 第 115 行.
NOTIC: [8] Use of undefined constant id - assumed 'id' /data/wwwroot/html/bobo2/Home/Runtime/Cache/ce623d1db83d6aeebaf20a828a27d1b9.php 第 115 行.
NOTIC: [8] Use of undefined constant catid - assumed 'catid' /data/wwwroot/html/bobo2/Home/Runtime/Cache/ce623d1db83d6aeebaf20a828a27d1b9.php 第 115 行.
NOTIC: [8] Use of undefined constant id - assumed 'id' /data/wwwroot/html/bobo2/Home/Runtime/Cache/ce623d1db83d6aeebaf20a828a27d1b9.php 第 115 行.
NOTIC: [8] Use of undefined constant catid - assumed 'catid' /data/wwwroot/html/bobo2/Home/Runtime/Cache/ce623d1db83d6aeebaf20a828a27d1b9.php 第 115 行.
NOTIC: [8] Use of undefined constant id - assumed 'id' /data/wwwroot/html/bobo2/Home/Runtime/Cache/ce623d1db83d6aeebaf20a828a27d1b9.php 第 115 行.
NOTIC: [8] Use of undefined constant catid - assumed 'catid' /data/wwwroot/html/bobo2/Home/Runtime/Cache/ce623d1db83d6aeebaf20a828a27d1b9.php 第 115 行.
NOTIC: [8] Use of undefined constant id - assumed 'id' /data/wwwroot/html/bobo2/Home/Runtime/Cache/ce623d1db83d6aeebaf20a828a27d1b9.php 第 115 行.
NOTIC: [8] Use of undefined constant catid - assumed 'catid' /data/wwwroot/html/bobo2/Home/Runtime/Cache/ce623d1db83d6aeebaf20a828a27d1b9.php 第 115 行.
NOTIC: [8] Use of undefined constant id - assumed 'id' /data/wwwroot/html/bobo2/Home/Runtime/Cache/ce623d1db83d6aeebaf20a828a27d1b9.php 第 115 行.
NOTIC: [8] Use of undefined constant catid - assumed 'catid' /data/wwwroot/html/bobo2/Home/Runtime/Cache/ce623d1db83d6aeebaf20a828a27d1b9.php 第 115 行.
NOTIC: [8] Use of undefined constant id - assumed 'id' /data/wwwroot/html/bobo2/Home/Runtime/Cache/ce623d1db83d6aeebaf20a828a27d1b9.php 第 115 行.
NOTIC: [8] Use of undefined constant catid - assumed 'catid' /data/wwwroot/html/bobo2/Home/Runtime/Cache/ce623d1db83d6aeebaf20a828a27d1b9.php 第 115 行.
NOTIC: [8] Use of undefined constant id - assumed 'id' /data/wwwroot/html/bobo2/Home/Runtime/Cache/ce623d1db83d6aeebaf20a828a27d1b9.php 第 115 行.
NOTIC: [8] Use of undefined constant catid - assumed 'catid' /data/wwwroot/html/bobo2/Home/Runtime/Cache/ce623d1db83d6aeebaf20a828a27d1b9.php 第 118 行.
NOTIC: [8] Use of undefined constant id - assumed 'id' /data/wwwroot/html/bobo2/Home/Runtime/Cache/ce623d1db83d6aeebaf20a828a27d1b9.php 第 118 行.
NOTIC: [8] Use of undefined constant catid - assumed 'catid' /data/wwwroot/html/bobo2/Home/Runtime/Cache/ce623d1db83d6aeebaf20a828a27d1b9.php 第 118 行.
NOTIC: [8] Use of undefined constant id - assumed 'id' /data/wwwroot/html/bobo2/Home/Runtime/Cache/ce623d1db83d6aeebaf20a828a27d1b9.php 第 118 行.
NOTIC: [8] Use of undefined constant catid - assumed 'catid' /data/wwwroot/html/bobo2/Home/Runtime/Cache/ce623d1db83d6aeebaf20a828a27d1b9.php 第 118 行.
NOTIC: [8] Use of undefined constant id - assumed 'id' /data/wwwroot/html/bobo2/Home/Runtime/Cache/ce623d1db83d6aeebaf20a828a27d1b9.php 第 118 行.
NOTIC: [8] Use of undefined constant catid - assumed 'catid' /data/wwwroot/html/bobo2/Home/Runtime/Cache/ce623d1db83d6aeebaf20a828a27d1b9.php 第 118 行.
NOTIC: [8] Use of undefined constant id - assumed 'id' /data/wwwroot/html/bobo2/Home/Runtime/Cache/ce623d1db83d6aeebaf20a828a27d1b9.php 第 118 行.
NOTIC: [8] Use of undefined constant catid - assumed 'catid' /data/wwwroot/html/bobo2/Home/Runtime/Cache/ce623d1db83d6aeebaf20a828a27d1b9.php 第 121 行.
NOTIC: [8] Use of undefined constant id - assumed 'id' /data/wwwroot/html/bobo2/Home/Runtime/Cache/ce623d1db83d6aeebaf20a828a27d1b9.php 第 121 行.
NOTIC: [8] Use of undefined constant catid - assumed 'catid' /data/wwwroot/html/bobo2/Home/Runtime/Cache/ce623d1db83d6aeebaf20a828a27d1b9.php 第 121 行.
NOTIC: [8] Use of undefined constant id - assumed 'id' /data/wwwroot/html/bobo2/Home/Runtime/Cache/ce623d1db83d6aeebaf20a828a27d1b9.php 第 121 行.
NOTIC: [8] Use of undefined constant catid - assumed 'catid' /data/wwwroot/html/bobo2/Home/Runtime/Cache/ce623d1db83d6aeebaf20a828a27d1b9.php 第 146 行.
NOTIC: [8] Use of undefined constant id - assumed 'id' /data/wwwroot/html/bobo2/Home/Runtime/Cache/ce623d1db83d6aeebaf20a828a27d1b9.php 第 146 行.
NOTIC: [8] Use of undefined constant ppid - assumed 'ppid' /data/wwwroot/html/bobo2/Home/Runtime/Cache/ce623d1db83d6aeebaf20a828a27d1b9.php 第 146 行.
NOTIC: [8] Use of undefined constant catid - assumed 'catid' /data/wwwroot/html/bobo2/Home/Runtime/Cache/ce623d1db83d6aeebaf20a828a27d1b9.php 第 146 行.
NOTIC: [8] Use of undefined constant id - assumed 'id' /data/wwwroot/html/bobo2/Home/Runtime/Cache/ce623d1db83d6aeebaf20a828a27d1b9.php 第 146 行.
NOTIC: [8] Use of undefined constant ppid - assumed 'ppid' /data/wwwroot/html/bobo2/Home/Runtime/Cache/ce623d1db83d6aeebaf20a828a27d1b9.php 第 146 行.
NOTIC: [8] Use of undefined constant catid - assumed 'catid' /data/wwwroot/html/bobo2/Home/Runtime/Cache/ce623d1db83d6aeebaf20a828a27d1b9.php 第 146 行.
NOTIC: [8] Use of undefined constant id - assumed 'id' /data/wwwroot/html/bobo2/Home/Runtime/Cache/ce623d1db83d6aeebaf20a828a27d1b9.php 第 146 行.
NOTIC: [8] Use of undefined constant ppid - assumed 'ppid' /data/wwwroot/html/bobo2/Home/Runtime/Cache/ce623d1db83d6aeebaf20a828a27d1b9.php 第 146 行.
NOTIC: [8] Use of undefined constant catid - assumed 'catid' /data/wwwroot/html/bobo2/Home/Runtime/Cache/ce623d1db83d6aeebaf20a828a27d1b9.php 第 146 行.
NOTIC: [8] Use of undefined constant id - assumed 'id' /data/wwwroot/html/bobo2/Home/Runtime/Cache/ce623d1db83d6aeebaf20a828a27d1b9.php 第 146 行.
NOTIC: [8] Use of undefined constant ppid - assumed 'ppid' /data/wwwroot/html/bobo2/Home/Runtime/Cache/ce623d1db83d6aeebaf20a828a27d1b9.php 第 146 行.
NOTIC: [8] Use of undefined constant catid - assumed 'catid' /data/wwwroot/html/bobo2/Home/Runtime/Cache/ce623d1db83d6aeebaf20a828a27d1b9.php 第 146 行.
NOTIC: [8] Use of undefined constant id - assumed 'id' /data/wwwroot/html/bobo2/Home/Runtime/Cache/ce623d1db83d6aeebaf20a828a27d1b9.php 第 146 行.
NOTIC: [8] Use of undefined constant ppid - assumed 'ppid' /data/wwwroot/html/bobo2/Home/Runtime/Cache/ce623d1db83d6aeebaf20a828a27d1b9.php 第 146 行.
NOTIC: [8] Use of undefined constant catid - assumed 'catid' /data/wwwroot/html/bobo2/Home/Runtime/Cache/ce623d1db83d6aeebaf20a828a27d1b9.php 第 146 行.
NOTIC: [8] Use of undefined constant id - assumed 'id' /data/wwwroot/html/bobo2/Home/Runtime/Cache/ce623d1db83d6aeebaf20a828a27d1b9.php 第 146 行.
NOTIC: [8] Use of undefined constant ppid - assumed 'ppid' /data/wwwroot/html/bobo2/Home/Runtime/Cache/ce623d1db83d6aeebaf20a828a27d1b9.php 第 146 行.
NOTIC: [8] Use of undefined constant catid - assumed 'catid' /data/wwwroot/html/bobo2/Home/Runtime/Cache/ce623d1db83d6aeebaf20a828a27d1b9.php 第 146 行.
NOTIC: [8] Use of undefined constant id - assumed 'id' /data/wwwroot/html/bobo2/Home/Runtime/Cache/ce623d1db83d6aeebaf20a828a27d1b9.php 第 146 行.
NOTIC: [8] Use of undefined constant ppid - assumed 'ppid' /data/wwwroot/html/bobo2/Home/Runtime/Cache/ce623d1db83d6aeebaf20a828a27d1b9.php 第 146 行.
NOTIC: [8] Use of undefined constant catid - assumed 'catid' /data/wwwroot/html/bobo2/Home/Runtime/Cache/ce623d1db83d6aeebaf20a828a27d1b9.php 第 146 行.
NOTIC: [8] Use of undefined constant id - assumed 'id' /data/wwwroot/html/bobo2/Home/Runtime/Cache/ce623d1db83d6aeebaf20a828a27d1b9.php 第 146 行.
NOTIC: [8] Use of undefined constant ppid - assumed 'ppid' /data/wwwroot/html/bobo2/Home/Runtime/Cache/ce623d1db83d6aeebaf20a828a27d1b9.php 第 146 行.
NOTIC: [8] Use of undefined constant catid - assumed 'catid' /data/wwwroot/html/bobo2/Home/Runtime/Cache/ce623d1db83d6aeebaf20a828a27d1b9.php 第 150 行.
NOTIC: [8] Use of undefined constant catid - assumed 'catid' /data/wwwroot/html/bobo2/Home/Runtime/Cache/ce623d1db83d6aeebaf20a828a27d1b9.php 第 150 行.
NOTIC: [8] Use of undefined constant catid - assumed 'catid' /data/wwwroot/html/bobo2/Home/Runtime/Cache/ce623d1db83d6aeebaf20a828a27d1b9.php 第 150 行.
NOTIC: [8] Use of undefined constant catid - assumed 'catid' /data/wwwroot/html/bobo2/Home/Runtime/Cache/ce623d1db83d6aeebaf20a828a27d1b9.php 第 150 行.
NOTIC: [8] Use of undefined constant catid - assumed 'catid' /data/wwwroot/html/bobo2/Home/Runtime/Cache/ce623d1db83d6aeebaf20a828a27d1b9.php 第 150 行.
NOTIC: [8] Use of undefined constant catid - assumed 'catid' /data/wwwroot/html/bobo2/Home/Runtime/Cache/ce623d1db83d6aeebaf20a828a27d1b9.php 第 150 行.
NOTIC: [8] Use of undefined constant catid - assumed 'catid' /data/wwwroot/html/bobo2/Home/Runtime/Cache/ce623d1db83d6aeebaf20a828a27d1b9.php 第 150 行.
NOTIC: [8] Use of undefined constant catid - assumed 'catid' /data/wwwroot/html/bobo2/Home/Runtime/Cache/ce623d1db83d6aeebaf20a828a27d1b9.php 第 150 行.
NOTIC: [8] Use of undefined constant catid - assumed 'catid' /data/wwwroot/html/bobo2/Home/Runtime/Cache/ce623d1db83d6aeebaf20a828a27d1b9.php 第 154 行.
NOTIC: [8] Use of undefined constant catid - assumed 'catid' /data/wwwroot/html/bobo2/Home/Runtime/Cache/ce623d1db83d6aeebaf20a828a27d1b9.php 第 154 行.
NOTIC: [8] Use of undefined constant catid - assumed 'catid' /data/wwwroot/html/bobo2/Home/Runtime/Cache/ce623d1db83d6aeebaf20a828a27d1b9.php 第 154 行.
NOTIC: [8] Use of undefined constant catid - assumed 'catid' /data/wwwroot/html/bobo2/Home/Runtime/Cache/ce623d1db83d6aeebaf20a828a27d1b9.php 第 154 行.
NOTIC: [8] Use of undefined constant catid - assumed 'catid' /data/wwwroot/html/bobo2/Home/Runtime/Cache/ce623d1db83d6aeebaf20a828a27d1b9.php 第 154 行.
NOTIC: [8] Use of undefined constant catid - assumed 'catid' /data/wwwroot/html/bobo2/Home/Runtime/Cache/ce623d1db83d6aeebaf20a828a27d1b9.php 第 154 行.
NOTIC: [8] Use of undefined constant catid - assumed 'catid' /data/wwwroot/html/bobo2/Home/Runtime/Cache/ce623d1db83d6aeebaf20a828a27d1b9.php 第 154 行.
NOTIC: [8] Use of undefined constant catid - assumed 'catid' /data/wwwroot/html/bobo2/Home/Runtime/Cache/ce623d1db83d6aeebaf20a828a27d1b9.php 第 157 行.
NOTIC: [8] Use of undefined constant catid - assumed 'catid' /data/wwwroot/html/bobo2/Home/Runtime/Cache/ce623d1db83d6aeebaf20a828a27d1b9.php 第 157 行.
NOTIC: [8] Use of undefined constant catid - assumed 'catid' /data/wwwroot/html/bobo2/Home/Runtime/Cache/ce623d1db83d6aeebaf20a828a27d1b9.php 第 157 行.
NOTIC: [8] Use of undefined constant catid - assumed 'catid' /data/wwwroot/html/bobo2/Home/Runtime/Cache/ce623d1db83d6aeebaf20a828a27d1b9.php 第 157 行.
NOTIC: [8] Use of undefined constant catid - assumed 'catid' /data/wwwroot/html/bobo2/Home/Runtime/Cache/ce623d1db83d6aeebaf20a828a27d1b9.php 第 157 行.
NOTIC: [8] Use of undefined constant catid - assumed 'catid' /data/wwwroot/html/bobo2/Home/Runtime/Cache/ce623d1db83d6aeebaf20a828a27d1b9.php 第 157 行.
NOTIC: [8] Use of undefined constant catid - assumed 'catid' /data/wwwroot/html/bobo2/Home/Runtime/Cache/ce623d1db83d6aeebaf20a828a27d1b9.php 第 157 行.
NOTIC: [8] Use of undefined constant catid - assumed 'catid' /data/wwwroot/html/bobo2/Home/Runtime/Cache/ce623d1db83d6aeebaf20a828a27d1b9.php 第 157 行.
NOTIC: [8] Use of undefined constant catid - assumed 'catid' /data/wwwroot/html/bobo2/Home/Runtime/Cache/ce623d1db83d6aeebaf20a828a27d1b9.php 第 180 行.
NOTIC: [8] Use of undefined constant id - assumed 'id' /data/wwwroot/html/bobo2/Home/Runtime/Cache/ce623d1db83d6aeebaf20a828a27d1b9.php 第 180 行.
NOTIC: [8] Use of undefined constant ppid - assumed 'ppid' /data/wwwroot/html/bobo2/Home/Runtime/Cache/ce623d1db83d6aeebaf20a828a27d1b9.php 第 180 行.
NOTIC: [8] Use of undefined constant catid - assumed 'catid' /data/wwwroot/html/bobo2/Home/Runtime/Cache/ce623d1db83d6aeebaf20a828a27d1b9.php 第 180 行.
NOTIC: [8] Use of undefined constant id - assumed 'id' /data/wwwroot/html/bobo2/Home/Runtime/Cache/ce623d1db83d6aeebaf20a828a27d1b9.php 第 180 行.
NOTIC: [8] Use of undefined constant ppid - assumed 'ppid' /data/wwwroot/html/bobo2/Home/Runtime/Cache/ce623d1db83d6aeebaf20a828a27d1b9.php 第 180 行.
NOTIC: [8] Use of undefined constant catid - assumed 'catid' /data/wwwroot/html/bobo2/Home/Runtime/Cache/ce623d1db83d6aeebaf20a828a27d1b9.php 第 180 行.
NOTIC: [8] Use of undefined constant id - assumed 'id' /data/wwwroot/html/bobo2/Home/Runtime/Cache/ce623d1db83d6aeebaf20a828a27d1b9.php 第 180 行.
NOTIC: [8] Use of undefined constant ppid - assumed 'ppid' /data/wwwroot/html/bobo2/Home/Runtime/Cache/ce623d1db83d6aeebaf20a828a27d1b9.php 第 180 行.
NOTIC: [8] Use of undefined constant catid - assumed 'catid' /data/wwwroot/html/bobo2/Home/Runtime/Cache/ce623d1db83d6aeebaf20a828a27d1b9.php 第 180 行.
NOTIC: [8] Use of undefined constant id - assumed 'id' /data/wwwroot/html/bobo2/Home/Runtime/Cache/ce623d1db83d6aeebaf20a828a27d1b9.php 第 180 行.
NOTIC: [8] Use of undefined constant ppid - assumed 'ppid' /data/wwwroot/html/bobo2/Home/Runtime/Cache/ce623d1db83d6aeebaf20a828a27d1b9.php 第 180 行.
NOTIC: [8] Use of undefined constant catid - assumed 'catid' /data/wwwroot/html/bobo2/Home/Runtime/Cache/ce623d1db83d6aeebaf20a828a27d1b9.php 第 180 行.
NOTIC: [8] Use of undefined constant id - assumed 'id' /data/wwwroot/html/bobo2/Home/Runtime/Cache/ce623d1db83d6aeebaf20a828a27d1b9.php 第 180 行.
NOTIC: [8] Use of undefined constant ppid - assumed 'ppid' /data/wwwroot/html/bobo2/Home/Runtime/Cache/ce623d1db83d6aeebaf20a828a27d1b9.php 第 180 行.
NOTIC: [8] Use of undefined constant catid - assumed 'catid' /data/wwwroot/html/bobo2/Home/Runtime/Cache/ce623d1db83d6aeebaf20a828a27d1b9.php 第 180 行.
NOTIC: [8] Use of undefined constant id - assumed 'id' /data/wwwroot/html/bobo2/Home/Runtime/Cache/ce623d1db83d6aeebaf20a828a27d1b9.php 第 180 行.
NOTIC: [8] Use of undefined constant ppid - assumed 'ppid' /data/wwwroot/html/bobo2/Home/Runtime/Cache/ce623d1db83d6aeebaf20a828a27d1b9.php 第 180 行.
NOTIC: [8] Use of undefined constant catid - assumed 'catid' /data/wwwroot/html/bobo2/Home/Runtime/Cache/ce623d1db83d6aeebaf20a828a27d1b9.php 第 180 行.
NOTIC: [8] Use of undefined constant id - assumed 'id' /data/wwwroot/html/bobo2/Home/Runtime/Cache/ce623d1db83d6aeebaf20a828a27d1b9.php 第 180 行.
NOTIC: [8] Use of undefined constant ppid - assumed 'ppid' /data/wwwroot/html/bobo2/Home/Runtime/Cache/ce623d1db83d6aeebaf20a828a27d1b9.php 第 180 行.
NOTIC: [8] Use of undefined constant catid - assumed 'catid' /data/wwwroot/html/bobo2/Home/Runtime/Cache/ce623d1db83d6aeebaf20a828a27d1b9.php 第 180 行.
NOTIC: [8] Use of undefined constant id - assumed 'id' /data/wwwroot/html/bobo2/Home/Runtime/Cache/ce623d1db83d6aeebaf20a828a27d1b9.php 第 180 行.
NOTIC: [8] Use of undefined constant ppid - assumed 'ppid' /data/wwwroot/html/bobo2/Home/Runtime/Cache/ce623d1db83d6aeebaf20a828a27d1b9.php 第 180 行.
NOTIC: [8] Use of undefined constant catid - assumed 'catid' /data/wwwroot/html/bobo2/Home/Runtime/Cache/ce623d1db83d6aeebaf20a828a27d1b9.php 第 184 行.
NOTIC: [8] Use of undefined constant catid - assumed 'catid' /data/wwwroot/html/bobo2/Home/Runtime/Cache/ce623d1db83d6aeebaf20a828a27d1b9.php 第 184 行.
NOTIC: [8] Use of undefined constant catid - assumed 'catid' /data/wwwroot/html/bobo2/Home/Runtime/Cache/ce623d1db83d6aeebaf20a828a27d1b9.php 第 184 行.
NOTIC: [8] Use of undefined constant catid - assumed 'catid' /data/wwwroot/html/bobo2/Home/Runtime/Cache/ce623d1db83d6aeebaf20a828a27d1b9.php 第 184 行.
NOTIC: [8] Use of undefined constant catid - assumed 'catid' /data/wwwroot/html/bobo2/Home/Runtime/Cache/ce623d1db83d6aeebaf20a828a27d1b9.php 第 184 行.
NOTIC: [8] Use of undefined constant catid - assumed 'catid' /data/wwwroot/html/bobo2/Home/Runtime/Cache/ce623d1db83d6aeebaf20a828a27d1b9.php 第 184 行.
NOTIC: [8] Use of undefined constant catid - assumed 'catid' /data/wwwroot/html/bobo2/Home/Runtime/Cache/ce623d1db83d6aeebaf20a828a27d1b9.php 第 184 行.
NOTIC: [8] Use of undefined constant catid - assumed 'catid' /data/wwwroot/html/bobo2/Home/Runtime/Cache/ce623d1db83d6aeebaf20a828a27d1b9.php 第 184 行.
NOTIC: [8] Use of undefined constant catid - assumed 'catid' /data/wwwroot/html/bobo2/Home/Runtime/Cache/ce623d1db83d6aeebaf20a828a27d1b9.php 第 188 行.
NOTIC: [8] Use of undefined constant catid - assumed 'catid' /data/wwwroot/html/bobo2/Home/Runtime/Cache/ce623d1db83d6aeebaf20a828a27d1b9.php 第 188 行.
NOTIC: [8] Use of undefined constant catid - assumed 'catid' /data/wwwroot/html/bobo2/Home/Runtime/Cache/ce623d1db83d6aeebaf20a828a27d1b9.php 第 188 行.
NOTIC: [8] Use of undefined constant catid - assumed 'catid' /data/wwwroot/html/bobo2/Home/Runtime/Cache/ce623d1db83d6aeebaf20a828a27d1b9.php 第 188 行.
NOTIC: [8] Use of undefined constant catid - assumed 'catid' /data/wwwroot/html/bobo2/Home/Runtime/Cache/ce623d1db83d6aeebaf20a828a27d1b9.php 第 188 行.
NOTIC: [8] Use of undefined constant catid - assumed 'catid' /data/wwwroot/html/bobo2/Home/Runtime/Cache/ce623d1db83d6aeebaf20a828a27d1b9.php 第 188 行.
NOTIC: [8] Use of undefined constant catid - assumed 'catid' /data/wwwroot/html/bobo2/Home/Runtime/Cache/ce623d1db83d6aeebaf20a828a27d1b9.php 第 188 行.
NOTIC: [8] Use of undefined constant catid - assumed 'catid' /data/wwwroot/html/bobo2/Home/Runtime/Cache/ce623d1db83d6aeebaf20a828a27d1b9.php 第 191 行.
NOTIC: [8] Use of undefined constant catid - assumed 'catid' /data/wwwroot/html/bobo2/Home/Runtime/Cache/ce623d1db83d6aeebaf20a828a27d1b9.php 第 191 行.
NOTIC: [8] Use of undefined constant catid - assumed 'catid' /data/wwwroot/html/bobo2/Home/Runtime/Cache/ce623d1db83d6aeebaf20a828a27d1b9.php 第 191 行.
NOTIC: [8] Use of undefined constant catid - assumed 'catid' /data/wwwroot/html/bobo2/Home/Runtime/Cache/ce623d1db83d6aeebaf20a828a27d1b9.php 第 191 行.
NOTIC: [8] Use of undefined constant catid - assumed 'catid' /data/wwwroot/html/bobo2/Home/Runtime/Cache/ce623d1db83d6aeebaf20a828a27d1b9.php 第 191 行.
NOTIC: [8] Use of undefined constant catid - assumed 'catid' /data/wwwroot/html/bobo2/Home/Runtime/Cache/ce623d1db83d6aeebaf20a828a27d1b9.php 第 191 行.
NOTIC: [8] Use of undefined constant catid - assumed 'catid' /data/wwwroot/html/bobo2/Home/Runtime/Cache/ce623d1db83d6aeebaf20a828a27d1b9.php 第 191 行.
NOTIC: [8] Use of undefined constant catid - assumed 'catid' /data/wwwroot/html/bobo2/Home/Runtime/Cache/ce623d1db83d6aeebaf20a828a27d1b9.php 第 191 行.
INFO: Run ParseTemplate Behavior [ RunTime:0.059884s ]
INFO: [ view_parse ] --END-- [ RunTime:0.059981s ]
INFO: [ view_filter ] --START--
INFO: Run ContentReplace Behavior [ RunTime:0.000738s ]
INFO: Run TokenBuild Behavior [ RunTime:0.000429s ]
INFO: Run WriteHtmlCache Behavior [ RunTime:0.000212s ]
INFO: Run ShowRuntime Behavior [ RunTime:0.000553s ]
INFO: [ view_filter ] --END-- [ RunTime:0.002188s ]
INFO: [ view_end ] --START--
INFO: Run ShowPageTrace Behavior [ RunTime:0.000624s ]
INFO: [ view_end ] --END-- [ RunTime:0.000739s ]

