[ 2016-10-23T08:41:51+08:00 ] 66.249.69.43 /bobo2/index.php/Content/content/catid/25
INFO: [ route_check ] --START--
INFO: Run CheckRoute Behavior [ RunTime:0.000657s ]
INFO: [ route_check ] --END-- [ RunTime:0.000763s ]
INFO: [ app_begin ] --START--
INFO: Run ReadHtmlCache Behavior [ RunTime:0.000381s ]
INFO: [ app_begin ] --END-- [ RunTime:0.000474s ]
SQL: SHOW COLUMNS FROM `tp_category` [ RunTime:0.000803s ]
SQL: SHOW COLUMNS FROM `tp_content` [ RunTime:0.000734s ]
SQL: SHOW COLUMNS FROM `tp_page` [ RunTime:0.000533s ]
SQL: SELECT * FROM `tp_page` WHERE ( `catid` = 29 ) LIMIT 1   [ RunTime:0.000243s ]
SQL: SELECT `id`,`catid`,`title`,`headerpic` FROM `tp_content` WHERE ( catid=23 and (status=2 or status=3) ) ORDER BY conorder desc,id desc LIMIT 8   [ RunTime:0.000511s ]
SQL: SELECT `id`,`catid`,`title`,`headerpic` FROM `tp_content` WHERE ( catid=24 and (status=2 or status=3) ) ORDER BY conorder desc,id desc LIMIT 8   [ RunTime:0.000397s ]
SQL: SELECT `id`,`catid`,`title`,`headerpic` FROM `tp_content` WHERE ( catid=25 and (status=2 or status=3) ) ORDER BY conorder desc,id desc LIMIT 8   [ RunTime:0.000386s ]
SQL: SHOW COLUMNS FROM `tp_site` [ RunTime:0.000473s ]
SQL: SELECT * FROM `tp_site` WHERE ( siteid=1 ) LIMIT 1   [ RunTime:0.000203s ]
SQL: SHOW COLUMNS FROM `tp_product` [ RunTime:0.000696s ]
SQL: SELECT a.xqstatus,a.title,a.picurlpc,a.catid,a.id,b.id as ppid FROM tp_product_price b,tp_product a WHERE ( a.posid=1 and a.status=1 and  a.id=b.pid ) ORDER BY a.listorder desc,id desc LIMIT 8   [ RunTime:0.000696s ]
SQL: SHOW COLUMNS FROM `tp_video` [ RunTime:0.000611s ]
SQL: SELECT `vtitle`,`headerpic`,`catid` FROM `tp_video` WHERE ( catid=26 and (status=2 or status=3) ) ORDER BY listorder desc,vid desc LIMIT 8   [ RunTime:0.000284s ]
SQL: SELECT `vtitle`,`headerpic`,`catid` FROM `tp_video` WHERE ( catid=27 and (status=2 or status=3) ) ORDER BY listorder desc,vid desc LIMIT 8   [ RunTime:0.000218s ]
SQL: SELECT `catid`,`catname`,`caturl` FROM `tp_category` WHERE ( `catid` IN ('14','15','16','17','18','19','20','21') ) ORDER BY listorder desc,catid desc  [ RunTime:0.000221s ]
NOTIC: [8] Undefined variable: category_list /var/www/html/bobo2/Home/Lib/Action/CommonAction.class.php 第 28 行.
SQL: SHOW COLUMNS FROM `tp_parameter` [ RunTime:0.000424s ]
SQL: SELECT `catname` FROM `tp_category` WHERE ( catid=25 ) LIMIT 1   [ RunTime:0.000213s ]
SQL: SELECT COUNT(*) AS tp_count FROM `tp_content` WHERE ( (status=2 or status=3) and catid=25 ) LIMIT 1   [ RunTime:0.000353s ]
INFO: [ view_template ] --START--
INFO: Run LocationTemplate Behavior [ RunTime:0.000284s ]
INFO: [ view_template ] --END-- [ RunTime:0.000348s ]
INFO: [ view_parse ] --START--
NOTIC: [8] A session had already been started - ignoring session_start() /var/www/html/bobo2/Home/Runtime/Cache/fe9930bbb0e2d631fffd2092295b4769.php 第 78 行.
NOTIC: [8] Undefined index: bobo_pc_user_id /var/www/html/bobo2/Home/Runtime/Cache/fe9930bbb0e2d631fffd2092295b4769.php 第 78 行.
NOTIC: [8] Undefined index: bobo_pc_user_id /var/www/html/bobo2/Home/Runtime/Cache/fe9930bbb0e2d631fffd2092295b4769.php 第 85 行.
NOTIC: [8] Undefined index: bobo_pc_user_name /var/www/html/bobo2/Home/Runtime/Cache/fe9930bbb0e2d631fffd2092295b4769.php 第 85 行.
NOTIC: [8] Undefined variable: k /var/www/html/bobo2/Home/Runtime/Cache/fe9930bbb0e2d631fffd2092295b4769.php 第 112 行.
NOTIC: [8] Use of undefined constant catid - assumed 'catid' /var/www/html/bobo2/Home/Runtime/Cache/fe9930bbb0e2d631fffd2092295b4769.php 第 115 行.
NOTIC: [8] Use of undefined constant id - assumed 'id' /var/www/html/bobo2/Home/Runtime/Cache/fe9930bbb0e2d631fffd2092295b4769.php 第 115 行.
NOTIC: [8] Use of undefined constant catid - assumed 'catid' /var/www/html/bobo2/Home/Runtime/Cache/fe9930bbb0e2d631fffd2092295b4769.php 第 115 行.
NOTIC: [8] Use of undefined constant id - assumed 'id' /var/www/html/bobo2/Home/Runtime/Cache/fe9930bbb0e2d631fffd2092295b4769.php 第 115 行.
NOTIC: [8] Use of undefined constant catid - assumed 'catid' /var/www/html/bobo2/Home/Runtime/Cache/fe9930bbb0e2d631fffd2092295b4769.php 第 115 行.
NOTIC: [8] Use of undefined constant id - assumed 'id' /var/www/html/bobo2/Home/Runtime/Cache/fe9930bbb0e2d631fffd2092295b4769.php 第 115 行.
NOTIC: [8] Use of undefined constant catid - assumed 'catid' /var/www/html/bobo2/Home/Runtime/Cache/fe9930bbb0e2d631fffd2092295b4769.php 第 115 行.
NOTIC: [8] Use of undefined constant id - assumed 'id' /var/www/html/bobo2/Home/Runtime/Cache/fe9930bbb0e2d631fffd2092295b4769.php 第 115 行.
NOTIC: [8] Use of undefined constant catid - assumed 'catid' /var/www/html/bobo2/Home/Runtime/Cache/fe9930bbb0e2d631fffd2092295b4769.php 第 115 行.
NOTIC: [8] Use of undefined constant id - assumed 'id' /var/www/html/bobo2/Home/Runtime/Cache/fe9930bbb0e2d631fffd2092295b4769.php 第 115 行.
NOTIC: [8] Use of undefined constant catid - assumed 'catid' /var/www/html/bobo2/Home/Runtime/Cache/fe9930bbb0e2d631fffd2092295b4769.php 第 115 行.
NOTIC: [8] Use of undefined constant id - assumed 'id' /var/www/html/bobo2/Home/Runtime/Cache/fe9930bbb0e2d631fffd2092295b4769.php 第 115 行.
NOTIC: [8] Use of undefined constant catid - assumed 'catid' /var/www/html/bobo2/Home/Runtime/Cache/fe9930bbb0e2d631fffd2092295b4769.php 第 115 行.
NOTIC: [8] Use of undefined constant id - assumed 'id' /var/www/html/bobo2/Home/Runtime/Cache/fe9930bbb0e2d631fffd2092295b4769.php 第 115 行.
NOTIC: [8] Use of undefined constant catid - assumed 'catid' /var/www/html/bobo2/Home/Runtime/Cache/fe9930bbb0e2d631fffd2092295b4769.php 第 115 行.
NOTIC: [8] Use of undefined constant id - assumed 'id' /var/www/html/bobo2/Home/Runtime/Cache/fe9930bbb0e2d631fffd2092295b4769.php 第 115 行.
NOTIC: [8] Use of undefined constant catid - assumed 'catid' /var/www/html/bobo2/Home/Runtime/Cache/fe9930bbb0e2d631fffd2092295b4769.php 第 118 行.
NOTIC: [8] Use of undefined constant id - assumed 'id' /var/www/html/bobo2/Home/Runtime/Cache/fe9930bbb0e2d631fffd2092295b4769.php 第 118 行.
NOTIC: [8] Use of undefined constant catid - assumed 'catid' /var/www/html/bobo2/Home/Runtime/Cache/fe9930bbb0e2d631fffd2092295b4769.php 第 118 行.
NOTIC: [8] Use of undefined constant id - assumed 'id' /var/www/html/bobo2/Home/Runtime/Cache/fe9930bbb0e2d631fffd2092295b4769.php 第 118 行.
NOTIC: [8] Use of undefined constant catid - assumed 'catid' /var/www/html/bobo2/Home/Runtime/Cache/fe9930bbb0e2d631fffd2092295b4769.php 第 118 行.
NOTIC: [8] Use of undefined constant id - assumed 'id' /var/www/html/bobo2/Home/Runtime/Cache/fe9930bbb0e2d631fffd2092295b4769.php 第 118 行.
NOTIC: [8] Use of undefined constant catid - assumed 'catid' /var/www/html/bobo2/Home/Runtime/Cache/fe9930bbb0e2d631fffd2092295b4769.php 第 118 行.
NOTIC: [8] Use of undefined constant id - assumed 'id' /var/www/html/bobo2/Home/Runtime/Cache/fe9930bbb0e2d631fffd2092295b4769.php 第 118 行.
NOTIC: [8] Use of undefined constant catid - assumed 'catid' /var/www/html/bobo2/Home/Runtime/Cache/fe9930bbb0e2d631fffd2092295b4769.php 第 121 行.
NOTIC: [8] Use of undefined constant id - assumed 'id' /var/www/html/bobo2/Home/Runtime/Cache/fe9930bbb0e2d631fffd2092295b4769.php 第 121 行.
NOTIC: [8] Use of undefined constant catid - assumed 'catid' /var/www/html/bobo2/Home/Runtime/Cache/fe9930bbb0e2d631fffd2092295b4769.php 第 121 行.
NOTIC: [8] Use of undefined constant id - assumed 'id' /var/www/html/bobo2/Home/Runtime/Cache/fe9930bbb0e2d631fffd2092295b4769.php 第 121 行.
NOTIC: [8] Use of undefined constant catid - assumed 'catid' /var/www/html/bobo2/Home/Runtime/Cache/fe9930bbb0e2d631fffd2092295b4769.php 第 146 行.
NOTIC: [8] Use of undefined constant id - assumed 'id' /var/www/html/bobo2/Home/Runtime/Cache/fe9930bbb0e2d631fffd2092295b4769.php 第 146 行.
NOTIC: [8] Use of undefined constant ppid - assumed 'ppid' /var/www/html/bobo2/Home/Runtime/Cache/fe9930bbb0e2d631fffd2092295b4769.php 第 146 行.
NOTIC: [8] Use of undefined constant catid - assumed 'catid' /var/www/html/bobo2/Home/Runtime/Cache/fe9930bbb0e2d631fffd2092295b4769.php 第 146 行.
NOTIC: [8] Use of undefined constant id - assumed 'id' /var/www/html/bobo2/Home/Runtime/Cache/fe9930bbb0e2d631fffd2092295b4769.php 第 146 行.
NOTIC: [8] Use of undefined constant ppid - assumed 'ppid' /var/www/html/bobo2/Home/Runtime/Cache/fe9930bbb0e2d631fffd2092295b4769.php 第 146 行.
NOTIC: [8] Use of undefined constant catid - assumed 'catid' /var/www/html/bobo2/Home/Runtime/Cache/fe9930bbb0e2d631fffd2092295b4769.php 第 146 行.
NOTIC: [8] Use of undefined constant id - assumed 'id' /var/www/html/bobo2/Home/Runtime/Cache/fe9930bbb0e2d631fffd2092295b4769.php 第 146 行.
NOTIC: [8] Use of undefined constant ppid - assumed 'ppid' /var/www/html/bobo2/Home/Runtime/Cache/fe9930bbb0e2d631fffd2092295b4769.php 第 146 行.
NOTIC: [8] Use of undefined constant catid - assumed 'catid' /var/www/html/bobo2/Home/Runtime/Cache/fe9930bbb0e2d631fffd2092295b4769.php 第 146 行.
NOTIC: [8] Use of undefined constant id - assumed 'id' /var/www/html/bobo2/Home/Runtime/Cache/fe9930bbb0e2d631fffd2092295b4769.php 第 146 行.
NOTIC: [8] Use of undefined constant ppid - assumed 'ppid' /var/www/html/bobo2/Home/Runtime/Cache/fe9930bbb0e2d631fffd2092295b4769.php 第 146 行.
NOTIC: [8] Use of undefined constant catid - assumed 'catid' /var/www/html/bobo2/Home/Runtime/Cache/fe9930bbb0e2d631fffd2092295b4769.php 第 146 行.
NOTIC: [8] Use of undefined constant id - assumed 'id' /var/www/html/bobo2/Home/Runtime/Cache/fe9930bbb0e2d631fffd2092295b4769.php 第 146 行.
NOTIC: [8] Use of undefined constant ppid - assumed 'ppid' /var/www/html/bobo2/Home/Runtime/Cache/fe9930bbb0e2d631fffd2092295b4769.php 第 146 行.
NOTIC: [8] Use of undefined constant catid - assumed 'catid' /var/www/html/bobo2/Home/Runtime/Cache/fe9930bbb0e2d631fffd2092295b4769.php 第 146 行.
NOTIC: [8] Use of undefined constant id - assumed 'id' /var/www/html/bobo2/Home/Runtime/Cache/fe9930bbb0e2d631fffd2092295b4769.php 第 146 行.
NOTIC: [8] Use of undefined constant ppid - assumed 'ppid' /var/www/html/bobo2/Home/Runtime/Cache/fe9930bbb0e2d631fffd2092295b4769.php 第 146 行.
NOTIC: [8] Use of undefined constant catid - assumed 'catid' /var/www/html/bobo2/Home/Runtime/Cache/fe9930bbb0e2d631fffd2092295b4769.php 第 146 行.
NOTIC: [8] Use of undefined constant id - assumed 'id' /var/www/html/bobo2/Home/Runtime/Cache/fe9930bbb0e2d631fffd2092295b4769.php 第 146 行.
NOTIC: [8] Use of undefined constant ppid - assumed 'ppid' /var/www/html/bobo2/Home/Runtime/Cache/fe9930bbb0e2d631fffd2092295b4769.php 第 146 行.
NOTIC: [8] Use of undefined constant catid - assumed 'catid' /var/www/html/bobo2/Home/Runtime/Cache/fe9930bbb0e2d631fffd2092295b4769.php 第 146 行.
NOTIC: [8] Use of undefined constant id - assumed 'id' /var/www/html/bobo2/Home/Runtime/Cache/fe9930bbb0e2d631fffd2092295b4769.php 第 146 行.
NOTIC: [8] Use of undefined constant ppid - assumed 'ppid' /var/www/html/bobo2/Home/Runtime/Cache/fe9930bbb0e2d631fffd2092295b4769.php 第 146 行.
NOTIC: [8] Use of undefined constant catid - assumed 'catid' /var/www/html/bobo2/Home/Runtime/Cache/fe9930bbb0e2d631fffd2092295b4769.php 第 150 行.
NOTIC: [8] Use of undefined constant catid - assumed 'catid' /var/www/html/bobo2/Home/Runtime/Cache/fe9930bbb0e2d631fffd2092295b4769.php 第 150 行.
NOTIC: [8] Use of undefined constant catid - assumed 'catid' /var/www/html/bobo2/Home/Runtime/Cache/fe9930bbb0e2d631fffd2092295b4769.php 第 150 行.
NOTIC: [8] Use of undefined constant catid - assumed 'catid' /var/www/html/bobo2/Home/Runtime/Cache/fe9930bbb0e2d631fffd2092295b4769.php 第 150 行.
NOTIC: [8] Use of undefined constant catid - assumed 'catid' /var/www/html/bobo2/Home/Runtime/Cache/fe9930bbb0e2d631fffd2092295b4769.php 第 150 行.
NOTIC: [8] Use of undefined constant catid - assumed 'catid' /var/www/html/bobo2/Home/Runtime/Cache/fe9930bbb0e2d631fffd2092295b4769.php 第 150 行.
NOTIC: [8] Use of undefined constant catid - assumed 'catid' /var/www/html/bobo2/Home/Runtime/Cache/fe9930bbb0e2d631fffd2092295b4769.php 第 150 行.
NOTIC: [8] Use of undefined constant catid - assumed 'catid' /var/www/html/bobo2/Home/Runtime/Cache/fe9930bbb0e2d631fffd2092295b4769.php 第 150 行.
NOTIC: [8] Use of undefined constant catid - assumed 'catid' /var/www/html/bobo2/Home/Runtime/Cache/fe9930bbb0e2d631fffd2092295b4769.php 第 154 行.
NOTIC: [8] Use of undefined constant catid - assumed 'catid' /var/www/html/bobo2/Home/Runtime/Cache/fe9930bbb0e2d631fffd2092295b4769.php 第 154 行.
NOTIC: [8] Use of undefined constant catid - assumed 'catid' /var/www/html/bobo2/Home/Runtime/Cache/fe9930bbb0e2d631fffd2092295b4769.php 第 154 行.
NOTIC: [8] Use of undefined constant catid - assumed 'catid' /var/www/html/bobo2/Home/Runtime/Cache/fe9930bbb0e2d631fffd2092295b4769.php 第 154 行.
NOTIC: [8] Use of undefined constant catid - assumed 'catid' /var/www/html/bobo2/Home/Runtime/Cache/fe9930bbb0e2d631fffd2092295b4769.php 第 154 行.
NOTIC: [8] Use of undefined constant catid - assumed 'catid' /var/www/html/bobo2/Home/Runtime/Cache/fe9930bbb0e2d631fffd2092295b4769.php 第 154 行.
NOTIC: [8] Use of undefined constant catid - assumed 'catid' /var/www/html/bobo2/Home/Runtime/Cache/fe9930bbb0e2d631fffd2092295b4769.php 第 154 行.
NOTIC: [8] Use of undefined constant catid - assumed 'catid' /var/www/html/bobo2/Home/Runtime/Cache/fe9930bbb0e2d631fffd2092295b4769.php 第 157 行.
NOTIC: [8] Use of undefined constant catid - assumed 'catid' /var/www/html/bobo2/Home/Runtime/Cache/fe9930bbb0e2d631fffd2092295b4769.php 第 157 行.
NOTIC: [8] Use of undefined constant catid - assumed 'catid' /var/www/html/bobo2/Home/Runtime/Cache/fe9930bbb0e2d631fffd2092295b4769.php 第 157 行.
NOTIC: [8] Use of undefined constant catid - assumed 'catid' /var/www/html/bobo2/Home/Runtime/Cache/fe9930bbb0e2d631fffd2092295b4769.php 第 157 行.
NOTIC: [8] Use of undefined constant catid - assumed 'catid' /var/www/html/bobo2/Home/Runtime/Cache/fe9930bbb0e2d631fffd2092295b4769.php 第 157 行.
NOTIC: [8] Use of undefined constant catid - assumed 'catid' /var/www/html/bobo2/Home/Runtime/Cache/fe9930bbb0e2d631fffd2092295b4769.php 第 157 行.
NOTIC: [8] Use of undefined constant catid - assumed 'catid' /var/www/html/bobo2/Home/Runtime/Cache/fe9930bbb0e2d631fffd2092295b4769.php 第 157 行.
NOTIC: [8] Use of undefined constant catid - assumed 'catid' /var/www/html/bobo2/Home/Runtime/Cache/fe9930bbb0e2d631fffd2092295b4769.php 第 157 行.
NOTIC: [8] Use of undefined constant catid - assumed 'catid' /var/www/html/bobo2/Home/Runtime/Cache/fe9930bbb0e2d631fffd2092295b4769.php 第 180 行.
NOTIC: [8] Use of undefined constant id - assumed 'id' /var/www/html/bobo2/Home/Runtime/Cache/fe9930bbb0e2d631fffd2092295b4769.php 第 180 行.
NOTIC: [8] Use of undefined constant ppid - assumed 'ppid' /var/www/html/bobo2/Home/Runtime/Cache/fe9930bbb0e2d631fffd2092295b4769.php 第 180 行.
NOTIC: [8] Use of undefined constant catid - assumed 'catid' /var/www/html/bobo2/Home/Runtime/Cache/fe9930bbb0e2d631fffd2092295b4769.php 第 180 行.
NOTIC: [8] Use of undefined constant id - assumed 'id' /var/www/html/bobo2/Home/Runtime/Cache/fe9930bbb0e2d631fffd2092295b4769.php 第 180 行.
NOTIC: [8] Use of undefined constant ppid - assumed 'ppid' /var/www/html/bobo2/Home/Runtime/Cache/fe9930bbb0e2d631fffd2092295b4769.php 第 180 行.
NOTIC: [8] Use of undefined constant catid - assumed 'catid' /var/www/html/bobo2/Home/Runtime/Cache/fe9930bbb0e2d631fffd2092295b4769.php 第 180 行.
NOTIC: [8] Use of undefined constant id - assumed 'id' /var/www/html/bobo2/Home/Runtime/Cache/fe9930bbb0e2d631fffd2092295b4769.php 第 180 行.
NOTIC: [8] Use of undefined constant ppid - assumed 'ppid' /var/www/html/bobo2/Home/Runtime/Cache/fe9930bbb0e2d631fffd2092295b4769.php 第 180 行.
NOTIC: [8] Use of undefined constant catid - assumed 'catid' /var/www/html/bobo2/Home/Runtime/Cache/fe9930bbb0e2d631fffd2092295b4769.php 第 180 行.
NOTIC: [8] Use of undefined constant id - assumed 'id' /var/www/html/bobo2/Home/Runtime/Cache/fe9930bbb0e2d631fffd2092295b4769.php 第 180 行.
NOTIC: [8] Use of undefined constant ppid - assumed 'ppid' /var/www/html/bobo2/Home/Runtime/Cache/fe9930bbb0e2d631fffd2092295b4769.php 第 180 行.
NOTIC: [8] Use of undefined constant catid - assumed 'catid' /var/www/html/bobo2/Home/Runtime/Cache/fe9930bbb0e2d631fffd2092295b4769.php 第 180 行.
NOTIC: [8] Use of undefined constant id - assumed 'id' /var/www/html/bobo2/Home/Runtime/Cache/fe9930bbb0e2d631fffd2092295b4769.php 第 180 行.
NOTIC: [8] Use of undefined constant ppid - assumed 'ppid' /var/www/html/bobo2/Home/Runtime/Cache/fe9930bbb0e2d631fffd2092295b4769.php 第 180 行.
NOTIC: [8] Use of undefined constant catid - assumed 'catid' /var/www/html/bobo2/Home/Runtime/Cache/fe9930bbb0e2d631fffd2092295b4769.php 第 180 行.
NOTIC: [8] Use of undefined constant id - assumed 'id' /var/www/html/bobo2/Home/Runtime/Cache/fe9930bbb0e2d631fffd2092295b4769.php 第 180 行.
NOTIC: [8] Use of undefined constant ppid - assumed 'ppid' /var/www/html/bobo2/Home/Runtime/Cache/fe9930bbb0e2d631fffd2092295b4769.php 第 180 行.
NOTIC: [8] Use of undefined constant catid - assumed 'catid' /var/www/html/bobo2/Home/Runtime/Cache/fe9930bbb0e2d631fffd2092295b4769.php 第 180 行.
NOTIC: [8] Use of undefined constant id - assumed 'id' /var/www/html/bobo2/Home/Runtime/Cache/fe9930bbb0e2d631fffd2092295b4769.php 第 180 行.
NOTIC: [8] Use of undefined constant ppid - assumed 'ppid' /var/www/html/bobo2/Home/Runtime/Cache/fe9930bbb0e2d631fffd2092295b4769.php 第 180 行.
NOTIC: [8] Use of undefined constant catid - assumed 'catid' /var/www/html/bobo2/Home/Runtime/Cache/fe9930bbb0e2d631fffd2092295b4769.php 第 180 行.
NOTIC: [8] Use of undefined constant id - assumed 'id' /var/www/html/bobo2/Home/Runtime/Cache/fe9930bbb0e2d631fffd2092295b4769.php 第 180 行.
NOTIC: [8] Use of undefined constant ppid - assumed 'ppid' /var/www/html/bobo2/Home/Runtime/Cache/fe9930bbb0e2d631fffd2092295b4769.php 第 180 行.
NOTIC: [8] Use of undefined constant catid - assumed 'catid' /var/www/html/bobo2/Home/Runtime/Cache/fe9930bbb0e2d631fffd2092295b4769.php 第 184 行.
NOTIC: [8] Use of undefined constant catid - assumed 'catid' /var/www/html/bobo2/Home/Runtime/Cache/fe9930bbb0e2d631fffd2092295b4769.php 第 184 行.
NOTIC: [8] Use of undefined constant catid - assumed 'catid' /var/www/html/bobo2/Home/Runtime/Cache/fe9930bbb0e2d631fffd2092295b4769.php 第 184 行.
NOTIC: [8] Use of undefined constant catid - assumed 'catid' /var/www/html/bobo2/Home/Runtime/Cache/fe9930bbb0e2d631fffd2092295b4769.php 第 184 行.
NOTIC: [8] Use of undefined constant catid - assumed 'catid' /var/www/html/bobo2/Home/Runtime/Cache/fe9930bbb0e2d631fffd2092295b4769.php 第 184 行.
NOTIC: [8] Use of undefined constant catid - assumed 'catid' /var/www/html/bobo2/Home/Runtime/Cache/fe9930bbb0e2d631fffd2092295b4769.php 第 184 行.
NOTIC: [8] Use of undefined constant catid - assumed 'catid' /var/www/html/bobo2/Home/Runtime/Cache/fe9930bbb0e2d631fffd2092295b4769.php 第 184 行.
NOTIC: [8] Use of undefined constant catid - assumed 'catid' /var/www/html/bobo2/Home/Runtime/Cache/fe9930bbb0e2d631fffd2092295b4769.php 第 184 行.
NOTIC: [8] Use of undefined constant catid - assumed 'catid' /var/www/html/bobo2/Home/Runtime/Cache/fe9930bbb0e2d631fffd2092295b4769.php 第 188 行.
NOTIC: [8] Use of undefined constant catid - assumed 'catid' /var/www/html/bobo2/Home/Runtime/Cache/fe9930bbb0e2d631fffd2092295b4769.php 第 188 行.
NOTIC: [8] Use of undefined constant catid - assumed 'catid' /var/www/html/bobo2/Home/Runtime/Cache/fe9930bbb0e2d631fffd2092295b4769.php 第 188 行.
NOTIC: [8] Use of undefined constant catid - assumed 'catid' /var/www/html/bobo2/Home/Runtime/Cache/fe9930bbb0e2d631fffd2092295b4769.php 第 188 行.
NOTIC: [8] Use of undefined constant catid - assumed 'catid' /var/www/html/bobo2/Home/Runtime/Cache/fe9930bbb0e2d631fffd2092295b4769.php 第 188 行.
NOTIC: [8] Use of undefined constant catid - assumed 'catid' /var/www/html/bobo2/Home/Runtime/Cache/fe9930bbb0e2d631fffd2092295b4769.php 第 188 行.
NOTIC: [8] Use of undefined constant catid - assumed 'catid' /var/www/html/bobo2/Home/Runtime/Cache/fe9930bbb0e2d631fffd2092295b4769.php 第 188 行.
NOTIC: [8] Use of undefined constant catid - assumed 'catid' /var/www/html/bobo2/Home/Runtime/Cache/fe9930bbb0e2d631fffd2092295b4769.php 第 191 行.
NOTIC: [8] Use of undefined constant catid - assumed 'catid' /var/www/html/bobo2/Home/Runtime/Cache/fe9930bbb0e2d631fffd2092295b4769.php 第 191 行.
NOTIC: [8] Use of undefined constant catid - assumed 'catid' /var/www/html/bobo2/Home/Runtime/Cache/fe9930bbb0e2d631fffd2092295b4769.php 第 191 行.
NOTIC: [8] Use of undefined constant catid - assumed 'catid' /var/www/html/bobo2/Home/Runtime/Cache/fe9930bbb0e2d631fffd2092295b4769.php 第 191 行.
NOTIC: [8] Use of undefined constant catid - assumed 'catid' /var/www/html/bobo2/Home/Runtime/Cache/fe9930bbb0e2d631fffd2092295b4769.php 第 191 行.
NOTIC: [8] Use of undefined constant catid - assumed 'catid' /var/www/html/bobo2/Home/Runtime/Cache/fe9930bbb0e2d631fffd2092295b4769.php 第 191 行.
NOTIC: [8] Use of undefined constant catid - assumed 'catid' /var/www/html/bobo2/Home/Runtime/Cache/fe9930bbb0e2d631fffd2092295b4769.php 第 191 行.
NOTIC: [8] Use of undefined constant catid - assumed 'catid' /var/www/html/bobo2/Home/Runtime/Cache/fe9930bbb0e2d631fffd2092295b4769.php 第 191 行.
NOTIC: [8] Use of undefined constant catid - assumed 'catid' /var/www/html/bobo2/Home/Runtime/Cache/fe9930bbb0e2d631fffd2092295b4769.php 第 611 行.
NOTIC: [8] Use of undefined constant catid - assumed 'catid' /var/www/html/bobo2/Home/Runtime/Cache/fe9930bbb0e2d631fffd2092295b4769.php 第 626 行.
INFO: Run ParseTemplate Behavior [ RunTime:0.031081s ]
INFO: [ view_parse ] --END-- [ RunTime:0.031140s ]
INFO: [ view_filter ] --START--
INFO: Run ContentReplace Behavior [ RunTime:0.000447s ]
INFO: Run TokenBuild Behavior [ RunTime:0.000282s ]
INFO: Run WriteHtmlCache Behavior [ RunTime:0.000145s ]
INFO: Run ShowRuntime Behavior [ RunTime:0.000330s ]
INFO: [ view_filter ] --END-- [ RunTime:0.001371s ]
INFO: [ view_end ] --START--
INFO: Run ShowPageTrace Behavior [ RunTime:0.000437s ]
INFO: [ view_end ] --END-- [ RunTime:0.000493s ]

[ 2016-10-23T08:41:55+08:00 ] 66.249.69.51 /bobo2/index.php/Content/getAuto
INFO: [ route_check ] --START--
INFO: Run CheckRoute Behavior [ RunTime:0.000587s ]
INFO: [ route_check ] --END-- [ RunTime:0.000669s ]
INFO: [ app_begin ] --START--
INFO: Run ReadHtmlCache Behavior [ RunTime:0.000358s ]
INFO: [ app_begin ] --END-- [ RunTime:0.000413s ]
SQL: SHOW COLUMNS FROM `tp_category` [ RunTime:0.000669s ]
SQL: SHOW COLUMNS FROM `tp_content` [ RunTime:0.000611s ]
SQL: SHOW COLUMNS FROM `tp_page` [ RunTime:0.000424s ]
SQL: SELECT * FROM `tp_page` WHERE ( `catid` = 29 ) LIMIT 1   [ RunTime:0.000236s ]
SQL: SELECT `id`,`catid`,`title`,`headerpic` FROM `tp_content` WHERE ( catid=23 and (status=2 or status=3) ) ORDER BY conorder desc,id desc LIMIT 8   [ RunTime:0.000505s ]
SQL: SELECT `id`,`catid`,`title`,`headerpic` FROM `tp_content` WHERE ( catid=24 and (status=2 or status=3) ) ORDER BY conorder desc,id desc LIMIT 8   [ RunTime:0.000396s ]
SQL: SELECT `id`,`catid`,`title`,`headerpic` FROM `tp_content` WHERE ( catid=25 and (status=2 or status=3) ) ORDER BY conorder desc,id desc LIMIT 8   [ RunTime:0.000366s ]
SQL: SHOW COLUMNS FROM `tp_site` [ RunTime:0.000325s ]
SQL: SELECT * FROM `tp_site` WHERE ( siteid=1 ) LIMIT 1   [ RunTime:0.000195s ]
SQL: SHOW COLUMNS FROM `tp_product` [ RunTime:0.000520s ]
SQL: SELECT a.xqstatus,a.title,a.picurlpc,a.catid,a.id,b.id as ppid FROM tp_product_price b,tp_product a WHERE ( a.posid=1 and a.status=1 and  a.id=b.pid ) ORDER BY a.listorder desc,id desc LIMIT 8   [ RunTime:0.000610s ]
SQL: SHOW COLUMNS FROM `tp_video` [ RunTime:0.000481s ]
SQL: SELECT `vtitle`,`headerpic`,`catid` FROM `tp_video` WHERE ( catid=26 and (status=2 or status=3) ) ORDER BY listorder desc,vid desc LIMIT 8   [ RunTime:0.000293s ]
SQL: SELECT `vtitle`,`headerpic`,`catid` FROM `tp_video` WHERE ( catid=27 and (status=2 or status=3) ) ORDER BY listorder desc,vid desc LIMIT 8   [ RunTime:0.000212s ]
SQL: SELECT `catid`,`catname`,`caturl` FROM `tp_category` WHERE ( `catid` IN ('14','15','16','17','18','19','20','21') ) ORDER BY listorder desc,catid desc  [ RunTime:0.000241s ]
NOTIC: [8] Undefined variable: category_list /var/www/html/bobo2/Home/Lib/Action/CommonAction.class.php 第 28 行.
SQL: SHOW COLUMNS FROM `tp_parameter` [ RunTime:0.000350s ]
SQL: SELECT `title`,`description`,`picurlpc`,`catid`,`id`,`inputtime` FROM `tp_content` WHERE ( (status=2 or status=3) and catid=25 ) ORDER BY conorder desc,inputtime desc LIMIT 0,10   [ RunTime:0.000453s ]
NOTIC: [8] Undefined variable: msg /var/www/html/bobo2/Home/Lib/Action/ContentAction.class.php 第 98 行.
NOTIC: [8] Undefined index: one /var/www/html/bobo2/Home/Lib/Action/ContentAction.class.php 第 98 行.
NOTIC: [8] Undefined index: two /var/www/html/bobo2/Home/Lib/Action/ContentAction.class.php 第 99 行.

[ 2016-10-23T09:22:35+08:00 ] 66.249.69.51 /bobo2/index.php/Content/getAuto
INFO: [ route_check ] --START--
INFO: Run CheckRoute Behavior [ RunTime:0.000586s ]
INFO: [ route_check ] --END-- [ RunTime:0.000664s ]
INFO: [ app_begin ] --START--
INFO: Run ReadHtmlCache Behavior [ RunTime:0.000413s ]
INFO: [ app_begin ] --END-- [ RunTime:0.000472s ]
SQL: SHOW COLUMNS FROM `tp_category` [ RunTime:0.000742s ]
SQL: SHOW COLUMNS FROM `tp_content` [ RunTime:0.000656s ]
SQL: SHOW COLUMNS FROM `tp_page` [ RunTime:0.000432s ]
SQL: SELECT * FROM `tp_page` WHERE ( `catid` = 29 ) LIMIT 1   [ RunTime:0.000243s ]
SQL: SELECT `id`,`catid`,`title`,`headerpic` FROM `tp_content` WHERE ( catid=23 and (status=2 or status=3) ) ORDER BY conorder desc,id desc LIMIT 8   [ RunTime:0.000518s ]
SQL: SELECT `id`,`catid`,`title`,`headerpic` FROM `tp_content` WHERE ( catid=24 and (status=2 or status=3) ) ORDER BY conorder desc,id desc LIMIT 8   [ RunTime:0.000401s ]
SQL: SELECT `id`,`catid`,`title`,`headerpic` FROM `tp_content` WHERE ( catid=25 and (status=2 or status=3) ) ORDER BY conorder desc,id desc LIMIT 8   [ RunTime:0.000373s ]
SQL: SHOW COLUMNS FROM `tp_site` [ RunTime:0.000345s ]
SQL: SELECT * FROM `tp_site` WHERE ( siteid=1 ) LIMIT 1   [ RunTime:0.000198s ]
SQL: SHOW COLUMNS FROM `tp_product` [ RunTime:0.000591s ]
SQL: SELECT a.xqstatus,a.title,a.picurlpc,a.catid,a.id,b.id as ppid FROM tp_product_price b,tp_product a WHERE ( a.posid=1 and a.status=1 and  a.id=b.pid ) ORDER BY a.listorder desc,id desc LIMIT 8   [ RunTime:0.000643s ]
SQL: SHOW COLUMNS FROM `tp_video` [ RunTime:0.000552s ]
SQL: SELECT `vtitle`,`headerpic`,`catid` FROM `tp_video` WHERE ( catid=26 and (status=2 or status=3) ) ORDER BY listorder desc,vid desc LIMIT 8   [ RunTime:0.000282s ]
SQL: SELECT `vtitle`,`headerpic`,`catid` FROM `tp_video` WHERE ( catid=27 and (status=2 or status=3) ) ORDER BY listorder desc,vid desc LIMIT 8   [ RunTime:0.000223s ]
SQL: SELECT `catid`,`catname`,`caturl` FROM `tp_category` WHERE ( `catid` IN ('14','15','16','17','18','19','20','21') ) ORDER BY listorder desc,catid desc  [ RunTime:0.000226s ]
NOTIC: [8] Undefined variable: category_list /var/www/html/bobo2/Home/Lib/Action/CommonAction.class.php 第 28 行.
SQL: SHOW COLUMNS FROM `tp_parameter` [ RunTime:0.000433s ]
NOTIC: [8] Undefined index: catid /var/www/html/bobo2/Home/Lib/Action/ContentAction.class.php 第 91 行.
NOTIC: [8] Undefined index: page /var/www/html/bobo2/Home/Lib/Action/ContentAction.class.php 第 93 行.
SQL: SELECT `title`,`description`,`picurlpc`,`catid`,`id`,`inputtime` FROM `tp_content` WHERE ( (status=2 or status=3) and catid=0 ) ORDER BY conorder desc,inputtime desc LIMIT 0,10   [ RunTime:0.000429s ]
NOTIC: [2] Invalid argument supplied for foreach() /var/www/html/bobo2/Home/Lib/Action/ContentAction.class.php 第 97 行.
NOTIC: [8] Undefined variable: msg /var/www/html/bobo2/Home/Lib/Action/ContentAction.class.php 第 102 行.

