[ 2016-11-25T10:07:16+08:00 ] 116.226.16.67 /bobo2/
INFO: [ app_begin ] --START--
INFO: Run ReadHtmlCache Behavior [ RunTime:0.000407s ]
INFO: [ app_begin ] --END-- [ RunTime:0.000485s ]
SQL: SHOW COLUMNS FROM `tp_page` [ RunTime:0.000599s ]
SQL: SHOW COLUMNS FROM `tp_index_picture` [ RunTime:0.000495s ]
SQL: SHOW COLUMNS FROM `tp_category` [ RunTime:0.000557s ]
SQL: SHOW COLUMNS FROM `tp_content` [ RunTime:0.000768s ]
SQL: SELECT * FROM `tp_page` WHERE ( `catid` = 29 ) LIMIT 1   [ RunTime:0.000255s ]
SQL: SELECT `id`,`catid`,`title`,`headerpic` FROM `tp_content` WHERE ( catid=23 and (status=2 or status=3) ) ORDER BY conorder desc,id desc LIMIT 8   [ RunTime:0.000537s ]
SQL: SELECT `id`,`catid`,`title`,`headerpic` FROM `tp_content` WHERE ( catid=24 and (status=2 or status=3) ) ORDER BY conorder desc,id desc LIMIT 8   [ RunTime:0.000398s ]
SQL: SELECT `id`,`catid`,`title`,`headerpic` FROM `tp_content` WHERE ( catid=25 and (status=2 or status=3) ) ORDER BY conorder desc,id desc LIMIT 8   [ RunTime:0.000398s ]
SQL: SHOW COLUMNS FROM `tp_site` [ RunTime:0.000340s ]
SQL: SELECT * FROM `tp_site` WHERE ( siteid=1 ) LIMIT 1   [ RunTime:0.000197s ]
SQL: SHOW COLUMNS FROM `tp_product` [ RunTime:0.000542s ]
SQL: SELECT a.xqstatus,a.title,a.picurlpc,a.catid,a.id,b.id as ppid FROM tp_product_price b,tp_product a WHERE ( a.posid=1 and a.status=1 and  a.id=b.pid ) ORDER BY a.listorder desc,id desc LIMIT 8   [ RunTime:0.000604s ]
SQL: SHOW COLUMNS FROM `tp_video` [ RunTime:0.000596s ]
SQL: SELECT `vtitle`,`headerpic`,`catid` FROM `tp_video` WHERE ( catid=26 and (status=2 or status=3) ) ORDER BY listorder desc,vid desc LIMIT 8   [ RunTime:0.000308s ]
SQL: SELECT `vtitle`,`headerpic`,`catid` FROM `tp_video` WHERE ( catid=27 and (status=2 or status=3) ) ORDER BY listorder desc,vid desc LIMIT 8   [ RunTime:0.000226s ]
SQL: SELECT `catid`,`catname`,`caturl` FROM `tp_category` WHERE ( `catid` IN ('14','15','16','17','18','19','20','21') ) ORDER BY listorder desc,catid desc  [ RunTime:0.000246s ]
NOTIC: [8] Undefined variable: category_list /data/wwwroot/html/bobo2/Home/Lib/Action/CommonAction.class.php 第 28 行.
SQL: SELECT `picurl`,`vidurl` FROM `tp_index_picture` WHERE ( siteid=2 and status=1 )  [ RunTime:0.000166s ]
SQL: SELECT `id`,`picurl`,`vidurl`,`picwzurl` FROM `tp_index_picture` WHERE ( `id` IN ('11','12','13','14','15','16','17','18') ) AND ( `siteid` = 2 ) AND ( `status` = 2 )  [ RunTime:0.000200s ]
INFO: [ view_template ] --START--
INFO: Run LocationTemplate Behavior [ RunTime:0.000243s ]
INFO: [ view_template ] --END-- [ RunTime:0.000306s ]
INFO: [ view_parse ] --START--
NOTIC: [8] A session had already been started - ignoring session_start() /data/wwwroot/html/bobo2/Home/Runtime/Cache/7e4848229090366086cc7eeb3bfc0798.php 第 78 行.
NOTIC: [8] Undefined index: bobo_pc_user_id /data/wwwroot/html/bobo2/Home/Runtime/Cache/7e4848229090366086cc7eeb3bfc0798.php 第 78 行.
NOTIC: [8] Undefined index: bobo_pc_user_id /data/wwwroot/html/bobo2/Home/Runtime/Cache/7e4848229090366086cc7eeb3bfc0798.php 第 85 行.
NOTIC: [8] Undefined index: bobo_pc_user_name /data/wwwroot/html/bobo2/Home/Runtime/Cache/7e4848229090366086cc7eeb3bfc0798.php 第 85 行.
NOTIC: [8] Undefined variable: k /data/wwwroot/html/bobo2/Home/Runtime/Cache/7e4848229090366086cc7eeb3bfc0798.php 第 112 行.
NOTIC: [8] Use of undefined constant catid - assumed 'catid' /data/wwwroot/html/bobo2/Home/Runtime/Cache/7e4848229090366086cc7eeb3bfc0798.php 第 115 行.
NOTIC: [8] Use of undefined constant id - assumed 'id' /data/wwwroot/html/bobo2/Home/Runtime/Cache/7e4848229090366086cc7eeb3bfc0798.php 第 115 行.
NOTIC: [8] Use of undefined constant catid - assumed 'catid' /data/wwwroot/html/bobo2/Home/Runtime/Cache/7e4848229090366086cc7eeb3bfc0798.php 第 115 行.
NOTIC: [8] Use of undefined constant id - assumed 'id' /data/wwwroot/html/bobo2/Home/Runtime/Cache/7e4848229090366086cc7eeb3bfc0798.php 第 115 行.
NOTIC: [8] Use of undefined constant catid - assumed 'catid' /data/wwwroot/html/bobo2/Home/Runtime/Cache/7e4848229090366086cc7eeb3bfc0798.php 第 115 行.
NOTIC: [8] Use of undefined constant id - assumed 'id' /data/wwwroot/html/bobo2/Home/Runtime/Cache/7e4848229090366086cc7eeb3bfc0798.php 第 115 行.
NOTIC: [8] Use of undefined constant catid - assumed 'catid' /data/wwwroot/html/bobo2/Home/Runtime/Cache/7e4848229090366086cc7eeb3bfc0798.php 第 115 行.
NOTIC: [8] Use of undefined constant id - assumed 'id' /data/wwwroot/html/bobo2/Home/Runtime/Cache/7e4848229090366086cc7eeb3bfc0798.php 第 115 行.
NOTIC: [8] Use of undefined constant catid - assumed 'catid' /data/wwwroot/html/bobo2/Home/Runtime/Cache/7e4848229090366086cc7eeb3bfc0798.php 第 115 行.
NOTIC: [8] Use of undefined constant id - assumed 'id' /data/wwwroot/html/bobo2/Home/Runtime/Cache/7e4848229090366086cc7eeb3bfc0798.php 第 115 行.
NOTIC: [8] Use of undefined constant catid - assumed 'catid' /data/wwwroot/html/bobo2/Home/Runtime/Cache/7e4848229090366086cc7eeb3bfc0798.php 第 115 行.
NOTIC: [8] Use of undefined constant id - assumed 'id' /data/wwwroot/html/bobo2/Home/Runtime/Cache/7e4848229090366086cc7eeb3bfc0798.php 第 115 行.
NOTIC: [8] Use of undefined constant catid - assumed 'catid' /data/wwwroot/html/bobo2/Home/Runtime/Cache/7e4848229090366086cc7eeb3bfc0798.php 第 115 行.
NOTIC: [8] Use of undefined constant id - assumed 'id' /data/wwwroot/html/bobo2/Home/Runtime/Cache/7e4848229090366086cc7eeb3bfc0798.php 第 115 行.
NOTIC: [8] Use of undefined constant catid - assumed 'catid' /data/wwwroot/html/bobo2/Home/Runtime/Cache/7e4848229090366086cc7eeb3bfc0798.php 第 115 行.
NOTIC: [8] Use of undefined constant id - assumed 'id' /data/wwwroot/html/bobo2/Home/Runtime/Cache/7e4848229090366086cc7eeb3bfc0798.php 第 115 行.
NOTIC: [8] Use of undefined constant catid - assumed 'catid' /data/wwwroot/html/bobo2/Home/Runtime/Cache/7e4848229090366086cc7eeb3bfc0798.php 第 118 行.
NOTIC: [8] Use of undefined constant id - assumed 'id' /data/wwwroot/html/bobo2/Home/Runtime/Cache/7e4848229090366086cc7eeb3bfc0798.php 第 118 行.
NOTIC: [8] Use of undefined constant catid - assumed 'catid' /data/wwwroot/html/bobo2/Home/Runtime/Cache/7e4848229090366086cc7eeb3bfc0798.php 第 118 行.
NOTIC: [8] Use of undefined constant id - assumed 'id' /data/wwwroot/html/bobo2/Home/Runtime/Cache/7e4848229090366086cc7eeb3bfc0798.php 第 118 行.
NOTIC: [8] Use of undefined constant catid - assumed 'catid' /data/wwwroot/html/bobo2/Home/Runtime/Cache/7e4848229090366086cc7eeb3bfc0798.php 第 118 行.
NOTIC: [8] Use of undefined constant id - assumed 'id' /data/wwwroot/html/bobo2/Home/Runtime/Cache/7e4848229090366086cc7eeb3bfc0798.php 第 118 行.
NOTIC: [8] Use of undefined constant catid - assumed 'catid' /data/wwwroot/html/bobo2/Home/Runtime/Cache/7e4848229090366086cc7eeb3bfc0798.php 第 118 行.
NOTIC: [8] Use of undefined constant id - assumed 'id' /data/wwwroot/html/bobo2/Home/Runtime/Cache/7e4848229090366086cc7eeb3bfc0798.php 第 118 行.
NOTIC: [8] Use of undefined constant catid - assumed 'catid' /data/wwwroot/html/bobo2/Home/Runtime/Cache/7e4848229090366086cc7eeb3bfc0798.php 第 121 行.
NOTIC: [8] Use of undefined constant id - assumed 'id' /data/wwwroot/html/bobo2/Home/Runtime/Cache/7e4848229090366086cc7eeb3bfc0798.php 第 121 行.
NOTIC: [8] Use of undefined constant catid - assumed 'catid' /data/wwwroot/html/bobo2/Home/Runtime/Cache/7e4848229090366086cc7eeb3bfc0798.php 第 121 行.
NOTIC: [8] Use of undefined constant id - assumed 'id' /data/wwwroot/html/bobo2/Home/Runtime/Cache/7e4848229090366086cc7eeb3bfc0798.php 第 121 行.
NOTIC: [8] Use of undefined constant catid - assumed 'catid' /data/wwwroot/html/bobo2/Home/Runtime/Cache/7e4848229090366086cc7eeb3bfc0798.php 第 146 行.
NOTIC: [8] Use of undefined constant id - assumed 'id' /data/wwwroot/html/bobo2/Home/Runtime/Cache/7e4848229090366086cc7eeb3bfc0798.php 第 146 行.
NOTIC: [8] Use of undefined constant ppid - assumed 'ppid' /data/wwwroot/html/bobo2/Home/Runtime/Cache/7e4848229090366086cc7eeb3bfc0798.php 第 146 行.
NOTIC: [8] Use of undefined constant catid - assumed 'catid' /data/wwwroot/html/bobo2/Home/Runtime/Cache/7e4848229090366086cc7eeb3bfc0798.php 第 146 行.
NOTIC: [8] Use of undefined constant id - assumed 'id' /data/wwwroot/html/bobo2/Home/Runtime/Cache/7e4848229090366086cc7eeb3bfc0798.php 第 146 行.
NOTIC: [8] Use of undefined constant ppid - assumed 'ppid' /data/wwwroot/html/bobo2/Home/Runtime/Cache/7e4848229090366086cc7eeb3bfc0798.php 第 146 行.
NOTIC: [8] Use of undefined constant catid - assumed 'catid' /data/wwwroot/html/bobo2/Home/Runtime/Cache/7e4848229090366086cc7eeb3bfc0798.php 第 146 行.
NOTIC: [8] Use of undefined constant id - assumed 'id' /data/wwwroot/html/bobo2/Home/Runtime/Cache/7e4848229090366086cc7eeb3bfc0798.php 第 146 行.
NOTIC: [8] Use of undefined constant ppid - assumed 'ppid' /data/wwwroot/html/bobo2/Home/Runtime/Cache/7e4848229090366086cc7eeb3bfc0798.php 第 146 行.
NOTIC: [8] Use of undefined constant catid - assumed 'catid' /data/wwwroot/html/bobo2/Home/Runtime/Cache/7e4848229090366086cc7eeb3bfc0798.php 第 146 行.
NOTIC: [8] Use of undefined constant id - assumed 'id' /data/wwwroot/html/bobo2/Home/Runtime/Cache/7e4848229090366086cc7eeb3bfc0798.php 第 146 行.
NOTIC: [8] Use of undefined constant ppid - assumed 'ppid' /data/wwwroot/html/bobo2/Home/Runtime/Cache/7e4848229090366086cc7eeb3bfc0798.php 第 146 行.
NOTIC: [8] Use of undefined constant catid - assumed 'catid' /data/wwwroot/html/bobo2/Home/Runtime/Cache/7e4848229090366086cc7eeb3bfc0798.php 第 146 行.
NOTIC: [8] Use of undefined constant id - assumed 'id' /data/wwwroot/html/bobo2/Home/Runtime/Cache/7e4848229090366086cc7eeb3bfc0798.php 第 146 行.
NOTIC: [8] Use of undefined constant ppid - assumed 'ppid' /data/wwwroot/html/bobo2/Home/Runtime/Cache/7e4848229090366086cc7eeb3bfc0798.php 第 146 行.
NOTIC: [8] Use of undefined constant catid - assumed 'catid' /data/wwwroot/html/bobo2/Home/Runtime/Cache/7e4848229090366086cc7eeb3bfc0798.php 第 146 行.
NOTIC: [8] Use of undefined constant id - assumed 'id' /data/wwwroot/html/bobo2/Home/Runtime/Cache/7e4848229090366086cc7eeb3bfc0798.php 第 146 行.
NOTIC: [8] Use of undefined constant ppid - assumed 'ppid' /data/wwwroot/html/bobo2/Home/Runtime/Cache/7e4848229090366086cc7eeb3bfc0798.php 第 146 行.
NOTIC: [8] Use of undefined constant catid - assumed 'catid' /data/wwwroot/html/bobo2/Home/Runtime/Cache/7e4848229090366086cc7eeb3bfc0798.php 第 146 行.
NOTIC: [8] Use of undefined constant id - assumed 'id' /data/wwwroot/html/bobo2/Home/Runtime/Cache/7e4848229090366086cc7eeb3bfc0798.php 第 146 行.
NOTIC: [8] Use of undefined constant ppid - assumed 'ppid' /data/wwwroot/html/bobo2/Home/Runtime/Cache/7e4848229090366086cc7eeb3bfc0798.php 第 146 行.
NOTIC: [8] Use of undefined constant catid - assumed 'catid' /data/wwwroot/html/bobo2/Home/Runtime/Cache/7e4848229090366086cc7eeb3bfc0798.php 第 146 行.
NOTIC: [8] Use of undefined constant id - assumed 'id' /data/wwwroot/html/bobo2/Home/Runtime/Cache/7e4848229090366086cc7eeb3bfc0798.php 第 146 行.
NOTIC: [8] Use of undefined constant ppid - assumed 'ppid' /data/wwwroot/html/bobo2/Home/Runtime/Cache/7e4848229090366086cc7eeb3bfc0798.php 第 146 行.
NOTIC: [8] Use of undefined constant catid - assumed 'catid' /data/wwwroot/html/bobo2/Home/Runtime/Cache/7e4848229090366086cc7eeb3bfc0798.php 第 150 行.
NOTIC: [8] Use of undefined constant catid - assumed 'catid' /data/wwwroot/html/bobo2/Home/Runtime/Cache/7e4848229090366086cc7eeb3bfc0798.php 第 150 行.
NOTIC: [8] Use of undefined constant catid - assumed 'catid' /data/wwwroot/html/bobo2/Home/Runtime/Cache/7e4848229090366086cc7eeb3bfc0798.php 第 150 行.
NOTIC: [8] Use of undefined constant catid - assumed 'catid' /data/wwwroot/html/bobo2/Home/Runtime/Cache/7e4848229090366086cc7eeb3bfc0798.php 第 150 行.
NOTIC: [8] Use of undefined constant catid - assumed 'catid' /data/wwwroot/html/bobo2/Home/Runtime/Cache/7e4848229090366086cc7eeb3bfc0798.php 第 150 行.
NOTIC: [8] Use of undefined constant catid - assumed 'catid' /data/wwwroot/html/bobo2/Home/Runtime/Cache/7e4848229090366086cc7eeb3bfc0798.php 第 150 行.
NOTIC: [8] Use of undefined constant catid - assumed 'catid' /data/wwwroot/html/bobo2/Home/Runtime/Cache/7e4848229090366086cc7eeb3bfc0798.php 第 150 行.
NOTIC: [8] Use of undefined constant catid - assumed 'catid' /data/wwwroot/html/bobo2/Home/Runtime/Cache/7e4848229090366086cc7eeb3bfc0798.php 第 150 行.
NOTIC: [8] Use of undefined constant catid - assumed 'catid' /data/wwwroot/html/bobo2/Home/Runtime/Cache/7e4848229090366086cc7eeb3bfc0798.php 第 154 行.
NOTIC: [8] Use of undefined constant catid - assumed 'catid' /data/wwwroot/html/bobo2/Home/Runtime/Cache/7e4848229090366086cc7eeb3bfc0798.php 第 154 行.
NOTIC: [8] Use of undefined constant catid - assumed 'catid' /data/wwwroot/html/bobo2/Home/Runtime/Cache/7e4848229090366086cc7eeb3bfc0798.php 第 154 行.
NOTIC: [8] Use of undefined constant catid - assumed 'catid' /data/wwwroot/html/bobo2/Home/Runtime/Cache/7e4848229090366086cc7eeb3bfc0798.php 第 154 行.
NOTIC: [8] Use of undefined constant catid - assumed 'catid' /data/wwwroot/html/bobo2/Home/Runtime/Cache/7e4848229090366086cc7eeb3bfc0798.php 第 154 行.
NOTIC: [8] Use of undefined constant catid - assumed 'catid' /data/wwwroot/html/bobo2/Home/Runtime/Cache/7e4848229090366086cc7eeb3bfc0798.php 第 154 行.
NOTIC: [8] Use of undefined constant catid - assumed 'catid' /data/wwwroot/html/bobo2/Home/Runtime/Cache/7e4848229090366086cc7eeb3bfc0798.php 第 154 行.
NOTIC: [8] Use of undefined constant catid - assumed 'catid' /data/wwwroot/html/bobo2/Home/Runtime/Cache/7e4848229090366086cc7eeb3bfc0798.php 第 157 行.
NOTIC: [8] Use of undefined constant catid - assumed 'catid' /data/wwwroot/html/bobo2/Home/Runtime/Cache/7e4848229090366086cc7eeb3bfc0798.php 第 157 行.
NOTIC: [8] Use of undefined constant catid - assumed 'catid' /data/wwwroot/html/bobo2/Home/Runtime/Cache/7e4848229090366086cc7eeb3bfc0798.php 第 157 行.
NOTIC: [8] Use of undefined constant catid - assumed 'catid' /data/wwwroot/html/bobo2/Home/Runtime/Cache/7e4848229090366086cc7eeb3bfc0798.php 第 157 行.
NOTIC: [8] Use of undefined constant catid - assumed 'catid' /data/wwwroot/html/bobo2/Home/Runtime/Cache/7e4848229090366086cc7eeb3bfc0798.php 第 157 行.
NOTIC: [8] Use of undefined constant catid - assumed 'catid' /data/wwwroot/html/bobo2/Home/Runtime/Cache/7e4848229090366086cc7eeb3bfc0798.php 第 157 行.
NOTIC: [8] Use of undefined constant catid - assumed 'catid' /data/wwwroot/html/bobo2/Home/Runtime/Cache/7e4848229090366086cc7eeb3bfc0798.php 第 157 行.
NOTIC: [8] Use of undefined constant catid - assumed 'catid' /data/wwwroot/html/bobo2/Home/Runtime/Cache/7e4848229090366086cc7eeb3bfc0798.php 第 157 行.
NOTIC: [8] Use of undefined constant catid - assumed 'catid' /data/wwwroot/html/bobo2/Home/Runtime/Cache/7e4848229090366086cc7eeb3bfc0798.php 第 180 行.
NOTIC: [8] Use of undefined constant id - assumed 'id' /data/wwwroot/html/bobo2/Home/Runtime/Cache/7e4848229090366086cc7eeb3bfc0798.php 第 180 行.
NOTIC: [8] Use of undefined constant ppid - assumed 'ppid' /data/wwwroot/html/bobo2/Home/Runtime/Cache/7e4848229090366086cc7eeb3bfc0798.php 第 180 行.
NOTIC: [8] Use of undefined constant catid - assumed 'catid' /data/wwwroot/html/bobo2/Home/Runtime/Cache/7e4848229090366086cc7eeb3bfc0798.php 第 180 行.
NOTIC: [8] Use of undefined constant id - assumed 'id' /data/wwwroot/html/bobo2/Home/Runtime/Cache/7e4848229090366086cc7eeb3bfc0798.php 第 180 行.
NOTIC: [8] Use of undefined constant ppid - assumed 'ppid' /data/wwwroot/html/bobo2/Home/Runtime/Cache/7e4848229090366086cc7eeb3bfc0798.php 第 180 行.
NOTIC: [8] Use of undefined constant catid - assumed 'catid' /data/wwwroot/html/bobo2/Home/Runtime/Cache/7e4848229090366086cc7eeb3bfc0798.php 第 180 行.
NOTIC: [8] Use of undefined constant id - assumed 'id' /data/wwwroot/html/bobo2/Home/Runtime/Cache/7e4848229090366086cc7eeb3bfc0798.php 第 180 行.
NOTIC: [8] Use of undefined constant ppid - assumed 'ppid' /data/wwwroot/html/bobo2/Home/Runtime/Cache/7e4848229090366086cc7eeb3bfc0798.php 第 180 行.
NOTIC: [8] Use of undefined constant catid - assumed 'catid' /data/wwwroot/html/bobo2/Home/Runtime/Cache/7e4848229090366086cc7eeb3bfc0798.php 第 180 行.
NOTIC: [8] Use of undefined constant id - assumed 'id' /data/wwwroot/html/bobo2/Home/Runtime/Cache/7e4848229090366086cc7eeb3bfc0798.php 第 180 行.
NOTIC: [8] Use of undefined constant ppid - assumed 'ppid' /data/wwwroot/html/bobo2/Home/Runtime/Cache/7e4848229090366086cc7eeb3bfc0798.php 第 180 行.
NOTIC: [8] Use of undefined constant catid - assumed 'catid' /data/wwwroot/html/bobo2/Home/Runtime/Cache/7e4848229090366086cc7eeb3bfc0798.php 第 180 行.
NOTIC: [8] Use of undefined constant id - assumed 'id' /data/wwwroot/html/bobo2/Home/Runtime/Cache/7e4848229090366086cc7eeb3bfc0798.php 第 180 行.
NOTIC: [8] Use of undefined constant ppid - assumed 'ppid' /data/wwwroot/html/bobo2/Home/Runtime/Cache/7e4848229090366086cc7eeb3bfc0798.php 第 180 行.
NOTIC: [8] Use of undefined constant catid - assumed 'catid' /data/wwwroot/html/bobo2/Home/Runtime/Cache/7e4848229090366086cc7eeb3bfc0798.php 第 180 行.
NOTIC: [8] Use of undefined constant id - assumed 'id' /data/wwwroot/html/bobo2/Home/Runtime/Cache/7e4848229090366086cc7eeb3bfc0798.php 第 180 行.
NOTIC: [8] Use of undefined constant ppid - assumed 'ppid' /data/wwwroot/html/bobo2/Home/Runtime/Cache/7e4848229090366086cc7eeb3bfc0798.php 第 180 行.
NOTIC: [8] Use of undefined constant catid - assumed 'catid' /data/wwwroot/html/bobo2/Home/Runtime/Cache/7e4848229090366086cc7eeb3bfc0798.php 第 180 行.
NOTIC: [8] Use of undefined constant id - assumed 'id' /data/wwwroot/html/bobo2/Home/Runtime/Cache/7e4848229090366086cc7eeb3bfc0798.php 第 180 行.
NOTIC: [8] Use of undefined constant ppid - assumed 'ppid' /data/wwwroot/html/bobo2/Home/Runtime/Cache/7e4848229090366086cc7eeb3bfc0798.php 第 180 行.
NOTIC: [8] Use of undefined constant catid - assumed 'catid' /data/wwwroot/html/bobo2/Home/Runtime/Cache/7e4848229090366086cc7eeb3bfc0798.php 第 180 行.
NOTIC: [8] Use of undefined constant id - assumed 'id' /data/wwwroot/html/bobo2/Home/Runtime/Cache/7e4848229090366086cc7eeb3bfc0798.php 第 180 行.
NOTIC: [8] Use of undefined constant ppid - assumed 'ppid' /data/wwwroot/html/bobo2/Home/Runtime/Cache/7e4848229090366086cc7eeb3bfc0798.php 第 180 行.
NOTIC: [8] Use of undefined constant catid - assumed 'catid' /data/wwwroot/html/bobo2/Home/Runtime/Cache/7e4848229090366086cc7eeb3bfc0798.php 第 184 行.
NOTIC: [8] Use of undefined constant catid - assumed 'catid' /data/wwwroot/html/bobo2/Home/Runtime/Cache/7e4848229090366086cc7eeb3bfc0798.php 第 184 行.
NOTIC: [8] Use of undefined constant catid - assumed 'catid' /data/wwwroot/html/bobo2/Home/Runtime/Cache/7e4848229090366086cc7eeb3bfc0798.php 第 184 行.
NOTIC: [8] Use of undefined constant catid - assumed 'catid' /data/wwwroot/html/bobo2/Home/Runtime/Cache/7e4848229090366086cc7eeb3bfc0798.php 第 184 行.
NOTIC: [8] Use of undefined constant catid - assumed 'catid' /data/wwwroot/html/bobo2/Home/Runtime/Cache/7e4848229090366086cc7eeb3bfc0798.php 第 184 行.
NOTIC: [8] Use of undefined constant catid - assumed 'catid' /data/wwwroot/html/bobo2/Home/Runtime/Cache/7e4848229090366086cc7eeb3bfc0798.php 第 184 行.
NOTIC: [8] Use of undefined constant catid - assumed 'catid' /data/wwwroot/html/bobo2/Home/Runtime/Cache/7e4848229090366086cc7eeb3bfc0798.php 第 184 行.
NOTIC: [8] Use of undefined constant catid - assumed 'catid' /data/wwwroot/html/bobo2/Home/Runtime/Cache/7e4848229090366086cc7eeb3bfc0798.php 第 184 行.
NOTIC: [8] Use of undefined constant catid - assumed 'catid' /data/wwwroot/html/bobo2/Home/Runtime/Cache/7e4848229090366086cc7eeb3bfc0798.php 第 188 行.
NOTIC: [8] Use of undefined constant catid - assumed 'catid' /data/wwwroot/html/bobo2/Home/Runtime/Cache/7e4848229090366086cc7eeb3bfc0798.php 第 188 行.
NOTIC: [8] Use of undefined constant catid - assumed 'catid' /data/wwwroot/html/bobo2/Home/Runtime/Cache/7e4848229090366086cc7eeb3bfc0798.php 第 188 行.
NOTIC: [8] Use of undefined constant catid - assumed 'catid' /data/wwwroot/html/bobo2/Home/Runtime/Cache/7e4848229090366086cc7eeb3bfc0798.php 第 188 行.
NOTIC: [8] Use of undefined constant catid - assumed 'catid' /data/wwwroot/html/bobo2/Home/Runtime/Cache/7e4848229090366086cc7eeb3bfc0798.php 第 188 行.
NOTIC: [8] Use of undefined constant catid - assumed 'catid' /data/wwwroot/html/bobo2/Home/Runtime/Cache/7e4848229090366086cc7eeb3bfc0798.php 第 188 行.
NOTIC: [8] Use of undefined constant catid - assumed 'catid' /data/wwwroot/html/bobo2/Home/Runtime/Cache/7e4848229090366086cc7eeb3bfc0798.php 第 188 行.
NOTIC: [8] Use of undefined constant catid - assumed 'catid' /data/wwwroot/html/bobo2/Home/Runtime/Cache/7e4848229090366086cc7eeb3bfc0798.php 第 191 行.
NOTIC: [8] Use of undefined constant catid - assumed 'catid' /data/wwwroot/html/bobo2/Home/Runtime/Cache/7e4848229090366086cc7eeb3bfc0798.php 第 191 行.
NOTIC: [8] Use of undefined constant catid - assumed 'catid' /data/wwwroot/html/bobo2/Home/Runtime/Cache/7e4848229090366086cc7eeb3bfc0798.php 第 191 行.
NOTIC: [8] Use of undefined constant catid - assumed 'catid' /data/wwwroot/html/bobo2/Home/Runtime/Cache/7e4848229090366086cc7eeb3bfc0798.php 第 191 行.
NOTIC: [8] Use of undefined constant catid - assumed 'catid' /data/wwwroot/html/bobo2/Home/Runtime/Cache/7e4848229090366086cc7eeb3bfc0798.php 第 191 行.
NOTIC: [8] Use of undefined constant catid - assumed 'catid' /data/wwwroot/html/bobo2/Home/Runtime/Cache/7e4848229090366086cc7eeb3bfc0798.php 第 191 行.
NOTIC: [8] Use of undefined constant catid - assumed 'catid' /data/wwwroot/html/bobo2/Home/Runtime/Cache/7e4848229090366086cc7eeb3bfc0798.php 第 191 行.
NOTIC: [8] Use of undefined constant catid - assumed 'catid' /data/wwwroot/html/bobo2/Home/Runtime/Cache/7e4848229090366086cc7eeb3bfc0798.php 第 191 行.
NOTIC: [8] Use of undefined constant id - assumed 'id' /data/wwwroot/html/bobo2/Home/Runtime/Cache/7e4848229090366086cc7eeb3bfc0798.php 第 273 行.
NOTIC: [8] Use of undefined constant id - assumed 'id' /data/wwwroot/html/bobo2/Home/Runtime/Cache/7e4848229090366086cc7eeb3bfc0798.php 第 273 行.
NOTIC: [8] Use of undefined constant id - assumed 'id' /data/wwwroot/html/bobo2/Home/Runtime/Cache/7e4848229090366086cc7eeb3bfc0798.php 第 273 行.
NOTIC: [8] Use of undefined constant id - assumed 'id' /data/wwwroot/html/bobo2/Home/Runtime/Cache/7e4848229090366086cc7eeb3bfc0798.php 第 273 行.
NOTIC: [8] Use of undefined constant id - assumed 'id' /data/wwwroot/html/bobo2/Home/Runtime/Cache/7e4848229090366086cc7eeb3bfc0798.php 第 273 行.
NOTIC: [8] Use of undefined constant id - assumed 'id' /data/wwwroot/html/bobo2/Home/Runtime/Cache/7e4848229090366086cc7eeb3bfc0798.php 第 273 行.
NOTIC: [8] Use of undefined constant id - assumed 'id' /data/wwwroot/html/bobo2/Home/Runtime/Cache/7e4848229090366086cc7eeb3bfc0798.php 第 273 行.
NOTIC: [8] Use of undefined constant id - assumed 'id' /data/wwwroot/html/bobo2/Home/Runtime/Cache/7e4848229090366086cc7eeb3bfc0798.php 第 273 行.
NOTIC: [8] Use of undefined constant id - assumed 'id' /data/wwwroot/html/bobo2/Home/Runtime/Cache/7e4848229090366086cc7eeb3bfc0798.php 第 277 行.
NOTIC: [8] Use of undefined constant id - assumed 'id' /data/wwwroot/html/bobo2/Home/Runtime/Cache/7e4848229090366086cc7eeb3bfc0798.php 第 277 行.
NOTIC: [8] Use of undefined constant id - assumed 'id' /data/wwwroot/html/bobo2/Home/Runtime/Cache/7e4848229090366086cc7eeb3bfc0798.php 第 277 行.
NOTIC: [8] Use of undefined constant id - assumed 'id' /data/wwwroot/html/bobo2/Home/Runtime/Cache/7e4848229090366086cc7eeb3bfc0798.php 第 277 行.
NOTIC: [8] Use of undefined constant id - assumed 'id' /data/wwwroot/html/bobo2/Home/Runtime/Cache/7e4848229090366086cc7eeb3bfc0798.php 第 277 行.
NOTIC: [8] Use of undefined constant id - assumed 'id' /data/wwwroot/html/bobo2/Home/Runtime/Cache/7e4848229090366086cc7eeb3bfc0798.php 第 277 行.
NOTIC: [8] Use of undefined constant id - assumed 'id' /data/wwwroot/html/bobo2/Home/Runtime/Cache/7e4848229090366086cc7eeb3bfc0798.php 第 277 行.
NOTIC: [8] Use of undefined constant id - assumed 'id' /data/wwwroot/html/bobo2/Home/Runtime/Cache/7e4848229090366086cc7eeb3bfc0798.php 第 277 行.
NOTIC: [8] Use of undefined constant id - assumed 'id' /data/wwwroot/html/bobo2/Home/Runtime/Cache/7e4848229090366086cc7eeb3bfc0798.php 第 282 行.
NOTIC: [8] Use of undefined constant id - assumed 'id' /data/wwwroot/html/bobo2/Home/Runtime/Cache/7e4848229090366086cc7eeb3bfc0798.php 第 282 行.
NOTIC: [8] Use of undefined constant id - assumed 'id' /data/wwwroot/html/bobo2/Home/Runtime/Cache/7e4848229090366086cc7eeb3bfc0798.php 第 282 行.
NOTIC: [8] Use of undefined constant id - assumed 'id' /data/wwwroot/html/bobo2/Home/Runtime/Cache/7e4848229090366086cc7eeb3bfc0798.php 第 282 行.
NOTIC: [8] Use of undefined constant id - assumed 'id' /data/wwwroot/html/bobo2/Home/Runtime/Cache/7e4848229090366086cc7eeb3bfc0798.php 第 282 行.
NOTIC: [8] Use of undefined constant id - assumed 'id' /data/wwwroot/html/bobo2/Home/Runtime/Cache/7e4848229090366086cc7eeb3bfc0798.php 第 282 行.
NOTIC: [8] Use of undefined constant id - assumed 'id' /data/wwwroot/html/bobo2/Home/Runtime/Cache/7e4848229090366086cc7eeb3bfc0798.php 第 282 行.
NOTIC: [8] Use of undefined constant id - assumed 'id' /data/wwwroot/html/bobo2/Home/Runtime/Cache/7e4848229090366086cc7eeb3bfc0798.php 第 282 行.
NOTIC: [8] Use of undefined constant id - assumed 'id' /data/wwwroot/html/bobo2/Home/Runtime/Cache/7e4848229090366086cc7eeb3bfc0798.php 第 286 行.
NOTIC: [8] Use of undefined constant id - assumed 'id' /data/wwwroot/html/bobo2/Home/Runtime/Cache/7e4848229090366086cc7eeb3bfc0798.php 第 286 行.
NOTIC: [8] Use of undefined constant id - assumed 'id' /data/wwwroot/html/bobo2/Home/Runtime/Cache/7e4848229090366086cc7eeb3bfc0798.php 第 286 行.
NOTIC: [8] Use of undefined constant id - assumed 'id' /data/wwwroot/html/bobo2/Home/Runtime/Cache/7e4848229090366086cc7eeb3bfc0798.php 第 286 行.
NOTIC: [8] Use of undefined constant id - assumed 'id' /data/wwwroot/html/bobo2/Home/Runtime/Cache/7e4848229090366086cc7eeb3bfc0798.php 第 286 行.
NOTIC: [8] Use of undefined constant id - assumed 'id' /data/wwwroot/html/bobo2/Home/Runtime/Cache/7e4848229090366086cc7eeb3bfc0798.php 第 286 行.
NOTIC: [8] Use of undefined constant id - assumed 'id' /data/wwwroot/html/bobo2/Home/Runtime/Cache/7e4848229090366086cc7eeb3bfc0798.php 第 286 行.
NOTIC: [8] Use of undefined constant id - assumed 'id' /data/wwwroot/html/bobo2/Home/Runtime/Cache/7e4848229090366086cc7eeb3bfc0798.php 第 286 行.
NOTIC: [8] Use of undefined constant id - assumed 'id' /data/wwwroot/html/bobo2/Home/Runtime/Cache/7e4848229090366086cc7eeb3bfc0798.php 第 291 行.
NOTIC: [8] Use of undefined constant id - assumed 'id' /data/wwwroot/html/bobo2/Home/Runtime/Cache/7e4848229090366086cc7eeb3bfc0798.php 第 291 行.
NOTIC: [8] Use of undefined constant id - assumed 'id' /data/wwwroot/html/bobo2/Home/Runtime/Cache/7e4848229090366086cc7eeb3bfc0798.php 第 291 行.
NOTIC: [8] Use of undefined constant id - assumed 'id' /data/wwwroot/html/bobo2/Home/Runtime/Cache/7e4848229090366086cc7eeb3bfc0798.php 第 291 行.
NOTIC: [8] Use of undefined constant id - assumed 'id' /data/wwwroot/html/bobo2/Home/Runtime/Cache/7e4848229090366086cc7eeb3bfc0798.php 第 291 行.
NOTIC: [8] Use of undefined constant id - assumed 'id' /data/wwwroot/html/bobo2/Home/Runtime/Cache/7e4848229090366086cc7eeb3bfc0798.php 第 291 行.
NOTIC: [8] Use of undefined constant id - assumed 'id' /data/wwwroot/html/bobo2/Home/Runtime/Cache/7e4848229090366086cc7eeb3bfc0798.php 第 291 行.
NOTIC: [8] Use of undefined constant id - assumed 'id' /data/wwwroot/html/bobo2/Home/Runtime/Cache/7e4848229090366086cc7eeb3bfc0798.php 第 291 行.
NOTIC: [8] Use of undefined constant id - assumed 'id' /data/wwwroot/html/bobo2/Home/Runtime/Cache/7e4848229090366086cc7eeb3bfc0798.php 第 295 行.
NOTIC: [8] Use of undefined constant id - assumed 'id' /data/wwwroot/html/bobo2/Home/Runtime/Cache/7e4848229090366086cc7eeb3bfc0798.php 第 295 行.
NOTIC: [8] Use of undefined constant id - assumed 'id' /data/wwwroot/html/bobo2/Home/Runtime/Cache/7e4848229090366086cc7eeb3bfc0798.php 第 295 行.
NOTIC: [8] Use of undefined constant id - assumed 'id' /data/wwwroot/html/bobo2/Home/Runtime/Cache/7e4848229090366086cc7eeb3bfc0798.php 第 295 行.
NOTIC: [8] Use of undefined constant id - assumed 'id' /data/wwwroot/html/bobo2/Home/Runtime/Cache/7e4848229090366086cc7eeb3bfc0798.php 第 295 行.
NOTIC: [8] Use of undefined constant id - assumed 'id' /data/wwwroot/html/bobo2/Home/Runtime/Cache/7e4848229090366086cc7eeb3bfc0798.php 第 295 行.
NOTIC: [8] Use of undefined constant id - assumed 'id' /data/wwwroot/html/bobo2/Home/Runtime/Cache/7e4848229090366086cc7eeb3bfc0798.php 第 295 行.
NOTIC: [8] Use of undefined constant id - assumed 'id' /data/wwwroot/html/bobo2/Home/Runtime/Cache/7e4848229090366086cc7eeb3bfc0798.php 第 295 行.
NOTIC: [8] Use of undefined constant id - assumed 'id' /data/wwwroot/html/bobo2/Home/Runtime/Cache/7e4848229090366086cc7eeb3bfc0798.php 第 300 行.
NOTIC: [8] Use of undefined constant id - assumed 'id' /data/wwwroot/html/bobo2/Home/Runtime/Cache/7e4848229090366086cc7eeb3bfc0798.php 第 300 行.
NOTIC: [8] Use of undefined constant id - assumed 'id' /data/wwwroot/html/bobo2/Home/Runtime/Cache/7e4848229090366086cc7eeb3bfc0798.php 第 300 行.
NOTIC: [8] Use of undefined constant id - assumed 'id' /data/wwwroot/html/bobo2/Home/Runtime/Cache/7e4848229090366086cc7eeb3bfc0798.php 第 300 行.
NOTIC: [8] Use of undefined constant id - assumed 'id' /data/wwwroot/html/bobo2/Home/Runtime/Cache/7e4848229090366086cc7eeb3bfc0798.php 第 300 行.
NOTIC: [8] Use of undefined constant id - assumed 'id' /data/wwwroot/html/bobo2/Home/Runtime/Cache/7e4848229090366086cc7eeb3bfc0798.php 第 300 行.
NOTIC: [8] Use of undefined constant id - assumed 'id' /data/wwwroot/html/bobo2/Home/Runtime/Cache/7e4848229090366086cc7eeb3bfc0798.php 第 300 行.
NOTIC: [8] Use of undefined constant id - assumed 'id' /data/wwwroot/html/bobo2/Home/Runtime/Cache/7e4848229090366086cc7eeb3bfc0798.php 第 300 行.
NOTIC: [8] Use of undefined constant id - assumed 'id' /data/wwwroot/html/bobo2/Home/Runtime/Cache/7e4848229090366086cc7eeb3bfc0798.php 第 304 行.
NOTIC: [8] Use of undefined constant id - assumed 'id' /data/wwwroot/html/bobo2/Home/Runtime/Cache/7e4848229090366086cc7eeb3bfc0798.php 第 304 行.
NOTIC: [8] Use of undefined constant id - assumed 'id' /data/wwwroot/html/bobo2/Home/Runtime/Cache/7e4848229090366086cc7eeb3bfc0798.php 第 304 行.
NOTIC: [8] Use of undefined constant id - assumed 'id' /data/wwwroot/html/bobo2/Home/Runtime/Cache/7e4848229090366086cc7eeb3bfc0798.php 第 304 行.
NOTIC: [8] Use of undefined constant id - assumed 'id' /data/wwwroot/html/bobo2/Home/Runtime/Cache/7e4848229090366086cc7eeb3bfc0798.php 第 304 行.
NOTIC: [8] Use of undefined constant id - assumed 'id' /data/wwwroot/html/bobo2/Home/Runtime/Cache/7e4848229090366086cc7eeb3bfc0798.php 第 304 行.
NOTIC: [8] Use of undefined constant id - assumed 'id' /data/wwwroot/html/bobo2/Home/Runtime/Cache/7e4848229090366086cc7eeb3bfc0798.php 第 304 行.
NOTIC: [8] Use of undefined constant id - assumed 'id' /data/wwwroot/html/bobo2/Home/Runtime/Cache/7e4848229090366086cc7eeb3bfc0798.php 第 304 行.
INFO: Run ParseTemplate Behavior [ RunTime:0.045324s ]
INFO: [ view_parse ] --END-- [ RunTime:0.045386s ]
INFO: [ view_filter ] --START--
INFO: Run ContentReplace Behavior [ RunTime:0.000476s ]
INFO: Run TokenBuild Behavior [ RunTime:0.000261s ]
INFO: Run WriteHtmlCache Behavior [ RunTime:0.000145s ]
INFO: Run ShowRuntime Behavior [ RunTime:0.000333s ]
INFO: [ view_filter ] --END-- [ RunTime:0.001411s ]
INFO: [ view_end ] --START--
INFO: Run ShowPageTrace Behavior [ RunTime:0.000433s ]
INFO: [ view_end ] --END-- [ RunTime:0.000488s ]

