[ 2016-12-21T02:54:56+08:00 ] 220.181.108.78 /bobo2/index.php/Product/product/catid/14
INFO: [ route_check ] --START--
INFO: Run CheckRoute Behavior [ RunTime:0.000511s ]
INFO: [ route_check ] --END-- [ RunTime:0.000589s ]
INFO: [ app_begin ] --START--
INFO: Run ReadHtmlCache Behavior [ RunTime:0.000342s ]
INFO: [ app_begin ] --END-- [ RunTime:0.000390s ]
SQL: SHOW COLUMNS FROM `tp_product` [ RunTime:0.001049s ]
SQL: SHOW COLUMNS FROM `tp_category` [ RunTime:0.000725s ]
SQL: SHOW COLUMNS FROM `tp_linkage` [ RunTime:0.000673s ]
SQL: SHOW COLUMNS FROM `tp_parameter` [ RunTime:0.000485s ]
SQL: SHOW COLUMNS FROM `tp_collect` [ RunTime:0.000500s ]
SQL: SHOW COLUMNS FROM `tp_content` [ RunTime:0.000806s ]
SQL: SHOW COLUMNS FROM `tp_page` [ RunTime:0.000499s ]
SQL: SELECT * FROM `tp_page` WHERE ( `catid` = 29 ) LIMIT 1   [ RunTime:0.000211s ]
SQL: SELECT `id`,`catid`,`title`,`headerpic` FROM `tp_content` WHERE ( catid=23 and (status=2 or status=3) ) ORDER BY conorder desc,id desc LIMIT 8   [ RunTime:0.000680s ]
SQL: SELECT `id`,`catid`,`title`,`headerpic` FROM `tp_content` WHERE ( catid=24 and (status=2 or status=3) ) ORDER BY conorder desc,id desc LIMIT 8   [ RunTime:0.000558s ]
SQL: SELECT `id`,`catid`,`title`,`headerpic` FROM `tp_content` WHERE ( catid=25 and (status=2 or status=3) ) ORDER BY conorder desc,id desc LIMIT 8   [ RunTime:0.000572s ]
SQL: SHOW COLUMNS FROM `tp_site` [ RunTime:0.000723s ]
SQL: SELECT * FROM `tp_site` WHERE ( siteid=1 ) LIMIT 1   [ RunTime:0.000184s ]
SQL: SELECT a.xqstatus,a.title,a.picurlpc,a.catid,a.id,b.id as ppid FROM tp_product_price b,tp_product a WHERE ( a.posid=1 and a.status=1 and  a.id=b.pid ) ORDER BY a.listorder desc,id desc LIMIT 8   [ RunTime:0.001046s ]
SQL: SHOW COLUMNS FROM `tp_video` [ RunTime:0.000798s ]
SQL: SELECT `vtitle`,`headerpic`,`catid` FROM `tp_video` WHERE ( catid=26 and (status=2 or status=3) ) ORDER BY listorder desc,vid desc LIMIT 8   [ RunTime:0.000298s ]
SQL: SELECT `vtitle`,`headerpic`,`catid` FROM `tp_video` WHERE ( catid=27 and (status=2 or status=3) ) ORDER BY listorder desc,vid desc LIMIT 8   [ RunTime:0.000294s ]
SQL: SELECT `catid`,`catname`,`caturl` FROM `tp_category` WHERE ( `catid` IN ('14','15','16','17','18','19','20','21') ) ORDER BY listorder desc,catid desc  [ RunTime:0.000275s ]
NOTIC: [8] Undefined variable: category_list /data/wwwroot/html/bobo2/Home/Lib/Action/CommonAction.class.php 第 28 行.
NOTIC: [8] Undefined index: linkageid /data/wwwroot/html/bobo2/Home/Lib/Action/ProductAction.class.php 第 18 行.
NOTIC: [8] Undefined index: price_search /data/wwwroot/html/bobo2/Home/Lib/Action/ProductAction.class.php 第 19 行.
NOTIC: [8] Undefined index: texturelist_search /data/wwwroot/html/bobo2/Home/Lib/Action/ProductAction.class.php 第 20 行.
NOTIC: [8] Undefined index: capacity_search /data/wwwroot/html/bobo2/Home/Lib/Action/ProductAction.class.php 第 21 行.
SQL: SELECT `catid`,`catname`,`caturl` FROM `tp_category` WHERE ( `catid` IN ('14','15','16','17','18','19','20','21') ) ORDER BY listorder desc,catid desc  [ RunTime:0.000252s ]
NOTIC: [8] Undefined index: bobo_pc_user_id /data/wwwroot/html/bobo2/Home/Lib/Action/ProductAction.class.php 第 24 行.
NOTIC: [8] Undefined variable: pro_list_fw /data/wwwroot/html/bobo2/Home/Lib/Action/ProductAction.class.php 第 45 行.
SQL: SELECT `colorname`,`id` FROM `tp_parameter` WHERE ( typeid=1 and status=1 ) ORDER BY listorder desc,id desc  [ RunTime:0.000239s ]
SQL: SELECT COUNT(*) AS tp_count FROM `tp_linkage` WHERE ( catid=14 and status=1 ) LIMIT 1   [ RunTime:0.000237s ]
SQL: SELECT a.xqstatus,a.title,a.picurlpc,a.catid,a.id,b.capacity,b.price,b.id as ppid,a.colorlist,b.fmpicurl FROM tp_product_price b,tp_product a WHERE ( a.catid=14  and a.status=1 and  a.id=b.pid ) ORDER BY a.listorder desc,id desc  [ RunTime:0.000843s ]
SQL: SELECT `catname` FROM `tp_category` WHERE ( catid=14 ) LIMIT 1   [ RunTime:0.000223s ]
SQL: SELECT `colorname` FROM `tp_parameter` WHERE ( `id` IN ('12','8','1','6') )  [ RunTime:0.000207s ]
SQL: SELECT `catname` FROM `tp_category` WHERE ( catid=14 ) LIMIT 1   [ RunTime:0.000211s ]
SQL: SELECT `colorname` FROM `tp_parameter` WHERE ( `id` IN ('12','8','1','6') )  [ RunTime:0.000202s ]
SQL: SELECT `catname` FROM `tp_category` WHERE ( catid=14 ) LIMIT 1   [ RunTime:0.000199s ]
SQL: SELECT `colorname` FROM `tp_parameter` WHERE ( `id` IN ('12','8','1','6') )  [ RunTime:0.000212s ]
SQL: SELECT `catname` FROM `tp_category` WHERE ( catid=14 ) LIMIT 1   [ RunTime:0.000176s ]
SQL: SELECT `colorname` FROM `tp_parameter` WHERE ( `id` IN ('12','8','1','6') )  [ RunTime:0.000193s ]
SQL: SELECT `catname` FROM `tp_category` WHERE ( catid=14 ) LIMIT 1   [ RunTime:0.000165s ]
SQL: SELECT `colorname` FROM `tp_parameter` WHERE ( `id` IN ('12','4','1','6') )  [ RunTime:0.000180s ]
SQL: SELECT `catname` FROM `tp_category` WHERE ( catid=14 ) LIMIT 1   [ RunTime:0.000181s ]
SQL: SELECT `colorname` FROM `tp_parameter` WHERE ( `id` IN ('12','4','1','6') )  [ RunTime:0.000176s ]
SQL: SELECT `catname` FROM `tp_category` WHERE ( catid=14 ) LIMIT 1   [ RunTime:0.000241s ]
SQL: SELECT `colorname` FROM `tp_parameter` WHERE ( `id` IN ('12','4','1','6') )  [ RunTime:0.000195s ]
SQL: SELECT `catname` FROM `tp_category` WHERE ( catid=14 ) LIMIT 1   [ RunTime:0.000250s ]
SQL: SELECT `colorname` FROM `tp_parameter` WHERE ( `id` IN ('12','4','1','6') )  [ RunTime:0.000257s ]
SQL: SELECT `catname` FROM `tp_category` WHERE ( catid=14 ) LIMIT 1   [ RunTime:0.000222s ]
SQL: SELECT `colorname` FROM `tp_parameter` WHERE ( `id` IN ('1','7','8') )  [ RunTime:0.000246s ]
SQL: SELECT `catname` FROM `tp_category` WHERE ( catid=14 ) LIMIT 1   [ RunTime:0.000218s ]
SQL: SELECT `colorname` FROM `tp_parameter` WHERE ( `id` IN ('1','8','7','1','6','8','1','12','8') )  [ RunTime:0.000217s ]
SQL: SELECT `catname` FROM `tp_category` WHERE ( catid=14 ) LIMIT 1   [ RunTime:0.000187s ]
SQL: SELECT `colorname` FROM `tp_parameter` WHERE ( `id` IN ('1') )  [ RunTime:0.000197s ]
SQL: SELECT `catname` FROM `tp_category` WHERE ( catid=14 ) LIMIT 1   [ RunTime:0.000212s ]
SQL: SELECT `colorname` FROM `tp_parameter` WHERE ( `id` IN ('12','7','6') )  [ RunTime:0.000256s ]
SQL: SELECT `catname` FROM `tp_category` WHERE ( catid=14 ) LIMIT 1   [ RunTime:0.000202s ]
SQL: SELECT `colorname` FROM `tp_parameter` WHERE ( `id` IN ('4','7','1','6') )  [ RunTime:0.000299s ]
INFO: [ view_template ] --START--
INFO: Run LocationTemplate Behavior [ RunTime:0.000351s ]
INFO: [ view_template ] --END-- [ RunTime:0.000428s ]
INFO: [ view_parse ] --START--
NOTIC: [8] A session had already been started - ignoring session_start() /data/wwwroot/html/bobo2/Home/Runtime/Cache/7ec83dbe9b0a50fbf22731d36a9728b0.php 第 78 行.
NOTIC: [8] Undefined index: bobo_pc_user_id /data/wwwroot/html/bobo2/Home/Runtime/Cache/7ec83dbe9b0a50fbf22731d36a9728b0.php 第 78 行.
NOTIC: [8] Undefined index: bobo_pc_user_id /data/wwwroot/html/bobo2/Home/Runtime/Cache/7ec83dbe9b0a50fbf22731d36a9728b0.php 第 85 行.
NOTIC: [8] Undefined index: bobo_pc_user_name /data/wwwroot/html/bobo2/Home/Runtime/Cache/7ec83dbe9b0a50fbf22731d36a9728b0.php 第 85 行.
NOTIC: [8] Undefined variable: k /data/wwwroot/html/bobo2/Home/Runtime/Cache/7ec83dbe9b0a50fbf22731d36a9728b0.php 第 112 行.
NOTIC: [8] Use of undefined constant catid - assumed 'catid' /data/wwwroot/html/bobo2/Home/Runtime/Cache/7ec83dbe9b0a50fbf22731d36a9728b0.php 第 115 行.
NOTIC: [8] Use of undefined constant id - assumed 'id' /data/wwwroot/html/bobo2/Home/Runtime/Cache/7ec83dbe9b0a50fbf22731d36a9728b0.php 第 115 行.
NOTIC: [8] Use of undefined constant catid - assumed 'catid' /data/wwwroot/html/bobo2/Home/Runtime/Cache/7ec83dbe9b0a50fbf22731d36a9728b0.php 第 115 行.
NOTIC: [8] Use of undefined constant id - assumed 'id' /data/wwwroot/html/bobo2/Home/Runtime/Cache/7ec83dbe9b0a50fbf22731d36a9728b0.php 第 115 行.
NOTIC: [8] Use of undefined constant catid - assumed 'catid' /data/wwwroot/html/bobo2/Home/Runtime/Cache/7ec83dbe9b0a50fbf22731d36a9728b0.php 第 115 行.
NOTIC: [8] Use of undefined constant id - assumed 'id' /data/wwwroot/html/bobo2/Home/Runtime/Cache/7ec83dbe9b0a50fbf22731d36a9728b0.php 第 115 行.
NOTIC: [8] Use of undefined constant catid - assumed 'catid' /data/wwwroot/html/bobo2/Home/Runtime/Cache/7ec83dbe9b0a50fbf22731d36a9728b0.php 第 115 行.
NOTIC: [8] Use of undefined constant id - assumed 'id' /data/wwwroot/html/bobo2/Home/Runtime/Cache/7ec83dbe9b0a50fbf22731d36a9728b0.php 第 115 行.
NOTIC: [8] Use of undefined constant catid - assumed 'catid' /data/wwwroot/html/bobo2/Home/Runtime/Cache/7ec83dbe9b0a50fbf22731d36a9728b0.php 第 115 行.
NOTIC: [8] Use of undefined constant id - assumed 'id' /data/wwwroot/html/bobo2/Home/Runtime/Cache/7ec83dbe9b0a50fbf22731d36a9728b0.php 第 115 行.
NOTIC: [8] Use of undefined constant catid - assumed 'catid' /data/wwwroot/html/bobo2/Home/Runtime/Cache/7ec83dbe9b0a50fbf22731d36a9728b0.php 第 115 行.
NOTIC: [8] Use of undefined constant id - assumed 'id' /data/wwwroot/html/bobo2/Home/Runtime/Cache/7ec83dbe9b0a50fbf22731d36a9728b0.php 第 115 行.
NOTIC: [8] Use of undefined constant catid - assumed 'catid' /data/wwwroot/html/bobo2/Home/Runtime/Cache/7ec83dbe9b0a50fbf22731d36a9728b0.php 第 115 行.
NOTIC: [8] Use of undefined constant id - assumed 'id' /data/wwwroot/html/bobo2/Home/Runtime/Cache/7ec83dbe9b0a50fbf22731d36a9728b0.php 第 115 行.
NOTIC: [8] Use of undefined constant catid - assumed 'catid' /data/wwwroot/html/bobo2/Home/Runtime/Cache/7ec83dbe9b0a50fbf22731d36a9728b0.php 第 115 行.
NOTIC: [8] Use of undefined constant id - assumed 'id' /data/wwwroot/html/bobo2/Home/Runtime/Cache/7ec83dbe9b0a50fbf22731d36a9728b0.php 第 115 行.
NOTIC: [8] Use of undefined constant catid - assumed 'catid' /data/wwwroot/html/bobo2/Home/Runtime/Cache/7ec83dbe9b0a50fbf22731d36a9728b0.php 第 118 行.
NOTIC: [8] Use of undefined constant id - assumed 'id' /data/wwwroot/html/bobo2/Home/Runtime/Cache/7ec83dbe9b0a50fbf22731d36a9728b0.php 第 118 行.
NOTIC: [8] Use of undefined constant catid - assumed 'catid' /data/wwwroot/html/bobo2/Home/Runtime/Cache/7ec83dbe9b0a50fbf22731d36a9728b0.php 第 118 行.
NOTIC: [8] Use of undefined constant id - assumed 'id' /data/wwwroot/html/bobo2/Home/Runtime/Cache/7ec83dbe9b0a50fbf22731d36a9728b0.php 第 118 行.
NOTIC: [8] Use of undefined constant catid - assumed 'catid' /data/wwwroot/html/bobo2/Home/Runtime/Cache/7ec83dbe9b0a50fbf22731d36a9728b0.php 第 118 行.
NOTIC: [8] Use of undefined constant id - assumed 'id' /data/wwwroot/html/bobo2/Home/Runtime/Cache/7ec83dbe9b0a50fbf22731d36a9728b0.php 第 118 行.
NOTIC: [8] Use of undefined constant catid - assumed 'catid' /data/wwwroot/html/bobo2/Home/Runtime/Cache/7ec83dbe9b0a50fbf22731d36a9728b0.php 第 118 行.
NOTIC: [8] Use of undefined constant id - assumed 'id' /data/wwwroot/html/bobo2/Home/Runtime/Cache/7ec83dbe9b0a50fbf22731d36a9728b0.php 第 118 行.
NOTIC: [8] Use of undefined constant catid - assumed 'catid' /data/wwwroot/html/bobo2/Home/Runtime/Cache/7ec83dbe9b0a50fbf22731d36a9728b0.php 第 121 行.
NOTIC: [8] Use of undefined constant id - assumed 'id' /data/wwwroot/html/bobo2/Home/Runtime/Cache/7ec83dbe9b0a50fbf22731d36a9728b0.php 第 121 行.
NOTIC: [8] Use of undefined constant catid - assumed 'catid' /data/wwwroot/html/bobo2/Home/Runtime/Cache/7ec83dbe9b0a50fbf22731d36a9728b0.php 第 121 行.
NOTIC: [8] Use of undefined constant id - assumed 'id' /data/wwwroot/html/bobo2/Home/Runtime/Cache/7ec83dbe9b0a50fbf22731d36a9728b0.php 第 121 行.
NOTIC: [8] Use of undefined constant catid - assumed 'catid' /data/wwwroot/html/bobo2/Home/Runtime/Cache/7ec83dbe9b0a50fbf22731d36a9728b0.php 第 146 行.
NOTIC: [8] Use of undefined constant id - assumed 'id' /data/wwwroot/html/bobo2/Home/Runtime/Cache/7ec83dbe9b0a50fbf22731d36a9728b0.php 第 146 行.
NOTIC: [8] Use of undefined constant ppid - assumed 'ppid' /data/wwwroot/html/bobo2/Home/Runtime/Cache/7ec83dbe9b0a50fbf22731d36a9728b0.php 第 146 行.
NOTIC: [8] Use of undefined constant catid - assumed 'catid' /data/wwwroot/html/bobo2/Home/Runtime/Cache/7ec83dbe9b0a50fbf22731d36a9728b0.php 第 146 行.
NOTIC: [8] Use of undefined constant id - assumed 'id' /data/wwwroot/html/bobo2/Home/Runtime/Cache/7ec83dbe9b0a50fbf22731d36a9728b0.php 第 146 行.
NOTIC: [8] Use of undefined constant ppid - assumed 'ppid' /data/wwwroot/html/bobo2/Home/Runtime/Cache/7ec83dbe9b0a50fbf22731d36a9728b0.php 第 146 行.
NOTIC: [8] Use of undefined constant catid - assumed 'catid' /data/wwwroot/html/bobo2/Home/Runtime/Cache/7ec83dbe9b0a50fbf22731d36a9728b0.php 第 146 行.
NOTIC: [8] Use of undefined constant id - assumed 'id' /data/wwwroot/html/bobo2/Home/Runtime/Cache/7ec83dbe9b0a50fbf22731d36a9728b0.php 第 146 行.
NOTIC: [8] Use of undefined constant ppid - assumed 'ppid' /data/wwwroot/html/bobo2/Home/Runtime/Cache/7ec83dbe9b0a50fbf22731d36a9728b0.php 第 146 行.
NOTIC: [8] Use of undefined constant catid - assumed 'catid' /data/wwwroot/html/bobo2/Home/Runtime/Cache/7ec83dbe9b0a50fbf22731d36a9728b0.php 第 146 行.
NOTIC: [8] Use of undefined constant id - assumed 'id' /data/wwwroot/html/bobo2/Home/Runtime/Cache/7ec83dbe9b0a50fbf22731d36a9728b0.php 第 146 行.
NOTIC: [8] Use of undefined constant ppid - assumed 'ppid' /data/wwwroot/html/bobo2/Home/Runtime/Cache/7ec83dbe9b0a50fbf22731d36a9728b0.php 第 146 行.
NOTIC: [8] Use of undefined constant catid - assumed 'catid' /data/wwwroot/html/bobo2/Home/Runtime/Cache/7ec83dbe9b0a50fbf22731d36a9728b0.php 第 146 行.
NOTIC: [8] Use of undefined constant id - assumed 'id' /data/wwwroot/html/bobo2/Home/Runtime/Cache/7ec83dbe9b0a50fbf22731d36a9728b0.php 第 146 行.
NOTIC: [8] Use of undefined constant ppid - assumed 'ppid' /data/wwwroot/html/bobo2/Home/Runtime/Cache/7ec83dbe9b0a50fbf22731d36a9728b0.php 第 146 行.
NOTIC: [8] Use of undefined constant catid - assumed 'catid' /data/wwwroot/html/bobo2/Home/Runtime/Cache/7ec83dbe9b0a50fbf22731d36a9728b0.php 第 146 行.
NOTIC: [8] Use of undefined constant id - assumed 'id' /data/wwwroot/html/bobo2/Home/Runtime/Cache/7ec83dbe9b0a50fbf22731d36a9728b0.php 第 146 行.
NOTIC: [8] Use of undefined constant ppid - assumed 'ppid' /data/wwwroot/html/bobo2/Home/Runtime/Cache/7ec83dbe9b0a50fbf22731d36a9728b0.php 第 146 行.
NOTIC: [8] Use of undefined constant catid - assumed 'catid' /data/wwwroot/html/bobo2/Home/Runtime/Cache/7ec83dbe9b0a50fbf22731d36a9728b0.php 第 146 行.
NOTIC: [8] Use of undefined constant id - assumed 'id' /data/wwwroot/html/bobo2/Home/Runtime/Cache/7ec83dbe9b0a50fbf22731d36a9728b0.php 第 146 行.
NOTIC: [8] Use of undefined constant ppid - assumed 'ppid' /data/wwwroot/html/bobo2/Home/Runtime/Cache/7ec83dbe9b0a50fbf22731d36a9728b0.php 第 146 行.
NOTIC: [8] Use of undefined constant catid - assumed 'catid' /data/wwwroot/html/bobo2/Home/Runtime/Cache/7ec83dbe9b0a50fbf22731d36a9728b0.php 第 146 行.
NOTIC: [8] Use of undefined constant id - assumed 'id' /data/wwwroot/html/bobo2/Home/Runtime/Cache/7ec83dbe9b0a50fbf22731d36a9728b0.php 第 146 行.
NOTIC: [8] Use of undefined constant ppid - assumed 'ppid' /data/wwwroot/html/bobo2/Home/Runtime/Cache/7ec83dbe9b0a50fbf22731d36a9728b0.php 第 146 行.
NOTIC: [8] Use of undefined constant catid - assumed 'catid' /data/wwwroot/html/bobo2/Home/Runtime/Cache/7ec83dbe9b0a50fbf22731d36a9728b0.php 第 150 行.
NOTIC: [8] Use of undefined constant catid - assumed 'catid' /data/wwwroot/html/bobo2/Home/Runtime/Cache/7ec83dbe9b0a50fbf22731d36a9728b0.php 第 150 行.
NOTIC: [8] Use of undefined constant catid - assumed 'catid' /data/wwwroot/html/bobo2/Home/Runtime/Cache/7ec83dbe9b0a50fbf22731d36a9728b0.php 第 150 行.
NOTIC: [8] Use of undefined constant catid - assumed 'catid' /data/wwwroot/html/bobo2/Home/Runtime/Cache/7ec83dbe9b0a50fbf22731d36a9728b0.php 第 150 行.
NOTIC: [8] Use of undefined constant catid - assumed 'catid' /data/wwwroot/html/bobo2/Home/Runtime/Cache/7ec83dbe9b0a50fbf22731d36a9728b0.php 第 150 行.
NOTIC: [8] Use of undefined constant catid - assumed 'catid' /data/wwwroot/html/bobo2/Home/Runtime/Cache/7ec83dbe9b0a50fbf22731d36a9728b0.php 第 150 行.
NOTIC: [8] Use of undefined constant catid - assumed 'catid' /data/wwwroot/html/bobo2/Home/Runtime/Cache/7ec83dbe9b0a50fbf22731d36a9728b0.php 第 150 行.
NOTIC: [8] Use of undefined constant catid - assumed 'catid' /data/wwwroot/html/bobo2/Home/Runtime/Cache/7ec83dbe9b0a50fbf22731d36a9728b0.php 第 150 行.
NOTIC: [8] Use of undefined constant catid - assumed 'catid' /data/wwwroot/html/bobo2/Home/Runtime/Cache/7ec83dbe9b0a50fbf22731d36a9728b0.php 第 154 行.
NOTIC: [8] Use of undefined constant catid - assumed 'catid' /data/wwwroot/html/bobo2/Home/Runtime/Cache/7ec83dbe9b0a50fbf22731d36a9728b0.php 第 154 行.
NOTIC: [8] Use of undefined constant catid - assumed 'catid' /data/wwwroot/html/bobo2/Home/Runtime/Cache/7ec83dbe9b0a50fbf22731d36a9728b0.php 第 154 行.
NOTIC: [8] Use of undefined constant catid - assumed 'catid' /data/wwwroot/html/bobo2/Home/Runtime/Cache/7ec83dbe9b0a50fbf22731d36a9728b0.php 第 154 行.
NOTIC: [8] Use of undefined constant catid - assumed 'catid' /data/wwwroot/html/bobo2/Home/Runtime/Cache/7ec83dbe9b0a50fbf22731d36a9728b0.php 第 154 行.
NOTIC: [8] Use of undefined constant catid - assumed 'catid' /data/wwwroot/html/bobo2/Home/Runtime/Cache/7ec83dbe9b0a50fbf22731d36a9728b0.php 第 154 行.
NOTIC: [8] Use of undefined constant catid - assumed 'catid' /data/wwwroot/html/bobo2/Home/Runtime/Cache/7ec83dbe9b0a50fbf22731d36a9728b0.php 第 154 行.
NOTIC: [8] Use of undefined constant catid - assumed 'catid' /data/wwwroot/html/bobo2/Home/Runtime/Cache/7ec83dbe9b0a50fbf22731d36a9728b0.php 第 157 行.
NOTIC: [8] Use of undefined constant catid - assumed 'catid' /data/wwwroot/html/bobo2/Home/Runtime/Cache/7ec83dbe9b0a50fbf22731d36a9728b0.php 第 157 行.
NOTIC: [8] Use of undefined constant catid - assumed 'catid' /data/wwwroot/html/bobo2/Home/Runtime/Cache/7ec83dbe9b0a50fbf22731d36a9728b0.php 第 157 行.
NOTIC: [8] Use of undefined constant catid - assumed 'catid' /data/wwwroot/html/bobo2/Home/Runtime/Cache/7ec83dbe9b0a50fbf22731d36a9728b0.php 第 157 行.
NOTIC: [8] Use of undefined constant catid - assumed 'catid' /data/wwwroot/html/bobo2/Home/Runtime/Cache/7ec83dbe9b0a50fbf22731d36a9728b0.php 第 157 行.
NOTIC: [8] Use of undefined constant catid - assumed 'catid' /data/wwwroot/html/bobo2/Home/Runtime/Cache/7ec83dbe9b0a50fbf22731d36a9728b0.php 第 157 行.
NOTIC: [8] Use of undefined constant catid - assumed 'catid' /data/wwwroot/html/bobo2/Home/Runtime/Cache/7ec83dbe9b0a50fbf22731d36a9728b0.php 第 157 行.
NOTIC: [8] Use of undefined constant catid - assumed 'catid' /data/wwwroot/html/bobo2/Home/Runtime/Cache/7ec83dbe9b0a50fbf22731d36a9728b0.php 第 157 行.
NOTIC: [8] Use of undefined constant catid - assumed 'catid' /data/wwwroot/html/bobo2/Home/Runtime/Cache/7ec83dbe9b0a50fbf22731d36a9728b0.php 第 180 行.
NOTIC: [8] Use of undefined constant id - assumed 'id' /data/wwwroot/html/bobo2/Home/Runtime/Cache/7ec83dbe9b0a50fbf22731d36a9728b0.php 第 180 行.
NOTIC: [8] Use of undefined constant ppid - assumed 'ppid' /data/wwwroot/html/bobo2/Home/Runtime/Cache/7ec83dbe9b0a50fbf22731d36a9728b0.php 第 180 行.
NOTIC: [8] Use of undefined constant catid - assumed 'catid' /data/wwwroot/html/bobo2/Home/Runtime/Cache/7ec83dbe9b0a50fbf22731d36a9728b0.php 第 180 行.
NOTIC: [8] Use of undefined constant id - assumed 'id' /data/wwwroot/html/bobo2/Home/Runtime/Cache/7ec83dbe9b0a50fbf22731d36a9728b0.php 第 180 行.
NOTIC: [8] Use of undefined constant ppid - assumed 'ppid' /data/wwwroot/html/bobo2/Home/Runtime/Cache/7ec83dbe9b0a50fbf22731d36a9728b0.php 第 180 行.
NOTIC: [8] Use of undefined constant catid - assumed 'catid' /data/wwwroot/html/bobo2/Home/Runtime/Cache/7ec83dbe9b0a50fbf22731d36a9728b0.php 第 180 行.
NOTIC: [8] Use of undefined constant id - assumed 'id' /data/wwwroot/html/bobo2/Home/Runtime/Cache/7ec83dbe9b0a50fbf22731d36a9728b0.php 第 180 行.
NOTIC: [8] Use of undefined constant ppid - assumed 'ppid' /data/wwwroot/html/bobo2/Home/Runtime/Cache/7ec83dbe9b0a50fbf22731d36a9728b0.php 第 180 行.
NOTIC: [8] Use of undefined constant catid - assumed 'catid' /data/wwwroot/html/bobo2/Home/Runtime/Cache/7ec83dbe9b0a50fbf22731d36a9728b0.php 第 180 行.
NOTIC: [8] Use of undefined constant id - assumed 'id' /data/wwwroot/html/bobo2/Home/Runtime/Cache/7ec83dbe9b0a50fbf22731d36a9728b0.php 第 180 行.
NOTIC: [8] Use of undefined constant ppid - assumed 'ppid' /data/wwwroot/html/bobo2/Home/Runtime/Cache/7ec83dbe9b0a50fbf22731d36a9728b0.php 第 180 行.
NOTIC: [8] Use of undefined constant catid - assumed 'catid' /data/wwwroot/html/bobo2/Home/Runtime/Cache/7ec83dbe9b0a50fbf22731d36a9728b0.php 第 180 行.
NOTIC: [8] Use of undefined constant id - assumed 'id' /data/wwwroot/html/bobo2/Home/Runtime/Cache/7ec83dbe9b0a50fbf22731d36a9728b0.php 第 180 行.
NOTIC: [8] Use of undefined constant ppid - assumed 'ppid' /data/wwwroot/html/bobo2/Home/Runtime/Cache/7ec83dbe9b0a50fbf22731d36a9728b0.php 第 180 行.
NOTIC: [8] Use of undefined constant catid - assumed 'catid' /data/wwwroot/html/bobo2/Home/Runtime/Cache/7ec83dbe9b0a50fbf22731d36a9728b0.php 第 180 行.
NOTIC: [8] Use of undefined constant id - assumed 'id' /data/wwwroot/html/bobo2/Home/Runtime/Cache/7ec83dbe9b0a50fbf22731d36a9728b0.php 第 180 行.
NOTIC: [8] Use of undefined constant ppid - assumed 'ppid' /data/wwwroot/html/bobo2/Home/Runtime/Cache/7ec83dbe9b0a50fbf22731d36a9728b0.php 第 180 行.
NOTIC: [8] Use of undefined constant catid - assumed 'catid' /data/wwwroot/html/bobo2/Home/Runtime/Cache/7ec83dbe9b0a50fbf22731d36a9728b0.php 第 180 行.
NOTIC: [8] Use of undefined constant id - assumed 'id' /data/wwwroot/html/bobo2/Home/Runtime/Cache/7ec83dbe9b0a50fbf22731d36a9728b0.php 第 180 行.
NOTIC: [8] Use of undefined constant ppid - assumed 'ppid' /data/wwwroot/html/bobo2/Home/Runtime/Cache/7ec83dbe9b0a50fbf22731d36a9728b0.php 第 180 行.
NOTIC: [8] Use of undefined constant catid - assumed 'catid' /data/wwwroot/html/bobo2/Home/Runtime/Cache/7ec83dbe9b0a50fbf22731d36a9728b0.php 第 180 行.
NOTIC: [8] Use of undefined constant id - assumed 'id' /data/wwwroot/html/bobo2/Home/Runtime/Cache/7ec83dbe9b0a50fbf22731d36a9728b0.php 第 180 行.
NOTIC: [8] Use of undefined constant ppid - assumed 'ppid' /data/wwwroot/html/bobo2/Home/Runtime/Cache/7ec83dbe9b0a50fbf22731d36a9728b0.php 第 180 行.
NOTIC: [8] Use of undefined constant catid - assumed 'catid' /data/wwwroot/html/bobo2/Home/Runtime/Cache/7ec83dbe9b0a50fbf22731d36a9728b0.php 第 184 行.
NOTIC: [8] Use of undefined constant catid - assumed 'catid' /data/wwwroot/html/bobo2/Home/Runtime/Cache/7ec83dbe9b0a50fbf22731d36a9728b0.php 第 184 行.
NOTIC: [8] Use of undefined constant catid - assumed 'catid' /data/wwwroot/html/bobo2/Home/Runtime/Cache/7ec83dbe9b0a50fbf22731d36a9728b0.php 第 184 行.
NOTIC: [8] Use of undefined constant catid - assumed 'catid' /data/wwwroot/html/bobo2/Home/Runtime/Cache/7ec83dbe9b0a50fbf22731d36a9728b0.php 第 184 行.
NOTIC: [8] Use of undefined constant catid - assumed 'catid' /data/wwwroot/html/bobo2/Home/Runtime/Cache/7ec83dbe9b0a50fbf22731d36a9728b0.php 第 184 行.
NOTIC: [8] Use of undefined constant catid - assumed 'catid' /data/wwwroot/html/bobo2/Home/Runtime/Cache/7ec83dbe9b0a50fbf22731d36a9728b0.php 第 184 行.
NOTIC: [8] Use of undefined constant catid - assumed 'catid' /data/wwwroot/html/bobo2/Home/Runtime/Cache/7ec83dbe9b0a50fbf22731d36a9728b0.php 第 184 行.
NOTIC: [8] Use of undefined constant catid - assumed 'catid' /data/wwwroot/html/bobo2/Home/Runtime/Cache/7ec83dbe9b0a50fbf22731d36a9728b0.php 第 184 行.
NOTIC: [8] Use of undefined constant catid - assumed 'catid' /data/wwwroot/html/bobo2/Home/Runtime/Cache/7ec83dbe9b0a50fbf22731d36a9728b0.php 第 188 行.
NOTIC: [8] Use of undefined constant catid - assumed 'catid' /data/wwwroot/html/bobo2/Home/Runtime/Cache/7ec83dbe9b0a50fbf22731d36a9728b0.php 第 188 行.
NOTIC: [8] Use of undefined constant catid - assumed 'catid' /data/wwwroot/html/bobo2/Home/Runtime/Cache/7ec83dbe9b0a50fbf22731d36a9728b0.php 第 188 行.
NOTIC: [8] Use of undefined constant catid - assumed 'catid' /data/wwwroot/html/bobo2/Home/Runtime/Cache/7ec83dbe9b0a50fbf22731d36a9728b0.php 第 188 行.
NOTIC: [8] Use of undefined constant catid - assumed 'catid' /data/wwwroot/html/bobo2/Home/Runtime/Cache/7ec83dbe9b0a50fbf22731d36a9728b0.php 第 188 行.
NOTIC: [8] Use of undefined constant catid - assumed 'catid' /data/wwwroot/html/bobo2/Home/Runtime/Cache/7ec83dbe9b0a50fbf22731d36a9728b0.php 第 188 行.
NOTIC: [8] Use of undefined constant catid - assumed 'catid' /data/wwwroot/html/bobo2/Home/Runtime/Cache/7ec83dbe9b0a50fbf22731d36a9728b0.php 第 188 行.
NOTIC: [8] Use of undefined constant catid - assumed 'catid' /data/wwwroot/html/bobo2/Home/Runtime/Cache/7ec83dbe9b0a50fbf22731d36a9728b0.php 第 191 行.
NOTIC: [8] Use of undefined constant catid - assumed 'catid' /data/wwwroot/html/bobo2/Home/Runtime/Cache/7ec83dbe9b0a50fbf22731d36a9728b0.php 第 191 行.
NOTIC: [8] Use of undefined constant catid - assumed 'catid' /data/wwwroot/html/bobo2/Home/Runtime/Cache/7ec83dbe9b0a50fbf22731d36a9728b0.php 第 191 行.
NOTIC: [8] Use of undefined constant catid - assumed 'catid' /data/wwwroot/html/bobo2/Home/Runtime/Cache/7ec83dbe9b0a50fbf22731d36a9728b0.php 第 191 行.
NOTIC: [8] Use of undefined constant catid - assumed 'catid' /data/wwwroot/html/bobo2/Home/Runtime/Cache/7ec83dbe9b0a50fbf22731d36a9728b0.php 第 191 行.
NOTIC: [8] Use of undefined constant catid - assumed 'catid' /data/wwwroot/html/bobo2/Home/Runtime/Cache/7ec83dbe9b0a50fbf22731d36a9728b0.php 第 191 行.
NOTIC: [8] Use of undefined constant catid - assumed 'catid' /data/wwwroot/html/bobo2/Home/Runtime/Cache/7ec83dbe9b0a50fbf22731d36a9728b0.php 第 191 行.
NOTIC: [8] Use of undefined constant catid - assumed 'catid' /data/wwwroot/html/bobo2/Home/Runtime/Cache/7ec83dbe9b0a50fbf22731d36a9728b0.php 第 191 行.
NOTIC: [8] Use of undefined constant catid - assumed 'catid' /data/wwwroot/html/bobo2/Home/Runtime/Cache/7ec83dbe9b0a50fbf22731d36a9728b0.php 第 265 行.
NOTIC: [8] Use of undefined constant catid - assumed 'catid' /data/wwwroot/html/bobo2/Home/Runtime/Cache/7ec83dbe9b0a50fbf22731d36a9728b0.php 第 265 行.
NOTIC: [8] Use of undefined constant catid - assumed 'catid' /data/wwwroot/html/bobo2/Home/Runtime/Cache/7ec83dbe9b0a50fbf22731d36a9728b0.php 第 265 行.
NOTIC: [8] Use of undefined constant catid - assumed 'catid' /data/wwwroot/html/bobo2/Home/Runtime/Cache/7ec83dbe9b0a50fbf22731d36a9728b0.php 第 265 行.
NOTIC: [8] Use of undefined constant catid - assumed 'catid' /data/wwwroot/html/bobo2/Home/Runtime/Cache/7ec83dbe9b0a50fbf22731d36a9728b0.php 第 265 行.
NOTIC: [8] Use of undefined constant catid - assumed 'catid' /data/wwwroot/html/bobo2/Home/Runtime/Cache/7ec83dbe9b0a50fbf22731d36a9728b0.php 第 265 行.
NOTIC: [8] Use of undefined constant catid - assumed 'catid' /data/wwwroot/html/bobo2/Home/Runtime/Cache/7ec83dbe9b0a50fbf22731d36a9728b0.php 第 265 行.
NOTIC: [8] Use of undefined constant catid - assumed 'catid' /data/wwwroot/html/bobo2/Home/Runtime/Cache/7ec83dbe9b0a50fbf22731d36a9728b0.php 第 265 行.
NOTIC: [8] Use of undefined constant catid - assumed 'catid' /data/wwwroot/html/bobo2/Home/Runtime/Cache/7ec83dbe9b0a50fbf22731d36a9728b0.php 第 265 行.
NOTIC: [8] Use of undefined constant catid - assumed 'catid' /data/wwwroot/html/bobo2/Home/Runtime/Cache/7ec83dbe9b0a50fbf22731d36a9728b0.php 第 265 行.
NOTIC: [8] Use of undefined constant catid - assumed 'catid' /data/wwwroot/html/bobo2/Home/Runtime/Cache/7ec83dbe9b0a50fbf22731d36a9728b0.php 第 265 行.
NOTIC: [8] Use of undefined constant catid - assumed 'catid' /data/wwwroot/html/bobo2/Home/Runtime/Cache/7ec83dbe9b0a50fbf22731d36a9728b0.php 第 265 行.
NOTIC: [8] Use of undefined constant catid - assumed 'catid' /data/wwwroot/html/bobo2/Home/Runtime/Cache/7ec83dbe9b0a50fbf22731d36a9728b0.php 第 265 行.
NOTIC: [8] Use of undefined constant catid - assumed 'catid' /data/wwwroot/html/bobo2/Home/Runtime/Cache/7ec83dbe9b0a50fbf22731d36a9728b0.php 第 265 行.
NOTIC: [8] Use of undefined constant catid - assumed 'catid' /data/wwwroot/html/bobo2/Home/Runtime/Cache/7ec83dbe9b0a50fbf22731d36a9728b0.php 第 265 行.
NOTIC: [8] Use of undefined constant catid - assumed 'catid' /data/wwwroot/html/bobo2/Home/Runtime/Cache/7ec83dbe9b0a50fbf22731d36a9728b0.php 第 265 行.
NOTIC: [8] Use of undefined constant catid - assumed 'catid' /data/wwwroot/html/bobo2/Home/Runtime/Cache/7ec83dbe9b0a50fbf22731d36a9728b0.php 第 265 行.
NOTIC: [8] Use of undefined constant catid - assumed 'catid' /data/wwwroot/html/bobo2/Home/Runtime/Cache/7ec83dbe9b0a50fbf22731d36a9728b0.php 第 265 行.
NOTIC: [8] Use of undefined constant catid - assumed 'catid' /data/wwwroot/html/bobo2/Home/Runtime/Cache/7ec83dbe9b0a50fbf22731d36a9728b0.php 第 265 行.
NOTIC: [8] Use of undefined constant catid - assumed 'catid' /data/wwwroot/html/bobo2/Home/Runtime/Cache/7ec83dbe9b0a50fbf22731d36a9728b0.php 第 265 行.
NOTIC: [8] Use of undefined constant catid - assumed 'catid' /data/wwwroot/html/bobo2/Home/Runtime/Cache/7ec83dbe9b0a50fbf22731d36a9728b0.php 第 265 行.
NOTIC: [8] Use of undefined constant catid - assumed 'catid' /data/wwwroot/html/bobo2/Home/Runtime/Cache/7ec83dbe9b0a50fbf22731d36a9728b0.php 第 265 行.
NOTIC: [8] Use of undefined constant catid - assumed 'catid' /data/wwwroot/html/bobo2/Home/Runtime/Cache/7ec83dbe9b0a50fbf22731d36a9728b0.php 第 265 行.
NOTIC: [8] Use of undefined constant catid - assumed 'catid' /data/wwwroot/html/bobo2/Home/Runtime/Cache/7ec83dbe9b0a50fbf22731d36a9728b0.php 第 265 行.
NOTIC: [8] Use of undefined constant price_search - assumed 'price_search' /data/wwwroot/html/bobo2/Home/Runtime/Cache/7ec83dbe9b0a50fbf22731d36a9728b0.php 第 281 行.
NOTIC: [8] Undefined index: price_search /data/wwwroot/html/bobo2/Home/Runtime/Cache/7ec83dbe9b0a50fbf22731d36a9728b0.php 第 281 行.
NOTIC: [8] Use of undefined constant texturelist_search - assumed 'texturelist_search' /data/wwwroot/html/bobo2/Home/Runtime/Cache/7ec83dbe9b0a50fbf22731d36a9728b0.php 第 290 行.
NOTIC: [8] Undefined index: texturelist_search /data/wwwroot/html/bobo2/Home/Runtime/Cache/7ec83dbe9b0a50fbf22731d36a9728b0.php 第 290 行.
NOTIC: [8] Use of undefined constant capacity_search - assumed 'capacity_search' /data/wwwroot/html/bobo2/Home/Runtime/Cache/7ec83dbe9b0a50fbf22731d36a9728b0.php 第 298 行.
NOTIC: [8] Undefined index: capacity_search /data/wwwroot/html/bobo2/Home/Runtime/Cache/7ec83dbe9b0a50fbf22731d36a9728b0.php 第 298 行.
NOTIC: [8] Use of undefined constant xqstatus - assumed 'xqstatus' /data/wwwroot/html/bobo2/Home/Runtime/Cache/7ec83dbe9b0a50fbf22731d36a9728b0.php 第 312 行.
NOTIC: [8] Use of undefined constant fmpicurl - assumed 'fmpicurl' /data/wwwroot/html/bobo2/Home/Runtime/Cache/7ec83dbe9b0a50fbf22731d36a9728b0.php 第 318 行.
NOTIC: [8] Use of undefined constant para_list - assumed 'para_list' /data/wwwroot/html/bobo2/Home/Runtime/Cache/7ec83dbe9b0a50fbf22731d36a9728b0.php 第 326 行.
NOTIC: [8] Use of undefined constant para_list - assumed 'para_list' /data/wwwroot/html/bobo2/Home/Runtime/Cache/7ec83dbe9b0a50fbf22731d36a9728b0.php 第 326 行.
NOTIC: [8] A session had already been started - ignoring session_start() /data/wwwroot/html/bobo2/Home/Runtime/Cache/7ec83dbe9b0a50fbf22731d36a9728b0.php 第 329 行.
NOTIC: [8] Undefined index: bobo_pc_user_id /data/wwwroot/html/bobo2/Home/Runtime/Cache/7ec83dbe9b0a50fbf22731d36a9728b0.php 第 329 行.
NOTIC: [8] Use of undefined constant xqstatus - assumed 'xqstatus' /data/wwwroot/html/bobo2/Home/Runtime/Cache/7ec83dbe9b0a50fbf22731d36a9728b0.php 第 312 行.
NOTIC: [8] Use of undefined constant fmpicurl - assumed 'fmpicurl' /data/wwwroot/html/bobo2/Home/Runtime/Cache/7ec83dbe9b0a50fbf22731d36a9728b0.php 第 318 行.
NOTIC: [8] Use of undefined constant para_list - assumed 'para_list' /data/wwwroot/html/bobo2/Home/Runtime/Cache/7ec83dbe9b0a50fbf22731d36a9728b0.php 第 326 行.
NOTIC: [8] Use of undefined constant para_list - assumed 'para_list' /data/wwwroot/html/bobo2/Home/Runtime/Cache/7ec83dbe9b0a50fbf22731d36a9728b0.php 第 326 行.
NOTIC: [8] A session had already been started - ignoring session_start() /data/wwwroot/html/bobo2/Home/Runtime/Cache/7ec83dbe9b0a50fbf22731d36a9728b0.php 第 329 行.
NOTIC: [8] Undefined index: bobo_pc_user_id /data/wwwroot/html/bobo2/Home/Runtime/Cache/7ec83dbe9b0a50fbf22731d36a9728b0.php 第 329 行.
NOTIC: [8] Use of undefined constant xqstatus - assumed 'xqstatus' /data/wwwroot/html/bobo2/Home/Runtime/Cache/7ec83dbe9b0a50fbf22731d36a9728b0.php 第 312 行.
NOTIC: [8] Use of undefined constant fmpicurl - assumed 'fmpicurl' /data/wwwroot/html/bobo2/Home/Runtime/Cache/7ec83dbe9b0a50fbf22731d36a9728b0.php 第 318 行.
NOTIC: [8] Use of undefined constant para_list - assumed 'para_list' /data/wwwroot/html/bobo2/Home/Runtime/Cache/7ec83dbe9b0a50fbf22731d36a9728b0.php 第 326 行.
NOTIC: [8] Use of undefined constant para_list - assumed 'para_list' /data/wwwroot/html/bobo2/Home/Runtime/Cache/7ec83dbe9b0a50fbf22731d36a9728b0.php 第 326 行.
NOTIC: [8] A session had already been started - ignoring session_start() /data/wwwroot/html/bobo2/Home/Runtime/Cache/7ec83dbe9b0a50fbf22731d36a9728b0.php 第 329 行.
NOTIC: [8] Undefined index: bobo_pc_user_id /data/wwwroot/html/bobo2/Home/Runtime/Cache/7ec83dbe9b0a50fbf22731d36a9728b0.php 第 329 行.
NOTIC: [8] Use of undefined constant xqstatus - assumed 'xqstatus' /data/wwwroot/html/bobo2/Home/Runtime/Cache/7ec83dbe9b0a50fbf22731d36a9728b0.php 第 312 行.
NOTIC: [8] Use of undefined constant fmpicurl - assumed 'fmpicurl' /data/wwwroot/html/bobo2/Home/Runtime/Cache/7ec83dbe9b0a50fbf22731d36a9728b0.php 第 318 行.
NOTIC: [8] Use of undefined constant para_list - assumed 'para_list' /data/wwwroot/html/bobo2/Home/Runtime/Cache/7ec83dbe9b0a50fbf22731d36a9728b0.php 第 326 行.
NOTIC: [8] Use of undefined constant para_list - assumed 'para_list' /data/wwwroot/html/bobo2/Home/Runtime/Cache/7ec83dbe9b0a50fbf22731d36a9728b0.php 第 326 行.
NOTIC: [8] A session had already been started - ignoring session_start() /data/wwwroot/html/bobo2/Home/Runtime/Cache/7ec83dbe9b0a50fbf22731d36a9728b0.php 第 329 行.
NOTIC: [8] Undefined index: bobo_pc_user_id /data/wwwroot/html/bobo2/Home/Runtime/Cache/7ec83dbe9b0a50fbf22731d36a9728b0.php 第 329 行.
NOTIC: [8] Use of undefined constant xqstatus - assumed 'xqstatus' /data/wwwroot/html/bobo2/Home/Runtime/Cache/7ec83dbe9b0a50fbf22731d36a9728b0.php 第 312 行.
NOTIC: [8] Use of undefined constant fmpicurl - assumed 'fmpicurl' /data/wwwroot/html/bobo2/Home/Runtime/Cache/7ec83dbe9b0a50fbf22731d36a9728b0.php 第 318 行.
NOTIC: [8] Use of undefined constant para_list - assumed 'para_list' /data/wwwroot/html/bobo2/Home/Runtime/Cache/7ec83dbe9b0a50fbf22731d36a9728b0.php 第 326 行.
NOTIC: [8] Use of undefined constant para_list - assumed 'para_list' /data/wwwroot/html/bobo2/Home/Runtime/Cache/7ec83dbe9b0a50fbf22731d36a9728b0.php 第 326 行.
NOTIC: [8] A session had already been started - ignoring session_start() /data/wwwroot/html/bobo2/Home/Runtime/Cache/7ec83dbe9b0a50fbf22731d36a9728b0.php 第 329 行.
NOTIC: [8] Undefined index: bobo_pc_user_id /data/wwwroot/html/bobo2/Home/Runtime/Cache/7ec83dbe9b0a50fbf22731d36a9728b0.php 第 329 行.
NOTIC: [8] Use of undefined constant xqstatus - assumed 'xqstatus' /data/wwwroot/html/bobo2/Home/Runtime/Cache/7ec83dbe9b0a50fbf22731d36a9728b0.php 第 312 行.
NOTIC: [8] Use of undefined constant fmpicurl - assumed 'fmpicurl' /data/wwwroot/html/bobo2/Home/Runtime/Cache/7ec83dbe9b0a50fbf22731d36a9728b0.php 第 318 行.
NOTIC: [8] Use of undefined constant para_list - assumed 'para_list' /data/wwwroot/html/bobo2/Home/Runtime/Cache/7ec83dbe9b0a50fbf22731d36a9728b0.php 第 326 行.
NOTIC: [8] Use of undefined constant para_list - assumed 'para_list' /data/wwwroot/html/bobo2/Home/Runtime/Cache/7ec83dbe9b0a50fbf22731d36a9728b0.php 第 326 行.
NOTIC: [8] A session had already been started - ignoring session_start() /data/wwwroot/html/bobo2/Home/Runtime/Cache/7ec83dbe9b0a50fbf22731d36a9728b0.php 第 329 行.
NOTIC: [8] Undefined index: bobo_pc_user_id /data/wwwroot/html/bobo2/Home/Runtime/Cache/7ec83dbe9b0a50fbf22731d36a9728b0.php 第 329 行.
NOTIC: [8] Use of undefined constant xqstatus - assumed 'xqstatus' /data/wwwroot/html/bobo2/Home/Runtime/Cache/7ec83dbe9b0a50fbf22731d36a9728b0.php 第 312 行.
NOTIC: [8] Use of undefined constant fmpicurl - assumed 'fmpicurl' /data/wwwroot/html/bobo2/Home/Runtime/Cache/7ec83dbe9b0a50fbf22731d36a9728b0.php 第 318 行.
NOTIC: [8] Use of undefined constant para_list - assumed 'para_list' /data/wwwroot/html/bobo2/Home/Runtime/Cache/7ec83dbe9b0a50fbf22731d36a9728b0.php 第 326 行.
NOTIC: [8] Use of undefined constant para_list - assumed 'para_list' /data/wwwroot/html/bobo2/Home/Runtime/Cache/7ec83dbe9b0a50fbf22731d36a9728b0.php 第 326 行.
NOTIC: [8] A session had already been started - ignoring session_start() /data/wwwroot/html/bobo2/Home/Runtime/Cache/7ec83dbe9b0a50fbf22731d36a9728b0.php 第 329 行.
NOTIC: [8] Undefined index: bobo_pc_user_id /data/wwwroot/html/bobo2/Home/Runtime/Cache/7ec83dbe9b0a50fbf22731d36a9728b0.php 第 329 行.
NOTIC: [8] Use of undefined constant xqstatus - assumed 'xqstatus' /data/wwwroot/html/bobo2/Home/Runtime/Cache/7ec83dbe9b0a50fbf22731d36a9728b0.php 第 312 行.
NOTIC: [8] Use of undefined constant fmpicurl - assumed 'fmpicurl' /data/wwwroot/html/bobo2/Home/Runtime/Cache/7ec83dbe9b0a50fbf22731d36a9728b0.php 第 318 行.
NOTIC: [8] Use of undefined constant para_list - assumed 'para_list' /data/wwwroot/html/bobo2/Home/Runtime/Cache/7ec83dbe9b0a50fbf22731d36a9728b0.php 第 326 行.
NOTIC: [8] Use of undefined constant para_list - assumed 'para_list' /data/wwwroot/html/bobo2/Home/Runtime/Cache/7ec83dbe9b0a50fbf22731d36a9728b0.php 第 326 行.
NOTIC: [8] A session had already been started - ignoring session_start() /data/wwwroot/html/bobo2/Home/Runtime/Cache/7ec83dbe9b0a50fbf22731d36a9728b0.php 第 329 行.
NOTIC: [8] Undefined index: bobo_pc_user_id /data/wwwroot/html/bobo2/Home/Runtime/Cache/7ec83dbe9b0a50fbf22731d36a9728b0.php 第 329 行.
NOTIC: [8] Use of undefined constant xqstatus - assumed 'xqstatus' /data/wwwroot/html/bobo2/Home/Runtime/Cache/7ec83dbe9b0a50fbf22731d36a9728b0.php 第 312 行.
NOTIC: [8] Use of undefined constant fmpicurl - assumed 'fmpicurl' /data/wwwroot/html/bobo2/Home/Runtime/Cache/7ec83dbe9b0a50fbf22731d36a9728b0.php 第 318 行.
NOTIC: [8] Use of undefined constant para_list - assumed 'para_list' /data/wwwroot/html/bobo2/Home/Runtime/Cache/7ec83dbe9b0a50fbf22731d36a9728b0.php 第 326 行.
NOTIC: [8] Use of undefined constant para_list - assumed 'para_list' /data/wwwroot/html/bobo2/Home/Runtime/Cache/7ec83dbe9b0a50fbf22731d36a9728b0.php 第 326 行.
NOTIC: [8] A session had already been started - ignoring session_start() /data/wwwroot/html/bobo2/Home/Runtime/Cache/7ec83dbe9b0a50fbf22731d36a9728b0.php 第 329 行.
NOTIC: [8] Undefined index: bobo_pc_user_id /data/wwwroot/html/bobo2/Home/Runtime/Cache/7ec83dbe9b0a50fbf22731d36a9728b0.php 第 329 行.
NOTIC: [8] Use of undefined constant xqstatus - assumed 'xqstatus' /data/wwwroot/html/bobo2/Home/Runtime/Cache/7ec83dbe9b0a50fbf22731d36a9728b0.php 第 312 行.
NOTIC: [8] Use of undefined constant fmpicurl - assumed 'fmpicurl' /data/wwwroot/html/bobo2/Home/Runtime/Cache/7ec83dbe9b0a50fbf22731d36a9728b0.php 第 318 行.
NOTIC: [8] Use of undefined constant para_list - assumed 'para_list' /data/wwwroot/html/bobo2/Home/Runtime/Cache/7ec83dbe9b0a50fbf22731d36a9728b0.php 第 326 行.
NOTIC: [8] Use of undefined constant para_list - assumed 'para_list' /data/wwwroot/html/bobo2/Home/Runtime/Cache/7ec83dbe9b0a50fbf22731d36a9728b0.php 第 326 行.
NOTIC: [8] A session had already been started - ignoring session_start() /data/wwwroot/html/bobo2/Home/Runtime/Cache/7ec83dbe9b0a50fbf22731d36a9728b0.php 第 329 行.
NOTIC: [8] Undefined index: bobo_pc_user_id /data/wwwroot/html/bobo2/Home/Runtime/Cache/7ec83dbe9b0a50fbf22731d36a9728b0.php 第 329 行.
NOTIC: [8] Use of undefined constant xqstatus - assumed 'xqstatus' /data/wwwroot/html/bobo2/Home/Runtime/Cache/7ec83dbe9b0a50fbf22731d36a9728b0.php 第 312 行.
NOTIC: [8] Use of undefined constant fmpicurl - assumed 'fmpicurl' /data/wwwroot/html/bobo2/Home/Runtime/Cache/7ec83dbe9b0a50fbf22731d36a9728b0.php 第 318 行.
NOTIC: [8] A session had already been started - ignoring session_start() /data/wwwroot/html/bobo2/Home/Runtime/Cache/7ec83dbe9b0a50fbf22731d36a9728b0.php 第 329 行.
NOTIC: [8] Undefined index: bobo_pc_user_id /data/wwwroot/html/bobo2/Home/Runtime/Cache/7ec83dbe9b0a50fbf22731d36a9728b0.php 第 329 行.
NOTIC: [8] Use of undefined constant xqstatus - assumed 'xqstatus' /data/wwwroot/html/bobo2/Home/Runtime/Cache/7ec83dbe9b0a50fbf22731d36a9728b0.php 第 312 行.
NOTIC: [8] Use of undefined constant fmpicurl - assumed 'fmpicurl' /data/wwwroot/html/bobo2/Home/Runtime/Cache/7ec83dbe9b0a50fbf22731d36a9728b0.php 第 318 行.
NOTIC: [8] Use of undefined constant para_list - assumed 'para_list' /data/wwwroot/html/bobo2/Home/Runtime/Cache/7ec83dbe9b0a50fbf22731d36a9728b0.php 第 326 行.
NOTIC: [8] Use of undefined constant para_list - assumed 'para_list' /data/wwwroot/html/bobo2/Home/Runtime/Cache/7ec83dbe9b0a50fbf22731d36a9728b0.php 第 326 行.
NOTIC: [8] A session had already been started - ignoring session_start() /data/wwwroot/html/bobo2/Home/Runtime/Cache/7ec83dbe9b0a50fbf22731d36a9728b0.php 第 329 行.
NOTIC: [8] Undefined index: bobo_pc_user_id /data/wwwroot/html/bobo2/Home/Runtime/Cache/7ec83dbe9b0a50fbf22731d36a9728b0.php 第 329 行.
NOTIC: [8] Use of undefined constant xqstatus - assumed 'xqstatus' /data/wwwroot/html/bobo2/Home/Runtime/Cache/7ec83dbe9b0a50fbf22731d36a9728b0.php 第 312 行.
NOTIC: [8] Use of undefined constant fmpicurl - assumed 'fmpicurl' /data/wwwroot/html/bobo2/Home/Runtime/Cache/7ec83dbe9b0a50fbf22731d36a9728b0.php 第 318 行.
NOTIC: [8] Use of undefined constant para_list - assumed 'para_list' /data/wwwroot/html/bobo2/Home/Runtime/Cache/7ec83dbe9b0a50fbf22731d36a9728b0.php 第 326 行.
NOTIC: [8] Use of undefined constant para_list - assumed 'para_list' /data/wwwroot/html/bobo2/Home/Runtime/Cache/7ec83dbe9b0a50fbf22731d36a9728b0.php 第 326 行.
NOTIC: [8] A session had already been started - ignoring session_start() /data/wwwroot/html/bobo2/Home/Runtime/Cache/7ec83dbe9b0a50fbf22731d36a9728b0.php 第 329 行.
NOTIC: [8] Undefined index: bobo_pc_user_id /data/wwwroot/html/bobo2/Home/Runtime/Cache/7ec83dbe9b0a50fbf22731d36a9728b0.php 第 329 行.
INFO: Run ParseTemplate Behavior [ RunTime:0.059532s ]
INFO: [ view_parse ] --END-- [ RunTime:0.059605s ]
INFO: [ view_filter ] --START--
INFO: Run ContentReplace Behavior [ RunTime:0.000644s ]
INFO: Run TokenBuild Behavior [ RunTime:0.000249s ]
INFO: Run WriteHtmlCache Behavior [ RunTime:0.000156s ]
INFO: Run ShowRuntime Behavior [ RunTime:0.000331s ]
INFO: [ view_filter ] --END-- [ RunTime:0.001528s ]
INFO: [ view_end ] --START--
INFO: Run ShowPageTrace Behavior [ RunTime:0.000392s ]
INFO: [ view_end ] --END-- [ RunTime:0.000437s ]

