[ 2017-02-18T07:04:00+08:00 ] 66.249.79.188 /bobo2/index.php/Report/getAuto
INFO: [ route_check ] --START--
INFO: Run CheckRoute Behavior [ RunTime:0.000506s ]
INFO: [ route_check ] --END-- [ RunTime:0.000601s ]
INFO: [ app_begin ] --START--
INFO: Run ReadHtmlCache Behavior [ RunTime:0.000306s ]
INFO: [ app_begin ] --END-- [ RunTime:0.000354s ]
SQL: SHOW COLUMNS FROM `tp_category` [ RunTime:0.000880s ]
SQL: SHOW COLUMNS FROM `tp_content` [ RunTime:0.000792s ]
SQL: SHOW COLUMNS FROM `tp_page` [ RunTime:0.000561s ]
SQL: SELECT * FROM `tp_page` WHERE ( `catid` = 29 ) LIMIT 1   [ RunTime:0.000307s ]
SQL: SELECT `id`,`catid`,`title`,`headerpic` FROM `tp_content` WHERE ( catid=23 and (status=2 or status=3) ) ORDER BY conorder desc,id desc LIMIT 8   [ RunTime:0.000658s ]
SQL: SELECT `id`,`catid`,`title`,`headerpic` FROM `tp_content` WHERE ( catid=24 and (status=2 or status=3) ) ORDER BY conorder desc,id desc LIMIT 8   [ RunTime:0.000475s ]
SQL: SELECT `id`,`catid`,`title`,`headerpic` FROM `tp_content` WHERE ( catid=25 and (status=2 or status=3) ) ORDER BY conorder desc,id desc LIMIT 8   [ RunTime:0.000470s ]
SQL: SHOW COLUMNS FROM `tp_site` [ RunTime:0.000477s ]
SQL: SELECT * FROM `tp_site` WHERE ( siteid=1 ) LIMIT 1   [ RunTime:0.000269s ]
SQL: SHOW COLUMNS FROM `tp_product` [ RunTime:0.001299s ]
SQL: SELECT a.xqstatus,a.title,a.picurlpc,a.catid,a.id,b.id as ppid FROM tp_product_price b,tp_product a WHERE ( a.posid=1 and a.status=1 and  a.id=b.pid ) ORDER BY a.listorder desc,id desc LIMIT 8   [ RunTime:0.000875s ]
SQL: SHOW COLUMNS FROM `tp_video` [ RunTime:0.000719s ]
SQL: SELECT `vtitle`,`headerpic`,`catid` FROM `tp_video` WHERE ( catid=26 and (status=2 or status=3) ) ORDER BY listorder desc,vid desc LIMIT 8   [ RunTime:0.000335s ]
SQL: SELECT `vtitle`,`headerpic`,`catid` FROM `tp_video` WHERE ( catid=27 and (status=2 or status=3) ) ORDER BY listorder desc,vid desc LIMIT 8   [ RunTime:0.000296s ]
SQL: SELECT `catid`,`catname`,`caturl` FROM `tp_category` WHERE ( `catid` IN ('14','15','16','17','18','19','20','21') ) ORDER BY listorder desc,catid desc  [ RunTime:0.000291s ]
NOTIC: [8] Undefined variable: category_list /data/wwwroot/html/bobo2/Home/Lib/Action/CommonAction.class.php 第 28 行.
NOTIC: [8] Undefined index: catid /data/wwwroot/html/bobo2/Home/Lib/Action/ReportAction.class.php 第 21 行.
NOTIC: [8] Undefined index: page /data/wwwroot/html/bobo2/Home/Lib/Action/ReportAction.class.php 第 22 行.
SQL: SELECT `picurlpc`,`vtitle`,`vurl`,`ftitle` FROM `tp_video` WHERE ( (status=2 or status=3) and catid=0 ) ORDER BY listorder desc,vid desc LIMIT 0,9   [ RunTime:0.000250s ]
NOTIC: [2] Invalid argument supplied for foreach() /data/wwwroot/html/bobo2/Home/Lib/Action/ReportAction.class.php 第 27 行.

[ 2017-02-18T07:08:17+08:00 ] 66.249.77.29 /bobo2/index.php/Content/getAutobd
INFO: [ route_check ] --START--
INFO: Run CheckRoute Behavior [ RunTime:0.000549s ]
INFO: [ route_check ] --END-- [ RunTime:0.000643s ]
INFO: [ app_begin ] --START--
INFO: Run ReadHtmlCache Behavior [ RunTime:0.000390s ]
INFO: [ app_begin ] --END-- [ RunTime:0.000466s ]
SQL: SHOW COLUMNS FROM `tp_category` [ RunTime:0.000777s ]
SQL: SHOW COLUMNS FROM `tp_content` [ RunTime:0.000660s ]
SQL: SHOW COLUMNS FROM `tp_page` [ RunTime:0.000450s ]
SQL: SELECT * FROM `tp_page` WHERE ( `catid` = 29 ) LIMIT 1   [ RunTime:0.000238s ]
SQL: SELECT `id`,`catid`,`title`,`headerpic` FROM `tp_content` WHERE ( catid=23 and (status=2 or status=3) ) ORDER BY conorder desc,id desc LIMIT 8   [ RunTime:0.000635s ]
SQL: SELECT `id`,`catid`,`title`,`headerpic` FROM `tp_content` WHERE ( catid=24 and (status=2 or status=3) ) ORDER BY conorder desc,id desc LIMIT 8   [ RunTime:0.000643s ]
SQL: SELECT `id`,`catid`,`title`,`headerpic` FROM `tp_content` WHERE ( catid=25 and (status=2 or status=3) ) ORDER BY conorder desc,id desc LIMIT 8   [ RunTime:0.000449s ]
SQL: SHOW COLUMNS FROM `tp_site` [ RunTime:0.000421s ]
SQL: SELECT * FROM `tp_site` WHERE ( siteid=1 ) LIMIT 1   [ RunTime:0.000193s ]
SQL: SHOW COLUMNS FROM `tp_product` [ RunTime:0.000695s ]
SQL: SELECT a.xqstatus,a.title,a.picurlpc,a.catid,a.id,b.id as ppid FROM tp_product_price b,tp_product a WHERE ( a.posid=1 and a.status=1 and  a.id=b.pid ) ORDER BY a.listorder desc,id desc LIMIT 8   [ RunTime:0.000777s ]
SQL: SHOW COLUMNS FROM `tp_video` [ RunTime:0.000694s ]
SQL: SELECT `vtitle`,`headerpic`,`catid` FROM `tp_video` WHERE ( catid=26 and (status=2 or status=3) ) ORDER BY listorder desc,vid desc LIMIT 8   [ RunTime:0.000285s ]
SQL: SELECT `vtitle`,`headerpic`,`catid` FROM `tp_video` WHERE ( catid=27 and (status=2 or status=3) ) ORDER BY listorder desc,vid desc LIMIT 8   [ RunTime:0.000329s ]
SQL: SELECT `catid`,`catname`,`caturl` FROM `tp_category` WHERE ( `catid` IN ('14','15','16','17','18','19','20','21') ) ORDER BY listorder desc,catid desc  [ RunTime:0.000256s ]
NOTIC: [8] Undefined variable: category_list /data/wwwroot/html/bobo2/Home/Lib/Action/CommonAction.class.php 第 28 行.
SQL: SHOW COLUMNS FROM `tp_parameter` [ RunTime:0.000544s ]
NOTIC: [8] Undefined index: catid /data/wwwroot/html/bobo2/Home/Lib/Action/ContentAction.class.php 第 110 行.
NOTIC: [8] Undefined index: page /data/wwwroot/html/bobo2/Home/Lib/Action/ContentAction.class.php 第 111 行.
SQL: SELECT `picurlpc`,`catid`,`id` FROM `tp_content` WHERE ( (status=2 or status=3) and catid=0 ) ORDER BY conorder desc,id desc LIMIT 0,6   [ RunTime:0.000488s ]
NOTIC: [2] Invalid argument supplied for foreach() /data/wwwroot/html/bobo2/Home/Lib/Action/ContentAction.class.php 第 116 行.

[ 2017-02-18T08:19:32+08:00 ] 66.249.77.30 /bobo2/index.php/Content/getAutohd
INFO: [ route_check ] --START--
INFO: Run CheckRoute Behavior [ RunTime:0.000577s ]
INFO: [ route_check ] --END-- [ RunTime:0.000647s ]
INFO: [ app_begin ] --START--
INFO: Run ReadHtmlCache Behavior [ RunTime:0.000391s ]
INFO: [ app_begin ] --END-- [ RunTime:0.000446s ]
SQL: SHOW COLUMNS FROM `tp_category` [ RunTime:0.000769s ]
SQL: SHOW COLUMNS FROM `tp_content` [ RunTime:0.000736s ]
SQL: SHOW COLUMNS FROM `tp_page` [ RunTime:0.000517s ]
SQL: SELECT * FROM `tp_page` WHERE ( `catid` = 29 ) LIMIT 1   [ RunTime:0.000270s ]
SQL: SELECT `id`,`catid`,`title`,`headerpic` FROM `tp_content` WHERE ( catid=23 and (status=2 or status=3) ) ORDER BY conorder desc,id desc LIMIT 8   [ RunTime:0.000735s ]
SQL: SELECT `id`,`catid`,`title`,`headerpic` FROM `tp_content` WHERE ( catid=24 and (status=2 or status=3) ) ORDER BY conorder desc,id desc LIMIT 8   [ RunTime:0.000505s ]
SQL: SELECT `id`,`catid`,`title`,`headerpic` FROM `tp_content` WHERE ( catid=25 and (status=2 or status=3) ) ORDER BY conorder desc,id desc LIMIT 8   [ RunTime:0.000452s ]
SQL: SHOW COLUMNS FROM `tp_site` [ RunTime:0.000558s ]
SQL: SELECT * FROM `tp_site` WHERE ( siteid=1 ) LIMIT 1   [ RunTime:0.000209s ]
SQL: SHOW COLUMNS FROM `tp_product` [ RunTime:0.000916s ]
SQL: SELECT a.xqstatus,a.title,a.picurlpc,a.catid,a.id,b.id as ppid FROM tp_product_price b,tp_product a WHERE ( a.posid=1 and a.status=1 and  a.id=b.pid ) ORDER BY a.listorder desc,id desc LIMIT 8   [ RunTime:0.000923s ]
SQL: SHOW COLUMNS FROM `tp_video` [ RunTime:0.000693s ]
SQL: SELECT `vtitle`,`headerpic`,`catid` FROM `tp_video` WHERE ( catid=26 and (status=2 or status=3) ) ORDER BY listorder desc,vid desc LIMIT 8   [ RunTime:0.000329s ]
SQL: SELECT `vtitle`,`headerpic`,`catid` FROM `tp_video` WHERE ( catid=27 and (status=2 or status=3) ) ORDER BY listorder desc,vid desc LIMIT 8   [ RunTime:0.000311s ]
SQL: SELECT `catid`,`catname`,`caturl` FROM `tp_category` WHERE ( `catid` IN ('14','15','16','17','18','19','20','21') ) ORDER BY listorder desc,catid desc  [ RunTime:0.000308s ]
NOTIC: [8] Undefined variable: category_list /data/wwwroot/html/bobo2/Home/Lib/Action/CommonAction.class.php 第 28 行.
SQL: SHOW COLUMNS FROM `tp_parameter` [ RunTime:0.000479s ]
NOTIC: [8] Undefined index: catid /data/wwwroot/html/bobo2/Home/Lib/Action/ContentAction.class.php 第 125 行.
NOTIC: [8] Undefined index: page /data/wwwroot/html/bobo2/Home/Lib/Action/ContentAction.class.php 第 126 行.
SQL: SELECT `title`,`description`,`picurlpc`,`catid`,`id` FROM `tp_content` WHERE ( (status=2 or status=3) and catid=0 ) ORDER BY conorder desc,id desc LIMIT 0,6   [ RunTime:0.000461s ]
NOTIC: [2] Invalid argument supplied for foreach() /data/wwwroot/html/bobo2/Home/Lib/Action/ContentAction.class.php 第 131 行.

[ 2017-02-18T18:40:00+08:00 ] 123.125.71.34 /bobo2/index.php/Index/about/catid/29
INFO: [ route_check ] --START--
INFO: Run CheckRoute Behavior [ RunTime:0.000486s ]
INFO: [ route_check ] --END-- [ RunTime:0.000556s ]
INFO: [ app_begin ] --START--
INFO: Run ReadHtmlCache Behavior [ RunTime:0.000392s ]
INFO: [ app_begin ] --END-- [ RunTime:0.000455s ]
SQL: SHOW COLUMNS FROM `tp_page` [ RunTime:0.000767s ]
SQL: SHOW COLUMNS FROM `tp_index_picture` [ RunTime:0.000611s ]
SQL: SHOW COLUMNS FROM `tp_category` [ RunTime:0.000761s ]
SQL: SHOW COLUMNS FROM `tp_content` [ RunTime:0.000810s ]
SQL: SELECT * FROM `tp_page` WHERE ( `catid` = 29 ) LIMIT 1   [ RunTime:0.000241s ]
SQL: SELECT `id`,`catid`,`title`,`headerpic` FROM `tp_content` WHERE ( catid=23 and (status=2 or status=3) ) ORDER BY conorder desc,id desc LIMIT 8   [ RunTime:0.000708s ]
SQL: SELECT `id`,`catid`,`title`,`headerpic` FROM `tp_content` WHERE ( catid=24 and (status=2 or status=3) ) ORDER BY conorder desc,id desc LIMIT 8   [ RunTime:0.000500s ]
SQL: SELECT `id`,`catid`,`title`,`headerpic` FROM `tp_content` WHERE ( catid=25 and (status=2 or status=3) ) ORDER BY conorder desc,id desc LIMIT 8   [ RunTime:0.000516s ]
SQL: SHOW COLUMNS FROM `tp_site` [ RunTime:0.000540s ]
SQL: SELECT * FROM `tp_site` WHERE ( siteid=1 ) LIMIT 1   [ RunTime:0.000184s ]
SQL: SHOW COLUMNS FROM `tp_product` [ RunTime:0.000736s ]
SQL: SELECT a.xqstatus,a.title,a.picurlpc,a.catid,a.id,b.id as ppid FROM tp_product_price b,tp_product a WHERE ( a.posid=1 and a.status=1 and  a.id=b.pid ) ORDER BY a.listorder desc,id desc LIMIT 8   [ RunTime:0.000966s ]
SQL: SHOW COLUMNS FROM `tp_video` [ RunTime:0.000804s ]
SQL: SELECT `vtitle`,`headerpic`,`catid` FROM `tp_video` WHERE ( catid=26 and (status=2 or status=3) ) ORDER BY listorder desc,vid desc LIMIT 8   [ RunTime:0.000296s ]
SQL: SELECT `vtitle`,`headerpic`,`catid` FROM `tp_video` WHERE ( catid=27 and (status=2 or status=3) ) ORDER BY listorder desc,vid desc LIMIT 8   [ RunTime:0.000311s ]
SQL: SELECT `catid`,`catname`,`caturl` FROM `tp_category` WHERE ( `catid` IN ('14','15','16','17','18','19','20','21') ) ORDER BY listorder desc,catid desc  [ RunTime:0.000264s ]
NOTIC: [8] Undefined variable: category_list /data/wwwroot/html/bobo2/Home/Lib/Action/CommonAction.class.php 第 28 行.
SQL: SELECT `content` FROM `tp_page` WHERE ( catid=29 ) LIMIT 1   [ RunTime:0.000167s ]
INFO: [ view_template ] --START--
INFO: Run LocationTemplate Behavior [ RunTime:0.000260s ]
INFO: [ view_template ] --END-- [ RunTime:0.000320s ]
INFO: [ view_parse ] --START--
NOTIC: [8] A session had already been started - ignoring session_start() /data/wwwroot/html/bobo2/Home/Runtime/Cache/84eb6ba4be95c3ce5075ff71caefd633.php 第 78 行.
NOTIC: [8] Undefined index: bobo_pc_user_id /data/wwwroot/html/bobo2/Home/Runtime/Cache/84eb6ba4be95c3ce5075ff71caefd633.php 第 78 行.
NOTIC: [8] Undefined index: bobo_pc_user_id /data/wwwroot/html/bobo2/Home/Runtime/Cache/84eb6ba4be95c3ce5075ff71caefd633.php 第 85 行.
NOTIC: [8] Undefined index: bobo_pc_user_name /data/wwwroot/html/bobo2/Home/Runtime/Cache/84eb6ba4be95c3ce5075ff71caefd633.php 第 85 行.
NOTIC: [8] Undefined variable: k /data/wwwroot/html/bobo2/Home/Runtime/Cache/84eb6ba4be95c3ce5075ff71caefd633.php 第 112 行.
NOTIC: [8] Use of undefined constant catid - assumed 'catid' /data/wwwroot/html/bobo2/Home/Runtime/Cache/84eb6ba4be95c3ce5075ff71caefd633.php 第 115 行.
NOTIC: [8] Use of undefined constant id - assumed 'id' /data/wwwroot/html/bobo2/Home/Runtime/Cache/84eb6ba4be95c3ce5075ff71caefd633.php 第 115 行.
NOTIC: [8] Use of undefined constant catid - assumed 'catid' /data/wwwroot/html/bobo2/Home/Runtime/Cache/84eb6ba4be95c3ce5075ff71caefd633.php 第 115 行.
NOTIC: [8] Use of undefined constant id - assumed 'id' /data/wwwroot/html/bobo2/Home/Runtime/Cache/84eb6ba4be95c3ce5075ff71caefd633.php 第 115 行.
NOTIC: [8] Use of undefined constant catid - assumed 'catid' /data/wwwroot/html/bobo2/Home/Runtime/Cache/84eb6ba4be95c3ce5075ff71caefd633.php 第 115 行.
NOTIC: [8] Use of undefined constant id - assumed 'id' /data/wwwroot/html/bobo2/Home/Runtime/Cache/84eb6ba4be95c3ce5075ff71caefd633.php 第 115 行.
NOTIC: [8] Use of undefined constant catid - assumed 'catid' /data/wwwroot/html/bobo2/Home/Runtime/Cache/84eb6ba4be95c3ce5075ff71caefd633.php 第 115 行.
NOTIC: [8] Use of undefined constant id - assumed 'id' /data/wwwroot/html/bobo2/Home/Runtime/Cache/84eb6ba4be95c3ce5075ff71caefd633.php 第 115 行.
NOTIC: [8] Use of undefined constant catid - assumed 'catid' /data/wwwroot/html/bobo2/Home/Runtime/Cache/84eb6ba4be95c3ce5075ff71caefd633.php 第 115 行.
NOTIC: [8] Use of undefined constant id - assumed 'id' /data/wwwroot/html/bobo2/Home/Runtime/Cache/84eb6ba4be95c3ce5075ff71caefd633.php 第 115 行.
NOTIC: [8] Use of undefined constant catid - assumed 'catid' /data/wwwroot/html/bobo2/Home/Runtime/Cache/84eb6ba4be95c3ce5075ff71caefd633.php 第 115 行.
NOTIC: [8] Use of undefined constant id - assumed 'id' /data/wwwroot/html/bobo2/Home/Runtime/Cache/84eb6ba4be95c3ce5075ff71caefd633.php 第 115 行.
NOTIC: [8] Use of undefined constant catid - assumed 'catid' /data/wwwroot/html/bobo2/Home/Runtime/Cache/84eb6ba4be95c3ce5075ff71caefd633.php 第 115 行.
NOTIC: [8] Use of undefined constant id - assumed 'id' /data/wwwroot/html/bobo2/Home/Runtime/Cache/84eb6ba4be95c3ce5075ff71caefd633.php 第 115 行.
NOTIC: [8] Use of undefined constant catid - assumed 'catid' /data/wwwroot/html/bobo2/Home/Runtime/Cache/84eb6ba4be95c3ce5075ff71caefd633.php 第 115 行.
NOTIC: [8] Use of undefined constant id - assumed 'id' /data/wwwroot/html/bobo2/Home/Runtime/Cache/84eb6ba4be95c3ce5075ff71caefd633.php 第 115 行.
NOTIC: [8] Use of undefined constant catid - assumed 'catid' /data/wwwroot/html/bobo2/Home/Runtime/Cache/84eb6ba4be95c3ce5075ff71caefd633.php 第 118 行.
NOTIC: [8] Use of undefined constant id - assumed 'id' /data/wwwroot/html/bobo2/Home/Runtime/Cache/84eb6ba4be95c3ce5075ff71caefd633.php 第 118 行.
NOTIC: [8] Use of undefined constant catid - assumed 'catid' /data/wwwroot/html/bobo2/Home/Runtime/Cache/84eb6ba4be95c3ce5075ff71caefd633.php 第 118 行.
NOTIC: [8] Use of undefined constant id - assumed 'id' /data/wwwroot/html/bobo2/Home/Runtime/Cache/84eb6ba4be95c3ce5075ff71caefd633.php 第 118 行.
NOTIC: [8] Use of undefined constant catid - assumed 'catid' /data/wwwroot/html/bobo2/Home/Runtime/Cache/84eb6ba4be95c3ce5075ff71caefd633.php 第 118 行.
NOTIC: [8] Use of undefined constant id - assumed 'id' /data/wwwroot/html/bobo2/Home/Runtime/Cache/84eb6ba4be95c3ce5075ff71caefd633.php 第 118 行.
NOTIC: [8] Use of undefined constant catid - assumed 'catid' /data/wwwroot/html/bobo2/Home/Runtime/Cache/84eb6ba4be95c3ce5075ff71caefd633.php 第 118 行.
NOTIC: [8] Use of undefined constant id - assumed 'id' /data/wwwroot/html/bobo2/Home/Runtime/Cache/84eb6ba4be95c3ce5075ff71caefd633.php 第 118 行.
NOTIC: [8] Use of undefined constant catid - assumed 'catid' /data/wwwroot/html/bobo2/Home/Runtime/Cache/84eb6ba4be95c3ce5075ff71caefd633.php 第 121 行.
NOTIC: [8] Use of undefined constant id - assumed 'id' /data/wwwroot/html/bobo2/Home/Runtime/Cache/84eb6ba4be95c3ce5075ff71caefd633.php 第 121 行.
NOTIC: [8] Use of undefined constant catid - assumed 'catid' /data/wwwroot/html/bobo2/Home/Runtime/Cache/84eb6ba4be95c3ce5075ff71caefd633.php 第 121 行.
NOTIC: [8] Use of undefined constant id - assumed 'id' /data/wwwroot/html/bobo2/Home/Runtime/Cache/84eb6ba4be95c3ce5075ff71caefd633.php 第 121 行.
NOTIC: [8] Use of undefined constant catid - assumed 'catid' /data/wwwroot/html/bobo2/Home/Runtime/Cache/84eb6ba4be95c3ce5075ff71caefd633.php 第 146 行.
NOTIC: [8] Use of undefined constant id - assumed 'id' /data/wwwroot/html/bobo2/Home/Runtime/Cache/84eb6ba4be95c3ce5075ff71caefd633.php 第 146 行.
NOTIC: [8] Use of undefined constant ppid - assumed 'ppid' /data/wwwroot/html/bobo2/Home/Runtime/Cache/84eb6ba4be95c3ce5075ff71caefd633.php 第 146 行.
NOTIC: [8] Use of undefined constant catid - assumed 'catid' /data/wwwroot/html/bobo2/Home/Runtime/Cache/84eb6ba4be95c3ce5075ff71caefd633.php 第 146 行.
NOTIC: [8] Use of undefined constant id - assumed 'id' /data/wwwroot/html/bobo2/Home/Runtime/Cache/84eb6ba4be95c3ce5075ff71caefd633.php 第 146 行.
NOTIC: [8] Use of undefined constant ppid - assumed 'ppid' /data/wwwroot/html/bobo2/Home/Runtime/Cache/84eb6ba4be95c3ce5075ff71caefd633.php 第 146 行.
NOTIC: [8] Use of undefined constant catid - assumed 'catid' /data/wwwroot/html/bobo2/Home/Runtime/Cache/84eb6ba4be95c3ce5075ff71caefd633.php 第 146 行.
NOTIC: [8] Use of undefined constant id - assumed 'id' /data/wwwroot/html/bobo2/Home/Runtime/Cache/84eb6ba4be95c3ce5075ff71caefd633.php 第 146 行.
NOTIC: [8] Use of undefined constant ppid - assumed 'ppid' /data/wwwroot/html/bobo2/Home/Runtime/Cache/84eb6ba4be95c3ce5075ff71caefd633.php 第 146 行.
NOTIC: [8] Use of undefined constant catid - assumed 'catid' /data/wwwroot/html/bobo2/Home/Runtime/Cache/84eb6ba4be95c3ce5075ff71caefd633.php 第 146 行.
NOTIC: [8] Use of undefined constant id - assumed 'id' /data/wwwroot/html/bobo2/Home/Runtime/Cache/84eb6ba4be95c3ce5075ff71caefd633.php 第 146 行.
NOTIC: [8] Use of undefined constant ppid - assumed 'ppid' /data/wwwroot/html/bobo2/Home/Runtime/Cache/84eb6ba4be95c3ce5075ff71caefd633.php 第 146 行.
NOTIC: [8] Use of undefined constant catid - assumed 'catid' /data/wwwroot/html/bobo2/Home/Runtime/Cache/84eb6ba4be95c3ce5075ff71caefd633.php 第 146 行.
NOTIC: [8] Use of undefined constant id - assumed 'id' /data/wwwroot/html/bobo2/Home/Runtime/Cache/84eb6ba4be95c3ce5075ff71caefd633.php 第 146 行.
NOTIC: [8] Use of undefined constant ppid - assumed 'ppid' /data/wwwroot/html/bobo2/Home/Runtime/Cache/84eb6ba4be95c3ce5075ff71caefd633.php 第 146 行.
NOTIC: [8] Use of undefined constant catid - assumed 'catid' /data/wwwroot/html/bobo2/Home/Runtime/Cache/84eb6ba4be95c3ce5075ff71caefd633.php 第 146 行.
NOTIC: [8] Use of undefined constant id - assumed 'id' /data/wwwroot/html/bobo2/Home/Runtime/Cache/84eb6ba4be95c3ce5075ff71caefd633.php 第 146 行.
NOTIC: [8] Use of undefined constant ppid - assumed 'ppid' /data/wwwroot/html/bobo2/Home/Runtime/Cache/84eb6ba4be95c3ce5075ff71caefd633.php 第 146 行.
NOTIC: [8] Use of undefined constant catid - assumed 'catid' /data/wwwroot/html/bobo2/Home/Runtime/Cache/84eb6ba4be95c3ce5075ff71caefd633.php 第 146 行.
NOTIC: [8] Use of undefined constant id - assumed 'id' /data/wwwroot/html/bobo2/Home/Runtime/Cache/84eb6ba4be95c3ce5075ff71caefd633.php 第 146 行.
NOTIC: [8] Use of undefined constant ppid - assumed 'ppid' /data/wwwroot/html/bobo2/Home/Runtime/Cache/84eb6ba4be95c3ce5075ff71caefd633.php 第 146 行.
NOTIC: [8] Use of undefined constant catid - assumed 'catid' /data/wwwroot/html/bobo2/Home/Runtime/Cache/84eb6ba4be95c3ce5075ff71caefd633.php 第 146 行.
NOTIC: [8] Use of undefined constant id - assumed 'id' /data/wwwroot/html/bobo2/Home/Runtime/Cache/84eb6ba4be95c3ce5075ff71caefd633.php 第 146 行.
NOTIC: [8] Use of undefined constant ppid - assumed 'ppid' /data/wwwroot/html/bobo2/Home/Runtime/Cache/84eb6ba4be95c3ce5075ff71caefd633.php 第 146 行.
NOTIC: [8] Use of undefined constant catid - assumed 'catid' /data/wwwroot/html/bobo2/Home/Runtime/Cache/84eb6ba4be95c3ce5075ff71caefd633.php 第 150 行.
NOTIC: [8] Use of undefined constant catid - assumed 'catid' /data/wwwroot/html/bobo2/Home/Runtime/Cache/84eb6ba4be95c3ce5075ff71caefd633.php 第 150 行.
NOTIC: [8] Use of undefined constant catid - assumed 'catid' /data/wwwroot/html/bobo2/Home/Runtime/Cache/84eb6ba4be95c3ce5075ff71caefd633.php 第 150 行.
NOTIC: [8] Use of undefined constant catid - assumed 'catid' /data/wwwroot/html/bobo2/Home/Runtime/Cache/84eb6ba4be95c3ce5075ff71caefd633.php 第 150 行.
NOTIC: [8] Use of undefined constant catid - assumed 'catid' /data/wwwroot/html/bobo2/Home/Runtime/Cache/84eb6ba4be95c3ce5075ff71caefd633.php 第 150 行.
NOTIC: [8] Use of undefined constant catid - assumed 'catid' /data/wwwroot/html/bobo2/Home/Runtime/Cache/84eb6ba4be95c3ce5075ff71caefd633.php 第 150 行.
NOTIC: [8] Use of undefined constant catid - assumed 'catid' /data/wwwroot/html/bobo2/Home/Runtime/Cache/84eb6ba4be95c3ce5075ff71caefd633.php 第 150 行.
NOTIC: [8] Use of undefined constant catid - assumed 'catid' /data/wwwroot/html/bobo2/Home/Runtime/Cache/84eb6ba4be95c3ce5075ff71caefd633.php 第 150 行.
NOTIC: [8] Use of undefined constant catid - assumed 'catid' /data/wwwroot/html/bobo2/Home/Runtime/Cache/84eb6ba4be95c3ce5075ff71caefd633.php 第 154 行.
NOTIC: [8] Use of undefined constant catid - assumed 'catid' /data/wwwroot/html/bobo2/Home/Runtime/Cache/84eb6ba4be95c3ce5075ff71caefd633.php 第 154 行.
NOTIC: [8] Use of undefined constant catid - assumed 'catid' /data/wwwroot/html/bobo2/Home/Runtime/Cache/84eb6ba4be95c3ce5075ff71caefd633.php 第 154 行.
NOTIC: [8] Use of undefined constant catid - assumed 'catid' /data/wwwroot/html/bobo2/Home/Runtime/Cache/84eb6ba4be95c3ce5075ff71caefd633.php 第 154 行.
NOTIC: [8] Use of undefined constant catid - assumed 'catid' /data/wwwroot/html/bobo2/Home/Runtime/Cache/84eb6ba4be95c3ce5075ff71caefd633.php 第 154 行.
NOTIC: [8] Use of undefined constant catid - assumed 'catid' /data/wwwroot/html/bobo2/Home/Runtime/Cache/84eb6ba4be95c3ce5075ff71caefd633.php 第 154 行.
NOTIC: [8] Use of undefined constant catid - assumed 'catid' /data/wwwroot/html/bobo2/Home/Runtime/Cache/84eb6ba4be95c3ce5075ff71caefd633.php 第 154 行.
NOTIC: [8] Use of undefined constant catid - assumed 'catid' /data/wwwroot/html/bobo2/Home/Runtime/Cache/84eb6ba4be95c3ce5075ff71caefd633.php 第 157 行.
NOTIC: [8] Use of undefined constant catid - assumed 'catid' /data/wwwroot/html/bobo2/Home/Runtime/Cache/84eb6ba4be95c3ce5075ff71caefd633.php 第 157 行.
NOTIC: [8] Use of undefined constant catid - assumed 'catid' /data/wwwroot/html/bobo2/Home/Runtime/Cache/84eb6ba4be95c3ce5075ff71caefd633.php 第 157 行.
NOTIC: [8] Use of undefined constant catid - assumed 'catid' /data/wwwroot/html/bobo2/Home/Runtime/Cache/84eb6ba4be95c3ce5075ff71caefd633.php 第 157 行.
NOTIC: [8] Use of undefined constant catid - assumed 'catid' /data/wwwroot/html/bobo2/Home/Runtime/Cache/84eb6ba4be95c3ce5075ff71caefd633.php 第 157 行.
NOTIC: [8] Use of undefined constant catid - assumed 'catid' /data/wwwroot/html/bobo2/Home/Runtime/Cache/84eb6ba4be95c3ce5075ff71caefd633.php 第 157 行.
NOTIC: [8] Use of undefined constant catid - assumed 'catid' /data/wwwroot/html/bobo2/Home/Runtime/Cache/84eb6ba4be95c3ce5075ff71caefd633.php 第 157 行.
NOTIC: [8] Use of undefined constant catid - assumed 'catid' /data/wwwroot/html/bobo2/Home/Runtime/Cache/84eb6ba4be95c3ce5075ff71caefd633.php 第 157 行.
NOTIC: [8] Use of undefined constant catid - assumed 'catid' /data/wwwroot/html/bobo2/Home/Runtime/Cache/84eb6ba4be95c3ce5075ff71caefd633.php 第 180 行.
NOTIC: [8] Use of undefined constant id - assumed 'id' /data/wwwroot/html/bobo2/Home/Runtime/Cache/84eb6ba4be95c3ce5075ff71caefd633.php 第 180 行.
NOTIC: [8] Use of undefined constant ppid - assumed 'ppid' /data/wwwroot/html/bobo2/Home/Runtime/Cache/84eb6ba4be95c3ce5075ff71caefd633.php 第 180 行.
NOTIC: [8] Use of undefined constant catid - assumed 'catid' /data/wwwroot/html/bobo2/Home/Runtime/Cache/84eb6ba4be95c3ce5075ff71caefd633.php 第 180 行.
NOTIC: [8] Use of undefined constant id - assumed 'id' /data/wwwroot/html/bobo2/Home/Runtime/Cache/84eb6ba4be95c3ce5075ff71caefd633.php 第 180 行.
NOTIC: [8] Use of undefined constant ppid - assumed 'ppid' /data/wwwroot/html/bobo2/Home/Runtime/Cache/84eb6ba4be95c3ce5075ff71caefd633.php 第 180 行.
NOTIC: [8] Use of undefined constant catid - assumed 'catid' /data/wwwroot/html/bobo2/Home/Runtime/Cache/84eb6ba4be95c3ce5075ff71caefd633.php 第 180 行.
NOTIC: [8] Use of undefined constant id - assumed 'id' /data/wwwroot/html/bobo2/Home/Runtime/Cache/84eb6ba4be95c3ce5075ff71caefd633.php 第 180 行.
NOTIC: [8] Use of undefined constant ppid - assumed 'ppid' /data/wwwroot/html/bobo2/Home/Runtime/Cache/84eb6ba4be95c3ce5075ff71caefd633.php 第 180 行.
NOTIC: [8] Use of undefined constant catid - assumed 'catid' /data/wwwroot/html/bobo2/Home/Runtime/Cache/84eb6ba4be95c3ce5075ff71caefd633.php 第 180 行.
NOTIC: [8] Use of undefined constant id - assumed 'id' /data/wwwroot/html/bobo2/Home/Runtime/Cache/84eb6ba4be95c3ce5075ff71caefd633.php 第 180 行.
NOTIC: [8] Use of undefined constant ppid - assumed 'ppid' /data/wwwroot/html/bobo2/Home/Runtime/Cache/84eb6ba4be95c3ce5075ff71caefd633.php 第 180 行.
NOTIC: [8] Use of undefined constant catid - assumed 'catid' /data/wwwroot/html/bobo2/Home/Runtime/Cache/84eb6ba4be95c3ce5075ff71caefd633.php 第 180 行.
NOTIC: [8] Use of undefined constant id - assumed 'id' /data/wwwroot/html/bobo2/Home/Runtime/Cache/84eb6ba4be95c3ce5075ff71caefd633.php 第 180 行.
NOTIC: [8] Use of undefined constant ppid - assumed 'ppid' /data/wwwroot/html/bobo2/Home/Runtime/Cache/84eb6ba4be95c3ce5075ff71caefd633.php 第 180 行.
NOTIC: [8] Use of undefined constant catid - assumed 'catid' /data/wwwroot/html/bobo2/Home/Runtime/Cache/84eb6ba4be95c3ce5075ff71caefd633.php 第 180 行.
NOTIC: [8] Use of undefined constant id - assumed 'id' /data/wwwroot/html/bobo2/Home/Runtime/Cache/84eb6ba4be95c3ce5075ff71caefd633.php 第 180 行.
NOTIC: [8] Use of undefined constant ppid - assumed 'ppid' /data/wwwroot/html/bobo2/Home/Runtime/Cache/84eb6ba4be95c3ce5075ff71caefd633.php 第 180 行.
NOTIC: [8] Use of undefined constant catid - assumed 'catid' /data/wwwroot/html/bobo2/Home/Runtime/Cache/84eb6ba4be95c3ce5075ff71caefd633.php 第 180 行.
NOTIC: [8] Use of undefined constant id - assumed 'id' /data/wwwroot/html/bobo2/Home/Runtime/Cache/84eb6ba4be95c3ce5075ff71caefd633.php 第 180 行.
NOTIC: [8] Use of undefined constant ppid - assumed 'ppid' /data/wwwroot/html/bobo2/Home/Runtime/Cache/84eb6ba4be95c3ce5075ff71caefd633.php 第 180 行.
NOTIC: [8] Use of undefined constant catid - assumed 'catid' /data/wwwroot/html/bobo2/Home/Runtime/Cache/84eb6ba4be95c3ce5075ff71caefd633.php 第 180 行.
NOTIC: [8] Use of undefined constant id - assumed 'id' /data/wwwroot/html/bobo2/Home/Runtime/Cache/84eb6ba4be95c3ce5075ff71caefd633.php 第 180 行.
NOTIC: [8] Use of undefined constant ppid - assumed 'ppid' /data/wwwroot/html/bobo2/Home/Runtime/Cache/84eb6ba4be95c3ce5075ff71caefd633.php 第 180 行.
NOTIC: [8] Use of undefined constant catid - assumed 'catid' /data/wwwroot/html/bobo2/Home/Runtime/Cache/84eb6ba4be95c3ce5075ff71caefd633.php 第 184 行.
NOTIC: [8] Use of undefined constant catid - assumed 'catid' /data/wwwroot/html/bobo2/Home/Runtime/Cache/84eb6ba4be95c3ce5075ff71caefd633.php 第 184 行.
NOTIC: [8] Use of undefined constant catid - assumed 'catid' /data/wwwroot/html/bobo2/Home/Runtime/Cache/84eb6ba4be95c3ce5075ff71caefd633.php 第 184 行.
NOTIC: [8] Use of undefined constant catid - assumed 'catid' /data/wwwroot/html/bobo2/Home/Runtime/Cache/84eb6ba4be95c3ce5075ff71caefd633.php 第 184 行.
NOTIC: [8] Use of undefined constant catid - assumed 'catid' /data/wwwroot/html/bobo2/Home/Runtime/Cache/84eb6ba4be95c3ce5075ff71caefd633.php 第 184 行.
NOTIC: [8] Use of undefined constant catid - assumed 'catid' /data/wwwroot/html/bobo2/Home/Runtime/Cache/84eb6ba4be95c3ce5075ff71caefd633.php 第 184 行.
NOTIC: [8] Use of undefined constant catid - assumed 'catid' /data/wwwroot/html/bobo2/Home/Runtime/Cache/84eb6ba4be95c3ce5075ff71caefd633.php 第 184 行.
NOTIC: [8] Use of undefined constant catid - assumed 'catid' /data/wwwroot/html/bobo2/Home/Runtime/Cache/84eb6ba4be95c3ce5075ff71caefd633.php 第 184 行.
NOTIC: [8] Use of undefined constant catid - assumed 'catid' /data/wwwroot/html/bobo2/Home/Runtime/Cache/84eb6ba4be95c3ce5075ff71caefd633.php 第 188 行.
NOTIC: [8] Use of undefined constant catid - assumed 'catid' /data/wwwroot/html/bobo2/Home/Runtime/Cache/84eb6ba4be95c3ce5075ff71caefd633.php 第 188 行.
NOTIC: [8] Use of undefined constant catid - assumed 'catid' /data/wwwroot/html/bobo2/Home/Runtime/Cache/84eb6ba4be95c3ce5075ff71caefd633.php 第 188 行.
NOTIC: [8] Use of undefined constant catid - assumed 'catid' /data/wwwroot/html/bobo2/Home/Runtime/Cache/84eb6ba4be95c3ce5075ff71caefd633.php 第 188 行.
NOTIC: [8] Use of undefined constant catid - assumed 'catid' /data/wwwroot/html/bobo2/Home/Runtime/Cache/84eb6ba4be95c3ce5075ff71caefd633.php 第 188 行.
NOTIC: [8] Use of undefined constant catid - assumed 'catid' /data/wwwroot/html/bobo2/Home/Runtime/Cache/84eb6ba4be95c3ce5075ff71caefd633.php 第 188 行.
NOTIC: [8] Use of undefined constant catid - assumed 'catid' /data/wwwroot/html/bobo2/Home/Runtime/Cache/84eb6ba4be95c3ce5075ff71caefd633.php 第 188 行.
NOTIC: [8] Use of undefined constant catid - assumed 'catid' /data/wwwroot/html/bobo2/Home/Runtime/Cache/84eb6ba4be95c3ce5075ff71caefd633.php 第 191 行.
NOTIC: [8] Use of undefined constant catid - assumed 'catid' /data/wwwroot/html/bobo2/Home/Runtime/Cache/84eb6ba4be95c3ce5075ff71caefd633.php 第 191 行.
NOTIC: [8] Use of undefined constant catid - assumed 'catid' /data/wwwroot/html/bobo2/Home/Runtime/Cache/84eb6ba4be95c3ce5075ff71caefd633.php 第 191 行.
NOTIC: [8] Use of undefined constant catid - assumed 'catid' /data/wwwroot/html/bobo2/Home/Runtime/Cache/84eb6ba4be95c3ce5075ff71caefd633.php 第 191 行.
NOTIC: [8] Use of undefined constant catid - assumed 'catid' /data/wwwroot/html/bobo2/Home/Runtime/Cache/84eb6ba4be95c3ce5075ff71caefd633.php 第 191 行.
NOTIC: [8] Use of undefined constant catid - assumed 'catid' /data/wwwroot/html/bobo2/Home/Runtime/Cache/84eb6ba4be95c3ce5075ff71caefd633.php 第 191 行.
NOTIC: [8] Use of undefined constant catid - assumed 'catid' /data/wwwroot/html/bobo2/Home/Runtime/Cache/84eb6ba4be95c3ce5075ff71caefd633.php 第 191 行.
NOTIC: [8] Use of undefined constant catid - assumed 'catid' /data/wwwroot/html/bobo2/Home/Runtime/Cache/84eb6ba4be95c3ce5075ff71caefd633.php 第 191 行.
INFO: Run ParseTemplate Behavior [ RunTime:0.030276s ]
INFO: [ view_parse ] --END-- [ RunTime:0.030321s ]
INFO: [ view_filter ] --START--
INFO: Run ContentReplace Behavior [ RunTime:0.000384s ]
INFO: Run TokenBuild Behavior [ RunTime:0.000253s ]
INFO: Run WriteHtmlCache Behavior [ RunTime:0.000152s ]
INFO: Run ShowRuntime Behavior [ RunTime:0.000271s ]
INFO: [ view_filter ] --END-- [ RunTime:0.001192s ]
INFO: [ view_end ] --START--
INFO: Run ShowPageTrace Behavior [ RunTime:0.000347s ]
INFO: [ view_end ] --END-- [ RunTime:0.000398s ]

