[ 2017-01-13T01:07:26+08:00 ] 123.125.71.15 /bobo2/index.php/Index/about/catid/29
INFO: [ route_check ] --START--
INFO: Run CheckRoute Behavior [ RunTime:0.000536s ]
INFO: [ route_check ] --END-- [ RunTime:0.000604s ]
INFO: [ app_begin ] --START--
INFO: Run ReadHtmlCache Behavior [ RunTime:0.000308s ]
INFO: [ app_begin ] --END-- [ RunTime:0.000359s ]
SQL: SHOW COLUMNS FROM `tp_page` [ RunTime:0.000740s ]
SQL: SHOW COLUMNS FROM `tp_index_picture` [ RunTime:0.000686s ]
SQL: SHOW COLUMNS FROM `tp_category` [ RunTime:0.000569s ]
SQL: SHOW COLUMNS FROM `tp_content` [ RunTime:0.000856s ]
SQL: SELECT * FROM `tp_page` WHERE ( `catid` = 29 ) LIMIT 1   [ RunTime:0.000270s ]
SQL: SELECT `id`,`catid`,`title`,`headerpic` FROM `tp_content` WHERE ( catid=23 and (status=2 or status=3) ) ORDER BY conorder desc,id desc LIMIT 8   [ RunTime:0.000677s ]
SQL: SELECT `id`,`catid`,`title`,`headerpic` FROM `tp_content` WHERE ( catid=24 and (status=2 or status=3) ) ORDER BY conorder desc,id desc LIMIT 8   [ RunTime:0.000504s ]
SQL: SELECT `id`,`catid`,`title`,`headerpic` FROM `tp_content` WHERE ( catid=25 and (status=2 or status=3) ) ORDER BY conorder desc,id desc LIMIT 8   [ RunTime:0.000494s ]
SQL: SHOW COLUMNS FROM `tp_site` [ RunTime:0.000508s ]
SQL: SELECT * FROM `tp_site` WHERE ( siteid=1 ) LIMIT 1   [ RunTime:0.000295s ]
SQL: SHOW COLUMNS FROM `tp_product` [ RunTime:0.000729s ]
SQL: SELECT a.xqstatus,a.title,a.picurlpc,a.catid,a.id,b.id as ppid FROM tp_product_price b,tp_product a WHERE ( a.posid=1 and a.status=1 and  a.id=b.pid ) ORDER BY a.listorder desc,id desc LIMIT 8   [ RunTime:0.001133s ]
SQL: SHOW COLUMNS FROM `tp_video` [ RunTime:0.000710s ]
SQL: SELECT `vtitle`,`headerpic`,`catid` FROM `tp_video` WHERE ( catid=26 and (status=2 or status=3) ) ORDER BY listorder desc,vid desc LIMIT 8   [ RunTime:0.000321s ]
SQL: SELECT `vtitle`,`headerpic`,`catid` FROM `tp_video` WHERE ( catid=27 and (status=2 or status=3) ) ORDER BY listorder desc,vid desc LIMIT 8   [ RunTime:0.000339s ]
SQL: SELECT `catid`,`catname`,`caturl` FROM `tp_category` WHERE ( `catid` IN ('14','15','16','17','18','19','20','21') ) ORDER BY listorder desc,catid desc  [ RunTime:0.000281s ]
NOTIC: [8] Undefined variable: category_list /data/wwwroot/html/bobo2/Home/Lib/Action/CommonAction.class.php 第 28 行.
SQL: SELECT `content` FROM `tp_page` WHERE ( catid=29 ) LIMIT 1   [ RunTime:0.000210s ]
INFO: [ view_template ] --START--
INFO: Run LocationTemplate Behavior [ RunTime:0.000249s ]
INFO: [ view_template ] --END-- [ RunTime:0.000301s ]
INFO: [ view_parse ] --START--
NOTIC: [8] A session had already been started - ignoring session_start() /data/wwwroot/html/bobo2/Home/Runtime/Cache/84eb6ba4be95c3ce5075ff71caefd633.php 第 78 行.
NOTIC: [8] Undefined index: bobo_pc_user_id /data/wwwroot/html/bobo2/Home/Runtime/Cache/84eb6ba4be95c3ce5075ff71caefd633.php 第 78 行.
NOTIC: [8] Undefined index: bobo_pc_user_id /data/wwwroot/html/bobo2/Home/Runtime/Cache/84eb6ba4be95c3ce5075ff71caefd633.php 第 85 行.
NOTIC: [8] Undefined index: bobo_pc_user_name /data/wwwroot/html/bobo2/Home/Runtime/Cache/84eb6ba4be95c3ce5075ff71caefd633.php 第 85 行.
NOTIC: [8] Undefined variable: k /data/wwwroot/html/bobo2/Home/Runtime/Cache/84eb6ba4be95c3ce5075ff71caefd633.php 第 112 行.
NOTIC: [8] Use of undefined constant catid - assumed 'catid' /data/wwwroot/html/bobo2/Home/Runtime/Cache/84eb6ba4be95c3ce5075ff71caefd633.php 第 115 行.
NOTIC: [8] Use of undefined constant id - assumed 'id' /data/wwwroot/html/bobo2/Home/Runtime/Cache/84eb6ba4be95c3ce5075ff71caefd633.php 第 115 行.
NOTIC: [8] Use of undefined constant catid - assumed 'catid' /data/wwwroot/html/bobo2/Home/Runtime/Cache/84eb6ba4be95c3ce5075ff71caefd633.php 第 115 行.
NOTIC: [8] Use of undefined constant id - assumed 'id' /data/wwwroot/html/bobo2/Home/Runtime/Cache/84eb6ba4be95c3ce5075ff71caefd633.php 第 115 行.
NOTIC: [8] Use of undefined constant catid - assumed 'catid' /data/wwwroot/html/bobo2/Home/Runtime/Cache/84eb6ba4be95c3ce5075ff71caefd633.php 第 115 行.
NOTIC: [8] Use of undefined constant id - assumed 'id' /data/wwwroot/html/bobo2/Home/Runtime/Cache/84eb6ba4be95c3ce5075ff71caefd633.php 第 115 行.
NOTIC: [8] Use of undefined constant catid - assumed 'catid' /data/wwwroot/html/bobo2/Home/Runtime/Cache/84eb6ba4be95c3ce5075ff71caefd633.php 第 115 行.
NOTIC: [8] Use of undefined constant id - assumed 'id' /data/wwwroot/html/bobo2/Home/Runtime/Cache/84eb6ba4be95c3ce5075ff71caefd633.php 第 115 行.
NOTIC: [8] Use of undefined constant catid - assumed 'catid' /data/wwwroot/html/bobo2/Home/Runtime/Cache/84eb6ba4be95c3ce5075ff71caefd633.php 第 115 行.
NOTIC: [8] Use of undefined constant id - assumed 'id' /data/wwwroot/html/bobo2/Home/Runtime/Cache/84eb6ba4be95c3ce5075ff71caefd633.php 第 115 行.
NOTIC: [8] Use of undefined constant catid - assumed 'catid' /data/wwwroot/html/bobo2/Home/Runtime/Cache/84eb6ba4be95c3ce5075ff71caefd633.php 第 115 行.
NOTIC: [8] Use of undefined constant id - assumed 'id' /data/wwwroot/html/bobo2/Home/Runtime/Cache/84eb6ba4be95c3ce5075ff71caefd633.php 第 115 行.
NOTIC: [8] Use of undefined constant catid - assumed 'catid' /data/wwwroot/html/bobo2/Home/Runtime/Cache/84eb6ba4be95c3ce5075ff71caefd633.php 第 115 行.
NOTIC: [8] Use of undefined constant id - assumed 'id' /data/wwwroot/html/bobo2/Home/Runtime/Cache/84eb6ba4be95c3ce5075ff71caefd633.php 第 115 行.
NOTIC: [8] Use of undefined constant catid - assumed 'catid' /data/wwwroot/html/bobo2/Home/Runtime/Cache/84eb6ba4be95c3ce5075ff71caefd633.php 第 115 行.
NOTIC: [8] Use of undefined constant id - assumed 'id' /data/wwwroot/html/bobo2/Home/Runtime/Cache/84eb6ba4be95c3ce5075ff71caefd633.php 第 115 行.
NOTIC: [8] Use of undefined constant catid - assumed 'catid' /data/wwwroot/html/bobo2/Home/Runtime/Cache/84eb6ba4be95c3ce5075ff71caefd633.php 第 118 行.
NOTIC: [8] Use of undefined constant id - assumed 'id' /data/wwwroot/html/bobo2/Home/Runtime/Cache/84eb6ba4be95c3ce5075ff71caefd633.php 第 118 行.
NOTIC: [8] Use of undefined constant catid - assumed 'catid' /data/wwwroot/html/bobo2/Home/Runtime/Cache/84eb6ba4be95c3ce5075ff71caefd633.php 第 118 行.
NOTIC: [8] Use of undefined constant id - assumed 'id' /data/wwwroot/html/bobo2/Home/Runtime/Cache/84eb6ba4be95c3ce5075ff71caefd633.php 第 118 行.
NOTIC: [8] Use of undefined constant catid - assumed 'catid' /data/wwwroot/html/bobo2/Home/Runtime/Cache/84eb6ba4be95c3ce5075ff71caefd633.php 第 118 行.
NOTIC: [8] Use of undefined constant id - assumed 'id' /data/wwwroot/html/bobo2/Home/Runtime/Cache/84eb6ba4be95c3ce5075ff71caefd633.php 第 118 行.
NOTIC: [8] Use of undefined constant catid - assumed 'catid' /data/wwwroot/html/bobo2/Home/Runtime/Cache/84eb6ba4be95c3ce5075ff71caefd633.php 第 118 行.
NOTIC: [8] Use of undefined constant id - assumed 'id' /data/wwwroot/html/bobo2/Home/Runtime/Cache/84eb6ba4be95c3ce5075ff71caefd633.php 第 118 行.
NOTIC: [8] Use of undefined constant catid - assumed 'catid' /data/wwwroot/html/bobo2/Home/Runtime/Cache/84eb6ba4be95c3ce5075ff71caefd633.php 第 121 行.
NOTIC: [8] Use of undefined constant id - assumed 'id' /data/wwwroot/html/bobo2/Home/Runtime/Cache/84eb6ba4be95c3ce5075ff71caefd633.php 第 121 行.
NOTIC: [8] Use of undefined constant catid - assumed 'catid' /data/wwwroot/html/bobo2/Home/Runtime/Cache/84eb6ba4be95c3ce5075ff71caefd633.php 第 121 行.
NOTIC: [8] Use of undefined constant id - assumed 'id' /data/wwwroot/html/bobo2/Home/Runtime/Cache/84eb6ba4be95c3ce5075ff71caefd633.php 第 121 行.
NOTIC: [8] Use of undefined constant catid - assumed 'catid' /data/wwwroot/html/bobo2/Home/Runtime/Cache/84eb6ba4be95c3ce5075ff71caefd633.php 第 146 行.
NOTIC: [8] Use of undefined constant id - assumed 'id' /data/wwwroot/html/bobo2/Home/Runtime/Cache/84eb6ba4be95c3ce5075ff71caefd633.php 第 146 行.
NOTIC: [8] Use of undefined constant ppid - assumed 'ppid' /data/wwwroot/html/bobo2/Home/Runtime/Cache/84eb6ba4be95c3ce5075ff71caefd633.php 第 146 行.
NOTIC: [8] Use of undefined constant catid - assumed 'catid' /data/wwwroot/html/bobo2/Home/Runtime/Cache/84eb6ba4be95c3ce5075ff71caefd633.php 第 146 行.
NOTIC: [8] Use of undefined constant id - assumed 'id' /data/wwwroot/html/bobo2/Home/Runtime/Cache/84eb6ba4be95c3ce5075ff71caefd633.php 第 146 行.
NOTIC: [8] Use of undefined constant ppid - assumed 'ppid' /data/wwwroot/html/bobo2/Home/Runtime/Cache/84eb6ba4be95c3ce5075ff71caefd633.php 第 146 行.
NOTIC: [8] Use of undefined constant catid - assumed 'catid' /data/wwwroot/html/bobo2/Home/Runtime/Cache/84eb6ba4be95c3ce5075ff71caefd633.php 第 146 行.
NOTIC: [8] Use of undefined constant id - assumed 'id' /data/wwwroot/html/bobo2/Home/Runtime/Cache/84eb6ba4be95c3ce5075ff71caefd633.php 第 146 行.
NOTIC: [8] Use of undefined constant ppid - assumed 'ppid' /data/wwwroot/html/bobo2/Home/Runtime/Cache/84eb6ba4be95c3ce5075ff71caefd633.php 第 146 行.
NOTIC: [8] Use of undefined constant catid - assumed 'catid' /data/wwwroot/html/bobo2/Home/Runtime/Cache/84eb6ba4be95c3ce5075ff71caefd633.php 第 146 行.
NOTIC: [8] Use of undefined constant id - assumed 'id' /data/wwwroot/html/bobo2/Home/Runtime/Cache/84eb6ba4be95c3ce5075ff71caefd633.php 第 146 行.
NOTIC: [8] Use of undefined constant ppid - assumed 'ppid' /data/wwwroot/html/bobo2/Home/Runtime/Cache/84eb6ba4be95c3ce5075ff71caefd633.php 第 146 行.
NOTIC: [8] Use of undefined constant catid - assumed 'catid' /data/wwwroot/html/bobo2/Home/Runtime/Cache/84eb6ba4be95c3ce5075ff71caefd633.php 第 146 行.
NOTIC: [8] Use of undefined constant id - assumed 'id' /data/wwwroot/html/bobo2/Home/Runtime/Cache/84eb6ba4be95c3ce5075ff71caefd633.php 第 146 行.
NOTIC: [8] Use of undefined constant ppid - assumed 'ppid' /data/wwwroot/html/bobo2/Home/Runtime/Cache/84eb6ba4be95c3ce5075ff71caefd633.php 第 146 行.
NOTIC: [8] Use of undefined constant catid - assumed 'catid' /data/wwwroot/html/bobo2/Home/Runtime/Cache/84eb6ba4be95c3ce5075ff71caefd633.php 第 146 行.
NOTIC: [8] Use of undefined constant id - assumed 'id' /data/wwwroot/html/bobo2/Home/Runtime/Cache/84eb6ba4be95c3ce5075ff71caefd633.php 第 146 行.
NOTIC: [8] Use of undefined constant ppid - assumed 'ppid' /data/wwwroot/html/bobo2/Home/Runtime/Cache/84eb6ba4be95c3ce5075ff71caefd633.php 第 146 行.
NOTIC: [8] Use of undefined constant catid - assumed 'catid' /data/wwwroot/html/bobo2/Home/Runtime/Cache/84eb6ba4be95c3ce5075ff71caefd633.php 第 146 行.
NOTIC: [8] Use of undefined constant id - assumed 'id' /data/wwwroot/html/bobo2/Home/Runtime/Cache/84eb6ba4be95c3ce5075ff71caefd633.php 第 146 行.
NOTIC: [8] Use of undefined constant ppid - assumed 'ppid' /data/wwwroot/html/bobo2/Home/Runtime/Cache/84eb6ba4be95c3ce5075ff71caefd633.php 第 146 行.
NOTIC: [8] Use of undefined constant catid - assumed 'catid' /data/wwwroot/html/bobo2/Home/Runtime/Cache/84eb6ba4be95c3ce5075ff71caefd633.php 第 146 行.
NOTIC: [8] Use of undefined constant id - assumed 'id' /data/wwwroot/html/bobo2/Home/Runtime/Cache/84eb6ba4be95c3ce5075ff71caefd633.php 第 146 行.
NOTIC: [8] Use of undefined constant ppid - assumed 'ppid' /data/wwwroot/html/bobo2/Home/Runtime/Cache/84eb6ba4be95c3ce5075ff71caefd633.php 第 146 行.
NOTIC: [8] Use of undefined constant catid - assumed 'catid' /data/wwwroot/html/bobo2/Home/Runtime/Cache/84eb6ba4be95c3ce5075ff71caefd633.php 第 150 行.
NOTIC: [8] Use of undefined constant catid - assumed 'catid' /data/wwwroot/html/bobo2/Home/Runtime/Cache/84eb6ba4be95c3ce5075ff71caefd633.php 第 150 行.
NOTIC: [8] Use of undefined constant catid - assumed 'catid' /data/wwwroot/html/bobo2/Home/Runtime/Cache/84eb6ba4be95c3ce5075ff71caefd633.php 第 150 行.
NOTIC: [8] Use of undefined constant catid - assumed 'catid' /data/wwwroot/html/bobo2/Home/Runtime/Cache/84eb6ba4be95c3ce5075ff71caefd633.php 第 150 行.
NOTIC: [8] Use of undefined constant catid - assumed 'catid' /data/wwwroot/html/bobo2/Home/Runtime/Cache/84eb6ba4be95c3ce5075ff71caefd633.php 第 150 行.
NOTIC: [8] Use of undefined constant catid - assumed 'catid' /data/wwwroot/html/bobo2/Home/Runtime/Cache/84eb6ba4be95c3ce5075ff71caefd633.php 第 150 行.
NOTIC: [8] Use of undefined constant catid - assumed 'catid' /data/wwwroot/html/bobo2/Home/Runtime/Cache/84eb6ba4be95c3ce5075ff71caefd633.php 第 150 行.
NOTIC: [8] Use of undefined constant catid - assumed 'catid' /data/wwwroot/html/bobo2/Home/Runtime/Cache/84eb6ba4be95c3ce5075ff71caefd633.php 第 150 行.
NOTIC: [8] Use of undefined constant catid - assumed 'catid' /data/wwwroot/html/bobo2/Home/Runtime/Cache/84eb6ba4be95c3ce5075ff71caefd633.php 第 154 行.
NOTIC: [8] Use of undefined constant catid - assumed 'catid' /data/wwwroot/html/bobo2/Home/Runtime/Cache/84eb6ba4be95c3ce5075ff71caefd633.php 第 154 行.
NOTIC: [8] Use of undefined constant catid - assumed 'catid' /data/wwwroot/html/bobo2/Home/Runtime/Cache/84eb6ba4be95c3ce5075ff71caefd633.php 第 154 行.
NOTIC: [8] Use of undefined constant catid - assumed 'catid' /data/wwwroot/html/bobo2/Home/Runtime/Cache/84eb6ba4be95c3ce5075ff71caefd633.php 第 154 行.
NOTIC: [8] Use of undefined constant catid - assumed 'catid' /data/wwwroot/html/bobo2/Home/Runtime/Cache/84eb6ba4be95c3ce5075ff71caefd633.php 第 154 行.
NOTIC: [8] Use of undefined constant catid - assumed 'catid' /data/wwwroot/html/bobo2/Home/Runtime/Cache/84eb6ba4be95c3ce5075ff71caefd633.php 第 154 行.
NOTIC: [8] Use of undefined constant catid - assumed 'catid' /data/wwwroot/html/bobo2/Home/Runtime/Cache/84eb6ba4be95c3ce5075ff71caefd633.php 第 154 行.
NOTIC: [8] Use of undefined constant catid - assumed 'catid' /data/wwwroot/html/bobo2/Home/Runtime/Cache/84eb6ba4be95c3ce5075ff71caefd633.php 第 157 行.
NOTIC: [8] Use of undefined constant catid - assumed 'catid' /data/wwwroot/html/bobo2/Home/Runtime/Cache/84eb6ba4be95c3ce5075ff71caefd633.php 第 157 行.
NOTIC: [8] Use of undefined constant catid - assumed 'catid' /data/wwwroot/html/bobo2/Home/Runtime/Cache/84eb6ba4be95c3ce5075ff71caefd633.php 第 157 行.
NOTIC: [8] Use of undefined constant catid - assumed 'catid' /data/wwwroot/html/bobo2/Home/Runtime/Cache/84eb6ba4be95c3ce5075ff71caefd633.php 第 157 行.
NOTIC: [8] Use of undefined constant catid - assumed 'catid' /data/wwwroot/html/bobo2/Home/Runtime/Cache/84eb6ba4be95c3ce5075ff71caefd633.php 第 157 行.
NOTIC: [8] Use of undefined constant catid - assumed 'catid' /data/wwwroot/html/bobo2/Home/Runtime/Cache/84eb6ba4be95c3ce5075ff71caefd633.php 第 157 行.
NOTIC: [8] Use of undefined constant catid - assumed 'catid' /data/wwwroot/html/bobo2/Home/Runtime/Cache/84eb6ba4be95c3ce5075ff71caefd633.php 第 157 行.
NOTIC: [8] Use of undefined constant catid - assumed 'catid' /data/wwwroot/html/bobo2/Home/Runtime/Cache/84eb6ba4be95c3ce5075ff71caefd633.php 第 157 行.
NOTIC: [8] Use of undefined constant catid - assumed 'catid' /data/wwwroot/html/bobo2/Home/Runtime/Cache/84eb6ba4be95c3ce5075ff71caefd633.php 第 180 行.
NOTIC: [8] Use of undefined constant id - assumed 'id' /data/wwwroot/html/bobo2/Home/Runtime/Cache/84eb6ba4be95c3ce5075ff71caefd633.php 第 180 行.
NOTIC: [8] Use of undefined constant ppid - assumed 'ppid' /data/wwwroot/html/bobo2/Home/Runtime/Cache/84eb6ba4be95c3ce5075ff71caefd633.php 第 180 行.
NOTIC: [8] Use of undefined constant catid - assumed 'catid' /data/wwwroot/html/bobo2/Home/Runtime/Cache/84eb6ba4be95c3ce5075ff71caefd633.php 第 180 行.
NOTIC: [8] Use of undefined constant id - assumed 'id' /data/wwwroot/html/bobo2/Home/Runtime/Cache/84eb6ba4be95c3ce5075ff71caefd633.php 第 180 行.
NOTIC: [8] Use of undefined constant ppid - assumed 'ppid' /data/wwwroot/html/bobo2/Home/Runtime/Cache/84eb6ba4be95c3ce5075ff71caefd633.php 第 180 行.
NOTIC: [8] Use of undefined constant catid - assumed 'catid' /data/wwwroot/html/bobo2/Home/Runtime/Cache/84eb6ba4be95c3ce5075ff71caefd633.php 第 180 行.
NOTIC: [8] Use of undefined constant id - assumed 'id' /data/wwwroot/html/bobo2/Home/Runtime/Cache/84eb6ba4be95c3ce5075ff71caefd633.php 第 180 行.
NOTIC: [8] Use of undefined constant ppid - assumed 'ppid' /data/wwwroot/html/bobo2/Home/Runtime/Cache/84eb6ba4be95c3ce5075ff71caefd633.php 第 180 行.
NOTIC: [8] Use of undefined constant catid - assumed 'catid' /data/wwwroot/html/bobo2/Home/Runtime/Cache/84eb6ba4be95c3ce5075ff71caefd633.php 第 180 行.
NOTIC: [8] Use of undefined constant id - assumed 'id' /data/wwwroot/html/bobo2/Home/Runtime/Cache/84eb6ba4be95c3ce5075ff71caefd633.php 第 180 行.
NOTIC: [8] Use of undefined constant ppid - assumed 'ppid' /data/wwwroot/html/bobo2/Home/Runtime/Cache/84eb6ba4be95c3ce5075ff71caefd633.php 第 180 行.
NOTIC: [8] Use of undefined constant catid - assumed 'catid' /data/wwwroot/html/bobo2/Home/Runtime/Cache/84eb6ba4be95c3ce5075ff71caefd633.php 第 180 行.
NOTIC: [8] Use of undefined constant id - assumed 'id' /data/wwwroot/html/bobo2/Home/Runtime/Cache/84eb6ba4be95c3ce5075ff71caefd633.php 第 180 行.
NOTIC: [8] Use of undefined constant ppid - assumed 'ppid' /data/wwwroot/html/bobo2/Home/Runtime/Cache/84eb6ba4be95c3ce5075ff71caefd633.php 第 180 行.
NOTIC: [8] Use of undefined constant catid - assumed 'catid' /data/wwwroot/html/bobo2/Home/Runtime/Cache/84eb6ba4be95c3ce5075ff71caefd633.php 第 180 行.
NOTIC: [8] Use of undefined constant id - assumed 'id' /data/wwwroot/html/bobo2/Home/Runtime/Cache/84eb6ba4be95c3ce5075ff71caefd633.php 第 180 行.
NOTIC: [8] Use of undefined constant ppid - assumed 'ppid' /data/wwwroot/html/bobo2/Home/Runtime/Cache/84eb6ba4be95c3ce5075ff71caefd633.php 第 180 行.
NOTIC: [8] Use of undefined constant catid - assumed 'catid' /data/wwwroot/html/bobo2/Home/Runtime/Cache/84eb6ba4be95c3ce5075ff71caefd633.php 第 180 行.
NOTIC: [8] Use of undefined constant id - assumed 'id' /data/wwwroot/html/bobo2/Home/Runtime/Cache/84eb6ba4be95c3ce5075ff71caefd633.php 第 180 行.
NOTIC: [8] Use of undefined constant ppid - assumed 'ppid' /data/wwwroot/html/bobo2/Home/Runtime/Cache/84eb6ba4be95c3ce5075ff71caefd633.php 第 180 行.
NOTIC: [8] Use of undefined constant catid - assumed 'catid' /data/wwwroot/html/bobo2/Home/Runtime/Cache/84eb6ba4be95c3ce5075ff71caefd633.php 第 180 行.
NOTIC: [8] Use of undefined constant id - assumed 'id' /data/wwwroot/html/bobo2/Home/Runtime/Cache/84eb6ba4be95c3ce5075ff71caefd633.php 第 180 行.
NOTIC: [8] Use of undefined constant ppid - assumed 'ppid' /data/wwwroot/html/bobo2/Home/Runtime/Cache/84eb6ba4be95c3ce5075ff71caefd633.php 第 180 行.
NOTIC: [8] Use of undefined constant catid - assumed 'catid' /data/wwwroot/html/bobo2/Home/Runtime/Cache/84eb6ba4be95c3ce5075ff71caefd633.php 第 184 行.
NOTIC: [8] Use of undefined constant catid - assumed 'catid' /data/wwwroot/html/bobo2/Home/Runtime/Cache/84eb6ba4be95c3ce5075ff71caefd633.php 第 184 行.
NOTIC: [8] Use of undefined constant catid - assumed 'catid' /data/wwwroot/html/bobo2/Home/Runtime/Cache/84eb6ba4be95c3ce5075ff71caefd633.php 第 184 行.
NOTIC: [8] Use of undefined constant catid - assumed 'catid' /data/wwwroot/html/bobo2/Home/Runtime/Cache/84eb6ba4be95c3ce5075ff71caefd633.php 第 184 行.
NOTIC: [8] Use of undefined constant catid - assumed 'catid' /data/wwwroot/html/bobo2/Home/Runtime/Cache/84eb6ba4be95c3ce5075ff71caefd633.php 第 184 行.
NOTIC: [8] Use of undefined constant catid - assumed 'catid' /data/wwwroot/html/bobo2/Home/Runtime/Cache/84eb6ba4be95c3ce5075ff71caefd633.php 第 184 行.
NOTIC: [8] Use of undefined constant catid - assumed 'catid' /data/wwwroot/html/bobo2/Home/Runtime/Cache/84eb6ba4be95c3ce5075ff71caefd633.php 第 184 行.
NOTIC: [8] Use of undefined constant catid - assumed 'catid' /data/wwwroot/html/bobo2/Home/Runtime/Cache/84eb6ba4be95c3ce5075ff71caefd633.php 第 184 行.
NOTIC: [8] Use of undefined constant catid - assumed 'catid' /data/wwwroot/html/bobo2/Home/Runtime/Cache/84eb6ba4be95c3ce5075ff71caefd633.php 第 188 行.
NOTIC: [8] Use of undefined constant catid - assumed 'catid' /data/wwwroot/html/bobo2/Home/Runtime/Cache/84eb6ba4be95c3ce5075ff71caefd633.php 第 188 行.
NOTIC: [8] Use of undefined constant catid - assumed 'catid' /data/wwwroot/html/bobo2/Home/Runtime/Cache/84eb6ba4be95c3ce5075ff71caefd633.php 第 188 行.
NOTIC: [8] Use of undefined constant catid - assumed 'catid' /data/wwwroot/html/bobo2/Home/Runtime/Cache/84eb6ba4be95c3ce5075ff71caefd633.php 第 188 行.
NOTIC: [8] Use of undefined constant catid - assumed 'catid' /data/wwwroot/html/bobo2/Home/Runtime/Cache/84eb6ba4be95c3ce5075ff71caefd633.php 第 188 行.
NOTIC: [8] Use of undefined constant catid - assumed 'catid' /data/wwwroot/html/bobo2/Home/Runtime/Cache/84eb6ba4be95c3ce5075ff71caefd633.php 第 188 行.
NOTIC: [8] Use of undefined constant catid - assumed 'catid' /data/wwwroot/html/bobo2/Home/Runtime/Cache/84eb6ba4be95c3ce5075ff71caefd633.php 第 188 行.
NOTIC: [8] Use of undefined constant catid - assumed 'catid' /data/wwwroot/html/bobo2/Home/Runtime/Cache/84eb6ba4be95c3ce5075ff71caefd633.php 第 191 行.
NOTIC: [8] Use of undefined constant catid - assumed 'catid' /data/wwwroot/html/bobo2/Home/Runtime/Cache/84eb6ba4be95c3ce5075ff71caefd633.php 第 191 行.
NOTIC: [8] Use of undefined constant catid - assumed 'catid' /data/wwwroot/html/bobo2/Home/Runtime/Cache/84eb6ba4be95c3ce5075ff71caefd633.php 第 191 行.
NOTIC: [8] Use of undefined constant catid - assumed 'catid' /data/wwwroot/html/bobo2/Home/Runtime/Cache/84eb6ba4be95c3ce5075ff71caefd633.php 第 191 行.
NOTIC: [8] Use of undefined constant catid - assumed 'catid' /data/wwwroot/html/bobo2/Home/Runtime/Cache/84eb6ba4be95c3ce5075ff71caefd633.php 第 191 行.
NOTIC: [8] Use of undefined constant catid - assumed 'catid' /data/wwwroot/html/bobo2/Home/Runtime/Cache/84eb6ba4be95c3ce5075ff71caefd633.php 第 191 行.
NOTIC: [8] Use of undefined constant catid - assumed 'catid' /data/wwwroot/html/bobo2/Home/Runtime/Cache/84eb6ba4be95c3ce5075ff71caefd633.php 第 191 行.
NOTIC: [8] Use of undefined constant catid - assumed 'catid' /data/wwwroot/html/bobo2/Home/Runtime/Cache/84eb6ba4be95c3ce5075ff71caefd633.php 第 191 行.
INFO: Run ParseTemplate Behavior [ RunTime:0.021883s ]
INFO: [ view_parse ] --END-- [ RunTime:0.021932s ]
INFO: [ view_filter ] --START--
INFO: Run ContentReplace Behavior [ RunTime:0.000402s ]
INFO: Run TokenBuild Behavior [ RunTime:0.000249s ]
INFO: Run WriteHtmlCache Behavior [ RunTime:0.000130s ]
INFO: Run ShowRuntime Behavior [ RunTime:0.000272s ]
INFO: [ view_filter ] --END-- [ RunTime:0.001190s ]
INFO: [ view_end ] --START--
INFO: Run ShowPageTrace Behavior [ RunTime:0.000358s ]
INFO: [ view_end ] --END-- [ RunTime:0.000403s ]

