[ 2017-05-12T16:05:52+08:00 ] 123.125.71.51 /bobo2/index.php/Product/product/catid/15
INFO: [ route_check ] --START--
INFO: Run CheckRoute Behavior [ RunTime:0.001735s ]
INFO: [ route_check ] --END-- [ RunTime:0.001860s ]
INFO: [ app_begin ] --START--
INFO: Run ReadHtmlCache Behavior [ RunTime:0.000579s ]
INFO: [ app_begin ] --END-- [ RunTime:0.000641s ]
SQL: SHOW COLUMNS FROM `tp_product` [ RunTime:0.000948s ]
SQL: SHOW COLUMNS FROM `tp_category` [ RunTime:0.015777s ]
SQL: SHOW COLUMNS FROM `tp_linkage` [ RunTime:0.000505s ]
SQL: SHOW COLUMNS FROM `tp_parameter` [ RunTime:0.016677s ]
SQL: SHOW COLUMNS FROM `tp_collect` [ RunTime:0.016545s ]
SQL: SHOW COLUMNS FROM `tp_content` [ RunTime:0.000814s ]
SQL: SHOW COLUMNS FROM `tp_page` [ RunTime:0.001381s ]
SQL: SELECT * FROM `tp_page` WHERE ( `catid` = 29 ) LIMIT 1   [ RunTime:0.000929s ]
SQL: SELECT `id`,`catid`,`title`,`headerpic` FROM `tp_content` WHERE ( catid=23 and (status=2 or status=3) ) ORDER BY conorder desc,id desc LIMIT 8   [ RunTime:0.017605s ]
SQL: SELECT `id`,`catid`,`title`,`headerpic` FROM `tp_content` WHERE ( catid=24 and (status=2 or status=3) ) ORDER BY conorder desc,id desc LIMIT 8   [ RunTime:0.000501s ]
SQL: SELECT `id`,`catid`,`title`,`headerpic` FROM `tp_content` WHERE ( catid=25 and (status=2 or status=3) ) ORDER BY conorder desc,id desc LIMIT 8   [ RunTime:0.000461s ]
SQL: SHOW COLUMNS FROM `tp_site` [ RunTime:0.000526s ]
SQL: SELECT * FROM `tp_site` WHERE ( siteid=1 ) LIMIT 1   [ RunTime:0.000196s ]
SQL: SELECT a.xqstatus,a.title,a.picurlpc,a.catid,a.id,b.id as ppid FROM tp_product_price b,tp_product a WHERE ( a.posid=1 and a.status=1 and  a.id=b.pid ) ORDER BY a.listorder desc,id desc LIMIT 8   [ RunTime:0.001142s ]
SQL: SHOW COLUMNS FROM `tp_video` [ RunTime:0.006111s ]
SQL: SELECT `vtitle`,`headerpic`,`catid` FROM `tp_video` WHERE ( catid=26 and (status=2 or status=3) ) ORDER BY listorder desc,vid desc LIMIT 8   [ RunTime:0.001125s ]
SQL: SELECT `vtitle`,`headerpic`,`catid` FROM `tp_video` WHERE ( catid=27 and (status=2 or status=3) ) ORDER BY listorder desc,vid desc LIMIT 8   [ RunTime:0.000243s ]
SQL: SELECT `catid`,`catname`,`caturl` FROM `tp_category` WHERE ( `catid` IN ('14','15','16','17','18','19','20','21') ) ORDER BY listorder desc,catid desc  [ RunTime:0.000237s ]
NOTIC: [8] Undefined variable: category_list /data/wwwroot/html/bobo2/Home/Lib/Action/CommonAction.class.php 第 28 行.
NOTIC: [8] Undefined index: linkageid /data/wwwroot/html/bobo2/Home/Lib/Action/ProductAction.class.php 第 18 行.
NOTIC: [8] Undefined index: price_search /data/wwwroot/html/bobo2/Home/Lib/Action/ProductAction.class.php 第 19 行.
NOTIC: [8] Undefined index: texturelist_search /data/wwwroot/html/bobo2/Home/Lib/Action/ProductAction.class.php 第 20 行.
NOTIC: [8] Undefined index: capacity_search /data/wwwroot/html/bobo2/Home/Lib/Action/ProductAction.class.php 第 21 行.
SQL: SELECT `catid`,`catname`,`caturl` FROM `tp_category` WHERE ( `catid` IN ('14','15','16','17','18','19','20','21') ) ORDER BY listorder desc,catid desc  [ RunTime:0.000224s ]
NOTIC: [8] Undefined index: bobo_pc_user_id /data/wwwroot/html/bobo2/Home/Lib/Action/ProductAction.class.php 第 24 行.
NOTIC: [8] Undefined variable: pro_list_fw /data/wwwroot/html/bobo2/Home/Lib/Action/ProductAction.class.php 第 45 行.
SQL: SELECT `colorname`,`id` FROM `tp_parameter` WHERE ( typeid=1 and status=1 ) ORDER BY listorder desc,id desc  [ RunTime:0.000959s ]
SQL: SELECT COUNT(*) AS tp_count FROM `tp_linkage` WHERE ( catid=15 and status=1 ) LIMIT 1   [ RunTime:0.000193s ]
SQL: SELECT `catname` FROM `tp_category` WHERE ( catid=15 ) LIMIT 1   [ RunTime:0.000158s ]
SQL: SELECT `name`,`linkageid` FROM `tp_linkage` WHERE ( catid=15 and status=1 ) ORDER BY listorder desc,linkageid desc  [ RunTime:0.000200s ]
SQL: SELECT a.xqstatus,a.title,a.picurlpc,a.catid,a.id,b.capacity,b.price,b.id as ppid,a.colorlist,b.fmpicurl FROM tp_product_price b,tp_product a WHERE ( a.catid=15 and a.linkageid=7 and a.status=1 and  a.id=b.pid ) ORDER BY listorder desc  [ RunTime:0.000654s ]
SQL: SELECT `colorname` FROM `tp_parameter` WHERE ( `id` IN ('6','12') )  [ RunTime:0.000185s ]
SQL: SELECT a.xqstatus,a.title,a.picurlpc,a.catid,a.id,b.capacity,b.price,b.id as ppid,a.colorlist,b.fmpicurl FROM tp_product_price b,tp_product a WHERE ( a.catid=15 and a.linkageid=6 and a.status=1 and  a.id=b.pid ) ORDER BY listorder desc  [ RunTime:0.000603s ]
SQL: SELECT `colorname` FROM `tp_parameter` WHERE ( `id` IN ('6','8','1','8','1','6') )  [ RunTime:0.000181s ]
SQL: SELECT `colorname` FROM `tp_parameter` WHERE ( `id` IN ('6','8','1','8','1','6') )  [ RunTime:0.000185s ]
SQL: SELECT a.xqstatus,a.title,a.picurlpc,a.catid,a.id,b.capacity,b.price,b.id as ppid,a.colorlist,b.fmpicurl FROM tp_product_price b,tp_product a WHERE ( a.catid=15 and a.linkageid=5 and a.status=1 and  a.id=b.pid ) ORDER BY listorder desc  [ RunTime:0.000576s ]
SQL: SELECT `colorname` FROM `tp_parameter` WHERE ( `id` IN ('1','6','12','4','7','12','7','12') )  [ RunTime:0.000167s ]
SQL: SELECT `colorname` FROM `tp_parameter` WHERE ( `id` IN ('1','6','12','4','7','12','7','12') )  [ RunTime:0.000164s ]
SQL: SELECT `colorname` FROM `tp_parameter` WHERE ( `id` IN ('1','6','12','4','7','12','7','12') )  [ RunTime:0.000155s ]
SQL: SELECT a.xqstatus,a.title,a.picurlpc,a.catid,a.id,b.capacity,b.price,b.id as ppid,a.colorlist,b.fmpicurl FROM tp_product_price b,tp_product a WHERE ( a.catid=15 and a.linkageid=4 and a.status=1 and  a.id=b.pid ) ORDER BY listorder desc  [ RunTime:0.000599s ]
NOTIC: [2] Invalid argument supplied for foreach() /data/wwwroot/html/bobo2/Home/Lib/Action/ProductAction.class.php 第 86 行.
SQL: SELECT a.xqstatus,a.title,a.picurlpc,a.catid,a.id,b.capacity,b.price,b.id as ppid,a.colorlist,b.fmpicurl FROM tp_product_price b,tp_product a WHERE ( a.catid=15 and a.linkageid=3 and a.status=1 and  a.id=b.pid ) ORDER BY listorder desc  [ RunTime:0.000633s ]
SQL: SELECT `colorname` FROM `tp_parameter` WHERE ( `id` IN ('1','6','12','4') )  [ RunTime:0.000232s ]
SQL: SELECT `colorname` FROM `tp_parameter` WHERE ( `id` IN ('6','12','4','1','6','12') )  [ RunTime:0.000254s ]
SQL: SELECT `colorname` FROM `tp_parameter` WHERE ( `id` IN ('6','12','4','1','6','12') )  [ RunTime:0.000168s ]
SQL: SELECT a.xqstatus,a.title,a.picurlpc,a.catid,a.id,b.capacity,b.price,b.id as ppid,a.colorlist,b.fmpicurl FROM tp_product_price b,tp_product a WHERE ( a.catid=15 and a.linkageid=2 and a.status=1 and  a.id=b.pid ) ORDER BY listorder desc  [ RunTime:0.000572s ]
SQL: SELECT `colorname` FROM `tp_parameter` WHERE ( `id` IN ('12') )  [ RunTime:0.000143s ]
SQL: SELECT `colorname` FROM `tp_parameter` WHERE ( `id` IN ('12') )  [ RunTime:0.000138s ]
SQL: SELECT `colorname` FROM `tp_parameter` WHERE ( `id` IN ('1','12') )  [ RunTime:0.000159s ]
SQL: SELECT `colorname` FROM `tp_parameter` WHERE ( `id` IN ('1','6','12','4') )  [ RunTime:0.000156s ]
SQL: SELECT a.xqstatus,a.title,a.picurlpc,a.catid,a.id,b.capacity,b.price,b.id as ppid,a.colorlist,b.fmpicurl FROM tp_product_price b,tp_product a WHERE ( a.catid=15 and a.linkageid=1 and a.status=1 and  a.id=b.pid ) ORDER BY listorder desc  [ RunTime:0.000540s ]
SQL: SELECT `colorname` FROM `tp_parameter` WHERE ( `id` IN ('13','13','13') )  [ RunTime:0.000188s ]
INFO: [ view_template ] --START--
INFO: Run LocationTemplate Behavior [ RunTime:0.002913s ]
INFO: [ view_template ] --END-- [ RunTime:0.002997s ]
INFO: [ view_parse ] --START--
NOTIC: [8] A session had already been started - ignoring session_start() /data/wwwroot/html/bobo2/Home/Runtime/Cache/006364ab2ca7013f1c606b3b9e32da0e.php 第 78 行.
NOTIC: [8] Undefined index: bobo_pc_user_id /data/wwwroot/html/bobo2/Home/Runtime/Cache/006364ab2ca7013f1c606b3b9e32da0e.php 第 78 行.
NOTIC: [8] Undefined index: bobo_pc_user_id /data/wwwroot/html/bobo2/Home/Runtime/Cache/006364ab2ca7013f1c606b3b9e32da0e.php 第 85 行.
NOTIC: [8] Undefined index: bobo_pc_user_name /data/wwwroot/html/bobo2/Home/Runtime/Cache/006364ab2ca7013f1c606b3b9e32da0e.php 第 85 行.
NOTIC: [8] Undefined variable: k /data/wwwroot/html/bobo2/Home/Runtime/Cache/006364ab2ca7013f1c606b3b9e32da0e.php 第 112 行.
NOTIC: [8] Use of undefined constant catid - assumed 'catid' /data/wwwroot/html/bobo2/Home/Runtime/Cache/006364ab2ca7013f1c606b3b9e32da0e.php 第 115 行.
NOTIC: [8] Use of undefined constant id - assumed 'id' /data/wwwroot/html/bobo2/Home/Runtime/Cache/006364ab2ca7013f1c606b3b9e32da0e.php 第 115 行.
NOTIC: [8] Use of undefined constant catid - assumed 'catid' /data/wwwroot/html/bobo2/Home/Runtime/Cache/006364ab2ca7013f1c606b3b9e32da0e.php 第 115 行.
NOTIC: [8] Use of undefined constant id - assumed 'id' /data/wwwroot/html/bobo2/Home/Runtime/Cache/006364ab2ca7013f1c606b3b9e32da0e.php 第 115 行.
NOTIC: [8] Use of undefined constant catid - assumed 'catid' /data/wwwroot/html/bobo2/Home/Runtime/Cache/006364ab2ca7013f1c606b3b9e32da0e.php 第 115 行.
NOTIC: [8] Use of undefined constant id - assumed 'id' /data/wwwroot/html/bobo2/Home/Runtime/Cache/006364ab2ca7013f1c606b3b9e32da0e.php 第 115 行.
NOTIC: [8] Use of undefined constant catid - assumed 'catid' /data/wwwroot/html/bobo2/Home/Runtime/Cache/006364ab2ca7013f1c606b3b9e32da0e.php 第 115 行.
NOTIC: [8] Use of undefined constant id - assumed 'id' /data/wwwroot/html/bobo2/Home/Runtime/Cache/006364ab2ca7013f1c606b3b9e32da0e.php 第 115 行.
NOTIC: [8] Use of undefined constant catid - assumed 'catid' /data/wwwroot/html/bobo2/Home/Runtime/Cache/006364ab2ca7013f1c606b3b9e32da0e.php 第 115 行.
NOTIC: [8] Use of undefined constant id - assumed 'id' /data/wwwroot/html/bobo2/Home/Runtime/Cache/006364ab2ca7013f1c606b3b9e32da0e.php 第 115 行.
NOTIC: [8] Use of undefined constant catid - assumed 'catid' /data/wwwroot/html/bobo2/Home/Runtime/Cache/006364ab2ca7013f1c606b3b9e32da0e.php 第 115 行.
NOTIC: [8] Use of undefined constant id - assumed 'id' /data/wwwroot/html/bobo2/Home/Runtime/Cache/006364ab2ca7013f1c606b3b9e32da0e.php 第 115 行.
NOTIC: [8] Use of undefined constant catid - assumed 'catid' /data/wwwroot/html/bobo2/Home/Runtime/Cache/006364ab2ca7013f1c606b3b9e32da0e.php 第 115 行.
NOTIC: [8] Use of undefined constant id - assumed 'id' /data/wwwroot/html/bobo2/Home/Runtime/Cache/006364ab2ca7013f1c606b3b9e32da0e.php 第 115 行.
NOTIC: [8] Use of undefined constant catid - assumed 'catid' /data/wwwroot/html/bobo2/Home/Runtime/Cache/006364ab2ca7013f1c606b3b9e32da0e.php 第 115 行.
NOTIC: [8] Use of undefined constant id - assumed 'id' /data/wwwroot/html/bobo2/Home/Runtime/Cache/006364ab2ca7013f1c606b3b9e32da0e.php 第 115 行.
NOTIC: [8] Use of undefined constant catid - assumed 'catid' /data/wwwroot/html/bobo2/Home/Runtime/Cache/006364ab2ca7013f1c606b3b9e32da0e.php 第 118 行.
NOTIC: [8] Use of undefined constant id - assumed 'id' /data/wwwroot/html/bobo2/Home/Runtime/Cache/006364ab2ca7013f1c606b3b9e32da0e.php 第 118 行.
NOTIC: [8] Use of undefined constant catid - assumed 'catid' /data/wwwroot/html/bobo2/Home/Runtime/Cache/006364ab2ca7013f1c606b3b9e32da0e.php 第 118 行.
NOTIC: [8] Use of undefined constant id - assumed 'id' /data/wwwroot/html/bobo2/Home/Runtime/Cache/006364ab2ca7013f1c606b3b9e32da0e.php 第 118 行.
NOTIC: [8] Use of undefined constant catid - assumed 'catid' /data/wwwroot/html/bobo2/Home/Runtime/Cache/006364ab2ca7013f1c606b3b9e32da0e.php 第 118 行.
NOTIC: [8] Use of undefined constant id - assumed 'id' /data/wwwroot/html/bobo2/Home/Runtime/Cache/006364ab2ca7013f1c606b3b9e32da0e.php 第 118 行.
NOTIC: [8] Use of undefined constant catid - assumed 'catid' /data/wwwroot/html/bobo2/Home/Runtime/Cache/006364ab2ca7013f1c606b3b9e32da0e.php 第 118 行.
NOTIC: [8] Use of undefined constant id - assumed 'id' /data/wwwroot/html/bobo2/Home/Runtime/Cache/006364ab2ca7013f1c606b3b9e32da0e.php 第 118 行.
NOTIC: [8] Use of undefined constant catid - assumed 'catid' /data/wwwroot/html/bobo2/Home/Runtime/Cache/006364ab2ca7013f1c606b3b9e32da0e.php 第 121 行.
NOTIC: [8] Use of undefined constant id - assumed 'id' /data/wwwroot/html/bobo2/Home/Runtime/Cache/006364ab2ca7013f1c606b3b9e32da0e.php 第 121 行.
NOTIC: [8] Use of undefined constant catid - assumed 'catid' /data/wwwroot/html/bobo2/Home/Runtime/Cache/006364ab2ca7013f1c606b3b9e32da0e.php 第 121 行.
NOTIC: [8] Use of undefined constant id - assumed 'id' /data/wwwroot/html/bobo2/Home/Runtime/Cache/006364ab2ca7013f1c606b3b9e32da0e.php 第 121 行.
NOTIC: [8] Use of undefined constant catid - assumed 'catid' /data/wwwroot/html/bobo2/Home/Runtime/Cache/006364ab2ca7013f1c606b3b9e32da0e.php 第 146 行.
NOTIC: [8] Use of undefined constant id - assumed 'id' /data/wwwroot/html/bobo2/Home/Runtime/Cache/006364ab2ca7013f1c606b3b9e32da0e.php 第 146 行.
NOTIC: [8] Use of undefined constant ppid - assumed 'ppid' /data/wwwroot/html/bobo2/Home/Runtime/Cache/006364ab2ca7013f1c606b3b9e32da0e.php 第 146 行.
NOTIC: [8] Use of undefined constant catid - assumed 'catid' /data/wwwroot/html/bobo2/Home/Runtime/Cache/006364ab2ca7013f1c606b3b9e32da0e.php 第 146 行.
NOTIC: [8] Use of undefined constant id - assumed 'id' /data/wwwroot/html/bobo2/Home/Runtime/Cache/006364ab2ca7013f1c606b3b9e32da0e.php 第 146 行.
NOTIC: [8] Use of undefined constant ppid - assumed 'ppid' /data/wwwroot/html/bobo2/Home/Runtime/Cache/006364ab2ca7013f1c606b3b9e32da0e.php 第 146 行.
NOTIC: [8] Use of undefined constant catid - assumed 'catid' /data/wwwroot/html/bobo2/Home/Runtime/Cache/006364ab2ca7013f1c606b3b9e32da0e.php 第 146 行.
NOTIC: [8] Use of undefined constant id - assumed 'id' /data/wwwroot/html/bobo2/Home/Runtime/Cache/006364ab2ca7013f1c606b3b9e32da0e.php 第 146 行.
NOTIC: [8] Use of undefined constant ppid - assumed 'ppid' /data/wwwroot/html/bobo2/Home/Runtime/Cache/006364ab2ca7013f1c606b3b9e32da0e.php 第 146 行.
NOTIC: [8] Use of undefined constant catid - assumed 'catid' /data/wwwroot/html/bobo2/Home/Runtime/Cache/006364ab2ca7013f1c606b3b9e32da0e.php 第 146 行.
NOTIC: [8] Use of undefined constant id - assumed 'id' /data/wwwroot/html/bobo2/Home/Runtime/Cache/006364ab2ca7013f1c606b3b9e32da0e.php 第 146 行.
NOTIC: [8] Use of undefined constant ppid - assumed 'ppid' /data/wwwroot/html/bobo2/Home/Runtime/Cache/006364ab2ca7013f1c606b3b9e32da0e.php 第 146 行.
NOTIC: [8] Use of undefined constant catid - assumed 'catid' /data/wwwroot/html/bobo2/Home/Runtime/Cache/006364ab2ca7013f1c606b3b9e32da0e.php 第 146 行.
NOTIC: [8] Use of undefined constant id - assumed 'id' /data/wwwroot/html/bobo2/Home/Runtime/Cache/006364ab2ca7013f1c606b3b9e32da0e.php 第 146 行.
NOTIC: [8] Use of undefined constant ppid - assumed 'ppid' /data/wwwroot/html/bobo2/Home/Runtime/Cache/006364ab2ca7013f1c606b3b9e32da0e.php 第 146 行.
NOTIC: [8] Use of undefined constant catid - assumed 'catid' /data/wwwroot/html/bobo2/Home/Runtime/Cache/006364ab2ca7013f1c606b3b9e32da0e.php 第 146 行.
NOTIC: [8] Use of undefined constant id - assumed 'id' /data/wwwroot/html/bobo2/Home/Runtime/Cache/006364ab2ca7013f1c606b3b9e32da0e.php 第 146 行.
NOTIC: [8] Use of undefined constant ppid - assumed 'ppid' /data/wwwroot/html/bobo2/Home/Runtime/Cache/006364ab2ca7013f1c606b3b9e32da0e.php 第 146 行.
NOTIC: [8] Use of undefined constant catid - assumed 'catid' /data/wwwroot/html/bobo2/Home/Runtime/Cache/006364ab2ca7013f1c606b3b9e32da0e.php 第 146 行.
NOTIC: [8] Use of undefined constant id - assumed 'id' /data/wwwroot/html/bobo2/Home/Runtime/Cache/006364ab2ca7013f1c606b3b9e32da0e.php 第 146 行.
NOTIC: [8] Use of undefined constant ppid - assumed 'ppid' /data/wwwroot/html/bobo2/Home/Runtime/Cache/006364ab2ca7013f1c606b3b9e32da0e.php 第 146 行.
NOTIC: [8] Use of undefined constant catid - assumed 'catid' /data/wwwroot/html/bobo2/Home/Runtime/Cache/006364ab2ca7013f1c606b3b9e32da0e.php 第 146 行.
NOTIC: [8] Use of undefined constant id - assumed 'id' /data/wwwroot/html/bobo2/Home/Runtime/Cache/006364ab2ca7013f1c606b3b9e32da0e.php 第 146 行.
NOTIC: [8] Use of undefined constant ppid - assumed 'ppid' /data/wwwroot/html/bobo2/Home/Runtime/Cache/006364ab2ca7013f1c606b3b9e32da0e.php 第 146 行.
NOTIC: [8] Use of undefined constant catid - assumed 'catid' /data/wwwroot/html/bobo2/Home/Runtime/Cache/006364ab2ca7013f1c606b3b9e32da0e.php 第 150 行.
NOTIC: [8] Use of undefined constant catid - assumed 'catid' /data/wwwroot/html/bobo2/Home/Runtime/Cache/006364ab2ca7013f1c606b3b9e32da0e.php 第 150 行.
NOTIC: [8] Use of undefined constant catid - assumed 'catid' /data/wwwroot/html/bobo2/Home/Runtime/Cache/006364ab2ca7013f1c606b3b9e32da0e.php 第 150 行.
NOTIC: [8] Use of undefined constant catid - assumed 'catid' /data/wwwroot/html/bobo2/Home/Runtime/Cache/006364ab2ca7013f1c606b3b9e32da0e.php 第 150 行.
NOTIC: [8] Use of undefined constant catid - assumed 'catid' /data/wwwroot/html/bobo2/Home/Runtime/Cache/006364ab2ca7013f1c606b3b9e32da0e.php 第 150 行.
NOTIC: [8] Use of undefined constant catid - assumed 'catid' /data/wwwroot/html/bobo2/Home/Runtime/Cache/006364ab2ca7013f1c606b3b9e32da0e.php 第 150 行.
NOTIC: [8] Use of undefined constant catid - assumed 'catid' /data/wwwroot/html/bobo2/Home/Runtime/Cache/006364ab2ca7013f1c606b3b9e32da0e.php 第 150 行.
NOTIC: [8] Use of undefined constant catid - assumed 'catid' /data/wwwroot/html/bobo2/Home/Runtime/Cache/006364ab2ca7013f1c606b3b9e32da0e.php 第 150 行.
NOTIC: [8] Use of undefined constant catid - assumed 'catid' /data/wwwroot/html/bobo2/Home/Runtime/Cache/006364ab2ca7013f1c606b3b9e32da0e.php 第 154 行.
NOTIC: [8] Use of undefined constant catid - assumed 'catid' /data/wwwroot/html/bobo2/Home/Runtime/Cache/006364ab2ca7013f1c606b3b9e32da0e.php 第 154 行.
NOTIC: [8] Use of undefined constant catid - assumed 'catid' /data/wwwroot/html/bobo2/Home/Runtime/Cache/006364ab2ca7013f1c606b3b9e32da0e.php 第 154 行.
NOTIC: [8] Use of undefined constant catid - assumed 'catid' /data/wwwroot/html/bobo2/Home/Runtime/Cache/006364ab2ca7013f1c606b3b9e32da0e.php 第 154 行.
NOTIC: [8] Use of undefined constant catid - assumed 'catid' /data/wwwroot/html/bobo2/Home/Runtime/Cache/006364ab2ca7013f1c606b3b9e32da0e.php 第 154 行.
NOTIC: [8] Use of undefined constant catid - assumed 'catid' /data/wwwroot/html/bobo2/Home/Runtime/Cache/006364ab2ca7013f1c606b3b9e32da0e.php 第 154 行.
NOTIC: [8] Use of undefined constant catid - assumed 'catid' /data/wwwroot/html/bobo2/Home/Runtime/Cache/006364ab2ca7013f1c606b3b9e32da0e.php 第 154 行.
NOTIC: [8] Use of undefined constant catid - assumed 'catid' /data/wwwroot/html/bobo2/Home/Runtime/Cache/006364ab2ca7013f1c606b3b9e32da0e.php 第 157 行.
NOTIC: [8] Use of undefined constant catid - assumed 'catid' /data/wwwroot/html/bobo2/Home/Runtime/Cache/006364ab2ca7013f1c606b3b9e32da0e.php 第 157 行.
NOTIC: [8] Use of undefined constant catid - assumed 'catid' /data/wwwroot/html/bobo2/Home/Runtime/Cache/006364ab2ca7013f1c606b3b9e32da0e.php 第 157 行.
NOTIC: [8] Use of undefined constant catid - assumed 'catid' /data/wwwroot/html/bobo2/Home/Runtime/Cache/006364ab2ca7013f1c606b3b9e32da0e.php 第 157 行.
NOTIC: [8] Use of undefined constant catid - assumed 'catid' /data/wwwroot/html/bobo2/Home/Runtime/Cache/006364ab2ca7013f1c606b3b9e32da0e.php 第 157 行.
NOTIC: [8] Use of undefined constant catid - assumed 'catid' /data/wwwroot/html/bobo2/Home/Runtime/Cache/006364ab2ca7013f1c606b3b9e32da0e.php 第 157 行.
NOTIC: [8] Use of undefined constant catid - assumed 'catid' /data/wwwroot/html/bobo2/Home/Runtime/Cache/006364ab2ca7013f1c606b3b9e32da0e.php 第 157 行.
NOTIC: [8] Use of undefined constant catid - assumed 'catid' /data/wwwroot/html/bobo2/Home/Runtime/Cache/006364ab2ca7013f1c606b3b9e32da0e.php 第 157 行.
NOTIC: [8] Use of undefined constant catid - assumed 'catid' /data/wwwroot/html/bobo2/Home/Runtime/Cache/006364ab2ca7013f1c606b3b9e32da0e.php 第 180 行.
NOTIC: [8] Use of undefined constant id - assumed 'id' /data/wwwroot/html/bobo2/Home/Runtime/Cache/006364ab2ca7013f1c606b3b9e32da0e.php 第 180 行.
NOTIC: [8] Use of undefined constant ppid - assumed 'ppid' /data/wwwroot/html/bobo2/Home/Runtime/Cache/006364ab2ca7013f1c606b3b9e32da0e.php 第 180 行.
NOTIC: [8] Use of undefined constant catid - assumed 'catid' /data/wwwroot/html/bobo2/Home/Runtime/Cache/006364ab2ca7013f1c606b3b9e32da0e.php 第 180 行.
NOTIC: [8] Use of undefined constant id - assumed 'id' /data/wwwroot/html/bobo2/Home/Runtime/Cache/006364ab2ca7013f1c606b3b9e32da0e.php 第 180 行.
NOTIC: [8] Use of undefined constant ppid - assumed 'ppid' /data/wwwroot/html/bobo2/Home/Runtime/Cache/006364ab2ca7013f1c606b3b9e32da0e.php 第 180 行.
NOTIC: [8] Use of undefined constant catid - assumed 'catid' /data/wwwroot/html/bobo2/Home/Runtime/Cache/006364ab2ca7013f1c606b3b9e32da0e.php 第 180 行.
NOTIC: [8] Use of undefined constant id - assumed 'id' /data/wwwroot/html/bobo2/Home/Runtime/Cache/006364ab2ca7013f1c606b3b9e32da0e.php 第 180 行.
NOTIC: [8] Use of undefined constant ppid - assumed 'ppid' /data/wwwroot/html/bobo2/Home/Runtime/Cache/006364ab2ca7013f1c606b3b9e32da0e.php 第 180 行.
NOTIC: [8] Use of undefined constant catid - assumed 'catid' /data/wwwroot/html/bobo2/Home/Runtime/Cache/006364ab2ca7013f1c606b3b9e32da0e.php 第 180 行.
NOTIC: [8] Use of undefined constant id - assumed 'id' /data/wwwroot/html/bobo2/Home/Runtime/Cache/006364ab2ca7013f1c606b3b9e32da0e.php 第 180 行.
NOTIC: [8] Use of undefined constant ppid - assumed 'ppid' /data/wwwroot/html/bobo2/Home/Runtime/Cache/006364ab2ca7013f1c606b3b9e32da0e.php 第 180 行.
NOTIC: [8] Use of undefined constant catid - assumed 'catid' /data/wwwroot/html/bobo2/Home/Runtime/Cache/006364ab2ca7013f1c606b3b9e32da0e.php 第 180 行.
NOTIC: [8] Use of undefined constant id - assumed 'id' /data/wwwroot/html/bobo2/Home/Runtime/Cache/006364ab2ca7013f1c606b3b9e32da0e.php 第 180 行.
NOTIC: [8] Use of undefined constant ppid - assumed 'ppid' /data/wwwroot/html/bobo2/Home/Runtime/Cache/006364ab2ca7013f1c606b3b9e32da0e.php 第 180 行.
NOTIC: [8] Use of undefined constant catid - assumed 'catid' /data/wwwroot/html/bobo2/Home/Runtime/Cache/006364ab2ca7013f1c606b3b9e32da0e.php 第 180 行.
NOTIC: [8] Use of undefined constant id - assumed 'id' /data/wwwroot/html/bobo2/Home/Runtime/Cache/006364ab2ca7013f1c606b3b9e32da0e.php 第 180 行.
NOTIC: [8] Use of undefined constant ppid - assumed 'ppid' /data/wwwroot/html/bobo2/Home/Runtime/Cache/006364ab2ca7013f1c606b3b9e32da0e.php 第 180 行.
NOTIC: [8] Use of undefined constant catid - assumed 'catid' /data/wwwroot/html/bobo2/Home/Runtime/Cache/006364ab2ca7013f1c606b3b9e32da0e.php 第 180 行.
NOTIC: [8] Use of undefined constant id - assumed 'id' /data/wwwroot/html/bobo2/Home/Runtime/Cache/006364ab2ca7013f1c606b3b9e32da0e.php 第 180 行.
NOTIC: [8] Use of undefined constant ppid - assumed 'ppid' /data/wwwroot/html/bobo2/Home/Runtime/Cache/006364ab2ca7013f1c606b3b9e32da0e.php 第 180 行.
NOTIC: [8] Use of undefined constant catid - assumed 'catid' /data/wwwroot/html/bobo2/Home/Runtime/Cache/006364ab2ca7013f1c606b3b9e32da0e.php 第 180 行.
NOTIC: [8] Use of undefined constant id - assumed 'id' /data/wwwroot/html/bobo2/Home/Runtime/Cache/006364ab2ca7013f1c606b3b9e32da0e.php 第 180 行.
NOTIC: [8] Use of undefined constant ppid - assumed 'ppid' /data/wwwroot/html/bobo2/Home/Runtime/Cache/006364ab2ca7013f1c606b3b9e32da0e.php 第 180 行.
NOTIC: [8] Use of undefined constant catid - assumed 'catid' /data/wwwroot/html/bobo2/Home/Runtime/Cache/006364ab2ca7013f1c606b3b9e32da0e.php 第 184 行.
NOTIC: [8] Use of undefined constant catid - assumed 'catid' /data/wwwroot/html/bobo2/Home/Runtime/Cache/006364ab2ca7013f1c606b3b9e32da0e.php 第 184 行.
NOTIC: [8] Use of undefined constant catid - assumed 'catid' /data/wwwroot/html/bobo2/Home/Runtime/Cache/006364ab2ca7013f1c606b3b9e32da0e.php 第 184 行.
NOTIC: [8] Use of undefined constant catid - assumed 'catid' /data/wwwroot/html/bobo2/Home/Runtime/Cache/006364ab2ca7013f1c606b3b9e32da0e.php 第 184 行.
NOTIC: [8] Use of undefined constant catid - assumed 'catid' /data/wwwroot/html/bobo2/Home/Runtime/Cache/006364ab2ca7013f1c606b3b9e32da0e.php 第 184 行.
NOTIC: [8] Use of undefined constant catid - assumed 'catid' /data/wwwroot/html/bobo2/Home/Runtime/Cache/006364ab2ca7013f1c606b3b9e32da0e.php 第 184 行.
NOTIC: [8] Use of undefined constant catid - assumed 'catid' /data/wwwroot/html/bobo2/Home/Runtime/Cache/006364ab2ca7013f1c606b3b9e32da0e.php 第 184 行.
NOTIC: [8] Use of undefined constant catid - assumed 'catid' /data/wwwroot/html/bobo2/Home/Runtime/Cache/006364ab2ca7013f1c606b3b9e32da0e.php 第 184 行.
NOTIC: [8] Use of undefined constant catid - assumed 'catid' /data/wwwroot/html/bobo2/Home/Runtime/Cache/006364ab2ca7013f1c606b3b9e32da0e.php 第 188 行.
NOTIC: [8] Use of undefined constant catid - assumed 'catid' /data/wwwroot/html/bobo2/Home/Runtime/Cache/006364ab2ca7013f1c606b3b9e32da0e.php 第 188 行.
NOTIC: [8] Use of undefined constant catid - assumed 'catid' /data/wwwroot/html/bobo2/Home/Runtime/Cache/006364ab2ca7013f1c606b3b9e32da0e.php 第 188 行.
NOTIC: [8] Use of undefined constant catid - assumed 'catid' /data/wwwroot/html/bobo2/Home/Runtime/Cache/006364ab2ca7013f1c606b3b9e32da0e.php 第 188 行.
NOTIC: [8] Use of undefined constant catid - assumed 'catid' /data/wwwroot/html/bobo2/Home/Runtime/Cache/006364ab2ca7013f1c606b3b9e32da0e.php 第 188 行.
NOTIC: [8] Use of undefined constant catid - assumed 'catid' /data/wwwroot/html/bobo2/Home/Runtime/Cache/006364ab2ca7013f1c606b3b9e32da0e.php 第 188 行.
NOTIC: [8] Use of undefined constant catid - assumed 'catid' /data/wwwroot/html/bobo2/Home/Runtime/Cache/006364ab2ca7013f1c606b3b9e32da0e.php 第 188 行.
NOTIC: [8] Use of undefined constant catid - assumed 'catid' /data/wwwroot/html/bobo2/Home/Runtime/Cache/006364ab2ca7013f1c606b3b9e32da0e.php 第 191 行.
NOTIC: [8] Use of undefined constant catid - assumed 'catid' /data/wwwroot/html/bobo2/Home/Runtime/Cache/006364ab2ca7013f1c606b3b9e32da0e.php 第 191 行.
NOTIC: [8] Use of undefined constant catid - assumed 'catid' /data/wwwroot/html/bobo2/Home/Runtime/Cache/006364ab2ca7013f1c606b3b9e32da0e.php 第 191 行.
NOTIC: [8] Use of undefined constant catid - assumed 'catid' /data/wwwroot/html/bobo2/Home/Runtime/Cache/006364ab2ca7013f1c606b3b9e32da0e.php 第 191 行.
NOTIC: [8] Use of undefined constant catid - assumed 'catid' /data/wwwroot/html/bobo2/Home/Runtime/Cache/006364ab2ca7013f1c606b3b9e32da0e.php 第 191 行.
NOTIC: [8] Use of undefined constant catid - assumed 'catid' /data/wwwroot/html/bobo2/Home/Runtime/Cache/006364ab2ca7013f1c606b3b9e32da0e.php 第 191 行.
NOTIC: [8] Use of undefined constant catid - assumed 'catid' /data/wwwroot/html/bobo2/Home/Runtime/Cache/006364ab2ca7013f1c606b3b9e32da0e.php 第 191 行.
NOTIC: [8] Use of undefined constant catid - assumed 'catid' /data/wwwroot/html/bobo2/Home/Runtime/Cache/006364ab2ca7013f1c606b3b9e32da0e.php 第 191 行.
NOTIC: [8] Use of undefined constant catid - assumed 'catid' /data/wwwroot/html/bobo2/Home/Runtime/Cache/006364ab2ca7013f1c606b3b9e32da0e.php 第 265 行.
NOTIC: [8] Use of undefined constant catid - assumed 'catid' /data/wwwroot/html/bobo2/Home/Runtime/Cache/006364ab2ca7013f1c606b3b9e32da0e.php 第 265 行.
NOTIC: [8] Use of undefined constant catid - assumed 'catid' /data/wwwroot/html/bobo2/Home/Runtime/Cache/006364ab2ca7013f1c606b3b9e32da0e.php 第 265 行.
NOTIC: [8] Use of undefined constant catid - assumed 'catid' /data/wwwroot/html/bobo2/Home/Runtime/Cache/006364ab2ca7013f1c606b3b9e32da0e.php 第 265 行.
NOTIC: [8] Use of undefined constant catid - assumed 'catid' /data/wwwroot/html/bobo2/Home/Runtime/Cache/006364ab2ca7013f1c606b3b9e32da0e.php 第 265 行.
NOTIC: [8] Use of undefined constant catid - assumed 'catid' /data/wwwroot/html/bobo2/Home/Runtime/Cache/006364ab2ca7013f1c606b3b9e32da0e.php 第 265 行.
NOTIC: [8] Use of undefined constant catid - assumed 'catid' /data/wwwroot/html/bobo2/Home/Runtime/Cache/006364ab2ca7013f1c606b3b9e32da0e.php 第 265 行.
NOTIC: [8] Use of undefined constant catid - assumed 'catid' /data/wwwroot/html/bobo2/Home/Runtime/Cache/006364ab2ca7013f1c606b3b9e32da0e.php 第 265 行.
NOTIC: [8] Use of undefined constant catid - assumed 'catid' /data/wwwroot/html/bobo2/Home/Runtime/Cache/006364ab2ca7013f1c606b3b9e32da0e.php 第 265 行.
NOTIC: [8] Use of undefined constant catid - assumed 'catid' /data/wwwroot/html/bobo2/Home/Runtime/Cache/006364ab2ca7013f1c606b3b9e32da0e.php 第 265 行.
NOTIC: [8] Use of undefined constant catid - assumed 'catid' /data/wwwroot/html/bobo2/Home/Runtime/Cache/006364ab2ca7013f1c606b3b9e32da0e.php 第 265 行.
NOTIC: [8] Use of undefined constant catid - assumed 'catid' /data/wwwroot/html/bobo2/Home/Runtime/Cache/006364ab2ca7013f1c606b3b9e32da0e.php 第 265 行.
NOTIC: [8] Use of undefined constant catid - assumed 'catid' /data/wwwroot/html/bobo2/Home/Runtime/Cache/006364ab2ca7013f1c606b3b9e32da0e.php 第 265 行.
NOTIC: [8] Use of undefined constant catid - assumed 'catid' /data/wwwroot/html/bobo2/Home/Runtime/Cache/006364ab2ca7013f1c606b3b9e32da0e.php 第 265 行.
NOTIC: [8] Use of undefined constant catid - assumed 'catid' /data/wwwroot/html/bobo2/Home/Runtime/Cache/006364ab2ca7013f1c606b3b9e32da0e.php 第 265 行.
NOTIC: [8] Use of undefined constant catid - assumed 'catid' /data/wwwroot/html/bobo2/Home/Runtime/Cache/006364ab2ca7013f1c606b3b9e32da0e.php 第 265 行.
NOTIC: [8] Use of undefined constant catid - assumed 'catid' /data/wwwroot/html/bobo2/Home/Runtime/Cache/006364ab2ca7013f1c606b3b9e32da0e.php 第 265 行.
NOTIC: [8] Use of undefined constant catid - assumed 'catid' /data/wwwroot/html/bobo2/Home/Runtime/Cache/006364ab2ca7013f1c606b3b9e32da0e.php 第 265 行.
NOTIC: [8] Use of undefined constant catid - assumed 'catid' /data/wwwroot/html/bobo2/Home/Runtime/Cache/006364ab2ca7013f1c606b3b9e32da0e.php 第 265 行.
NOTIC: [8] Use of undefined constant catid - assumed 'catid' /data/wwwroot/html/bobo2/Home/Runtime/Cache/006364ab2ca7013f1c606b3b9e32da0e.php 第 265 行.
NOTIC: [8] Use of undefined constant catid - assumed 'catid' /data/wwwroot/html/bobo2/Home/Runtime/Cache/006364ab2ca7013f1c606b3b9e32da0e.php 第 265 行.
NOTIC: [8] Use of undefined constant catid - assumed 'catid' /data/wwwroot/html/bobo2/Home/Runtime/Cache/006364ab2ca7013f1c606b3b9e32da0e.php 第 265 行.
NOTIC: [8] Use of undefined constant catid - assumed 'catid' /data/wwwroot/html/bobo2/Home/Runtime/Cache/006364ab2ca7013f1c606b3b9e32da0e.php 第 265 行.
NOTIC: [8] Use of undefined constant catid - assumed 'catid' /data/wwwroot/html/bobo2/Home/Runtime/Cache/006364ab2ca7013f1c606b3b9e32da0e.php 第 265 行.
NOTIC: [8] Use of undefined constant price_search - assumed 'price_search' /data/wwwroot/html/bobo2/Home/Runtime/Cache/006364ab2ca7013f1c606b3b9e32da0e.php 第 281 行.
NOTIC: [8] Undefined index: price_search /data/wwwroot/html/bobo2/Home/Runtime/Cache/006364ab2ca7013f1c606b3b9e32da0e.php 第 281 行.
NOTIC: [8] Use of undefined constant texturelist_search - assumed 'texturelist_search' /data/wwwroot/html/bobo2/Home/Runtime/Cache/006364ab2ca7013f1c606b3b9e32da0e.php 第 290 行.
NOTIC: [8] Undefined index: texturelist_search /data/wwwroot/html/bobo2/Home/Runtime/Cache/006364ab2ca7013f1c606b3b9e32da0e.php 第 290 行.
NOTIC: [8] Use of undefined constant capacity_search - assumed 'capacity_search' /data/wwwroot/html/bobo2/Home/Runtime/Cache/006364ab2ca7013f1c606b3b9e32da0e.php 第 298 行.
NOTIC: [8] Undefined index: capacity_search /data/wwwroot/html/bobo2/Home/Runtime/Cache/006364ab2ca7013f1c606b3b9e32da0e.php 第 298 行.
NOTIC: [8] Use of undefined constant pro_list - assumed 'pro_list' /data/wwwroot/html/bobo2/Home/Runtime/Cache/006364ab2ca7013f1c606b3b9e32da0e.php 第 310 行.
NOTIC: [8] Use of undefined constant pro_list - assumed 'pro_list' /data/wwwroot/html/bobo2/Home/Runtime/Cache/006364ab2ca7013f1c606b3b9e32da0e.php 第 310 行.
NOTIC: [8] Use of undefined constant xqstatus - assumed 'xqstatus' /data/wwwroot/html/bobo2/Home/Runtime/Cache/006364ab2ca7013f1c606b3b9e32da0e.php 第 312 行.
NOTIC: [8] Use of undefined constant catid - assumed 'catid' /data/wwwroot/html/bobo2/Home/Runtime/Cache/006364ab2ca7013f1c606b3b9e32da0e.php 第 312 行.
NOTIC: [8] Use of undefined constant id - assumed 'id' /data/wwwroot/html/bobo2/Home/Runtime/Cache/006364ab2ca7013f1c606b3b9e32da0e.php 第 312 行.
NOTIC: [8] Use of undefined constant ppid - assumed 'ppid' /data/wwwroot/html/bobo2/Home/Runtime/Cache/006364ab2ca7013f1c606b3b9e32da0e.php 第 312 行.
NOTIC: [8] Use of undefined constant fmpicurl - assumed 'fmpicurl' /data/wwwroot/html/bobo2/Home/Runtime/Cache/006364ab2ca7013f1c606b3b9e32da0e.php 第 314 行.
NOTIC: [8] Use of undefined constant colorlist - assumed 'colorlist' /data/wwwroot/html/bobo2/Home/Runtime/Cache/006364ab2ca7013f1c606b3b9e32da0e.php 第 321 行.
NOTIC: [8] Use of undefined constant colorlist - assumed 'colorlist' /data/wwwroot/html/bobo2/Home/Runtime/Cache/006364ab2ca7013f1c606b3b9e32da0e.php 第 321 行.
NOTIC: [8] A session had already been started - ignoring session_start() /data/wwwroot/html/bobo2/Home/Runtime/Cache/006364ab2ca7013f1c606b3b9e32da0e.php 第 330 行.
NOTIC: [8] Undefined index: bobo_pc_user_id /data/wwwroot/html/bobo2/Home/Runtime/Cache/006364ab2ca7013f1c606b3b9e32da0e.php 第 330 行.
NOTIC: [8] Use of undefined constant pro_list - assumed 'pro_list' /data/wwwroot/html/bobo2/Home/Runtime/Cache/006364ab2ca7013f1c606b3b9e32da0e.php 第 310 行.
NOTIC: [8] Use of undefined constant pro_list - assumed 'pro_list' /data/wwwroot/html/bobo2/Home/Runtime/Cache/006364ab2ca7013f1c606b3b9e32da0e.php 第 310 行.
NOTIC: [8] Use of undefined constant xqstatus - assumed 'xqstatus' /data/wwwroot/html/bobo2/Home/Runtime/Cache/006364ab2ca7013f1c606b3b9e32da0e.php 第 312 行.
NOTIC: [8] Use of undefined constant catid - assumed 'catid' /data/wwwroot/html/bobo2/Home/Runtime/Cache/006364ab2ca7013f1c606b3b9e32da0e.php 第 312 行.
NOTIC: [8] Use of undefined constant id - assumed 'id' /data/wwwroot/html/bobo2/Home/Runtime/Cache/006364ab2ca7013f1c606b3b9e32da0e.php 第 312 行.
NOTIC: [8] Use of undefined constant ppid - assumed 'ppid' /data/wwwroot/html/bobo2/Home/Runtime/Cache/006364ab2ca7013f1c606b3b9e32da0e.php 第 312 行.
NOTIC: [8] Use of undefined constant fmpicurl - assumed 'fmpicurl' /data/wwwroot/html/bobo2/Home/Runtime/Cache/006364ab2ca7013f1c606b3b9e32da0e.php 第 314 行.
NOTIC: [8] Use of undefined constant colorlist - assumed 'colorlist' /data/wwwroot/html/bobo2/Home/Runtime/Cache/006364ab2ca7013f1c606b3b9e32da0e.php 第 321 行.
NOTIC: [8] Use of undefined constant colorlist - assumed 'colorlist' /data/wwwroot/html/bobo2/Home/Runtime/Cache/006364ab2ca7013f1c606b3b9e32da0e.php 第 321 行.
NOTIC: [8] A session had already been started - ignoring session_start() /data/wwwroot/html/bobo2/Home/Runtime/Cache/006364ab2ca7013f1c606b3b9e32da0e.php 第 330 行.
NOTIC: [8] Undefined index: bobo_pc_user_id /data/wwwroot/html/bobo2/Home/Runtime/Cache/006364ab2ca7013f1c606b3b9e32da0e.php 第 330 行.
NOTIC: [8] Use of undefined constant xqstatus - assumed 'xqstatus' /data/wwwroot/html/bobo2/Home/Runtime/Cache/006364ab2ca7013f1c606b3b9e32da0e.php 第 312 行.
NOTIC: [8] Use of undefined constant catid - assumed 'catid' /data/wwwroot/html/bobo2/Home/Runtime/Cache/006364ab2ca7013f1c606b3b9e32da0e.php 第 312 行.
NOTIC: [8] Use of undefined constant id - assumed 'id' /data/wwwroot/html/bobo2/Home/Runtime/Cache/006364ab2ca7013f1c606b3b9e32da0e.php 第 312 行.
NOTIC: [8] Use of undefined constant ppid - assumed 'ppid' /data/wwwroot/html/bobo2/Home/Runtime/Cache/006364ab2ca7013f1c606b3b9e32da0e.php 第 312 行.
NOTIC: [8] Use of undefined constant fmpicurl - assumed 'fmpicurl' /data/wwwroot/html/bobo2/Home/Runtime/Cache/006364ab2ca7013f1c606b3b9e32da0e.php 第 314 行.
NOTIC: [8] Use of undefined constant colorlist - assumed 'colorlist' /data/wwwroot/html/bobo2/Home/Runtime/Cache/006364ab2ca7013f1c606b3b9e32da0e.php 第 321 行.
NOTIC: [8] Use of undefined constant colorlist - assumed 'colorlist' /data/wwwroot/html/bobo2/Home/Runtime/Cache/006364ab2ca7013f1c606b3b9e32da0e.php 第 321 行.
NOTIC: [8] A session had already been started - ignoring session_start() /data/wwwroot/html/bobo2/Home/Runtime/Cache/006364ab2ca7013f1c606b3b9e32da0e.php 第 330 行.
NOTIC: [8] Undefined index: bobo_pc_user_id /data/wwwroot/html/bobo2/Home/Runtime/Cache/006364ab2ca7013f1c606b3b9e32da0e.php 第 330 行.
NOTIC: [8] Use of undefined constant pro_list - assumed 'pro_list' /data/wwwroot/html/bobo2/Home/Runtime/Cache/006364ab2ca7013f1c606b3b9e32da0e.php 第 310 行.
NOTIC: [8] Use of undefined constant pro_list - assumed 'pro_list' /data/wwwroot/html/bobo2/Home/Runtime/Cache/006364ab2ca7013f1c606b3b9e32da0e.php 第 310 行.
NOTIC: [8] Use of undefined constant xqstatus - assumed 'xqstatus' /data/wwwroot/html/bobo2/Home/Runtime/Cache/006364ab2ca7013f1c606b3b9e32da0e.php 第 312 行.
NOTIC: [8] Use of undefined constant catid - assumed 'catid' /data/wwwroot/html/bobo2/Home/Runtime/Cache/006364ab2ca7013f1c606b3b9e32da0e.php 第 312 行.
NOTIC: [8] Use of undefined constant id - assumed 'id' /data/wwwroot/html/bobo2/Home/Runtime/Cache/006364ab2ca7013f1c606b3b9e32da0e.php 第 312 行.
NOTIC: [8] Use of undefined constant ppid - assumed 'ppid' /data/wwwroot/html/bobo2/Home/Runtime/Cache/006364ab2ca7013f1c606b3b9e32da0e.php 第 312 行.
NOTIC: [8] Use of undefined constant fmpicurl - assumed 'fmpicurl' /data/wwwroot/html/bobo2/Home/Runtime/Cache/006364ab2ca7013f1c606b3b9e32da0e.php 第 314 行.
NOTIC: [8] Use of undefined constant colorlist - assumed 'colorlist' /data/wwwroot/html/bobo2/Home/Runtime/Cache/006364ab2ca7013f1c606b3b9e32da0e.php 第 321 行.
NOTIC: [8] Use of undefined constant colorlist - assumed 'colorlist' /data/wwwroot/html/bobo2/Home/Runtime/Cache/006364ab2ca7013f1c606b3b9e32da0e.php 第 321 行.
NOTIC: [8] A session had already been started - ignoring session_start() /data/wwwroot/html/bobo2/Home/Runtime/Cache/006364ab2ca7013f1c606b3b9e32da0e.php 第 330 行.
NOTIC: [8] Undefined index: bobo_pc_user_id /data/wwwroot/html/bobo2/Home/Runtime/Cache/006364ab2ca7013f1c606b3b9e32da0e.php 第 330 行.
NOTIC: [8] Use of undefined constant xqstatus - assumed 'xqstatus' /data/wwwroot/html/bobo2/Home/Runtime/Cache/006364ab2ca7013f1c606b3b9e32da0e.php 第 312 行.
NOTIC: [8] Use of undefined constant catid - assumed 'catid' /data/wwwroot/html/bobo2/Home/Runtime/Cache/006364ab2ca7013f1c606b3b9e32da0e.php 第 312 行.
NOTIC: [8] Use of undefined constant id - assumed 'id' /data/wwwroot/html/bobo2/Home/Runtime/Cache/006364ab2ca7013f1c606b3b9e32da0e.php 第 312 行.
NOTIC: [8] Use of undefined constant ppid - assumed 'ppid' /data/wwwroot/html/bobo2/Home/Runtime/Cache/006364ab2ca7013f1c606b3b9e32da0e.php 第 312 行.
NOTIC: [8] Use of undefined constant fmpicurl - assumed 'fmpicurl' /data/wwwroot/html/bobo2/Home/Runtime/Cache/006364ab2ca7013f1c606b3b9e32da0e.php 第 314 行.
NOTIC: [8] Use of undefined constant colorlist - assumed 'colorlist' /data/wwwroot/html/bobo2/Home/Runtime/Cache/006364ab2ca7013f1c606b3b9e32da0e.php 第 321 行.
NOTIC: [8] Use of undefined constant colorlist - assumed 'colorlist' /data/wwwroot/html/bobo2/Home/Runtime/Cache/006364ab2ca7013f1c606b3b9e32da0e.php 第 321 行.
NOTIC: [8] A session had already been started - ignoring session_start() /data/wwwroot/html/bobo2/Home/Runtime/Cache/006364ab2ca7013f1c606b3b9e32da0e.php 第 330 行.
NOTIC: [8] Undefined index: bobo_pc_user_id /data/wwwroot/html/bobo2/Home/Runtime/Cache/006364ab2ca7013f1c606b3b9e32da0e.php 第 330 行.
NOTIC: [8] Use of undefined constant xqstatus - assumed 'xqstatus' /data/wwwroot/html/bobo2/Home/Runtime/Cache/006364ab2ca7013f1c606b3b9e32da0e.php 第 312 行.
NOTIC: [8] Use of undefined constant catid - assumed 'catid' /data/wwwroot/html/bobo2/Home/Runtime/Cache/006364ab2ca7013f1c606b3b9e32da0e.php 第 312 行.
NOTIC: [8] Use of undefined constant id - assumed 'id' /data/wwwroot/html/bobo2/Home/Runtime/Cache/006364ab2ca7013f1c606b3b9e32da0e.php 第 312 行.
NOTIC: [8] Use of undefined constant ppid - assumed 'ppid' /data/wwwroot/html/bobo2/Home/Runtime/Cache/006364ab2ca7013f1c606b3b9e32da0e.php 第 312 行.
NOTIC: [8] Use of undefined constant fmpicurl - assumed 'fmpicurl' /data/wwwroot/html/bobo2/Home/Runtime/Cache/006364ab2ca7013f1c606b3b9e32da0e.php 第 314 行.
NOTIC: [8] Use of undefined constant colorlist - assumed 'colorlist' /data/wwwroot/html/bobo2/Home/Runtime/Cache/006364ab2ca7013f1c606b3b9e32da0e.php 第 321 行.
NOTIC: [8] Use of undefined constant colorlist - assumed 'colorlist' /data/wwwroot/html/bobo2/Home/Runtime/Cache/006364ab2ca7013f1c606b3b9e32da0e.php 第 321 行.
NOTIC: [8] A session had already been started - ignoring session_start() /data/wwwroot/html/bobo2/Home/Runtime/Cache/006364ab2ca7013f1c606b3b9e32da0e.php 第 330 行.
NOTIC: [8] Undefined index: bobo_pc_user_id /data/wwwroot/html/bobo2/Home/Runtime/Cache/006364ab2ca7013f1c606b3b9e32da0e.php 第 330 行.
NOTIC: [8] Use of undefined constant pro_list - assumed 'pro_list' /data/wwwroot/html/bobo2/Home/Runtime/Cache/006364ab2ca7013f1c606b3b9e32da0e.php 第 310 行.
NOTIC: [8] Use of undefined constant pro_list - assumed 'pro_list' /data/wwwroot/html/bobo2/Home/Runtime/Cache/006364ab2ca7013f1c606b3b9e32da0e.php 第 310 行.
NOTIC: [8] Use of undefined constant pro_list - assumed 'pro_list' /data/wwwroot/html/bobo2/Home/Runtime/Cache/006364ab2ca7013f1c606b3b9e32da0e.php 第 310 行.
NOTIC: [8] Use of undefined constant xqstatus - assumed 'xqstatus' /data/wwwroot/html/bobo2/Home/Runtime/Cache/006364ab2ca7013f1c606b3b9e32da0e.php 第 312 行.
NOTIC: [8] Use of undefined constant catid - assumed 'catid' /data/wwwroot/html/bobo2/Home/Runtime/Cache/006364ab2ca7013f1c606b3b9e32da0e.php 第 312 行.
NOTIC: [8] Use of undefined constant id - assumed 'id' /data/wwwroot/html/bobo2/Home/Runtime/Cache/006364ab2ca7013f1c606b3b9e32da0e.php 第 312 行.
NOTIC: [8] Use of undefined constant ppid - assumed 'ppid' /data/wwwroot/html/bobo2/Home/Runtime/Cache/006364ab2ca7013f1c606b3b9e32da0e.php 第 312 行.
NOTIC: [8] Use of undefined constant fmpicurl - assumed 'fmpicurl' /data/wwwroot/html/bobo2/Home/Runtime/Cache/006364ab2ca7013f1c606b3b9e32da0e.php 第 314 行.
NOTIC: [8] Use of undefined constant colorlist - assumed 'colorlist' /data/wwwroot/html/bobo2/Home/Runtime/Cache/006364ab2ca7013f1c606b3b9e32da0e.php 第 321 行.
NOTIC: [8] Use of undefined constant colorlist - assumed 'colorlist' /data/wwwroot/html/bobo2/Home/Runtime/Cache/006364ab2ca7013f1c606b3b9e32da0e.php 第 321 行.
NOTIC: [8] A session had already been started - ignoring session_start() /data/wwwroot/html/bobo2/Home/Runtime/Cache/006364ab2ca7013f1c606b3b9e32da0e.php 第 330 行.
NOTIC: [8] Undefined index: bobo_pc_user_id /data/wwwroot/html/bobo2/Home/Runtime/Cache/006364ab2ca7013f1c606b3b9e32da0e.php 第 330 行.
NOTIC: [8] Use of undefined constant xqstatus - assumed 'xqstatus' /data/wwwroot/html/bobo2/Home/Runtime/Cache/006364ab2ca7013f1c606b3b9e32da0e.php 第 312 行.
NOTIC: [8] Use of undefined constant catid - assumed 'catid' /data/wwwroot/html/bobo2/Home/Runtime/Cache/006364ab2ca7013f1c606b3b9e32da0e.php 第 312 行.
NOTIC: [8] Use of undefined constant id - assumed 'id' /data/wwwroot/html/bobo2/Home/Runtime/Cache/006364ab2ca7013f1c606b3b9e32da0e.php 第 312 行.
NOTIC: [8] Use of undefined constant ppid - assumed 'ppid' /data/wwwroot/html/bobo2/Home/Runtime/Cache/006364ab2ca7013f1c606b3b9e32da0e.php 第 312 行.
NOTIC: [8] Use of undefined constant fmpicurl - assumed 'fmpicurl' /data/wwwroot/html/bobo2/Home/Runtime/Cache/006364ab2ca7013f1c606b3b9e32da0e.php 第 314 行.
NOTIC: [8] Use of undefined constant colorlist - assumed 'colorlist' /data/wwwroot/html/bobo2/Home/Runtime/Cache/006364ab2ca7013f1c606b3b9e32da0e.php 第 321 行.
NOTIC: [8] Use of undefined constant colorlist - assumed 'colorlist' /data/wwwroot/html/bobo2/Home/Runtime/Cache/006364ab2ca7013f1c606b3b9e32da0e.php 第 321 行.
NOTIC: [8] A session had already been started - ignoring session_start() /data/wwwroot/html/bobo2/Home/Runtime/Cache/006364ab2ca7013f1c606b3b9e32da0e.php 第 330 行.
NOTIC: [8] Undefined index: bobo_pc_user_id /data/wwwroot/html/bobo2/Home/Runtime/Cache/006364ab2ca7013f1c606b3b9e32da0e.php 第 330 行.
NOTIC: [8] Use of undefined constant xqstatus - assumed 'xqstatus' /data/wwwroot/html/bobo2/Home/Runtime/Cache/006364ab2ca7013f1c606b3b9e32da0e.php 第 312 行.
NOTIC: [8] Use of undefined constant catid - assumed 'catid' /data/wwwroot/html/bobo2/Home/Runtime/Cache/006364ab2ca7013f1c606b3b9e32da0e.php 第 312 行.
NOTIC: [8] Use of undefined constant id - assumed 'id' /data/wwwroot/html/bobo2/Home/Runtime/Cache/006364ab2ca7013f1c606b3b9e32da0e.php 第 312 行.
NOTIC: [8] Use of undefined constant ppid - assumed 'ppid' /data/wwwroot/html/bobo2/Home/Runtime/Cache/006364ab2ca7013f1c606b3b9e32da0e.php 第 312 行.
NOTIC: [8] Use of undefined constant fmpicurl - assumed 'fmpicurl' /data/wwwroot/html/bobo2/Home/Runtime/Cache/006364ab2ca7013f1c606b3b9e32da0e.php 第 314 行.
NOTIC: [8] Use of undefined constant colorlist - assumed 'colorlist' /data/wwwroot/html/bobo2/Home/Runtime/Cache/006364ab2ca7013f1c606b3b9e32da0e.php 第 321 行.
NOTIC: [8] Use of undefined constant colorlist - assumed 'colorlist' /data/wwwroot/html/bobo2/Home/Runtime/Cache/006364ab2ca7013f1c606b3b9e32da0e.php 第 321 行.
NOTIC: [8] A session had already been started - ignoring session_start() /data/wwwroot/html/bobo2/Home/Runtime/Cache/006364ab2ca7013f1c606b3b9e32da0e.php 第 330 行.
NOTIC: [8] Undefined index: bobo_pc_user_id /data/wwwroot/html/bobo2/Home/Runtime/Cache/006364ab2ca7013f1c606b3b9e32da0e.php 第 330 行.
NOTIC: [8] Use of undefined constant pro_list - assumed 'pro_list' /data/wwwroot/html/bobo2/Home/Runtime/Cache/006364ab2ca7013f1c606b3b9e32da0e.php 第 310 行.
NOTIC: [8] Use of undefined constant pro_list - assumed 'pro_list' /data/wwwroot/html/bobo2/Home/Runtime/Cache/006364ab2ca7013f1c606b3b9e32da0e.php 第 310 行.
NOTIC: [8] Use of undefined constant xqstatus - assumed 'xqstatus' /data/wwwroot/html/bobo2/Home/Runtime/Cache/006364ab2ca7013f1c606b3b9e32da0e.php 第 312 行.
NOTIC: [8] Use of undefined constant catid - assumed 'catid' /data/wwwroot/html/bobo2/Home/Runtime/Cache/006364ab2ca7013f1c606b3b9e32da0e.php 第 312 行.
NOTIC: [8] Use of undefined constant id - assumed 'id' /data/wwwroot/html/bobo2/Home/Runtime/Cache/006364ab2ca7013f1c606b3b9e32da0e.php 第 312 行.
NOTIC: [8] Use of undefined constant ppid - assumed 'ppid' /data/wwwroot/html/bobo2/Home/Runtime/Cache/006364ab2ca7013f1c606b3b9e32da0e.php 第 312 行.
NOTIC: [8] Use of undefined constant fmpicurl - assumed 'fmpicurl' /data/wwwroot/html/bobo2/Home/Runtime/Cache/006364ab2ca7013f1c606b3b9e32da0e.php 第 314 行.
NOTIC: [8] A session had already been started - ignoring session_start() /data/wwwroot/html/bobo2/Home/Runtime/Cache/006364ab2ca7013f1c606b3b9e32da0e.php 第 330 行.
NOTIC: [8] Undefined index: bobo_pc_user_id /data/wwwroot/html/bobo2/Home/Runtime/Cache/006364ab2ca7013f1c606b3b9e32da0e.php 第 330 行.
NOTIC: [8] Use of undefined constant xqstatus - assumed 'xqstatus' /data/wwwroot/html/bobo2/Home/Runtime/Cache/006364ab2ca7013f1c606b3b9e32da0e.php 第 312 行.
NOTIC: [8] Use of undefined constant catid - assumed 'catid' /data/wwwroot/html/bobo2/Home/Runtime/Cache/006364ab2ca7013f1c606b3b9e32da0e.php 第 312 行.
NOTIC: [8] Use of undefined constant id - assumed 'id' /data/wwwroot/html/bobo2/Home/Runtime/Cache/006364ab2ca7013f1c606b3b9e32da0e.php 第 312 行.
NOTIC: [8] Use of undefined constant ppid - assumed 'ppid' /data/wwwroot/html/bobo2/Home/Runtime/Cache/006364ab2ca7013f1c606b3b9e32da0e.php 第 312 行.
NOTIC: [8] Use of undefined constant fmpicurl - assumed 'fmpicurl' /data/wwwroot/html/bobo2/Home/Runtime/Cache/006364ab2ca7013f1c606b3b9e32da0e.php 第 314 行.
NOTIC: [8] A session had already been started - ignoring session_start() /data/wwwroot/html/bobo2/Home/Runtime/Cache/006364ab2ca7013f1c606b3b9e32da0e.php 第 330 行.
NOTIC: [8] Undefined index: bobo_pc_user_id /data/wwwroot/html/bobo2/Home/Runtime/Cache/006364ab2ca7013f1c606b3b9e32da0e.php 第 330 行.
NOTIC: [8] Use of undefined constant xqstatus - assumed 'xqstatus' /data/wwwroot/html/bobo2/Home/Runtime/Cache/006364ab2ca7013f1c606b3b9e32da0e.php 第 312 行.
NOTIC: [8] Use of undefined constant catid - assumed 'catid' /data/wwwroot/html/bobo2/Home/Runtime/Cache/006364ab2ca7013f1c606b3b9e32da0e.php 第 312 行.
NOTIC: [8] Use of undefined constant id - assumed 'id' /data/wwwroot/html/bobo2/Home/Runtime/Cache/006364ab2ca7013f1c606b3b9e32da0e.php 第 312 行.
NOTIC: [8] Use of undefined constant ppid - assumed 'ppid' /data/wwwroot/html/bobo2/Home/Runtime/Cache/006364ab2ca7013f1c606b3b9e32da0e.php 第 312 行.
NOTIC: [8] Use of undefined constant fmpicurl - assumed 'fmpicurl' /data/wwwroot/html/bobo2/Home/Runtime/Cache/006364ab2ca7013f1c606b3b9e32da0e.php 第 314 行.
NOTIC: [8] Use of undefined constant colorlist - assumed 'colorlist' /data/wwwroot/html/bobo2/Home/Runtime/Cache/006364ab2ca7013f1c606b3b9e32da0e.php 第 321 行.
NOTIC: [8] Use of undefined constant colorlist - assumed 'colorlist' /data/wwwroot/html/bobo2/Home/Runtime/Cache/006364ab2ca7013f1c606b3b9e32da0e.php 第 321 行.
NOTIC: [8] A session had already been started - ignoring session_start() /data/wwwroot/html/bobo2/Home/Runtime/Cache/006364ab2ca7013f1c606b3b9e32da0e.php 第 330 行.
NOTIC: [8] Undefined index: bobo_pc_user_id /data/wwwroot/html/bobo2/Home/Runtime/Cache/006364ab2ca7013f1c606b3b9e32da0e.php 第 330 行.
NOTIC: [8] Use of undefined constant xqstatus - assumed 'xqstatus' /data/wwwroot/html/bobo2/Home/Runtime/Cache/006364ab2ca7013f1c606b3b9e32da0e.php 第 312 行.
NOTIC: [8] Use of undefined constant catid - assumed 'catid' /data/wwwroot/html/bobo2/Home/Runtime/Cache/006364ab2ca7013f1c606b3b9e32da0e.php 第 312 行.
NOTIC: [8] Use of undefined constant id - assumed 'id' /data/wwwroot/html/bobo2/Home/Runtime/Cache/006364ab2ca7013f1c606b3b9e32da0e.php 第 312 行.
NOTIC: [8] Use of undefined constant ppid - assumed 'ppid' /data/wwwroot/html/bobo2/Home/Runtime/Cache/006364ab2ca7013f1c606b3b9e32da0e.php 第 312 行.
NOTIC: [8] Use of undefined constant fmpicurl - assumed 'fmpicurl' /data/wwwroot/html/bobo2/Home/Runtime/Cache/006364ab2ca7013f1c606b3b9e32da0e.php 第 314 行.
NOTIC: [8] Use of undefined constant colorlist - assumed 'colorlist' /data/wwwroot/html/bobo2/Home/Runtime/Cache/006364ab2ca7013f1c606b3b9e32da0e.php 第 321 行.
NOTIC: [8] Use of undefined constant colorlist - assumed 'colorlist' /data/wwwroot/html/bobo2/Home/Runtime/Cache/006364ab2ca7013f1c606b3b9e32da0e.php 第 321 行.
NOTIC: [8] A session had already been started - ignoring session_start() /data/wwwroot/html/bobo2/Home/Runtime/Cache/006364ab2ca7013f1c606b3b9e32da0e.php 第 330 行.
NOTIC: [8] Undefined index: bobo_pc_user_id /data/wwwroot/html/bobo2/Home/Runtime/Cache/006364ab2ca7013f1c606b3b9e32da0e.php 第 330 行.
NOTIC: [8] Use of undefined constant pro_list - assumed 'pro_list' /data/wwwroot/html/bobo2/Home/Runtime/Cache/006364ab2ca7013f1c606b3b9e32da0e.php 第 310 行.
NOTIC: [8] Use of undefined constant pro_list - assumed 'pro_list' /data/wwwroot/html/bobo2/Home/Runtime/Cache/006364ab2ca7013f1c606b3b9e32da0e.php 第 310 行.
NOTIC: [8] Use of undefined constant xqstatus - assumed 'xqstatus' /data/wwwroot/html/bobo2/Home/Runtime/Cache/006364ab2ca7013f1c606b3b9e32da0e.php 第 312 行.
NOTIC: [8] Use of undefined constant catid - assumed 'catid' /data/wwwroot/html/bobo2/Home/Runtime/Cache/006364ab2ca7013f1c606b3b9e32da0e.php 第 312 行.
NOTIC: [8] Use of undefined constant id - assumed 'id' /data/wwwroot/html/bobo2/Home/Runtime/Cache/006364ab2ca7013f1c606b3b9e32da0e.php 第 312 行.
NOTIC: [8] Use of undefined constant ppid - assumed 'ppid' /data/wwwroot/html/bobo2/Home/Runtime/Cache/006364ab2ca7013f1c606b3b9e32da0e.php 第 312 行.
NOTIC: [8] Use of undefined constant fmpicurl - assumed 'fmpicurl' /data/wwwroot/html/bobo2/Home/Runtime/Cache/006364ab2ca7013f1c606b3b9e32da0e.php 第 314 行.
NOTIC: [8] A session had already been started - ignoring session_start() /data/wwwroot/html/bobo2/Home/Runtime/Cache/006364ab2ca7013f1c606b3b9e32da0e.php 第 330 行.
NOTIC: [8] Undefined index: bobo_pc_user_id /data/wwwroot/html/bobo2/Home/Runtime/Cache/006364ab2ca7013f1c606b3b9e32da0e.php 第 330 行.
INFO: Run ParseTemplate Behavior [ RunTime:0.095081s ]
INFO: [ view_parse ] --END-- [ RunTime:0.095139s ]
INFO: [ view_filter ] --START--
INFO: Run ContentReplace Behavior [ RunTime:0.001036s ]
INFO: Run TokenBuild Behavior [ RunTime:0.000639s ]
INFO: Run WriteHtmlCache Behavior [ RunTime:0.000410s ]
INFO: Run ShowRuntime Behavior [ RunTime:0.000568s ]
INFO: [ view_filter ] --END-- [ RunTime:0.002839s ]
INFO: [ view_end ] --START--
INFO: Run ShowPageTrace Behavior [ RunTime:0.000643s ]
INFO: [ view_end ] --END-- [ RunTime:0.000692s ]

