[ 2017-03-15T04:16:27+08:00 ] 220.181.108.141 /bobo2/index.php/Product/product_details/catid/16/pid/16/ppid/23
INFO: [ route_check ] --START--
INFO: Run CheckRoute Behavior [ RunTime:0.000590s ]
INFO: [ route_check ] --END-- [ RunTime:0.000726s ]
INFO: [ app_begin ] --START--
INFO: Run ReadHtmlCache Behavior [ RunTime:0.000355s ]
INFO: [ app_begin ] --END-- [ RunTime:0.000423s ]
SQL: SHOW COLUMNS FROM `tp_product` [ RunTime:0.001248s ]
SQL: SHOW COLUMNS FROM `tp_category` [ RunTime:0.000796s ]
SQL: SHOW COLUMNS FROM `tp_linkage` [ RunTime:0.000594s ]
SQL: SHOW COLUMNS FROM `tp_parameter` [ RunTime:0.000572s ]
SQL: SHOW COLUMNS FROM `tp_collect` [ RunTime:0.000501s ]
SQL: SHOW COLUMNS FROM `tp_content` [ RunTime:0.000872s ]
SQL: SHOW COLUMNS FROM `tp_page` [ RunTime:0.000540s ]
SQL: SELECT * FROM `tp_page` WHERE ( `catid` = 29 ) LIMIT 1   [ RunTime:0.000212s ]
SQL: SELECT `id`,`catid`,`title`,`headerpic` FROM `tp_content` WHERE ( catid=23 and (status=2 or status=3) ) ORDER BY conorder desc,id desc LIMIT 8   [ RunTime:0.000624s ]
SQL: SELECT `id`,`catid`,`title`,`headerpic` FROM `tp_content` WHERE ( catid=24 and (status=2 or status=3) ) ORDER BY conorder desc,id desc LIMIT 8   [ RunTime:0.000532s ]
SQL: SELECT `id`,`catid`,`title`,`headerpic` FROM `tp_content` WHERE ( catid=25 and (status=2 or status=3) ) ORDER BY conorder desc,id desc LIMIT 8   [ RunTime:0.000445s ]
SQL: SHOW COLUMNS FROM `tp_site` [ RunTime:0.000489s ]
SQL: SELECT * FROM `tp_site` WHERE ( siteid=1 ) LIMIT 1   [ RunTime:0.000169s ]
SQL: SELECT a.xqstatus,a.title,a.picurlpc,a.catid,a.id,b.id as ppid FROM tp_product_price b,tp_product a WHERE ( a.posid=1 and a.status=1 and  a.id=b.pid ) ORDER BY a.listorder desc,id desc LIMIT 8   [ RunTime:0.000781s ]
SQL: SHOW COLUMNS FROM `tp_video` [ RunTime:0.000677s ]
SQL: SELECT `vtitle`,`headerpic`,`catid` FROM `tp_video` WHERE ( catid=26 and (status=2 or status=3) ) ORDER BY listorder desc,vid desc LIMIT 8   [ RunTime:0.000300s ]
SQL: SELECT `vtitle`,`headerpic`,`catid` FROM `tp_video` WHERE ( catid=27 and (status=2 or status=3) ) ORDER BY listorder desc,vid desc LIMIT 8   [ RunTime:0.000256s ]
SQL: SELECT `catid`,`catname`,`caturl` FROM `tp_category` WHERE ( `catid` IN ('14','15','16','17','18','19','20','21') ) ORDER BY listorder desc,catid desc  [ RunTime:0.000243s ]
NOTIC: [8] Undefined variable: category_list /data/wwwroot/html/bobo2/Home/Lib/Action/CommonAction.class.php 第 28 行.
NOTIC: [8] Undefined index: bobo_pc_user_id /data/wwwroot/html/bobo2/Home/Lib/Action/ProductAction.class.php 第 379 行.
SQL: SELECT tp_product.picurlpc,tp_product.title,tp_product.colorlist,a.price,a.capacity,tp_product.id as pid,tp_product.catid,a.id FROM `tp_product` left join tp_product_price a on tp_product.id=a.pid WHERE ( tp_product.catid=16  and tp_product.status=1  ) ORDER BY tp_product.listorder desc,tp_product.id desc LIMIT 6   [ RunTime:0.000720s ]
SQL: SELECT `colorname`,`name` FROM `tp_parameter` WHERE ( `id` IN ('9','4','7','6','6','4','9','7') ) AND ( `status` = 1 )  [ RunTime:0.000206s ]
SQL: SELECT `colorname`,`name` FROM `tp_parameter` WHERE ( `id` IN ('9','4','7','6','6','4','9','7') ) AND ( `status` = 1 )  [ RunTime:0.000177s ]
SQL: SELECT `colorname`,`name` FROM `tp_parameter` WHERE ( `id` IN ('1','6') ) AND ( `status` = 1 )  [ RunTime:0.000188s ]
SQL: SELECT `colorname`,`name` FROM `tp_parameter` WHERE ( `id` IN ('4','1') ) AND ( `status` = 1 )  [ RunTime:0.000171s ]
SQL: SELECT `colorname`,`name` FROM `tp_parameter` WHERE ( `id` IN ('4','1','7','9') ) AND ( `status` = 1 )  [ RunTime:0.000186s ]
SQL: SELECT `colorname`,`name` FROM `tp_parameter` WHERE ( `id` IN ('12','6') ) AND ( `status` = 1 )  [ RunTime:0.000189s ]
SQL: SELECT `catname` FROM `tp_category` WHERE ( catid=16 ) LIMIT 1   [ RunTime:0.000152s ]
SQL: SELECT tp_product.xqstatus,tp_product.content,tp_product.picurlpcall,tp_product.title,tp_product.colorlist,a.price,c.id as colid,a.id as ppid FROM `tp_product` left join tp_product_price a on tp_product.id=a.pid left join tp_collect c on a.id=c.ppid WHERE ( tp_product.catid=16 and tp_product.id=16 and tp_product.status=1 and a.id=23 ) LIMIT 1   [ RunTime:0.000288s ]
SQL: SELECT `colorname`,`name` FROM `tp_parameter` WHERE ( `id` IN ('12','6','4','1') ) AND ( `status` = 1 ) ORDER BY field (id,12,6,4,1)  [ RunTime:0.000199s ]
NOTIC: [8] Undefined variable: link_list /data/wwwroot/html/bobo2/Home/Lib/Action/ProductAction.class.php 第 428 行.
INFO: [ view_template ] --START--
INFO: Run LocationTemplate Behavior [ RunTime:0.000261s ]
INFO: [ view_template ] --END-- [ RunTime:0.000320s ]
INFO: [ view_parse ] --START--
NOTIC: [8] A session had already been started - ignoring session_start() /data/wwwroot/html/bobo2/Home/Runtime/Cache/22da7317198283eab56d8e78bc060a88.php 第 78 行.
NOTIC: [8] Undefined index: bobo_pc_user_id /data/wwwroot/html/bobo2/Home/Runtime/Cache/22da7317198283eab56d8e78bc060a88.php 第 78 行.
NOTIC: [8] Undefined index: bobo_pc_user_id /data/wwwroot/html/bobo2/Home/Runtime/Cache/22da7317198283eab56d8e78bc060a88.php 第 85 行.
NOTIC: [8] Undefined index: bobo_pc_user_name /data/wwwroot/html/bobo2/Home/Runtime/Cache/22da7317198283eab56d8e78bc060a88.php 第 85 行.
NOTIC: [8] Undefined variable: k /data/wwwroot/html/bobo2/Home/Runtime/Cache/22da7317198283eab56d8e78bc060a88.php 第 112 行.
NOTIC: [8] Use of undefined constant catid - assumed 'catid' /data/wwwroot/html/bobo2/Home/Runtime/Cache/22da7317198283eab56d8e78bc060a88.php 第 115 行.
NOTIC: [8] Use of undefined constant id - assumed 'id' /data/wwwroot/html/bobo2/Home/Runtime/Cache/22da7317198283eab56d8e78bc060a88.php 第 115 行.
NOTIC: [8] Use of undefined constant catid - assumed 'catid' /data/wwwroot/html/bobo2/Home/Runtime/Cache/22da7317198283eab56d8e78bc060a88.php 第 115 行.
NOTIC: [8] Use of undefined constant id - assumed 'id' /data/wwwroot/html/bobo2/Home/Runtime/Cache/22da7317198283eab56d8e78bc060a88.php 第 115 行.
NOTIC: [8] Use of undefined constant catid - assumed 'catid' /data/wwwroot/html/bobo2/Home/Runtime/Cache/22da7317198283eab56d8e78bc060a88.php 第 115 行.
NOTIC: [8] Use of undefined constant id - assumed 'id' /data/wwwroot/html/bobo2/Home/Runtime/Cache/22da7317198283eab56d8e78bc060a88.php 第 115 行.
NOTIC: [8] Use of undefined constant catid - assumed 'catid' /data/wwwroot/html/bobo2/Home/Runtime/Cache/22da7317198283eab56d8e78bc060a88.php 第 115 行.
NOTIC: [8] Use of undefined constant id - assumed 'id' /data/wwwroot/html/bobo2/Home/Runtime/Cache/22da7317198283eab56d8e78bc060a88.php 第 115 行.
NOTIC: [8] Use of undefined constant catid - assumed 'catid' /data/wwwroot/html/bobo2/Home/Runtime/Cache/22da7317198283eab56d8e78bc060a88.php 第 115 行.
NOTIC: [8] Use of undefined constant id - assumed 'id' /data/wwwroot/html/bobo2/Home/Runtime/Cache/22da7317198283eab56d8e78bc060a88.php 第 115 行.
NOTIC: [8] Use of undefined constant catid - assumed 'catid' /data/wwwroot/html/bobo2/Home/Runtime/Cache/22da7317198283eab56d8e78bc060a88.php 第 115 行.
NOTIC: [8] Use of undefined constant id - assumed 'id' /data/wwwroot/html/bobo2/Home/Runtime/Cache/22da7317198283eab56d8e78bc060a88.php 第 115 行.
NOTIC: [8] Use of undefined constant catid - assumed 'catid' /data/wwwroot/html/bobo2/Home/Runtime/Cache/22da7317198283eab56d8e78bc060a88.php 第 115 行.
NOTIC: [8] Use of undefined constant id - assumed 'id' /data/wwwroot/html/bobo2/Home/Runtime/Cache/22da7317198283eab56d8e78bc060a88.php 第 115 行.
NOTIC: [8] Use of undefined constant catid - assumed 'catid' /data/wwwroot/html/bobo2/Home/Runtime/Cache/22da7317198283eab56d8e78bc060a88.php 第 115 行.
NOTIC: [8] Use of undefined constant id - assumed 'id' /data/wwwroot/html/bobo2/Home/Runtime/Cache/22da7317198283eab56d8e78bc060a88.php 第 115 行.
NOTIC: [8] Use of undefined constant catid - assumed 'catid' /data/wwwroot/html/bobo2/Home/Runtime/Cache/22da7317198283eab56d8e78bc060a88.php 第 118 行.
NOTIC: [8] Use of undefined constant id - assumed 'id' /data/wwwroot/html/bobo2/Home/Runtime/Cache/22da7317198283eab56d8e78bc060a88.php 第 118 行.
NOTIC: [8] Use of undefined constant catid - assumed 'catid' /data/wwwroot/html/bobo2/Home/Runtime/Cache/22da7317198283eab56d8e78bc060a88.php 第 118 行.
NOTIC: [8] Use of undefined constant id - assumed 'id' /data/wwwroot/html/bobo2/Home/Runtime/Cache/22da7317198283eab56d8e78bc060a88.php 第 118 行.
NOTIC: [8] Use of undefined constant catid - assumed 'catid' /data/wwwroot/html/bobo2/Home/Runtime/Cache/22da7317198283eab56d8e78bc060a88.php 第 118 行.
NOTIC: [8] Use of undefined constant id - assumed 'id' /data/wwwroot/html/bobo2/Home/Runtime/Cache/22da7317198283eab56d8e78bc060a88.php 第 118 行.
NOTIC: [8] Use of undefined constant catid - assumed 'catid' /data/wwwroot/html/bobo2/Home/Runtime/Cache/22da7317198283eab56d8e78bc060a88.php 第 118 行.
NOTIC: [8] Use of undefined constant id - assumed 'id' /data/wwwroot/html/bobo2/Home/Runtime/Cache/22da7317198283eab56d8e78bc060a88.php 第 118 行.
NOTIC: [8] Use of undefined constant catid - assumed 'catid' /data/wwwroot/html/bobo2/Home/Runtime/Cache/22da7317198283eab56d8e78bc060a88.php 第 121 行.
NOTIC: [8] Use of undefined constant id - assumed 'id' /data/wwwroot/html/bobo2/Home/Runtime/Cache/22da7317198283eab56d8e78bc060a88.php 第 121 行.
NOTIC: [8] Use of undefined constant catid - assumed 'catid' /data/wwwroot/html/bobo2/Home/Runtime/Cache/22da7317198283eab56d8e78bc060a88.php 第 121 行.
NOTIC: [8] Use of undefined constant id - assumed 'id' /data/wwwroot/html/bobo2/Home/Runtime/Cache/22da7317198283eab56d8e78bc060a88.php 第 121 行.
NOTIC: [8] Use of undefined constant catid - assumed 'catid' /data/wwwroot/html/bobo2/Home/Runtime/Cache/22da7317198283eab56d8e78bc060a88.php 第 146 行.
NOTIC: [8] Use of undefined constant id - assumed 'id' /data/wwwroot/html/bobo2/Home/Runtime/Cache/22da7317198283eab56d8e78bc060a88.php 第 146 行.
NOTIC: [8] Use of undefined constant ppid - assumed 'ppid' /data/wwwroot/html/bobo2/Home/Runtime/Cache/22da7317198283eab56d8e78bc060a88.php 第 146 行.
NOTIC: [8] Use of undefined constant catid - assumed 'catid' /data/wwwroot/html/bobo2/Home/Runtime/Cache/22da7317198283eab56d8e78bc060a88.php 第 146 行.
NOTIC: [8] Use of undefined constant id - assumed 'id' /data/wwwroot/html/bobo2/Home/Runtime/Cache/22da7317198283eab56d8e78bc060a88.php 第 146 行.
NOTIC: [8] Use of undefined constant ppid - assumed 'ppid' /data/wwwroot/html/bobo2/Home/Runtime/Cache/22da7317198283eab56d8e78bc060a88.php 第 146 行.
NOTIC: [8] Use of undefined constant catid - assumed 'catid' /data/wwwroot/html/bobo2/Home/Runtime/Cache/22da7317198283eab56d8e78bc060a88.php 第 146 行.
NOTIC: [8] Use of undefined constant id - assumed 'id' /data/wwwroot/html/bobo2/Home/Runtime/Cache/22da7317198283eab56d8e78bc060a88.php 第 146 行.
NOTIC: [8] Use of undefined constant ppid - assumed 'ppid' /data/wwwroot/html/bobo2/Home/Runtime/Cache/22da7317198283eab56d8e78bc060a88.php 第 146 行.
NOTIC: [8] Use of undefined constant catid - assumed 'catid' /data/wwwroot/html/bobo2/Home/Runtime/Cache/22da7317198283eab56d8e78bc060a88.php 第 146 行.
NOTIC: [8] Use of undefined constant id - assumed 'id' /data/wwwroot/html/bobo2/Home/Runtime/Cache/22da7317198283eab56d8e78bc060a88.php 第 146 行.
NOTIC: [8] Use of undefined constant ppid - assumed 'ppid' /data/wwwroot/html/bobo2/Home/Runtime/Cache/22da7317198283eab56d8e78bc060a88.php 第 146 行.
NOTIC: [8] Use of undefined constant catid - assumed 'catid' /data/wwwroot/html/bobo2/Home/Runtime/Cache/22da7317198283eab56d8e78bc060a88.php 第 146 行.
NOTIC: [8] Use of undefined constant id - assumed 'id' /data/wwwroot/html/bobo2/Home/Runtime/Cache/22da7317198283eab56d8e78bc060a88.php 第 146 行.
NOTIC: [8] Use of undefined constant ppid - assumed 'ppid' /data/wwwroot/html/bobo2/Home/Runtime/Cache/22da7317198283eab56d8e78bc060a88.php 第 146 行.
NOTIC: [8] Use of undefined constant catid - assumed 'catid' /data/wwwroot/html/bobo2/Home/Runtime/Cache/22da7317198283eab56d8e78bc060a88.php 第 146 行.
NOTIC: [8] Use of undefined constant id - assumed 'id' /data/wwwroot/html/bobo2/Home/Runtime/Cache/22da7317198283eab56d8e78bc060a88.php 第 146 行.
NOTIC: [8] Use of undefined constant ppid - assumed 'ppid' /data/wwwroot/html/bobo2/Home/Runtime/Cache/22da7317198283eab56d8e78bc060a88.php 第 146 行.
NOTIC: [8] Use of undefined constant catid - assumed 'catid' /data/wwwroot/html/bobo2/Home/Runtime/Cache/22da7317198283eab56d8e78bc060a88.php 第 146 行.
NOTIC: [8] Use of undefined constant id - assumed 'id' /data/wwwroot/html/bobo2/Home/Runtime/Cache/22da7317198283eab56d8e78bc060a88.php 第 146 行.
NOTIC: [8] Use of undefined constant ppid - assumed 'ppid' /data/wwwroot/html/bobo2/Home/Runtime/Cache/22da7317198283eab56d8e78bc060a88.php 第 146 行.
NOTIC: [8] Use of undefined constant catid - assumed 'catid' /data/wwwroot/html/bobo2/Home/Runtime/Cache/22da7317198283eab56d8e78bc060a88.php 第 146 行.
NOTIC: [8] Use of undefined constant id - assumed 'id' /data/wwwroot/html/bobo2/Home/Runtime/Cache/22da7317198283eab56d8e78bc060a88.php 第 146 行.
NOTIC: [8] Use of undefined constant ppid - assumed 'ppid' /data/wwwroot/html/bobo2/Home/Runtime/Cache/22da7317198283eab56d8e78bc060a88.php 第 146 行.
NOTIC: [8] Use of undefined constant catid - assumed 'catid' /data/wwwroot/html/bobo2/Home/Runtime/Cache/22da7317198283eab56d8e78bc060a88.php 第 150 行.
NOTIC: [8] Use of undefined constant catid - assumed 'catid' /data/wwwroot/html/bobo2/Home/Runtime/Cache/22da7317198283eab56d8e78bc060a88.php 第 150 行.
NOTIC: [8] Use of undefined constant catid - assumed 'catid' /data/wwwroot/html/bobo2/Home/Runtime/Cache/22da7317198283eab56d8e78bc060a88.php 第 150 行.
NOTIC: [8] Use of undefined constant catid - assumed 'catid' /data/wwwroot/html/bobo2/Home/Runtime/Cache/22da7317198283eab56d8e78bc060a88.php 第 150 行.
NOTIC: [8] Use of undefined constant catid - assumed 'catid' /data/wwwroot/html/bobo2/Home/Runtime/Cache/22da7317198283eab56d8e78bc060a88.php 第 150 行.
NOTIC: [8] Use of undefined constant catid - assumed 'catid' /data/wwwroot/html/bobo2/Home/Runtime/Cache/22da7317198283eab56d8e78bc060a88.php 第 150 行.
NOTIC: [8] Use of undefined constant catid - assumed 'catid' /data/wwwroot/html/bobo2/Home/Runtime/Cache/22da7317198283eab56d8e78bc060a88.php 第 150 行.
NOTIC: [8] Use of undefined constant catid - assumed 'catid' /data/wwwroot/html/bobo2/Home/Runtime/Cache/22da7317198283eab56d8e78bc060a88.php 第 150 行.
NOTIC: [8] Use of undefined constant catid - assumed 'catid' /data/wwwroot/html/bobo2/Home/Runtime/Cache/22da7317198283eab56d8e78bc060a88.php 第 154 行.
NOTIC: [8] Use of undefined constant catid - assumed 'catid' /data/wwwroot/html/bobo2/Home/Runtime/Cache/22da7317198283eab56d8e78bc060a88.php 第 154 行.
NOTIC: [8] Use of undefined constant catid - assumed 'catid' /data/wwwroot/html/bobo2/Home/Runtime/Cache/22da7317198283eab56d8e78bc060a88.php 第 154 行.
NOTIC: [8] Use of undefined constant catid - assumed 'catid' /data/wwwroot/html/bobo2/Home/Runtime/Cache/22da7317198283eab56d8e78bc060a88.php 第 154 行.
NOTIC: [8] Use of undefined constant catid - assumed 'catid' /data/wwwroot/html/bobo2/Home/Runtime/Cache/22da7317198283eab56d8e78bc060a88.php 第 154 行.
NOTIC: [8] Use of undefined constant catid - assumed 'catid' /data/wwwroot/html/bobo2/Home/Runtime/Cache/22da7317198283eab56d8e78bc060a88.php 第 154 行.
NOTIC: [8] Use of undefined constant catid - assumed 'catid' /data/wwwroot/html/bobo2/Home/Runtime/Cache/22da7317198283eab56d8e78bc060a88.php 第 154 行.
NOTIC: [8] Use of undefined constant catid - assumed 'catid' /data/wwwroot/html/bobo2/Home/Runtime/Cache/22da7317198283eab56d8e78bc060a88.php 第 157 行.
NOTIC: [8] Use of undefined constant catid - assumed 'catid' /data/wwwroot/html/bobo2/Home/Runtime/Cache/22da7317198283eab56d8e78bc060a88.php 第 157 行.
NOTIC: [8] Use of undefined constant catid - assumed 'catid' /data/wwwroot/html/bobo2/Home/Runtime/Cache/22da7317198283eab56d8e78bc060a88.php 第 157 行.
NOTIC: [8] Use of undefined constant catid - assumed 'catid' /data/wwwroot/html/bobo2/Home/Runtime/Cache/22da7317198283eab56d8e78bc060a88.php 第 157 行.
NOTIC: [8] Use of undefined constant catid - assumed 'catid' /data/wwwroot/html/bobo2/Home/Runtime/Cache/22da7317198283eab56d8e78bc060a88.php 第 157 行.
NOTIC: [8] Use of undefined constant catid - assumed 'catid' /data/wwwroot/html/bobo2/Home/Runtime/Cache/22da7317198283eab56d8e78bc060a88.php 第 157 行.
NOTIC: [8] Use of undefined constant catid - assumed 'catid' /data/wwwroot/html/bobo2/Home/Runtime/Cache/22da7317198283eab56d8e78bc060a88.php 第 157 行.
NOTIC: [8] Use of undefined constant catid - assumed 'catid' /data/wwwroot/html/bobo2/Home/Runtime/Cache/22da7317198283eab56d8e78bc060a88.php 第 157 行.
NOTIC: [8] Use of undefined constant catid - assumed 'catid' /data/wwwroot/html/bobo2/Home/Runtime/Cache/22da7317198283eab56d8e78bc060a88.php 第 180 行.
NOTIC: [8] Use of undefined constant id - assumed 'id' /data/wwwroot/html/bobo2/Home/Runtime/Cache/22da7317198283eab56d8e78bc060a88.php 第 180 行.
NOTIC: [8] Use of undefined constant ppid - assumed 'ppid' /data/wwwroot/html/bobo2/Home/Runtime/Cache/22da7317198283eab56d8e78bc060a88.php 第 180 行.
NOTIC: [8] Use of undefined constant catid - assumed 'catid' /data/wwwroot/html/bobo2/Home/Runtime/Cache/22da7317198283eab56d8e78bc060a88.php 第 180 行.
NOTIC: [8] Use of undefined constant id - assumed 'id' /data/wwwroot/html/bobo2/Home/Runtime/Cache/22da7317198283eab56d8e78bc060a88.php 第 180 行.
NOTIC: [8] Use of undefined constant ppid - assumed 'ppid' /data/wwwroot/html/bobo2/Home/Runtime/Cache/22da7317198283eab56d8e78bc060a88.php 第 180 行.
NOTIC: [8] Use of undefined constant catid - assumed 'catid' /data/wwwroot/html/bobo2/Home/Runtime/Cache/22da7317198283eab56d8e78bc060a88.php 第 180 行.
NOTIC: [8] Use of undefined constant id - assumed 'id' /data/wwwroot/html/bobo2/Home/Runtime/Cache/22da7317198283eab56d8e78bc060a88.php 第 180 行.
NOTIC: [8] Use of undefined constant ppid - assumed 'ppid' /data/wwwroot/html/bobo2/Home/Runtime/Cache/22da7317198283eab56d8e78bc060a88.php 第 180 行.
NOTIC: [8] Use of undefined constant catid - assumed 'catid' /data/wwwroot/html/bobo2/Home/Runtime/Cache/22da7317198283eab56d8e78bc060a88.php 第 180 行.
NOTIC: [8] Use of undefined constant id - assumed 'id' /data/wwwroot/html/bobo2/Home/Runtime/Cache/22da7317198283eab56d8e78bc060a88.php 第 180 行.
NOTIC: [8] Use of undefined constant ppid - assumed 'ppid' /data/wwwroot/html/bobo2/Home/Runtime/Cache/22da7317198283eab56d8e78bc060a88.php 第 180 行.
NOTIC: [8] Use of undefined constant catid - assumed 'catid' /data/wwwroot/html/bobo2/Home/Runtime/Cache/22da7317198283eab56d8e78bc060a88.php 第 180 行.
NOTIC: [8] Use of undefined constant id - assumed 'id' /data/wwwroot/html/bobo2/Home/Runtime/Cache/22da7317198283eab56d8e78bc060a88.php 第 180 行.
NOTIC: [8] Use of undefined constant ppid - assumed 'ppid' /data/wwwroot/html/bobo2/Home/Runtime/Cache/22da7317198283eab56d8e78bc060a88.php 第 180 行.
NOTIC: [8] Use of undefined constant catid - assumed 'catid' /data/wwwroot/html/bobo2/Home/Runtime/Cache/22da7317198283eab56d8e78bc060a88.php 第 180 行.
NOTIC: [8] Use of undefined constant id - assumed 'id' /data/wwwroot/html/bobo2/Home/Runtime/Cache/22da7317198283eab56d8e78bc060a88.php 第 180 行.
NOTIC: [8] Use of undefined constant ppid - assumed 'ppid' /data/wwwroot/html/bobo2/Home/Runtime/Cache/22da7317198283eab56d8e78bc060a88.php 第 180 行.
NOTIC: [8] Use of undefined constant catid - assumed 'catid' /data/wwwroot/html/bobo2/Home/Runtime/Cache/22da7317198283eab56d8e78bc060a88.php 第 180 行.
NOTIC: [8] Use of undefined constant id - assumed 'id' /data/wwwroot/html/bobo2/Home/Runtime/Cache/22da7317198283eab56d8e78bc060a88.php 第 180 行.
NOTIC: [8] Use of undefined constant ppid - assumed 'ppid' /data/wwwroot/html/bobo2/Home/Runtime/Cache/22da7317198283eab56d8e78bc060a88.php 第 180 行.
NOTIC: [8] Use of undefined constant catid - assumed 'catid' /data/wwwroot/html/bobo2/Home/Runtime/Cache/22da7317198283eab56d8e78bc060a88.php 第 180 行.
NOTIC: [8] Use of undefined constant id - assumed 'id' /data/wwwroot/html/bobo2/Home/Runtime/Cache/22da7317198283eab56d8e78bc060a88.php 第 180 行.
NOTIC: [8] Use of undefined constant ppid - assumed 'ppid' /data/wwwroot/html/bobo2/Home/Runtime/Cache/22da7317198283eab56d8e78bc060a88.php 第 180 行.
NOTIC: [8] Use of undefined constant catid - assumed 'catid' /data/wwwroot/html/bobo2/Home/Runtime/Cache/22da7317198283eab56d8e78bc060a88.php 第 184 行.
NOTIC: [8] Use of undefined constant catid - assumed 'catid' /data/wwwroot/html/bobo2/Home/Runtime/Cache/22da7317198283eab56d8e78bc060a88.php 第 184 行.
NOTIC: [8] Use of undefined constant catid - assumed 'catid' /data/wwwroot/html/bobo2/Home/Runtime/Cache/22da7317198283eab56d8e78bc060a88.php 第 184 行.
NOTIC: [8] Use of undefined constant catid - assumed 'catid' /data/wwwroot/html/bobo2/Home/Runtime/Cache/22da7317198283eab56d8e78bc060a88.php 第 184 行.
NOTIC: [8] Use of undefined constant catid - assumed 'catid' /data/wwwroot/html/bobo2/Home/Runtime/Cache/22da7317198283eab56d8e78bc060a88.php 第 184 行.
NOTIC: [8] Use of undefined constant catid - assumed 'catid' /data/wwwroot/html/bobo2/Home/Runtime/Cache/22da7317198283eab56d8e78bc060a88.php 第 184 行.
NOTIC: [8] Use of undefined constant catid - assumed 'catid' /data/wwwroot/html/bobo2/Home/Runtime/Cache/22da7317198283eab56d8e78bc060a88.php 第 184 行.
NOTIC: [8] Use of undefined constant catid - assumed 'catid' /data/wwwroot/html/bobo2/Home/Runtime/Cache/22da7317198283eab56d8e78bc060a88.php 第 184 行.
NOTIC: [8] Use of undefined constant catid - assumed 'catid' /data/wwwroot/html/bobo2/Home/Runtime/Cache/22da7317198283eab56d8e78bc060a88.php 第 188 行.
NOTIC: [8] Use of undefined constant catid - assumed 'catid' /data/wwwroot/html/bobo2/Home/Runtime/Cache/22da7317198283eab56d8e78bc060a88.php 第 188 行.
NOTIC: [8] Use of undefined constant catid - assumed 'catid' /data/wwwroot/html/bobo2/Home/Runtime/Cache/22da7317198283eab56d8e78bc060a88.php 第 188 行.
NOTIC: [8] Use of undefined constant catid - assumed 'catid' /data/wwwroot/html/bobo2/Home/Runtime/Cache/22da7317198283eab56d8e78bc060a88.php 第 188 行.
NOTIC: [8] Use of undefined constant catid - assumed 'catid' /data/wwwroot/html/bobo2/Home/Runtime/Cache/22da7317198283eab56d8e78bc060a88.php 第 188 行.
NOTIC: [8] Use of undefined constant catid - assumed 'catid' /data/wwwroot/html/bobo2/Home/Runtime/Cache/22da7317198283eab56d8e78bc060a88.php 第 188 行.
NOTIC: [8] Use of undefined constant catid - assumed 'catid' /data/wwwroot/html/bobo2/Home/Runtime/Cache/22da7317198283eab56d8e78bc060a88.php 第 188 行.
NOTIC: [8] Use of undefined constant catid - assumed 'catid' /data/wwwroot/html/bobo2/Home/Runtime/Cache/22da7317198283eab56d8e78bc060a88.php 第 191 行.
NOTIC: [8] Use of undefined constant catid - assumed 'catid' /data/wwwroot/html/bobo2/Home/Runtime/Cache/22da7317198283eab56d8e78bc060a88.php 第 191 行.
NOTIC: [8] Use of undefined constant catid - assumed 'catid' /data/wwwroot/html/bobo2/Home/Runtime/Cache/22da7317198283eab56d8e78bc060a88.php 第 191 行.
NOTIC: [8] Use of undefined constant catid - assumed 'catid' /data/wwwroot/html/bobo2/Home/Runtime/Cache/22da7317198283eab56d8e78bc060a88.php 第 191 行.
NOTIC: [8] Use of undefined constant catid - assumed 'catid' /data/wwwroot/html/bobo2/Home/Runtime/Cache/22da7317198283eab56d8e78bc060a88.php 第 191 行.
NOTIC: [8] Use of undefined constant catid - assumed 'catid' /data/wwwroot/html/bobo2/Home/Runtime/Cache/22da7317198283eab56d8e78bc060a88.php 第 191 行.
NOTIC: [8] Use of undefined constant catid - assumed 'catid' /data/wwwroot/html/bobo2/Home/Runtime/Cache/22da7317198283eab56d8e78bc060a88.php 第 191 行.
NOTIC: [8] Use of undefined constant catid - assumed 'catid' /data/wwwroot/html/bobo2/Home/Runtime/Cache/22da7317198283eab56d8e78bc060a88.php 第 191 行.
NOTIC: [8] Use of undefined constant picurlpcall - assumed 'picurlpcall' /data/wwwroot/html/bobo2/Home/Runtime/Cache/22da7317198283eab56d8e78bc060a88.php 第 263 行.
NOTIC: [8] Use of undefined constant picurlpcall - assumed 'picurlpcall' /data/wwwroot/html/bobo2/Home/Runtime/Cache/22da7317198283eab56d8e78bc060a88.php 第 263 行.
NOTIC: [8] Use of undefined constant colorlist - assumed 'colorlist' /data/wwwroot/html/bobo2/Home/Runtime/Cache/22da7317198283eab56d8e78bc060a88.php 第 268 行.
NOTIC: [8] Use of undefined constant colorlist - assumed 'colorlist' /data/wwwroot/html/bobo2/Home/Runtime/Cache/22da7317198283eab56d8e78bc060a88.php 第 268 行.
NOTIC: [8] Use of undefined constant colorlist - assumed 'colorlist' /data/wwwroot/html/bobo2/Home/Runtime/Cache/22da7317198283eab56d8e78bc060a88.php 第 275 行.
NOTIC: [8] Use of undefined constant name - assumed 'name' /data/wwwroot/html/bobo2/Home/Runtime/Cache/22da7317198283eab56d8e78bc060a88.php 第 275 行.
NOTIC: [8] A session had already been started - ignoring session_start() /data/wwwroot/html/bobo2/Home/Runtime/Cache/22da7317198283eab56d8e78bc060a88.php 第 277 行.
NOTIC: [8] Undefined index: bobo_pc_user_id /data/wwwroot/html/bobo2/Home/Runtime/Cache/22da7317198283eab56d8e78bc060a88.php 第 277 行.
NOTIC: [8] Use of undefined constant catid - assumed 'catid' /data/wwwroot/html/bobo2/Home/Runtime/Cache/22da7317198283eab56d8e78bc060a88.php 第 319 行.
NOTIC: [8] Use of undefined constant id - assumed 'id' /data/wwwroot/html/bobo2/Home/Runtime/Cache/22da7317198283eab56d8e78bc060a88.php 第 319 行.
NOTIC: [8] Use of undefined constant colorlist - assumed 'colorlist' /data/wwwroot/html/bobo2/Home/Runtime/Cache/22da7317198283eab56d8e78bc060a88.php 第 323 行.
NOTIC: [8] Use of undefined constant colorlist - assumed 'colorlist' /data/wwwroot/html/bobo2/Home/Runtime/Cache/22da7317198283eab56d8e78bc060a88.php 第 323 行.
NOTIC: [8] Use of undefined constant catid - assumed 'catid' /data/wwwroot/html/bobo2/Home/Runtime/Cache/22da7317198283eab56d8e78bc060a88.php 第 326 行.
NOTIC: [8] Use of undefined constant id - assumed 'id' /data/wwwroot/html/bobo2/Home/Runtime/Cache/22da7317198283eab56d8e78bc060a88.php 第 326 行.
NOTIC: [8] A session had already been started - ignoring session_start() /data/wwwroot/html/bobo2/Home/Runtime/Cache/22da7317198283eab56d8e78bc060a88.php 第 331 行.
NOTIC: [8] Undefined index: bobo_pc_user_id /data/wwwroot/html/bobo2/Home/Runtime/Cache/22da7317198283eab56d8e78bc060a88.php 第 331 行.
NOTIC: [8] Use of undefined constant catid - assumed 'catid' /data/wwwroot/html/bobo2/Home/Runtime/Cache/22da7317198283eab56d8e78bc060a88.php 第 319 行.
NOTIC: [8] Use of undefined constant id - assumed 'id' /data/wwwroot/html/bobo2/Home/Runtime/Cache/22da7317198283eab56d8e78bc060a88.php 第 319 行.
NOTIC: [8] Use of undefined constant colorlist - assumed 'colorlist' /data/wwwroot/html/bobo2/Home/Runtime/Cache/22da7317198283eab56d8e78bc060a88.php 第 323 行.
NOTIC: [8] Use of undefined constant colorlist - assumed 'colorlist' /data/wwwroot/html/bobo2/Home/Runtime/Cache/22da7317198283eab56d8e78bc060a88.php 第 323 行.
NOTIC: [8] Use of undefined constant catid - assumed 'catid' /data/wwwroot/html/bobo2/Home/Runtime/Cache/22da7317198283eab56d8e78bc060a88.php 第 326 行.
NOTIC: [8] Use of undefined constant id - assumed 'id' /data/wwwroot/html/bobo2/Home/Runtime/Cache/22da7317198283eab56d8e78bc060a88.php 第 326 行.
NOTIC: [8] A session had already been started - ignoring session_start() /data/wwwroot/html/bobo2/Home/Runtime/Cache/22da7317198283eab56d8e78bc060a88.php 第 331 行.
NOTIC: [8] Undefined index: bobo_pc_user_id /data/wwwroot/html/bobo2/Home/Runtime/Cache/22da7317198283eab56d8e78bc060a88.php 第 331 行.
NOTIC: [8] Use of undefined constant catid - assumed 'catid' /data/wwwroot/html/bobo2/Home/Runtime/Cache/22da7317198283eab56d8e78bc060a88.php 第 319 行.
NOTIC: [8] Use of undefined constant id - assumed 'id' /data/wwwroot/html/bobo2/Home/Runtime/Cache/22da7317198283eab56d8e78bc060a88.php 第 319 行.
NOTIC: [8] Use of undefined constant colorlist - assumed 'colorlist' /data/wwwroot/html/bobo2/Home/Runtime/Cache/22da7317198283eab56d8e78bc060a88.php 第 323 行.
NOTIC: [8] Use of undefined constant colorlist - assumed 'colorlist' /data/wwwroot/html/bobo2/Home/Runtime/Cache/22da7317198283eab56d8e78bc060a88.php 第 323 行.
NOTIC: [8] Use of undefined constant catid - assumed 'catid' /data/wwwroot/html/bobo2/Home/Runtime/Cache/22da7317198283eab56d8e78bc060a88.php 第 326 行.
NOTIC: [8] Use of undefined constant id - assumed 'id' /data/wwwroot/html/bobo2/Home/Runtime/Cache/22da7317198283eab56d8e78bc060a88.php 第 326 行.
NOTIC: [8] A session had already been started - ignoring session_start() /data/wwwroot/html/bobo2/Home/Runtime/Cache/22da7317198283eab56d8e78bc060a88.php 第 331 行.
NOTIC: [8] Undefined index: bobo_pc_user_id /data/wwwroot/html/bobo2/Home/Runtime/Cache/22da7317198283eab56d8e78bc060a88.php 第 331 行.
NOTIC: [8] Use of undefined constant catid - assumed 'catid' /data/wwwroot/html/bobo2/Home/Runtime/Cache/22da7317198283eab56d8e78bc060a88.php 第 319 行.
NOTIC: [8] Use of undefined constant id - assumed 'id' /data/wwwroot/html/bobo2/Home/Runtime/Cache/22da7317198283eab56d8e78bc060a88.php 第 319 行.
NOTIC: [8] Use of undefined constant colorlist - assumed 'colorlist' /data/wwwroot/html/bobo2/Home/Runtime/Cache/22da7317198283eab56d8e78bc060a88.php 第 323 行.
NOTIC: [8] Use of undefined constant colorlist - assumed 'colorlist' /data/wwwroot/html/bobo2/Home/Runtime/Cache/22da7317198283eab56d8e78bc060a88.php 第 323 行.
NOTIC: [8] Use of undefined constant catid - assumed 'catid' /data/wwwroot/html/bobo2/Home/Runtime/Cache/22da7317198283eab56d8e78bc060a88.php 第 326 行.
NOTIC: [8] Use of undefined constant id - assumed 'id' /data/wwwroot/html/bobo2/Home/Runtime/Cache/22da7317198283eab56d8e78bc060a88.php 第 326 行.
NOTIC: [8] A session had already been started - ignoring session_start() /data/wwwroot/html/bobo2/Home/Runtime/Cache/22da7317198283eab56d8e78bc060a88.php 第 331 行.
NOTIC: [8] Undefined index: bobo_pc_user_id /data/wwwroot/html/bobo2/Home/Runtime/Cache/22da7317198283eab56d8e78bc060a88.php 第 331 行.
NOTIC: [8] Use of undefined constant catid - assumed 'catid' /data/wwwroot/html/bobo2/Home/Runtime/Cache/22da7317198283eab56d8e78bc060a88.php 第 319 行.
NOTIC: [8] Use of undefined constant id - assumed 'id' /data/wwwroot/html/bobo2/Home/Runtime/Cache/22da7317198283eab56d8e78bc060a88.php 第 319 行.
NOTIC: [8] Use of undefined constant colorlist - assumed 'colorlist' /data/wwwroot/html/bobo2/Home/Runtime/Cache/22da7317198283eab56d8e78bc060a88.php 第 323 行.
NOTIC: [8] Use of undefined constant colorlist - assumed 'colorlist' /data/wwwroot/html/bobo2/Home/Runtime/Cache/22da7317198283eab56d8e78bc060a88.php 第 323 行.
NOTIC: [8] Use of undefined constant catid - assumed 'catid' /data/wwwroot/html/bobo2/Home/Runtime/Cache/22da7317198283eab56d8e78bc060a88.php 第 326 行.
NOTIC: [8] Use of undefined constant id - assumed 'id' /data/wwwroot/html/bobo2/Home/Runtime/Cache/22da7317198283eab56d8e78bc060a88.php 第 326 行.
NOTIC: [8] A session had already been started - ignoring session_start() /data/wwwroot/html/bobo2/Home/Runtime/Cache/22da7317198283eab56d8e78bc060a88.php 第 331 行.
NOTIC: [8] Undefined index: bobo_pc_user_id /data/wwwroot/html/bobo2/Home/Runtime/Cache/22da7317198283eab56d8e78bc060a88.php 第 331 行.
NOTIC: [8] Use of undefined constant catid - assumed 'catid' /data/wwwroot/html/bobo2/Home/Runtime/Cache/22da7317198283eab56d8e78bc060a88.php 第 319 行.
NOTIC: [8] Use of undefined constant id - assumed 'id' /data/wwwroot/html/bobo2/Home/Runtime/Cache/22da7317198283eab56d8e78bc060a88.php 第 319 行.
NOTIC: [8] Use of undefined constant colorlist - assumed 'colorlist' /data/wwwroot/html/bobo2/Home/Runtime/Cache/22da7317198283eab56d8e78bc060a88.php 第 323 行.
NOTIC: [8] Use of undefined constant colorlist - assumed 'colorlist' /data/wwwroot/html/bobo2/Home/Runtime/Cache/22da7317198283eab56d8e78bc060a88.php 第 323 行.
NOTIC: [8] Use of undefined constant catid - assumed 'catid' /data/wwwroot/html/bobo2/Home/Runtime/Cache/22da7317198283eab56d8e78bc060a88.php 第 326 行.
NOTIC: [8] Use of undefined constant id - assumed 'id' /data/wwwroot/html/bobo2/Home/Runtime/Cache/22da7317198283eab56d8e78bc060a88.php 第 326 行.
NOTIC: [8] A session had already been started - ignoring session_start() /data/wwwroot/html/bobo2/Home/Runtime/Cache/22da7317198283eab56d8e78bc060a88.php 第 331 行.
NOTIC: [8] Undefined index: bobo_pc_user_id /data/wwwroot/html/bobo2/Home/Runtime/Cache/22da7317198283eab56d8e78bc060a88.php 第 331 行.
INFO: Run ParseTemplate Behavior [ RunTime:0.030925s ]
INFO: [ view_parse ] --END-- [ RunTime:0.030986s ]
INFO: [ view_filter ] --START--
INFO: Run ContentReplace Behavior [ RunTime:0.000558s ]
INFO: Run TokenBuild Behavior [ RunTime:0.000250s ]
INFO: Run WriteHtmlCache Behavior [ RunTime:0.000147s ]
INFO: Run ShowRuntime Behavior [ RunTime:0.000326s ]
INFO: [ view_filter ] --END-- [ RunTime:0.001423s ]
INFO: [ view_end ] --START--
INFO: Run ShowPageTrace Behavior [ RunTime:0.000351s ]
INFO: [ view_end ] --END-- [ RunTime:0.000399s ]

[ 2017-03-15T21:48:38+08:00 ] 123.125.71.33 /bobo2/index.php/Try/product_details/catid/21/pid/46/ppid/55
INFO: [ route_check ] --START--
INFO: Run CheckRoute Behavior [ RunTime:0.000480s ]
INFO: [ route_check ] --END-- [ RunTime:0.000592s ]
INFO: [ app_begin ] --START--
INFO: Run ReadHtmlCache Behavior [ RunTime:0.000375s ]
INFO: [ app_begin ] --END-- [ RunTime:0.000424s ]
SQL: SHOW COLUMNS FROM `tp_try_out` [ RunTime:0.000832s ]
SQL: SHOW COLUMNS FROM `tp_problem_data` [ RunTime:0.000590s ]
SQL: SHOW COLUMNS FROM `tp_product` [ RunTime:0.000785s ]
SQL: SHOW COLUMNS FROM `tp_parameter` [ RunTime:0.000539s ]
SQL: SHOW COLUMNS FROM `tp_collect` [ RunTime:0.000545s ]
SQL: SHOW COLUMNS FROM `tp_category` [ RunTime:0.000619s ]
SQL: SHOW COLUMNS FROM `tp_content` [ RunTime:0.000777s ]
SQL: SHOW COLUMNS FROM `tp_page` [ RunTime:0.000695s ]
SQL: SELECT * FROM `tp_page` WHERE ( `catid` = 29 ) LIMIT 1   [ RunTime:0.000218s ]
SQL: SELECT `id`,`catid`,`title`,`headerpic` FROM `tp_content` WHERE ( catid=23 and (status=2 or status=3) ) ORDER BY conorder desc,id desc LIMIT 8   [ RunTime:0.000612s ]
SQL: SELECT `id`,`catid`,`title`,`headerpic` FROM `tp_content` WHERE ( catid=24 and (status=2 or status=3) ) ORDER BY conorder desc,id desc LIMIT 8   [ RunTime:0.000519s ]
SQL: SELECT `id`,`catid`,`title`,`headerpic` FROM `tp_content` WHERE ( catid=25 and (status=2 or status=3) ) ORDER BY conorder desc,id desc LIMIT 8   [ RunTime:0.000485s ]
SQL: SHOW COLUMNS FROM `tp_site` [ RunTime:0.000462s ]
SQL: SELECT * FROM `tp_site` WHERE ( siteid=1 ) LIMIT 1   [ RunTime:0.000202s ]
SQL: SELECT a.xqstatus,a.title,a.picurlpc,a.catid,a.id,b.id as ppid FROM tp_product_price b,tp_product a WHERE ( a.posid=1 and a.status=1 and  a.id=b.pid ) ORDER BY a.listorder desc,id desc LIMIT 8   [ RunTime:0.000981s ]
SQL: SHOW COLUMNS FROM `tp_video` [ RunTime:0.001829s ]
SQL: SELECT `vtitle`,`headerpic`,`catid` FROM `tp_video` WHERE ( catid=26 and (status=2 or status=3) ) ORDER BY listorder desc,vid desc LIMIT 8   [ RunTime:0.000320s ]
SQL: SELECT `vtitle`,`headerpic`,`catid` FROM `tp_video` WHERE ( catid=27 and (status=2 or status=3) ) ORDER BY listorder desc,vid desc LIMIT 8   [ RunTime:0.000266s ]
SQL: SELECT `catid`,`catname`,`caturl` FROM `tp_category` WHERE ( `catid` IN ('14','15','16','17','18','19','20','21') ) ORDER BY listorder desc,catid desc  [ RunTime:0.000249s ]
NOTIC: [8] Undefined variable: category_list /data/wwwroot/html/bobo2/Home/Lib/Action/CommonAction.class.php 第 28 行.
SQL: SELECT tp_product.actstatus,tp_product.activity,tp_product.xqstatus,tp_product.content,tp_product.picurlpcall,tp_product.title,tp_product.colorlist,a.price,c.id as colid,a.id as ppid FROM `tp_product` left join tp_product_price a on tp_product.id=a.pid left join tp_collect c on a.id=c.ppid WHERE ( tp_product.catid=21 and tp_product.id=46 and tp_product.status=1 and a.id=55 and tp_product.actstatus=1 ) LIMIT 1   [ RunTime:0.000281s ]
SQL: SELECT `colorname`,`name` FROM `tp_parameter` WHERE ( `id` IN ('9') ) AND ( `status` = 1 ) ORDER BY field (id,9)  [ RunTime:0.000190s ]
INFO: [ view_template ] --START--
INFO: Run LocationTemplate Behavior [ RunTime:0.000252s ]
INFO: [ view_template ] --END-- [ RunTime:0.000308s ]
INFO: [ view_parse ] --START--
NOTIC: [8] A session had already been started - ignoring session_start() /data/wwwroot/html/bobo2/Home/Runtime/Cache/807534e6e2928805c6ebac5c77e25550.php 第 78 行.
NOTIC: [8] Undefined index: bobo_pc_user_id /data/wwwroot/html/bobo2/Home/Runtime/Cache/807534e6e2928805c6ebac5c77e25550.php 第 78 行.
NOTIC: [8] Undefined index: bobo_pc_user_id /data/wwwroot/html/bobo2/Home/Runtime/Cache/807534e6e2928805c6ebac5c77e25550.php 第 85 行.
NOTIC: [8] Undefined index: bobo_pc_user_name /data/wwwroot/html/bobo2/Home/Runtime/Cache/807534e6e2928805c6ebac5c77e25550.php 第 85 行.
NOTIC: [8] Undefined variable: k /data/wwwroot/html/bobo2/Home/Runtime/Cache/807534e6e2928805c6ebac5c77e25550.php 第 112 行.
NOTIC: [8] Use of undefined constant catid - assumed 'catid' /data/wwwroot/html/bobo2/Home/Runtime/Cache/807534e6e2928805c6ebac5c77e25550.php 第 115 行.
NOTIC: [8] Use of undefined constant id - assumed 'id' /data/wwwroot/html/bobo2/Home/Runtime/Cache/807534e6e2928805c6ebac5c77e25550.php 第 115 行.
NOTIC: [8] Use of undefined constant catid - assumed 'catid' /data/wwwroot/html/bobo2/Home/Runtime/Cache/807534e6e2928805c6ebac5c77e25550.php 第 115 行.
NOTIC: [8] Use of undefined constant id - assumed 'id' /data/wwwroot/html/bobo2/Home/Runtime/Cache/807534e6e2928805c6ebac5c77e25550.php 第 115 行.
NOTIC: [8] Use of undefined constant catid - assumed 'catid' /data/wwwroot/html/bobo2/Home/Runtime/Cache/807534e6e2928805c6ebac5c77e25550.php 第 115 行.
NOTIC: [8] Use of undefined constant id - assumed 'id' /data/wwwroot/html/bobo2/Home/Runtime/Cache/807534e6e2928805c6ebac5c77e25550.php 第 115 行.
NOTIC: [8] Use of undefined constant catid - assumed 'catid' /data/wwwroot/html/bobo2/Home/Runtime/Cache/807534e6e2928805c6ebac5c77e25550.php 第 115 行.
NOTIC: [8] Use of undefined constant id - assumed 'id' /data/wwwroot/html/bobo2/Home/Runtime/Cache/807534e6e2928805c6ebac5c77e25550.php 第 115 行.
NOTIC: [8] Use of undefined constant catid - assumed 'catid' /data/wwwroot/html/bobo2/Home/Runtime/Cache/807534e6e2928805c6ebac5c77e25550.php 第 115 行.
NOTIC: [8] Use of undefined constant id - assumed 'id' /data/wwwroot/html/bobo2/Home/Runtime/Cache/807534e6e2928805c6ebac5c77e25550.php 第 115 行.
NOTIC: [8] Use of undefined constant catid - assumed 'catid' /data/wwwroot/html/bobo2/Home/Runtime/Cache/807534e6e2928805c6ebac5c77e25550.php 第 115 行.
NOTIC: [8] Use of undefined constant id - assumed 'id' /data/wwwroot/html/bobo2/Home/Runtime/Cache/807534e6e2928805c6ebac5c77e25550.php 第 115 行.
NOTIC: [8] Use of undefined constant catid - assumed 'catid' /data/wwwroot/html/bobo2/Home/Runtime/Cache/807534e6e2928805c6ebac5c77e25550.php 第 115 行.
NOTIC: [8] Use of undefined constant id - assumed 'id' /data/wwwroot/html/bobo2/Home/Runtime/Cache/807534e6e2928805c6ebac5c77e25550.php 第 115 行.
NOTIC: [8] Use of undefined constant catid - assumed 'catid' /data/wwwroot/html/bobo2/Home/Runtime/Cache/807534e6e2928805c6ebac5c77e25550.php 第 115 行.
NOTIC: [8] Use of undefined constant id - assumed 'id' /data/wwwroot/html/bobo2/Home/Runtime/Cache/807534e6e2928805c6ebac5c77e25550.php 第 115 行.
NOTIC: [8] Use of undefined constant catid - assumed 'catid' /data/wwwroot/html/bobo2/Home/Runtime/Cache/807534e6e2928805c6ebac5c77e25550.php 第 118 行.
NOTIC: [8] Use of undefined constant id - assumed 'id' /data/wwwroot/html/bobo2/Home/Runtime/Cache/807534e6e2928805c6ebac5c77e25550.php 第 118 行.
NOTIC: [8] Use of undefined constant catid - assumed 'catid' /data/wwwroot/html/bobo2/Home/Runtime/Cache/807534e6e2928805c6ebac5c77e25550.php 第 118 行.
NOTIC: [8] Use of undefined constant id - assumed 'id' /data/wwwroot/html/bobo2/Home/Runtime/Cache/807534e6e2928805c6ebac5c77e25550.php 第 118 行.
NOTIC: [8] Use of undefined constant catid - assumed 'catid' /data/wwwroot/html/bobo2/Home/Runtime/Cache/807534e6e2928805c6ebac5c77e25550.php 第 118 行.
NOTIC: [8] Use of undefined constant id - assumed 'id' /data/wwwroot/html/bobo2/Home/Runtime/Cache/807534e6e2928805c6ebac5c77e25550.php 第 118 行.
NOTIC: [8] Use of undefined constant catid - assumed 'catid' /data/wwwroot/html/bobo2/Home/Runtime/Cache/807534e6e2928805c6ebac5c77e25550.php 第 118 行.
NOTIC: [8] Use of undefined constant id - assumed 'id' /data/wwwroot/html/bobo2/Home/Runtime/Cache/807534e6e2928805c6ebac5c77e25550.php 第 118 行.
NOTIC: [8] Use of undefined constant catid - assumed 'catid' /data/wwwroot/html/bobo2/Home/Runtime/Cache/807534e6e2928805c6ebac5c77e25550.php 第 121 行.
NOTIC: [8] Use of undefined constant id - assumed 'id' /data/wwwroot/html/bobo2/Home/Runtime/Cache/807534e6e2928805c6ebac5c77e25550.php 第 121 行.
NOTIC: [8] Use of undefined constant catid - assumed 'catid' /data/wwwroot/html/bobo2/Home/Runtime/Cache/807534e6e2928805c6ebac5c77e25550.php 第 121 行.
NOTIC: [8] Use of undefined constant id - assumed 'id' /data/wwwroot/html/bobo2/Home/Runtime/Cache/807534e6e2928805c6ebac5c77e25550.php 第 121 行.
NOTIC: [8] Use of undefined constant catid - assumed 'catid' /data/wwwroot/html/bobo2/Home/Runtime/Cache/807534e6e2928805c6ebac5c77e25550.php 第 146 行.
NOTIC: [8] Use of undefined constant id - assumed 'id' /data/wwwroot/html/bobo2/Home/Runtime/Cache/807534e6e2928805c6ebac5c77e25550.php 第 146 行.
NOTIC: [8] Use of undefined constant ppid - assumed 'ppid' /data/wwwroot/html/bobo2/Home/Runtime/Cache/807534e6e2928805c6ebac5c77e25550.php 第 146 行.
NOTIC: [8] Use of undefined constant catid - assumed 'catid' /data/wwwroot/html/bobo2/Home/Runtime/Cache/807534e6e2928805c6ebac5c77e25550.php 第 146 行.
NOTIC: [8] Use of undefined constant id - assumed 'id' /data/wwwroot/html/bobo2/Home/Runtime/Cache/807534e6e2928805c6ebac5c77e25550.php 第 146 行.
NOTIC: [8] Use of undefined constant ppid - assumed 'ppid' /data/wwwroot/html/bobo2/Home/Runtime/Cache/807534e6e2928805c6ebac5c77e25550.php 第 146 行.
NOTIC: [8] Use of undefined constant catid - assumed 'catid' /data/wwwroot/html/bobo2/Home/Runtime/Cache/807534e6e2928805c6ebac5c77e25550.php 第 146 行.
NOTIC: [8] Use of undefined constant id - assumed 'id' /data/wwwroot/html/bobo2/Home/Runtime/Cache/807534e6e2928805c6ebac5c77e25550.php 第 146 行.
NOTIC: [8] Use of undefined constant ppid - assumed 'ppid' /data/wwwroot/html/bobo2/Home/Runtime/Cache/807534e6e2928805c6ebac5c77e25550.php 第 146 行.
NOTIC: [8] Use of undefined constant catid - assumed 'catid' /data/wwwroot/html/bobo2/Home/Runtime/Cache/807534e6e2928805c6ebac5c77e25550.php 第 146 行.
NOTIC: [8] Use of undefined constant id - assumed 'id' /data/wwwroot/html/bobo2/Home/Runtime/Cache/807534e6e2928805c6ebac5c77e25550.php 第 146 行.
NOTIC: [8] Use of undefined constant ppid - assumed 'ppid' /data/wwwroot/html/bobo2/Home/Runtime/Cache/807534e6e2928805c6ebac5c77e25550.php 第 146 行.
NOTIC: [8] Use of undefined constant catid - assumed 'catid' /data/wwwroot/html/bobo2/Home/Runtime/Cache/807534e6e2928805c6ebac5c77e25550.php 第 146 行.
NOTIC: [8] Use of undefined constant id - assumed 'id' /data/wwwroot/html/bobo2/Home/Runtime/Cache/807534e6e2928805c6ebac5c77e25550.php 第 146 行.
NOTIC: [8] Use of undefined constant ppid - assumed 'ppid' /data/wwwroot/html/bobo2/Home/Runtime/Cache/807534e6e2928805c6ebac5c77e25550.php 第 146 行.
NOTIC: [8] Use of undefined constant catid - assumed 'catid' /data/wwwroot/html/bobo2/Home/Runtime/Cache/807534e6e2928805c6ebac5c77e25550.php 第 146 行.
NOTIC: [8] Use of undefined constant id - assumed 'id' /data/wwwroot/html/bobo2/Home/Runtime/Cache/807534e6e2928805c6ebac5c77e25550.php 第 146 行.
NOTIC: [8] Use of undefined constant ppid - assumed 'ppid' /data/wwwroot/html/bobo2/Home/Runtime/Cache/807534e6e2928805c6ebac5c77e25550.php 第 146 行.
NOTIC: [8] Use of undefined constant catid - assumed 'catid' /data/wwwroot/html/bobo2/Home/Runtime/Cache/807534e6e2928805c6ebac5c77e25550.php 第 146 行.
NOTIC: [8] Use of undefined constant id - assumed 'id' /data/wwwroot/html/bobo2/Home/Runtime/Cache/807534e6e2928805c6ebac5c77e25550.php 第 146 行.
NOTIC: [8] Use of undefined constant ppid - assumed 'ppid' /data/wwwroot/html/bobo2/Home/Runtime/Cache/807534e6e2928805c6ebac5c77e25550.php 第 146 行.
NOTIC: [8] Use of undefined constant catid - assumed 'catid' /data/wwwroot/html/bobo2/Home/Runtime/Cache/807534e6e2928805c6ebac5c77e25550.php 第 146 行.
NOTIC: [8] Use of undefined constant id - assumed 'id' /data/wwwroot/html/bobo2/Home/Runtime/Cache/807534e6e2928805c6ebac5c77e25550.php 第 146 行.
NOTIC: [8] Use of undefined constant ppid - assumed 'ppid' /data/wwwroot/html/bobo2/Home/Runtime/Cache/807534e6e2928805c6ebac5c77e25550.php 第 146 行.
NOTIC: [8] Use of undefined constant catid - assumed 'catid' /data/wwwroot/html/bobo2/Home/Runtime/Cache/807534e6e2928805c6ebac5c77e25550.php 第 150 行.
NOTIC: [8] Use of undefined constant catid - assumed 'catid' /data/wwwroot/html/bobo2/Home/Runtime/Cache/807534e6e2928805c6ebac5c77e25550.php 第 150 行.
NOTIC: [8] Use of undefined constant catid - assumed 'catid' /data/wwwroot/html/bobo2/Home/Runtime/Cache/807534e6e2928805c6ebac5c77e25550.php 第 150 行.
NOTIC: [8] Use of undefined constant catid - assumed 'catid' /data/wwwroot/html/bobo2/Home/Runtime/Cache/807534e6e2928805c6ebac5c77e25550.php 第 150 行.
NOTIC: [8] Use of undefined constant catid - assumed 'catid' /data/wwwroot/html/bobo2/Home/Runtime/Cache/807534e6e2928805c6ebac5c77e25550.php 第 150 行.
NOTIC: [8] Use of undefined constant catid - assumed 'catid' /data/wwwroot/html/bobo2/Home/Runtime/Cache/807534e6e2928805c6ebac5c77e25550.php 第 150 行.
NOTIC: [8] Use of undefined constant catid - assumed 'catid' /data/wwwroot/html/bobo2/Home/Runtime/Cache/807534e6e2928805c6ebac5c77e25550.php 第 150 行.
NOTIC: [8] Use of undefined constant catid - assumed 'catid' /data/wwwroot/html/bobo2/Home/Runtime/Cache/807534e6e2928805c6ebac5c77e25550.php 第 150 行.
NOTIC: [8] Use of undefined constant catid - assumed 'catid' /data/wwwroot/html/bobo2/Home/Runtime/Cache/807534e6e2928805c6ebac5c77e25550.php 第 154 行.
NOTIC: [8] Use of undefined constant catid - assumed 'catid' /data/wwwroot/html/bobo2/Home/Runtime/Cache/807534e6e2928805c6ebac5c77e25550.php 第 154 行.
NOTIC: [8] Use of undefined constant catid - assumed 'catid' /data/wwwroot/html/bobo2/Home/Runtime/Cache/807534e6e2928805c6ebac5c77e25550.php 第 154 行.
NOTIC: [8] Use of undefined constant catid - assumed 'catid' /data/wwwroot/html/bobo2/Home/Runtime/Cache/807534e6e2928805c6ebac5c77e25550.php 第 154 行.
NOTIC: [8] Use of undefined constant catid - assumed 'catid' /data/wwwroot/html/bobo2/Home/Runtime/Cache/807534e6e2928805c6ebac5c77e25550.php 第 154 行.
NOTIC: [8] Use of undefined constant catid - assumed 'catid' /data/wwwroot/html/bobo2/Home/Runtime/Cache/807534e6e2928805c6ebac5c77e25550.php 第 154 行.
NOTIC: [8] Use of undefined constant catid - assumed 'catid' /data/wwwroot/html/bobo2/Home/Runtime/Cache/807534e6e2928805c6ebac5c77e25550.php 第 154 行.
NOTIC: [8] Use of undefined constant catid - assumed 'catid' /data/wwwroot/html/bobo2/Home/Runtime/Cache/807534e6e2928805c6ebac5c77e25550.php 第 157 行.
NOTIC: [8] Use of undefined constant catid - assumed 'catid' /data/wwwroot/html/bobo2/Home/Runtime/Cache/807534e6e2928805c6ebac5c77e25550.php 第 157 行.
NOTIC: [8] Use of undefined constant catid - assumed 'catid' /data/wwwroot/html/bobo2/Home/Runtime/Cache/807534e6e2928805c6ebac5c77e25550.php 第 157 行.
NOTIC: [8] Use of undefined constant catid - assumed 'catid' /data/wwwroot/html/bobo2/Home/Runtime/Cache/807534e6e2928805c6ebac5c77e25550.php 第 157 行.
NOTIC: [8] Use of undefined constant catid - assumed 'catid' /data/wwwroot/html/bobo2/Home/Runtime/Cache/807534e6e2928805c6ebac5c77e25550.php 第 157 行.
NOTIC: [8] Use of undefined constant catid - assumed 'catid' /data/wwwroot/html/bobo2/Home/Runtime/Cache/807534e6e2928805c6ebac5c77e25550.php 第 157 行.
NOTIC: [8] Use of undefined constant catid - assumed 'catid' /data/wwwroot/html/bobo2/Home/Runtime/Cache/807534e6e2928805c6ebac5c77e25550.php 第 157 行.
NOTIC: [8] Use of undefined constant catid - assumed 'catid' /data/wwwroot/html/bobo2/Home/Runtime/Cache/807534e6e2928805c6ebac5c77e25550.php 第 157 行.
NOTIC: [8] Use of undefined constant catid - assumed 'catid' /data/wwwroot/html/bobo2/Home/Runtime/Cache/807534e6e2928805c6ebac5c77e25550.php 第 180 行.
NOTIC: [8] Use of undefined constant id - assumed 'id' /data/wwwroot/html/bobo2/Home/Runtime/Cache/807534e6e2928805c6ebac5c77e25550.php 第 180 行.
NOTIC: [8] Use of undefined constant ppid - assumed 'ppid' /data/wwwroot/html/bobo2/Home/Runtime/Cache/807534e6e2928805c6ebac5c77e25550.php 第 180 行.
NOTIC: [8] Use of undefined constant catid - assumed 'catid' /data/wwwroot/html/bobo2/Home/Runtime/Cache/807534e6e2928805c6ebac5c77e25550.php 第 180 行.
NOTIC: [8] Use of undefined constant id - assumed 'id' /data/wwwroot/html/bobo2/Home/Runtime/Cache/807534e6e2928805c6ebac5c77e25550.php 第 180 行.
NOTIC: [8] Use of undefined constant ppid - assumed 'ppid' /data/wwwroot/html/bobo2/Home/Runtime/Cache/807534e6e2928805c6ebac5c77e25550.php 第 180 行.
NOTIC: [8] Use of undefined constant catid - assumed 'catid' /data/wwwroot/html/bobo2/Home/Runtime/Cache/807534e6e2928805c6ebac5c77e25550.php 第 180 行.
NOTIC: [8] Use of undefined constant id - assumed 'id' /data/wwwroot/html/bobo2/Home/Runtime/Cache/807534e6e2928805c6ebac5c77e25550.php 第 180 行.
NOTIC: [8] Use of undefined constant ppid - assumed 'ppid' /data/wwwroot/html/bobo2/Home/Runtime/Cache/807534e6e2928805c6ebac5c77e25550.php 第 180 行.
NOTIC: [8] Use of undefined constant catid - assumed 'catid' /data/wwwroot/html/bobo2/Home/Runtime/Cache/807534e6e2928805c6ebac5c77e25550.php 第 180 行.
NOTIC: [8] Use of undefined constant id - assumed 'id' /data/wwwroot/html/bobo2/Home/Runtime/Cache/807534e6e2928805c6ebac5c77e25550.php 第 180 行.
NOTIC: [8] Use of undefined constant ppid - assumed 'ppid' /data/wwwroot/html/bobo2/Home/Runtime/Cache/807534e6e2928805c6ebac5c77e25550.php 第 180 行.
NOTIC: [8] Use of undefined constant catid - assumed 'catid' /data/wwwroot/html/bobo2/Home/Runtime/Cache/807534e6e2928805c6ebac5c77e25550.php 第 180 行.
NOTIC: [8] Use of undefined constant id - assumed 'id' /data/wwwroot/html/bobo2/Home/Runtime/Cache/807534e6e2928805c6ebac5c77e25550.php 第 180 行.
NOTIC: [8] Use of undefined constant ppid - assumed 'ppid' /data/wwwroot/html/bobo2/Home/Runtime/Cache/807534e6e2928805c6ebac5c77e25550.php 第 180 行.
NOTIC: [8] Use of undefined constant catid - assumed 'catid' /data/wwwroot/html/bobo2/Home/Runtime/Cache/807534e6e2928805c6ebac5c77e25550.php 第 180 行.
NOTIC: [8] Use of undefined constant id - assumed 'id' /data/wwwroot/html/bobo2/Home/Runtime/Cache/807534e6e2928805c6ebac5c77e25550.php 第 180 行.
NOTIC: [8] Use of undefined constant ppid - assumed 'ppid' /data/wwwroot/html/bobo2/Home/Runtime/Cache/807534e6e2928805c6ebac5c77e25550.php 第 180 行.
NOTIC: [8] Use of undefined constant catid - assumed 'catid' /data/wwwroot/html/bobo2/Home/Runtime/Cache/807534e6e2928805c6ebac5c77e25550.php 第 180 行.
NOTIC: [8] Use of undefined constant id - assumed 'id' /data/wwwroot/html/bobo2/Home/Runtime/Cache/807534e6e2928805c6ebac5c77e25550.php 第 180 行.
NOTIC: [8] Use of undefined constant ppid - assumed 'ppid' /data/wwwroot/html/bobo2/Home/Runtime/Cache/807534e6e2928805c6ebac5c77e25550.php 第 180 行.
NOTIC: [8] Use of undefined constant catid - assumed 'catid' /data/wwwroot/html/bobo2/Home/Runtime/Cache/807534e6e2928805c6ebac5c77e25550.php 第 180 行.
NOTIC: [8] Use of undefined constant id - assumed 'id' /data/wwwroot/html/bobo2/Home/Runtime/Cache/807534e6e2928805c6ebac5c77e25550.php 第 180 行.
NOTIC: [8] Use of undefined constant ppid - assumed 'ppid' /data/wwwroot/html/bobo2/Home/Runtime/Cache/807534e6e2928805c6ebac5c77e25550.php 第 180 行.
NOTIC: [8] Use of undefined constant catid - assumed 'catid' /data/wwwroot/html/bobo2/Home/Runtime/Cache/807534e6e2928805c6ebac5c77e25550.php 第 184 行.
NOTIC: [8] Use of undefined constant catid - assumed 'catid' /data/wwwroot/html/bobo2/Home/Runtime/Cache/807534e6e2928805c6ebac5c77e25550.php 第 184 行.
NOTIC: [8] Use of undefined constant catid - assumed 'catid' /data/wwwroot/html/bobo2/Home/Runtime/Cache/807534e6e2928805c6ebac5c77e25550.php 第 184 行.
NOTIC: [8] Use of undefined constant catid - assumed 'catid' /data/wwwroot/html/bobo2/Home/Runtime/Cache/807534e6e2928805c6ebac5c77e25550.php 第 184 行.
NOTIC: [8] Use of undefined constant catid - assumed 'catid' /data/wwwroot/html/bobo2/Home/Runtime/Cache/807534e6e2928805c6ebac5c77e25550.php 第 184 行.
NOTIC: [8] Use of undefined constant catid - assumed 'catid' /data/wwwroot/html/bobo2/Home/Runtime/Cache/807534e6e2928805c6ebac5c77e25550.php 第 184 行.
NOTIC: [8] Use of undefined constant catid - assumed 'catid' /data/wwwroot/html/bobo2/Home/Runtime/Cache/807534e6e2928805c6ebac5c77e25550.php 第 184 行.
NOTIC: [8] Use of undefined constant catid - assumed 'catid' /data/wwwroot/html/bobo2/Home/Runtime/Cache/807534e6e2928805c6ebac5c77e25550.php 第 184 行.
NOTIC: [8] Use of undefined constant catid - assumed 'catid' /data/wwwroot/html/bobo2/Home/Runtime/Cache/807534e6e2928805c6ebac5c77e25550.php 第 188 行.
NOTIC: [8] Use of undefined constant catid - assumed 'catid' /data/wwwroot/html/bobo2/Home/Runtime/Cache/807534e6e2928805c6ebac5c77e25550.php 第 188 行.
NOTIC: [8] Use of undefined constant catid - assumed 'catid' /data/wwwroot/html/bobo2/Home/Runtime/Cache/807534e6e2928805c6ebac5c77e25550.php 第 188 行.
NOTIC: [8] Use of undefined constant catid - assumed 'catid' /data/wwwroot/html/bobo2/Home/Runtime/Cache/807534e6e2928805c6ebac5c77e25550.php 第 188 行.
NOTIC: [8] Use of undefined constant catid - assumed 'catid' /data/wwwroot/html/bobo2/Home/Runtime/Cache/807534e6e2928805c6ebac5c77e25550.php 第 188 行.
NOTIC: [8] Use of undefined constant catid - assumed 'catid' /data/wwwroot/html/bobo2/Home/Runtime/Cache/807534e6e2928805c6ebac5c77e25550.php 第 188 行.
NOTIC: [8] Use of undefined constant catid - assumed 'catid' /data/wwwroot/html/bobo2/Home/Runtime/Cache/807534e6e2928805c6ebac5c77e25550.php 第 188 行.
NOTIC: [8] Use of undefined constant catid - assumed 'catid' /data/wwwroot/html/bobo2/Home/Runtime/Cache/807534e6e2928805c6ebac5c77e25550.php 第 191 行.
NOTIC: [8] Use of undefined constant catid - assumed 'catid' /data/wwwroot/html/bobo2/Home/Runtime/Cache/807534e6e2928805c6ebac5c77e25550.php 第 191 行.
NOTIC: [8] Use of undefined constant catid - assumed 'catid' /data/wwwroot/html/bobo2/Home/Runtime/Cache/807534e6e2928805c6ebac5c77e25550.php 第 191 行.
NOTIC: [8] Use of undefined constant catid - assumed 'catid' /data/wwwroot/html/bobo2/Home/Runtime/Cache/807534e6e2928805c6ebac5c77e25550.php 第 191 行.
NOTIC: [8] Use of undefined constant catid - assumed 'catid' /data/wwwroot/html/bobo2/Home/Runtime/Cache/807534e6e2928805c6ebac5c77e25550.php 第 191 行.
NOTIC: [8] Use of undefined constant catid - assumed 'catid' /data/wwwroot/html/bobo2/Home/Runtime/Cache/807534e6e2928805c6ebac5c77e25550.php 第 191 行.
NOTIC: [8] Use of undefined constant catid - assumed 'catid' /data/wwwroot/html/bobo2/Home/Runtime/Cache/807534e6e2928805c6ebac5c77e25550.php 第 191 行.
NOTIC: [8] Use of undefined constant catid - assumed 'catid' /data/wwwroot/html/bobo2/Home/Runtime/Cache/807534e6e2928805c6ebac5c77e25550.php 第 191 行.
NOTIC: [8] Use of undefined constant picurlpcall - assumed 'picurlpcall' /data/wwwroot/html/bobo2/Home/Runtime/Cache/807534e6e2928805c6ebac5c77e25550.php 第 264 行.
NOTIC: [8] Use of undefined constant picurlpcall - assumed 'picurlpcall' /data/wwwroot/html/bobo2/Home/Runtime/Cache/807534e6e2928805c6ebac5c77e25550.php 第 264 行.
NOTIC: [8] Use of undefined constant colorlist - assumed 'colorlist' /data/wwwroot/html/bobo2/Home/Runtime/Cache/807534e6e2928805c6ebac5c77e25550.php 第 269 行.
NOTIC: [8] Use of undefined constant colorlist - assumed 'colorlist' /data/wwwroot/html/bobo2/Home/Runtime/Cache/807534e6e2928805c6ebac5c77e25550.php 第 269 行.
NOTIC: [8] A session had already been started - ignoring session_start() /data/wwwroot/html/bobo2/Home/Runtime/Cache/807534e6e2928805c6ebac5c77e25550.php 第 292 行.
NOTIC: [8] Undefined index: bobo_pc_user_id /data/wwwroot/html/bobo2/Home/Runtime/Cache/807534e6e2928805c6ebac5c77e25550.php 第 292 行.
INFO: Run ParseTemplate Behavior [ RunTime:0.025350s ]
INFO: [ view_parse ] --END-- [ RunTime:0.025403s ]
INFO: [ view_filter ] --START--
INFO: Run ContentReplace Behavior [ RunTime:0.000444s ]
INFO: Run TokenBuild Behavior [ RunTime:0.000263s ]
INFO: Run WriteHtmlCache Behavior [ RunTime:0.000128s ]
INFO: Run ShowRuntime Behavior [ RunTime:0.000273s ]
INFO: [ view_filter ] --END-- [ RunTime:0.001245s ]
INFO: [ view_end ] --START--
INFO: Run ShowPageTrace Behavior [ RunTime:0.000347s ]
INFO: [ view_end ] --END-- [ RunTime:0.000392s ]

