[ 2017-02-09T13:21:16+08:00 ] 220.181.108.180 /bobo2/index.php/Product/product/catid/
INFO: [ route_check ] --START--
INFO: Run CheckRoute Behavior [ RunTime:0.000520s ]
INFO: [ route_check ] --END-- [ RunTime:0.000595s ]
INFO: [ app_begin ] --START--
INFO: Run ReadHtmlCache Behavior [ RunTime:0.000341s ]
INFO: [ app_begin ] --END-- [ RunTime:0.000403s ]
SQL: SHOW COLUMNS FROM `tp_product` [ RunTime:0.014750s ]
SQL: SHOW COLUMNS FROM `tp_category` [ RunTime:0.000776s ]
SQL: SHOW COLUMNS FROM `tp_linkage` [ RunTime:0.000468s ]
SQL: SHOW COLUMNS FROM `tp_parameter` [ RunTime:0.019390s ]
SQL: SHOW COLUMNS FROM `tp_collect` [ RunTime:0.009817s ]
SQL: SHOW COLUMNS FROM `tp_content` [ RunTime:0.000834s ]
SQL: SHOW COLUMNS FROM `tp_page` [ RunTime:0.001449s ]
SQL: SELECT * FROM `tp_page` WHERE ( `catid` = 29 ) LIMIT 1   [ RunTime:0.001010s ]
SQL: SELECT `id`,`catid`,`title`,`headerpic` FROM `tp_content` WHERE ( catid=23 and (status=2 or status=3) ) ORDER BY conorder desc,id desc LIMIT 8   [ RunTime:0.018774s ]
SQL: SELECT `id`,`catid`,`title`,`headerpic` FROM `tp_content` WHERE ( catid=24 and (status=2 or status=3) ) ORDER BY conorder desc,id desc LIMIT 8   [ RunTime:0.000670s ]
SQL: SELECT `id`,`catid`,`title`,`headerpic` FROM `tp_content` WHERE ( catid=25 and (status=2 or status=3) ) ORDER BY conorder desc,id desc LIMIT 8   [ RunTime:0.000488s ]
SQL: SHOW COLUMNS FROM `tp_site` [ RunTime:0.000563s ]
SQL: SELECT * FROM `tp_site` WHERE ( siteid=1 ) LIMIT 1   [ RunTime:0.000227s ]
SQL: SELECT a.xqstatus,a.title,a.picurlpc,a.catid,a.id,b.id as ppid FROM tp_product_price b,tp_product a WHERE ( a.posid=1 and a.status=1 and  a.id=b.pid ) ORDER BY a.listorder desc,id desc LIMIT 8   [ RunTime:0.001033s ]
SQL: SHOW COLUMNS FROM `tp_video` [ RunTime:0.004917s ]
SQL: SELECT `vtitle`,`headerpic`,`catid` FROM `tp_video` WHERE ( catid=26 and (status=2 or status=3) ) ORDER BY listorder desc,vid desc LIMIT 8   [ RunTime:0.001271s ]
SQL: SELECT `vtitle`,`headerpic`,`catid` FROM `tp_video` WHERE ( catid=27 and (status=2 or status=3) ) ORDER BY listorder desc,vid desc LIMIT 8   [ RunTime:0.000274s ]
SQL: SELECT `catid`,`catname`,`caturl` FROM `tp_category` WHERE ( `catid` IN ('14','15','16','17','18','19','20','21') ) ORDER BY listorder desc,catid desc  [ RunTime:0.000258s ]
NOTIC: [8] Undefined variable: category_list /data/wwwroot/html/bobo2/Home/Lib/Action/CommonAction.class.php 第 28 行.
NOTIC: [8] Undefined index: catid /data/wwwroot/html/bobo2/Home/Lib/Action/ProductAction.class.php 第 17 行.
NOTIC: [8] Undefined index: linkageid /data/wwwroot/html/bobo2/Home/Lib/Action/ProductAction.class.php 第 18 行.
NOTIC: [8] Undefined index: price_search /data/wwwroot/html/bobo2/Home/Lib/Action/ProductAction.class.php 第 19 行.
NOTIC: [8] Undefined index: texturelist_search /data/wwwroot/html/bobo2/Home/Lib/Action/ProductAction.class.php 第 20 行.
NOTIC: [8] Undefined index: capacity_search /data/wwwroot/html/bobo2/Home/Lib/Action/ProductAction.class.php 第 21 行.
SQL: SELECT `catid`,`catname`,`caturl` FROM `tp_category` WHERE ( `catid` IN ('14','15','16','17','18','19','20','21') ) ORDER BY listorder desc,catid desc  [ RunTime:0.000218s ]
NOTIC: [8] Undefined index: bobo_pc_user_id /data/wwwroot/html/bobo2/Home/Lib/Action/ProductAction.class.php 第 24 行.
NOTIC: [8] Undefined variable: pro_list_fw /data/wwwroot/html/bobo2/Home/Lib/Action/ProductAction.class.php 第 45 行.
SQL: SELECT `colorname`,`id` FROM `tp_parameter` WHERE ( typeid=1 and status=1 ) ORDER BY listorder desc,id desc  [ RunTime:0.001160s ]
SQL: SELECT a.xqstatus,a.title,a.picurlpc,a.catid,a.id,b.capacity,b.price,b.id as ppid,a.colorlist,b.fmpicurl FROM tp_product_price b,tp_product a WHERE ( a.posid=1 and a.status=1 and  a.id=b.pid ) ORDER BY a.listorder desc,id desc  [ RunTime:0.000790s ]
SQL: SELECT `catname` FROM `tp_category` WHERE ( catid=14 ) LIMIT 1   [ RunTime:0.000378s ]
SQL: SELECT `colorname` FROM `tp_parameter` WHERE ( `id` IN ('12','8','1','6') )  [ RunTime:0.000190s ]
SQL: SELECT `catname` FROM `tp_category` WHERE ( catid=14 ) LIMIT 1   [ RunTime:0.000168s ]
SQL: SELECT `colorname` FROM `tp_parameter` WHERE ( `id` IN ('12','8','1','6') )  [ RunTime:0.000174s ]
SQL: SELECT `catname` FROM `tp_category` WHERE ( catid=14 ) LIMIT 1   [ RunTime:0.000150s ]
SQL: SELECT `colorname` FROM `tp_parameter` WHERE ( `id` IN ('12','8','1','6') )  [ RunTime:0.000159s ]
SQL: SELECT `catname` FROM `tp_category` WHERE ( catid=14 ) LIMIT 1   [ RunTime:0.000151s ]
SQL: SELECT `colorname` FROM `tp_parameter` WHERE ( `id` IN ('12','8','1','6') )  [ RunTime:0.000162s ]
SQL: SELECT `catname` FROM `tp_category` WHERE ( catid=14 ) LIMIT 1   [ RunTime:0.000154s ]
SQL: SELECT `colorname` FROM `tp_parameter` WHERE ( `id` IN ('12','4','1','6') )  [ RunTime:0.000157s ]
SQL: SELECT `catname` FROM `tp_category` WHERE ( catid=14 ) LIMIT 1   [ RunTime:0.000153s ]
SQL: SELECT `colorname` FROM `tp_parameter` WHERE ( `id` IN ('12','4','1','6') )  [ RunTime:0.000160s ]
SQL: SELECT `catname` FROM `tp_category` WHERE ( catid=14 ) LIMIT 1   [ RunTime:0.000168s ]
SQL: SELECT `colorname` FROM `tp_parameter` WHERE ( `id` IN ('12','4','1','6') )  [ RunTime:0.000187s ]
SQL: SELECT `catname` FROM `tp_category` WHERE ( catid=14 ) LIMIT 1   [ RunTime:0.000126s ]
SQL: SELECT `colorname` FROM `tp_parameter` WHERE ( `id` IN ('12','4','1','6') )  [ RunTime:0.000194s ]
SQL: SELECT `catname` FROM `tp_category` WHERE ( catid=14 ) LIMIT 1   [ RunTime:0.000200s ]
SQL: SELECT `colorname` FROM `tp_parameter` WHERE ( `id` IN ('1','7','8') )  [ RunTime:0.000187s ]
SQL: SELECT `catname` FROM `tp_category` WHERE ( catid=14 ) LIMIT 1   [ RunTime:0.000158s ]
SQL: SELECT `colorname` FROM `tp_parameter` WHERE ( `id` IN ('1','8','7','1','6','8','1','12','8') )  [ RunTime:0.000188s ]
SQL: SELECT `catname` FROM `tp_category` WHERE ( catid=14 ) LIMIT 1   [ RunTime:0.000145s ]
SQL: SELECT `colorname` FROM `tp_parameter` WHERE ( `id` IN ('1') )  [ RunTime:0.000142s ]
SQL: SELECT `catname` FROM `tp_category` WHERE ( catid=14 ) LIMIT 1   [ RunTime:0.000152s ]
SQL: SELECT `colorname` FROM `tp_parameter` WHERE ( `id` IN ('12','7','6') )  [ RunTime:0.000224s ]
SQL: SELECT `catname` FROM `tp_category` WHERE ( catid=14 ) LIMIT 1   [ RunTime:0.000172s ]
SQL: SELECT `colorname` FROM `tp_parameter` WHERE ( `id` IN ('4','7','1','6') )  [ RunTime:0.000179s ]
INFO: [ view_template ] --START--
INFO: Run LocationTemplate Behavior [ RunTime:0.000330s ]
INFO: [ view_template ] --END-- [ RunTime:0.000414s ]
INFO: [ view_parse ] --START--
NOTIC: [8] A session had already been started - ignoring session_start() /data/wwwroot/html/bobo2/Home/Runtime/Cache/f4b6a5a0a2edf925d4a608324d63310b.php 第 78 行.
NOTIC: [8] Undefined index: bobo_pc_user_id /data/wwwroot/html/bobo2/Home/Runtime/Cache/f4b6a5a0a2edf925d4a608324d63310b.php 第 78 行.
NOTIC: [8] Undefined index: bobo_pc_user_id /data/wwwroot/html/bobo2/Home/Runtime/Cache/f4b6a5a0a2edf925d4a608324d63310b.php 第 85 行.
NOTIC: [8] Undefined index: bobo_pc_user_name /data/wwwroot/html/bobo2/Home/Runtime/Cache/f4b6a5a0a2edf925d4a608324d63310b.php 第 85 行.
NOTIC: [8] Undefined variable: k /data/wwwroot/html/bobo2/Home/Runtime/Cache/f4b6a5a0a2edf925d4a608324d63310b.php 第 112 行.
NOTIC: [8] Use of undefined constant catid - assumed 'catid' /data/wwwroot/html/bobo2/Home/Runtime/Cache/f4b6a5a0a2edf925d4a608324d63310b.php 第 115 行.
NOTIC: [8] Use of undefined constant id - assumed 'id' /data/wwwroot/html/bobo2/Home/Runtime/Cache/f4b6a5a0a2edf925d4a608324d63310b.php 第 115 行.
NOTIC: [8] Use of undefined constant catid - assumed 'catid' /data/wwwroot/html/bobo2/Home/Runtime/Cache/f4b6a5a0a2edf925d4a608324d63310b.php 第 115 行.
NOTIC: [8] Use of undefined constant id - assumed 'id' /data/wwwroot/html/bobo2/Home/Runtime/Cache/f4b6a5a0a2edf925d4a608324d63310b.php 第 115 行.
NOTIC: [8] Use of undefined constant catid - assumed 'catid' /data/wwwroot/html/bobo2/Home/Runtime/Cache/f4b6a5a0a2edf925d4a608324d63310b.php 第 115 行.
NOTIC: [8] Use of undefined constant id - assumed 'id' /data/wwwroot/html/bobo2/Home/Runtime/Cache/f4b6a5a0a2edf925d4a608324d63310b.php 第 115 行.
NOTIC: [8] Use of undefined constant catid - assumed 'catid' /data/wwwroot/html/bobo2/Home/Runtime/Cache/f4b6a5a0a2edf925d4a608324d63310b.php 第 115 行.
NOTIC: [8] Use of undefined constant id - assumed 'id' /data/wwwroot/html/bobo2/Home/Runtime/Cache/f4b6a5a0a2edf925d4a608324d63310b.php 第 115 行.
NOTIC: [8] Use of undefined constant catid - assumed 'catid' /data/wwwroot/html/bobo2/Home/Runtime/Cache/f4b6a5a0a2edf925d4a608324d63310b.php 第 115 行.
NOTIC: [8] Use of undefined constant id - assumed 'id' /data/wwwroot/html/bobo2/Home/Runtime/Cache/f4b6a5a0a2edf925d4a608324d63310b.php 第 115 行.
NOTIC: [8] Use of undefined constant catid - assumed 'catid' /data/wwwroot/html/bobo2/Home/Runtime/Cache/f4b6a5a0a2edf925d4a608324d63310b.php 第 115 行.
NOTIC: [8] Use of undefined constant id - assumed 'id' /data/wwwroot/html/bobo2/Home/Runtime/Cache/f4b6a5a0a2edf925d4a608324d63310b.php 第 115 行.
NOTIC: [8] Use of undefined constant catid - assumed 'catid' /data/wwwroot/html/bobo2/Home/Runtime/Cache/f4b6a5a0a2edf925d4a608324d63310b.php 第 115 行.
NOTIC: [8] Use of undefined constant id - assumed 'id' /data/wwwroot/html/bobo2/Home/Runtime/Cache/f4b6a5a0a2edf925d4a608324d63310b.php 第 115 行.
NOTIC: [8] Use of undefined constant catid - assumed 'catid' /data/wwwroot/html/bobo2/Home/Runtime/Cache/f4b6a5a0a2edf925d4a608324d63310b.php 第 115 行.
NOTIC: [8] Use of undefined constant id - assumed 'id' /data/wwwroot/html/bobo2/Home/Runtime/Cache/f4b6a5a0a2edf925d4a608324d63310b.php 第 115 行.
NOTIC: [8] Use of undefined constant catid - assumed 'catid' /data/wwwroot/html/bobo2/Home/Runtime/Cache/f4b6a5a0a2edf925d4a608324d63310b.php 第 118 行.
NOTIC: [8] Use of undefined constant id - assumed 'id' /data/wwwroot/html/bobo2/Home/Runtime/Cache/f4b6a5a0a2edf925d4a608324d63310b.php 第 118 行.
NOTIC: [8] Use of undefined constant catid - assumed 'catid' /data/wwwroot/html/bobo2/Home/Runtime/Cache/f4b6a5a0a2edf925d4a608324d63310b.php 第 118 行.
NOTIC: [8] Use of undefined constant id - assumed 'id' /data/wwwroot/html/bobo2/Home/Runtime/Cache/f4b6a5a0a2edf925d4a608324d63310b.php 第 118 行.
NOTIC: [8] Use of undefined constant catid - assumed 'catid' /data/wwwroot/html/bobo2/Home/Runtime/Cache/f4b6a5a0a2edf925d4a608324d63310b.php 第 118 行.
NOTIC: [8] Use of undefined constant id - assumed 'id' /data/wwwroot/html/bobo2/Home/Runtime/Cache/f4b6a5a0a2edf925d4a608324d63310b.php 第 118 行.
NOTIC: [8] Use of undefined constant catid - assumed 'catid' /data/wwwroot/html/bobo2/Home/Runtime/Cache/f4b6a5a0a2edf925d4a608324d63310b.php 第 118 行.
NOTIC: [8] Use of undefined constant id - assumed 'id' /data/wwwroot/html/bobo2/Home/Runtime/Cache/f4b6a5a0a2edf925d4a608324d63310b.php 第 118 行.
NOTIC: [8] Use of undefined constant catid - assumed 'catid' /data/wwwroot/html/bobo2/Home/Runtime/Cache/f4b6a5a0a2edf925d4a608324d63310b.php 第 121 行.
NOTIC: [8] Use of undefined constant id - assumed 'id' /data/wwwroot/html/bobo2/Home/Runtime/Cache/f4b6a5a0a2edf925d4a608324d63310b.php 第 121 行.
NOTIC: [8] Use of undefined constant catid - assumed 'catid' /data/wwwroot/html/bobo2/Home/Runtime/Cache/f4b6a5a0a2edf925d4a608324d63310b.php 第 121 行.
NOTIC: [8] Use of undefined constant id - assumed 'id' /data/wwwroot/html/bobo2/Home/Runtime/Cache/f4b6a5a0a2edf925d4a608324d63310b.php 第 121 行.
NOTIC: [8] Use of undefined constant catid - assumed 'catid' /data/wwwroot/html/bobo2/Home/Runtime/Cache/f4b6a5a0a2edf925d4a608324d63310b.php 第 146 行.
NOTIC: [8] Use of undefined constant id - assumed 'id' /data/wwwroot/html/bobo2/Home/Runtime/Cache/f4b6a5a0a2edf925d4a608324d63310b.php 第 146 行.
NOTIC: [8] Use of undefined constant ppid - assumed 'ppid' /data/wwwroot/html/bobo2/Home/Runtime/Cache/f4b6a5a0a2edf925d4a608324d63310b.php 第 146 行.
NOTIC: [8] Use of undefined constant catid - assumed 'catid' /data/wwwroot/html/bobo2/Home/Runtime/Cache/f4b6a5a0a2edf925d4a608324d63310b.php 第 146 行.
NOTIC: [8] Use of undefined constant id - assumed 'id' /data/wwwroot/html/bobo2/Home/Runtime/Cache/f4b6a5a0a2edf925d4a608324d63310b.php 第 146 行.
NOTIC: [8] Use of undefined constant ppid - assumed 'ppid' /data/wwwroot/html/bobo2/Home/Runtime/Cache/f4b6a5a0a2edf925d4a608324d63310b.php 第 146 行.
NOTIC: [8] Use of undefined constant catid - assumed 'catid' /data/wwwroot/html/bobo2/Home/Runtime/Cache/f4b6a5a0a2edf925d4a608324d63310b.php 第 146 行.
NOTIC: [8] Use of undefined constant id - assumed 'id' /data/wwwroot/html/bobo2/Home/Runtime/Cache/f4b6a5a0a2edf925d4a608324d63310b.php 第 146 行.
NOTIC: [8] Use of undefined constant ppid - assumed 'ppid' /data/wwwroot/html/bobo2/Home/Runtime/Cache/f4b6a5a0a2edf925d4a608324d63310b.php 第 146 行.
NOTIC: [8] Use of undefined constant catid - assumed 'catid' /data/wwwroot/html/bobo2/Home/Runtime/Cache/f4b6a5a0a2edf925d4a608324d63310b.php 第 146 行.
NOTIC: [8] Use of undefined constant id - assumed 'id' /data/wwwroot/html/bobo2/Home/Runtime/Cache/f4b6a5a0a2edf925d4a608324d63310b.php 第 146 行.
NOTIC: [8] Use of undefined constant ppid - assumed 'ppid' /data/wwwroot/html/bobo2/Home/Runtime/Cache/f4b6a5a0a2edf925d4a608324d63310b.php 第 146 行.
NOTIC: [8] Use of undefined constant catid - assumed 'catid' /data/wwwroot/html/bobo2/Home/Runtime/Cache/f4b6a5a0a2edf925d4a608324d63310b.php 第 146 行.
NOTIC: [8] Use of undefined constant id - assumed 'id' /data/wwwroot/html/bobo2/Home/Runtime/Cache/f4b6a5a0a2edf925d4a608324d63310b.php 第 146 行.
NOTIC: [8] Use of undefined constant ppid - assumed 'ppid' /data/wwwroot/html/bobo2/Home/Runtime/Cache/f4b6a5a0a2edf925d4a608324d63310b.php 第 146 行.
NOTIC: [8] Use of undefined constant catid - assumed 'catid' /data/wwwroot/html/bobo2/Home/Runtime/Cache/f4b6a5a0a2edf925d4a608324d63310b.php 第 146 行.
NOTIC: [8] Use of undefined constant id - assumed 'id' /data/wwwroot/html/bobo2/Home/Runtime/Cache/f4b6a5a0a2edf925d4a608324d63310b.php 第 146 行.
NOTIC: [8] Use of undefined constant ppid - assumed 'ppid' /data/wwwroot/html/bobo2/Home/Runtime/Cache/f4b6a5a0a2edf925d4a608324d63310b.php 第 146 行.
NOTIC: [8] Use of undefined constant catid - assumed 'catid' /data/wwwroot/html/bobo2/Home/Runtime/Cache/f4b6a5a0a2edf925d4a608324d63310b.php 第 146 行.
NOTIC: [8] Use of undefined constant id - assumed 'id' /data/wwwroot/html/bobo2/Home/Runtime/Cache/f4b6a5a0a2edf925d4a608324d63310b.php 第 146 行.
NOTIC: [8] Use of undefined constant ppid - assumed 'ppid' /data/wwwroot/html/bobo2/Home/Runtime/Cache/f4b6a5a0a2edf925d4a608324d63310b.php 第 146 行.
NOTIC: [8] Use of undefined constant catid - assumed 'catid' /data/wwwroot/html/bobo2/Home/Runtime/Cache/f4b6a5a0a2edf925d4a608324d63310b.php 第 146 行.
NOTIC: [8] Use of undefined constant id - assumed 'id' /data/wwwroot/html/bobo2/Home/Runtime/Cache/f4b6a5a0a2edf925d4a608324d63310b.php 第 146 行.
NOTIC: [8] Use of undefined constant ppid - assumed 'ppid' /data/wwwroot/html/bobo2/Home/Runtime/Cache/f4b6a5a0a2edf925d4a608324d63310b.php 第 146 行.
NOTIC: [8] Use of undefined constant catid - assumed 'catid' /data/wwwroot/html/bobo2/Home/Runtime/Cache/f4b6a5a0a2edf925d4a608324d63310b.php 第 150 行.
NOTIC: [8] Use of undefined constant catid - assumed 'catid' /data/wwwroot/html/bobo2/Home/Runtime/Cache/f4b6a5a0a2edf925d4a608324d63310b.php 第 150 行.
NOTIC: [8] Use of undefined constant catid - assumed 'catid' /data/wwwroot/html/bobo2/Home/Runtime/Cache/f4b6a5a0a2edf925d4a608324d63310b.php 第 150 行.
NOTIC: [8] Use of undefined constant catid - assumed 'catid' /data/wwwroot/html/bobo2/Home/Runtime/Cache/f4b6a5a0a2edf925d4a608324d63310b.php 第 150 行.
NOTIC: [8] Use of undefined constant catid - assumed 'catid' /data/wwwroot/html/bobo2/Home/Runtime/Cache/f4b6a5a0a2edf925d4a608324d63310b.php 第 150 行.
NOTIC: [8] Use of undefined constant catid - assumed 'catid' /data/wwwroot/html/bobo2/Home/Runtime/Cache/f4b6a5a0a2edf925d4a608324d63310b.php 第 150 行.
NOTIC: [8] Use of undefined constant catid - assumed 'catid' /data/wwwroot/html/bobo2/Home/Runtime/Cache/f4b6a5a0a2edf925d4a608324d63310b.php 第 150 行.
NOTIC: [8] Use of undefined constant catid - assumed 'catid' /data/wwwroot/html/bobo2/Home/Runtime/Cache/f4b6a5a0a2edf925d4a608324d63310b.php 第 150 行.
NOTIC: [8] Use of undefined constant catid - assumed 'catid' /data/wwwroot/html/bobo2/Home/Runtime/Cache/f4b6a5a0a2edf925d4a608324d63310b.php 第 154 行.
NOTIC: [8] Use of undefined constant catid - assumed 'catid' /data/wwwroot/html/bobo2/Home/Runtime/Cache/f4b6a5a0a2edf925d4a608324d63310b.php 第 154 行.
NOTIC: [8] Use of undefined constant catid - assumed 'catid' /data/wwwroot/html/bobo2/Home/Runtime/Cache/f4b6a5a0a2edf925d4a608324d63310b.php 第 154 行.
NOTIC: [8] Use of undefined constant catid - assumed 'catid' /data/wwwroot/html/bobo2/Home/Runtime/Cache/f4b6a5a0a2edf925d4a608324d63310b.php 第 154 行.
NOTIC: [8] Use of undefined constant catid - assumed 'catid' /data/wwwroot/html/bobo2/Home/Runtime/Cache/f4b6a5a0a2edf925d4a608324d63310b.php 第 154 行.
NOTIC: [8] Use of undefined constant catid - assumed 'catid' /data/wwwroot/html/bobo2/Home/Runtime/Cache/f4b6a5a0a2edf925d4a608324d63310b.php 第 154 行.
NOTIC: [8] Use of undefined constant catid - assumed 'catid' /data/wwwroot/html/bobo2/Home/Runtime/Cache/f4b6a5a0a2edf925d4a608324d63310b.php 第 154 行.
NOTIC: [8] Use of undefined constant catid - assumed 'catid' /data/wwwroot/html/bobo2/Home/Runtime/Cache/f4b6a5a0a2edf925d4a608324d63310b.php 第 157 行.
NOTIC: [8] Use of undefined constant catid - assumed 'catid' /data/wwwroot/html/bobo2/Home/Runtime/Cache/f4b6a5a0a2edf925d4a608324d63310b.php 第 157 行.
NOTIC: [8] Use of undefined constant catid - assumed 'catid' /data/wwwroot/html/bobo2/Home/Runtime/Cache/f4b6a5a0a2edf925d4a608324d63310b.php 第 157 行.
NOTIC: [8] Use of undefined constant catid - assumed 'catid' /data/wwwroot/html/bobo2/Home/Runtime/Cache/f4b6a5a0a2edf925d4a608324d63310b.php 第 157 行.
NOTIC: [8] Use of undefined constant catid - assumed 'catid' /data/wwwroot/html/bobo2/Home/Runtime/Cache/f4b6a5a0a2edf925d4a608324d63310b.php 第 157 行.
NOTIC: [8] Use of undefined constant catid - assumed 'catid' /data/wwwroot/html/bobo2/Home/Runtime/Cache/f4b6a5a0a2edf925d4a608324d63310b.php 第 157 行.
NOTIC: [8] Use of undefined constant catid - assumed 'catid' /data/wwwroot/html/bobo2/Home/Runtime/Cache/f4b6a5a0a2edf925d4a608324d63310b.php 第 157 行.
NOTIC: [8] Use of undefined constant catid - assumed 'catid' /data/wwwroot/html/bobo2/Home/Runtime/Cache/f4b6a5a0a2edf925d4a608324d63310b.php 第 157 行.
NOTIC: [8] Use of undefined constant catid - assumed 'catid' /data/wwwroot/html/bobo2/Home/Runtime/Cache/f4b6a5a0a2edf925d4a608324d63310b.php 第 180 行.
NOTIC: [8] Use of undefined constant id - assumed 'id' /data/wwwroot/html/bobo2/Home/Runtime/Cache/f4b6a5a0a2edf925d4a608324d63310b.php 第 180 行.
NOTIC: [8] Use of undefined constant ppid - assumed 'ppid' /data/wwwroot/html/bobo2/Home/Runtime/Cache/f4b6a5a0a2edf925d4a608324d63310b.php 第 180 行.
NOTIC: [8] Use of undefined constant catid - assumed 'catid' /data/wwwroot/html/bobo2/Home/Runtime/Cache/f4b6a5a0a2edf925d4a608324d63310b.php 第 180 行.
NOTIC: [8] Use of undefined constant id - assumed 'id' /data/wwwroot/html/bobo2/Home/Runtime/Cache/f4b6a5a0a2edf925d4a608324d63310b.php 第 180 行.
NOTIC: [8] Use of undefined constant ppid - assumed 'ppid' /data/wwwroot/html/bobo2/Home/Runtime/Cache/f4b6a5a0a2edf925d4a608324d63310b.php 第 180 行.
NOTIC: [8] Use of undefined constant catid - assumed 'catid' /data/wwwroot/html/bobo2/Home/Runtime/Cache/f4b6a5a0a2edf925d4a608324d63310b.php 第 180 行.
NOTIC: [8] Use of undefined constant id - assumed 'id' /data/wwwroot/html/bobo2/Home/Runtime/Cache/f4b6a5a0a2edf925d4a608324d63310b.php 第 180 行.
NOTIC: [8] Use of undefined constant ppid - assumed 'ppid' /data/wwwroot/html/bobo2/Home/Runtime/Cache/f4b6a5a0a2edf925d4a608324d63310b.php 第 180 行.
NOTIC: [8] Use of undefined constant catid - assumed 'catid' /data/wwwroot/html/bobo2/Home/Runtime/Cache/f4b6a5a0a2edf925d4a608324d63310b.php 第 180 行.
NOTIC: [8] Use of undefined constant id - assumed 'id' /data/wwwroot/html/bobo2/Home/Runtime/Cache/f4b6a5a0a2edf925d4a608324d63310b.php 第 180 行.
NOTIC: [8] Use of undefined constant ppid - assumed 'ppid' /data/wwwroot/html/bobo2/Home/Runtime/Cache/f4b6a5a0a2edf925d4a608324d63310b.php 第 180 行.
NOTIC: [8] Use of undefined constant catid - assumed 'catid' /data/wwwroot/html/bobo2/Home/Runtime/Cache/f4b6a5a0a2edf925d4a608324d63310b.php 第 180 行.
NOTIC: [8] Use of undefined constant id - assumed 'id' /data/wwwroot/html/bobo2/Home/Runtime/Cache/f4b6a5a0a2edf925d4a608324d63310b.php 第 180 行.
NOTIC: [8] Use of undefined constant ppid - assumed 'ppid' /data/wwwroot/html/bobo2/Home/Runtime/Cache/f4b6a5a0a2edf925d4a608324d63310b.php 第 180 行.
NOTIC: [8] Use of undefined constant catid - assumed 'catid' /data/wwwroot/html/bobo2/Home/Runtime/Cache/f4b6a5a0a2edf925d4a608324d63310b.php 第 180 行.
NOTIC: [8] Use of undefined constant id - assumed 'id' /data/wwwroot/html/bobo2/Home/Runtime/Cache/f4b6a5a0a2edf925d4a608324d63310b.php 第 180 行.
NOTIC: [8] Use of undefined constant ppid - assumed 'ppid' /data/wwwroot/html/bobo2/Home/Runtime/Cache/f4b6a5a0a2edf925d4a608324d63310b.php 第 180 行.
NOTIC: [8] Use of undefined constant catid - assumed 'catid' /data/wwwroot/html/bobo2/Home/Runtime/Cache/f4b6a5a0a2edf925d4a608324d63310b.php 第 180 行.
NOTIC: [8] Use of undefined constant id - assumed 'id' /data/wwwroot/html/bobo2/Home/Runtime/Cache/f4b6a5a0a2edf925d4a608324d63310b.php 第 180 行.
NOTIC: [8] Use of undefined constant ppid - assumed 'ppid' /data/wwwroot/html/bobo2/Home/Runtime/Cache/f4b6a5a0a2edf925d4a608324d63310b.php 第 180 行.
NOTIC: [8] Use of undefined constant catid - assumed 'catid' /data/wwwroot/html/bobo2/Home/Runtime/Cache/f4b6a5a0a2edf925d4a608324d63310b.php 第 180 行.
NOTIC: [8] Use of undefined constant id - assumed 'id' /data/wwwroot/html/bobo2/Home/Runtime/Cache/f4b6a5a0a2edf925d4a608324d63310b.php 第 180 行.
NOTIC: [8] Use of undefined constant ppid - assumed 'ppid' /data/wwwroot/html/bobo2/Home/Runtime/Cache/f4b6a5a0a2edf925d4a608324d63310b.php 第 180 行.
NOTIC: [8] Use of undefined constant catid - assumed 'catid' /data/wwwroot/html/bobo2/Home/Runtime/Cache/f4b6a5a0a2edf925d4a608324d63310b.php 第 184 行.
NOTIC: [8] Use of undefined constant catid - assumed 'catid' /data/wwwroot/html/bobo2/Home/Runtime/Cache/f4b6a5a0a2edf925d4a608324d63310b.php 第 184 行.
NOTIC: [8] Use of undefined constant catid - assumed 'catid' /data/wwwroot/html/bobo2/Home/Runtime/Cache/f4b6a5a0a2edf925d4a608324d63310b.php 第 184 行.
NOTIC: [8] Use of undefined constant catid - assumed 'catid' /data/wwwroot/html/bobo2/Home/Runtime/Cache/f4b6a5a0a2edf925d4a608324d63310b.php 第 184 行.
NOTIC: [8] Use of undefined constant catid - assumed 'catid' /data/wwwroot/html/bobo2/Home/Runtime/Cache/f4b6a5a0a2edf925d4a608324d63310b.php 第 184 行.
NOTIC: [8] Use of undefined constant catid - assumed 'catid' /data/wwwroot/html/bobo2/Home/Runtime/Cache/f4b6a5a0a2edf925d4a608324d63310b.php 第 184 行.
NOTIC: [8] Use of undefined constant catid - assumed 'catid' /data/wwwroot/html/bobo2/Home/Runtime/Cache/f4b6a5a0a2edf925d4a608324d63310b.php 第 184 行.
NOTIC: [8] Use of undefined constant catid - assumed 'catid' /data/wwwroot/html/bobo2/Home/Runtime/Cache/f4b6a5a0a2edf925d4a608324d63310b.php 第 184 行.
NOTIC: [8] Use of undefined constant catid - assumed 'catid' /data/wwwroot/html/bobo2/Home/Runtime/Cache/f4b6a5a0a2edf925d4a608324d63310b.php 第 188 行.
NOTIC: [8] Use of undefined constant catid - assumed 'catid' /data/wwwroot/html/bobo2/Home/Runtime/Cache/f4b6a5a0a2edf925d4a608324d63310b.php 第 188 行.
NOTIC: [8] Use of undefined constant catid - assumed 'catid' /data/wwwroot/html/bobo2/Home/Runtime/Cache/f4b6a5a0a2edf925d4a608324d63310b.php 第 188 行.
NOTIC: [8] Use of undefined constant catid - assumed 'catid' /data/wwwroot/html/bobo2/Home/Runtime/Cache/f4b6a5a0a2edf925d4a608324d63310b.php 第 188 行.
NOTIC: [8] Use of undefined constant catid - assumed 'catid' /data/wwwroot/html/bobo2/Home/Runtime/Cache/f4b6a5a0a2edf925d4a608324d63310b.php 第 188 行.
NOTIC: [8] Use of undefined constant catid - assumed 'catid' /data/wwwroot/html/bobo2/Home/Runtime/Cache/f4b6a5a0a2edf925d4a608324d63310b.php 第 188 行.
NOTIC: [8] Use of undefined constant catid - assumed 'catid' /data/wwwroot/html/bobo2/Home/Runtime/Cache/f4b6a5a0a2edf925d4a608324d63310b.php 第 188 行.
NOTIC: [8] Use of undefined constant catid - assumed 'catid' /data/wwwroot/html/bobo2/Home/Runtime/Cache/f4b6a5a0a2edf925d4a608324d63310b.php 第 191 行.
NOTIC: [8] Use of undefined constant catid - assumed 'catid' /data/wwwroot/html/bobo2/Home/Runtime/Cache/f4b6a5a0a2edf925d4a608324d63310b.php 第 191 行.
NOTIC: [8] Use of undefined constant catid - assumed 'catid' /data/wwwroot/html/bobo2/Home/Runtime/Cache/f4b6a5a0a2edf925d4a608324d63310b.php 第 191 行.
NOTIC: [8] Use of undefined constant catid - assumed 'catid' /data/wwwroot/html/bobo2/Home/Runtime/Cache/f4b6a5a0a2edf925d4a608324d63310b.php 第 191 行.
NOTIC: [8] Use of undefined constant catid - assumed 'catid' /data/wwwroot/html/bobo2/Home/Runtime/Cache/f4b6a5a0a2edf925d4a608324d63310b.php 第 191 行.
NOTIC: [8] Use of undefined constant catid - assumed 'catid' /data/wwwroot/html/bobo2/Home/Runtime/Cache/f4b6a5a0a2edf925d4a608324d63310b.php 第 191 行.
NOTIC: [8] Use of undefined constant catid - assumed 'catid' /data/wwwroot/html/bobo2/Home/Runtime/Cache/f4b6a5a0a2edf925d4a608324d63310b.php 第 191 行.
NOTIC: [8] Use of undefined constant catid - assumed 'catid' /data/wwwroot/html/bobo2/Home/Runtime/Cache/f4b6a5a0a2edf925d4a608324d63310b.php 第 191 行.
NOTIC: [8] Use of undefined constant catid - assumed 'catid' /data/wwwroot/html/bobo2/Home/Runtime/Cache/f4b6a5a0a2edf925d4a608324d63310b.php 第 265 行.
NOTIC: [8] Use of undefined constant catid - assumed 'catid' /data/wwwroot/html/bobo2/Home/Runtime/Cache/f4b6a5a0a2edf925d4a608324d63310b.php 第 265 行.
NOTIC: [8] Undefined index: catid /data/wwwroot/html/bobo2/Home/Runtime/Cache/f4b6a5a0a2edf925d4a608324d63310b.php 第 265 行.
NOTIC: [8] Use of undefined constant catid - assumed 'catid' /data/wwwroot/html/bobo2/Home/Runtime/Cache/f4b6a5a0a2edf925d4a608324d63310b.php 第 265 行.
NOTIC: [8] Use of undefined constant catid - assumed 'catid' /data/wwwroot/html/bobo2/Home/Runtime/Cache/f4b6a5a0a2edf925d4a608324d63310b.php 第 265 行.
NOTIC: [8] Use of undefined constant catid - assumed 'catid' /data/wwwroot/html/bobo2/Home/Runtime/Cache/f4b6a5a0a2edf925d4a608324d63310b.php 第 265 行.
NOTIC: [8] Undefined index: catid /data/wwwroot/html/bobo2/Home/Runtime/Cache/f4b6a5a0a2edf925d4a608324d63310b.php 第 265 行.
NOTIC: [8] Use of undefined constant catid - assumed 'catid' /data/wwwroot/html/bobo2/Home/Runtime/Cache/f4b6a5a0a2edf925d4a608324d63310b.php 第 265 行.
NOTIC: [8] Use of undefined constant catid - assumed 'catid' /data/wwwroot/html/bobo2/Home/Runtime/Cache/f4b6a5a0a2edf925d4a608324d63310b.php 第 265 行.
NOTIC: [8] Use of undefined constant catid - assumed 'catid' /data/wwwroot/html/bobo2/Home/Runtime/Cache/f4b6a5a0a2edf925d4a608324d63310b.php 第 265 行.
NOTIC: [8] Undefined index: catid /data/wwwroot/html/bobo2/Home/Runtime/Cache/f4b6a5a0a2edf925d4a608324d63310b.php 第 265 行.
NOTIC: [8] Use of undefined constant catid - assumed 'catid' /data/wwwroot/html/bobo2/Home/Runtime/Cache/f4b6a5a0a2edf925d4a608324d63310b.php 第 265 行.
NOTIC: [8] Use of undefined constant catid - assumed 'catid' /data/wwwroot/html/bobo2/Home/Runtime/Cache/f4b6a5a0a2edf925d4a608324d63310b.php 第 265 行.
NOTIC: [8] Use of undefined constant catid - assumed 'catid' /data/wwwroot/html/bobo2/Home/Runtime/Cache/f4b6a5a0a2edf925d4a608324d63310b.php 第 265 行.
NOTIC: [8] Undefined index: catid /data/wwwroot/html/bobo2/Home/Runtime/Cache/f4b6a5a0a2edf925d4a608324d63310b.php 第 265 行.
NOTIC: [8] Use of undefined constant catid - assumed 'catid' /data/wwwroot/html/bobo2/Home/Runtime/Cache/f4b6a5a0a2edf925d4a608324d63310b.php 第 265 行.
NOTIC: [8] Use of undefined constant catid - assumed 'catid' /data/wwwroot/html/bobo2/Home/Runtime/Cache/f4b6a5a0a2edf925d4a608324d63310b.php 第 265 行.
NOTIC: [8] Use of undefined constant catid - assumed 'catid' /data/wwwroot/html/bobo2/Home/Runtime/Cache/f4b6a5a0a2edf925d4a608324d63310b.php 第 265 行.
NOTIC: [8] Undefined index: catid /data/wwwroot/html/bobo2/Home/Runtime/Cache/f4b6a5a0a2edf925d4a608324d63310b.php 第 265 行.
NOTIC: [8] Use of undefined constant catid - assumed 'catid' /data/wwwroot/html/bobo2/Home/Runtime/Cache/f4b6a5a0a2edf925d4a608324d63310b.php 第 265 行.
NOTIC: [8] Use of undefined constant catid - assumed 'catid' /data/wwwroot/html/bobo2/Home/Runtime/Cache/f4b6a5a0a2edf925d4a608324d63310b.php 第 265 行.
NOTIC: [8] Use of undefined constant catid - assumed 'catid' /data/wwwroot/html/bobo2/Home/Runtime/Cache/f4b6a5a0a2edf925d4a608324d63310b.php 第 265 行.
NOTIC: [8] Undefined index: catid /data/wwwroot/html/bobo2/Home/Runtime/Cache/f4b6a5a0a2edf925d4a608324d63310b.php 第 265 行.
NOTIC: [8] Use of undefined constant catid - assumed 'catid' /data/wwwroot/html/bobo2/Home/Runtime/Cache/f4b6a5a0a2edf925d4a608324d63310b.php 第 265 行.
NOTIC: [8] Use of undefined constant catid - assumed 'catid' /data/wwwroot/html/bobo2/Home/Runtime/Cache/f4b6a5a0a2edf925d4a608324d63310b.php 第 265 行.
NOTIC: [8] Use of undefined constant catid - assumed 'catid' /data/wwwroot/html/bobo2/Home/Runtime/Cache/f4b6a5a0a2edf925d4a608324d63310b.php 第 265 行.
NOTIC: [8] Undefined index: catid /data/wwwroot/html/bobo2/Home/Runtime/Cache/f4b6a5a0a2edf925d4a608324d63310b.php 第 265 行.
NOTIC: [8] Use of undefined constant catid - assumed 'catid' /data/wwwroot/html/bobo2/Home/Runtime/Cache/f4b6a5a0a2edf925d4a608324d63310b.php 第 265 行.
NOTIC: [8] Use of undefined constant catid - assumed 'catid' /data/wwwroot/html/bobo2/Home/Runtime/Cache/f4b6a5a0a2edf925d4a608324d63310b.php 第 265 行.
NOTIC: [8] Use of undefined constant catid - assumed 'catid' /data/wwwroot/html/bobo2/Home/Runtime/Cache/f4b6a5a0a2edf925d4a608324d63310b.php 第 265 行.
NOTIC: [8] Undefined index: catid /data/wwwroot/html/bobo2/Home/Runtime/Cache/f4b6a5a0a2edf925d4a608324d63310b.php 第 265 行.
NOTIC: [8] Use of undefined constant catid - assumed 'catid' /data/wwwroot/html/bobo2/Home/Runtime/Cache/f4b6a5a0a2edf925d4a608324d63310b.php 第 265 行.
NOTIC: [8] Use of undefined constant price_search - assumed 'price_search' /data/wwwroot/html/bobo2/Home/Runtime/Cache/f4b6a5a0a2edf925d4a608324d63310b.php 第 281 行.
NOTIC: [8] Undefined index: price_search /data/wwwroot/html/bobo2/Home/Runtime/Cache/f4b6a5a0a2edf925d4a608324d63310b.php 第 281 行.
NOTIC: [8] Use of undefined constant texturelist_search - assumed 'texturelist_search' /data/wwwroot/html/bobo2/Home/Runtime/Cache/f4b6a5a0a2edf925d4a608324d63310b.php 第 290 行.
NOTIC: [8] Undefined index: texturelist_search /data/wwwroot/html/bobo2/Home/Runtime/Cache/f4b6a5a0a2edf925d4a608324d63310b.php 第 290 行.
NOTIC: [8] Use of undefined constant capacity_search - assumed 'capacity_search' /data/wwwroot/html/bobo2/Home/Runtime/Cache/f4b6a5a0a2edf925d4a608324d63310b.php 第 298 行.
NOTIC: [8] Undefined index: capacity_search /data/wwwroot/html/bobo2/Home/Runtime/Cache/f4b6a5a0a2edf925d4a608324d63310b.php 第 298 行.
NOTIC: [8] Use of undefined constant xqstatus - assumed 'xqstatus' /data/wwwroot/html/bobo2/Home/Runtime/Cache/f4b6a5a0a2edf925d4a608324d63310b.php 第 315 行.
NOTIC: [8] Use of undefined constant fmpicurl - assumed 'fmpicurl' /data/wwwroot/html/bobo2/Home/Runtime/Cache/f4b6a5a0a2edf925d4a608324d63310b.php 第 321 行.
NOTIC: [8] Use of undefined constant para_list - assumed 'para_list' /data/wwwroot/html/bobo2/Home/Runtime/Cache/f4b6a5a0a2edf925d4a608324d63310b.php 第 329 行.
NOTIC: [8] Use of undefined constant para_list - assumed 'para_list' /data/wwwroot/html/bobo2/Home/Runtime/Cache/f4b6a5a0a2edf925d4a608324d63310b.php 第 329 行.
NOTIC: [8] A session had already been started - ignoring session_start() /data/wwwroot/html/bobo2/Home/Runtime/Cache/f4b6a5a0a2edf925d4a608324d63310b.php 第 334 行.
NOTIC: [8] Undefined index: bobo_pc_user_id /data/wwwroot/html/bobo2/Home/Runtime/Cache/f4b6a5a0a2edf925d4a608324d63310b.php 第 334 行.
NOTIC: [8] Use of undefined constant xqstatus - assumed 'xqstatus' /data/wwwroot/html/bobo2/Home/Runtime/Cache/f4b6a5a0a2edf925d4a608324d63310b.php 第 315 行.
NOTIC: [8] Use of undefined constant fmpicurl - assumed 'fmpicurl' /data/wwwroot/html/bobo2/Home/Runtime/Cache/f4b6a5a0a2edf925d4a608324d63310b.php 第 321 行.
NOTIC: [8] Use of undefined constant para_list - assumed 'para_list' /data/wwwroot/html/bobo2/Home/Runtime/Cache/f4b6a5a0a2edf925d4a608324d63310b.php 第 329 行.
NOTIC: [8] Use of undefined constant para_list - assumed 'para_list' /data/wwwroot/html/bobo2/Home/Runtime/Cache/f4b6a5a0a2edf925d4a608324d63310b.php 第 329 行.
NOTIC: [8] A session had already been started - ignoring session_start() /data/wwwroot/html/bobo2/Home/Runtime/Cache/f4b6a5a0a2edf925d4a608324d63310b.php 第 334 行.
NOTIC: [8] Undefined index: bobo_pc_user_id /data/wwwroot/html/bobo2/Home/Runtime/Cache/f4b6a5a0a2edf925d4a608324d63310b.php 第 334 行.
NOTIC: [8] Use of undefined constant xqstatus - assumed 'xqstatus' /data/wwwroot/html/bobo2/Home/Runtime/Cache/f4b6a5a0a2edf925d4a608324d63310b.php 第 315 行.
NOTIC: [8] Use of undefined constant fmpicurl - assumed 'fmpicurl' /data/wwwroot/html/bobo2/Home/Runtime/Cache/f4b6a5a0a2edf925d4a608324d63310b.php 第 321 行.
NOTIC: [8] Use of undefined constant para_list - assumed 'para_list' /data/wwwroot/html/bobo2/Home/Runtime/Cache/f4b6a5a0a2edf925d4a608324d63310b.php 第 329 行.
NOTIC: [8] Use of undefined constant para_list - assumed 'para_list' /data/wwwroot/html/bobo2/Home/Runtime/Cache/f4b6a5a0a2edf925d4a608324d63310b.php 第 329 行.
NOTIC: [8] A session had already been started - ignoring session_start() /data/wwwroot/html/bobo2/Home/Runtime/Cache/f4b6a5a0a2edf925d4a608324d63310b.php 第 334 行.
NOTIC: [8] Undefined index: bobo_pc_user_id /data/wwwroot/html/bobo2/Home/Runtime/Cache/f4b6a5a0a2edf925d4a608324d63310b.php 第 334 行.
NOTIC: [8] Use of undefined constant xqstatus - assumed 'xqstatus' /data/wwwroot/html/bobo2/Home/Runtime/Cache/f4b6a5a0a2edf925d4a608324d63310b.php 第 315 行.
NOTIC: [8] Use of undefined constant fmpicurl - assumed 'fmpicurl' /data/wwwroot/html/bobo2/Home/Runtime/Cache/f4b6a5a0a2edf925d4a608324d63310b.php 第 321 行.
NOTIC: [8] Use of undefined constant para_list - assumed 'para_list' /data/wwwroot/html/bobo2/Home/Runtime/Cache/f4b6a5a0a2edf925d4a608324d63310b.php 第 329 行.
NOTIC: [8] Use of undefined constant para_list - assumed 'para_list' /data/wwwroot/html/bobo2/Home/Runtime/Cache/f4b6a5a0a2edf925d4a608324d63310b.php 第 329 行.
NOTIC: [8] A session had already been started - ignoring session_start() /data/wwwroot/html/bobo2/Home/Runtime/Cache/f4b6a5a0a2edf925d4a608324d63310b.php 第 334 行.
NOTIC: [8] Undefined index: bobo_pc_user_id /data/wwwroot/html/bobo2/Home/Runtime/Cache/f4b6a5a0a2edf925d4a608324d63310b.php 第 334 行.
NOTIC: [8] Use of undefined constant xqstatus - assumed 'xqstatus' /data/wwwroot/html/bobo2/Home/Runtime/Cache/f4b6a5a0a2edf925d4a608324d63310b.php 第 315 行.
NOTIC: [8] Use of undefined constant fmpicurl - assumed 'fmpicurl' /data/wwwroot/html/bobo2/Home/Runtime/Cache/f4b6a5a0a2edf925d4a608324d63310b.php 第 321 行.
NOTIC: [8] Use of undefined constant para_list - assumed 'para_list' /data/wwwroot/html/bobo2/Home/Runtime/Cache/f4b6a5a0a2edf925d4a608324d63310b.php 第 329 行.
NOTIC: [8] Use of undefined constant para_list - assumed 'para_list' /data/wwwroot/html/bobo2/Home/Runtime/Cache/f4b6a5a0a2edf925d4a608324d63310b.php 第 329 行.
NOTIC: [8] A session had already been started - ignoring session_start() /data/wwwroot/html/bobo2/Home/Runtime/Cache/f4b6a5a0a2edf925d4a608324d63310b.php 第 334 行.
NOTIC: [8] Undefined index: bobo_pc_user_id /data/wwwroot/html/bobo2/Home/Runtime/Cache/f4b6a5a0a2edf925d4a608324d63310b.php 第 334 行.
NOTIC: [8] Use of undefined constant xqstatus - assumed 'xqstatus' /data/wwwroot/html/bobo2/Home/Runtime/Cache/f4b6a5a0a2edf925d4a608324d63310b.php 第 315 行.
NOTIC: [8] Use of undefined constant fmpicurl - assumed 'fmpicurl' /data/wwwroot/html/bobo2/Home/Runtime/Cache/f4b6a5a0a2edf925d4a608324d63310b.php 第 321 行.
NOTIC: [8] Use of undefined constant para_list - assumed 'para_list' /data/wwwroot/html/bobo2/Home/Runtime/Cache/f4b6a5a0a2edf925d4a608324d63310b.php 第 329 行.
NOTIC: [8] Use of undefined constant para_list - assumed 'para_list' /data/wwwroot/html/bobo2/Home/Runtime/Cache/f4b6a5a0a2edf925d4a608324d63310b.php 第 329 行.
NOTIC: [8] A session had already been started - ignoring session_start() /data/wwwroot/html/bobo2/Home/Runtime/Cache/f4b6a5a0a2edf925d4a608324d63310b.php 第 334 行.
NOTIC: [8] Undefined index: bobo_pc_user_id /data/wwwroot/html/bobo2/Home/Runtime/Cache/f4b6a5a0a2edf925d4a608324d63310b.php 第 334 行.
NOTIC: [8] Use of undefined constant xqstatus - assumed 'xqstatus' /data/wwwroot/html/bobo2/Home/Runtime/Cache/f4b6a5a0a2edf925d4a608324d63310b.php 第 315 行.
NOTIC: [8] Use of undefined constant fmpicurl - assumed 'fmpicurl' /data/wwwroot/html/bobo2/Home/Runtime/Cache/f4b6a5a0a2edf925d4a608324d63310b.php 第 321 行.
NOTIC: [8] Use of undefined constant para_list - assumed 'para_list' /data/wwwroot/html/bobo2/Home/Runtime/Cache/f4b6a5a0a2edf925d4a608324d63310b.php 第 329 行.
NOTIC: [8] Use of undefined constant para_list - assumed 'para_list' /data/wwwroot/html/bobo2/Home/Runtime/Cache/f4b6a5a0a2edf925d4a608324d63310b.php 第 329 行.
NOTIC: [8] A session had already been started - ignoring session_start() /data/wwwroot/html/bobo2/Home/Runtime/Cache/f4b6a5a0a2edf925d4a608324d63310b.php 第 334 行.
NOTIC: [8] Undefined index: bobo_pc_user_id /data/wwwroot/html/bobo2/Home/Runtime/Cache/f4b6a5a0a2edf925d4a608324d63310b.php 第 334 行.
NOTIC: [8] Use of undefined constant xqstatus - assumed 'xqstatus' /data/wwwroot/html/bobo2/Home/Runtime/Cache/f4b6a5a0a2edf925d4a608324d63310b.php 第 315 行.
NOTIC: [8] Use of undefined constant fmpicurl - assumed 'fmpicurl' /data/wwwroot/html/bobo2/Home/Runtime/Cache/f4b6a5a0a2edf925d4a608324d63310b.php 第 321 行.
NOTIC: [8] Use of undefined constant para_list - assumed 'para_list' /data/wwwroot/html/bobo2/Home/Runtime/Cache/f4b6a5a0a2edf925d4a608324d63310b.php 第 329 行.
NOTIC: [8] Use of undefined constant para_list - assumed 'para_list' /data/wwwroot/html/bobo2/Home/Runtime/Cache/f4b6a5a0a2edf925d4a608324d63310b.php 第 329 行.
NOTIC: [8] A session had already been started - ignoring session_start() /data/wwwroot/html/bobo2/Home/Runtime/Cache/f4b6a5a0a2edf925d4a608324d63310b.php 第 334 行.
NOTIC: [8] Undefined index: bobo_pc_user_id /data/wwwroot/html/bobo2/Home/Runtime/Cache/f4b6a5a0a2edf925d4a608324d63310b.php 第 334 行.
NOTIC: [8] Use of undefined constant xqstatus - assumed 'xqstatus' /data/wwwroot/html/bobo2/Home/Runtime/Cache/f4b6a5a0a2edf925d4a608324d63310b.php 第 315 行.
NOTIC: [8] Use of undefined constant fmpicurl - assumed 'fmpicurl' /data/wwwroot/html/bobo2/Home/Runtime/Cache/f4b6a5a0a2edf925d4a608324d63310b.php 第 321 行.
NOTIC: [8] Use of undefined constant para_list - assumed 'para_list' /data/wwwroot/html/bobo2/Home/Runtime/Cache/f4b6a5a0a2edf925d4a608324d63310b.php 第 329 行.
NOTIC: [8] Use of undefined constant para_list - assumed 'para_list' /data/wwwroot/html/bobo2/Home/Runtime/Cache/f4b6a5a0a2edf925d4a608324d63310b.php 第 329 行.
NOTIC: [8] A session had already been started - ignoring session_start() /data/wwwroot/html/bobo2/Home/Runtime/Cache/f4b6a5a0a2edf925d4a608324d63310b.php 第 334 行.
NOTIC: [8] Undefined index: bobo_pc_user_id /data/wwwroot/html/bobo2/Home/Runtime/Cache/f4b6a5a0a2edf925d4a608324d63310b.php 第 334 行.
NOTIC: [8] Use of undefined constant xqstatus - assumed 'xqstatus' /data/wwwroot/html/bobo2/Home/Runtime/Cache/f4b6a5a0a2edf925d4a608324d63310b.php 第 315 行.
NOTIC: [8] Use of undefined constant fmpicurl - assumed 'fmpicurl' /data/wwwroot/html/bobo2/Home/Runtime/Cache/f4b6a5a0a2edf925d4a608324d63310b.php 第 321 行.
NOTIC: [8] Use of undefined constant para_list - assumed 'para_list' /data/wwwroot/html/bobo2/Home/Runtime/Cache/f4b6a5a0a2edf925d4a608324d63310b.php 第 329 行.
NOTIC: [8] Use of undefined constant para_list - assumed 'para_list' /data/wwwroot/html/bobo2/Home/Runtime/Cache/f4b6a5a0a2edf925d4a608324d63310b.php 第 329 行.
NOTIC: [8] A session had already been started - ignoring session_start() /data/wwwroot/html/bobo2/Home/Runtime/Cache/f4b6a5a0a2edf925d4a608324d63310b.php 第 334 行.
NOTIC: [8] Undefined index: bobo_pc_user_id /data/wwwroot/html/bobo2/Home/Runtime/Cache/f4b6a5a0a2edf925d4a608324d63310b.php 第 334 行.
NOTIC: [8] Use of undefined constant xqstatus - assumed 'xqstatus' /data/wwwroot/html/bobo2/Home/Runtime/Cache/f4b6a5a0a2edf925d4a608324d63310b.php 第 315 行.
NOTIC: [8] Use of undefined constant fmpicurl - assumed 'fmpicurl' /data/wwwroot/html/bobo2/Home/Runtime/Cache/f4b6a5a0a2edf925d4a608324d63310b.php 第 321 行.
NOTIC: [8] A session had already been started - ignoring session_start() /data/wwwroot/html/bobo2/Home/Runtime/Cache/f4b6a5a0a2edf925d4a608324d63310b.php 第 334 行.
NOTIC: [8] Undefined index: bobo_pc_user_id /data/wwwroot/html/bobo2/Home/Runtime/Cache/f4b6a5a0a2edf925d4a608324d63310b.php 第 334 行.
NOTIC: [8] Use of undefined constant xqstatus - assumed 'xqstatus' /data/wwwroot/html/bobo2/Home/Runtime/Cache/f4b6a5a0a2edf925d4a608324d63310b.php 第 315 行.
NOTIC: [8] Use of undefined constant fmpicurl - assumed 'fmpicurl' /data/wwwroot/html/bobo2/Home/Runtime/Cache/f4b6a5a0a2edf925d4a608324d63310b.php 第 321 行.
NOTIC: [8] Use of undefined constant para_list - assumed 'para_list' /data/wwwroot/html/bobo2/Home/Runtime/Cache/f4b6a5a0a2edf925d4a608324d63310b.php 第 329 行.
NOTIC: [8] Use of undefined constant para_list - assumed 'para_list' /data/wwwroot/html/bobo2/Home/Runtime/Cache/f4b6a5a0a2edf925d4a608324d63310b.php 第 329 行.
NOTIC: [8] A session had already been started - ignoring session_start() /data/wwwroot/html/bobo2/Home/Runtime/Cache/f4b6a5a0a2edf925d4a608324d63310b.php 第 334 行.
NOTIC: [8] Undefined index: bobo_pc_user_id /data/wwwroot/html/bobo2/Home/Runtime/Cache/f4b6a5a0a2edf925d4a608324d63310b.php 第 334 行.
NOTIC: [8] Use of undefined constant xqstatus - assumed 'xqstatus' /data/wwwroot/html/bobo2/Home/Runtime/Cache/f4b6a5a0a2edf925d4a608324d63310b.php 第 315 行.
NOTIC: [8] Use of undefined constant fmpicurl - assumed 'fmpicurl' /data/wwwroot/html/bobo2/Home/Runtime/Cache/f4b6a5a0a2edf925d4a608324d63310b.php 第 321 行.
NOTIC: [8] Use of undefined constant para_list - assumed 'para_list' /data/wwwroot/html/bobo2/Home/Runtime/Cache/f4b6a5a0a2edf925d4a608324d63310b.php 第 329 行.
NOTIC: [8] Use of undefined constant para_list - assumed 'para_list' /data/wwwroot/html/bobo2/Home/Runtime/Cache/f4b6a5a0a2edf925d4a608324d63310b.php 第 329 行.
NOTIC: [8] A session had already been started - ignoring session_start() /data/wwwroot/html/bobo2/Home/Runtime/Cache/f4b6a5a0a2edf925d4a608324d63310b.php 第 334 行.
NOTIC: [8] Undefined index: bobo_pc_user_id /data/wwwroot/html/bobo2/Home/Runtime/Cache/f4b6a5a0a2edf925d4a608324d63310b.php 第 334 行.
INFO: Run ParseTemplate Behavior [ RunTime:0.044897s ]
INFO: [ view_parse ] --END-- [ RunTime:0.044948s ]
INFO: [ view_filter ] --START--
INFO: Run ContentReplace Behavior [ RunTime:0.000565s ]
INFO: Run TokenBuild Behavior [ RunTime:0.000301s ]
INFO: Run WriteHtmlCache Behavior [ RunTime:0.000133s ]
INFO: Run ShowRuntime Behavior [ RunTime:0.000290s ]
INFO: [ view_filter ] --END-- [ RunTime:0.001440s ]
INFO: [ view_end ] --START--
INFO: Run ShowPageTrace Behavior [ RunTime:0.000398s ]
INFO: [ view_end ] --END-- [ RunTime:0.000443s ]

