[ 2016-09-20T05:49:07+08:00 ] 123.125.71.90 /bobo2/en/index.php/Content/news_xq/catid/25/id/5
INFO: [ route_check ] --START--
INFO: Run CheckRoute Behavior [ RunTime:0.000580s ]
INFO: [ route_check ] --END-- [ RunTime:0.000657s ]
INFO: [ app_begin ] --START--
INFO: Run ReadHtmlCache Behavior [ RunTime:0.000353s ]
INFO: [ app_begin ] --END-- [ RunTime:0.000411s ]
SQL: SHOW COLUMNS FROM `en_category` [ RunTime:0.001148s ]
SQL: SHOW COLUMNS FROM `en_content` [ RunTime:0.015320s ]
SQL: SHOW COLUMNS FROM `en_page` [ RunTime:0.001535s ]
SQL: SELECT * FROM `en_page` WHERE ( `catid` = 29 ) LIMIT 1   [ RunTime:0.001220s ]
SQL: SELECT `id`,`catid`,`title`,`headerpic` FROM `en_content` WHERE ( catid=23 and (status=2 or status=3) ) ORDER BY conorder desc,id desc LIMIT 8   [ RunTime:0.030422s ]
SQL: SELECT `id`,`catid`,`title`,`headerpic` FROM `en_content` WHERE ( catid=24 and (status=2 or status=3) ) ORDER BY conorder desc,id desc LIMIT 8   [ RunTime:0.000493s ]
SQL: SELECT `id`,`catid`,`title`,`headerpic` FROM `en_content` WHERE ( catid=25 and (status=2 or status=3) ) ORDER BY conorder desc,id desc LIMIT 8   [ RunTime:0.000362s ]
SQL: SHOW COLUMNS FROM `en_site` [ RunTime:0.002550s ]
SQL: SELECT * FROM `en_site` WHERE ( siteid=1 ) LIMIT 1   [ RunTime:0.001190s ]
SQL: SHOW COLUMNS FROM `en_product` [ RunTime:0.001655s ]
SQL: SELECT a.xqstatus,a.title,a.picurlpc,a.catid,a.id,b.id as ppid FROM en_product_price b,en_product a WHERE ( a.posid=1 and a.status=1 and  a.id=b.pid ) ORDER BY a.listorder desc,id desc LIMIT 8   [ RunTime:0.000698s ]
SQL: SHOW COLUMNS FROM `en_video` [ RunTime:0.001437s ]
SQL: SELECT `vtitle`,`headerpic`,`catid` FROM `en_video` WHERE ( catid=26 and (status=2 or status=3) ) ORDER BY listorder desc,vid desc LIMIT 8   [ RunTime:0.001248s ]
SQL: SELECT `vtitle`,`headerpic`,`catid` FROM `en_video` WHERE ( catid=27 and (status=2 or status=3) ) ORDER BY listorder desc,vid desc LIMIT 8   [ RunTime:0.000203s ]
SQL: SELECT `catid`,`catname`,`caturl` FROM `en_category` WHERE ( `catid` IN ('14','15','16','17','18','19','20','21') ) ORDER BY listorder desc,catid desc  [ RunTime:0.000230s ]
NOTIC: [8] Undefined variable: category_list /var/www/html/bobo2/en/Home/Lib/Action/CommonAction.class.php 第 28 行.
SQL: SHOW COLUMNS FROM `en_parameter` [ RunTime:0.000423s ]
SQL: SELECT * FROM `en_content` WHERE ( id=5 and catid=25 and (status=2 or status=3) ) LIMIT 1   [ RunTime:0.000255s ]
SQL: SELECT * FROM `en_content` WHERE ( id<'5'and catid=25 and (status=2 or status=3) ) ORDER BY id desc LIMIT 1   [ RunTime:0.000227s ]
SQL: SELECT * FROM `en_content` WHERE ( id>'5'and catid=25 and (status=2 or status=3) ) ORDER BY id asc LIMIT 1   [ RunTime:0.000590s ]
INFO: [ view_template ] --START--
INFO: Run LocationTemplate Behavior [ RunTime:0.000333s ]
INFO: [ view_template ] --END-- [ RunTime:0.000394s ]
INFO: [ view_parse ] --START--
NOTIC: [8] A session had already been started - ignoring session_start() /var/www/html/bobo2/en/Home/Runtime/Cache/ac998679cd60b8ba4710d17e9e8009cd.php 第 78 行.
NOTIC: [8] Undefined index: bobo_pc_user_id /var/www/html/bobo2/en/Home/Runtime/Cache/ac998679cd60b8ba4710d17e9e8009cd.php 第 78 行.
NOTIC: [8] Undefined index: bobo_pc_user_id /var/www/html/bobo2/en/Home/Runtime/Cache/ac998679cd60b8ba4710d17e9e8009cd.php 第 85 行.
NOTIC: [8] Undefined index: bobo_pc_user_name /var/www/html/bobo2/en/Home/Runtime/Cache/ac998679cd60b8ba4710d17e9e8009cd.php 第 85 行.
NOTIC: [8] Undefined variable: k /var/www/html/bobo2/en/Home/Runtime/Cache/ac998679cd60b8ba4710d17e9e8009cd.php 第 112 行.
NOTIC: [8] Use of undefined constant catid - assumed 'catid' /var/www/html/bobo2/en/Home/Runtime/Cache/ac998679cd60b8ba4710d17e9e8009cd.php 第 115 行.
NOTIC: [8] Use of undefined constant id - assumed 'id' /var/www/html/bobo2/en/Home/Runtime/Cache/ac998679cd60b8ba4710d17e9e8009cd.php 第 115 行.
NOTIC: [8] Use of undefined constant catid - assumed 'catid' /var/www/html/bobo2/en/Home/Runtime/Cache/ac998679cd60b8ba4710d17e9e8009cd.php 第 115 行.
NOTIC: [8] Use of undefined constant id - assumed 'id' /var/www/html/bobo2/en/Home/Runtime/Cache/ac998679cd60b8ba4710d17e9e8009cd.php 第 115 行.
NOTIC: [8] Use of undefined constant catid - assumed 'catid' /var/www/html/bobo2/en/Home/Runtime/Cache/ac998679cd60b8ba4710d17e9e8009cd.php 第 115 行.
NOTIC: [8] Use of undefined constant id - assumed 'id' /var/www/html/bobo2/en/Home/Runtime/Cache/ac998679cd60b8ba4710d17e9e8009cd.php 第 115 行.
NOTIC: [8] Use of undefined constant catid - assumed 'catid' /var/www/html/bobo2/en/Home/Runtime/Cache/ac998679cd60b8ba4710d17e9e8009cd.php 第 115 行.
NOTIC: [8] Use of undefined constant id - assumed 'id' /var/www/html/bobo2/en/Home/Runtime/Cache/ac998679cd60b8ba4710d17e9e8009cd.php 第 115 行.
NOTIC: [8] Use of undefined constant catid - assumed 'catid' /var/www/html/bobo2/en/Home/Runtime/Cache/ac998679cd60b8ba4710d17e9e8009cd.php 第 115 行.
NOTIC: [8] Use of undefined constant id - assumed 'id' /var/www/html/bobo2/en/Home/Runtime/Cache/ac998679cd60b8ba4710d17e9e8009cd.php 第 115 行.
NOTIC: [8] Use of undefined constant catid - assumed 'catid' /var/www/html/bobo2/en/Home/Runtime/Cache/ac998679cd60b8ba4710d17e9e8009cd.php 第 115 行.
NOTIC: [8] Use of undefined constant id - assumed 'id' /var/www/html/bobo2/en/Home/Runtime/Cache/ac998679cd60b8ba4710d17e9e8009cd.php 第 115 行.
NOTIC: [8] Use of undefined constant catid - assumed 'catid' /var/www/html/bobo2/en/Home/Runtime/Cache/ac998679cd60b8ba4710d17e9e8009cd.php 第 115 行.
NOTIC: [8] Use of undefined constant id - assumed 'id' /var/www/html/bobo2/en/Home/Runtime/Cache/ac998679cd60b8ba4710d17e9e8009cd.php 第 115 行.
NOTIC: [8] Use of undefined constant catid - assumed 'catid' /var/www/html/bobo2/en/Home/Runtime/Cache/ac998679cd60b8ba4710d17e9e8009cd.php 第 115 行.
NOTIC: [8] Use of undefined constant id - assumed 'id' /var/www/html/bobo2/en/Home/Runtime/Cache/ac998679cd60b8ba4710d17e9e8009cd.php 第 115 行.
NOTIC: [8] Use of undefined constant catid - assumed 'catid' /var/www/html/bobo2/en/Home/Runtime/Cache/ac998679cd60b8ba4710d17e9e8009cd.php 第 118 行.
NOTIC: [8] Use of undefined constant id - assumed 'id' /var/www/html/bobo2/en/Home/Runtime/Cache/ac998679cd60b8ba4710d17e9e8009cd.php 第 118 行.
NOTIC: [8] Use of undefined constant catid - assumed 'catid' /var/www/html/bobo2/en/Home/Runtime/Cache/ac998679cd60b8ba4710d17e9e8009cd.php 第 118 行.
NOTIC: [8] Use of undefined constant id - assumed 'id' /var/www/html/bobo2/en/Home/Runtime/Cache/ac998679cd60b8ba4710d17e9e8009cd.php 第 118 行.
NOTIC: [8] Use of undefined constant catid - assumed 'catid' /var/www/html/bobo2/en/Home/Runtime/Cache/ac998679cd60b8ba4710d17e9e8009cd.php 第 118 行.
NOTIC: [8] Use of undefined constant id - assumed 'id' /var/www/html/bobo2/en/Home/Runtime/Cache/ac998679cd60b8ba4710d17e9e8009cd.php 第 118 行.
NOTIC: [8] Use of undefined constant catid - assumed 'catid' /var/www/html/bobo2/en/Home/Runtime/Cache/ac998679cd60b8ba4710d17e9e8009cd.php 第 118 行.
NOTIC: [8] Use of undefined constant id - assumed 'id' /var/www/html/bobo2/en/Home/Runtime/Cache/ac998679cd60b8ba4710d17e9e8009cd.php 第 118 行.
NOTIC: [8] Use of undefined constant catid - assumed 'catid' /var/www/html/bobo2/en/Home/Runtime/Cache/ac998679cd60b8ba4710d17e9e8009cd.php 第 121 行.
NOTIC: [8] Use of undefined constant id - assumed 'id' /var/www/html/bobo2/en/Home/Runtime/Cache/ac998679cd60b8ba4710d17e9e8009cd.php 第 121 行.
NOTIC: [8] Use of undefined constant catid - assumed 'catid' /var/www/html/bobo2/en/Home/Runtime/Cache/ac998679cd60b8ba4710d17e9e8009cd.php 第 146 行.
NOTIC: [8] Use of undefined constant id - assumed 'id' /var/www/html/bobo2/en/Home/Runtime/Cache/ac998679cd60b8ba4710d17e9e8009cd.php 第 146 行.
NOTIC: [8] Use of undefined constant ppid - assumed 'ppid' /var/www/html/bobo2/en/Home/Runtime/Cache/ac998679cd60b8ba4710d17e9e8009cd.php 第 146 行.
NOTIC: [8] Use of undefined constant catid - assumed 'catid' /var/www/html/bobo2/en/Home/Runtime/Cache/ac998679cd60b8ba4710d17e9e8009cd.php 第 146 行.
NOTIC: [8] Use of undefined constant id - assumed 'id' /var/www/html/bobo2/en/Home/Runtime/Cache/ac998679cd60b8ba4710d17e9e8009cd.php 第 146 行.
NOTIC: [8] Use of undefined constant ppid - assumed 'ppid' /var/www/html/bobo2/en/Home/Runtime/Cache/ac998679cd60b8ba4710d17e9e8009cd.php 第 146 行.
NOTIC: [8] Use of undefined constant catid - assumed 'catid' /var/www/html/bobo2/en/Home/Runtime/Cache/ac998679cd60b8ba4710d17e9e8009cd.php 第 146 行.
NOTIC: [8] Use of undefined constant id - assumed 'id' /var/www/html/bobo2/en/Home/Runtime/Cache/ac998679cd60b8ba4710d17e9e8009cd.php 第 146 行.
NOTIC: [8] Use of undefined constant ppid - assumed 'ppid' /var/www/html/bobo2/en/Home/Runtime/Cache/ac998679cd60b8ba4710d17e9e8009cd.php 第 146 行.
NOTIC: [8] Use of undefined constant catid - assumed 'catid' /var/www/html/bobo2/en/Home/Runtime/Cache/ac998679cd60b8ba4710d17e9e8009cd.php 第 146 行.
NOTIC: [8] Use of undefined constant id - assumed 'id' /var/www/html/bobo2/en/Home/Runtime/Cache/ac998679cd60b8ba4710d17e9e8009cd.php 第 146 行.
NOTIC: [8] Use of undefined constant ppid - assumed 'ppid' /var/www/html/bobo2/en/Home/Runtime/Cache/ac998679cd60b8ba4710d17e9e8009cd.php 第 146 行.
NOTIC: [8] Use of undefined constant catid - assumed 'catid' /var/www/html/bobo2/en/Home/Runtime/Cache/ac998679cd60b8ba4710d17e9e8009cd.php 第 146 行.
NOTIC: [8] Use of undefined constant id - assumed 'id' /var/www/html/bobo2/en/Home/Runtime/Cache/ac998679cd60b8ba4710d17e9e8009cd.php 第 146 行.
NOTIC: [8] Use of undefined constant ppid - assumed 'ppid' /var/www/html/bobo2/en/Home/Runtime/Cache/ac998679cd60b8ba4710d17e9e8009cd.php 第 146 行.
NOTIC: [8] Use of undefined constant catid - assumed 'catid' /var/www/html/bobo2/en/Home/Runtime/Cache/ac998679cd60b8ba4710d17e9e8009cd.php 第 146 行.
NOTIC: [8] Use of undefined constant id - assumed 'id' /var/www/html/bobo2/en/Home/Runtime/Cache/ac998679cd60b8ba4710d17e9e8009cd.php 第 146 行.
NOTIC: [8] Use of undefined constant ppid - assumed 'ppid' /var/www/html/bobo2/en/Home/Runtime/Cache/ac998679cd60b8ba4710d17e9e8009cd.php 第 146 行.
NOTIC: [8] Use of undefined constant catid - assumed 'catid' /var/www/html/bobo2/en/Home/Runtime/Cache/ac998679cd60b8ba4710d17e9e8009cd.php 第 146 行.
NOTIC: [8] Use of undefined constant id - assumed 'id' /var/www/html/bobo2/en/Home/Runtime/Cache/ac998679cd60b8ba4710d17e9e8009cd.php 第 146 行.
NOTIC: [8] Use of undefined constant ppid - assumed 'ppid' /var/www/html/bobo2/en/Home/Runtime/Cache/ac998679cd60b8ba4710d17e9e8009cd.php 第 146 行.
NOTIC: [8] Use of undefined constant catid - assumed 'catid' /var/www/html/bobo2/en/Home/Runtime/Cache/ac998679cd60b8ba4710d17e9e8009cd.php 第 146 行.
NOTIC: [8] Use of undefined constant id - assumed 'id' /var/www/html/bobo2/en/Home/Runtime/Cache/ac998679cd60b8ba4710d17e9e8009cd.php 第 146 行.
NOTIC: [8] Use of undefined constant ppid - assumed 'ppid' /var/www/html/bobo2/en/Home/Runtime/Cache/ac998679cd60b8ba4710d17e9e8009cd.php 第 146 行.
NOTIC: [8] Use of undefined constant catid - assumed 'catid' /var/www/html/bobo2/en/Home/Runtime/Cache/ac998679cd60b8ba4710d17e9e8009cd.php 第 150 行.
NOTIC: [8] Use of undefined constant catid - assumed 'catid' /var/www/html/bobo2/en/Home/Runtime/Cache/ac998679cd60b8ba4710d17e9e8009cd.php 第 150 行.
NOTIC: [8] Use of undefined constant catid - assumed 'catid' /var/www/html/bobo2/en/Home/Runtime/Cache/ac998679cd60b8ba4710d17e9e8009cd.php 第 150 行.
NOTIC: [8] Use of undefined constant catid - assumed 'catid' /var/www/html/bobo2/en/Home/Runtime/Cache/ac998679cd60b8ba4710d17e9e8009cd.php 第 150 行.
NOTIC: [8] Use of undefined constant catid - assumed 'catid' /var/www/html/bobo2/en/Home/Runtime/Cache/ac998679cd60b8ba4710d17e9e8009cd.php 第 150 行.
NOTIC: [8] Use of undefined constant catid - assumed 'catid' /var/www/html/bobo2/en/Home/Runtime/Cache/ac998679cd60b8ba4710d17e9e8009cd.php 第 150 行.
NOTIC: [8] Use of undefined constant catid - assumed 'catid' /var/www/html/bobo2/en/Home/Runtime/Cache/ac998679cd60b8ba4710d17e9e8009cd.php 第 150 行.
NOTIC: [8] Use of undefined constant catid - assumed 'catid' /var/www/html/bobo2/en/Home/Runtime/Cache/ac998679cd60b8ba4710d17e9e8009cd.php 第 150 行.
NOTIC: [8] Use of undefined constant catid - assumed 'catid' /var/www/html/bobo2/en/Home/Runtime/Cache/ac998679cd60b8ba4710d17e9e8009cd.php 第 154 行.
NOTIC: [8] Use of undefined constant catid - assumed 'catid' /var/www/html/bobo2/en/Home/Runtime/Cache/ac998679cd60b8ba4710d17e9e8009cd.php 第 154 行.
NOTIC: [8] Use of undefined constant catid - assumed 'catid' /var/www/html/bobo2/en/Home/Runtime/Cache/ac998679cd60b8ba4710d17e9e8009cd.php 第 154 行.
NOTIC: [8] Use of undefined constant catid - assumed 'catid' /var/www/html/bobo2/en/Home/Runtime/Cache/ac998679cd60b8ba4710d17e9e8009cd.php 第 154 行.
NOTIC: [8] Use of undefined constant catid - assumed 'catid' /var/www/html/bobo2/en/Home/Runtime/Cache/ac998679cd60b8ba4710d17e9e8009cd.php 第 154 行.
NOTIC: [8] Use of undefined constant catid - assumed 'catid' /var/www/html/bobo2/en/Home/Runtime/Cache/ac998679cd60b8ba4710d17e9e8009cd.php 第 154 行.
NOTIC: [8] Use of undefined constant catid - assumed 'catid' /var/www/html/bobo2/en/Home/Runtime/Cache/ac998679cd60b8ba4710d17e9e8009cd.php 第 154 行.
NOTIC: [8] Use of undefined constant catid - assumed 'catid' /var/www/html/bobo2/en/Home/Runtime/Cache/ac998679cd60b8ba4710d17e9e8009cd.php 第 157 行.
NOTIC: [8] Use of undefined constant catid - assumed 'catid' /var/www/html/bobo2/en/Home/Runtime/Cache/ac998679cd60b8ba4710d17e9e8009cd.php 第 157 行.
NOTIC: [8] Use of undefined constant catid - assumed 'catid' /var/www/html/bobo2/en/Home/Runtime/Cache/ac998679cd60b8ba4710d17e9e8009cd.php 第 157 行.
NOTIC: [8] Use of undefined constant catid - assumed 'catid' /var/www/html/bobo2/en/Home/Runtime/Cache/ac998679cd60b8ba4710d17e9e8009cd.php 第 157 行.
NOTIC: [8] Use of undefined constant catid - assumed 'catid' /var/www/html/bobo2/en/Home/Runtime/Cache/ac998679cd60b8ba4710d17e9e8009cd.php 第 157 行.
NOTIC: [8] Use of undefined constant catid - assumed 'catid' /var/www/html/bobo2/en/Home/Runtime/Cache/ac998679cd60b8ba4710d17e9e8009cd.php 第 157 行.
NOTIC: [8] Use of undefined constant catid - assumed 'catid' /var/www/html/bobo2/en/Home/Runtime/Cache/ac998679cd60b8ba4710d17e9e8009cd.php 第 157 行.
NOTIC: [8] Use of undefined constant catid - assumed 'catid' /var/www/html/bobo2/en/Home/Runtime/Cache/ac998679cd60b8ba4710d17e9e8009cd.php 第 157 行.
NOTIC: [8] Use of undefined constant catid - assumed 'catid' /var/www/html/bobo2/en/Home/Runtime/Cache/ac998679cd60b8ba4710d17e9e8009cd.php 第 180 行.
NOTIC: [8] Use of undefined constant id - assumed 'id' /var/www/html/bobo2/en/Home/Runtime/Cache/ac998679cd60b8ba4710d17e9e8009cd.php 第 180 行.
NOTIC: [8] Use of undefined constant ppid - assumed 'ppid' /var/www/html/bobo2/en/Home/Runtime/Cache/ac998679cd60b8ba4710d17e9e8009cd.php 第 180 行.
NOTIC: [8] Use of undefined constant catid - assumed 'catid' /var/www/html/bobo2/en/Home/Runtime/Cache/ac998679cd60b8ba4710d17e9e8009cd.php 第 180 行.
NOTIC: [8] Use of undefined constant id - assumed 'id' /var/www/html/bobo2/en/Home/Runtime/Cache/ac998679cd60b8ba4710d17e9e8009cd.php 第 180 行.
NOTIC: [8] Use of undefined constant ppid - assumed 'ppid' /var/www/html/bobo2/en/Home/Runtime/Cache/ac998679cd60b8ba4710d17e9e8009cd.php 第 180 行.
NOTIC: [8] Use of undefined constant catid - assumed 'catid' /var/www/html/bobo2/en/Home/Runtime/Cache/ac998679cd60b8ba4710d17e9e8009cd.php 第 180 行.
NOTIC: [8] Use of undefined constant id - assumed 'id' /var/www/html/bobo2/en/Home/Runtime/Cache/ac998679cd60b8ba4710d17e9e8009cd.php 第 180 行.
NOTIC: [8] Use of undefined constant ppid - assumed 'ppid' /var/www/html/bobo2/en/Home/Runtime/Cache/ac998679cd60b8ba4710d17e9e8009cd.php 第 180 行.
NOTIC: [8] Use of undefined constant catid - assumed 'catid' /var/www/html/bobo2/en/Home/Runtime/Cache/ac998679cd60b8ba4710d17e9e8009cd.php 第 180 行.
NOTIC: [8] Use of undefined constant id - assumed 'id' /var/www/html/bobo2/en/Home/Runtime/Cache/ac998679cd60b8ba4710d17e9e8009cd.php 第 180 行.
NOTIC: [8] Use of undefined constant ppid - assumed 'ppid' /var/www/html/bobo2/en/Home/Runtime/Cache/ac998679cd60b8ba4710d17e9e8009cd.php 第 180 行.
NOTIC: [8] Use of undefined constant catid - assumed 'catid' /var/www/html/bobo2/en/Home/Runtime/Cache/ac998679cd60b8ba4710d17e9e8009cd.php 第 180 行.
NOTIC: [8] Use of undefined constant id - assumed 'id' /var/www/html/bobo2/en/Home/Runtime/Cache/ac998679cd60b8ba4710d17e9e8009cd.php 第 180 行.
NOTIC: [8] Use of undefined constant ppid - assumed 'ppid' /var/www/html/bobo2/en/Home/Runtime/Cache/ac998679cd60b8ba4710d17e9e8009cd.php 第 180 行.
NOTIC: [8] Use of undefined constant catid - assumed 'catid' /var/www/html/bobo2/en/Home/Runtime/Cache/ac998679cd60b8ba4710d17e9e8009cd.php 第 180 行.
NOTIC: [8] Use of undefined constant id - assumed 'id' /var/www/html/bobo2/en/Home/Runtime/Cache/ac998679cd60b8ba4710d17e9e8009cd.php 第 180 行.
NOTIC: [8] Use of undefined constant ppid - assumed 'ppid' /var/www/html/bobo2/en/Home/Runtime/Cache/ac998679cd60b8ba4710d17e9e8009cd.php 第 180 行.
NOTIC: [8] Use of undefined constant catid - assumed 'catid' /var/www/html/bobo2/en/Home/Runtime/Cache/ac998679cd60b8ba4710d17e9e8009cd.php 第 180 行.
NOTIC: [8] Use of undefined constant id - assumed 'id' /var/www/html/bobo2/en/Home/Runtime/Cache/ac998679cd60b8ba4710d17e9e8009cd.php 第 180 行.
NOTIC: [8] Use of undefined constant ppid - assumed 'ppid' /var/www/html/bobo2/en/Home/Runtime/Cache/ac998679cd60b8ba4710d17e9e8009cd.php 第 180 行.
NOTIC: [8] Use of undefined constant catid - assumed 'catid' /var/www/html/bobo2/en/Home/Runtime/Cache/ac998679cd60b8ba4710d17e9e8009cd.php 第 180 行.
NOTIC: [8] Use of undefined constant id - assumed 'id' /var/www/html/bobo2/en/Home/Runtime/Cache/ac998679cd60b8ba4710d17e9e8009cd.php 第 180 行.
NOTIC: [8] Use of undefined constant ppid - assumed 'ppid' /var/www/html/bobo2/en/Home/Runtime/Cache/ac998679cd60b8ba4710d17e9e8009cd.php 第 180 行.
NOTIC: [8] Use of undefined constant catid - assumed 'catid' /var/www/html/bobo2/en/Home/Runtime/Cache/ac998679cd60b8ba4710d17e9e8009cd.php 第 184 行.
NOTIC: [8] Use of undefined constant catid - assumed 'catid' /var/www/html/bobo2/en/Home/Runtime/Cache/ac998679cd60b8ba4710d17e9e8009cd.php 第 184 行.
NOTIC: [8] Use of undefined constant catid - assumed 'catid' /var/www/html/bobo2/en/Home/Runtime/Cache/ac998679cd60b8ba4710d17e9e8009cd.php 第 184 行.
NOTIC: [8] Use of undefined constant catid - assumed 'catid' /var/www/html/bobo2/en/Home/Runtime/Cache/ac998679cd60b8ba4710d17e9e8009cd.php 第 184 行.
NOTIC: [8] Use of undefined constant catid - assumed 'catid' /var/www/html/bobo2/en/Home/Runtime/Cache/ac998679cd60b8ba4710d17e9e8009cd.php 第 184 行.
NOTIC: [8] Use of undefined constant catid - assumed 'catid' /var/www/html/bobo2/en/Home/Runtime/Cache/ac998679cd60b8ba4710d17e9e8009cd.php 第 184 行.
NOTIC: [8] Use of undefined constant catid - assumed 'catid' /var/www/html/bobo2/en/Home/Runtime/Cache/ac998679cd60b8ba4710d17e9e8009cd.php 第 184 行.
NOTIC: [8] Use of undefined constant catid - assumed 'catid' /var/www/html/bobo2/en/Home/Runtime/Cache/ac998679cd60b8ba4710d17e9e8009cd.php 第 184 行.
NOTIC: [8] Use of undefined constant catid - assumed 'catid' /var/www/html/bobo2/en/Home/Runtime/Cache/ac998679cd60b8ba4710d17e9e8009cd.php 第 188 行.
NOTIC: [8] Use of undefined constant catid - assumed 'catid' /var/www/html/bobo2/en/Home/Runtime/Cache/ac998679cd60b8ba4710d17e9e8009cd.php 第 188 行.
NOTIC: [8] Use of undefined constant catid - assumed 'catid' /var/www/html/bobo2/en/Home/Runtime/Cache/ac998679cd60b8ba4710d17e9e8009cd.php 第 188 行.
NOTIC: [8] Use of undefined constant catid - assumed 'catid' /var/www/html/bobo2/en/Home/Runtime/Cache/ac998679cd60b8ba4710d17e9e8009cd.php 第 188 行.
NOTIC: [8] Use of undefined constant catid - assumed 'catid' /var/www/html/bobo2/en/Home/Runtime/Cache/ac998679cd60b8ba4710d17e9e8009cd.php 第 188 行.
NOTIC: [8] Use of undefined constant catid - assumed 'catid' /var/www/html/bobo2/en/Home/Runtime/Cache/ac998679cd60b8ba4710d17e9e8009cd.php 第 188 行.
NOTIC: [8] Use of undefined constant catid - assumed 'catid' /var/www/html/bobo2/en/Home/Runtime/Cache/ac998679cd60b8ba4710d17e9e8009cd.php 第 188 行.
NOTIC: [8] Use of undefined constant catid - assumed 'catid' /var/www/html/bobo2/en/Home/Runtime/Cache/ac998679cd60b8ba4710d17e9e8009cd.php 第 191 行.
NOTIC: [8] Use of undefined constant catid - assumed 'catid' /var/www/html/bobo2/en/Home/Runtime/Cache/ac998679cd60b8ba4710d17e9e8009cd.php 第 191 行.
NOTIC: [8] Use of undefined constant catid - assumed 'catid' /var/www/html/bobo2/en/Home/Runtime/Cache/ac998679cd60b8ba4710d17e9e8009cd.php 第 191 行.
NOTIC: [8] Use of undefined constant catid - assumed 'catid' /var/www/html/bobo2/en/Home/Runtime/Cache/ac998679cd60b8ba4710d17e9e8009cd.php 第 191 行.
NOTIC: [8] Use of undefined constant catid - assumed 'catid' /var/www/html/bobo2/en/Home/Runtime/Cache/ac998679cd60b8ba4710d17e9e8009cd.php 第 191 行.
NOTIC: [8] Use of undefined constant catid - assumed 'catid' /var/www/html/bobo2/en/Home/Runtime/Cache/ac998679cd60b8ba4710d17e9e8009cd.php 第 191 行.
NOTIC: [8] Use of undefined constant catid - assumed 'catid' /var/www/html/bobo2/en/Home/Runtime/Cache/ac998679cd60b8ba4710d17e9e8009cd.php 第 191 行.
NOTIC: [8] Use of undefined constant catid - assumed 'catid' /var/www/html/bobo2/en/Home/Runtime/Cache/ac998679cd60b8ba4710d17e9e8009cd.php 第 191 行.
INFO: Run ParseTemplate Behavior [ RunTime:0.030799s ]
INFO: [ view_parse ] --END-- [ RunTime:0.030859s ]
INFO: [ view_filter ] --START--
INFO: Run ContentReplace Behavior [ RunTime:0.000436s ]
INFO: Run TokenBuild Behavior [ RunTime:0.000256s ]
INFO: Run WriteHtmlCache Behavior [ RunTime:0.000158s ]
INFO: Run ShowRuntime Behavior [ RunTime:0.000328s ]
INFO: [ view_filter ] --END-- [ RunTime:0.001338s ]
INFO: [ view_end ] --START--
INFO: Run ShowPageTrace Behavior [ RunTime:0.000397s ]
INFO: [ view_end ] --END-- [ RunTime:0.000470s ]

[ 2016-09-20T17:10:47+08:00 ] 123.125.71.90 /bobo2/en/index.php/Content/content/catid/24
INFO: [ route_check ] --START--
INFO: Run CheckRoute Behavior [ RunTime:0.001442s ]
INFO: [ route_check ] --END-- [ RunTime:0.001532s ]
INFO: [ app_begin ] --START--
INFO: Run ReadHtmlCache Behavior [ RunTime:0.001282s ]
INFO: [ app_begin ] --END-- [ RunTime:0.001342s ]
SQL: SHOW COLUMNS FROM `en_category` [ RunTime:0.000792s ]
SQL: SHOW COLUMNS FROM `en_content` [ RunTime:0.000710s ]
SQL: SHOW COLUMNS FROM `en_page` [ RunTime:0.000482s ]
SQL: SELECT * FROM `en_page` WHERE ( `catid` = 29 ) LIMIT 1   [ RunTime:0.000254s ]
SQL: SELECT `id`,`catid`,`title`,`headerpic` FROM `en_content` WHERE ( catid=23 and (status=2 or status=3) ) ORDER BY conorder desc,id desc LIMIT 8   [ RunTime:0.000451s ]
SQL: SELECT `id`,`catid`,`title`,`headerpic` FROM `en_content` WHERE ( catid=24 and (status=2 or status=3) ) ORDER BY conorder desc,id desc LIMIT 8   [ RunTime:0.000365s ]
SQL: SELECT `id`,`catid`,`title`,`headerpic` FROM `en_content` WHERE ( catid=25 and (status=2 or status=3) ) ORDER BY conorder desc,id desc LIMIT 8   [ RunTime:0.000338s ]
SQL: SHOW COLUMNS FROM `en_site` [ RunTime:0.016888s ]
SQL: SELECT * FROM `en_site` WHERE ( siteid=1 ) LIMIT 1   [ RunTime:0.001440s ]
SQL: SHOW COLUMNS FROM `en_product` [ RunTime:0.005161s ]
SQL: SELECT a.xqstatus,a.title,a.picurlpc,a.catid,a.id,b.id as ppid FROM en_product_price b,en_product a WHERE ( a.posid=1 and a.status=1 and  a.id=b.pid ) ORDER BY a.listorder desc,id desc LIMIT 8   [ RunTime:0.000738s ]
SQL: SHOW COLUMNS FROM `en_video` [ RunTime:0.001508s ]
SQL: SELECT `vtitle`,`headerpic`,`catid` FROM `en_video` WHERE ( catid=26 and (status=2 or status=3) ) ORDER BY listorder desc,vid desc LIMIT 8   [ RunTime:0.001948s ]
SQL: SELECT `vtitle`,`headerpic`,`catid` FROM `en_video` WHERE ( catid=27 and (status=2 or status=3) ) ORDER BY listorder desc,vid desc LIMIT 8   [ RunTime:0.000209s ]
SQL: SELECT `catid`,`catname`,`caturl` FROM `en_category` WHERE ( `catid` IN ('14','15','16','17','18','19','20','21') ) ORDER BY listorder desc,catid desc  [ RunTime:0.000252s ]
NOTIC: [8] Undefined variable: category_list /var/www/html/bobo2/en/Home/Lib/Action/CommonAction.class.php 第 28 行.
SQL: SHOW COLUMNS FROM `en_parameter` [ RunTime:0.010005s ]
SQL: SELECT `catname` FROM `en_category` WHERE ( catid=24 ) LIMIT 1   [ RunTime:0.000235s ]
INFO: [ view_template ] --START--
INFO: Run LocationTemplate Behavior [ RunTime:0.001422s ]
INFO: [ view_template ] --END-- [ RunTime:0.001484s ]
INFO: [ view_parse ] --START--
NOTIC: [8] A session had already been started - ignoring session_start() /var/www/html/bobo2/en/Home/Runtime/Cache/cc890e67cd92e6eec2fc037e25e6d87e.php 第 78 行.
NOTIC: [8] Undefined index: bobo_pc_user_id /var/www/html/bobo2/en/Home/Runtime/Cache/cc890e67cd92e6eec2fc037e25e6d87e.php 第 78 行.
NOTIC: [8] Undefined index: bobo_pc_user_id /var/www/html/bobo2/en/Home/Runtime/Cache/cc890e67cd92e6eec2fc037e25e6d87e.php 第 85 行.
NOTIC: [8] Undefined index: bobo_pc_user_name /var/www/html/bobo2/en/Home/Runtime/Cache/cc890e67cd92e6eec2fc037e25e6d87e.php 第 85 行.
NOTIC: [8] Undefined variable: k /var/www/html/bobo2/en/Home/Runtime/Cache/cc890e67cd92e6eec2fc037e25e6d87e.php 第 112 行.
NOTIC: [8] Use of undefined constant catid - assumed 'catid' /var/www/html/bobo2/en/Home/Runtime/Cache/cc890e67cd92e6eec2fc037e25e6d87e.php 第 115 行.
NOTIC: [8] Use of undefined constant id - assumed 'id' /var/www/html/bobo2/en/Home/Runtime/Cache/cc890e67cd92e6eec2fc037e25e6d87e.php 第 115 行.
NOTIC: [8] Use of undefined constant catid - assumed 'catid' /var/www/html/bobo2/en/Home/Runtime/Cache/cc890e67cd92e6eec2fc037e25e6d87e.php 第 115 行.
NOTIC: [8] Use of undefined constant id - assumed 'id' /var/www/html/bobo2/en/Home/Runtime/Cache/cc890e67cd92e6eec2fc037e25e6d87e.php 第 115 行.
NOTIC: [8] Use of undefined constant catid - assumed 'catid' /var/www/html/bobo2/en/Home/Runtime/Cache/cc890e67cd92e6eec2fc037e25e6d87e.php 第 115 行.
NOTIC: [8] Use of undefined constant id - assumed 'id' /var/www/html/bobo2/en/Home/Runtime/Cache/cc890e67cd92e6eec2fc037e25e6d87e.php 第 115 行.
NOTIC: [8] Use of undefined constant catid - assumed 'catid' /var/www/html/bobo2/en/Home/Runtime/Cache/cc890e67cd92e6eec2fc037e25e6d87e.php 第 115 行.
NOTIC: [8] Use of undefined constant id - assumed 'id' /var/www/html/bobo2/en/Home/Runtime/Cache/cc890e67cd92e6eec2fc037e25e6d87e.php 第 115 行.
NOTIC: [8] Use of undefined constant catid - assumed 'catid' /var/www/html/bobo2/en/Home/Runtime/Cache/cc890e67cd92e6eec2fc037e25e6d87e.php 第 115 行.
NOTIC: [8] Use of undefined constant id - assumed 'id' /var/www/html/bobo2/en/Home/Runtime/Cache/cc890e67cd92e6eec2fc037e25e6d87e.php 第 115 行.
NOTIC: [8] Use of undefined constant catid - assumed 'catid' /var/www/html/bobo2/en/Home/Runtime/Cache/cc890e67cd92e6eec2fc037e25e6d87e.php 第 115 行.
NOTIC: [8] Use of undefined constant id - assumed 'id' /var/www/html/bobo2/en/Home/Runtime/Cache/cc890e67cd92e6eec2fc037e25e6d87e.php 第 115 行.
NOTIC: [8] Use of undefined constant catid - assumed 'catid' /var/www/html/bobo2/en/Home/Runtime/Cache/cc890e67cd92e6eec2fc037e25e6d87e.php 第 115 行.
NOTIC: [8] Use of undefined constant id - assumed 'id' /var/www/html/bobo2/en/Home/Runtime/Cache/cc890e67cd92e6eec2fc037e25e6d87e.php 第 115 行.
NOTIC: [8] Use of undefined constant catid - assumed 'catid' /var/www/html/bobo2/en/Home/Runtime/Cache/cc890e67cd92e6eec2fc037e25e6d87e.php 第 115 行.
NOTIC: [8] Use of undefined constant id - assumed 'id' /var/www/html/bobo2/en/Home/Runtime/Cache/cc890e67cd92e6eec2fc037e25e6d87e.php 第 115 行.
NOTIC: [8] Use of undefined constant catid - assumed 'catid' /var/www/html/bobo2/en/Home/Runtime/Cache/cc890e67cd92e6eec2fc037e25e6d87e.php 第 118 行.
NOTIC: [8] Use of undefined constant id - assumed 'id' /var/www/html/bobo2/en/Home/Runtime/Cache/cc890e67cd92e6eec2fc037e25e6d87e.php 第 118 行.
NOTIC: [8] Use of undefined constant catid - assumed 'catid' /var/www/html/bobo2/en/Home/Runtime/Cache/cc890e67cd92e6eec2fc037e25e6d87e.php 第 118 行.
NOTIC: [8] Use of undefined constant id - assumed 'id' /var/www/html/bobo2/en/Home/Runtime/Cache/cc890e67cd92e6eec2fc037e25e6d87e.php 第 118 行.
NOTIC: [8] Use of undefined constant catid - assumed 'catid' /var/www/html/bobo2/en/Home/Runtime/Cache/cc890e67cd92e6eec2fc037e25e6d87e.php 第 118 行.
NOTIC: [8] Use of undefined constant id - assumed 'id' /var/www/html/bobo2/en/Home/Runtime/Cache/cc890e67cd92e6eec2fc037e25e6d87e.php 第 118 行.
NOTIC: [8] Use of undefined constant catid - assumed 'catid' /var/www/html/bobo2/en/Home/Runtime/Cache/cc890e67cd92e6eec2fc037e25e6d87e.php 第 118 行.
NOTIC: [8] Use of undefined constant id - assumed 'id' /var/www/html/bobo2/en/Home/Runtime/Cache/cc890e67cd92e6eec2fc037e25e6d87e.php 第 118 行.
NOTIC: [8] Use of undefined constant catid - assumed 'catid' /var/www/html/bobo2/en/Home/Runtime/Cache/cc890e67cd92e6eec2fc037e25e6d87e.php 第 121 行.
NOTIC: [8] Use of undefined constant id - assumed 'id' /var/www/html/bobo2/en/Home/Runtime/Cache/cc890e67cd92e6eec2fc037e25e6d87e.php 第 121 行.
NOTIC: [8] Use of undefined constant catid - assumed 'catid' /var/www/html/bobo2/en/Home/Runtime/Cache/cc890e67cd92e6eec2fc037e25e6d87e.php 第 146 行.
NOTIC: [8] Use of undefined constant id - assumed 'id' /var/www/html/bobo2/en/Home/Runtime/Cache/cc890e67cd92e6eec2fc037e25e6d87e.php 第 146 行.
NOTIC: [8] Use of undefined constant ppid - assumed 'ppid' /var/www/html/bobo2/en/Home/Runtime/Cache/cc890e67cd92e6eec2fc037e25e6d87e.php 第 146 行.
NOTIC: [8] Use of undefined constant catid - assumed 'catid' /var/www/html/bobo2/en/Home/Runtime/Cache/cc890e67cd92e6eec2fc037e25e6d87e.php 第 146 行.
NOTIC: [8] Use of undefined constant id - assumed 'id' /var/www/html/bobo2/en/Home/Runtime/Cache/cc890e67cd92e6eec2fc037e25e6d87e.php 第 146 行.
NOTIC: [8] Use of undefined constant ppid - assumed 'ppid' /var/www/html/bobo2/en/Home/Runtime/Cache/cc890e67cd92e6eec2fc037e25e6d87e.php 第 146 行.
NOTIC: [8] Use of undefined constant catid - assumed 'catid' /var/www/html/bobo2/en/Home/Runtime/Cache/cc890e67cd92e6eec2fc037e25e6d87e.php 第 146 行.
NOTIC: [8] Use of undefined constant id - assumed 'id' /var/www/html/bobo2/en/Home/Runtime/Cache/cc890e67cd92e6eec2fc037e25e6d87e.php 第 146 行.
NOTIC: [8] Use of undefined constant ppid - assumed 'ppid' /var/www/html/bobo2/en/Home/Runtime/Cache/cc890e67cd92e6eec2fc037e25e6d87e.php 第 146 行.
NOTIC: [8] Use of undefined constant catid - assumed 'catid' /var/www/html/bobo2/en/Home/Runtime/Cache/cc890e67cd92e6eec2fc037e25e6d87e.php 第 146 行.
NOTIC: [8] Use of undefined constant id - assumed 'id' /var/www/html/bobo2/en/Home/Runtime/Cache/cc890e67cd92e6eec2fc037e25e6d87e.php 第 146 行.
NOTIC: [8] Use of undefined constant ppid - assumed 'ppid' /var/www/html/bobo2/en/Home/Runtime/Cache/cc890e67cd92e6eec2fc037e25e6d87e.php 第 146 行.
NOTIC: [8] Use of undefined constant catid - assumed 'catid' /var/www/html/bobo2/en/Home/Runtime/Cache/cc890e67cd92e6eec2fc037e25e6d87e.php 第 146 行.
NOTIC: [8] Use of undefined constant id - assumed 'id' /var/www/html/bobo2/en/Home/Runtime/Cache/cc890e67cd92e6eec2fc037e25e6d87e.php 第 146 行.
NOTIC: [8] Use of undefined constant ppid - assumed 'ppid' /var/www/html/bobo2/en/Home/Runtime/Cache/cc890e67cd92e6eec2fc037e25e6d87e.php 第 146 行.
NOTIC: [8] Use of undefined constant catid - assumed 'catid' /var/www/html/bobo2/en/Home/Runtime/Cache/cc890e67cd92e6eec2fc037e25e6d87e.php 第 146 行.
NOTIC: [8] Use of undefined constant id - assumed 'id' /var/www/html/bobo2/en/Home/Runtime/Cache/cc890e67cd92e6eec2fc037e25e6d87e.php 第 146 行.
NOTIC: [8] Use of undefined constant ppid - assumed 'ppid' /var/www/html/bobo2/en/Home/Runtime/Cache/cc890e67cd92e6eec2fc037e25e6d87e.php 第 146 行.
NOTIC: [8] Use of undefined constant catid - assumed 'catid' /var/www/html/bobo2/en/Home/Runtime/Cache/cc890e67cd92e6eec2fc037e25e6d87e.php 第 146 行.
NOTIC: [8] Use of undefined constant id - assumed 'id' /var/www/html/bobo2/en/Home/Runtime/Cache/cc890e67cd92e6eec2fc037e25e6d87e.php 第 146 行.
NOTIC: [8] Use of undefined constant ppid - assumed 'ppid' /var/www/html/bobo2/en/Home/Runtime/Cache/cc890e67cd92e6eec2fc037e25e6d87e.php 第 146 行.
NOTIC: [8] Use of undefined constant catid - assumed 'catid' /var/www/html/bobo2/en/Home/Runtime/Cache/cc890e67cd92e6eec2fc037e25e6d87e.php 第 146 行.
NOTIC: [8] Use of undefined constant id - assumed 'id' /var/www/html/bobo2/en/Home/Runtime/Cache/cc890e67cd92e6eec2fc037e25e6d87e.php 第 146 行.
NOTIC: [8] Use of undefined constant ppid - assumed 'ppid' /var/www/html/bobo2/en/Home/Runtime/Cache/cc890e67cd92e6eec2fc037e25e6d87e.php 第 146 行.
NOTIC: [8] Use of undefined constant catid - assumed 'catid' /var/www/html/bobo2/en/Home/Runtime/Cache/cc890e67cd92e6eec2fc037e25e6d87e.php 第 150 行.
NOTIC: [8] Use of undefined constant catid - assumed 'catid' /var/www/html/bobo2/en/Home/Runtime/Cache/cc890e67cd92e6eec2fc037e25e6d87e.php 第 150 行.
NOTIC: [8] Use of undefined constant catid - assumed 'catid' /var/www/html/bobo2/en/Home/Runtime/Cache/cc890e67cd92e6eec2fc037e25e6d87e.php 第 150 行.
NOTIC: [8] Use of undefined constant catid - assumed 'catid' /var/www/html/bobo2/en/Home/Runtime/Cache/cc890e67cd92e6eec2fc037e25e6d87e.php 第 150 行.
NOTIC: [8] Use of undefined constant catid - assumed 'catid' /var/www/html/bobo2/en/Home/Runtime/Cache/cc890e67cd92e6eec2fc037e25e6d87e.php 第 150 行.
NOTIC: [8] Use of undefined constant catid - assumed 'catid' /var/www/html/bobo2/en/Home/Runtime/Cache/cc890e67cd92e6eec2fc037e25e6d87e.php 第 150 行.
NOTIC: [8] Use of undefined constant catid - assumed 'catid' /var/www/html/bobo2/en/Home/Runtime/Cache/cc890e67cd92e6eec2fc037e25e6d87e.php 第 150 行.
NOTIC: [8] Use of undefined constant catid - assumed 'catid' /var/www/html/bobo2/en/Home/Runtime/Cache/cc890e67cd92e6eec2fc037e25e6d87e.php 第 150 行.
NOTIC: [8] Use of undefined constant catid - assumed 'catid' /var/www/html/bobo2/en/Home/Runtime/Cache/cc890e67cd92e6eec2fc037e25e6d87e.php 第 154 行.
NOTIC: [8] Use of undefined constant catid - assumed 'catid' /var/www/html/bobo2/en/Home/Runtime/Cache/cc890e67cd92e6eec2fc037e25e6d87e.php 第 154 行.
NOTIC: [8] Use of undefined constant catid - assumed 'catid' /var/www/html/bobo2/en/Home/Runtime/Cache/cc890e67cd92e6eec2fc037e25e6d87e.php 第 154 行.
NOTIC: [8] Use of undefined constant catid - assumed 'catid' /var/www/html/bobo2/en/Home/Runtime/Cache/cc890e67cd92e6eec2fc037e25e6d87e.php 第 154 行.
NOTIC: [8] Use of undefined constant catid - assumed 'catid' /var/www/html/bobo2/en/Home/Runtime/Cache/cc890e67cd92e6eec2fc037e25e6d87e.php 第 154 行.
NOTIC: [8] Use of undefined constant catid - assumed 'catid' /var/www/html/bobo2/en/Home/Runtime/Cache/cc890e67cd92e6eec2fc037e25e6d87e.php 第 154 行.
NOTIC: [8] Use of undefined constant catid - assumed 'catid' /var/www/html/bobo2/en/Home/Runtime/Cache/cc890e67cd92e6eec2fc037e25e6d87e.php 第 154 行.
NOTIC: [8] Use of undefined constant catid - assumed 'catid' /var/www/html/bobo2/en/Home/Runtime/Cache/cc890e67cd92e6eec2fc037e25e6d87e.php 第 157 行.
NOTIC: [8] Use of undefined constant catid - assumed 'catid' /var/www/html/bobo2/en/Home/Runtime/Cache/cc890e67cd92e6eec2fc037e25e6d87e.php 第 157 行.
NOTIC: [8] Use of undefined constant catid - assumed 'catid' /var/www/html/bobo2/en/Home/Runtime/Cache/cc890e67cd92e6eec2fc037e25e6d87e.php 第 157 行.
NOTIC: [8] Use of undefined constant catid - assumed 'catid' /var/www/html/bobo2/en/Home/Runtime/Cache/cc890e67cd92e6eec2fc037e25e6d87e.php 第 157 行.
NOTIC: [8] Use of undefined constant catid - assumed 'catid' /var/www/html/bobo2/en/Home/Runtime/Cache/cc890e67cd92e6eec2fc037e25e6d87e.php 第 157 行.
NOTIC: [8] Use of undefined constant catid - assumed 'catid' /var/www/html/bobo2/en/Home/Runtime/Cache/cc890e67cd92e6eec2fc037e25e6d87e.php 第 157 行.
NOTIC: [8] Use of undefined constant catid - assumed 'catid' /var/www/html/bobo2/en/Home/Runtime/Cache/cc890e67cd92e6eec2fc037e25e6d87e.php 第 157 行.
NOTIC: [8] Use of undefined constant catid - assumed 'catid' /var/www/html/bobo2/en/Home/Runtime/Cache/cc890e67cd92e6eec2fc037e25e6d87e.php 第 157 行.
NOTIC: [8] Use of undefined constant catid - assumed 'catid' /var/www/html/bobo2/en/Home/Runtime/Cache/cc890e67cd92e6eec2fc037e25e6d87e.php 第 180 行.
NOTIC: [8] Use of undefined constant id - assumed 'id' /var/www/html/bobo2/en/Home/Runtime/Cache/cc890e67cd92e6eec2fc037e25e6d87e.php 第 180 行.
NOTIC: [8] Use of undefined constant ppid - assumed 'ppid' /var/www/html/bobo2/en/Home/Runtime/Cache/cc890e67cd92e6eec2fc037e25e6d87e.php 第 180 行.
NOTIC: [8] Use of undefined constant catid - assumed 'catid' /var/www/html/bobo2/en/Home/Runtime/Cache/cc890e67cd92e6eec2fc037e25e6d87e.php 第 180 行.
NOTIC: [8] Use of undefined constant id - assumed 'id' /var/www/html/bobo2/en/Home/Runtime/Cache/cc890e67cd92e6eec2fc037e25e6d87e.php 第 180 行.
NOTIC: [8] Use of undefined constant ppid - assumed 'ppid' /var/www/html/bobo2/en/Home/Runtime/Cache/cc890e67cd92e6eec2fc037e25e6d87e.php 第 180 行.
NOTIC: [8] Use of undefined constant catid - assumed 'catid' /var/www/html/bobo2/en/Home/Runtime/Cache/cc890e67cd92e6eec2fc037e25e6d87e.php 第 180 行.
NOTIC: [8] Use of undefined constant id - assumed 'id' /var/www/html/bobo2/en/Home/Runtime/Cache/cc890e67cd92e6eec2fc037e25e6d87e.php 第 180 行.
NOTIC: [8] Use of undefined constant ppid - assumed 'ppid' /var/www/html/bobo2/en/Home/Runtime/Cache/cc890e67cd92e6eec2fc037e25e6d87e.php 第 180 行.
NOTIC: [8] Use of undefined constant catid - assumed 'catid' /var/www/html/bobo2/en/Home/Runtime/Cache/cc890e67cd92e6eec2fc037e25e6d87e.php 第 180 行.
NOTIC: [8] Use of undefined constant id - assumed 'id' /var/www/html/bobo2/en/Home/Runtime/Cache/cc890e67cd92e6eec2fc037e25e6d87e.php 第 180 行.
NOTIC: [8] Use of undefined constant ppid - assumed 'ppid' /var/www/html/bobo2/en/Home/Runtime/Cache/cc890e67cd92e6eec2fc037e25e6d87e.php 第 180 行.
NOTIC: [8] Use of undefined constant catid - assumed 'catid' /var/www/html/bobo2/en/Home/Runtime/Cache/cc890e67cd92e6eec2fc037e25e6d87e.php 第 180 行.
NOTIC: [8] Use of undefined constant id - assumed 'id' /var/www/html/bobo2/en/Home/Runtime/Cache/cc890e67cd92e6eec2fc037e25e6d87e.php 第 180 行.
NOTIC: [8] Use of undefined constant ppid - assumed 'ppid' /var/www/html/bobo2/en/Home/Runtime/Cache/cc890e67cd92e6eec2fc037e25e6d87e.php 第 180 行.
NOTIC: [8] Use of undefined constant catid - assumed 'catid' /var/www/html/bobo2/en/Home/Runtime/Cache/cc890e67cd92e6eec2fc037e25e6d87e.php 第 180 行.
NOTIC: [8] Use of undefined constant id - assumed 'id' /var/www/html/bobo2/en/Home/Runtime/Cache/cc890e67cd92e6eec2fc037e25e6d87e.php 第 180 行.
NOTIC: [8] Use of undefined constant ppid - assumed 'ppid' /var/www/html/bobo2/en/Home/Runtime/Cache/cc890e67cd92e6eec2fc037e25e6d87e.php 第 180 行.
NOTIC: [8] Use of undefined constant catid - assumed 'catid' /var/www/html/bobo2/en/Home/Runtime/Cache/cc890e67cd92e6eec2fc037e25e6d87e.php 第 180 行.
NOTIC: [8] Use of undefined constant id - assumed 'id' /var/www/html/bobo2/en/Home/Runtime/Cache/cc890e67cd92e6eec2fc037e25e6d87e.php 第 180 行.
NOTIC: [8] Use of undefined constant ppid - assumed 'ppid' /var/www/html/bobo2/en/Home/Runtime/Cache/cc890e67cd92e6eec2fc037e25e6d87e.php 第 180 行.
NOTIC: [8] Use of undefined constant catid - assumed 'catid' /var/www/html/bobo2/en/Home/Runtime/Cache/cc890e67cd92e6eec2fc037e25e6d87e.php 第 180 行.
NOTIC: [8] Use of undefined constant id - assumed 'id' /var/www/html/bobo2/en/Home/Runtime/Cache/cc890e67cd92e6eec2fc037e25e6d87e.php 第 180 行.
NOTIC: [8] Use of undefined constant ppid - assumed 'ppid' /var/www/html/bobo2/en/Home/Runtime/Cache/cc890e67cd92e6eec2fc037e25e6d87e.php 第 180 行.
NOTIC: [8] Use of undefined constant catid - assumed 'catid' /var/www/html/bobo2/en/Home/Runtime/Cache/cc890e67cd92e6eec2fc037e25e6d87e.php 第 184 行.
NOTIC: [8] Use of undefined constant catid - assumed 'catid' /var/www/html/bobo2/en/Home/Runtime/Cache/cc890e67cd92e6eec2fc037e25e6d87e.php 第 184 行.
NOTIC: [8] Use of undefined constant catid - assumed 'catid' /var/www/html/bobo2/en/Home/Runtime/Cache/cc890e67cd92e6eec2fc037e25e6d87e.php 第 184 行.
NOTIC: [8] Use of undefined constant catid - assumed 'catid' /var/www/html/bobo2/en/Home/Runtime/Cache/cc890e67cd92e6eec2fc037e25e6d87e.php 第 184 行.
NOTIC: [8] Use of undefined constant catid - assumed 'catid' /var/www/html/bobo2/en/Home/Runtime/Cache/cc890e67cd92e6eec2fc037e25e6d87e.php 第 184 行.
NOTIC: [8] Use of undefined constant catid - assumed 'catid' /var/www/html/bobo2/en/Home/Runtime/Cache/cc890e67cd92e6eec2fc037e25e6d87e.php 第 184 行.
NOTIC: [8] Use of undefined constant catid - assumed 'catid' /var/www/html/bobo2/en/Home/Runtime/Cache/cc890e67cd92e6eec2fc037e25e6d87e.php 第 184 行.
NOTIC: [8] Use of undefined constant catid - assumed 'catid' /var/www/html/bobo2/en/Home/Runtime/Cache/cc890e67cd92e6eec2fc037e25e6d87e.php 第 184 行.
NOTIC: [8] Use of undefined constant catid - assumed 'catid' /var/www/html/bobo2/en/Home/Runtime/Cache/cc890e67cd92e6eec2fc037e25e6d87e.php 第 188 行.
NOTIC: [8] Use of undefined constant catid - assumed 'catid' /var/www/html/bobo2/en/Home/Runtime/Cache/cc890e67cd92e6eec2fc037e25e6d87e.php 第 188 行.
NOTIC: [8] Use of undefined constant catid - assumed 'catid' /var/www/html/bobo2/en/Home/Runtime/Cache/cc890e67cd92e6eec2fc037e25e6d87e.php 第 188 行.
NOTIC: [8] Use of undefined constant catid - assumed 'catid' /var/www/html/bobo2/en/Home/Runtime/Cache/cc890e67cd92e6eec2fc037e25e6d87e.php 第 188 行.
NOTIC: [8] Use of undefined constant catid - assumed 'catid' /var/www/html/bobo2/en/Home/Runtime/Cache/cc890e67cd92e6eec2fc037e25e6d87e.php 第 188 行.
NOTIC: [8] Use of undefined constant catid - assumed 'catid' /var/www/html/bobo2/en/Home/Runtime/Cache/cc890e67cd92e6eec2fc037e25e6d87e.php 第 188 行.
NOTIC: [8] Use of undefined constant catid - assumed 'catid' /var/www/html/bobo2/en/Home/Runtime/Cache/cc890e67cd92e6eec2fc037e25e6d87e.php 第 188 行.
NOTIC: [8] Use of undefined constant catid - assumed 'catid' /var/www/html/bobo2/en/Home/Runtime/Cache/cc890e67cd92e6eec2fc037e25e6d87e.php 第 191 行.
NOTIC: [8] Use of undefined constant catid - assumed 'catid' /var/www/html/bobo2/en/Home/Runtime/Cache/cc890e67cd92e6eec2fc037e25e6d87e.php 第 191 行.
NOTIC: [8] Use of undefined constant catid - assumed 'catid' /var/www/html/bobo2/en/Home/Runtime/Cache/cc890e67cd92e6eec2fc037e25e6d87e.php 第 191 行.
NOTIC: [8] Use of undefined constant catid - assumed 'catid' /var/www/html/bobo2/en/Home/Runtime/Cache/cc890e67cd92e6eec2fc037e25e6d87e.php 第 191 行.
NOTIC: [8] Use of undefined constant catid - assumed 'catid' /var/www/html/bobo2/en/Home/Runtime/Cache/cc890e67cd92e6eec2fc037e25e6d87e.php 第 191 行.
NOTIC: [8] Use of undefined constant catid - assumed 'catid' /var/www/html/bobo2/en/Home/Runtime/Cache/cc890e67cd92e6eec2fc037e25e6d87e.php 第 191 行.
NOTIC: [8] Use of undefined constant catid - assumed 'catid' /var/www/html/bobo2/en/Home/Runtime/Cache/cc890e67cd92e6eec2fc037e25e6d87e.php 第 191 行.
NOTIC: [8] Use of undefined constant catid - assumed 'catid' /var/www/html/bobo2/en/Home/Runtime/Cache/cc890e67cd92e6eec2fc037e25e6d87e.php 第 191 行.
NOTIC: [8] Use of undefined constant catid - assumed 'catid' /var/www/html/bobo2/en/Home/Runtime/Cache/cc890e67cd92e6eec2fc037e25e6d87e.php 第 613 行.
NOTIC: [8] Use of undefined constant catid - assumed 'catid' /var/www/html/bobo2/en/Home/Runtime/Cache/cc890e67cd92e6eec2fc037e25e6d87e.php 第 624 行.
INFO: Run ParseTemplate Behavior [ RunTime:0.057957s ]
INFO: [ view_parse ] --END-- [ RunTime:0.058031s ]
INFO: [ view_filter ] --START--
INFO: Run ContentReplace Behavior [ RunTime:0.001678s ]
INFO: Run TokenBuild Behavior [ RunTime:0.001216s ]
INFO: Run WriteHtmlCache Behavior [ RunTime:0.001374s ]
INFO: Run ShowRuntime Behavior [ RunTime:0.001342s ]
INFO: [ view_filter ] --END-- [ RunTime:0.005786s ]
INFO: [ view_end ] --START--
INFO: Run ShowPageTrace Behavior [ RunTime:0.001324s ]
INFO: [ view_end ] --END-- [ RunTime:0.001379s ]

