[ 2016-09-02T01:13:54+08:00 ] 220.181.108.168 /bobo2/en/index.php/Product/product_details/catid/15/pid/10/ppid/15
INFO: [ route_check ] --START--
INFO: Run CheckRoute Behavior [ RunTime:0.000610s ]
INFO: [ route_check ] --END-- [ RunTime:0.000690s ]
INFO: [ app_begin ] --START--
INFO: Run ReadHtmlCache Behavior [ RunTime:0.000359s ]
INFO: [ app_begin ] --END-- [ RunTime:0.000443s ]
SQL: SHOW COLUMNS FROM `en_product` [ RunTime:0.000787s ]
SQL: SHOW COLUMNS FROM `en_category` [ RunTime:0.000541s ]
SQL: SHOW COLUMNS FROM `en_linkage` [ RunTime:0.000508s ]
SQL: SHOW COLUMNS FROM `en_parameter` [ RunTime:0.000437s ]
SQL: SHOW COLUMNS FROM `en_collect` [ RunTime:0.000419s ]
SQL: SHOW COLUMNS FROM `en_content` [ RunTime:0.000586s ]
SQL: SHOW COLUMNS FROM `en_page` [ RunTime:0.000434s ]
SQL: SELECT * FROM `en_page` WHERE ( `catid` = 29 ) LIMIT 1   [ RunTime:0.000235s ]
SQL: SELECT `id`,`catid`,`title`,`headerpic` FROM `en_content` WHERE ( catid=23 and (status=2 or status=3) ) ORDER BY conorder desc,id desc LIMIT 8   [ RunTime:0.000491s ]
SQL: SELECT `id`,`catid`,`title`,`headerpic` FROM `en_content` WHERE ( catid=24 and (status=2 or status=3) ) ORDER BY conorder desc,id desc LIMIT 8   [ RunTime:0.000370s ]
SQL: SELECT `id`,`catid`,`title`,`headerpic` FROM `en_content` WHERE ( catid=25 and (status=2 or status=3) ) ORDER BY conorder desc,id desc LIMIT 8   [ RunTime:0.000343s ]
SQL: SHOW COLUMNS FROM `en_site` [ RunTime:0.000385s ]
SQL: SELECT * FROM `en_site` WHERE ( siteid=1 ) LIMIT 1   [ RunTime:0.000199s ]
SQL: SELECT a.xqstatus,a.title,a.picurlpc,a.catid,a.id,b.id as ppid FROM en_product_price b,en_product a WHERE ( a.posid=1 and a.status=1 and  a.id=b.pid ) ORDER BY a.listorder desc,id desc LIMIT 8   [ RunTime:0.000562s ]
SQL: SHOW COLUMNS FROM `en_video` [ RunTime:0.000519s ]
SQL: SELECT `vtitle`,`headerpic`,`catid` FROM `en_video` WHERE ( catid=26 and (status=2 or status=3) ) ORDER BY listorder desc,vid desc LIMIT 8   [ RunTime:0.000276s ]
SQL: SELECT `vtitle`,`headerpic`,`catid` FROM `en_video` WHERE ( catid=27 and (status=2 or status=3) ) ORDER BY listorder desc,vid desc LIMIT 8   [ RunTime:0.000210s ]
SQL: SELECT `catid`,`catname`,`caturl` FROM `en_category` WHERE ( `catid` IN ('14','15','16','17','18','19','20','21') ) ORDER BY listorder desc,catid desc  [ RunTime:0.000225s ]
NOTIC: [8] Undefined variable: category_list /var/www/html/bobo2/en/Home/Lib/Action/CommonAction.class.php 第 28 行.
NOTIC: [8] Undefined index: bobo_pc_user_id /var/www/html/bobo2/en/Home/Lib/Action/ProductAction.class.php 第 379 行.
SQL: SELECT en_product.picurlpc,en_product.title,en_product.colorlist,a.price,a.capacity,en_product.id as pid,en_product.catid,a.id FROM `en_product` left join en_product_price a on en_product.id=a.pid WHERE ( en_product.catid=15  and en_product.status=1  ) ORDER BY en_product.listorder desc,en_product.id desc LIMIT 6   [ RunTime:0.000740s ]
SQL: SELECT `colorname`,`name` FROM `en_parameter` WHERE ( `id` IN ('13','13','13') ) AND ( `status` = 1 )  [ RunTime:0.000201s ]
SQL: SELECT `colorname`,`name` FROM `en_parameter` WHERE ( `id` IN ('12') ) AND ( `status` = 1 )  [ RunTime:0.000153s ]
SQL: SELECT `colorname`,`name` FROM `en_parameter` WHERE ( `id` IN ('12') ) AND ( `status` = 1 )  [ RunTime:0.000149s ]
SQL: SELECT `colorname`,`name` FROM `en_parameter` WHERE ( `id` IN ('1','12') ) AND ( `status` = 1 )  [ RunTime:0.000170s ]
SQL: SELECT `colorname`,`name` FROM `en_parameter` WHERE ( `id` IN ('1','6','12','4') ) AND ( `status` = 1 )  [ RunTime:0.000171s ]
SQL: SELECT `colorname`,`name` FROM `en_parameter` WHERE ( `id` IN ('1','6','12','4') ) AND ( `status` = 1 )  [ RunTime:0.000168s ]
SQL: SELECT `catname` FROM `en_category` WHERE ( catid=15 ) LIMIT 1   [ RunTime:0.000170s ]
SQL: SELECT en_product.xqstatus,en_product.content,en_product.picurlpcall,en_product.title,en_product.colorlist,a.price,c.id as colid,a.id as ppid FROM `en_product` left join en_product_price a on en_product.id=a.pid left join en_collect c on a.id=c.ppid WHERE ( en_product.catid=15 and en_product.id=10 and en_product.status=1 and a.id=15 ) LIMIT 1   [ RunTime:0.000227s ]
SQL: SELECT `colorname`,`name` FROM `en_parameter` WHERE ( `id` IN ('1','6','12','4') ) AND ( `status` = 1 ) ORDER BY field (id,1,6,12,4)  [ RunTime:0.000201s ]
NOTIC: [8] Undefined variable: link_list /var/www/html/bobo2/en/Home/Lib/Action/ProductAction.class.php 第 428 行.
INFO: [ view_template ] --START--
INFO: Run LocationTemplate Behavior [ RunTime:0.000290s ]
INFO: [ view_template ] --END-- [ RunTime:0.000352s ]
INFO: [ view_parse ] --START--
NOTIC: [8] A session had already been started - ignoring session_start() /var/www/html/bobo2/en/Home/Runtime/Cache/22da7317198283eab56d8e78bc060a88.php 第 78 行.
NOTIC: [8] Undefined index: bobo_pc_user_id /var/www/html/bobo2/en/Home/Runtime/Cache/22da7317198283eab56d8e78bc060a88.php 第 78 行.
NOTIC: [8] Undefined index: bobo_pc_user_id /var/www/html/bobo2/en/Home/Runtime/Cache/22da7317198283eab56d8e78bc060a88.php 第 85 行.
NOTIC: [8] Undefined index: bobo_pc_user_name /var/www/html/bobo2/en/Home/Runtime/Cache/22da7317198283eab56d8e78bc060a88.php 第 85 行.
NOTIC: [8] Undefined variable: k /var/www/html/bobo2/en/Home/Runtime/Cache/22da7317198283eab56d8e78bc060a88.php 第 112 行.
NOTIC: [8] Use of undefined constant catid - assumed 'catid' /var/www/html/bobo2/en/Home/Runtime/Cache/22da7317198283eab56d8e78bc060a88.php 第 115 行.
NOTIC: [8] Use of undefined constant id - assumed 'id' /var/www/html/bobo2/en/Home/Runtime/Cache/22da7317198283eab56d8e78bc060a88.php 第 115 行.
NOTIC: [8] Use of undefined constant catid - assumed 'catid' /var/www/html/bobo2/en/Home/Runtime/Cache/22da7317198283eab56d8e78bc060a88.php 第 115 行.
NOTIC: [8] Use of undefined constant id - assumed 'id' /var/www/html/bobo2/en/Home/Runtime/Cache/22da7317198283eab56d8e78bc060a88.php 第 115 行.
NOTIC: [8] Use of undefined constant catid - assumed 'catid' /var/www/html/bobo2/en/Home/Runtime/Cache/22da7317198283eab56d8e78bc060a88.php 第 115 行.
NOTIC: [8] Use of undefined constant id - assumed 'id' /var/www/html/bobo2/en/Home/Runtime/Cache/22da7317198283eab56d8e78bc060a88.php 第 115 行.
NOTIC: [8] Use of undefined constant catid - assumed 'catid' /var/www/html/bobo2/en/Home/Runtime/Cache/22da7317198283eab56d8e78bc060a88.php 第 115 行.
NOTIC: [8] Use of undefined constant id - assumed 'id' /var/www/html/bobo2/en/Home/Runtime/Cache/22da7317198283eab56d8e78bc060a88.php 第 115 行.
NOTIC: [8] Use of undefined constant catid - assumed 'catid' /var/www/html/bobo2/en/Home/Runtime/Cache/22da7317198283eab56d8e78bc060a88.php 第 115 行.
NOTIC: [8] Use of undefined constant id - assumed 'id' /var/www/html/bobo2/en/Home/Runtime/Cache/22da7317198283eab56d8e78bc060a88.php 第 115 行.
NOTIC: [8] Use of undefined constant catid - assumed 'catid' /var/www/html/bobo2/en/Home/Runtime/Cache/22da7317198283eab56d8e78bc060a88.php 第 115 行.
NOTIC: [8] Use of undefined constant id - assumed 'id' /var/www/html/bobo2/en/Home/Runtime/Cache/22da7317198283eab56d8e78bc060a88.php 第 115 行.
NOTIC: [8] Use of undefined constant catid - assumed 'catid' /var/www/html/bobo2/en/Home/Runtime/Cache/22da7317198283eab56d8e78bc060a88.php 第 115 行.
NOTIC: [8] Use of undefined constant id - assumed 'id' /var/www/html/bobo2/en/Home/Runtime/Cache/22da7317198283eab56d8e78bc060a88.php 第 115 行.
NOTIC: [8] Use of undefined constant catid - assumed 'catid' /var/www/html/bobo2/en/Home/Runtime/Cache/22da7317198283eab56d8e78bc060a88.php 第 115 行.
NOTIC: [8] Use of undefined constant id - assumed 'id' /var/www/html/bobo2/en/Home/Runtime/Cache/22da7317198283eab56d8e78bc060a88.php 第 115 行.
NOTIC: [8] Use of undefined constant catid - assumed 'catid' /var/www/html/bobo2/en/Home/Runtime/Cache/22da7317198283eab56d8e78bc060a88.php 第 118 行.
NOTIC: [8] Use of undefined constant id - assumed 'id' /var/www/html/bobo2/en/Home/Runtime/Cache/22da7317198283eab56d8e78bc060a88.php 第 118 行.
NOTIC: [8] Use of undefined constant catid - assumed 'catid' /var/www/html/bobo2/en/Home/Runtime/Cache/22da7317198283eab56d8e78bc060a88.php 第 118 行.
NOTIC: [8] Use of undefined constant id - assumed 'id' /var/www/html/bobo2/en/Home/Runtime/Cache/22da7317198283eab56d8e78bc060a88.php 第 118 行.
NOTIC: [8] Use of undefined constant catid - assumed 'catid' /var/www/html/bobo2/en/Home/Runtime/Cache/22da7317198283eab56d8e78bc060a88.php 第 118 行.
NOTIC: [8] Use of undefined constant id - assumed 'id' /var/www/html/bobo2/en/Home/Runtime/Cache/22da7317198283eab56d8e78bc060a88.php 第 118 行.
NOTIC: [8] Use of undefined constant catid - assumed 'catid' /var/www/html/bobo2/en/Home/Runtime/Cache/22da7317198283eab56d8e78bc060a88.php 第 118 行.
NOTIC: [8] Use of undefined constant id - assumed 'id' /var/www/html/bobo2/en/Home/Runtime/Cache/22da7317198283eab56d8e78bc060a88.php 第 118 行.
NOTIC: [8] Use of undefined constant catid - assumed 'catid' /var/www/html/bobo2/en/Home/Runtime/Cache/22da7317198283eab56d8e78bc060a88.php 第 121 行.
NOTIC: [8] Use of undefined constant id - assumed 'id' /var/www/html/bobo2/en/Home/Runtime/Cache/22da7317198283eab56d8e78bc060a88.php 第 121 行.
NOTIC: [8] Use of undefined constant catid - assumed 'catid' /var/www/html/bobo2/en/Home/Runtime/Cache/22da7317198283eab56d8e78bc060a88.php 第 146 行.
NOTIC: [8] Use of undefined constant id - assumed 'id' /var/www/html/bobo2/en/Home/Runtime/Cache/22da7317198283eab56d8e78bc060a88.php 第 146 行.
NOTIC: [8] Use of undefined constant ppid - assumed 'ppid' /var/www/html/bobo2/en/Home/Runtime/Cache/22da7317198283eab56d8e78bc060a88.php 第 146 行.
NOTIC: [8] Use of undefined constant catid - assumed 'catid' /var/www/html/bobo2/en/Home/Runtime/Cache/22da7317198283eab56d8e78bc060a88.php 第 146 行.
NOTIC: [8] Use of undefined constant id - assumed 'id' /var/www/html/bobo2/en/Home/Runtime/Cache/22da7317198283eab56d8e78bc060a88.php 第 146 行.
NOTIC: [8] Use of undefined constant ppid - assumed 'ppid' /var/www/html/bobo2/en/Home/Runtime/Cache/22da7317198283eab56d8e78bc060a88.php 第 146 行.
NOTIC: [8] Use of undefined constant catid - assumed 'catid' /var/www/html/bobo2/en/Home/Runtime/Cache/22da7317198283eab56d8e78bc060a88.php 第 146 行.
NOTIC: [8] Use of undefined constant id - assumed 'id' /var/www/html/bobo2/en/Home/Runtime/Cache/22da7317198283eab56d8e78bc060a88.php 第 146 行.
NOTIC: [8] Use of undefined constant ppid - assumed 'ppid' /var/www/html/bobo2/en/Home/Runtime/Cache/22da7317198283eab56d8e78bc060a88.php 第 146 行.
NOTIC: [8] Use of undefined constant catid - assumed 'catid' /var/www/html/bobo2/en/Home/Runtime/Cache/22da7317198283eab56d8e78bc060a88.php 第 146 行.
NOTIC: [8] Use of undefined constant id - assumed 'id' /var/www/html/bobo2/en/Home/Runtime/Cache/22da7317198283eab56d8e78bc060a88.php 第 146 行.
NOTIC: [8] Use of undefined constant ppid - assumed 'ppid' /var/www/html/bobo2/en/Home/Runtime/Cache/22da7317198283eab56d8e78bc060a88.php 第 146 行.
NOTIC: [8] Use of undefined constant catid - assumed 'catid' /var/www/html/bobo2/en/Home/Runtime/Cache/22da7317198283eab56d8e78bc060a88.php 第 146 行.
NOTIC: [8] Use of undefined constant id - assumed 'id' /var/www/html/bobo2/en/Home/Runtime/Cache/22da7317198283eab56d8e78bc060a88.php 第 146 行.
NOTIC: [8] Use of undefined constant ppid - assumed 'ppid' /var/www/html/bobo2/en/Home/Runtime/Cache/22da7317198283eab56d8e78bc060a88.php 第 146 行.
NOTIC: [8] Use of undefined constant catid - assumed 'catid' /var/www/html/bobo2/en/Home/Runtime/Cache/22da7317198283eab56d8e78bc060a88.php 第 146 行.
NOTIC: [8] Use of undefined constant id - assumed 'id' /var/www/html/bobo2/en/Home/Runtime/Cache/22da7317198283eab56d8e78bc060a88.php 第 146 行.
NOTIC: [8] Use of undefined constant ppid - assumed 'ppid' /var/www/html/bobo2/en/Home/Runtime/Cache/22da7317198283eab56d8e78bc060a88.php 第 146 行.
NOTIC: [8] Use of undefined constant catid - assumed 'catid' /var/www/html/bobo2/en/Home/Runtime/Cache/22da7317198283eab56d8e78bc060a88.php 第 146 行.
NOTIC: [8] Use of undefined constant id - assumed 'id' /var/www/html/bobo2/en/Home/Runtime/Cache/22da7317198283eab56d8e78bc060a88.php 第 146 行.
NOTIC: [8] Use of undefined constant ppid - assumed 'ppid' /var/www/html/bobo2/en/Home/Runtime/Cache/22da7317198283eab56d8e78bc060a88.php 第 146 行.
NOTIC: [8] Use of undefined constant catid - assumed 'catid' /var/www/html/bobo2/en/Home/Runtime/Cache/22da7317198283eab56d8e78bc060a88.php 第 146 行.
NOTIC: [8] Use of undefined constant id - assumed 'id' /var/www/html/bobo2/en/Home/Runtime/Cache/22da7317198283eab56d8e78bc060a88.php 第 146 行.
NOTIC: [8] Use of undefined constant ppid - assumed 'ppid' /var/www/html/bobo2/en/Home/Runtime/Cache/22da7317198283eab56d8e78bc060a88.php 第 146 行.
NOTIC: [8] Use of undefined constant catid - assumed 'catid' /var/www/html/bobo2/en/Home/Runtime/Cache/22da7317198283eab56d8e78bc060a88.php 第 150 行.
NOTIC: [8] Use of undefined constant catid - assumed 'catid' /var/www/html/bobo2/en/Home/Runtime/Cache/22da7317198283eab56d8e78bc060a88.php 第 150 行.
NOTIC: [8] Use of undefined constant catid - assumed 'catid' /var/www/html/bobo2/en/Home/Runtime/Cache/22da7317198283eab56d8e78bc060a88.php 第 150 行.
NOTIC: [8] Use of undefined constant catid - assumed 'catid' /var/www/html/bobo2/en/Home/Runtime/Cache/22da7317198283eab56d8e78bc060a88.php 第 150 行.
NOTIC: [8] Use of undefined constant catid - assumed 'catid' /var/www/html/bobo2/en/Home/Runtime/Cache/22da7317198283eab56d8e78bc060a88.php 第 150 行.
NOTIC: [8] Use of undefined constant catid - assumed 'catid' /var/www/html/bobo2/en/Home/Runtime/Cache/22da7317198283eab56d8e78bc060a88.php 第 150 行.
NOTIC: [8] Use of undefined constant catid - assumed 'catid' /var/www/html/bobo2/en/Home/Runtime/Cache/22da7317198283eab56d8e78bc060a88.php 第 150 行.
NOTIC: [8] Use of undefined constant catid - assumed 'catid' /var/www/html/bobo2/en/Home/Runtime/Cache/22da7317198283eab56d8e78bc060a88.php 第 150 行.
NOTIC: [8] Use of undefined constant catid - assumed 'catid' /var/www/html/bobo2/en/Home/Runtime/Cache/22da7317198283eab56d8e78bc060a88.php 第 154 行.
NOTIC: [8] Use of undefined constant catid - assumed 'catid' /var/www/html/bobo2/en/Home/Runtime/Cache/22da7317198283eab56d8e78bc060a88.php 第 154 行.
NOTIC: [8] Use of undefined constant catid - assumed 'catid' /var/www/html/bobo2/en/Home/Runtime/Cache/22da7317198283eab56d8e78bc060a88.php 第 154 行.
NOTIC: [8] Use of undefined constant catid - assumed 'catid' /var/www/html/bobo2/en/Home/Runtime/Cache/22da7317198283eab56d8e78bc060a88.php 第 154 行.
NOTIC: [8] Use of undefined constant catid - assumed 'catid' /var/www/html/bobo2/en/Home/Runtime/Cache/22da7317198283eab56d8e78bc060a88.php 第 154 行.
NOTIC: [8] Use of undefined constant catid - assumed 'catid' /var/www/html/bobo2/en/Home/Runtime/Cache/22da7317198283eab56d8e78bc060a88.php 第 154 行.
NOTIC: [8] Use of undefined constant catid - assumed 'catid' /var/www/html/bobo2/en/Home/Runtime/Cache/22da7317198283eab56d8e78bc060a88.php 第 154 行.
NOTIC: [8] Use of undefined constant catid - assumed 'catid' /var/www/html/bobo2/en/Home/Runtime/Cache/22da7317198283eab56d8e78bc060a88.php 第 157 行.
NOTIC: [8] Use of undefined constant catid - assumed 'catid' /var/www/html/bobo2/en/Home/Runtime/Cache/22da7317198283eab56d8e78bc060a88.php 第 157 行.
NOTIC: [8] Use of undefined constant catid - assumed 'catid' /var/www/html/bobo2/en/Home/Runtime/Cache/22da7317198283eab56d8e78bc060a88.php 第 157 行.
NOTIC: [8] Use of undefined constant catid - assumed 'catid' /var/www/html/bobo2/en/Home/Runtime/Cache/22da7317198283eab56d8e78bc060a88.php 第 157 行.
NOTIC: [8] Use of undefined constant catid - assumed 'catid' /var/www/html/bobo2/en/Home/Runtime/Cache/22da7317198283eab56d8e78bc060a88.php 第 157 行.
NOTIC: [8] Use of undefined constant catid - assumed 'catid' /var/www/html/bobo2/en/Home/Runtime/Cache/22da7317198283eab56d8e78bc060a88.php 第 157 行.
NOTIC: [8] Use of undefined constant catid - assumed 'catid' /var/www/html/bobo2/en/Home/Runtime/Cache/22da7317198283eab56d8e78bc060a88.php 第 157 行.
NOTIC: [8] Use of undefined constant catid - assumed 'catid' /var/www/html/bobo2/en/Home/Runtime/Cache/22da7317198283eab56d8e78bc060a88.php 第 157 行.
NOTIC: [8] Use of undefined constant catid - assumed 'catid' /var/www/html/bobo2/en/Home/Runtime/Cache/22da7317198283eab56d8e78bc060a88.php 第 180 行.
NOTIC: [8] Use of undefined constant id - assumed 'id' /var/www/html/bobo2/en/Home/Runtime/Cache/22da7317198283eab56d8e78bc060a88.php 第 180 行.
NOTIC: [8] Use of undefined constant ppid - assumed 'ppid' /var/www/html/bobo2/en/Home/Runtime/Cache/22da7317198283eab56d8e78bc060a88.php 第 180 行.
NOTIC: [8] Use of undefined constant catid - assumed 'catid' /var/www/html/bobo2/en/Home/Runtime/Cache/22da7317198283eab56d8e78bc060a88.php 第 180 行.
NOTIC: [8] Use of undefined constant id - assumed 'id' /var/www/html/bobo2/en/Home/Runtime/Cache/22da7317198283eab56d8e78bc060a88.php 第 180 行.
NOTIC: [8] Use of undefined constant ppid - assumed 'ppid' /var/www/html/bobo2/en/Home/Runtime/Cache/22da7317198283eab56d8e78bc060a88.php 第 180 行.
NOTIC: [8] Use of undefined constant catid - assumed 'catid' /var/www/html/bobo2/en/Home/Runtime/Cache/22da7317198283eab56d8e78bc060a88.php 第 180 行.
NOTIC: [8] Use of undefined constant id - assumed 'id' /var/www/html/bobo2/en/Home/Runtime/Cache/22da7317198283eab56d8e78bc060a88.php 第 180 行.
NOTIC: [8] Use of undefined constant ppid - assumed 'ppid' /var/www/html/bobo2/en/Home/Runtime/Cache/22da7317198283eab56d8e78bc060a88.php 第 180 行.
NOTIC: [8] Use of undefined constant catid - assumed 'catid' /var/www/html/bobo2/en/Home/Runtime/Cache/22da7317198283eab56d8e78bc060a88.php 第 180 行.
NOTIC: [8] Use of undefined constant id - assumed 'id' /var/www/html/bobo2/en/Home/Runtime/Cache/22da7317198283eab56d8e78bc060a88.php 第 180 行.
NOTIC: [8] Use of undefined constant ppid - assumed 'ppid' /var/www/html/bobo2/en/Home/Runtime/Cache/22da7317198283eab56d8e78bc060a88.php 第 180 行.
NOTIC: [8] Use of undefined constant catid - assumed 'catid' /var/www/html/bobo2/en/Home/Runtime/Cache/22da7317198283eab56d8e78bc060a88.php 第 180 行.
NOTIC: [8] Use of undefined constant id - assumed 'id' /var/www/html/bobo2/en/Home/Runtime/Cache/22da7317198283eab56d8e78bc060a88.php 第 180 行.
NOTIC: [8] Use of undefined constant ppid - assumed 'ppid' /var/www/html/bobo2/en/Home/Runtime/Cache/22da7317198283eab56d8e78bc060a88.php 第 180 行.
NOTIC: [8] Use of undefined constant catid - assumed 'catid' /var/www/html/bobo2/en/Home/Runtime/Cache/22da7317198283eab56d8e78bc060a88.php 第 180 行.
NOTIC: [8] Use of undefined constant id - assumed 'id' /var/www/html/bobo2/en/Home/Runtime/Cache/22da7317198283eab56d8e78bc060a88.php 第 180 行.
NOTIC: [8] Use of undefined constant ppid - assumed 'ppid' /var/www/html/bobo2/en/Home/Runtime/Cache/22da7317198283eab56d8e78bc060a88.php 第 180 行.
NOTIC: [8] Use of undefined constant catid - assumed 'catid' /var/www/html/bobo2/en/Home/Runtime/Cache/22da7317198283eab56d8e78bc060a88.php 第 180 行.
NOTIC: [8] Use of undefined constant id - assumed 'id' /var/www/html/bobo2/en/Home/Runtime/Cache/22da7317198283eab56d8e78bc060a88.php 第 180 行.
NOTIC: [8] Use of undefined constant ppid - assumed 'ppid' /var/www/html/bobo2/en/Home/Runtime/Cache/22da7317198283eab56d8e78bc060a88.php 第 180 行.
NOTIC: [8] Use of undefined constant catid - assumed 'catid' /var/www/html/bobo2/en/Home/Runtime/Cache/22da7317198283eab56d8e78bc060a88.php 第 180 行.
NOTIC: [8] Use of undefined constant id - assumed 'id' /var/www/html/bobo2/en/Home/Runtime/Cache/22da7317198283eab56d8e78bc060a88.php 第 180 行.
NOTIC: [8] Use of undefined constant ppid - assumed 'ppid' /var/www/html/bobo2/en/Home/Runtime/Cache/22da7317198283eab56d8e78bc060a88.php 第 180 行.
NOTIC: [8] Use of undefined constant catid - assumed 'catid' /var/www/html/bobo2/en/Home/Runtime/Cache/22da7317198283eab56d8e78bc060a88.php 第 184 行.
NOTIC: [8] Use of undefined constant catid - assumed 'catid' /var/www/html/bobo2/en/Home/Runtime/Cache/22da7317198283eab56d8e78bc060a88.php 第 184 行.
NOTIC: [8] Use of undefined constant catid - assumed 'catid' /var/www/html/bobo2/en/Home/Runtime/Cache/22da7317198283eab56d8e78bc060a88.php 第 184 行.
NOTIC: [8] Use of undefined constant catid - assumed 'catid' /var/www/html/bobo2/en/Home/Runtime/Cache/22da7317198283eab56d8e78bc060a88.php 第 184 行.
NOTIC: [8] Use of undefined constant catid - assumed 'catid' /var/www/html/bobo2/en/Home/Runtime/Cache/22da7317198283eab56d8e78bc060a88.php 第 184 行.
NOTIC: [8] Use of undefined constant catid - assumed 'catid' /var/www/html/bobo2/en/Home/Runtime/Cache/22da7317198283eab56d8e78bc060a88.php 第 184 行.
NOTIC: [8] Use of undefined constant catid - assumed 'catid' /var/www/html/bobo2/en/Home/Runtime/Cache/22da7317198283eab56d8e78bc060a88.php 第 184 行.
NOTIC: [8] Use of undefined constant catid - assumed 'catid' /var/www/html/bobo2/en/Home/Runtime/Cache/22da7317198283eab56d8e78bc060a88.php 第 184 行.
NOTIC: [8] Use of undefined constant catid - assumed 'catid' /var/www/html/bobo2/en/Home/Runtime/Cache/22da7317198283eab56d8e78bc060a88.php 第 188 行.
NOTIC: [8] Use of undefined constant catid - assumed 'catid' /var/www/html/bobo2/en/Home/Runtime/Cache/22da7317198283eab56d8e78bc060a88.php 第 188 行.
NOTIC: [8] Use of undefined constant catid - assumed 'catid' /var/www/html/bobo2/en/Home/Runtime/Cache/22da7317198283eab56d8e78bc060a88.php 第 188 行.
NOTIC: [8] Use of undefined constant catid - assumed 'catid' /var/www/html/bobo2/en/Home/Runtime/Cache/22da7317198283eab56d8e78bc060a88.php 第 188 行.
NOTIC: [8] Use of undefined constant catid - assumed 'catid' /var/www/html/bobo2/en/Home/Runtime/Cache/22da7317198283eab56d8e78bc060a88.php 第 188 行.
NOTIC: [8] Use of undefined constant catid - assumed 'catid' /var/www/html/bobo2/en/Home/Runtime/Cache/22da7317198283eab56d8e78bc060a88.php 第 188 行.
NOTIC: [8] Use of undefined constant catid - assumed 'catid' /var/www/html/bobo2/en/Home/Runtime/Cache/22da7317198283eab56d8e78bc060a88.php 第 188 行.
NOTIC: [8] Use of undefined constant catid - assumed 'catid' /var/www/html/bobo2/en/Home/Runtime/Cache/22da7317198283eab56d8e78bc060a88.php 第 191 行.
NOTIC: [8] Use of undefined constant catid - assumed 'catid' /var/www/html/bobo2/en/Home/Runtime/Cache/22da7317198283eab56d8e78bc060a88.php 第 191 行.
NOTIC: [8] Use of undefined constant catid - assumed 'catid' /var/www/html/bobo2/en/Home/Runtime/Cache/22da7317198283eab56d8e78bc060a88.php 第 191 行.
NOTIC: [8] Use of undefined constant catid - assumed 'catid' /var/www/html/bobo2/en/Home/Runtime/Cache/22da7317198283eab56d8e78bc060a88.php 第 191 行.
NOTIC: [8] Use of undefined constant catid - assumed 'catid' /var/www/html/bobo2/en/Home/Runtime/Cache/22da7317198283eab56d8e78bc060a88.php 第 191 行.
NOTIC: [8] Use of undefined constant catid - assumed 'catid' /var/www/html/bobo2/en/Home/Runtime/Cache/22da7317198283eab56d8e78bc060a88.php 第 191 行.
NOTIC: [8] Use of undefined constant catid - assumed 'catid' /var/www/html/bobo2/en/Home/Runtime/Cache/22da7317198283eab56d8e78bc060a88.php 第 191 行.
NOTIC: [8] Use of undefined constant catid - assumed 'catid' /var/www/html/bobo2/en/Home/Runtime/Cache/22da7317198283eab56d8e78bc060a88.php 第 191 行.
NOTIC: [8] Use of undefined constant picurlpcall - assumed 'picurlpcall' /var/www/html/bobo2/en/Home/Runtime/Cache/22da7317198283eab56d8e78bc060a88.php 第 263 行.
NOTIC: [8] Use of undefined constant picurlpcall - assumed 'picurlpcall' /var/www/html/bobo2/en/Home/Runtime/Cache/22da7317198283eab56d8e78bc060a88.php 第 263 行.
NOTIC: [8] Use of undefined constant colorlist - assumed 'colorlist' /var/www/html/bobo2/en/Home/Runtime/Cache/22da7317198283eab56d8e78bc060a88.php 第 268 行.
NOTIC: [8] Use of undefined constant colorlist - assumed 'colorlist' /var/www/html/bobo2/en/Home/Runtime/Cache/22da7317198283eab56d8e78bc060a88.php 第 268 行.
NOTIC: [8] Use of undefined constant colorlist - assumed 'colorlist' /var/www/html/bobo2/en/Home/Runtime/Cache/22da7317198283eab56d8e78bc060a88.php 第 275 行.
NOTIC: [8] Use of undefined constant name - assumed 'name' /var/www/html/bobo2/en/Home/Runtime/Cache/22da7317198283eab56d8e78bc060a88.php 第 275 行.
NOTIC: [8] A session had already been started - ignoring session_start() /var/www/html/bobo2/en/Home/Runtime/Cache/22da7317198283eab56d8e78bc060a88.php 第 277 行.
NOTIC: [8] Undefined index: bobo_pc_user_id /var/www/html/bobo2/en/Home/Runtime/Cache/22da7317198283eab56d8e78bc060a88.php 第 277 行.
NOTIC: [8] Use of undefined constant catid - assumed 'catid' /var/www/html/bobo2/en/Home/Runtime/Cache/22da7317198283eab56d8e78bc060a88.php 第 316 行.
NOTIC: [8] Use of undefined constant id - assumed 'id' /var/www/html/bobo2/en/Home/Runtime/Cache/22da7317198283eab56d8e78bc060a88.php 第 316 行.
NOTIC: [8] Use of undefined constant colorlist - assumed 'colorlist' /var/www/html/bobo2/en/Home/Runtime/Cache/22da7317198283eab56d8e78bc060a88.php 第 320 行.
NOTIC: [8] Use of undefined constant colorlist - assumed 'colorlist' /var/www/html/bobo2/en/Home/Runtime/Cache/22da7317198283eab56d8e78bc060a88.php 第 320 行.
NOTIC: [8] Use of undefined constant catid - assumed 'catid' /var/www/html/bobo2/en/Home/Runtime/Cache/22da7317198283eab56d8e78bc060a88.php 第 323 行.
NOTIC: [8] Use of undefined constant id - assumed 'id' /var/www/html/bobo2/en/Home/Runtime/Cache/22da7317198283eab56d8e78bc060a88.php 第 323 行.
NOTIC: [8] A session had already been started - ignoring session_start() /var/www/html/bobo2/en/Home/Runtime/Cache/22da7317198283eab56d8e78bc060a88.php 第 328 行.
NOTIC: [8] Undefined index: bobo_pc_user_id /var/www/html/bobo2/en/Home/Runtime/Cache/22da7317198283eab56d8e78bc060a88.php 第 328 行.
NOTIC: [8] Use of undefined constant catid - assumed 'catid' /var/www/html/bobo2/en/Home/Runtime/Cache/22da7317198283eab56d8e78bc060a88.php 第 316 行.
NOTIC: [8] Use of undefined constant id - assumed 'id' /var/www/html/bobo2/en/Home/Runtime/Cache/22da7317198283eab56d8e78bc060a88.php 第 316 行.
NOTIC: [8] Use of undefined constant colorlist - assumed 'colorlist' /var/www/html/bobo2/en/Home/Runtime/Cache/22da7317198283eab56d8e78bc060a88.php 第 320 行.
NOTIC: [8] Use of undefined constant colorlist - assumed 'colorlist' /var/www/html/bobo2/en/Home/Runtime/Cache/22da7317198283eab56d8e78bc060a88.php 第 320 行.
NOTIC: [8] Use of undefined constant catid - assumed 'catid' /var/www/html/bobo2/en/Home/Runtime/Cache/22da7317198283eab56d8e78bc060a88.php 第 323 行.
NOTIC: [8] Use of undefined constant id - assumed 'id' /var/www/html/bobo2/en/Home/Runtime/Cache/22da7317198283eab56d8e78bc060a88.php 第 323 行.
NOTIC: [8] A session had already been started - ignoring session_start() /var/www/html/bobo2/en/Home/Runtime/Cache/22da7317198283eab56d8e78bc060a88.php 第 328 行.
NOTIC: [8] Undefined index: bobo_pc_user_id /var/www/html/bobo2/en/Home/Runtime/Cache/22da7317198283eab56d8e78bc060a88.php 第 328 行.
NOTIC: [8] Use of undefined constant catid - assumed 'catid' /var/www/html/bobo2/en/Home/Runtime/Cache/22da7317198283eab56d8e78bc060a88.php 第 316 行.
NOTIC: [8] Use of undefined constant id - assumed 'id' /var/www/html/bobo2/en/Home/Runtime/Cache/22da7317198283eab56d8e78bc060a88.php 第 316 行.
NOTIC: [8] Use of undefined constant colorlist - assumed 'colorlist' /var/www/html/bobo2/en/Home/Runtime/Cache/22da7317198283eab56d8e78bc060a88.php 第 320 行.
NOTIC: [8] Use of undefined constant colorlist - assumed 'colorlist' /var/www/html/bobo2/en/Home/Runtime/Cache/22da7317198283eab56d8e78bc060a88.php 第 320 行.
NOTIC: [8] Use of undefined constant catid - assumed 'catid' /var/www/html/bobo2/en/Home/Runtime/Cache/22da7317198283eab56d8e78bc060a88.php 第 323 行.
NOTIC: [8] Use of undefined constant id - assumed 'id' /var/www/html/bobo2/en/Home/Runtime/Cache/22da7317198283eab56d8e78bc060a88.php 第 323 行.
NOTIC: [8] A session had already been started - ignoring session_start() /var/www/html/bobo2/en/Home/Runtime/Cache/22da7317198283eab56d8e78bc060a88.php 第 328 行.
NOTIC: [8] Undefined index: bobo_pc_user_id /var/www/html/bobo2/en/Home/Runtime/Cache/22da7317198283eab56d8e78bc060a88.php 第 328 行.
NOTIC: [8] Use of undefined constant catid - assumed 'catid' /var/www/html/bobo2/en/Home/Runtime/Cache/22da7317198283eab56d8e78bc060a88.php 第 316 行.
NOTIC: [8] Use of undefined constant id - assumed 'id' /var/www/html/bobo2/en/Home/Runtime/Cache/22da7317198283eab56d8e78bc060a88.php 第 316 行.
NOTIC: [8] Use of undefined constant colorlist - assumed 'colorlist' /var/www/html/bobo2/en/Home/Runtime/Cache/22da7317198283eab56d8e78bc060a88.php 第 320 行.
NOTIC: [8] Use of undefined constant colorlist - assumed 'colorlist' /var/www/html/bobo2/en/Home/Runtime/Cache/22da7317198283eab56d8e78bc060a88.php 第 320 行.
NOTIC: [8] Use of undefined constant catid - assumed 'catid' /var/www/html/bobo2/en/Home/Runtime/Cache/22da7317198283eab56d8e78bc060a88.php 第 323 行.
NOTIC: [8] Use of undefined constant id - assumed 'id' /var/www/html/bobo2/en/Home/Runtime/Cache/22da7317198283eab56d8e78bc060a88.php 第 323 行.
NOTIC: [8] A session had already been started - ignoring session_start() /var/www/html/bobo2/en/Home/Runtime/Cache/22da7317198283eab56d8e78bc060a88.php 第 328 行.
NOTIC: [8] Undefined index: bobo_pc_user_id /var/www/html/bobo2/en/Home/Runtime/Cache/22da7317198283eab56d8e78bc060a88.php 第 328 行.
NOTIC: [8] Use of undefined constant catid - assumed 'catid' /var/www/html/bobo2/en/Home/Runtime/Cache/22da7317198283eab56d8e78bc060a88.php 第 316 行.
NOTIC: [8] Use of undefined constant id - assumed 'id' /var/www/html/bobo2/en/Home/Runtime/Cache/22da7317198283eab56d8e78bc060a88.php 第 316 行.
NOTIC: [8] Use of undefined constant colorlist - assumed 'colorlist' /var/www/html/bobo2/en/Home/Runtime/Cache/22da7317198283eab56d8e78bc060a88.php 第 320 行.
NOTIC: [8] Use of undefined constant colorlist - assumed 'colorlist' /var/www/html/bobo2/en/Home/Runtime/Cache/22da7317198283eab56d8e78bc060a88.php 第 320 行.
NOTIC: [8] Use of undefined constant catid - assumed 'catid' /var/www/html/bobo2/en/Home/Runtime/Cache/22da7317198283eab56d8e78bc060a88.php 第 323 行.
NOTIC: [8] Use of undefined constant id - assumed 'id' /var/www/html/bobo2/en/Home/Runtime/Cache/22da7317198283eab56d8e78bc060a88.php 第 323 行.
NOTIC: [8] A session had already been started - ignoring session_start() /var/www/html/bobo2/en/Home/Runtime/Cache/22da7317198283eab56d8e78bc060a88.php 第 328 行.
NOTIC: [8] Undefined index: bobo_pc_user_id /var/www/html/bobo2/en/Home/Runtime/Cache/22da7317198283eab56d8e78bc060a88.php 第 328 行.
NOTIC: [8] Use of undefined constant catid - assumed 'catid' /var/www/html/bobo2/en/Home/Runtime/Cache/22da7317198283eab56d8e78bc060a88.php 第 316 行.
NOTIC: [8] Use of undefined constant id - assumed 'id' /var/www/html/bobo2/en/Home/Runtime/Cache/22da7317198283eab56d8e78bc060a88.php 第 316 行.
NOTIC: [8] Use of undefined constant colorlist - assumed 'colorlist' /var/www/html/bobo2/en/Home/Runtime/Cache/22da7317198283eab56d8e78bc060a88.php 第 320 行.
NOTIC: [8] Use of undefined constant colorlist - assumed 'colorlist' /var/www/html/bobo2/en/Home/Runtime/Cache/22da7317198283eab56d8e78bc060a88.php 第 320 行.
NOTIC: [8] Use of undefined constant catid - assumed 'catid' /var/www/html/bobo2/en/Home/Runtime/Cache/22da7317198283eab56d8e78bc060a88.php 第 323 行.
NOTIC: [8] Use of undefined constant id - assumed 'id' /var/www/html/bobo2/en/Home/Runtime/Cache/22da7317198283eab56d8e78bc060a88.php 第 323 行.
NOTIC: [8] A session had already been started - ignoring session_start() /var/www/html/bobo2/en/Home/Runtime/Cache/22da7317198283eab56d8e78bc060a88.php 第 328 行.
NOTIC: [8] Undefined index: bobo_pc_user_id /var/www/html/bobo2/en/Home/Runtime/Cache/22da7317198283eab56d8e78bc060a88.php 第 328 行.
INFO: Run ParseTemplate Behavior [ RunTime:0.040645s ]
INFO: [ view_parse ] --END-- [ RunTime:0.040710s ]
INFO: [ view_filter ] --START--
INFO: Run ContentReplace Behavior [ RunTime:0.000566s ]
INFO: Run TokenBuild Behavior [ RunTime:0.000273s ]
INFO: Run WriteHtmlCache Behavior [ RunTime:0.000142s ]
INFO: Run ShowRuntime Behavior [ RunTime:0.000383s ]
INFO: [ view_filter ] --END-- [ RunTime:0.001537s ]
INFO: [ view_end ] --START--
INFO: Run ShowPageTrace Behavior [ RunTime:0.000407s ]
INFO: [ view_end ] --END-- [ RunTime:0.000463s ]

[ 2016-09-02T02:20:34+08:00 ] 220.181.108.120 /bobo2/en/index.php/Content/news_xq/catid/23/id/97
INFO: [ route_check ] --START--
INFO: Run CheckRoute Behavior [ RunTime:0.000593s ]
INFO: [ route_check ] --END-- [ RunTime:0.000672s ]
INFO: [ app_begin ] --START--
INFO: Run ReadHtmlCache Behavior [ RunTime:0.000352s ]
INFO: [ app_begin ] --END-- [ RunTime:0.000410s ]
SQL: SHOW COLUMNS FROM `en_category` [ RunTime:0.000713s ]
SQL: SHOW COLUMNS FROM `en_content` [ RunTime:0.000638s ]
SQL: SHOW COLUMNS FROM `en_page` [ RunTime:0.000443s ]
SQL: SELECT * FROM `en_page` WHERE ( `catid` = 29 ) LIMIT 1   [ RunTime:0.000241s ]
SQL: SELECT `id`,`catid`,`title`,`headerpic` FROM `en_content` WHERE ( catid=23 and (status=2 or status=3) ) ORDER BY conorder desc,id desc LIMIT 8   [ RunTime:0.000460s ]
SQL: SELECT `id`,`catid`,`title`,`headerpic` FROM `en_content` WHERE ( catid=24 and (status=2 or status=3) ) ORDER BY conorder desc,id desc LIMIT 8   [ RunTime:0.000392s ]
SQL: SELECT `id`,`catid`,`title`,`headerpic` FROM `en_content` WHERE ( catid=25 and (status=2 or status=3) ) ORDER BY conorder desc,id desc LIMIT 8   [ RunTime:0.000352s ]
SQL: SHOW COLUMNS FROM `en_site` [ RunTime:0.000361s ]
SQL: SELECT * FROM `en_site` WHERE ( siteid=1 ) LIMIT 1   [ RunTime:0.000199s ]
SQL: SHOW COLUMNS FROM `en_product` [ RunTime:0.000580s ]
SQL: SELECT a.xqstatus,a.title,a.picurlpc,a.catid,a.id,b.id as ppid FROM en_product_price b,en_product a WHERE ( a.posid=1 and a.status=1 and  a.id=b.pid ) ORDER BY a.listorder desc,id desc LIMIT 8   [ RunTime:0.000622s ]
SQL: SHOW COLUMNS FROM `en_video` [ RunTime:0.000513s ]
SQL: SELECT `vtitle`,`headerpic`,`catid` FROM `en_video` WHERE ( catid=26 and (status=2 or status=3) ) ORDER BY listorder desc,vid desc LIMIT 8   [ RunTime:0.000281s ]
SQL: SELECT `vtitle`,`headerpic`,`catid` FROM `en_video` WHERE ( catid=27 and (status=2 or status=3) ) ORDER BY listorder desc,vid desc LIMIT 8   [ RunTime:0.000212s ]
SQL: SELECT `catid`,`catname`,`caturl` FROM `en_category` WHERE ( `catid` IN ('14','15','16','17','18','19','20','21') ) ORDER BY listorder desc,catid desc  [ RunTime:0.000226s ]
NOTIC: [8] Undefined variable: category_list /var/www/html/bobo2/en/Home/Lib/Action/CommonAction.class.php 第 28 行.
SQL: SHOW COLUMNS FROM `en_parameter` [ RunTime:0.000397s ]
SQL: SELECT * FROM `en_content` WHERE ( id=97 and catid=23 and (status=2 or status=3) ) LIMIT 1   [ RunTime:0.000266s ]
SQL: SELECT * FROM `en_content` WHERE ( id<'97'and catid=23 and (status=2 or status=3) ) ORDER BY id desc LIMIT 1   [ RunTime:0.000256s ]
SQL: SELECT * FROM `en_content` WHERE ( id>'97'and catid=23 and (status=2 or status=3) ) ORDER BY id asc LIMIT 1   [ RunTime:0.000253s ]
INFO: [ view_template ] --START--
INFO: Run LocationTemplate Behavior [ RunTime:0.000314s ]
INFO: [ view_template ] --END-- [ RunTime:0.000378s ]
INFO: [ view_parse ] --START--
NOTIC: [8] A session had already been started - ignoring session_start() /var/www/html/bobo2/en/Home/Runtime/Cache/ac998679cd60b8ba4710d17e9e8009cd.php 第 78 行.
NOTIC: [8] Undefined index: bobo_pc_user_id /var/www/html/bobo2/en/Home/Runtime/Cache/ac998679cd60b8ba4710d17e9e8009cd.php 第 78 行.
NOTIC: [8] Undefined index: bobo_pc_user_id /var/www/html/bobo2/en/Home/Runtime/Cache/ac998679cd60b8ba4710d17e9e8009cd.php 第 85 行.
NOTIC: [8] Undefined index: bobo_pc_user_name /var/www/html/bobo2/en/Home/Runtime/Cache/ac998679cd60b8ba4710d17e9e8009cd.php 第 85 行.
NOTIC: [8] Undefined variable: k /var/www/html/bobo2/en/Home/Runtime/Cache/ac998679cd60b8ba4710d17e9e8009cd.php 第 112 行.
NOTIC: [8] Use of undefined constant catid - assumed 'catid' /var/www/html/bobo2/en/Home/Runtime/Cache/ac998679cd60b8ba4710d17e9e8009cd.php 第 115 行.
NOTIC: [8] Use of undefined constant id - assumed 'id' /var/www/html/bobo2/en/Home/Runtime/Cache/ac998679cd60b8ba4710d17e9e8009cd.php 第 115 行.
NOTIC: [8] Use of undefined constant catid - assumed 'catid' /var/www/html/bobo2/en/Home/Runtime/Cache/ac998679cd60b8ba4710d17e9e8009cd.php 第 115 行.
NOTIC: [8] Use of undefined constant id - assumed 'id' /var/www/html/bobo2/en/Home/Runtime/Cache/ac998679cd60b8ba4710d17e9e8009cd.php 第 115 行.
NOTIC: [8] Use of undefined constant catid - assumed 'catid' /var/www/html/bobo2/en/Home/Runtime/Cache/ac998679cd60b8ba4710d17e9e8009cd.php 第 115 行.
NOTIC: [8] Use of undefined constant id - assumed 'id' /var/www/html/bobo2/en/Home/Runtime/Cache/ac998679cd60b8ba4710d17e9e8009cd.php 第 115 行.
NOTIC: [8] Use of undefined constant catid - assumed 'catid' /var/www/html/bobo2/en/Home/Runtime/Cache/ac998679cd60b8ba4710d17e9e8009cd.php 第 115 行.
NOTIC: [8] Use of undefined constant id - assumed 'id' /var/www/html/bobo2/en/Home/Runtime/Cache/ac998679cd60b8ba4710d17e9e8009cd.php 第 115 行.
NOTIC: [8] Use of undefined constant catid - assumed 'catid' /var/www/html/bobo2/en/Home/Runtime/Cache/ac998679cd60b8ba4710d17e9e8009cd.php 第 115 行.
NOTIC: [8] Use of undefined constant id - assumed 'id' /var/www/html/bobo2/en/Home/Runtime/Cache/ac998679cd60b8ba4710d17e9e8009cd.php 第 115 行.
NOTIC: [8] Use of undefined constant catid - assumed 'catid' /var/www/html/bobo2/en/Home/Runtime/Cache/ac998679cd60b8ba4710d17e9e8009cd.php 第 115 行.
NOTIC: [8] Use of undefined constant id - assumed 'id' /var/www/html/bobo2/en/Home/Runtime/Cache/ac998679cd60b8ba4710d17e9e8009cd.php 第 115 行.
NOTIC: [8] Use of undefined constant catid - assumed 'catid' /var/www/html/bobo2/en/Home/Runtime/Cache/ac998679cd60b8ba4710d17e9e8009cd.php 第 115 行.
NOTIC: [8] Use of undefined constant id - assumed 'id' /var/www/html/bobo2/en/Home/Runtime/Cache/ac998679cd60b8ba4710d17e9e8009cd.php 第 115 行.
NOTIC: [8] Use of undefined constant catid - assumed 'catid' /var/www/html/bobo2/en/Home/Runtime/Cache/ac998679cd60b8ba4710d17e9e8009cd.php 第 115 行.
NOTIC: [8] Use of undefined constant id - assumed 'id' /var/www/html/bobo2/en/Home/Runtime/Cache/ac998679cd60b8ba4710d17e9e8009cd.php 第 115 行.
NOTIC: [8] Use of undefined constant catid - assumed 'catid' /var/www/html/bobo2/en/Home/Runtime/Cache/ac998679cd60b8ba4710d17e9e8009cd.php 第 118 行.
NOTIC: [8] Use of undefined constant id - assumed 'id' /var/www/html/bobo2/en/Home/Runtime/Cache/ac998679cd60b8ba4710d17e9e8009cd.php 第 118 行.
NOTIC: [8] Use of undefined constant catid - assumed 'catid' /var/www/html/bobo2/en/Home/Runtime/Cache/ac998679cd60b8ba4710d17e9e8009cd.php 第 118 行.
NOTIC: [8] Use of undefined constant id - assumed 'id' /var/www/html/bobo2/en/Home/Runtime/Cache/ac998679cd60b8ba4710d17e9e8009cd.php 第 118 行.
NOTIC: [8] Use of undefined constant catid - assumed 'catid' /var/www/html/bobo2/en/Home/Runtime/Cache/ac998679cd60b8ba4710d17e9e8009cd.php 第 118 行.
NOTIC: [8] Use of undefined constant id - assumed 'id' /var/www/html/bobo2/en/Home/Runtime/Cache/ac998679cd60b8ba4710d17e9e8009cd.php 第 118 行.
NOTIC: [8] Use of undefined constant catid - assumed 'catid' /var/www/html/bobo2/en/Home/Runtime/Cache/ac998679cd60b8ba4710d17e9e8009cd.php 第 118 行.
NOTIC: [8] Use of undefined constant id - assumed 'id' /var/www/html/bobo2/en/Home/Runtime/Cache/ac998679cd60b8ba4710d17e9e8009cd.php 第 118 行.
NOTIC: [8] Use of undefined constant catid - assumed 'catid' /var/www/html/bobo2/en/Home/Runtime/Cache/ac998679cd60b8ba4710d17e9e8009cd.php 第 121 行.
NOTIC: [8] Use of undefined constant id - assumed 'id' /var/www/html/bobo2/en/Home/Runtime/Cache/ac998679cd60b8ba4710d17e9e8009cd.php 第 121 行.
NOTIC: [8] Use of undefined constant catid - assumed 'catid' /var/www/html/bobo2/en/Home/Runtime/Cache/ac998679cd60b8ba4710d17e9e8009cd.php 第 146 行.
NOTIC: [8] Use of undefined constant id - assumed 'id' /var/www/html/bobo2/en/Home/Runtime/Cache/ac998679cd60b8ba4710d17e9e8009cd.php 第 146 行.
NOTIC: [8] Use of undefined constant ppid - assumed 'ppid' /var/www/html/bobo2/en/Home/Runtime/Cache/ac998679cd60b8ba4710d17e9e8009cd.php 第 146 行.
NOTIC: [8] Use of undefined constant catid - assumed 'catid' /var/www/html/bobo2/en/Home/Runtime/Cache/ac998679cd60b8ba4710d17e9e8009cd.php 第 146 行.
NOTIC: [8] Use of undefined constant id - assumed 'id' /var/www/html/bobo2/en/Home/Runtime/Cache/ac998679cd60b8ba4710d17e9e8009cd.php 第 146 行.
NOTIC: [8] Use of undefined constant ppid - assumed 'ppid' /var/www/html/bobo2/en/Home/Runtime/Cache/ac998679cd60b8ba4710d17e9e8009cd.php 第 146 行.
NOTIC: [8] Use of undefined constant catid - assumed 'catid' /var/www/html/bobo2/en/Home/Runtime/Cache/ac998679cd60b8ba4710d17e9e8009cd.php 第 146 行.
NOTIC: [8] Use of undefined constant id - assumed 'id' /var/www/html/bobo2/en/Home/Runtime/Cache/ac998679cd60b8ba4710d17e9e8009cd.php 第 146 行.
NOTIC: [8] Use of undefined constant ppid - assumed 'ppid' /var/www/html/bobo2/en/Home/Runtime/Cache/ac998679cd60b8ba4710d17e9e8009cd.php 第 146 行.
NOTIC: [8] Use of undefined constant catid - assumed 'catid' /var/www/html/bobo2/en/Home/Runtime/Cache/ac998679cd60b8ba4710d17e9e8009cd.php 第 146 行.
NOTIC: [8] Use of undefined constant id - assumed 'id' /var/www/html/bobo2/en/Home/Runtime/Cache/ac998679cd60b8ba4710d17e9e8009cd.php 第 146 行.
NOTIC: [8] Use of undefined constant ppid - assumed 'ppid' /var/www/html/bobo2/en/Home/Runtime/Cache/ac998679cd60b8ba4710d17e9e8009cd.php 第 146 行.
NOTIC: [8] Use of undefined constant catid - assumed 'catid' /var/www/html/bobo2/en/Home/Runtime/Cache/ac998679cd60b8ba4710d17e9e8009cd.php 第 146 行.
NOTIC: [8] Use of undefined constant id - assumed 'id' /var/www/html/bobo2/en/Home/Runtime/Cache/ac998679cd60b8ba4710d17e9e8009cd.php 第 146 行.
NOTIC: [8] Use of undefined constant ppid - assumed 'ppid' /var/www/html/bobo2/en/Home/Runtime/Cache/ac998679cd60b8ba4710d17e9e8009cd.php 第 146 行.
NOTIC: [8] Use of undefined constant catid - assumed 'catid' /var/www/html/bobo2/en/Home/Runtime/Cache/ac998679cd60b8ba4710d17e9e8009cd.php 第 146 行.
NOTIC: [8] Use of undefined constant id - assumed 'id' /var/www/html/bobo2/en/Home/Runtime/Cache/ac998679cd60b8ba4710d17e9e8009cd.php 第 146 行.
NOTIC: [8] Use of undefined constant ppid - assumed 'ppid' /var/www/html/bobo2/en/Home/Runtime/Cache/ac998679cd60b8ba4710d17e9e8009cd.php 第 146 行.
NOTIC: [8] Use of undefined constant catid - assumed 'catid' /var/www/html/bobo2/en/Home/Runtime/Cache/ac998679cd60b8ba4710d17e9e8009cd.php 第 146 行.
NOTIC: [8] Use of undefined constant id - assumed 'id' /var/www/html/bobo2/en/Home/Runtime/Cache/ac998679cd60b8ba4710d17e9e8009cd.php 第 146 行.
NOTIC: [8] Use of undefined constant ppid - assumed 'ppid' /var/www/html/bobo2/en/Home/Runtime/Cache/ac998679cd60b8ba4710d17e9e8009cd.php 第 146 行.
NOTIC: [8] Use of undefined constant catid - assumed 'catid' /var/www/html/bobo2/en/Home/Runtime/Cache/ac998679cd60b8ba4710d17e9e8009cd.php 第 146 行.
NOTIC: [8] Use of undefined constant id - assumed 'id' /var/www/html/bobo2/en/Home/Runtime/Cache/ac998679cd60b8ba4710d17e9e8009cd.php 第 146 行.
NOTIC: [8] Use of undefined constant ppid - assumed 'ppid' /var/www/html/bobo2/en/Home/Runtime/Cache/ac998679cd60b8ba4710d17e9e8009cd.php 第 146 行.
NOTIC: [8] Use of undefined constant catid - assumed 'catid' /var/www/html/bobo2/en/Home/Runtime/Cache/ac998679cd60b8ba4710d17e9e8009cd.php 第 150 行.
NOTIC: [8] Use of undefined constant catid - assumed 'catid' /var/www/html/bobo2/en/Home/Runtime/Cache/ac998679cd60b8ba4710d17e9e8009cd.php 第 150 行.
NOTIC: [8] Use of undefined constant catid - assumed 'catid' /var/www/html/bobo2/en/Home/Runtime/Cache/ac998679cd60b8ba4710d17e9e8009cd.php 第 150 行.
NOTIC: [8] Use of undefined constant catid - assumed 'catid' /var/www/html/bobo2/en/Home/Runtime/Cache/ac998679cd60b8ba4710d17e9e8009cd.php 第 150 行.
NOTIC: [8] Use of undefined constant catid - assumed 'catid' /var/www/html/bobo2/en/Home/Runtime/Cache/ac998679cd60b8ba4710d17e9e8009cd.php 第 150 行.
NOTIC: [8] Use of undefined constant catid - assumed 'catid' /var/www/html/bobo2/en/Home/Runtime/Cache/ac998679cd60b8ba4710d17e9e8009cd.php 第 150 行.
NOTIC: [8] Use of undefined constant catid - assumed 'catid' /var/www/html/bobo2/en/Home/Runtime/Cache/ac998679cd60b8ba4710d17e9e8009cd.php 第 150 行.
NOTIC: [8] Use of undefined constant catid - assumed 'catid' /var/www/html/bobo2/en/Home/Runtime/Cache/ac998679cd60b8ba4710d17e9e8009cd.php 第 150 行.
NOTIC: [8] Use of undefined constant catid - assumed 'catid' /var/www/html/bobo2/en/Home/Runtime/Cache/ac998679cd60b8ba4710d17e9e8009cd.php 第 154 行.
NOTIC: [8] Use of undefined constant catid - assumed 'catid' /var/www/html/bobo2/en/Home/Runtime/Cache/ac998679cd60b8ba4710d17e9e8009cd.php 第 154 行.
NOTIC: [8] Use of undefined constant catid - assumed 'catid' /var/www/html/bobo2/en/Home/Runtime/Cache/ac998679cd60b8ba4710d17e9e8009cd.php 第 154 行.
NOTIC: [8] Use of undefined constant catid - assumed 'catid' /var/www/html/bobo2/en/Home/Runtime/Cache/ac998679cd60b8ba4710d17e9e8009cd.php 第 154 行.
NOTIC: [8] Use of undefined constant catid - assumed 'catid' /var/www/html/bobo2/en/Home/Runtime/Cache/ac998679cd60b8ba4710d17e9e8009cd.php 第 154 行.
NOTIC: [8] Use of undefined constant catid - assumed 'catid' /var/www/html/bobo2/en/Home/Runtime/Cache/ac998679cd60b8ba4710d17e9e8009cd.php 第 154 行.
NOTIC: [8] Use of undefined constant catid - assumed 'catid' /var/www/html/bobo2/en/Home/Runtime/Cache/ac998679cd60b8ba4710d17e9e8009cd.php 第 154 行.
NOTIC: [8] Use of undefined constant catid - assumed 'catid' /var/www/html/bobo2/en/Home/Runtime/Cache/ac998679cd60b8ba4710d17e9e8009cd.php 第 157 行.
NOTIC: [8] Use of undefined constant catid - assumed 'catid' /var/www/html/bobo2/en/Home/Runtime/Cache/ac998679cd60b8ba4710d17e9e8009cd.php 第 157 行.
NOTIC: [8] Use of undefined constant catid - assumed 'catid' /var/www/html/bobo2/en/Home/Runtime/Cache/ac998679cd60b8ba4710d17e9e8009cd.php 第 157 行.
NOTIC: [8] Use of undefined constant catid - assumed 'catid' /var/www/html/bobo2/en/Home/Runtime/Cache/ac998679cd60b8ba4710d17e9e8009cd.php 第 157 行.
NOTIC: [8] Use of undefined constant catid - assumed 'catid' /var/www/html/bobo2/en/Home/Runtime/Cache/ac998679cd60b8ba4710d17e9e8009cd.php 第 157 行.
NOTIC: [8] Use of undefined constant catid - assumed 'catid' /var/www/html/bobo2/en/Home/Runtime/Cache/ac998679cd60b8ba4710d17e9e8009cd.php 第 157 行.
NOTIC: [8] Use of undefined constant catid - assumed 'catid' /var/www/html/bobo2/en/Home/Runtime/Cache/ac998679cd60b8ba4710d17e9e8009cd.php 第 157 行.
NOTIC: [8] Use of undefined constant catid - assumed 'catid' /var/www/html/bobo2/en/Home/Runtime/Cache/ac998679cd60b8ba4710d17e9e8009cd.php 第 157 行.
NOTIC: [8] Use of undefined constant catid - assumed 'catid' /var/www/html/bobo2/en/Home/Runtime/Cache/ac998679cd60b8ba4710d17e9e8009cd.php 第 180 行.
NOTIC: [8] Use of undefined constant id - assumed 'id' /var/www/html/bobo2/en/Home/Runtime/Cache/ac998679cd60b8ba4710d17e9e8009cd.php 第 180 行.
NOTIC: [8] Use of undefined constant ppid - assumed 'ppid' /var/www/html/bobo2/en/Home/Runtime/Cache/ac998679cd60b8ba4710d17e9e8009cd.php 第 180 行.
NOTIC: [8] Use of undefined constant catid - assumed 'catid' /var/www/html/bobo2/en/Home/Runtime/Cache/ac998679cd60b8ba4710d17e9e8009cd.php 第 180 行.
NOTIC: [8] Use of undefined constant id - assumed 'id' /var/www/html/bobo2/en/Home/Runtime/Cache/ac998679cd60b8ba4710d17e9e8009cd.php 第 180 行.
NOTIC: [8] Use of undefined constant ppid - assumed 'ppid' /var/www/html/bobo2/en/Home/Runtime/Cache/ac998679cd60b8ba4710d17e9e8009cd.php 第 180 行.
NOTIC: [8] Use of undefined constant catid - assumed 'catid' /var/www/html/bobo2/en/Home/Runtime/Cache/ac998679cd60b8ba4710d17e9e8009cd.php 第 180 行.
NOTIC: [8] Use of undefined constant id - assumed 'id' /var/www/html/bobo2/en/Home/Runtime/Cache/ac998679cd60b8ba4710d17e9e8009cd.php 第 180 行.
NOTIC: [8] Use of undefined constant ppid - assumed 'ppid' /var/www/html/bobo2/en/Home/Runtime/Cache/ac998679cd60b8ba4710d17e9e8009cd.php 第 180 行.
NOTIC: [8] Use of undefined constant catid - assumed 'catid' /var/www/html/bobo2/en/Home/Runtime/Cache/ac998679cd60b8ba4710d17e9e8009cd.php 第 180 行.
NOTIC: [8] Use of undefined constant id - assumed 'id' /var/www/html/bobo2/en/Home/Runtime/Cache/ac998679cd60b8ba4710d17e9e8009cd.php 第 180 行.
NOTIC: [8] Use of undefined constant ppid - assumed 'ppid' /var/www/html/bobo2/en/Home/Runtime/Cache/ac998679cd60b8ba4710d17e9e8009cd.php 第 180 行.
NOTIC: [8] Use of undefined constant catid - assumed 'catid' /var/www/html/bobo2/en/Home/Runtime/Cache/ac998679cd60b8ba4710d17e9e8009cd.php 第 180 行.
NOTIC: [8] Use of undefined constant id - assumed 'id' /var/www/html/bobo2/en/Home/Runtime/Cache/ac998679cd60b8ba4710d17e9e8009cd.php 第 180 行.
NOTIC: [8] Use of undefined constant ppid - assumed 'ppid' /var/www/html/bobo2/en/Home/Runtime/Cache/ac998679cd60b8ba4710d17e9e8009cd.php 第 180 行.
NOTIC: [8] Use of undefined constant catid - assumed 'catid' /var/www/html/bobo2/en/Home/Runtime/Cache/ac998679cd60b8ba4710d17e9e8009cd.php 第 180 行.
NOTIC: [8] Use of undefined constant id - assumed 'id' /var/www/html/bobo2/en/Home/Runtime/Cache/ac998679cd60b8ba4710d17e9e8009cd.php 第 180 行.
NOTIC: [8] Use of undefined constant ppid - assumed 'ppid' /var/www/html/bobo2/en/Home/Runtime/Cache/ac998679cd60b8ba4710d17e9e8009cd.php 第 180 行.
NOTIC: [8] Use of undefined constant catid - assumed 'catid' /var/www/html/bobo2/en/Home/Runtime/Cache/ac998679cd60b8ba4710d17e9e8009cd.php 第 180 行.
NOTIC: [8] Use of undefined constant id - assumed 'id' /var/www/html/bobo2/en/Home/Runtime/Cache/ac998679cd60b8ba4710d17e9e8009cd.php 第 180 行.
NOTIC: [8] Use of undefined constant ppid - assumed 'ppid' /var/www/html/bobo2/en/Home/Runtime/Cache/ac998679cd60b8ba4710d17e9e8009cd.php 第 180 行.
NOTIC: [8] Use of undefined constant catid - assumed 'catid' /var/www/html/bobo2/en/Home/Runtime/Cache/ac998679cd60b8ba4710d17e9e8009cd.php 第 180 行.
NOTIC: [8] Use of undefined constant id - assumed 'id' /var/www/html/bobo2/en/Home/Runtime/Cache/ac998679cd60b8ba4710d17e9e8009cd.php 第 180 行.
NOTIC: [8] Use of undefined constant ppid - assumed 'ppid' /var/www/html/bobo2/en/Home/Runtime/Cache/ac998679cd60b8ba4710d17e9e8009cd.php 第 180 行.
NOTIC: [8] Use of undefined constant catid - assumed 'catid' /var/www/html/bobo2/en/Home/Runtime/Cache/ac998679cd60b8ba4710d17e9e8009cd.php 第 184 行.
NOTIC: [8] Use of undefined constant catid - assumed 'catid' /var/www/html/bobo2/en/Home/Runtime/Cache/ac998679cd60b8ba4710d17e9e8009cd.php 第 184 行.
NOTIC: [8] Use of undefined constant catid - assumed 'catid' /var/www/html/bobo2/en/Home/Runtime/Cache/ac998679cd60b8ba4710d17e9e8009cd.php 第 184 行.
NOTIC: [8] Use of undefined constant catid - assumed 'catid' /var/www/html/bobo2/en/Home/Runtime/Cache/ac998679cd60b8ba4710d17e9e8009cd.php 第 184 行.
NOTIC: [8] Use of undefined constant catid - assumed 'catid' /var/www/html/bobo2/en/Home/Runtime/Cache/ac998679cd60b8ba4710d17e9e8009cd.php 第 184 行.
NOTIC: [8] Use of undefined constant catid - assumed 'catid' /var/www/html/bobo2/en/Home/Runtime/Cache/ac998679cd60b8ba4710d17e9e8009cd.php 第 184 行.
NOTIC: [8] Use of undefined constant catid - assumed 'catid' /var/www/html/bobo2/en/Home/Runtime/Cache/ac998679cd60b8ba4710d17e9e8009cd.php 第 184 行.
NOTIC: [8] Use of undefined constant catid - assumed 'catid' /var/www/html/bobo2/en/Home/Runtime/Cache/ac998679cd60b8ba4710d17e9e8009cd.php 第 184 行.
NOTIC: [8] Use of undefined constant catid - assumed 'catid' /var/www/html/bobo2/en/Home/Runtime/Cache/ac998679cd60b8ba4710d17e9e8009cd.php 第 188 行.
NOTIC: [8] Use of undefined constant catid - assumed 'catid' /var/www/html/bobo2/en/Home/Runtime/Cache/ac998679cd60b8ba4710d17e9e8009cd.php 第 188 行.
NOTIC: [8] Use of undefined constant catid - assumed 'catid' /var/www/html/bobo2/en/Home/Runtime/Cache/ac998679cd60b8ba4710d17e9e8009cd.php 第 188 行.
NOTIC: [8] Use of undefined constant catid - assumed 'catid' /var/www/html/bobo2/en/Home/Runtime/Cache/ac998679cd60b8ba4710d17e9e8009cd.php 第 188 行.
NOTIC: [8] Use of undefined constant catid - assumed 'catid' /var/www/html/bobo2/en/Home/Runtime/Cache/ac998679cd60b8ba4710d17e9e8009cd.php 第 188 行.
NOTIC: [8] Use of undefined constant catid - assumed 'catid' /var/www/html/bobo2/en/Home/Runtime/Cache/ac998679cd60b8ba4710d17e9e8009cd.php 第 188 行.
NOTIC: [8] Use of undefined constant catid - assumed 'catid' /var/www/html/bobo2/en/Home/Runtime/Cache/ac998679cd60b8ba4710d17e9e8009cd.php 第 188 行.
NOTIC: [8] Use of undefined constant catid - assumed 'catid' /var/www/html/bobo2/en/Home/Runtime/Cache/ac998679cd60b8ba4710d17e9e8009cd.php 第 191 行.
NOTIC: [8] Use of undefined constant catid - assumed 'catid' /var/www/html/bobo2/en/Home/Runtime/Cache/ac998679cd60b8ba4710d17e9e8009cd.php 第 191 行.
NOTIC: [8] Use of undefined constant catid - assumed 'catid' /var/www/html/bobo2/en/Home/Runtime/Cache/ac998679cd60b8ba4710d17e9e8009cd.php 第 191 行.
NOTIC: [8] Use of undefined constant catid - assumed 'catid' /var/www/html/bobo2/en/Home/Runtime/Cache/ac998679cd60b8ba4710d17e9e8009cd.php 第 191 行.
NOTIC: [8] Use of undefined constant catid - assumed 'catid' /var/www/html/bobo2/en/Home/Runtime/Cache/ac998679cd60b8ba4710d17e9e8009cd.php 第 191 行.
NOTIC: [8] Use of undefined constant catid - assumed 'catid' /var/www/html/bobo2/en/Home/Runtime/Cache/ac998679cd60b8ba4710d17e9e8009cd.php 第 191 行.
NOTIC: [8] Use of undefined constant catid - assumed 'catid' /var/www/html/bobo2/en/Home/Runtime/Cache/ac998679cd60b8ba4710d17e9e8009cd.php 第 191 行.
NOTIC: [8] Use of undefined constant catid - assumed 'catid' /var/www/html/bobo2/en/Home/Runtime/Cache/ac998679cd60b8ba4710d17e9e8009cd.php 第 191 行.
INFO: Run ParseTemplate Behavior [ RunTime:0.061903s ]
INFO: [ view_parse ] --END-- [ RunTime:0.061967s ]
INFO: [ view_filter ] --START--
INFO: Run ContentReplace Behavior [ RunTime:0.000457s ]
INFO: Run TokenBuild Behavior [ RunTime:0.000258s ]
INFO: Run WriteHtmlCache Behavior [ RunTime:0.000161s ]
INFO: Run ShowRuntime Behavior [ RunTime:0.000397s ]
INFO: [ view_filter ] --END-- [ RunTime:0.001439s ]
INFO: [ view_end ] --START--
INFO: Run ShowPageTrace Behavior [ RunTime:0.000423s ]
INFO: [ view_end ] --END-- [ RunTime:0.000479s ]

