[ 2016-09-07T16:58:39+08:00 ] 123.125.71.105 /bobo2/en/index.php/Product/product/catid/
INFO: [ route_check ] --START--
INFO: Run CheckRoute Behavior [ RunTime:0.001463s ]
INFO: [ route_check ] --END-- [ RunTime:0.001546s ]
INFO: [ app_begin ] --START--
INFO: Run ReadHtmlCache Behavior [ RunTime:0.001304s ]
INFO: [ app_begin ] --END-- [ RunTime:0.001365s ]
SQL: SHOW COLUMNS FROM `en_product` [ RunTime:0.026761s ]
SQL: SHOW COLUMNS FROM `en_category` [ RunTime:0.007152s ]
SQL: SHOW COLUMNS FROM `en_linkage` [ RunTime:0.008073s ]
SQL: SHOW COLUMNS FROM `en_parameter` [ RunTime:0.002582s ]
SQL: SHOW COLUMNS FROM `en_collect` [ RunTime:0.005384s ]
SQL: SHOW COLUMNS FROM `en_content` [ RunTime:0.001762s ]
SQL: SHOW COLUMNS FROM `en_page` [ RunTime:0.001420s ]
SQL: SELECT * FROM `en_page` WHERE ( `catid` = 29 ) LIMIT 1   [ RunTime:0.001164s ]
SQL: SELECT `id`,`catid`,`title`,`headerpic` FROM `en_content` WHERE ( catid=23 and (status=2 or status=3) ) ORDER BY conorder desc,id desc LIMIT 8   [ RunTime:0.037272s ]
SQL: SELECT `id`,`catid`,`title`,`headerpic` FROM `en_content` WHERE ( catid=24 and (status=2 or status=3) ) ORDER BY conorder desc,id desc LIMIT 8   [ RunTime:0.000554s ]
SQL: SELECT `id`,`catid`,`title`,`headerpic` FROM `en_content` WHERE ( catid=25 and (status=2 or status=3) ) ORDER BY conorder desc,id desc LIMIT 8   [ RunTime:0.000378s ]
SQL: SHOW COLUMNS FROM `en_site` [ RunTime:0.001697s ]
SQL: SELECT * FROM `en_site` WHERE ( siteid=1 ) LIMIT 1   [ RunTime:0.001292s ]
SQL: SELECT a.xqstatus,a.title,a.picurlpc,a.catid,a.id,b.id as ppid FROM en_product_price b,en_product a WHERE ( a.posid=1 and a.status=1 and  a.id=b.pid ) ORDER BY a.listorder desc,id desc LIMIT 8   [ RunTime:0.005618s ]
SQL: SHOW COLUMNS FROM `en_video` [ RunTime:0.001750s ]
SQL: SELECT `vtitle`,`headerpic`,`catid` FROM `en_video` WHERE ( catid=26 and (status=2 or status=3) ) ORDER BY listorder desc,vid desc LIMIT 8   [ RunTime:0.001136s ]
SQL: SELECT `vtitle`,`headerpic`,`catid` FROM `en_video` WHERE ( catid=27 and (status=2 or status=3) ) ORDER BY listorder desc,vid desc LIMIT 8   [ RunTime:0.000210s ]
SQL: SELECT `catid`,`catname`,`caturl` FROM `en_category` WHERE ( `catid` IN ('14','15','16','17','18','19','20','21') ) ORDER BY listorder desc,catid desc  [ RunTime:0.001489s ]
NOTIC: [8] Undefined variable: category_list /var/www/html/bobo2/en/Home/Lib/Action/CommonAction.class.php 第 28 行.
NOTIC: [8] Undefined index: catid /var/www/html/bobo2/en/Home/Lib/Action/ProductAction.class.php 第 17 行.
NOTIC: [8] Undefined index: linkageid /var/www/html/bobo2/en/Home/Lib/Action/ProductAction.class.php 第 18 行.
NOTIC: [8] Undefined index: price_search /var/www/html/bobo2/en/Home/Lib/Action/ProductAction.class.php 第 19 行.
NOTIC: [8] Undefined index: texturelist_search /var/www/html/bobo2/en/Home/Lib/Action/ProductAction.class.php 第 20 行.
NOTIC: [8] Undefined index: capacity_search /var/www/html/bobo2/en/Home/Lib/Action/ProductAction.class.php 第 21 行.
SQL: SELECT `catid`,`catname`,`caturl` FROM `en_category` WHERE ( `catid` IN ('14','15','16','17','18','19','20','21') ) ORDER BY listorder desc,catid desc  [ RunTime:0.000195s ]
NOTIC: [8] Undefined index: bobo_pc_user_id /var/www/html/bobo2/en/Home/Lib/Action/ProductAction.class.php 第 24 行.
NOTIC: [8] Undefined variable: pro_list_fw /var/www/html/bobo2/en/Home/Lib/Action/ProductAction.class.php 第 45 行.
SQL: SELECT `colorname`,`id` FROM `en_parameter` WHERE ( typeid=1 and status=1 ) ORDER BY listorder desc,id desc  [ RunTime:0.000959s ]
SQL: SELECT a.xqstatus,a.title,a.picurlpc,a.catid,a.id,b.capacity,b.price,b.id as ppid,a.colorlist,b.fmpicurl FROM en_product_price b,en_product a WHERE ( a.posid=1 and a.status=1 and  a.id=b.pid ) ORDER BY a.listorder desc,id desc  [ RunTime:0.000609s ]
SQL: SELECT `catname` FROM `en_category` WHERE ( catid=14 ) LIMIT 1   [ RunTime:0.000143s ]
SQL: SELECT `colorname` FROM `en_parameter` WHERE ( `id` IN ('12','8','1','6') )  [ RunTime:0.000153s ]
SQL: SELECT `catname` FROM `en_category` WHERE ( catid=14 ) LIMIT 1   [ RunTime:0.000133s ]
SQL: SELECT `colorname` FROM `en_parameter` WHERE ( `id` IN ('12','8','1','6') )  [ RunTime:0.000148s ]
SQL: SELECT `catname` FROM `en_category` WHERE ( catid=14 ) LIMIT 1   [ RunTime:0.000133s ]
SQL: SELECT `colorname` FROM `en_parameter` WHERE ( `id` IN ('12','8','1','6') )  [ RunTime:0.000148s ]
SQL: SELECT `catname` FROM `en_category` WHERE ( catid=14 ) LIMIT 1   [ RunTime:0.000131s ]
SQL: SELECT `colorname` FROM `en_parameter` WHERE ( `id` IN ('12','8','1','6') )  [ RunTime:0.000147s ]
SQL: SELECT `catname` FROM `en_category` WHERE ( catid=14 ) LIMIT 1   [ RunTime:0.000130s ]
SQL: SELECT `colorname` FROM `en_parameter` WHERE ( `id` IN ('12','4','1','6') )  [ RunTime:0.000145s ]
SQL: SELECT `catname` FROM `en_category` WHERE ( catid=14 ) LIMIT 1   [ RunTime:0.000129s ]
SQL: SELECT `colorname` FROM `en_parameter` WHERE ( `id` IN ('12','4','1','6') )  [ RunTime:0.000146s ]
SQL: SELECT `catname` FROM `en_category` WHERE ( catid=14 ) LIMIT 1   [ RunTime:0.000129s ]
SQL: SELECT `colorname` FROM `en_parameter` WHERE ( `id` IN ('12','4','1','6') )  [ RunTime:0.000146s ]
SQL: SELECT `catname` FROM `en_category` WHERE ( catid=14 ) LIMIT 1   [ RunTime:0.000126s ]
SQL: SELECT `colorname` FROM `en_parameter` WHERE ( `id` IN ('12','4','1','6') )  [ RunTime:0.000158s ]
SQL: SELECT `catname` FROM `en_category` WHERE ( catid=14 ) LIMIT 1   [ RunTime:0.000127s ]
SQL: SELECT `colorname` FROM `en_parameter` WHERE ( `id` IN ('1','7','8') )  [ RunTime:0.000160s ]
SQL: SELECT `catname` FROM `en_category` WHERE ( catid=14 ) LIMIT 1   [ RunTime:0.000125s ]
SQL: SELECT `colorname` FROM `en_parameter` WHERE ( `id` IN ('1','8','7','1','6','8','1','12','8') )  [ RunTime:0.000150s ]
SQL: SELECT `catname` FROM `en_category` WHERE ( catid=14 ) LIMIT 1   [ RunTime:0.000124s ]
SQL: SELECT `colorname` FROM `en_parameter` WHERE ( `id` IN ('1') )  [ RunTime:0.000127s ]
SQL: SELECT `catname` FROM `en_category` WHERE ( catid=14 ) LIMIT 1   [ RunTime:0.000123s ]
SQL: SELECT `colorname` FROM `en_parameter` WHERE ( `id` IN ('12','7','6') )  [ RunTime:0.000148s ]
SQL: SELECT `catname` FROM `en_category` WHERE ( catid=14 ) LIMIT 1   [ RunTime:0.000125s ]
SQL: SELECT `colorname` FROM `en_parameter` WHERE ( `id` IN ('4','7','1','6') )  [ RunTime:0.000143s ]
INFO: [ view_template ] --START--
INFO: Run LocationTemplate Behavior [ RunTime:0.001736s ]
INFO: [ view_template ] --END-- [ RunTime:0.001799s ]
INFO: [ view_parse ] --START--
NOTIC: [8] A session had already been started - ignoring session_start() /var/www/html/bobo2/en/Home/Runtime/Cache/f4b6a5a0a2edf925d4a608324d63310b.php 第 78 行.
NOTIC: [8] Undefined index: bobo_pc_user_id /var/www/html/bobo2/en/Home/Runtime/Cache/f4b6a5a0a2edf925d4a608324d63310b.php 第 78 行.
NOTIC: [8] Undefined index: bobo_pc_user_id /var/www/html/bobo2/en/Home/Runtime/Cache/f4b6a5a0a2edf925d4a608324d63310b.php 第 85 行.
NOTIC: [8] Undefined index: bobo_pc_user_name /var/www/html/bobo2/en/Home/Runtime/Cache/f4b6a5a0a2edf925d4a608324d63310b.php 第 85 行.
NOTIC: [8] Undefined variable: k /var/www/html/bobo2/en/Home/Runtime/Cache/f4b6a5a0a2edf925d4a608324d63310b.php 第 112 行.
NOTIC: [8] Use of undefined constant catid - assumed 'catid' /var/www/html/bobo2/en/Home/Runtime/Cache/f4b6a5a0a2edf925d4a608324d63310b.php 第 115 行.
NOTIC: [8] Use of undefined constant id - assumed 'id' /var/www/html/bobo2/en/Home/Runtime/Cache/f4b6a5a0a2edf925d4a608324d63310b.php 第 115 行.
NOTIC: [8] Use of undefined constant catid - assumed 'catid' /var/www/html/bobo2/en/Home/Runtime/Cache/f4b6a5a0a2edf925d4a608324d63310b.php 第 115 行.
NOTIC: [8] Use of undefined constant id - assumed 'id' /var/www/html/bobo2/en/Home/Runtime/Cache/f4b6a5a0a2edf925d4a608324d63310b.php 第 115 行.
NOTIC: [8] Use of undefined constant catid - assumed 'catid' /var/www/html/bobo2/en/Home/Runtime/Cache/f4b6a5a0a2edf925d4a608324d63310b.php 第 115 行.
NOTIC: [8] Use of undefined constant id - assumed 'id' /var/www/html/bobo2/en/Home/Runtime/Cache/f4b6a5a0a2edf925d4a608324d63310b.php 第 115 行.
NOTIC: [8] Use of undefined constant catid - assumed 'catid' /var/www/html/bobo2/en/Home/Runtime/Cache/f4b6a5a0a2edf925d4a608324d63310b.php 第 115 行.
NOTIC: [8] Use of undefined constant id - assumed 'id' /var/www/html/bobo2/en/Home/Runtime/Cache/f4b6a5a0a2edf925d4a608324d63310b.php 第 115 行.
NOTIC: [8] Use of undefined constant catid - assumed 'catid' /var/www/html/bobo2/en/Home/Runtime/Cache/f4b6a5a0a2edf925d4a608324d63310b.php 第 115 行.
NOTIC: [8] Use of undefined constant id - assumed 'id' /var/www/html/bobo2/en/Home/Runtime/Cache/f4b6a5a0a2edf925d4a608324d63310b.php 第 115 行.
NOTIC: [8] Use of undefined constant catid - assumed 'catid' /var/www/html/bobo2/en/Home/Runtime/Cache/f4b6a5a0a2edf925d4a608324d63310b.php 第 115 行.
NOTIC: [8] Use of undefined constant id - assumed 'id' /var/www/html/bobo2/en/Home/Runtime/Cache/f4b6a5a0a2edf925d4a608324d63310b.php 第 115 行.
NOTIC: [8] Use of undefined constant catid - assumed 'catid' /var/www/html/bobo2/en/Home/Runtime/Cache/f4b6a5a0a2edf925d4a608324d63310b.php 第 115 行.
NOTIC: [8] Use of undefined constant id - assumed 'id' /var/www/html/bobo2/en/Home/Runtime/Cache/f4b6a5a0a2edf925d4a608324d63310b.php 第 115 行.
NOTIC: [8] Use of undefined constant catid - assumed 'catid' /var/www/html/bobo2/en/Home/Runtime/Cache/f4b6a5a0a2edf925d4a608324d63310b.php 第 115 行.
NOTIC: [8] Use of undefined constant id - assumed 'id' /var/www/html/bobo2/en/Home/Runtime/Cache/f4b6a5a0a2edf925d4a608324d63310b.php 第 115 行.
NOTIC: [8] Use of undefined constant catid - assumed 'catid' /var/www/html/bobo2/en/Home/Runtime/Cache/f4b6a5a0a2edf925d4a608324d63310b.php 第 118 行.
NOTIC: [8] Use of undefined constant id - assumed 'id' /var/www/html/bobo2/en/Home/Runtime/Cache/f4b6a5a0a2edf925d4a608324d63310b.php 第 118 行.
NOTIC: [8] Use of undefined constant catid - assumed 'catid' /var/www/html/bobo2/en/Home/Runtime/Cache/f4b6a5a0a2edf925d4a608324d63310b.php 第 118 行.
NOTIC: [8] Use of undefined constant id - assumed 'id' /var/www/html/bobo2/en/Home/Runtime/Cache/f4b6a5a0a2edf925d4a608324d63310b.php 第 118 行.
NOTIC: [8] Use of undefined constant catid - assumed 'catid' /var/www/html/bobo2/en/Home/Runtime/Cache/f4b6a5a0a2edf925d4a608324d63310b.php 第 118 行.
NOTIC: [8] Use of undefined constant id - assumed 'id' /var/www/html/bobo2/en/Home/Runtime/Cache/f4b6a5a0a2edf925d4a608324d63310b.php 第 118 行.
NOTIC: [8] Use of undefined constant catid - assumed 'catid' /var/www/html/bobo2/en/Home/Runtime/Cache/f4b6a5a0a2edf925d4a608324d63310b.php 第 118 行.
NOTIC: [8] Use of undefined constant id - assumed 'id' /var/www/html/bobo2/en/Home/Runtime/Cache/f4b6a5a0a2edf925d4a608324d63310b.php 第 118 行.
NOTIC: [8] Use of undefined constant catid - assumed 'catid' /var/www/html/bobo2/en/Home/Runtime/Cache/f4b6a5a0a2edf925d4a608324d63310b.php 第 121 行.
NOTIC: [8] Use of undefined constant id - assumed 'id' /var/www/html/bobo2/en/Home/Runtime/Cache/f4b6a5a0a2edf925d4a608324d63310b.php 第 121 行.
NOTIC: [8] Use of undefined constant catid - assumed 'catid' /var/www/html/bobo2/en/Home/Runtime/Cache/f4b6a5a0a2edf925d4a608324d63310b.php 第 146 行.
NOTIC: [8] Use of undefined constant id - assumed 'id' /var/www/html/bobo2/en/Home/Runtime/Cache/f4b6a5a0a2edf925d4a608324d63310b.php 第 146 行.
NOTIC: [8] Use of undefined constant ppid - assumed 'ppid' /var/www/html/bobo2/en/Home/Runtime/Cache/f4b6a5a0a2edf925d4a608324d63310b.php 第 146 行.
NOTIC: [8] Use of undefined constant catid - assumed 'catid' /var/www/html/bobo2/en/Home/Runtime/Cache/f4b6a5a0a2edf925d4a608324d63310b.php 第 146 行.
NOTIC: [8] Use of undefined constant id - assumed 'id' /var/www/html/bobo2/en/Home/Runtime/Cache/f4b6a5a0a2edf925d4a608324d63310b.php 第 146 行.
NOTIC: [8] Use of undefined constant ppid - assumed 'ppid' /var/www/html/bobo2/en/Home/Runtime/Cache/f4b6a5a0a2edf925d4a608324d63310b.php 第 146 行.
NOTIC: [8] Use of undefined constant catid - assumed 'catid' /var/www/html/bobo2/en/Home/Runtime/Cache/f4b6a5a0a2edf925d4a608324d63310b.php 第 146 行.
NOTIC: [8] Use of undefined constant id - assumed 'id' /var/www/html/bobo2/en/Home/Runtime/Cache/f4b6a5a0a2edf925d4a608324d63310b.php 第 146 行.
NOTIC: [8] Use of undefined constant ppid - assumed 'ppid' /var/www/html/bobo2/en/Home/Runtime/Cache/f4b6a5a0a2edf925d4a608324d63310b.php 第 146 行.
NOTIC: [8] Use of undefined constant catid - assumed 'catid' /var/www/html/bobo2/en/Home/Runtime/Cache/f4b6a5a0a2edf925d4a608324d63310b.php 第 146 行.
NOTIC: [8] Use of undefined constant id - assumed 'id' /var/www/html/bobo2/en/Home/Runtime/Cache/f4b6a5a0a2edf925d4a608324d63310b.php 第 146 行.
NOTIC: [8] Use of undefined constant ppid - assumed 'ppid' /var/www/html/bobo2/en/Home/Runtime/Cache/f4b6a5a0a2edf925d4a608324d63310b.php 第 146 行.
NOTIC: [8] Use of undefined constant catid - assumed 'catid' /var/www/html/bobo2/en/Home/Runtime/Cache/f4b6a5a0a2edf925d4a608324d63310b.php 第 146 行.
NOTIC: [8] Use of undefined constant id - assumed 'id' /var/www/html/bobo2/en/Home/Runtime/Cache/f4b6a5a0a2edf925d4a608324d63310b.php 第 146 行.
NOTIC: [8] Use of undefined constant ppid - assumed 'ppid' /var/www/html/bobo2/en/Home/Runtime/Cache/f4b6a5a0a2edf925d4a608324d63310b.php 第 146 行.
NOTIC: [8] Use of undefined constant catid - assumed 'catid' /var/www/html/bobo2/en/Home/Runtime/Cache/f4b6a5a0a2edf925d4a608324d63310b.php 第 146 行.
NOTIC: [8] Use of undefined constant id - assumed 'id' /var/www/html/bobo2/en/Home/Runtime/Cache/f4b6a5a0a2edf925d4a608324d63310b.php 第 146 行.
NOTIC: [8] Use of undefined constant ppid - assumed 'ppid' /var/www/html/bobo2/en/Home/Runtime/Cache/f4b6a5a0a2edf925d4a608324d63310b.php 第 146 行.
NOTIC: [8] Use of undefined constant catid - assumed 'catid' /var/www/html/bobo2/en/Home/Runtime/Cache/f4b6a5a0a2edf925d4a608324d63310b.php 第 146 行.
NOTIC: [8] Use of undefined constant id - assumed 'id' /var/www/html/bobo2/en/Home/Runtime/Cache/f4b6a5a0a2edf925d4a608324d63310b.php 第 146 行.
NOTIC: [8] Use of undefined constant ppid - assumed 'ppid' /var/www/html/bobo2/en/Home/Runtime/Cache/f4b6a5a0a2edf925d4a608324d63310b.php 第 146 行.
NOTIC: [8] Use of undefined constant catid - assumed 'catid' /var/www/html/bobo2/en/Home/Runtime/Cache/f4b6a5a0a2edf925d4a608324d63310b.php 第 146 行.
NOTIC: [8] Use of undefined constant id - assumed 'id' /var/www/html/bobo2/en/Home/Runtime/Cache/f4b6a5a0a2edf925d4a608324d63310b.php 第 146 行.
NOTIC: [8] Use of undefined constant ppid - assumed 'ppid' /var/www/html/bobo2/en/Home/Runtime/Cache/f4b6a5a0a2edf925d4a608324d63310b.php 第 146 行.
NOTIC: [8] Use of undefined constant catid - assumed 'catid' /var/www/html/bobo2/en/Home/Runtime/Cache/f4b6a5a0a2edf925d4a608324d63310b.php 第 150 行.
NOTIC: [8] Use of undefined constant catid - assumed 'catid' /var/www/html/bobo2/en/Home/Runtime/Cache/f4b6a5a0a2edf925d4a608324d63310b.php 第 150 行.
NOTIC: [8] Use of undefined constant catid - assumed 'catid' /var/www/html/bobo2/en/Home/Runtime/Cache/f4b6a5a0a2edf925d4a608324d63310b.php 第 150 行.
NOTIC: [8] Use of undefined constant catid - assumed 'catid' /var/www/html/bobo2/en/Home/Runtime/Cache/f4b6a5a0a2edf925d4a608324d63310b.php 第 150 行.
NOTIC: [8] Use of undefined constant catid - assumed 'catid' /var/www/html/bobo2/en/Home/Runtime/Cache/f4b6a5a0a2edf925d4a608324d63310b.php 第 150 行.
NOTIC: [8] Use of undefined constant catid - assumed 'catid' /var/www/html/bobo2/en/Home/Runtime/Cache/f4b6a5a0a2edf925d4a608324d63310b.php 第 150 行.
NOTIC: [8] Use of undefined constant catid - assumed 'catid' /var/www/html/bobo2/en/Home/Runtime/Cache/f4b6a5a0a2edf925d4a608324d63310b.php 第 150 行.
NOTIC: [8] Use of undefined constant catid - assumed 'catid' /var/www/html/bobo2/en/Home/Runtime/Cache/f4b6a5a0a2edf925d4a608324d63310b.php 第 150 行.
NOTIC: [8] Use of undefined constant catid - assumed 'catid' /var/www/html/bobo2/en/Home/Runtime/Cache/f4b6a5a0a2edf925d4a608324d63310b.php 第 154 行.
NOTIC: [8] Use of undefined constant catid - assumed 'catid' /var/www/html/bobo2/en/Home/Runtime/Cache/f4b6a5a0a2edf925d4a608324d63310b.php 第 154 行.
NOTIC: [8] Use of undefined constant catid - assumed 'catid' /var/www/html/bobo2/en/Home/Runtime/Cache/f4b6a5a0a2edf925d4a608324d63310b.php 第 154 行.
NOTIC: [8] Use of undefined constant catid - assumed 'catid' /var/www/html/bobo2/en/Home/Runtime/Cache/f4b6a5a0a2edf925d4a608324d63310b.php 第 154 行.
NOTIC: [8] Use of undefined constant catid - assumed 'catid' /var/www/html/bobo2/en/Home/Runtime/Cache/f4b6a5a0a2edf925d4a608324d63310b.php 第 154 行.
NOTIC: [8] Use of undefined constant catid - assumed 'catid' /var/www/html/bobo2/en/Home/Runtime/Cache/f4b6a5a0a2edf925d4a608324d63310b.php 第 154 行.
NOTIC: [8] Use of undefined constant catid - assumed 'catid' /var/www/html/bobo2/en/Home/Runtime/Cache/f4b6a5a0a2edf925d4a608324d63310b.php 第 154 行.
NOTIC: [8] Use of undefined constant catid - assumed 'catid' /var/www/html/bobo2/en/Home/Runtime/Cache/f4b6a5a0a2edf925d4a608324d63310b.php 第 157 行.
NOTIC: [8] Use of undefined constant catid - assumed 'catid' /var/www/html/bobo2/en/Home/Runtime/Cache/f4b6a5a0a2edf925d4a608324d63310b.php 第 157 行.
NOTIC: [8] Use of undefined constant catid - assumed 'catid' /var/www/html/bobo2/en/Home/Runtime/Cache/f4b6a5a0a2edf925d4a608324d63310b.php 第 157 行.
NOTIC: [8] Use of undefined constant catid - assumed 'catid' /var/www/html/bobo2/en/Home/Runtime/Cache/f4b6a5a0a2edf925d4a608324d63310b.php 第 157 行.
NOTIC: [8] Use of undefined constant catid - assumed 'catid' /var/www/html/bobo2/en/Home/Runtime/Cache/f4b6a5a0a2edf925d4a608324d63310b.php 第 157 行.
NOTIC: [8] Use of undefined constant catid - assumed 'catid' /var/www/html/bobo2/en/Home/Runtime/Cache/f4b6a5a0a2edf925d4a608324d63310b.php 第 157 行.
NOTIC: [8] Use of undefined constant catid - assumed 'catid' /var/www/html/bobo2/en/Home/Runtime/Cache/f4b6a5a0a2edf925d4a608324d63310b.php 第 157 行.
NOTIC: [8] Use of undefined constant catid - assumed 'catid' /var/www/html/bobo2/en/Home/Runtime/Cache/f4b6a5a0a2edf925d4a608324d63310b.php 第 157 行.
NOTIC: [8] Use of undefined constant catid - assumed 'catid' /var/www/html/bobo2/en/Home/Runtime/Cache/f4b6a5a0a2edf925d4a608324d63310b.php 第 180 行.
NOTIC: [8] Use of undefined constant id - assumed 'id' /var/www/html/bobo2/en/Home/Runtime/Cache/f4b6a5a0a2edf925d4a608324d63310b.php 第 180 行.
NOTIC: [8] Use of undefined constant ppid - assumed 'ppid' /var/www/html/bobo2/en/Home/Runtime/Cache/f4b6a5a0a2edf925d4a608324d63310b.php 第 180 行.
NOTIC: [8] Use of undefined constant catid - assumed 'catid' /var/www/html/bobo2/en/Home/Runtime/Cache/f4b6a5a0a2edf925d4a608324d63310b.php 第 180 行.
NOTIC: [8] Use of undefined constant id - assumed 'id' /var/www/html/bobo2/en/Home/Runtime/Cache/f4b6a5a0a2edf925d4a608324d63310b.php 第 180 行.
NOTIC: [8] Use of undefined constant ppid - assumed 'ppid' /var/www/html/bobo2/en/Home/Runtime/Cache/f4b6a5a0a2edf925d4a608324d63310b.php 第 180 行.
NOTIC: [8] Use of undefined constant catid - assumed 'catid' /var/www/html/bobo2/en/Home/Runtime/Cache/f4b6a5a0a2edf925d4a608324d63310b.php 第 180 行.
NOTIC: [8] Use of undefined constant id - assumed 'id' /var/www/html/bobo2/en/Home/Runtime/Cache/f4b6a5a0a2edf925d4a608324d63310b.php 第 180 行.
NOTIC: [8] Use of undefined constant ppid - assumed 'ppid' /var/www/html/bobo2/en/Home/Runtime/Cache/f4b6a5a0a2edf925d4a608324d63310b.php 第 180 行.
NOTIC: [8] Use of undefined constant catid - assumed 'catid' /var/www/html/bobo2/en/Home/Runtime/Cache/f4b6a5a0a2edf925d4a608324d63310b.php 第 180 行.
NOTIC: [8] Use of undefined constant id - assumed 'id' /var/www/html/bobo2/en/Home/Runtime/Cache/f4b6a5a0a2edf925d4a608324d63310b.php 第 180 行.
NOTIC: [8] Use of undefined constant ppid - assumed 'ppid' /var/www/html/bobo2/en/Home/Runtime/Cache/f4b6a5a0a2edf925d4a608324d63310b.php 第 180 行.
NOTIC: [8] Use of undefined constant catid - assumed 'catid' /var/www/html/bobo2/en/Home/Runtime/Cache/f4b6a5a0a2edf925d4a608324d63310b.php 第 180 行.
NOTIC: [8] Use of undefined constant id - assumed 'id' /var/www/html/bobo2/en/Home/Runtime/Cache/f4b6a5a0a2edf925d4a608324d63310b.php 第 180 行.
NOTIC: [8] Use of undefined constant ppid - assumed 'ppid' /var/www/html/bobo2/en/Home/Runtime/Cache/f4b6a5a0a2edf925d4a608324d63310b.php 第 180 行.
NOTIC: [8] Use of undefined constant catid - assumed 'catid' /var/www/html/bobo2/en/Home/Runtime/Cache/f4b6a5a0a2edf925d4a608324d63310b.php 第 180 行.
NOTIC: [8] Use of undefined constant id - assumed 'id' /var/www/html/bobo2/en/Home/Runtime/Cache/f4b6a5a0a2edf925d4a608324d63310b.php 第 180 行.
NOTIC: [8] Use of undefined constant ppid - assumed 'ppid' /var/www/html/bobo2/en/Home/Runtime/Cache/f4b6a5a0a2edf925d4a608324d63310b.php 第 180 行.
NOTIC: [8] Use of undefined constant catid - assumed 'catid' /var/www/html/bobo2/en/Home/Runtime/Cache/f4b6a5a0a2edf925d4a608324d63310b.php 第 180 行.
NOTIC: [8] Use of undefined constant id - assumed 'id' /var/www/html/bobo2/en/Home/Runtime/Cache/f4b6a5a0a2edf925d4a608324d63310b.php 第 180 行.
NOTIC: [8] Use of undefined constant ppid - assumed 'ppid' /var/www/html/bobo2/en/Home/Runtime/Cache/f4b6a5a0a2edf925d4a608324d63310b.php 第 180 行.
NOTIC: [8] Use of undefined constant catid - assumed 'catid' /var/www/html/bobo2/en/Home/Runtime/Cache/f4b6a5a0a2edf925d4a608324d63310b.php 第 180 行.
NOTIC: [8] Use of undefined constant id - assumed 'id' /var/www/html/bobo2/en/Home/Runtime/Cache/f4b6a5a0a2edf925d4a608324d63310b.php 第 180 行.
NOTIC: [8] Use of undefined constant ppid - assumed 'ppid' /var/www/html/bobo2/en/Home/Runtime/Cache/f4b6a5a0a2edf925d4a608324d63310b.php 第 180 行.
NOTIC: [8] Use of undefined constant catid - assumed 'catid' /var/www/html/bobo2/en/Home/Runtime/Cache/f4b6a5a0a2edf925d4a608324d63310b.php 第 184 行.
NOTIC: [8] Use of undefined constant catid - assumed 'catid' /var/www/html/bobo2/en/Home/Runtime/Cache/f4b6a5a0a2edf925d4a608324d63310b.php 第 184 行.
NOTIC: [8] Use of undefined constant catid - assumed 'catid' /var/www/html/bobo2/en/Home/Runtime/Cache/f4b6a5a0a2edf925d4a608324d63310b.php 第 184 行.
NOTIC: [8] Use of undefined constant catid - assumed 'catid' /var/www/html/bobo2/en/Home/Runtime/Cache/f4b6a5a0a2edf925d4a608324d63310b.php 第 184 行.
NOTIC: [8] Use of undefined constant catid - assumed 'catid' /var/www/html/bobo2/en/Home/Runtime/Cache/f4b6a5a0a2edf925d4a608324d63310b.php 第 184 行.
NOTIC: [8] Use of undefined constant catid - assumed 'catid' /var/www/html/bobo2/en/Home/Runtime/Cache/f4b6a5a0a2edf925d4a608324d63310b.php 第 184 行.
NOTIC: [8] Use of undefined constant catid - assumed 'catid' /var/www/html/bobo2/en/Home/Runtime/Cache/f4b6a5a0a2edf925d4a608324d63310b.php 第 184 行.
NOTIC: [8] Use of undefined constant catid - assumed 'catid' /var/www/html/bobo2/en/Home/Runtime/Cache/f4b6a5a0a2edf925d4a608324d63310b.php 第 184 行.
NOTIC: [8] Use of undefined constant catid - assumed 'catid' /var/www/html/bobo2/en/Home/Runtime/Cache/f4b6a5a0a2edf925d4a608324d63310b.php 第 188 行.
NOTIC: [8] Use of undefined constant catid - assumed 'catid' /var/www/html/bobo2/en/Home/Runtime/Cache/f4b6a5a0a2edf925d4a608324d63310b.php 第 188 行.
NOTIC: [8] Use of undefined constant catid - assumed 'catid' /var/www/html/bobo2/en/Home/Runtime/Cache/f4b6a5a0a2edf925d4a608324d63310b.php 第 188 行.
NOTIC: [8] Use of undefined constant catid - assumed 'catid' /var/www/html/bobo2/en/Home/Runtime/Cache/f4b6a5a0a2edf925d4a608324d63310b.php 第 188 行.
NOTIC: [8] Use of undefined constant catid - assumed 'catid' /var/www/html/bobo2/en/Home/Runtime/Cache/f4b6a5a0a2edf925d4a608324d63310b.php 第 188 行.
NOTIC: [8] Use of undefined constant catid - assumed 'catid' /var/www/html/bobo2/en/Home/Runtime/Cache/f4b6a5a0a2edf925d4a608324d63310b.php 第 188 行.
NOTIC: [8] Use of undefined constant catid - assumed 'catid' /var/www/html/bobo2/en/Home/Runtime/Cache/f4b6a5a0a2edf925d4a608324d63310b.php 第 188 行.
NOTIC: [8] Use of undefined constant catid - assumed 'catid' /var/www/html/bobo2/en/Home/Runtime/Cache/f4b6a5a0a2edf925d4a608324d63310b.php 第 191 行.
NOTIC: [8] Use of undefined constant catid - assumed 'catid' /var/www/html/bobo2/en/Home/Runtime/Cache/f4b6a5a0a2edf925d4a608324d63310b.php 第 191 行.
NOTIC: [8] Use of undefined constant catid - assumed 'catid' /var/www/html/bobo2/en/Home/Runtime/Cache/f4b6a5a0a2edf925d4a608324d63310b.php 第 191 行.
NOTIC: [8] Use of undefined constant catid - assumed 'catid' /var/www/html/bobo2/en/Home/Runtime/Cache/f4b6a5a0a2edf925d4a608324d63310b.php 第 191 行.
NOTIC: [8] Use of undefined constant catid - assumed 'catid' /var/www/html/bobo2/en/Home/Runtime/Cache/f4b6a5a0a2edf925d4a608324d63310b.php 第 191 行.
NOTIC: [8] Use of undefined constant catid - assumed 'catid' /var/www/html/bobo2/en/Home/Runtime/Cache/f4b6a5a0a2edf925d4a608324d63310b.php 第 191 行.
NOTIC: [8] Use of undefined constant catid - assumed 'catid' /var/www/html/bobo2/en/Home/Runtime/Cache/f4b6a5a0a2edf925d4a608324d63310b.php 第 191 行.
NOTIC: [8] Use of undefined constant catid - assumed 'catid' /var/www/html/bobo2/en/Home/Runtime/Cache/f4b6a5a0a2edf925d4a608324d63310b.php 第 191 行.
NOTIC: [8] Use of undefined constant catid - assumed 'catid' /var/www/html/bobo2/en/Home/Runtime/Cache/f4b6a5a0a2edf925d4a608324d63310b.php 第 265 行.
NOTIC: [8] Use of undefined constant catid - assumed 'catid' /var/www/html/bobo2/en/Home/Runtime/Cache/f4b6a5a0a2edf925d4a608324d63310b.php 第 265 行.
NOTIC: [8] Undefined index: catid /var/www/html/bobo2/en/Home/Runtime/Cache/f4b6a5a0a2edf925d4a608324d63310b.php 第 265 行.
NOTIC: [8] Use of undefined constant catid - assumed 'catid' /var/www/html/bobo2/en/Home/Runtime/Cache/f4b6a5a0a2edf925d4a608324d63310b.php 第 265 行.
NOTIC: [8] Use of undefined constant catid - assumed 'catid' /var/www/html/bobo2/en/Home/Runtime/Cache/f4b6a5a0a2edf925d4a608324d63310b.php 第 265 行.
NOTIC: [8] Use of undefined constant catid - assumed 'catid' /var/www/html/bobo2/en/Home/Runtime/Cache/f4b6a5a0a2edf925d4a608324d63310b.php 第 265 行.
NOTIC: [8] Undefined index: catid /var/www/html/bobo2/en/Home/Runtime/Cache/f4b6a5a0a2edf925d4a608324d63310b.php 第 265 行.
NOTIC: [8] Use of undefined constant catid - assumed 'catid' /var/www/html/bobo2/en/Home/Runtime/Cache/f4b6a5a0a2edf925d4a608324d63310b.php 第 265 行.
NOTIC: [8] Use of undefined constant catid - assumed 'catid' /var/www/html/bobo2/en/Home/Runtime/Cache/f4b6a5a0a2edf925d4a608324d63310b.php 第 265 行.
NOTIC: [8] Use of undefined constant catid - assumed 'catid' /var/www/html/bobo2/en/Home/Runtime/Cache/f4b6a5a0a2edf925d4a608324d63310b.php 第 265 行.
NOTIC: [8] Undefined index: catid /var/www/html/bobo2/en/Home/Runtime/Cache/f4b6a5a0a2edf925d4a608324d63310b.php 第 265 行.
NOTIC: [8] Use of undefined constant catid - assumed 'catid' /var/www/html/bobo2/en/Home/Runtime/Cache/f4b6a5a0a2edf925d4a608324d63310b.php 第 265 行.
NOTIC: [8] Use of undefined constant catid - assumed 'catid' /var/www/html/bobo2/en/Home/Runtime/Cache/f4b6a5a0a2edf925d4a608324d63310b.php 第 265 行.
NOTIC: [8] Use of undefined constant catid - assumed 'catid' /var/www/html/bobo2/en/Home/Runtime/Cache/f4b6a5a0a2edf925d4a608324d63310b.php 第 265 行.
NOTIC: [8] Undefined index: catid /var/www/html/bobo2/en/Home/Runtime/Cache/f4b6a5a0a2edf925d4a608324d63310b.php 第 265 行.
NOTIC: [8] Use of undefined constant catid - assumed 'catid' /var/www/html/bobo2/en/Home/Runtime/Cache/f4b6a5a0a2edf925d4a608324d63310b.php 第 265 行.
NOTIC: [8] Use of undefined constant catid - assumed 'catid' /var/www/html/bobo2/en/Home/Runtime/Cache/f4b6a5a0a2edf925d4a608324d63310b.php 第 265 行.
NOTIC: [8] Use of undefined constant catid - assumed 'catid' /var/www/html/bobo2/en/Home/Runtime/Cache/f4b6a5a0a2edf925d4a608324d63310b.php 第 265 行.
NOTIC: [8] Undefined index: catid /var/www/html/bobo2/en/Home/Runtime/Cache/f4b6a5a0a2edf925d4a608324d63310b.php 第 265 行.
NOTIC: [8] Use of undefined constant catid - assumed 'catid' /var/www/html/bobo2/en/Home/Runtime/Cache/f4b6a5a0a2edf925d4a608324d63310b.php 第 265 行.
NOTIC: [8] Use of undefined constant catid - assumed 'catid' /var/www/html/bobo2/en/Home/Runtime/Cache/f4b6a5a0a2edf925d4a608324d63310b.php 第 265 行.
NOTIC: [8] Use of undefined constant catid - assumed 'catid' /var/www/html/bobo2/en/Home/Runtime/Cache/f4b6a5a0a2edf925d4a608324d63310b.php 第 265 行.
NOTIC: [8] Undefined index: catid /var/www/html/bobo2/en/Home/Runtime/Cache/f4b6a5a0a2edf925d4a608324d63310b.php 第 265 行.
NOTIC: [8] Use of undefined constant catid - assumed 'catid' /var/www/html/bobo2/en/Home/Runtime/Cache/f4b6a5a0a2edf925d4a608324d63310b.php 第 265 行.
NOTIC: [8] Use of undefined constant catid - assumed 'catid' /var/www/html/bobo2/en/Home/Runtime/Cache/f4b6a5a0a2edf925d4a608324d63310b.php 第 265 行.
NOTIC: [8] Use of undefined constant catid - assumed 'catid' /var/www/html/bobo2/en/Home/Runtime/Cache/f4b6a5a0a2edf925d4a608324d63310b.php 第 265 行.
NOTIC: [8] Undefined index: catid /var/www/html/bobo2/en/Home/Runtime/Cache/f4b6a5a0a2edf925d4a608324d63310b.php 第 265 行.
NOTIC: [8] Use of undefined constant catid - assumed 'catid' /var/www/html/bobo2/en/Home/Runtime/Cache/f4b6a5a0a2edf925d4a608324d63310b.php 第 265 行.
NOTIC: [8] Use of undefined constant catid - assumed 'catid' /var/www/html/bobo2/en/Home/Runtime/Cache/f4b6a5a0a2edf925d4a608324d63310b.php 第 265 行.
NOTIC: [8] Use of undefined constant catid - assumed 'catid' /var/www/html/bobo2/en/Home/Runtime/Cache/f4b6a5a0a2edf925d4a608324d63310b.php 第 265 行.
NOTIC: [8] Undefined index: catid /var/www/html/bobo2/en/Home/Runtime/Cache/f4b6a5a0a2edf925d4a608324d63310b.php 第 265 行.
NOTIC: [8] Use of undefined constant catid - assumed 'catid' /var/www/html/bobo2/en/Home/Runtime/Cache/f4b6a5a0a2edf925d4a608324d63310b.php 第 265 行.
NOTIC: [8] Use of undefined constant price_search - assumed 'price_search' /var/www/html/bobo2/en/Home/Runtime/Cache/f4b6a5a0a2edf925d4a608324d63310b.php 第 281 行.
NOTIC: [8] Undefined index: price_search /var/www/html/bobo2/en/Home/Runtime/Cache/f4b6a5a0a2edf925d4a608324d63310b.php 第 281 行.
NOTIC: [8] Use of undefined constant texturelist_search - assumed 'texturelist_search' /var/www/html/bobo2/en/Home/Runtime/Cache/f4b6a5a0a2edf925d4a608324d63310b.php 第 290 行.
NOTIC: [8] Undefined index: texturelist_search /var/www/html/bobo2/en/Home/Runtime/Cache/f4b6a5a0a2edf925d4a608324d63310b.php 第 290 行.
NOTIC: [8] Use of undefined constant capacity_search - assumed 'capacity_search' /var/www/html/bobo2/en/Home/Runtime/Cache/f4b6a5a0a2edf925d4a608324d63310b.php 第 298 行.
NOTIC: [8] Undefined index: capacity_search /var/www/html/bobo2/en/Home/Runtime/Cache/f4b6a5a0a2edf925d4a608324d63310b.php 第 298 行.
NOTIC: [8] Use of undefined constant xqstatus - assumed 'xqstatus' /var/www/html/bobo2/en/Home/Runtime/Cache/f4b6a5a0a2edf925d4a608324d63310b.php 第 315 行.
NOTIC: [8] Use of undefined constant fmpicurl - assumed 'fmpicurl' /var/www/html/bobo2/en/Home/Runtime/Cache/f4b6a5a0a2edf925d4a608324d63310b.php 第 321 行.
NOTIC: [8] Use of undefined constant para_list - assumed 'para_list' /var/www/html/bobo2/en/Home/Runtime/Cache/f4b6a5a0a2edf925d4a608324d63310b.php 第 329 行.
NOTIC: [8] Use of undefined constant para_list - assumed 'para_list' /var/www/html/bobo2/en/Home/Runtime/Cache/f4b6a5a0a2edf925d4a608324d63310b.php 第 329 行.
NOTIC: [8] A session had already been started - ignoring session_start() /var/www/html/bobo2/en/Home/Runtime/Cache/f4b6a5a0a2edf925d4a608324d63310b.php 第 334 行.
NOTIC: [8] Undefined index: bobo_pc_user_id /var/www/html/bobo2/en/Home/Runtime/Cache/f4b6a5a0a2edf925d4a608324d63310b.php 第 334 行.
NOTIC: [8] Use of undefined constant xqstatus - assumed 'xqstatus' /var/www/html/bobo2/en/Home/Runtime/Cache/f4b6a5a0a2edf925d4a608324d63310b.php 第 315 行.
NOTIC: [8] Use of undefined constant fmpicurl - assumed 'fmpicurl' /var/www/html/bobo2/en/Home/Runtime/Cache/f4b6a5a0a2edf925d4a608324d63310b.php 第 321 行.
NOTIC: [8] Use of undefined constant para_list - assumed 'para_list' /var/www/html/bobo2/en/Home/Runtime/Cache/f4b6a5a0a2edf925d4a608324d63310b.php 第 329 行.
NOTIC: [8] Use of undefined constant para_list - assumed 'para_list' /var/www/html/bobo2/en/Home/Runtime/Cache/f4b6a5a0a2edf925d4a608324d63310b.php 第 329 行.
NOTIC: [8] A session had already been started - ignoring session_start() /var/www/html/bobo2/en/Home/Runtime/Cache/f4b6a5a0a2edf925d4a608324d63310b.php 第 334 行.
NOTIC: [8] Undefined index: bobo_pc_user_id /var/www/html/bobo2/en/Home/Runtime/Cache/f4b6a5a0a2edf925d4a608324d63310b.php 第 334 行.
NOTIC: [8] Use of undefined constant xqstatus - assumed 'xqstatus' /var/www/html/bobo2/en/Home/Runtime/Cache/f4b6a5a0a2edf925d4a608324d63310b.php 第 315 行.
NOTIC: [8] Use of undefined constant fmpicurl - assumed 'fmpicurl' /var/www/html/bobo2/en/Home/Runtime/Cache/f4b6a5a0a2edf925d4a608324d63310b.php 第 321 行.
NOTIC: [8] Use of undefined constant para_list - assumed 'para_list' /var/www/html/bobo2/en/Home/Runtime/Cache/f4b6a5a0a2edf925d4a608324d63310b.php 第 329 行.
NOTIC: [8] Use of undefined constant para_list - assumed 'para_list' /var/www/html/bobo2/en/Home/Runtime/Cache/f4b6a5a0a2edf925d4a608324d63310b.php 第 329 行.
NOTIC: [8] A session had already been started - ignoring session_start() /var/www/html/bobo2/en/Home/Runtime/Cache/f4b6a5a0a2edf925d4a608324d63310b.php 第 334 行.
NOTIC: [8] Undefined index: bobo_pc_user_id /var/www/html/bobo2/en/Home/Runtime/Cache/f4b6a5a0a2edf925d4a608324d63310b.php 第 334 行.
NOTIC: [8] Use of undefined constant xqstatus - assumed 'xqstatus' /var/www/html/bobo2/en/Home/Runtime/Cache/f4b6a5a0a2edf925d4a608324d63310b.php 第 315 行.
NOTIC: [8] Use of undefined constant fmpicurl - assumed 'fmpicurl' /var/www/html/bobo2/en/Home/Runtime/Cache/f4b6a5a0a2edf925d4a608324d63310b.php 第 321 行.
NOTIC: [8] Use of undefined constant para_list - assumed 'para_list' /var/www/html/bobo2/en/Home/Runtime/Cache/f4b6a5a0a2edf925d4a608324d63310b.php 第 329 行.
NOTIC: [8] Use of undefined constant para_list - assumed 'para_list' /var/www/html/bobo2/en/Home/Runtime/Cache/f4b6a5a0a2edf925d4a608324d63310b.php 第 329 行.
NOTIC: [8] A session had already been started - ignoring session_start() /var/www/html/bobo2/en/Home/Runtime/Cache/f4b6a5a0a2edf925d4a608324d63310b.php 第 334 行.
NOTIC: [8] Undefined index: bobo_pc_user_id /var/www/html/bobo2/en/Home/Runtime/Cache/f4b6a5a0a2edf925d4a608324d63310b.php 第 334 行.
NOTIC: [8] Use of undefined constant xqstatus - assumed 'xqstatus' /var/www/html/bobo2/en/Home/Runtime/Cache/f4b6a5a0a2edf925d4a608324d63310b.php 第 315 行.
NOTIC: [8] Use of undefined constant fmpicurl - assumed 'fmpicurl' /var/www/html/bobo2/en/Home/Runtime/Cache/f4b6a5a0a2edf925d4a608324d63310b.php 第 321 行.
NOTIC: [8] Use of undefined constant para_list - assumed 'para_list' /var/www/html/bobo2/en/Home/Runtime/Cache/f4b6a5a0a2edf925d4a608324d63310b.php 第 329 行.
NOTIC: [8] Use of undefined constant para_list - assumed 'para_list' /var/www/html/bobo2/en/Home/Runtime/Cache/f4b6a5a0a2edf925d4a608324d63310b.php 第 329 行.
NOTIC: [8] A session had already been started - ignoring session_start() /var/www/html/bobo2/en/Home/Runtime/Cache/f4b6a5a0a2edf925d4a608324d63310b.php 第 334 行.
NOTIC: [8] Undefined index: bobo_pc_user_id /var/www/html/bobo2/en/Home/Runtime/Cache/f4b6a5a0a2edf925d4a608324d63310b.php 第 334 行.
NOTIC: [8] Use of undefined constant xqstatus - assumed 'xqstatus' /var/www/html/bobo2/en/Home/Runtime/Cache/f4b6a5a0a2edf925d4a608324d63310b.php 第 315 行.
NOTIC: [8] Use of undefined constant fmpicurl - assumed 'fmpicurl' /var/www/html/bobo2/en/Home/Runtime/Cache/f4b6a5a0a2edf925d4a608324d63310b.php 第 321 行.
NOTIC: [8] Use of undefined constant para_list - assumed 'para_list' /var/www/html/bobo2/en/Home/Runtime/Cache/f4b6a5a0a2edf925d4a608324d63310b.php 第 329 行.
NOTIC: [8] Use of undefined constant para_list - assumed 'para_list' /var/www/html/bobo2/en/Home/Runtime/Cache/f4b6a5a0a2edf925d4a608324d63310b.php 第 329 行.
NOTIC: [8] A session had already been started - ignoring session_start() /var/www/html/bobo2/en/Home/Runtime/Cache/f4b6a5a0a2edf925d4a608324d63310b.php 第 334 行.
NOTIC: [8] Undefined index: bobo_pc_user_id /var/www/html/bobo2/en/Home/Runtime/Cache/f4b6a5a0a2edf925d4a608324d63310b.php 第 334 行.
NOTIC: [8] Use of undefined constant xqstatus - assumed 'xqstatus' /var/www/html/bobo2/en/Home/Runtime/Cache/f4b6a5a0a2edf925d4a608324d63310b.php 第 315 行.
NOTIC: [8] Use of undefined constant fmpicurl - assumed 'fmpicurl' /var/www/html/bobo2/en/Home/Runtime/Cache/f4b6a5a0a2edf925d4a608324d63310b.php 第 321 行.
NOTIC: [8] Use of undefined constant para_list - assumed 'para_list' /var/www/html/bobo2/en/Home/Runtime/Cache/f4b6a5a0a2edf925d4a608324d63310b.php 第 329 行.
NOTIC: [8] Use of undefined constant para_list - assumed 'para_list' /var/www/html/bobo2/en/Home/Runtime/Cache/f4b6a5a0a2edf925d4a608324d63310b.php 第 329 行.
NOTIC: [8] A session had already been started - ignoring session_start() /var/www/html/bobo2/en/Home/Runtime/Cache/f4b6a5a0a2edf925d4a608324d63310b.php 第 334 行.
NOTIC: [8] Undefined index: bobo_pc_user_id /var/www/html/bobo2/en/Home/Runtime/Cache/f4b6a5a0a2edf925d4a608324d63310b.php 第 334 行.
NOTIC: [8] Use of undefined constant xqstatus - assumed 'xqstatus' /var/www/html/bobo2/en/Home/Runtime/Cache/f4b6a5a0a2edf925d4a608324d63310b.php 第 315 行.
NOTIC: [8] Use of undefined constant fmpicurl - assumed 'fmpicurl' /var/www/html/bobo2/en/Home/Runtime/Cache/f4b6a5a0a2edf925d4a608324d63310b.php 第 321 行.
NOTIC: [8] Use of undefined constant para_list - assumed 'para_list' /var/www/html/bobo2/en/Home/Runtime/Cache/f4b6a5a0a2edf925d4a608324d63310b.php 第 329 行.
NOTIC: [8] Use of undefined constant para_list - assumed 'para_list' /var/www/html/bobo2/en/Home/Runtime/Cache/f4b6a5a0a2edf925d4a608324d63310b.php 第 329 行.
NOTIC: [8] A session had already been started - ignoring session_start() /var/www/html/bobo2/en/Home/Runtime/Cache/f4b6a5a0a2edf925d4a608324d63310b.php 第 334 行.
NOTIC: [8] Undefined index: bobo_pc_user_id /var/www/html/bobo2/en/Home/Runtime/Cache/f4b6a5a0a2edf925d4a608324d63310b.php 第 334 行.
NOTIC: [8] Use of undefined constant xqstatus - assumed 'xqstatus' /var/www/html/bobo2/en/Home/Runtime/Cache/f4b6a5a0a2edf925d4a608324d63310b.php 第 315 行.
NOTIC: [8] Use of undefined constant fmpicurl - assumed 'fmpicurl' /var/www/html/bobo2/en/Home/Runtime/Cache/f4b6a5a0a2edf925d4a608324d63310b.php 第 321 行.
NOTIC: [8] Use of undefined constant para_list - assumed 'para_list' /var/www/html/bobo2/en/Home/Runtime/Cache/f4b6a5a0a2edf925d4a608324d63310b.php 第 329 行.
NOTIC: [8] Use of undefined constant para_list - assumed 'para_list' /var/www/html/bobo2/en/Home/Runtime/Cache/f4b6a5a0a2edf925d4a608324d63310b.php 第 329 行.
NOTIC: [8] A session had already been started - ignoring session_start() /var/www/html/bobo2/en/Home/Runtime/Cache/f4b6a5a0a2edf925d4a608324d63310b.php 第 334 行.
NOTIC: [8] Undefined index: bobo_pc_user_id /var/www/html/bobo2/en/Home/Runtime/Cache/f4b6a5a0a2edf925d4a608324d63310b.php 第 334 行.
NOTIC: [8] Use of undefined constant xqstatus - assumed 'xqstatus' /var/www/html/bobo2/en/Home/Runtime/Cache/f4b6a5a0a2edf925d4a608324d63310b.php 第 315 行.
NOTIC: [8] Use of undefined constant fmpicurl - assumed 'fmpicurl' /var/www/html/bobo2/en/Home/Runtime/Cache/f4b6a5a0a2edf925d4a608324d63310b.php 第 321 行.
NOTIC: [8] Use of undefined constant para_list - assumed 'para_list' /var/www/html/bobo2/en/Home/Runtime/Cache/f4b6a5a0a2edf925d4a608324d63310b.php 第 329 行.
NOTIC: [8] Use of undefined constant para_list - assumed 'para_list' /var/www/html/bobo2/en/Home/Runtime/Cache/f4b6a5a0a2edf925d4a608324d63310b.php 第 329 行.
NOTIC: [8] A session had already been started - ignoring session_start() /var/www/html/bobo2/en/Home/Runtime/Cache/f4b6a5a0a2edf925d4a608324d63310b.php 第 334 行.
NOTIC: [8] Undefined index: bobo_pc_user_id /var/www/html/bobo2/en/Home/Runtime/Cache/f4b6a5a0a2edf925d4a608324d63310b.php 第 334 行.
NOTIC: [8] Use of undefined constant xqstatus - assumed 'xqstatus' /var/www/html/bobo2/en/Home/Runtime/Cache/f4b6a5a0a2edf925d4a608324d63310b.php 第 315 行.
NOTIC: [8] Use of undefined constant fmpicurl - assumed 'fmpicurl' /var/www/html/bobo2/en/Home/Runtime/Cache/f4b6a5a0a2edf925d4a608324d63310b.php 第 321 行.
NOTIC: [8] A session had already been started - ignoring session_start() /var/www/html/bobo2/en/Home/Runtime/Cache/f4b6a5a0a2edf925d4a608324d63310b.php 第 334 行.
NOTIC: [8] Undefined index: bobo_pc_user_id /var/www/html/bobo2/en/Home/Runtime/Cache/f4b6a5a0a2edf925d4a608324d63310b.php 第 334 行.
NOTIC: [8] Use of undefined constant xqstatus - assumed 'xqstatus' /var/www/html/bobo2/en/Home/Runtime/Cache/f4b6a5a0a2edf925d4a608324d63310b.php 第 315 行.
NOTIC: [8] Use of undefined constant fmpicurl - assumed 'fmpicurl' /var/www/html/bobo2/en/Home/Runtime/Cache/f4b6a5a0a2edf925d4a608324d63310b.php 第 321 行.
NOTIC: [8] Use of undefined constant para_list - assumed 'para_list' /var/www/html/bobo2/en/Home/Runtime/Cache/f4b6a5a0a2edf925d4a608324d63310b.php 第 329 行.
NOTIC: [8] Use of undefined constant para_list - assumed 'para_list' /var/www/html/bobo2/en/Home/Runtime/Cache/f4b6a5a0a2edf925d4a608324d63310b.php 第 329 行.
NOTIC: [8] A session had already been started - ignoring session_start() /var/www/html/bobo2/en/Home/Runtime/Cache/f4b6a5a0a2edf925d4a608324d63310b.php 第 334 行.
NOTIC: [8] Undefined index: bobo_pc_user_id /var/www/html/bobo2/en/Home/Runtime/Cache/f4b6a5a0a2edf925d4a608324d63310b.php 第 334 行.
NOTIC: [8] Use of undefined constant xqstatus - assumed 'xqstatus' /var/www/html/bobo2/en/Home/Runtime/Cache/f4b6a5a0a2edf925d4a608324d63310b.php 第 315 行.
NOTIC: [8] Use of undefined constant fmpicurl - assumed 'fmpicurl' /var/www/html/bobo2/en/Home/Runtime/Cache/f4b6a5a0a2edf925d4a608324d63310b.php 第 321 行.
NOTIC: [8] Use of undefined constant para_list - assumed 'para_list' /var/www/html/bobo2/en/Home/Runtime/Cache/f4b6a5a0a2edf925d4a608324d63310b.php 第 329 行.
NOTIC: [8] Use of undefined constant para_list - assumed 'para_list' /var/www/html/bobo2/en/Home/Runtime/Cache/f4b6a5a0a2edf925d4a608324d63310b.php 第 329 行.
NOTIC: [8] A session had already been started - ignoring session_start() /var/www/html/bobo2/en/Home/Runtime/Cache/f4b6a5a0a2edf925d4a608324d63310b.php 第 334 行.
NOTIC: [8] Undefined index: bobo_pc_user_id /var/www/html/bobo2/en/Home/Runtime/Cache/f4b6a5a0a2edf925d4a608324d63310b.php 第 334 行.
INFO: Run ParseTemplate Behavior [ RunTime:0.120332s ]
INFO: [ view_parse ] --END-- [ RunTime:0.120409s ]
INFO: [ view_filter ] --START--
INFO: Run ContentReplace Behavior [ RunTime:0.001525s ]
INFO: Run TokenBuild Behavior [ RunTime:0.001084s ]
INFO: Run WriteHtmlCache Behavior [ RunTime:0.001144s ]
INFO: Run ShowRuntime Behavior [ RunTime:0.001313s ]
INFO: [ view_filter ] --END-- [ RunTime:0.005299s ]
INFO: [ view_end ] --START--
INFO: Run ShowPageTrace Behavior [ RunTime:0.001442s ]
INFO: [ view_end ] --END-- [ RunTime:0.001503s ]

[ 2016-09-07T19:11:59+08:00 ] 220.181.108.107 /bobo2/en/index.php/Product/product_details/catid/15/pid/56/ppid/68
INFO: [ route_check ] --START--
INFO: Run CheckRoute Behavior [ RunTime:0.000578s ]
INFO: [ route_check ] --END-- [ RunTime:0.000658s ]
INFO: [ app_begin ] --START--
INFO: Run ReadHtmlCache Behavior [ RunTime:0.000357s ]
INFO: [ app_begin ] --END-- [ RunTime:0.000416s ]
SQL: SHOW COLUMNS FROM `en_product` [ RunTime:0.027164s ]
SQL: SHOW COLUMNS FROM `en_category` [ RunTime:0.000650s ]
SQL: SHOW COLUMNS FROM `en_linkage` [ RunTime:0.000511s ]
SQL: SHOW COLUMNS FROM `en_parameter` [ RunTime:0.000530s ]
SQL: SHOW COLUMNS FROM `en_collect` [ RunTime:0.000479s ]
SQL: SHOW COLUMNS FROM `en_content` [ RunTime:0.000658s ]
SQL: SHOW COLUMNS FROM `en_page` [ RunTime:0.000475s ]
SQL: SELECT * FROM `en_page` WHERE ( `catid` = 29 ) LIMIT 1   [ RunTime:0.000238s ]
SQL: SELECT `id`,`catid`,`title`,`headerpic` FROM `en_content` WHERE ( catid=23 and (status=2 or status=3) ) ORDER BY conorder desc,id desc LIMIT 8   [ RunTime:0.000470s ]
SQL: SELECT `id`,`catid`,`title`,`headerpic` FROM `en_content` WHERE ( catid=24 and (status=2 or status=3) ) ORDER BY conorder desc,id desc LIMIT 8   [ RunTime:0.000373s ]
SQL: SELECT `id`,`catid`,`title`,`headerpic` FROM `en_content` WHERE ( catid=25 and (status=2 or status=3) ) ORDER BY conorder desc,id desc LIMIT 8   [ RunTime:0.000380s ]
SQL: SHOW COLUMNS FROM `en_site` [ RunTime:0.000409s ]
SQL: SELECT * FROM `en_site` WHERE ( siteid=1 ) LIMIT 1   [ RunTime:0.000208s ]
SQL: SELECT a.xqstatus,a.title,a.picurlpc,a.catid,a.id,b.id as ppid FROM en_product_price b,en_product a WHERE ( a.posid=1 and a.status=1 and  a.id=b.pid ) ORDER BY a.listorder desc,id desc LIMIT 8   [ RunTime:0.000628s ]
SQL: SHOW COLUMNS FROM `en_video` [ RunTime:0.000591s ]
SQL: SELECT `vtitle`,`headerpic`,`catid` FROM `en_video` WHERE ( catid=26 and (status=2 or status=3) ) ORDER BY listorder desc,vid desc LIMIT 8   [ RunTime:0.000277s ]
SQL: SELECT `vtitle`,`headerpic`,`catid` FROM `en_video` WHERE ( catid=27 and (status=2 or status=3) ) ORDER BY listorder desc,vid desc LIMIT 8   [ RunTime:0.000272s ]
SQL: SELECT `catid`,`catname`,`caturl` FROM `en_category` WHERE ( `catid` IN ('14','15','16','17','18','19','20','21') ) ORDER BY listorder desc,catid desc  [ RunTime:0.000224s ]
NOTIC: [8] Undefined variable: category_list /var/www/html/bobo2/en/Home/Lib/Action/CommonAction.class.php 第 28 行.
NOTIC: [8] Undefined index: bobo_pc_user_id /var/www/html/bobo2/en/Home/Lib/Action/ProductAction.class.php 第 379 行.
SQL: SELECT en_product.picurlpc,en_product.title,en_product.colorlist,a.price,a.capacity,en_product.id as pid,en_product.catid,a.id FROM `en_product` left join en_product_price a on en_product.id=a.pid WHERE ( en_product.catid=15  and en_product.status=1  ) ORDER BY en_product.listorder desc,en_product.id desc LIMIT 6   [ RunTime:0.000901s ]
SQL: SELECT `colorname`,`name` FROM `en_parameter` WHERE ( `id` IN ('13','13','13') ) AND ( `status` = 1 )  [ RunTime:0.000293s ]
SQL: SELECT `colorname`,`name` FROM `en_parameter` WHERE ( `id` IN ('12') ) AND ( `status` = 1 )  [ RunTime:0.000179s ]
SQL: SELECT `colorname`,`name` FROM `en_parameter` WHERE ( `id` IN ('12') ) AND ( `status` = 1 )  [ RunTime:0.000154s ]
SQL: SELECT `colorname`,`name` FROM `en_parameter` WHERE ( `id` IN ('1','12') ) AND ( `status` = 1 )  [ RunTime:0.000175s ]
SQL: SELECT `colorname`,`name` FROM `en_parameter` WHERE ( `id` IN ('1','6','12','4') ) AND ( `status` = 1 )  [ RunTime:0.000185s ]
SQL: SELECT `colorname`,`name` FROM `en_parameter` WHERE ( `id` IN ('1','6','12','4') ) AND ( `status` = 1 )  [ RunTime:0.000173s ]
SQL: SELECT `catname` FROM `en_category` WHERE ( catid=15 ) LIMIT 1   [ RunTime:0.000175s ]
SQL: SELECT en_product.xqstatus,en_product.content,en_product.picurlpcall,en_product.title,en_product.colorlist,a.price,c.id as colid,a.id as ppid FROM `en_product` left join en_product_price a on en_product.id=a.pid left join en_collect c on a.id=c.ppid WHERE ( en_product.catid=15 and en_product.id=56 and en_product.status=1 and a.id=68 ) LIMIT 1   [ RunTime:0.001653s ]
SQL: SELECT `colorname`,`name` FROM `en_parameter` WHERE ( `id` IN ('1','6','12','4','7','12','7','12') ) AND ( `status` = 1 ) ORDER BY field (id,1,6,12,4,7,12,7,12)  [ RunTime:0.000230s ]
NOTIC: [8] Undefined variable: link_list /var/www/html/bobo2/en/Home/Lib/Action/ProductAction.class.php 第 428 行.
INFO: [ view_template ] --START--
INFO: Run LocationTemplate Behavior [ RunTime:0.000305s ]
INFO: [ view_template ] --END-- [ RunTime:0.000367s ]
INFO: [ view_parse ] --START--
NOTIC: [8] A session had already been started - ignoring session_start() /var/www/html/bobo2/en/Home/Runtime/Cache/22da7317198283eab56d8e78bc060a88.php 第 78 行.
NOTIC: [8] Undefined index: bobo_pc_user_id /var/www/html/bobo2/en/Home/Runtime/Cache/22da7317198283eab56d8e78bc060a88.php 第 78 行.
NOTIC: [8] Undefined index: bobo_pc_user_id /var/www/html/bobo2/en/Home/Runtime/Cache/22da7317198283eab56d8e78bc060a88.php 第 85 行.
NOTIC: [8] Undefined index: bobo_pc_user_name /var/www/html/bobo2/en/Home/Runtime/Cache/22da7317198283eab56d8e78bc060a88.php 第 85 行.
NOTIC: [8] Undefined variable: k /var/www/html/bobo2/en/Home/Runtime/Cache/22da7317198283eab56d8e78bc060a88.php 第 112 行.
NOTIC: [8] Use of undefined constant catid - assumed 'catid' /var/www/html/bobo2/en/Home/Runtime/Cache/22da7317198283eab56d8e78bc060a88.php 第 115 行.
NOTIC: [8] Use of undefined constant id - assumed 'id' /var/www/html/bobo2/en/Home/Runtime/Cache/22da7317198283eab56d8e78bc060a88.php 第 115 行.
NOTIC: [8] Use of undefined constant catid - assumed 'catid' /var/www/html/bobo2/en/Home/Runtime/Cache/22da7317198283eab56d8e78bc060a88.php 第 115 行.
NOTIC: [8] Use of undefined constant id - assumed 'id' /var/www/html/bobo2/en/Home/Runtime/Cache/22da7317198283eab56d8e78bc060a88.php 第 115 行.
NOTIC: [8] Use of undefined constant catid - assumed 'catid' /var/www/html/bobo2/en/Home/Runtime/Cache/22da7317198283eab56d8e78bc060a88.php 第 115 行.
NOTIC: [8] Use of undefined constant id - assumed 'id' /var/www/html/bobo2/en/Home/Runtime/Cache/22da7317198283eab56d8e78bc060a88.php 第 115 行.
NOTIC: [8] Use of undefined constant catid - assumed 'catid' /var/www/html/bobo2/en/Home/Runtime/Cache/22da7317198283eab56d8e78bc060a88.php 第 115 行.
NOTIC: [8] Use of undefined constant id - assumed 'id' /var/www/html/bobo2/en/Home/Runtime/Cache/22da7317198283eab56d8e78bc060a88.php 第 115 行.
NOTIC: [8] Use of undefined constant catid - assumed 'catid' /var/www/html/bobo2/en/Home/Runtime/Cache/22da7317198283eab56d8e78bc060a88.php 第 115 行.
NOTIC: [8] Use of undefined constant id - assumed 'id' /var/www/html/bobo2/en/Home/Runtime/Cache/22da7317198283eab56d8e78bc060a88.php 第 115 行.
NOTIC: [8] Use of undefined constant catid - assumed 'catid' /var/www/html/bobo2/en/Home/Runtime/Cache/22da7317198283eab56d8e78bc060a88.php 第 115 行.
NOTIC: [8] Use of undefined constant id - assumed 'id' /var/www/html/bobo2/en/Home/Runtime/Cache/22da7317198283eab56d8e78bc060a88.php 第 115 行.
NOTIC: [8] Use of undefined constant catid - assumed 'catid' /var/www/html/bobo2/en/Home/Runtime/Cache/22da7317198283eab56d8e78bc060a88.php 第 115 行.
NOTIC: [8] Use of undefined constant id - assumed 'id' /var/www/html/bobo2/en/Home/Runtime/Cache/22da7317198283eab56d8e78bc060a88.php 第 115 行.
NOTIC: [8] Use of undefined constant catid - assumed 'catid' /var/www/html/bobo2/en/Home/Runtime/Cache/22da7317198283eab56d8e78bc060a88.php 第 115 行.
NOTIC: [8] Use of undefined constant id - assumed 'id' /var/www/html/bobo2/en/Home/Runtime/Cache/22da7317198283eab56d8e78bc060a88.php 第 115 行.
NOTIC: [8] Use of undefined constant catid - assumed 'catid' /var/www/html/bobo2/en/Home/Runtime/Cache/22da7317198283eab56d8e78bc060a88.php 第 118 行.
NOTIC: [8] Use of undefined constant id - assumed 'id' /var/www/html/bobo2/en/Home/Runtime/Cache/22da7317198283eab56d8e78bc060a88.php 第 118 行.
NOTIC: [8] Use of undefined constant catid - assumed 'catid' /var/www/html/bobo2/en/Home/Runtime/Cache/22da7317198283eab56d8e78bc060a88.php 第 118 行.
NOTIC: [8] Use of undefined constant id - assumed 'id' /var/www/html/bobo2/en/Home/Runtime/Cache/22da7317198283eab56d8e78bc060a88.php 第 118 行.
NOTIC: [8] Use of undefined constant catid - assumed 'catid' /var/www/html/bobo2/en/Home/Runtime/Cache/22da7317198283eab56d8e78bc060a88.php 第 118 行.
NOTIC: [8] Use of undefined constant id - assumed 'id' /var/www/html/bobo2/en/Home/Runtime/Cache/22da7317198283eab56d8e78bc060a88.php 第 118 行.
NOTIC: [8] Use of undefined constant catid - assumed 'catid' /var/www/html/bobo2/en/Home/Runtime/Cache/22da7317198283eab56d8e78bc060a88.php 第 118 行.
NOTIC: [8] Use of undefined constant id - assumed 'id' /var/www/html/bobo2/en/Home/Runtime/Cache/22da7317198283eab56d8e78bc060a88.php 第 118 行.
NOTIC: [8] Use of undefined constant catid - assumed 'catid' /var/www/html/bobo2/en/Home/Runtime/Cache/22da7317198283eab56d8e78bc060a88.php 第 121 行.
NOTIC: [8] Use of undefined constant id - assumed 'id' /var/www/html/bobo2/en/Home/Runtime/Cache/22da7317198283eab56d8e78bc060a88.php 第 121 行.
NOTIC: [8] Use of undefined constant catid - assumed 'catid' /var/www/html/bobo2/en/Home/Runtime/Cache/22da7317198283eab56d8e78bc060a88.php 第 146 行.
NOTIC: [8] Use of undefined constant id - assumed 'id' /var/www/html/bobo2/en/Home/Runtime/Cache/22da7317198283eab56d8e78bc060a88.php 第 146 行.
NOTIC: [8] Use of undefined constant ppid - assumed 'ppid' /var/www/html/bobo2/en/Home/Runtime/Cache/22da7317198283eab56d8e78bc060a88.php 第 146 行.
NOTIC: [8] Use of undefined constant catid - assumed 'catid' /var/www/html/bobo2/en/Home/Runtime/Cache/22da7317198283eab56d8e78bc060a88.php 第 146 行.
NOTIC: [8] Use of undefined constant id - assumed 'id' /var/www/html/bobo2/en/Home/Runtime/Cache/22da7317198283eab56d8e78bc060a88.php 第 146 行.
NOTIC: [8] Use of undefined constant ppid - assumed 'ppid' /var/www/html/bobo2/en/Home/Runtime/Cache/22da7317198283eab56d8e78bc060a88.php 第 146 行.
NOTIC: [8] Use of undefined constant catid - assumed 'catid' /var/www/html/bobo2/en/Home/Runtime/Cache/22da7317198283eab56d8e78bc060a88.php 第 146 行.
NOTIC: [8] Use of undefined constant id - assumed 'id' /var/www/html/bobo2/en/Home/Runtime/Cache/22da7317198283eab56d8e78bc060a88.php 第 146 行.
NOTIC: [8] Use of undefined constant ppid - assumed 'ppid' /var/www/html/bobo2/en/Home/Runtime/Cache/22da7317198283eab56d8e78bc060a88.php 第 146 行.
NOTIC: [8] Use of undefined constant catid - assumed 'catid' /var/www/html/bobo2/en/Home/Runtime/Cache/22da7317198283eab56d8e78bc060a88.php 第 146 行.
NOTIC: [8] Use of undefined constant id - assumed 'id' /var/www/html/bobo2/en/Home/Runtime/Cache/22da7317198283eab56d8e78bc060a88.php 第 146 行.
NOTIC: [8] Use of undefined constant ppid - assumed 'ppid' /var/www/html/bobo2/en/Home/Runtime/Cache/22da7317198283eab56d8e78bc060a88.php 第 146 行.
NOTIC: [8] Use of undefined constant catid - assumed 'catid' /var/www/html/bobo2/en/Home/Runtime/Cache/22da7317198283eab56d8e78bc060a88.php 第 146 行.
NOTIC: [8] Use of undefined constant id - assumed 'id' /var/www/html/bobo2/en/Home/Runtime/Cache/22da7317198283eab56d8e78bc060a88.php 第 146 行.
NOTIC: [8] Use of undefined constant ppid - assumed 'ppid' /var/www/html/bobo2/en/Home/Runtime/Cache/22da7317198283eab56d8e78bc060a88.php 第 146 行.
NOTIC: [8] Use of undefined constant catid - assumed 'catid' /var/www/html/bobo2/en/Home/Runtime/Cache/22da7317198283eab56d8e78bc060a88.php 第 146 行.
NOTIC: [8] Use of undefined constant id - assumed 'id' /var/www/html/bobo2/en/Home/Runtime/Cache/22da7317198283eab56d8e78bc060a88.php 第 146 行.
NOTIC: [8] Use of undefined constant ppid - assumed 'ppid' /var/www/html/bobo2/en/Home/Runtime/Cache/22da7317198283eab56d8e78bc060a88.php 第 146 行.
NOTIC: [8] Use of undefined constant catid - assumed 'catid' /var/www/html/bobo2/en/Home/Runtime/Cache/22da7317198283eab56d8e78bc060a88.php 第 146 行.
NOTIC: [8] Use of undefined constant id - assumed 'id' /var/www/html/bobo2/en/Home/Runtime/Cache/22da7317198283eab56d8e78bc060a88.php 第 146 行.
NOTIC: [8] Use of undefined constant ppid - assumed 'ppid' /var/www/html/bobo2/en/Home/Runtime/Cache/22da7317198283eab56d8e78bc060a88.php 第 146 行.
NOTIC: [8] Use of undefined constant catid - assumed 'catid' /var/www/html/bobo2/en/Home/Runtime/Cache/22da7317198283eab56d8e78bc060a88.php 第 146 行.
NOTIC: [8] Use of undefined constant id - assumed 'id' /var/www/html/bobo2/en/Home/Runtime/Cache/22da7317198283eab56d8e78bc060a88.php 第 146 行.
NOTIC: [8] Use of undefined constant ppid - assumed 'ppid' /var/www/html/bobo2/en/Home/Runtime/Cache/22da7317198283eab56d8e78bc060a88.php 第 146 行.
NOTIC: [8] Use of undefined constant catid - assumed 'catid' /var/www/html/bobo2/en/Home/Runtime/Cache/22da7317198283eab56d8e78bc060a88.php 第 150 行.
NOTIC: [8] Use of undefined constant catid - assumed 'catid' /var/www/html/bobo2/en/Home/Runtime/Cache/22da7317198283eab56d8e78bc060a88.php 第 150 行.
NOTIC: [8] Use of undefined constant catid - assumed 'catid' /var/www/html/bobo2/en/Home/Runtime/Cache/22da7317198283eab56d8e78bc060a88.php 第 150 行.
NOTIC: [8] Use of undefined constant catid - assumed 'catid' /var/www/html/bobo2/en/Home/Runtime/Cache/22da7317198283eab56d8e78bc060a88.php 第 150 行.
NOTIC: [8] Use of undefined constant catid - assumed 'catid' /var/www/html/bobo2/en/Home/Runtime/Cache/22da7317198283eab56d8e78bc060a88.php 第 150 行.
NOTIC: [8] Use of undefined constant catid - assumed 'catid' /var/www/html/bobo2/en/Home/Runtime/Cache/22da7317198283eab56d8e78bc060a88.php 第 150 行.
NOTIC: [8] Use of undefined constant catid - assumed 'catid' /var/www/html/bobo2/en/Home/Runtime/Cache/22da7317198283eab56d8e78bc060a88.php 第 150 行.
NOTIC: [8] Use of undefined constant catid - assumed 'catid' /var/www/html/bobo2/en/Home/Runtime/Cache/22da7317198283eab56d8e78bc060a88.php 第 150 行.
NOTIC: [8] Use of undefined constant catid - assumed 'catid' /var/www/html/bobo2/en/Home/Runtime/Cache/22da7317198283eab56d8e78bc060a88.php 第 154 行.
NOTIC: [8] Use of undefined constant catid - assumed 'catid' /var/www/html/bobo2/en/Home/Runtime/Cache/22da7317198283eab56d8e78bc060a88.php 第 154 行.
NOTIC: [8] Use of undefined constant catid - assumed 'catid' /var/www/html/bobo2/en/Home/Runtime/Cache/22da7317198283eab56d8e78bc060a88.php 第 154 行.
NOTIC: [8] Use of undefined constant catid - assumed 'catid' /var/www/html/bobo2/en/Home/Runtime/Cache/22da7317198283eab56d8e78bc060a88.php 第 154 行.
NOTIC: [8] Use of undefined constant catid - assumed 'catid' /var/www/html/bobo2/en/Home/Runtime/Cache/22da7317198283eab56d8e78bc060a88.php 第 154 行.
NOTIC: [8] Use of undefined constant catid - assumed 'catid' /var/www/html/bobo2/en/Home/Runtime/Cache/22da7317198283eab56d8e78bc060a88.php 第 154 行.
NOTIC: [8] Use of undefined constant catid - assumed 'catid' /var/www/html/bobo2/en/Home/Runtime/Cache/22da7317198283eab56d8e78bc060a88.php 第 154 行.
NOTIC: [8] Use of undefined constant catid - assumed 'catid' /var/www/html/bobo2/en/Home/Runtime/Cache/22da7317198283eab56d8e78bc060a88.php 第 157 行.
NOTIC: [8] Use of undefined constant catid - assumed 'catid' /var/www/html/bobo2/en/Home/Runtime/Cache/22da7317198283eab56d8e78bc060a88.php 第 157 行.
NOTIC: [8] Use of undefined constant catid - assumed 'catid' /var/www/html/bobo2/en/Home/Runtime/Cache/22da7317198283eab56d8e78bc060a88.php 第 157 行.
NOTIC: [8] Use of undefined constant catid - assumed 'catid' /var/www/html/bobo2/en/Home/Runtime/Cache/22da7317198283eab56d8e78bc060a88.php 第 157 行.
NOTIC: [8] Use of undefined constant catid - assumed 'catid' /var/www/html/bobo2/en/Home/Runtime/Cache/22da7317198283eab56d8e78bc060a88.php 第 157 行.
NOTIC: [8] Use of undefined constant catid - assumed 'catid' /var/www/html/bobo2/en/Home/Runtime/Cache/22da7317198283eab56d8e78bc060a88.php 第 157 行.
NOTIC: [8] Use of undefined constant catid - assumed 'catid' /var/www/html/bobo2/en/Home/Runtime/Cache/22da7317198283eab56d8e78bc060a88.php 第 157 行.
NOTIC: [8] Use of undefined constant catid - assumed 'catid' /var/www/html/bobo2/en/Home/Runtime/Cache/22da7317198283eab56d8e78bc060a88.php 第 157 行.
NOTIC: [8] Use of undefined constant catid - assumed 'catid' /var/www/html/bobo2/en/Home/Runtime/Cache/22da7317198283eab56d8e78bc060a88.php 第 180 行.
NOTIC: [8] Use of undefined constant id - assumed 'id' /var/www/html/bobo2/en/Home/Runtime/Cache/22da7317198283eab56d8e78bc060a88.php 第 180 行.
NOTIC: [8] Use of undefined constant ppid - assumed 'ppid' /var/www/html/bobo2/en/Home/Runtime/Cache/22da7317198283eab56d8e78bc060a88.php 第 180 行.
NOTIC: [8] Use of undefined constant catid - assumed 'catid' /var/www/html/bobo2/en/Home/Runtime/Cache/22da7317198283eab56d8e78bc060a88.php 第 180 行.
NOTIC: [8] Use of undefined constant id - assumed 'id' /var/www/html/bobo2/en/Home/Runtime/Cache/22da7317198283eab56d8e78bc060a88.php 第 180 行.
NOTIC: [8] Use of undefined constant ppid - assumed 'ppid' /var/www/html/bobo2/en/Home/Runtime/Cache/22da7317198283eab56d8e78bc060a88.php 第 180 行.
NOTIC: [8] Use of undefined constant catid - assumed 'catid' /var/www/html/bobo2/en/Home/Runtime/Cache/22da7317198283eab56d8e78bc060a88.php 第 180 行.
NOTIC: [8] Use of undefined constant id - assumed 'id' /var/www/html/bobo2/en/Home/Runtime/Cache/22da7317198283eab56d8e78bc060a88.php 第 180 行.
NOTIC: [8] Use of undefined constant ppid - assumed 'ppid' /var/www/html/bobo2/en/Home/Runtime/Cache/22da7317198283eab56d8e78bc060a88.php 第 180 行.
NOTIC: [8] Use of undefined constant catid - assumed 'catid' /var/www/html/bobo2/en/Home/Runtime/Cache/22da7317198283eab56d8e78bc060a88.php 第 180 行.
NOTIC: [8] Use of undefined constant id - assumed 'id' /var/www/html/bobo2/en/Home/Runtime/Cache/22da7317198283eab56d8e78bc060a88.php 第 180 行.
NOTIC: [8] Use of undefined constant ppid - assumed 'ppid' /var/www/html/bobo2/en/Home/Runtime/Cache/22da7317198283eab56d8e78bc060a88.php 第 180 行.
NOTIC: [8] Use of undefined constant catid - assumed 'catid' /var/www/html/bobo2/en/Home/Runtime/Cache/22da7317198283eab56d8e78bc060a88.php 第 180 行.
NOTIC: [8] Use of undefined constant id - assumed 'id' /var/www/html/bobo2/en/Home/Runtime/Cache/22da7317198283eab56d8e78bc060a88.php 第 180 行.
NOTIC: [8] Use of undefined constant ppid - assumed 'ppid' /var/www/html/bobo2/en/Home/Runtime/Cache/22da7317198283eab56d8e78bc060a88.php 第 180 行.
NOTIC: [8] Use of undefined constant catid - assumed 'catid' /var/www/html/bobo2/en/Home/Runtime/Cache/22da7317198283eab56d8e78bc060a88.php 第 180 行.
NOTIC: [8] Use of undefined constant id - assumed 'id' /var/www/html/bobo2/en/Home/Runtime/Cache/22da7317198283eab56d8e78bc060a88.php 第 180 行.
NOTIC: [8] Use of undefined constant ppid - assumed 'ppid' /var/www/html/bobo2/en/Home/Runtime/Cache/22da7317198283eab56d8e78bc060a88.php 第 180 行.
NOTIC: [8] Use of undefined constant catid - assumed 'catid' /var/www/html/bobo2/en/Home/Runtime/Cache/22da7317198283eab56d8e78bc060a88.php 第 180 行.
NOTIC: [8] Use of undefined constant id - assumed 'id' /var/www/html/bobo2/en/Home/Runtime/Cache/22da7317198283eab56d8e78bc060a88.php 第 180 行.
NOTIC: [8] Use of undefined constant ppid - assumed 'ppid' /var/www/html/bobo2/en/Home/Runtime/Cache/22da7317198283eab56d8e78bc060a88.php 第 180 行.
NOTIC: [8] Use of undefined constant catid - assumed 'catid' /var/www/html/bobo2/en/Home/Runtime/Cache/22da7317198283eab56d8e78bc060a88.php 第 180 行.
NOTIC: [8] Use of undefined constant id - assumed 'id' /var/www/html/bobo2/en/Home/Runtime/Cache/22da7317198283eab56d8e78bc060a88.php 第 180 行.
NOTIC: [8] Use of undefined constant ppid - assumed 'ppid' /var/www/html/bobo2/en/Home/Runtime/Cache/22da7317198283eab56d8e78bc060a88.php 第 180 行.
NOTIC: [8] Use of undefined constant catid - assumed 'catid' /var/www/html/bobo2/en/Home/Runtime/Cache/22da7317198283eab56d8e78bc060a88.php 第 184 行.
NOTIC: [8] Use of undefined constant catid - assumed 'catid' /var/www/html/bobo2/en/Home/Runtime/Cache/22da7317198283eab56d8e78bc060a88.php 第 184 行.
NOTIC: [8] Use of undefined constant catid - assumed 'catid' /var/www/html/bobo2/en/Home/Runtime/Cache/22da7317198283eab56d8e78bc060a88.php 第 184 行.
NOTIC: [8] Use of undefined constant catid - assumed 'catid' /var/www/html/bobo2/en/Home/Runtime/Cache/22da7317198283eab56d8e78bc060a88.php 第 184 行.
NOTIC: [8] Use of undefined constant catid - assumed 'catid' /var/www/html/bobo2/en/Home/Runtime/Cache/22da7317198283eab56d8e78bc060a88.php 第 184 行.
NOTIC: [8] Use of undefined constant catid - assumed 'catid' /var/www/html/bobo2/en/Home/Runtime/Cache/22da7317198283eab56d8e78bc060a88.php 第 184 行.
NOTIC: [8] Use of undefined constant catid - assumed 'catid' /var/www/html/bobo2/en/Home/Runtime/Cache/22da7317198283eab56d8e78bc060a88.php 第 184 行.
NOTIC: [8] Use of undefined constant catid - assumed 'catid' /var/www/html/bobo2/en/Home/Runtime/Cache/22da7317198283eab56d8e78bc060a88.php 第 184 行.
NOTIC: [8] Use of undefined constant catid - assumed 'catid' /var/www/html/bobo2/en/Home/Runtime/Cache/22da7317198283eab56d8e78bc060a88.php 第 188 行.
NOTIC: [8] Use of undefined constant catid - assumed 'catid' /var/www/html/bobo2/en/Home/Runtime/Cache/22da7317198283eab56d8e78bc060a88.php 第 188 行.
NOTIC: [8] Use of undefined constant catid - assumed 'catid' /var/www/html/bobo2/en/Home/Runtime/Cache/22da7317198283eab56d8e78bc060a88.php 第 188 行.
NOTIC: [8] Use of undefined constant catid - assumed 'catid' /var/www/html/bobo2/en/Home/Runtime/Cache/22da7317198283eab56d8e78bc060a88.php 第 188 行.
NOTIC: [8] Use of undefined constant catid - assumed 'catid' /var/www/html/bobo2/en/Home/Runtime/Cache/22da7317198283eab56d8e78bc060a88.php 第 188 行.
NOTIC: [8] Use of undefined constant catid - assumed 'catid' /var/www/html/bobo2/en/Home/Runtime/Cache/22da7317198283eab56d8e78bc060a88.php 第 188 行.
NOTIC: [8] Use of undefined constant catid - assumed 'catid' /var/www/html/bobo2/en/Home/Runtime/Cache/22da7317198283eab56d8e78bc060a88.php 第 188 行.
NOTIC: [8] Use of undefined constant catid - assumed 'catid' /var/www/html/bobo2/en/Home/Runtime/Cache/22da7317198283eab56d8e78bc060a88.php 第 191 行.
NOTIC: [8] Use of undefined constant catid - assumed 'catid' /var/www/html/bobo2/en/Home/Runtime/Cache/22da7317198283eab56d8e78bc060a88.php 第 191 行.
NOTIC: [8] Use of undefined constant catid - assumed 'catid' /var/www/html/bobo2/en/Home/Runtime/Cache/22da7317198283eab56d8e78bc060a88.php 第 191 行.
NOTIC: [8] Use of undefined constant catid - assumed 'catid' /var/www/html/bobo2/en/Home/Runtime/Cache/22da7317198283eab56d8e78bc060a88.php 第 191 行.
NOTIC: [8] Use of undefined constant catid - assumed 'catid' /var/www/html/bobo2/en/Home/Runtime/Cache/22da7317198283eab56d8e78bc060a88.php 第 191 行.
NOTIC: [8] Use of undefined constant catid - assumed 'catid' /var/www/html/bobo2/en/Home/Runtime/Cache/22da7317198283eab56d8e78bc060a88.php 第 191 行.
NOTIC: [8] Use of undefined constant catid - assumed 'catid' /var/www/html/bobo2/en/Home/Runtime/Cache/22da7317198283eab56d8e78bc060a88.php 第 191 行.
NOTIC: [8] Use of undefined constant catid - assumed 'catid' /var/www/html/bobo2/en/Home/Runtime/Cache/22da7317198283eab56d8e78bc060a88.php 第 191 行.
NOTIC: [8] Use of undefined constant picurlpcall - assumed 'picurlpcall' /var/www/html/bobo2/en/Home/Runtime/Cache/22da7317198283eab56d8e78bc060a88.php 第 263 行.
NOTIC: [8] Use of undefined constant picurlpcall - assumed 'picurlpcall' /var/www/html/bobo2/en/Home/Runtime/Cache/22da7317198283eab56d8e78bc060a88.php 第 263 行.
NOTIC: [8] Use of undefined constant colorlist - assumed 'colorlist' /var/www/html/bobo2/en/Home/Runtime/Cache/22da7317198283eab56d8e78bc060a88.php 第 268 行.
NOTIC: [8] Use of undefined constant colorlist - assumed 'colorlist' /var/www/html/bobo2/en/Home/Runtime/Cache/22da7317198283eab56d8e78bc060a88.php 第 268 行.
NOTIC: [8] Use of undefined constant colorlist - assumed 'colorlist' /var/www/html/bobo2/en/Home/Runtime/Cache/22da7317198283eab56d8e78bc060a88.php 第 275 行.
NOTIC: [8] Use of undefined constant name - assumed 'name' /var/www/html/bobo2/en/Home/Runtime/Cache/22da7317198283eab56d8e78bc060a88.php 第 275 行.
NOTIC: [8] A session had already been started - ignoring session_start() /var/www/html/bobo2/en/Home/Runtime/Cache/22da7317198283eab56d8e78bc060a88.php 第 277 行.
NOTIC: [8] Undefined index: bobo_pc_user_id /var/www/html/bobo2/en/Home/Runtime/Cache/22da7317198283eab56d8e78bc060a88.php 第 277 行.
NOTIC: [8] Use of undefined constant catid - assumed 'catid' /var/www/html/bobo2/en/Home/Runtime/Cache/22da7317198283eab56d8e78bc060a88.php 第 316 行.
NOTIC: [8] Use of undefined constant id - assumed 'id' /var/www/html/bobo2/en/Home/Runtime/Cache/22da7317198283eab56d8e78bc060a88.php 第 316 行.
NOTIC: [8] Use of undefined constant colorlist - assumed 'colorlist' /var/www/html/bobo2/en/Home/Runtime/Cache/22da7317198283eab56d8e78bc060a88.php 第 320 行.
NOTIC: [8] Use of undefined constant colorlist - assumed 'colorlist' /var/www/html/bobo2/en/Home/Runtime/Cache/22da7317198283eab56d8e78bc060a88.php 第 320 行.
NOTIC: [8] Use of undefined constant catid - assumed 'catid' /var/www/html/bobo2/en/Home/Runtime/Cache/22da7317198283eab56d8e78bc060a88.php 第 323 行.
NOTIC: [8] Use of undefined constant id - assumed 'id' /var/www/html/bobo2/en/Home/Runtime/Cache/22da7317198283eab56d8e78bc060a88.php 第 323 行.
NOTIC: [8] A session had already been started - ignoring session_start() /var/www/html/bobo2/en/Home/Runtime/Cache/22da7317198283eab56d8e78bc060a88.php 第 328 行.
NOTIC: [8] Undefined index: bobo_pc_user_id /var/www/html/bobo2/en/Home/Runtime/Cache/22da7317198283eab56d8e78bc060a88.php 第 328 行.
NOTIC: [8] Use of undefined constant catid - assumed 'catid' /var/www/html/bobo2/en/Home/Runtime/Cache/22da7317198283eab56d8e78bc060a88.php 第 316 行.
NOTIC: [8] Use of undefined constant id - assumed 'id' /var/www/html/bobo2/en/Home/Runtime/Cache/22da7317198283eab56d8e78bc060a88.php 第 316 行.
NOTIC: [8] Use of undefined constant colorlist - assumed 'colorlist' /var/www/html/bobo2/en/Home/Runtime/Cache/22da7317198283eab56d8e78bc060a88.php 第 320 行.
NOTIC: [8] Use of undefined constant colorlist - assumed 'colorlist' /var/www/html/bobo2/en/Home/Runtime/Cache/22da7317198283eab56d8e78bc060a88.php 第 320 行.
NOTIC: [8] Use of undefined constant catid - assumed 'catid' /var/www/html/bobo2/en/Home/Runtime/Cache/22da7317198283eab56d8e78bc060a88.php 第 323 行.
NOTIC: [8] Use of undefined constant id - assumed 'id' /var/www/html/bobo2/en/Home/Runtime/Cache/22da7317198283eab56d8e78bc060a88.php 第 323 行.
NOTIC: [8] A session had already been started - ignoring session_start() /var/www/html/bobo2/en/Home/Runtime/Cache/22da7317198283eab56d8e78bc060a88.php 第 328 行.
NOTIC: [8] Undefined index: bobo_pc_user_id /var/www/html/bobo2/en/Home/Runtime/Cache/22da7317198283eab56d8e78bc060a88.php 第 328 行.
NOTIC: [8] Use of undefined constant catid - assumed 'catid' /var/www/html/bobo2/en/Home/Runtime/Cache/22da7317198283eab56d8e78bc060a88.php 第 316 行.
NOTIC: [8] Use of undefined constant id - assumed 'id' /var/www/html/bobo2/en/Home/Runtime/Cache/22da7317198283eab56d8e78bc060a88.php 第 316 行.
NOTIC: [8] Use of undefined constant colorlist - assumed 'colorlist' /var/www/html/bobo2/en/Home/Runtime/Cache/22da7317198283eab56d8e78bc060a88.php 第 320 行.
NOTIC: [8] Use of undefined constant colorlist - assumed 'colorlist' /var/www/html/bobo2/en/Home/Runtime/Cache/22da7317198283eab56d8e78bc060a88.php 第 320 行.
NOTIC: [8] Use of undefined constant catid - assumed 'catid' /var/www/html/bobo2/en/Home/Runtime/Cache/22da7317198283eab56d8e78bc060a88.php 第 323 行.
NOTIC: [8] Use of undefined constant id - assumed 'id' /var/www/html/bobo2/en/Home/Runtime/Cache/22da7317198283eab56d8e78bc060a88.php 第 323 行.
NOTIC: [8] A session had already been started - ignoring session_start() /var/www/html/bobo2/en/Home/Runtime/Cache/22da7317198283eab56d8e78bc060a88.php 第 328 行.
NOTIC: [8] Undefined index: bobo_pc_user_id /var/www/html/bobo2/en/Home/Runtime/Cache/22da7317198283eab56d8e78bc060a88.php 第 328 行.
NOTIC: [8] Use of undefined constant catid - assumed 'catid' /var/www/html/bobo2/en/Home/Runtime/Cache/22da7317198283eab56d8e78bc060a88.php 第 316 行.
NOTIC: [8] Use of undefined constant id - assumed 'id' /var/www/html/bobo2/en/Home/Runtime/Cache/22da7317198283eab56d8e78bc060a88.php 第 316 行.
NOTIC: [8] Use of undefined constant colorlist - assumed 'colorlist' /var/www/html/bobo2/en/Home/Runtime/Cache/22da7317198283eab56d8e78bc060a88.php 第 320 行.
NOTIC: [8] Use of undefined constant colorlist - assumed 'colorlist' /var/www/html/bobo2/en/Home/Runtime/Cache/22da7317198283eab56d8e78bc060a88.php 第 320 行.
NOTIC: [8] Use of undefined constant catid - assumed 'catid' /var/www/html/bobo2/en/Home/Runtime/Cache/22da7317198283eab56d8e78bc060a88.php 第 323 行.
NOTIC: [8] Use of undefined constant id - assumed 'id' /var/www/html/bobo2/en/Home/Runtime/Cache/22da7317198283eab56d8e78bc060a88.php 第 323 行.
NOTIC: [8] A session had already been started - ignoring session_start() /var/www/html/bobo2/en/Home/Runtime/Cache/22da7317198283eab56d8e78bc060a88.php 第 328 行.
NOTIC: [8] Undefined index: bobo_pc_user_id /var/www/html/bobo2/en/Home/Runtime/Cache/22da7317198283eab56d8e78bc060a88.php 第 328 行.
NOTIC: [8] Use of undefined constant catid - assumed 'catid' /var/www/html/bobo2/en/Home/Runtime/Cache/22da7317198283eab56d8e78bc060a88.php 第 316 行.
NOTIC: [8] Use of undefined constant id - assumed 'id' /var/www/html/bobo2/en/Home/Runtime/Cache/22da7317198283eab56d8e78bc060a88.php 第 316 行.
NOTIC: [8] Use of undefined constant colorlist - assumed 'colorlist' /var/www/html/bobo2/en/Home/Runtime/Cache/22da7317198283eab56d8e78bc060a88.php 第 320 行.
NOTIC: [8] Use of undefined constant colorlist - assumed 'colorlist' /var/www/html/bobo2/en/Home/Runtime/Cache/22da7317198283eab56d8e78bc060a88.php 第 320 行.
NOTIC: [8] Use of undefined constant catid - assumed 'catid' /var/www/html/bobo2/en/Home/Runtime/Cache/22da7317198283eab56d8e78bc060a88.php 第 323 行.
NOTIC: [8] Use of undefined constant id - assumed 'id' /var/www/html/bobo2/en/Home/Runtime/Cache/22da7317198283eab56d8e78bc060a88.php 第 323 行.
NOTIC: [8] A session had already been started - ignoring session_start() /var/www/html/bobo2/en/Home/Runtime/Cache/22da7317198283eab56d8e78bc060a88.php 第 328 行.
NOTIC: [8] Undefined index: bobo_pc_user_id /var/www/html/bobo2/en/Home/Runtime/Cache/22da7317198283eab56d8e78bc060a88.php 第 328 行.
NOTIC: [8] Use of undefined constant catid - assumed 'catid' /var/www/html/bobo2/en/Home/Runtime/Cache/22da7317198283eab56d8e78bc060a88.php 第 316 行.
NOTIC: [8] Use of undefined constant id - assumed 'id' /var/www/html/bobo2/en/Home/Runtime/Cache/22da7317198283eab56d8e78bc060a88.php 第 316 行.
NOTIC: [8] Use of undefined constant colorlist - assumed 'colorlist' /var/www/html/bobo2/en/Home/Runtime/Cache/22da7317198283eab56d8e78bc060a88.php 第 320 行.
NOTIC: [8] Use of undefined constant colorlist - assumed 'colorlist' /var/www/html/bobo2/en/Home/Runtime/Cache/22da7317198283eab56d8e78bc060a88.php 第 320 行.
NOTIC: [8] Use of undefined constant catid - assumed 'catid' /var/www/html/bobo2/en/Home/Runtime/Cache/22da7317198283eab56d8e78bc060a88.php 第 323 行.
NOTIC: [8] Use of undefined constant id - assumed 'id' /var/www/html/bobo2/en/Home/Runtime/Cache/22da7317198283eab56d8e78bc060a88.php 第 323 行.
NOTIC: [8] A session had already been started - ignoring session_start() /var/www/html/bobo2/en/Home/Runtime/Cache/22da7317198283eab56d8e78bc060a88.php 第 328 行.
NOTIC: [8] Undefined index: bobo_pc_user_id /var/www/html/bobo2/en/Home/Runtime/Cache/22da7317198283eab56d8e78bc060a88.php 第 328 行.
INFO: Run ParseTemplate Behavior [ RunTime:0.063533s ]
INFO: [ view_parse ] --END-- [ RunTime:0.063600s ]
INFO: [ view_filter ] --START--
INFO: Run ContentReplace Behavior [ RunTime:0.000565s ]
INFO: Run TokenBuild Behavior [ RunTime:0.000270s ]
INFO: Run WriteHtmlCache Behavior [ RunTime:0.000141s ]
INFO: Run ShowRuntime Behavior [ RunTime:0.000373s ]
INFO: [ view_filter ] --END-- [ RunTime:0.001517s ]
INFO: [ view_end ] --START--
INFO: Run ShowPageTrace Behavior [ RunTime:0.000406s ]
INFO: [ view_end ] --END-- [ RunTime:0.000461s ]

