[ 2016-09-11T20:20:15+08:00 ] 66.249.77.3 /bobo2/en/
INFO: [ app_begin ] --START--
INFO: Run ReadHtmlCache Behavior [ RunTime:0.000372s ]
INFO: [ app_begin ] --END-- [ RunTime:0.000446s ]
SQL: SHOW COLUMNS FROM `en_page` [ RunTime:0.014306s ]
SQL: SHOW COLUMNS FROM `en_index_picture` [ RunTime:0.001574s ]
SQL: SHOW COLUMNS FROM `en_category` [ RunTime:0.001542s ]
SQL: SHOW COLUMNS FROM `en_content` [ RunTime:0.004421s ]
SQL: SELECT * FROM `en_page` WHERE ( `catid` = 29 ) LIMIT 1   [ RunTime:0.001110s ]
SQL: SELECT `id`,`catid`,`title`,`headerpic` FROM `en_content` WHERE ( catid=23 and (status=2 or status=3) ) ORDER BY conorder desc,id desc LIMIT 8   [ RunTime:0.037638s ]
SQL: SELECT `id`,`catid`,`title`,`headerpic` FROM `en_content` WHERE ( catid=24 and (status=2 or status=3) ) ORDER BY conorder desc,id desc LIMIT 8   [ RunTime:0.000501s ]
SQL: SELECT `id`,`catid`,`title`,`headerpic` FROM `en_content` WHERE ( catid=25 and (status=2 or status=3) ) ORDER BY conorder desc,id desc LIMIT 8   [ RunTime:0.000339s ]
SQL: SHOW COLUMNS FROM `en_site` [ RunTime:0.001508s ]
SQL: SELECT * FROM `en_site` WHERE ( siteid=1 ) LIMIT 1   [ RunTime:0.001133s ]
SQL: SHOW COLUMNS FROM `en_product` [ RunTime:0.001540s ]
SQL: SELECT a.xqstatus,a.title,a.picurlpc,a.catid,a.id,b.id as ppid FROM en_product_price b,en_product a WHERE ( a.posid=1 and a.status=1 and  a.id=b.pid ) ORDER BY a.listorder desc,id desc LIMIT 8   [ RunTime:0.010301s ]
SQL: SHOW COLUMNS FROM `en_video` [ RunTime:0.002532s ]
SQL: SELECT `vtitle`,`headerpic`,`catid` FROM `en_video` WHERE ( catid=26 and (status=2 or status=3) ) ORDER BY listorder desc,vid desc LIMIT 8   [ RunTime:0.001029s ]
SQL: SELECT `vtitle`,`headerpic`,`catid` FROM `en_video` WHERE ( catid=27 and (status=2 or status=3) ) ORDER BY listorder desc,vid desc LIMIT 8   [ RunTime:0.000218s ]
SQL: SELECT `catid`,`catname`,`caturl` FROM `en_category` WHERE ( `catid` IN ('14','15','16','17','18','19','20','21') ) ORDER BY listorder desc,catid desc  [ RunTime:0.001221s ]
NOTIC: [8] Undefined variable: category_list /var/www/html/bobo2/en/Home/Lib/Action/CommonAction.class.php 第 28 行.
SQL: SELECT `picurl`,`vidurl` FROM `en_index_picture` WHERE ( siteid=2 and status=1 )  [ RunTime:0.000927s ]
SQL: SELECT `id`,`picurl`,`vidurl`,`picwzurl` FROM `en_index_picture` WHERE ( `id` IN ('11','12','13','14','15','16','17','18') ) AND ( `siteid` = 2 ) AND ( `status` = 2 )  [ RunTime:0.000282s ]
INFO: [ view_template ] --START--
INFO: Run LocationTemplate Behavior [ RunTime:0.000351s ]
INFO: [ view_template ] --END-- [ RunTime:0.000421s ]
INFO: [ view_parse ] --START--
NOTIC: [8] A session had already been started - ignoring session_start() /var/www/html/bobo2/en/Home/Runtime/Cache/7e4848229090366086cc7eeb3bfc0798.php 第 78 行.
NOTIC: [8] Undefined index: bobo_pc_user_id /var/www/html/bobo2/en/Home/Runtime/Cache/7e4848229090366086cc7eeb3bfc0798.php 第 78 行.
NOTIC: [8] Undefined index: bobo_pc_user_id /var/www/html/bobo2/en/Home/Runtime/Cache/7e4848229090366086cc7eeb3bfc0798.php 第 85 行.
NOTIC: [8] Undefined index: bobo_pc_user_name /var/www/html/bobo2/en/Home/Runtime/Cache/7e4848229090366086cc7eeb3bfc0798.php 第 85 行.
NOTIC: [8] Undefined variable: k /var/www/html/bobo2/en/Home/Runtime/Cache/7e4848229090366086cc7eeb3bfc0798.php 第 112 行.
NOTIC: [8] Use of undefined constant catid - assumed 'catid' /var/www/html/bobo2/en/Home/Runtime/Cache/7e4848229090366086cc7eeb3bfc0798.php 第 115 行.
NOTIC: [8] Use of undefined constant id - assumed 'id' /var/www/html/bobo2/en/Home/Runtime/Cache/7e4848229090366086cc7eeb3bfc0798.php 第 115 行.
NOTIC: [8] Use of undefined constant catid - assumed 'catid' /var/www/html/bobo2/en/Home/Runtime/Cache/7e4848229090366086cc7eeb3bfc0798.php 第 115 行.
NOTIC: [8] Use of undefined constant id - assumed 'id' /var/www/html/bobo2/en/Home/Runtime/Cache/7e4848229090366086cc7eeb3bfc0798.php 第 115 行.
NOTIC: [8] Use of undefined constant catid - assumed 'catid' /var/www/html/bobo2/en/Home/Runtime/Cache/7e4848229090366086cc7eeb3bfc0798.php 第 115 行.
NOTIC: [8] Use of undefined constant id - assumed 'id' /var/www/html/bobo2/en/Home/Runtime/Cache/7e4848229090366086cc7eeb3bfc0798.php 第 115 行.
NOTIC: [8] Use of undefined constant catid - assumed 'catid' /var/www/html/bobo2/en/Home/Runtime/Cache/7e4848229090366086cc7eeb3bfc0798.php 第 115 行.
NOTIC: [8] Use of undefined constant id - assumed 'id' /var/www/html/bobo2/en/Home/Runtime/Cache/7e4848229090366086cc7eeb3bfc0798.php 第 115 行.
NOTIC: [8] Use of undefined constant catid - assumed 'catid' /var/www/html/bobo2/en/Home/Runtime/Cache/7e4848229090366086cc7eeb3bfc0798.php 第 115 行.
NOTIC: [8] Use of undefined constant id - assumed 'id' /var/www/html/bobo2/en/Home/Runtime/Cache/7e4848229090366086cc7eeb3bfc0798.php 第 115 行.
NOTIC: [8] Use of undefined constant catid - assumed 'catid' /var/www/html/bobo2/en/Home/Runtime/Cache/7e4848229090366086cc7eeb3bfc0798.php 第 115 行.
NOTIC: [8] Use of undefined constant id - assumed 'id' /var/www/html/bobo2/en/Home/Runtime/Cache/7e4848229090366086cc7eeb3bfc0798.php 第 115 行.
NOTIC: [8] Use of undefined constant catid - assumed 'catid' /var/www/html/bobo2/en/Home/Runtime/Cache/7e4848229090366086cc7eeb3bfc0798.php 第 115 行.
NOTIC: [8] Use of undefined constant id - assumed 'id' /var/www/html/bobo2/en/Home/Runtime/Cache/7e4848229090366086cc7eeb3bfc0798.php 第 115 行.
NOTIC: [8] Use of undefined constant catid - assumed 'catid' /var/www/html/bobo2/en/Home/Runtime/Cache/7e4848229090366086cc7eeb3bfc0798.php 第 115 行.
NOTIC: [8] Use of undefined constant id - assumed 'id' /var/www/html/bobo2/en/Home/Runtime/Cache/7e4848229090366086cc7eeb3bfc0798.php 第 115 行.
NOTIC: [8] Use of undefined constant catid - assumed 'catid' /var/www/html/bobo2/en/Home/Runtime/Cache/7e4848229090366086cc7eeb3bfc0798.php 第 118 行.
NOTIC: [8] Use of undefined constant id - assumed 'id' /var/www/html/bobo2/en/Home/Runtime/Cache/7e4848229090366086cc7eeb3bfc0798.php 第 118 行.
NOTIC: [8] Use of undefined constant catid - assumed 'catid' /var/www/html/bobo2/en/Home/Runtime/Cache/7e4848229090366086cc7eeb3bfc0798.php 第 118 行.
NOTIC: [8] Use of undefined constant id - assumed 'id' /var/www/html/bobo2/en/Home/Runtime/Cache/7e4848229090366086cc7eeb3bfc0798.php 第 118 行.
NOTIC: [8] Use of undefined constant catid - assumed 'catid' /var/www/html/bobo2/en/Home/Runtime/Cache/7e4848229090366086cc7eeb3bfc0798.php 第 118 行.
NOTIC: [8] Use of undefined constant id - assumed 'id' /var/www/html/bobo2/en/Home/Runtime/Cache/7e4848229090366086cc7eeb3bfc0798.php 第 118 行.
NOTIC: [8] Use of undefined constant catid - assumed 'catid' /var/www/html/bobo2/en/Home/Runtime/Cache/7e4848229090366086cc7eeb3bfc0798.php 第 118 行.
NOTIC: [8] Use of undefined constant id - assumed 'id' /var/www/html/bobo2/en/Home/Runtime/Cache/7e4848229090366086cc7eeb3bfc0798.php 第 118 行.
NOTIC: [8] Use of undefined constant catid - assumed 'catid' /var/www/html/bobo2/en/Home/Runtime/Cache/7e4848229090366086cc7eeb3bfc0798.php 第 121 行.
NOTIC: [8] Use of undefined constant id - assumed 'id' /var/www/html/bobo2/en/Home/Runtime/Cache/7e4848229090366086cc7eeb3bfc0798.php 第 121 行.
NOTIC: [8] Use of undefined constant catid - assumed 'catid' /var/www/html/bobo2/en/Home/Runtime/Cache/7e4848229090366086cc7eeb3bfc0798.php 第 146 行.
NOTIC: [8] Use of undefined constant id - assumed 'id' /var/www/html/bobo2/en/Home/Runtime/Cache/7e4848229090366086cc7eeb3bfc0798.php 第 146 行.
NOTIC: [8] Use of undefined constant ppid - assumed 'ppid' /var/www/html/bobo2/en/Home/Runtime/Cache/7e4848229090366086cc7eeb3bfc0798.php 第 146 行.
NOTIC: [8] Use of undefined constant catid - assumed 'catid' /var/www/html/bobo2/en/Home/Runtime/Cache/7e4848229090366086cc7eeb3bfc0798.php 第 146 行.
NOTIC: [8] Use of undefined constant id - assumed 'id' /var/www/html/bobo2/en/Home/Runtime/Cache/7e4848229090366086cc7eeb3bfc0798.php 第 146 行.
NOTIC: [8] Use of undefined constant ppid - assumed 'ppid' /var/www/html/bobo2/en/Home/Runtime/Cache/7e4848229090366086cc7eeb3bfc0798.php 第 146 行.
NOTIC: [8] Use of undefined constant catid - assumed 'catid' /var/www/html/bobo2/en/Home/Runtime/Cache/7e4848229090366086cc7eeb3bfc0798.php 第 146 行.
NOTIC: [8] Use of undefined constant id - assumed 'id' /var/www/html/bobo2/en/Home/Runtime/Cache/7e4848229090366086cc7eeb3bfc0798.php 第 146 行.
NOTIC: [8] Use of undefined constant ppid - assumed 'ppid' /var/www/html/bobo2/en/Home/Runtime/Cache/7e4848229090366086cc7eeb3bfc0798.php 第 146 行.
NOTIC: [8] Use of undefined constant catid - assumed 'catid' /var/www/html/bobo2/en/Home/Runtime/Cache/7e4848229090366086cc7eeb3bfc0798.php 第 146 行.
NOTIC: [8] Use of undefined constant id - assumed 'id' /var/www/html/bobo2/en/Home/Runtime/Cache/7e4848229090366086cc7eeb3bfc0798.php 第 146 行.
NOTIC: [8] Use of undefined constant ppid - assumed 'ppid' /var/www/html/bobo2/en/Home/Runtime/Cache/7e4848229090366086cc7eeb3bfc0798.php 第 146 行.
NOTIC: [8] Use of undefined constant catid - assumed 'catid' /var/www/html/bobo2/en/Home/Runtime/Cache/7e4848229090366086cc7eeb3bfc0798.php 第 146 行.
NOTIC: [8] Use of undefined constant id - assumed 'id' /var/www/html/bobo2/en/Home/Runtime/Cache/7e4848229090366086cc7eeb3bfc0798.php 第 146 行.
NOTIC: [8] Use of undefined constant ppid - assumed 'ppid' /var/www/html/bobo2/en/Home/Runtime/Cache/7e4848229090366086cc7eeb3bfc0798.php 第 146 行.
NOTIC: [8] Use of undefined constant catid - assumed 'catid' /var/www/html/bobo2/en/Home/Runtime/Cache/7e4848229090366086cc7eeb3bfc0798.php 第 146 行.
NOTIC: [8] Use of undefined constant id - assumed 'id' /var/www/html/bobo2/en/Home/Runtime/Cache/7e4848229090366086cc7eeb3bfc0798.php 第 146 行.
NOTIC: [8] Use of undefined constant ppid - assumed 'ppid' /var/www/html/bobo2/en/Home/Runtime/Cache/7e4848229090366086cc7eeb3bfc0798.php 第 146 行.
NOTIC: [8] Use of undefined constant catid - assumed 'catid' /var/www/html/bobo2/en/Home/Runtime/Cache/7e4848229090366086cc7eeb3bfc0798.php 第 146 行.
NOTIC: [8] Use of undefined constant id - assumed 'id' /var/www/html/bobo2/en/Home/Runtime/Cache/7e4848229090366086cc7eeb3bfc0798.php 第 146 行.
NOTIC: [8] Use of undefined constant ppid - assumed 'ppid' /var/www/html/bobo2/en/Home/Runtime/Cache/7e4848229090366086cc7eeb3bfc0798.php 第 146 行.
NOTIC: [8] Use of undefined constant catid - assumed 'catid' /var/www/html/bobo2/en/Home/Runtime/Cache/7e4848229090366086cc7eeb3bfc0798.php 第 146 行.
NOTIC: [8] Use of undefined constant id - assumed 'id' /var/www/html/bobo2/en/Home/Runtime/Cache/7e4848229090366086cc7eeb3bfc0798.php 第 146 行.
NOTIC: [8] Use of undefined constant ppid - assumed 'ppid' /var/www/html/bobo2/en/Home/Runtime/Cache/7e4848229090366086cc7eeb3bfc0798.php 第 146 行.
NOTIC: [8] Use of undefined constant catid - assumed 'catid' /var/www/html/bobo2/en/Home/Runtime/Cache/7e4848229090366086cc7eeb3bfc0798.php 第 150 行.
NOTIC: [8] Use of undefined constant catid - assumed 'catid' /var/www/html/bobo2/en/Home/Runtime/Cache/7e4848229090366086cc7eeb3bfc0798.php 第 150 行.
NOTIC: [8] Use of undefined constant catid - assumed 'catid' /var/www/html/bobo2/en/Home/Runtime/Cache/7e4848229090366086cc7eeb3bfc0798.php 第 150 行.
NOTIC: [8] Use of undefined constant catid - assumed 'catid' /var/www/html/bobo2/en/Home/Runtime/Cache/7e4848229090366086cc7eeb3bfc0798.php 第 150 行.
NOTIC: [8] Use of undefined constant catid - assumed 'catid' /var/www/html/bobo2/en/Home/Runtime/Cache/7e4848229090366086cc7eeb3bfc0798.php 第 150 行.
NOTIC: [8] Use of undefined constant catid - assumed 'catid' /var/www/html/bobo2/en/Home/Runtime/Cache/7e4848229090366086cc7eeb3bfc0798.php 第 150 行.
NOTIC: [8] Use of undefined constant catid - assumed 'catid' /var/www/html/bobo2/en/Home/Runtime/Cache/7e4848229090366086cc7eeb3bfc0798.php 第 150 行.
NOTIC: [8] Use of undefined constant catid - assumed 'catid' /var/www/html/bobo2/en/Home/Runtime/Cache/7e4848229090366086cc7eeb3bfc0798.php 第 150 行.
NOTIC: [8] Use of undefined constant catid - assumed 'catid' /var/www/html/bobo2/en/Home/Runtime/Cache/7e4848229090366086cc7eeb3bfc0798.php 第 154 行.
NOTIC: [8] Use of undefined constant catid - assumed 'catid' /var/www/html/bobo2/en/Home/Runtime/Cache/7e4848229090366086cc7eeb3bfc0798.php 第 154 行.
NOTIC: [8] Use of undefined constant catid - assumed 'catid' /var/www/html/bobo2/en/Home/Runtime/Cache/7e4848229090366086cc7eeb3bfc0798.php 第 154 行.
NOTIC: [8] Use of undefined constant catid - assumed 'catid' /var/www/html/bobo2/en/Home/Runtime/Cache/7e4848229090366086cc7eeb3bfc0798.php 第 154 行.
NOTIC: [8] Use of undefined constant catid - assumed 'catid' /var/www/html/bobo2/en/Home/Runtime/Cache/7e4848229090366086cc7eeb3bfc0798.php 第 154 行.
NOTIC: [8] Use of undefined constant catid - assumed 'catid' /var/www/html/bobo2/en/Home/Runtime/Cache/7e4848229090366086cc7eeb3bfc0798.php 第 154 行.
NOTIC: [8] Use of undefined constant catid - assumed 'catid' /var/www/html/bobo2/en/Home/Runtime/Cache/7e4848229090366086cc7eeb3bfc0798.php 第 154 行.
NOTIC: [8] Use of undefined constant catid - assumed 'catid' /var/www/html/bobo2/en/Home/Runtime/Cache/7e4848229090366086cc7eeb3bfc0798.php 第 157 行.
NOTIC: [8] Use of undefined constant catid - assumed 'catid' /var/www/html/bobo2/en/Home/Runtime/Cache/7e4848229090366086cc7eeb3bfc0798.php 第 157 行.
NOTIC: [8] Use of undefined constant catid - assumed 'catid' /var/www/html/bobo2/en/Home/Runtime/Cache/7e4848229090366086cc7eeb3bfc0798.php 第 157 行.
NOTIC: [8] Use of undefined constant catid - assumed 'catid' /var/www/html/bobo2/en/Home/Runtime/Cache/7e4848229090366086cc7eeb3bfc0798.php 第 157 行.
NOTIC: [8] Use of undefined constant catid - assumed 'catid' /var/www/html/bobo2/en/Home/Runtime/Cache/7e4848229090366086cc7eeb3bfc0798.php 第 157 行.
NOTIC: [8] Use of undefined constant catid - assumed 'catid' /var/www/html/bobo2/en/Home/Runtime/Cache/7e4848229090366086cc7eeb3bfc0798.php 第 157 行.
NOTIC: [8] Use of undefined constant catid - assumed 'catid' /var/www/html/bobo2/en/Home/Runtime/Cache/7e4848229090366086cc7eeb3bfc0798.php 第 157 行.
NOTIC: [8] Use of undefined constant catid - assumed 'catid' /var/www/html/bobo2/en/Home/Runtime/Cache/7e4848229090366086cc7eeb3bfc0798.php 第 157 行.
NOTIC: [8] Use of undefined constant catid - assumed 'catid' /var/www/html/bobo2/en/Home/Runtime/Cache/7e4848229090366086cc7eeb3bfc0798.php 第 180 行.
NOTIC: [8] Use of undefined constant id - assumed 'id' /var/www/html/bobo2/en/Home/Runtime/Cache/7e4848229090366086cc7eeb3bfc0798.php 第 180 行.
NOTIC: [8] Use of undefined constant ppid - assumed 'ppid' /var/www/html/bobo2/en/Home/Runtime/Cache/7e4848229090366086cc7eeb3bfc0798.php 第 180 行.
NOTIC: [8] Use of undefined constant catid - assumed 'catid' /var/www/html/bobo2/en/Home/Runtime/Cache/7e4848229090366086cc7eeb3bfc0798.php 第 180 行.
NOTIC: [8] Use of undefined constant id - assumed 'id' /var/www/html/bobo2/en/Home/Runtime/Cache/7e4848229090366086cc7eeb3bfc0798.php 第 180 行.
NOTIC: [8] Use of undefined constant ppid - assumed 'ppid' /var/www/html/bobo2/en/Home/Runtime/Cache/7e4848229090366086cc7eeb3bfc0798.php 第 180 行.
NOTIC: [8] Use of undefined constant catid - assumed 'catid' /var/www/html/bobo2/en/Home/Runtime/Cache/7e4848229090366086cc7eeb3bfc0798.php 第 180 行.
NOTIC: [8] Use of undefined constant id - assumed 'id' /var/www/html/bobo2/en/Home/Runtime/Cache/7e4848229090366086cc7eeb3bfc0798.php 第 180 行.
NOTIC: [8] Use of undefined constant ppid - assumed 'ppid' /var/www/html/bobo2/en/Home/Runtime/Cache/7e4848229090366086cc7eeb3bfc0798.php 第 180 行.
NOTIC: [8] Use of undefined constant catid - assumed 'catid' /var/www/html/bobo2/en/Home/Runtime/Cache/7e4848229090366086cc7eeb3bfc0798.php 第 180 行.
NOTIC: [8] Use of undefined constant id - assumed 'id' /var/www/html/bobo2/en/Home/Runtime/Cache/7e4848229090366086cc7eeb3bfc0798.php 第 180 行.
NOTIC: [8] Use of undefined constant ppid - assumed 'ppid' /var/www/html/bobo2/en/Home/Runtime/Cache/7e4848229090366086cc7eeb3bfc0798.php 第 180 行.
NOTIC: [8] Use of undefined constant catid - assumed 'catid' /var/www/html/bobo2/en/Home/Runtime/Cache/7e4848229090366086cc7eeb3bfc0798.php 第 180 行.
NOTIC: [8] Use of undefined constant id - assumed 'id' /var/www/html/bobo2/en/Home/Runtime/Cache/7e4848229090366086cc7eeb3bfc0798.php 第 180 行.
NOTIC: [8] Use of undefined constant ppid - assumed 'ppid' /var/www/html/bobo2/en/Home/Runtime/Cache/7e4848229090366086cc7eeb3bfc0798.php 第 180 行.
NOTIC: [8] Use of undefined constant catid - assumed 'catid' /var/www/html/bobo2/en/Home/Runtime/Cache/7e4848229090366086cc7eeb3bfc0798.php 第 180 行.
NOTIC: [8] Use of undefined constant id - assumed 'id' /var/www/html/bobo2/en/Home/Runtime/Cache/7e4848229090366086cc7eeb3bfc0798.php 第 180 行.
NOTIC: [8] Use of undefined constant ppid - assumed 'ppid' /var/www/html/bobo2/en/Home/Runtime/Cache/7e4848229090366086cc7eeb3bfc0798.php 第 180 行.
NOTIC: [8] Use of undefined constant catid - assumed 'catid' /var/www/html/bobo2/en/Home/Runtime/Cache/7e4848229090366086cc7eeb3bfc0798.php 第 180 行.
NOTIC: [8] Use of undefined constant id - assumed 'id' /var/www/html/bobo2/en/Home/Runtime/Cache/7e4848229090366086cc7eeb3bfc0798.php 第 180 行.
NOTIC: [8] Use of undefined constant ppid - assumed 'ppid' /var/www/html/bobo2/en/Home/Runtime/Cache/7e4848229090366086cc7eeb3bfc0798.php 第 180 行.
NOTIC: [8] Use of undefined constant catid - assumed 'catid' /var/www/html/bobo2/en/Home/Runtime/Cache/7e4848229090366086cc7eeb3bfc0798.php 第 180 行.
NOTIC: [8] Use of undefined constant id - assumed 'id' /var/www/html/bobo2/en/Home/Runtime/Cache/7e4848229090366086cc7eeb3bfc0798.php 第 180 行.
NOTIC: [8] Use of undefined constant ppid - assumed 'ppid' /var/www/html/bobo2/en/Home/Runtime/Cache/7e4848229090366086cc7eeb3bfc0798.php 第 180 行.
NOTIC: [8] Use of undefined constant catid - assumed 'catid' /var/www/html/bobo2/en/Home/Runtime/Cache/7e4848229090366086cc7eeb3bfc0798.php 第 184 行.
NOTIC: [8] Use of undefined constant catid - assumed 'catid' /var/www/html/bobo2/en/Home/Runtime/Cache/7e4848229090366086cc7eeb3bfc0798.php 第 184 行.
NOTIC: [8] Use of undefined constant catid - assumed 'catid' /var/www/html/bobo2/en/Home/Runtime/Cache/7e4848229090366086cc7eeb3bfc0798.php 第 184 行.
NOTIC: [8] Use of undefined constant catid - assumed 'catid' /var/www/html/bobo2/en/Home/Runtime/Cache/7e4848229090366086cc7eeb3bfc0798.php 第 184 行.
NOTIC: [8] Use of undefined constant catid - assumed 'catid' /var/www/html/bobo2/en/Home/Runtime/Cache/7e4848229090366086cc7eeb3bfc0798.php 第 184 行.
NOTIC: [8] Use of undefined constant catid - assumed 'catid' /var/www/html/bobo2/en/Home/Runtime/Cache/7e4848229090366086cc7eeb3bfc0798.php 第 184 行.
NOTIC: [8] Use of undefined constant catid - assumed 'catid' /var/www/html/bobo2/en/Home/Runtime/Cache/7e4848229090366086cc7eeb3bfc0798.php 第 184 行.
NOTIC: [8] Use of undefined constant catid - assumed 'catid' /var/www/html/bobo2/en/Home/Runtime/Cache/7e4848229090366086cc7eeb3bfc0798.php 第 184 行.
NOTIC: [8] Use of undefined constant catid - assumed 'catid' /var/www/html/bobo2/en/Home/Runtime/Cache/7e4848229090366086cc7eeb3bfc0798.php 第 188 行.
NOTIC: [8] Use of undefined constant catid - assumed 'catid' /var/www/html/bobo2/en/Home/Runtime/Cache/7e4848229090366086cc7eeb3bfc0798.php 第 188 行.
NOTIC: [8] Use of undefined constant catid - assumed 'catid' /var/www/html/bobo2/en/Home/Runtime/Cache/7e4848229090366086cc7eeb3bfc0798.php 第 188 行.
NOTIC: [8] Use of undefined constant catid - assumed 'catid' /var/www/html/bobo2/en/Home/Runtime/Cache/7e4848229090366086cc7eeb3bfc0798.php 第 188 行.
NOTIC: [8] Use of undefined constant catid - assumed 'catid' /var/www/html/bobo2/en/Home/Runtime/Cache/7e4848229090366086cc7eeb3bfc0798.php 第 188 行.
NOTIC: [8] Use of undefined constant catid - assumed 'catid' /var/www/html/bobo2/en/Home/Runtime/Cache/7e4848229090366086cc7eeb3bfc0798.php 第 188 行.
NOTIC: [8] Use of undefined constant catid - assumed 'catid' /var/www/html/bobo2/en/Home/Runtime/Cache/7e4848229090366086cc7eeb3bfc0798.php 第 188 行.
NOTIC: [8] Use of undefined constant catid - assumed 'catid' /var/www/html/bobo2/en/Home/Runtime/Cache/7e4848229090366086cc7eeb3bfc0798.php 第 191 行.
NOTIC: [8] Use of undefined constant catid - assumed 'catid' /var/www/html/bobo2/en/Home/Runtime/Cache/7e4848229090366086cc7eeb3bfc0798.php 第 191 行.
NOTIC: [8] Use of undefined constant catid - assumed 'catid' /var/www/html/bobo2/en/Home/Runtime/Cache/7e4848229090366086cc7eeb3bfc0798.php 第 191 行.
NOTIC: [8] Use of undefined constant catid - assumed 'catid' /var/www/html/bobo2/en/Home/Runtime/Cache/7e4848229090366086cc7eeb3bfc0798.php 第 191 行.
NOTIC: [8] Use of undefined constant catid - assumed 'catid' /var/www/html/bobo2/en/Home/Runtime/Cache/7e4848229090366086cc7eeb3bfc0798.php 第 191 行.
NOTIC: [8] Use of undefined constant catid - assumed 'catid' /var/www/html/bobo2/en/Home/Runtime/Cache/7e4848229090366086cc7eeb3bfc0798.php 第 191 行.
NOTIC: [8] Use of undefined constant catid - assumed 'catid' /var/www/html/bobo2/en/Home/Runtime/Cache/7e4848229090366086cc7eeb3bfc0798.php 第 191 行.
NOTIC: [8] Use of undefined constant catid - assumed 'catid' /var/www/html/bobo2/en/Home/Runtime/Cache/7e4848229090366086cc7eeb3bfc0798.php 第 191 行.
NOTIC: [8] Use of undefined constant id - assumed 'id' /var/www/html/bobo2/en/Home/Runtime/Cache/7e4848229090366086cc7eeb3bfc0798.php 第 273 行.
NOTIC: [8] Use of undefined constant id - assumed 'id' /var/www/html/bobo2/en/Home/Runtime/Cache/7e4848229090366086cc7eeb3bfc0798.php 第 273 行.
NOTIC: [8] Use of undefined constant id - assumed 'id' /var/www/html/bobo2/en/Home/Runtime/Cache/7e4848229090366086cc7eeb3bfc0798.php 第 273 行.
NOTIC: [8] Use of undefined constant id - assumed 'id' /var/www/html/bobo2/en/Home/Runtime/Cache/7e4848229090366086cc7eeb3bfc0798.php 第 273 行.
NOTIC: [8] Use of undefined constant id - assumed 'id' /var/www/html/bobo2/en/Home/Runtime/Cache/7e4848229090366086cc7eeb3bfc0798.php 第 273 行.
NOTIC: [8] Use of undefined constant id - assumed 'id' /var/www/html/bobo2/en/Home/Runtime/Cache/7e4848229090366086cc7eeb3bfc0798.php 第 273 行.
NOTIC: [8] Use of undefined constant id - assumed 'id' /var/www/html/bobo2/en/Home/Runtime/Cache/7e4848229090366086cc7eeb3bfc0798.php 第 273 行.
NOTIC: [8] Use of undefined constant id - assumed 'id' /var/www/html/bobo2/en/Home/Runtime/Cache/7e4848229090366086cc7eeb3bfc0798.php 第 273 行.
NOTIC: [8] Use of undefined constant id - assumed 'id' /var/www/html/bobo2/en/Home/Runtime/Cache/7e4848229090366086cc7eeb3bfc0798.php 第 277 行.
NOTIC: [8] Use of undefined constant id - assumed 'id' /var/www/html/bobo2/en/Home/Runtime/Cache/7e4848229090366086cc7eeb3bfc0798.php 第 277 行.
NOTIC: [8] Use of undefined constant id - assumed 'id' /var/www/html/bobo2/en/Home/Runtime/Cache/7e4848229090366086cc7eeb3bfc0798.php 第 277 行.
NOTIC: [8] Use of undefined constant id - assumed 'id' /var/www/html/bobo2/en/Home/Runtime/Cache/7e4848229090366086cc7eeb3bfc0798.php 第 277 行.
NOTIC: [8] Use of undefined constant id - assumed 'id' /var/www/html/bobo2/en/Home/Runtime/Cache/7e4848229090366086cc7eeb3bfc0798.php 第 277 行.
NOTIC: [8] Use of undefined constant id - assumed 'id' /var/www/html/bobo2/en/Home/Runtime/Cache/7e4848229090366086cc7eeb3bfc0798.php 第 277 行.
NOTIC: [8] Use of undefined constant id - assumed 'id' /var/www/html/bobo2/en/Home/Runtime/Cache/7e4848229090366086cc7eeb3bfc0798.php 第 277 行.
NOTIC: [8] Use of undefined constant id - assumed 'id' /var/www/html/bobo2/en/Home/Runtime/Cache/7e4848229090366086cc7eeb3bfc0798.php 第 277 行.
NOTIC: [8] Use of undefined constant id - assumed 'id' /var/www/html/bobo2/en/Home/Runtime/Cache/7e4848229090366086cc7eeb3bfc0798.php 第 282 行.
NOTIC: [8] Use of undefined constant id - assumed 'id' /var/www/html/bobo2/en/Home/Runtime/Cache/7e4848229090366086cc7eeb3bfc0798.php 第 282 行.
NOTIC: [8] Use of undefined constant id - assumed 'id' /var/www/html/bobo2/en/Home/Runtime/Cache/7e4848229090366086cc7eeb3bfc0798.php 第 282 行.
NOTIC: [8] Use of undefined constant id - assumed 'id' /var/www/html/bobo2/en/Home/Runtime/Cache/7e4848229090366086cc7eeb3bfc0798.php 第 282 行.
NOTIC: [8] Use of undefined constant id - assumed 'id' /var/www/html/bobo2/en/Home/Runtime/Cache/7e4848229090366086cc7eeb3bfc0798.php 第 282 行.
NOTIC: [8] Use of undefined constant id - assumed 'id' /var/www/html/bobo2/en/Home/Runtime/Cache/7e4848229090366086cc7eeb3bfc0798.php 第 282 行.
NOTIC: [8] Use of undefined constant id - assumed 'id' /var/www/html/bobo2/en/Home/Runtime/Cache/7e4848229090366086cc7eeb3bfc0798.php 第 282 行.
NOTIC: [8] Use of undefined constant id - assumed 'id' /var/www/html/bobo2/en/Home/Runtime/Cache/7e4848229090366086cc7eeb3bfc0798.php 第 282 行.
NOTIC: [8] Use of undefined constant id - assumed 'id' /var/www/html/bobo2/en/Home/Runtime/Cache/7e4848229090366086cc7eeb3bfc0798.php 第 286 行.
NOTIC: [8] Use of undefined constant id - assumed 'id' /var/www/html/bobo2/en/Home/Runtime/Cache/7e4848229090366086cc7eeb3bfc0798.php 第 286 行.
NOTIC: [8] Use of undefined constant id - assumed 'id' /var/www/html/bobo2/en/Home/Runtime/Cache/7e4848229090366086cc7eeb3bfc0798.php 第 286 行.
NOTIC: [8] Use of undefined constant id - assumed 'id' /var/www/html/bobo2/en/Home/Runtime/Cache/7e4848229090366086cc7eeb3bfc0798.php 第 286 行.
NOTIC: [8] Use of undefined constant id - assumed 'id' /var/www/html/bobo2/en/Home/Runtime/Cache/7e4848229090366086cc7eeb3bfc0798.php 第 286 行.
NOTIC: [8] Use of undefined constant id - assumed 'id' /var/www/html/bobo2/en/Home/Runtime/Cache/7e4848229090366086cc7eeb3bfc0798.php 第 286 行.
NOTIC: [8] Use of undefined constant id - assumed 'id' /var/www/html/bobo2/en/Home/Runtime/Cache/7e4848229090366086cc7eeb3bfc0798.php 第 286 行.
NOTIC: [8] Use of undefined constant id - assumed 'id' /var/www/html/bobo2/en/Home/Runtime/Cache/7e4848229090366086cc7eeb3bfc0798.php 第 286 行.
NOTIC: [8] Use of undefined constant id - assumed 'id' /var/www/html/bobo2/en/Home/Runtime/Cache/7e4848229090366086cc7eeb3bfc0798.php 第 291 行.
NOTIC: [8] Use of undefined constant id - assumed 'id' /var/www/html/bobo2/en/Home/Runtime/Cache/7e4848229090366086cc7eeb3bfc0798.php 第 291 行.
NOTIC: [8] Use of undefined constant id - assumed 'id' /var/www/html/bobo2/en/Home/Runtime/Cache/7e4848229090366086cc7eeb3bfc0798.php 第 291 行.
NOTIC: [8] Use of undefined constant id - assumed 'id' /var/www/html/bobo2/en/Home/Runtime/Cache/7e4848229090366086cc7eeb3bfc0798.php 第 291 行.
NOTIC: [8] Use of undefined constant id - assumed 'id' /var/www/html/bobo2/en/Home/Runtime/Cache/7e4848229090366086cc7eeb3bfc0798.php 第 291 行.
NOTIC: [8] Use of undefined constant id - assumed 'id' /var/www/html/bobo2/en/Home/Runtime/Cache/7e4848229090366086cc7eeb3bfc0798.php 第 291 行.
NOTIC: [8] Use of undefined constant id - assumed 'id' /var/www/html/bobo2/en/Home/Runtime/Cache/7e4848229090366086cc7eeb3bfc0798.php 第 291 行.
NOTIC: [8] Use of undefined constant id - assumed 'id' /var/www/html/bobo2/en/Home/Runtime/Cache/7e4848229090366086cc7eeb3bfc0798.php 第 291 行.
NOTIC: [8] Use of undefined constant id - assumed 'id' /var/www/html/bobo2/en/Home/Runtime/Cache/7e4848229090366086cc7eeb3bfc0798.php 第 295 行.
NOTIC: [8] Use of undefined constant id - assumed 'id' /var/www/html/bobo2/en/Home/Runtime/Cache/7e4848229090366086cc7eeb3bfc0798.php 第 295 行.
NOTIC: [8] Use of undefined constant id - assumed 'id' /var/www/html/bobo2/en/Home/Runtime/Cache/7e4848229090366086cc7eeb3bfc0798.php 第 295 行.
NOTIC: [8] Use of undefined constant id - assumed 'id' /var/www/html/bobo2/en/Home/Runtime/Cache/7e4848229090366086cc7eeb3bfc0798.php 第 295 行.
NOTIC: [8] Use of undefined constant id - assumed 'id' /var/www/html/bobo2/en/Home/Runtime/Cache/7e4848229090366086cc7eeb3bfc0798.php 第 295 行.
NOTIC: [8] Use of undefined constant id - assumed 'id' /var/www/html/bobo2/en/Home/Runtime/Cache/7e4848229090366086cc7eeb3bfc0798.php 第 295 行.
NOTIC: [8] Use of undefined constant id - assumed 'id' /var/www/html/bobo2/en/Home/Runtime/Cache/7e4848229090366086cc7eeb3bfc0798.php 第 295 行.
NOTIC: [8] Use of undefined constant id - assumed 'id' /var/www/html/bobo2/en/Home/Runtime/Cache/7e4848229090366086cc7eeb3bfc0798.php 第 295 行.
NOTIC: [8] Use of undefined constant id - assumed 'id' /var/www/html/bobo2/en/Home/Runtime/Cache/7e4848229090366086cc7eeb3bfc0798.php 第 300 行.
NOTIC: [8] Use of undefined constant id - assumed 'id' /var/www/html/bobo2/en/Home/Runtime/Cache/7e4848229090366086cc7eeb3bfc0798.php 第 300 行.
NOTIC: [8] Use of undefined constant id - assumed 'id' /var/www/html/bobo2/en/Home/Runtime/Cache/7e4848229090366086cc7eeb3bfc0798.php 第 300 行.
NOTIC: [8] Use of undefined constant id - assumed 'id' /var/www/html/bobo2/en/Home/Runtime/Cache/7e4848229090366086cc7eeb3bfc0798.php 第 300 行.
NOTIC: [8] Use of undefined constant id - assumed 'id' /var/www/html/bobo2/en/Home/Runtime/Cache/7e4848229090366086cc7eeb3bfc0798.php 第 300 行.
NOTIC: [8] Use of undefined constant id - assumed 'id' /var/www/html/bobo2/en/Home/Runtime/Cache/7e4848229090366086cc7eeb3bfc0798.php 第 300 行.
NOTIC: [8] Use of undefined constant id - assumed 'id' /var/www/html/bobo2/en/Home/Runtime/Cache/7e4848229090366086cc7eeb3bfc0798.php 第 300 行.
NOTIC: [8] Use of undefined constant id - assumed 'id' /var/www/html/bobo2/en/Home/Runtime/Cache/7e4848229090366086cc7eeb3bfc0798.php 第 300 行.
NOTIC: [8] Use of undefined constant id - assumed 'id' /var/www/html/bobo2/en/Home/Runtime/Cache/7e4848229090366086cc7eeb3bfc0798.php 第 304 行.
NOTIC: [8] Use of undefined constant id - assumed 'id' /var/www/html/bobo2/en/Home/Runtime/Cache/7e4848229090366086cc7eeb3bfc0798.php 第 304 行.
NOTIC: [8] Use of undefined constant id - assumed 'id' /var/www/html/bobo2/en/Home/Runtime/Cache/7e4848229090366086cc7eeb3bfc0798.php 第 304 行.
NOTIC: [8] Use of undefined constant id - assumed 'id' /var/www/html/bobo2/en/Home/Runtime/Cache/7e4848229090366086cc7eeb3bfc0798.php 第 304 行.
NOTIC: [8] Use of undefined constant id - assumed 'id' /var/www/html/bobo2/en/Home/Runtime/Cache/7e4848229090366086cc7eeb3bfc0798.php 第 304 行.
NOTIC: [8] Use of undefined constant id - assumed 'id' /var/www/html/bobo2/en/Home/Runtime/Cache/7e4848229090366086cc7eeb3bfc0798.php 第 304 行.
NOTIC: [8] Use of undefined constant id - assumed 'id' /var/www/html/bobo2/en/Home/Runtime/Cache/7e4848229090366086cc7eeb3bfc0798.php 第 304 行.
NOTIC: [8] Use of undefined constant id - assumed 'id' /var/www/html/bobo2/en/Home/Runtime/Cache/7e4848229090366086cc7eeb3bfc0798.php 第 304 行.
INFO: Run ParseTemplate Behavior [ RunTime:0.090065s ]
INFO: [ view_parse ] --END-- [ RunTime:0.090124s ]
INFO: [ view_filter ] --START--
INFO: Run ContentReplace Behavior [ RunTime:0.000515s ]
INFO: Run TokenBuild Behavior [ RunTime:0.000304s ]
INFO: Run WriteHtmlCache Behavior [ RunTime:0.000140s ]
INFO: Run ShowRuntime Behavior [ RunTime:0.000363s ]
INFO: [ view_filter ] --END-- [ RunTime:0.001487s ]
INFO: [ view_end ] --START--
INFO: Run ShowPageTrace Behavior [ RunTime:0.000403s ]
INFO: [ view_end ] --END-- [ RunTime:0.000459s ]

