[ 2017-01-27T20:41:35+08:00 ] 220.181.108.156 /bobo2/en/index.php/Product/product
INFO: [ route_check ] --START--
INFO: Run CheckRoute Behavior [ RunTime:0.000536s ]
INFO: [ route_check ] --END-- [ RunTime:0.000603s ]
INFO: [ app_begin ] --START--
INFO: Run ReadHtmlCache Behavior [ RunTime:0.000316s ]
INFO: [ app_begin ] --END-- [ RunTime:0.000364s ]
SQL: SHOW COLUMNS FROM `en_product` [ RunTime:0.001067s ]
SQL: SHOW COLUMNS FROM `en_category` [ RunTime:0.000878s ]
SQL: SHOW COLUMNS FROM `en_linkage` [ RunTime:0.000801s ]
SQL: SHOW COLUMNS FROM `en_parameter` [ RunTime:0.000616s ]
SQL: SHOW COLUMNS FROM `en_collect` [ RunTime:0.000466s ]
SQL: SHOW COLUMNS FROM `en_content` [ RunTime:0.000855s ]
SQL: SHOW COLUMNS FROM `en_page` [ RunTime:0.000640s ]
SQL: SELECT * FROM `en_page` WHERE ( `catid` = 29 ) LIMIT 1   [ RunTime:0.000295s ]
SQL: SELECT `id`,`catid`,`title`,`headerpic` FROM `en_content` WHERE ( catid=23 and (status=2 or status=3) ) ORDER BY conorder desc,id desc LIMIT 8   [ RunTime:0.000797s ]
SQL: SELECT `id`,`catid`,`title`,`headerpic` FROM `en_content` WHERE ( catid=24 and (status=2 or status=3) ) ORDER BY conorder desc,id desc LIMIT 8   [ RunTime:0.000692s ]
SQL: SELECT `id`,`catid`,`title`,`headerpic` FROM `en_content` WHERE ( catid=25 and (status=2 or status=3) ) ORDER BY conorder desc,id desc LIMIT 8   [ RunTime:0.000634s ]
SQL: SHOW COLUMNS FROM `en_site` [ RunTime:0.000683s ]
SQL: SELECT * FROM `en_site` WHERE ( siteid=1 ) LIMIT 1   [ RunTime:0.000201s ]
SQL: SELECT a.xqstatus,a.title,a.picurlpc,a.catid,a.id,b.id as ppid FROM en_product_price b,en_product a WHERE ( a.posid=1 and a.status=1 and  a.id=b.pid ) ORDER BY a.listorder desc,id desc LIMIT 8   [ RunTime:0.001380s ]
SQL: SHOW COLUMNS FROM `en_video` [ RunTime:0.001031s ]
SQL: SELECT `vtitle`,`headerpic`,`catid` FROM `en_video` WHERE ( catid=26 and (status=2 or status=3) ) ORDER BY listorder desc,vid desc LIMIT 8   [ RunTime:0.000343s ]
SQL: SELECT `vtitle`,`headerpic`,`catid` FROM `en_video` WHERE ( catid=27 and (status=2 or status=3) ) ORDER BY listorder desc,vid desc LIMIT 8   [ RunTime:0.000357s ]
SQL: SELECT `catid`,`catname`,`caturl` FROM `en_category` WHERE ( `catid` IN ('14','15','16','17','18','19','20','21') ) ORDER BY listorder desc,catid desc  [ RunTime:0.000359s ]
NOTIC: [8] Undefined variable: category_list /data/wwwroot/html/bobo2/en/Home/Lib/Action/CommonAction.class.php 第 28 行.
NOTIC: [8] Undefined index: catid /data/wwwroot/html/bobo2/en/Home/Lib/Action/ProductAction.class.php 第 17 行.
NOTIC: [8] Undefined index: linkageid /data/wwwroot/html/bobo2/en/Home/Lib/Action/ProductAction.class.php 第 18 行.
NOTIC: [8] Undefined index: price_search /data/wwwroot/html/bobo2/en/Home/Lib/Action/ProductAction.class.php 第 19 行.
NOTIC: [8] Undefined index: texturelist_search /data/wwwroot/html/bobo2/en/Home/Lib/Action/ProductAction.class.php 第 20 行.
NOTIC: [8] Undefined index: capacity_search /data/wwwroot/html/bobo2/en/Home/Lib/Action/ProductAction.class.php 第 21 行.
SQL: SELECT `catid`,`catname`,`caturl` FROM `en_category` WHERE ( `catid` IN ('14','15','16','17','18','19','20','21') ) ORDER BY listorder desc,catid desc  [ RunTime:0.000271s ]
NOTIC: [8] Undefined index: bobo_pc_user_id /data/wwwroot/html/bobo2/en/Home/Lib/Action/ProductAction.class.php 第 24 行.
NOTIC: [8] Undefined variable: pro_list_fw /data/wwwroot/html/bobo2/en/Home/Lib/Action/ProductAction.class.php 第 45 行.
SQL: SELECT `colorname`,`id` FROM `en_parameter` WHERE ( typeid=1 and status=1 ) ORDER BY listorder desc,id desc  [ RunTime:0.000264s ]
SQL: SELECT a.xqstatus,a.title,a.picurlpc,a.catid,a.id,b.capacity,b.price,b.id as ppid,a.colorlist,b.fmpicurl FROM en_product_price b,en_product a WHERE ( a.posid=1 and a.status=1 and  a.id=b.pid ) ORDER BY a.listorder desc,id desc  [ RunTime:0.001200s ]
SQL: SELECT `catname` FROM `en_category` WHERE ( catid=14 ) LIMIT 1   [ RunTime:0.000246s ]
SQL: SELECT `colorname` FROM `en_parameter` WHERE ( `id` IN ('12','8','1','6') )  [ RunTime:0.000202s ]
SQL: SELECT `catname` FROM `en_category` WHERE ( catid=14 ) LIMIT 1   [ RunTime:0.000190s ]
SQL: SELECT `colorname` FROM `en_parameter` WHERE ( `id` IN ('12','8','1','6') )  [ RunTime:0.000258s ]
SQL: SELECT `catname` FROM `en_category` WHERE ( catid=14 ) LIMIT 1   [ RunTime:0.000177s ]
SQL: SELECT `colorname` FROM `en_parameter` WHERE ( `id` IN ('12','8','1','6') )  [ RunTime:0.000243s ]
SQL: SELECT `catname` FROM `en_category` WHERE ( catid=14 ) LIMIT 1   [ RunTime:0.000239s ]
SQL: SELECT `colorname` FROM `en_parameter` WHERE ( `id` IN ('12','8','1','6') )  [ RunTime:0.000227s ]
SQL: SELECT `catname` FROM `en_category` WHERE ( catid=14 ) LIMIT 1   [ RunTime:0.000200s ]
SQL: SELECT `colorname` FROM `en_parameter` WHERE ( `id` IN ('12','4','1','6') )  [ RunTime:0.000237s ]
SQL: SELECT `catname` FROM `en_category` WHERE ( catid=14 ) LIMIT 1   [ RunTime:0.000229s ]
SQL: SELECT `colorname` FROM `en_parameter` WHERE ( `id` IN ('12','4','1','6') )  [ RunTime:0.000246s ]
SQL: SELECT `catname` FROM `en_category` WHERE ( catid=14 ) LIMIT 1   [ RunTime:0.000262s ]
SQL: SELECT `colorname` FROM `en_parameter` WHERE ( `id` IN ('12','4','1','6') )  [ RunTime:0.000219s ]
SQL: SELECT `catname` FROM `en_category` WHERE ( catid=14 ) LIMIT 1   [ RunTime:0.000201s ]
SQL: SELECT `colorname` FROM `en_parameter` WHERE ( `id` IN ('12','4','1','6') )  [ RunTime:0.000214s ]
SQL: SELECT `catname` FROM `en_category` WHERE ( catid=14 ) LIMIT 1   [ RunTime:0.000219s ]
SQL: SELECT `colorname` FROM `en_parameter` WHERE ( `id` IN ('1','7','8') )  [ RunTime:0.000264s ]
SQL: SELECT `catname` FROM `en_category` WHERE ( catid=14 ) LIMIT 1   [ RunTime:0.000236s ]
SQL: SELECT `colorname` FROM `en_parameter` WHERE ( `id` IN ('1','8','7','1','6','8','1','12','8') )  [ RunTime:0.000245s ]
SQL: SELECT `catname` FROM `en_category` WHERE ( catid=14 ) LIMIT 1   [ RunTime:0.000235s ]
SQL: SELECT `colorname` FROM `en_parameter` WHERE ( `id` IN ('1') )  [ RunTime:0.001303s ]
SQL: SELECT `catname` FROM `en_category` WHERE ( catid=14 ) LIMIT 1   [ RunTime:0.000193s ]
SQL: SELECT `colorname` FROM `en_parameter` WHERE ( `id` IN ('12','7','6') )  [ RunTime:0.000198s ]
SQL: SELECT `catname` FROM `en_category` WHERE ( catid=14 ) LIMIT 1   [ RunTime:0.000195s ]
SQL: SELECT `colorname` FROM `en_parameter` WHERE ( `id` IN ('4','7','1','6') )  [ RunTime:0.000204s ]
INFO: [ view_template ] --START--
INFO: Run LocationTemplate Behavior [ RunTime:0.000345s ]
INFO: [ view_template ] --END-- [ RunTime:0.000401s ]
INFO: [ view_parse ] --START--
NOTIC: [8] A session had already been started - ignoring session_start() /data/wwwroot/html/bobo2/en/Home/Runtime/Cache/f4b6a5a0a2edf925d4a608324d63310b.php 第 78 行.
NOTIC: [8] Undefined index: bobo_pc_user_id /data/wwwroot/html/bobo2/en/Home/Runtime/Cache/f4b6a5a0a2edf925d4a608324d63310b.php 第 78 行.
NOTIC: [8] Undefined index: bobo_pc_user_id /data/wwwroot/html/bobo2/en/Home/Runtime/Cache/f4b6a5a0a2edf925d4a608324d63310b.php 第 85 行.
NOTIC: [8] Undefined index: bobo_pc_user_name /data/wwwroot/html/bobo2/en/Home/Runtime/Cache/f4b6a5a0a2edf925d4a608324d63310b.php 第 85 行.
NOTIC: [8] Undefined variable: k /data/wwwroot/html/bobo2/en/Home/Runtime/Cache/f4b6a5a0a2edf925d4a608324d63310b.php 第 112 行.
NOTIC: [8] Use of undefined constant catid - assumed 'catid' /data/wwwroot/html/bobo2/en/Home/Runtime/Cache/f4b6a5a0a2edf925d4a608324d63310b.php 第 115 行.
NOTIC: [8] Use of undefined constant id - assumed 'id' /data/wwwroot/html/bobo2/en/Home/Runtime/Cache/f4b6a5a0a2edf925d4a608324d63310b.php 第 115 行.
NOTIC: [8] Use of undefined constant catid - assumed 'catid' /data/wwwroot/html/bobo2/en/Home/Runtime/Cache/f4b6a5a0a2edf925d4a608324d63310b.php 第 115 行.
NOTIC: [8] Use of undefined constant id - assumed 'id' /data/wwwroot/html/bobo2/en/Home/Runtime/Cache/f4b6a5a0a2edf925d4a608324d63310b.php 第 115 行.
NOTIC: [8] Use of undefined constant catid - assumed 'catid' /data/wwwroot/html/bobo2/en/Home/Runtime/Cache/f4b6a5a0a2edf925d4a608324d63310b.php 第 115 行.
NOTIC: [8] Use of undefined constant id - assumed 'id' /data/wwwroot/html/bobo2/en/Home/Runtime/Cache/f4b6a5a0a2edf925d4a608324d63310b.php 第 115 行.
NOTIC: [8] Use of undefined constant catid - assumed 'catid' /data/wwwroot/html/bobo2/en/Home/Runtime/Cache/f4b6a5a0a2edf925d4a608324d63310b.php 第 115 行.
NOTIC: [8] Use of undefined constant id - assumed 'id' /data/wwwroot/html/bobo2/en/Home/Runtime/Cache/f4b6a5a0a2edf925d4a608324d63310b.php 第 115 行.
NOTIC: [8] Use of undefined constant catid - assumed 'catid' /data/wwwroot/html/bobo2/en/Home/Runtime/Cache/f4b6a5a0a2edf925d4a608324d63310b.php 第 115 行.
NOTIC: [8] Use of undefined constant id - assumed 'id' /data/wwwroot/html/bobo2/en/Home/Runtime/Cache/f4b6a5a0a2edf925d4a608324d63310b.php 第 115 行.
NOTIC: [8] Use of undefined constant catid - assumed 'catid' /data/wwwroot/html/bobo2/en/Home/Runtime/Cache/f4b6a5a0a2edf925d4a608324d63310b.php 第 115 行.
NOTIC: [8] Use of undefined constant id - assumed 'id' /data/wwwroot/html/bobo2/en/Home/Runtime/Cache/f4b6a5a0a2edf925d4a608324d63310b.php 第 115 行.
NOTIC: [8] Use of undefined constant catid - assumed 'catid' /data/wwwroot/html/bobo2/en/Home/Runtime/Cache/f4b6a5a0a2edf925d4a608324d63310b.php 第 115 行.
NOTIC: [8] Use of undefined constant id - assumed 'id' /data/wwwroot/html/bobo2/en/Home/Runtime/Cache/f4b6a5a0a2edf925d4a608324d63310b.php 第 115 行.
NOTIC: [8] Use of undefined constant catid - assumed 'catid' /data/wwwroot/html/bobo2/en/Home/Runtime/Cache/f4b6a5a0a2edf925d4a608324d63310b.php 第 115 行.
NOTIC: [8] Use of undefined constant id - assumed 'id' /data/wwwroot/html/bobo2/en/Home/Runtime/Cache/f4b6a5a0a2edf925d4a608324d63310b.php 第 115 行.
NOTIC: [8] Use of undefined constant catid - assumed 'catid' /data/wwwroot/html/bobo2/en/Home/Runtime/Cache/f4b6a5a0a2edf925d4a608324d63310b.php 第 118 行.
NOTIC: [8] Use of undefined constant id - assumed 'id' /data/wwwroot/html/bobo2/en/Home/Runtime/Cache/f4b6a5a0a2edf925d4a608324d63310b.php 第 118 行.
NOTIC: [8] Use of undefined constant catid - assumed 'catid' /data/wwwroot/html/bobo2/en/Home/Runtime/Cache/f4b6a5a0a2edf925d4a608324d63310b.php 第 118 行.
NOTIC: [8] Use of undefined constant id - assumed 'id' /data/wwwroot/html/bobo2/en/Home/Runtime/Cache/f4b6a5a0a2edf925d4a608324d63310b.php 第 118 行.
NOTIC: [8] Use of undefined constant catid - assumed 'catid' /data/wwwroot/html/bobo2/en/Home/Runtime/Cache/f4b6a5a0a2edf925d4a608324d63310b.php 第 118 行.
NOTIC: [8] Use of undefined constant id - assumed 'id' /data/wwwroot/html/bobo2/en/Home/Runtime/Cache/f4b6a5a0a2edf925d4a608324d63310b.php 第 118 行.
NOTIC: [8] Use of undefined constant catid - assumed 'catid' /data/wwwroot/html/bobo2/en/Home/Runtime/Cache/f4b6a5a0a2edf925d4a608324d63310b.php 第 118 行.
NOTIC: [8] Use of undefined constant id - assumed 'id' /data/wwwroot/html/bobo2/en/Home/Runtime/Cache/f4b6a5a0a2edf925d4a608324d63310b.php 第 118 行.
NOTIC: [8] Use of undefined constant catid - assumed 'catid' /data/wwwroot/html/bobo2/en/Home/Runtime/Cache/f4b6a5a0a2edf925d4a608324d63310b.php 第 121 行.
NOTIC: [8] Use of undefined constant id - assumed 'id' /data/wwwroot/html/bobo2/en/Home/Runtime/Cache/f4b6a5a0a2edf925d4a608324d63310b.php 第 121 行.
NOTIC: [8] Use of undefined constant catid - assumed 'catid' /data/wwwroot/html/bobo2/en/Home/Runtime/Cache/f4b6a5a0a2edf925d4a608324d63310b.php 第 146 行.
NOTIC: [8] Use of undefined constant id - assumed 'id' /data/wwwroot/html/bobo2/en/Home/Runtime/Cache/f4b6a5a0a2edf925d4a608324d63310b.php 第 146 行.
NOTIC: [8] Use of undefined constant ppid - assumed 'ppid' /data/wwwroot/html/bobo2/en/Home/Runtime/Cache/f4b6a5a0a2edf925d4a608324d63310b.php 第 146 行.
NOTIC: [8] Use of undefined constant catid - assumed 'catid' /data/wwwroot/html/bobo2/en/Home/Runtime/Cache/f4b6a5a0a2edf925d4a608324d63310b.php 第 146 行.
NOTIC: [8] Use of undefined constant id - assumed 'id' /data/wwwroot/html/bobo2/en/Home/Runtime/Cache/f4b6a5a0a2edf925d4a608324d63310b.php 第 146 行.
NOTIC: [8] Use of undefined constant ppid - assumed 'ppid' /data/wwwroot/html/bobo2/en/Home/Runtime/Cache/f4b6a5a0a2edf925d4a608324d63310b.php 第 146 行.
NOTIC: [8] Use of undefined constant catid - assumed 'catid' /data/wwwroot/html/bobo2/en/Home/Runtime/Cache/f4b6a5a0a2edf925d4a608324d63310b.php 第 146 行.
NOTIC: [8] Use of undefined constant id - assumed 'id' /data/wwwroot/html/bobo2/en/Home/Runtime/Cache/f4b6a5a0a2edf925d4a608324d63310b.php 第 146 行.
NOTIC: [8] Use of undefined constant ppid - assumed 'ppid' /data/wwwroot/html/bobo2/en/Home/Runtime/Cache/f4b6a5a0a2edf925d4a608324d63310b.php 第 146 行.
NOTIC: [8] Use of undefined constant catid - assumed 'catid' /data/wwwroot/html/bobo2/en/Home/Runtime/Cache/f4b6a5a0a2edf925d4a608324d63310b.php 第 146 行.
NOTIC: [8] Use of undefined constant id - assumed 'id' /data/wwwroot/html/bobo2/en/Home/Runtime/Cache/f4b6a5a0a2edf925d4a608324d63310b.php 第 146 行.
NOTIC: [8] Use of undefined constant ppid - assumed 'ppid' /data/wwwroot/html/bobo2/en/Home/Runtime/Cache/f4b6a5a0a2edf925d4a608324d63310b.php 第 146 行.
NOTIC: [8] Use of undefined constant catid - assumed 'catid' /data/wwwroot/html/bobo2/en/Home/Runtime/Cache/f4b6a5a0a2edf925d4a608324d63310b.php 第 146 行.
NOTIC: [8] Use of undefined constant id - assumed 'id' /data/wwwroot/html/bobo2/en/Home/Runtime/Cache/f4b6a5a0a2edf925d4a608324d63310b.php 第 146 行.
NOTIC: [8] Use of undefined constant ppid - assumed 'ppid' /data/wwwroot/html/bobo2/en/Home/Runtime/Cache/f4b6a5a0a2edf925d4a608324d63310b.php 第 146 行.
NOTIC: [8] Use of undefined constant catid - assumed 'catid' /data/wwwroot/html/bobo2/en/Home/Runtime/Cache/f4b6a5a0a2edf925d4a608324d63310b.php 第 146 行.
NOTIC: [8] Use of undefined constant id - assumed 'id' /data/wwwroot/html/bobo2/en/Home/Runtime/Cache/f4b6a5a0a2edf925d4a608324d63310b.php 第 146 行.
NOTIC: [8] Use of undefined constant ppid - assumed 'ppid' /data/wwwroot/html/bobo2/en/Home/Runtime/Cache/f4b6a5a0a2edf925d4a608324d63310b.php 第 146 行.
NOTIC: [8] Use of undefined constant catid - assumed 'catid' /data/wwwroot/html/bobo2/en/Home/Runtime/Cache/f4b6a5a0a2edf925d4a608324d63310b.php 第 146 行.
NOTIC: [8] Use of undefined constant id - assumed 'id' /data/wwwroot/html/bobo2/en/Home/Runtime/Cache/f4b6a5a0a2edf925d4a608324d63310b.php 第 146 行.
NOTIC: [8] Use of undefined constant ppid - assumed 'ppid' /data/wwwroot/html/bobo2/en/Home/Runtime/Cache/f4b6a5a0a2edf925d4a608324d63310b.php 第 146 行.
NOTIC: [8] Use of undefined constant catid - assumed 'catid' /data/wwwroot/html/bobo2/en/Home/Runtime/Cache/f4b6a5a0a2edf925d4a608324d63310b.php 第 146 行.
NOTIC: [8] Use of undefined constant id - assumed 'id' /data/wwwroot/html/bobo2/en/Home/Runtime/Cache/f4b6a5a0a2edf925d4a608324d63310b.php 第 146 行.
NOTIC: [8] Use of undefined constant ppid - assumed 'ppid' /data/wwwroot/html/bobo2/en/Home/Runtime/Cache/f4b6a5a0a2edf925d4a608324d63310b.php 第 146 行.
NOTIC: [8] Use of undefined constant catid - assumed 'catid' /data/wwwroot/html/bobo2/en/Home/Runtime/Cache/f4b6a5a0a2edf925d4a608324d63310b.php 第 150 行.
NOTIC: [8] Use of undefined constant catid - assumed 'catid' /data/wwwroot/html/bobo2/en/Home/Runtime/Cache/f4b6a5a0a2edf925d4a608324d63310b.php 第 150 行.
NOTIC: [8] Use of undefined constant catid - assumed 'catid' /data/wwwroot/html/bobo2/en/Home/Runtime/Cache/f4b6a5a0a2edf925d4a608324d63310b.php 第 150 行.
NOTIC: [8] Use of undefined constant catid - assumed 'catid' /data/wwwroot/html/bobo2/en/Home/Runtime/Cache/f4b6a5a0a2edf925d4a608324d63310b.php 第 150 行.
NOTIC: [8] Use of undefined constant catid - assumed 'catid' /data/wwwroot/html/bobo2/en/Home/Runtime/Cache/f4b6a5a0a2edf925d4a608324d63310b.php 第 150 行.
NOTIC: [8] Use of undefined constant catid - assumed 'catid' /data/wwwroot/html/bobo2/en/Home/Runtime/Cache/f4b6a5a0a2edf925d4a608324d63310b.php 第 150 行.
NOTIC: [8] Use of undefined constant catid - assumed 'catid' /data/wwwroot/html/bobo2/en/Home/Runtime/Cache/f4b6a5a0a2edf925d4a608324d63310b.php 第 150 行.
NOTIC: [8] Use of undefined constant catid - assumed 'catid' /data/wwwroot/html/bobo2/en/Home/Runtime/Cache/f4b6a5a0a2edf925d4a608324d63310b.php 第 150 行.
NOTIC: [8] Use of undefined constant catid - assumed 'catid' /data/wwwroot/html/bobo2/en/Home/Runtime/Cache/f4b6a5a0a2edf925d4a608324d63310b.php 第 154 行.
NOTIC: [8] Use of undefined constant catid - assumed 'catid' /data/wwwroot/html/bobo2/en/Home/Runtime/Cache/f4b6a5a0a2edf925d4a608324d63310b.php 第 154 行.
NOTIC: [8] Use of undefined constant catid - assumed 'catid' /data/wwwroot/html/bobo2/en/Home/Runtime/Cache/f4b6a5a0a2edf925d4a608324d63310b.php 第 154 行.
NOTIC: [8] Use of undefined constant catid - assumed 'catid' /data/wwwroot/html/bobo2/en/Home/Runtime/Cache/f4b6a5a0a2edf925d4a608324d63310b.php 第 154 行.
NOTIC: [8] Use of undefined constant catid - assumed 'catid' /data/wwwroot/html/bobo2/en/Home/Runtime/Cache/f4b6a5a0a2edf925d4a608324d63310b.php 第 154 行.
NOTIC: [8] Use of undefined constant catid - assumed 'catid' /data/wwwroot/html/bobo2/en/Home/Runtime/Cache/f4b6a5a0a2edf925d4a608324d63310b.php 第 154 行.
NOTIC: [8] Use of undefined constant catid - assumed 'catid' /data/wwwroot/html/bobo2/en/Home/Runtime/Cache/f4b6a5a0a2edf925d4a608324d63310b.php 第 154 行.
NOTIC: [8] Use of undefined constant catid - assumed 'catid' /data/wwwroot/html/bobo2/en/Home/Runtime/Cache/f4b6a5a0a2edf925d4a608324d63310b.php 第 157 行.
NOTIC: [8] Use of undefined constant catid - assumed 'catid' /data/wwwroot/html/bobo2/en/Home/Runtime/Cache/f4b6a5a0a2edf925d4a608324d63310b.php 第 157 行.
NOTIC: [8] Use of undefined constant catid - assumed 'catid' /data/wwwroot/html/bobo2/en/Home/Runtime/Cache/f4b6a5a0a2edf925d4a608324d63310b.php 第 157 行.
NOTIC: [8] Use of undefined constant catid - assumed 'catid' /data/wwwroot/html/bobo2/en/Home/Runtime/Cache/f4b6a5a0a2edf925d4a608324d63310b.php 第 157 行.
NOTIC: [8] Use of undefined constant catid - assumed 'catid' /data/wwwroot/html/bobo2/en/Home/Runtime/Cache/f4b6a5a0a2edf925d4a608324d63310b.php 第 157 行.
NOTIC: [8] Use of undefined constant catid - assumed 'catid' /data/wwwroot/html/bobo2/en/Home/Runtime/Cache/f4b6a5a0a2edf925d4a608324d63310b.php 第 157 行.
NOTIC: [8] Use of undefined constant catid - assumed 'catid' /data/wwwroot/html/bobo2/en/Home/Runtime/Cache/f4b6a5a0a2edf925d4a608324d63310b.php 第 157 行.
NOTIC: [8] Use of undefined constant catid - assumed 'catid' /data/wwwroot/html/bobo2/en/Home/Runtime/Cache/f4b6a5a0a2edf925d4a608324d63310b.php 第 157 行.
NOTIC: [8] Use of undefined constant catid - assumed 'catid' /data/wwwroot/html/bobo2/en/Home/Runtime/Cache/f4b6a5a0a2edf925d4a608324d63310b.php 第 180 行.
NOTIC: [8] Use of undefined constant id - assumed 'id' /data/wwwroot/html/bobo2/en/Home/Runtime/Cache/f4b6a5a0a2edf925d4a608324d63310b.php 第 180 行.
NOTIC: [8] Use of undefined constant ppid - assumed 'ppid' /data/wwwroot/html/bobo2/en/Home/Runtime/Cache/f4b6a5a0a2edf925d4a608324d63310b.php 第 180 行.
NOTIC: [8] Use of undefined constant catid - assumed 'catid' /data/wwwroot/html/bobo2/en/Home/Runtime/Cache/f4b6a5a0a2edf925d4a608324d63310b.php 第 180 行.
NOTIC: [8] Use of undefined constant id - assumed 'id' /data/wwwroot/html/bobo2/en/Home/Runtime/Cache/f4b6a5a0a2edf925d4a608324d63310b.php 第 180 行.
NOTIC: [8] Use of undefined constant ppid - assumed 'ppid' /data/wwwroot/html/bobo2/en/Home/Runtime/Cache/f4b6a5a0a2edf925d4a608324d63310b.php 第 180 行.
NOTIC: [8] Use of undefined constant catid - assumed 'catid' /data/wwwroot/html/bobo2/en/Home/Runtime/Cache/f4b6a5a0a2edf925d4a608324d63310b.php 第 180 行.
NOTIC: [8] Use of undefined constant id - assumed 'id' /data/wwwroot/html/bobo2/en/Home/Runtime/Cache/f4b6a5a0a2edf925d4a608324d63310b.php 第 180 行.
NOTIC: [8] Use of undefined constant ppid - assumed 'ppid' /data/wwwroot/html/bobo2/en/Home/Runtime/Cache/f4b6a5a0a2edf925d4a608324d63310b.php 第 180 行.
NOTIC: [8] Use of undefined constant catid - assumed 'catid' /data/wwwroot/html/bobo2/en/Home/Runtime/Cache/f4b6a5a0a2edf925d4a608324d63310b.php 第 180 行.
NOTIC: [8] Use of undefined constant id - assumed 'id' /data/wwwroot/html/bobo2/en/Home/Runtime/Cache/f4b6a5a0a2edf925d4a608324d63310b.php 第 180 行.
NOTIC: [8] Use of undefined constant ppid - assumed 'ppid' /data/wwwroot/html/bobo2/en/Home/Runtime/Cache/f4b6a5a0a2edf925d4a608324d63310b.php 第 180 行.
NOTIC: [8] Use of undefined constant catid - assumed 'catid' /data/wwwroot/html/bobo2/en/Home/Runtime/Cache/f4b6a5a0a2edf925d4a608324d63310b.php 第 180 行.
NOTIC: [8] Use of undefined constant id - assumed 'id' /data/wwwroot/html/bobo2/en/Home/Runtime/Cache/f4b6a5a0a2edf925d4a608324d63310b.php 第 180 行.
NOTIC: [8] Use of undefined constant ppid - assumed 'ppid' /data/wwwroot/html/bobo2/en/Home/Runtime/Cache/f4b6a5a0a2edf925d4a608324d63310b.php 第 180 行.
NOTIC: [8] Use of undefined constant catid - assumed 'catid' /data/wwwroot/html/bobo2/en/Home/Runtime/Cache/f4b6a5a0a2edf925d4a608324d63310b.php 第 180 行.
NOTIC: [8] Use of undefined constant id - assumed 'id' /data/wwwroot/html/bobo2/en/Home/Runtime/Cache/f4b6a5a0a2edf925d4a608324d63310b.php 第 180 行.
NOTIC: [8] Use of undefined constant ppid - assumed 'ppid' /data/wwwroot/html/bobo2/en/Home/Runtime/Cache/f4b6a5a0a2edf925d4a608324d63310b.php 第 180 行.
NOTIC: [8] Use of undefined constant catid - assumed 'catid' /data/wwwroot/html/bobo2/en/Home/Runtime/Cache/f4b6a5a0a2edf925d4a608324d63310b.php 第 180 行.
NOTIC: [8] Use of undefined constant id - assumed 'id' /data/wwwroot/html/bobo2/en/Home/Runtime/Cache/f4b6a5a0a2edf925d4a608324d63310b.php 第 180 行.
NOTIC: [8] Use of undefined constant ppid - assumed 'ppid' /data/wwwroot/html/bobo2/en/Home/Runtime/Cache/f4b6a5a0a2edf925d4a608324d63310b.php 第 180 行.
NOTIC: [8] Use of undefined constant catid - assumed 'catid' /data/wwwroot/html/bobo2/en/Home/Runtime/Cache/f4b6a5a0a2edf925d4a608324d63310b.php 第 180 行.
NOTIC: [8] Use of undefined constant id - assumed 'id' /data/wwwroot/html/bobo2/en/Home/Runtime/Cache/f4b6a5a0a2edf925d4a608324d63310b.php 第 180 行.
NOTIC: [8] Use of undefined constant ppid - assumed 'ppid' /data/wwwroot/html/bobo2/en/Home/Runtime/Cache/f4b6a5a0a2edf925d4a608324d63310b.php 第 180 行.
NOTIC: [8] Use of undefined constant catid - assumed 'catid' /data/wwwroot/html/bobo2/en/Home/Runtime/Cache/f4b6a5a0a2edf925d4a608324d63310b.php 第 184 行.
NOTIC: [8] Use of undefined constant catid - assumed 'catid' /data/wwwroot/html/bobo2/en/Home/Runtime/Cache/f4b6a5a0a2edf925d4a608324d63310b.php 第 184 行.
NOTIC: [8] Use of undefined constant catid - assumed 'catid' /data/wwwroot/html/bobo2/en/Home/Runtime/Cache/f4b6a5a0a2edf925d4a608324d63310b.php 第 184 行.
NOTIC: [8] Use of undefined constant catid - assumed 'catid' /data/wwwroot/html/bobo2/en/Home/Runtime/Cache/f4b6a5a0a2edf925d4a608324d63310b.php 第 184 行.
NOTIC: [8] Use of undefined constant catid - assumed 'catid' /data/wwwroot/html/bobo2/en/Home/Runtime/Cache/f4b6a5a0a2edf925d4a608324d63310b.php 第 184 行.
NOTIC: [8] Use of undefined constant catid - assumed 'catid' /data/wwwroot/html/bobo2/en/Home/Runtime/Cache/f4b6a5a0a2edf925d4a608324d63310b.php 第 184 行.
NOTIC: [8] Use of undefined constant catid - assumed 'catid' /data/wwwroot/html/bobo2/en/Home/Runtime/Cache/f4b6a5a0a2edf925d4a608324d63310b.php 第 184 行.
NOTIC: [8] Use of undefined constant catid - assumed 'catid' /data/wwwroot/html/bobo2/en/Home/Runtime/Cache/f4b6a5a0a2edf925d4a608324d63310b.php 第 184 行.
NOTIC: [8] Use of undefined constant catid - assumed 'catid' /data/wwwroot/html/bobo2/en/Home/Runtime/Cache/f4b6a5a0a2edf925d4a608324d63310b.php 第 188 行.
NOTIC: [8] Use of undefined constant catid - assumed 'catid' /data/wwwroot/html/bobo2/en/Home/Runtime/Cache/f4b6a5a0a2edf925d4a608324d63310b.php 第 188 行.
NOTIC: [8] Use of undefined constant catid - assumed 'catid' /data/wwwroot/html/bobo2/en/Home/Runtime/Cache/f4b6a5a0a2edf925d4a608324d63310b.php 第 188 行.
NOTIC: [8] Use of undefined constant catid - assumed 'catid' /data/wwwroot/html/bobo2/en/Home/Runtime/Cache/f4b6a5a0a2edf925d4a608324d63310b.php 第 188 行.
NOTIC: [8] Use of undefined constant catid - assumed 'catid' /data/wwwroot/html/bobo2/en/Home/Runtime/Cache/f4b6a5a0a2edf925d4a608324d63310b.php 第 188 行.
NOTIC: [8] Use of undefined constant catid - assumed 'catid' /data/wwwroot/html/bobo2/en/Home/Runtime/Cache/f4b6a5a0a2edf925d4a608324d63310b.php 第 188 行.
NOTIC: [8] Use of undefined constant catid - assumed 'catid' /data/wwwroot/html/bobo2/en/Home/Runtime/Cache/f4b6a5a0a2edf925d4a608324d63310b.php 第 188 行.
NOTIC: [8] Use of undefined constant catid - assumed 'catid' /data/wwwroot/html/bobo2/en/Home/Runtime/Cache/f4b6a5a0a2edf925d4a608324d63310b.php 第 191 行.
NOTIC: [8] Use of undefined constant catid - assumed 'catid' /data/wwwroot/html/bobo2/en/Home/Runtime/Cache/f4b6a5a0a2edf925d4a608324d63310b.php 第 191 行.
NOTIC: [8] Use of undefined constant catid - assumed 'catid' /data/wwwroot/html/bobo2/en/Home/Runtime/Cache/f4b6a5a0a2edf925d4a608324d63310b.php 第 191 行.
NOTIC: [8] Use of undefined constant catid - assumed 'catid' /data/wwwroot/html/bobo2/en/Home/Runtime/Cache/f4b6a5a0a2edf925d4a608324d63310b.php 第 191 行.
NOTIC: [8] Use of undefined constant catid - assumed 'catid' /data/wwwroot/html/bobo2/en/Home/Runtime/Cache/f4b6a5a0a2edf925d4a608324d63310b.php 第 191 行.
NOTIC: [8] Use of undefined constant catid - assumed 'catid' /data/wwwroot/html/bobo2/en/Home/Runtime/Cache/f4b6a5a0a2edf925d4a608324d63310b.php 第 191 行.
NOTIC: [8] Use of undefined constant catid - assumed 'catid' /data/wwwroot/html/bobo2/en/Home/Runtime/Cache/f4b6a5a0a2edf925d4a608324d63310b.php 第 191 行.
NOTIC: [8] Use of undefined constant catid - assumed 'catid' /data/wwwroot/html/bobo2/en/Home/Runtime/Cache/f4b6a5a0a2edf925d4a608324d63310b.php 第 191 行.
NOTIC: [8] Use of undefined constant catid - assumed 'catid' /data/wwwroot/html/bobo2/en/Home/Runtime/Cache/f4b6a5a0a2edf925d4a608324d63310b.php 第 265 行.
NOTIC: [8] Use of undefined constant catid - assumed 'catid' /data/wwwroot/html/bobo2/en/Home/Runtime/Cache/f4b6a5a0a2edf925d4a608324d63310b.php 第 265 行.
NOTIC: [8] Undefined index: catid /data/wwwroot/html/bobo2/en/Home/Runtime/Cache/f4b6a5a0a2edf925d4a608324d63310b.php 第 265 行.
NOTIC: [8] Use of undefined constant catid - assumed 'catid' /data/wwwroot/html/bobo2/en/Home/Runtime/Cache/f4b6a5a0a2edf925d4a608324d63310b.php 第 265 行.
NOTIC: [8] Use of undefined constant catid - assumed 'catid' /data/wwwroot/html/bobo2/en/Home/Runtime/Cache/f4b6a5a0a2edf925d4a608324d63310b.php 第 265 行.
NOTIC: [8] Use of undefined constant catid - assumed 'catid' /data/wwwroot/html/bobo2/en/Home/Runtime/Cache/f4b6a5a0a2edf925d4a608324d63310b.php 第 265 行.
NOTIC: [8] Undefined index: catid /data/wwwroot/html/bobo2/en/Home/Runtime/Cache/f4b6a5a0a2edf925d4a608324d63310b.php 第 265 行.
NOTIC: [8] Use of undefined constant catid - assumed 'catid' /data/wwwroot/html/bobo2/en/Home/Runtime/Cache/f4b6a5a0a2edf925d4a608324d63310b.php 第 265 行.
NOTIC: [8] Use of undefined constant catid - assumed 'catid' /data/wwwroot/html/bobo2/en/Home/Runtime/Cache/f4b6a5a0a2edf925d4a608324d63310b.php 第 265 行.
NOTIC: [8] Use of undefined constant catid - assumed 'catid' /data/wwwroot/html/bobo2/en/Home/Runtime/Cache/f4b6a5a0a2edf925d4a608324d63310b.php 第 265 行.
NOTIC: [8] Undefined index: catid /data/wwwroot/html/bobo2/en/Home/Runtime/Cache/f4b6a5a0a2edf925d4a608324d63310b.php 第 265 行.
NOTIC: [8] Use of undefined constant catid - assumed 'catid' /data/wwwroot/html/bobo2/en/Home/Runtime/Cache/f4b6a5a0a2edf925d4a608324d63310b.php 第 265 行.
NOTIC: [8] Use of undefined constant catid - assumed 'catid' /data/wwwroot/html/bobo2/en/Home/Runtime/Cache/f4b6a5a0a2edf925d4a608324d63310b.php 第 265 行.
NOTIC: [8] Use of undefined constant catid - assumed 'catid' /data/wwwroot/html/bobo2/en/Home/Runtime/Cache/f4b6a5a0a2edf925d4a608324d63310b.php 第 265 行.
NOTIC: [8] Undefined index: catid /data/wwwroot/html/bobo2/en/Home/Runtime/Cache/f4b6a5a0a2edf925d4a608324d63310b.php 第 265 行.
NOTIC: [8] Use of undefined constant catid - assumed 'catid' /data/wwwroot/html/bobo2/en/Home/Runtime/Cache/f4b6a5a0a2edf925d4a608324d63310b.php 第 265 行.
NOTIC: [8] Use of undefined constant catid - assumed 'catid' /data/wwwroot/html/bobo2/en/Home/Runtime/Cache/f4b6a5a0a2edf925d4a608324d63310b.php 第 265 行.
NOTIC: [8] Use of undefined constant catid - assumed 'catid' /data/wwwroot/html/bobo2/en/Home/Runtime/Cache/f4b6a5a0a2edf925d4a608324d63310b.php 第 265 行.
NOTIC: [8] Undefined index: catid /data/wwwroot/html/bobo2/en/Home/Runtime/Cache/f4b6a5a0a2edf925d4a608324d63310b.php 第 265 行.
NOTIC: [8] Use of undefined constant catid - assumed 'catid' /data/wwwroot/html/bobo2/en/Home/Runtime/Cache/f4b6a5a0a2edf925d4a608324d63310b.php 第 265 行.
NOTIC: [8] Use of undefined constant catid - assumed 'catid' /data/wwwroot/html/bobo2/en/Home/Runtime/Cache/f4b6a5a0a2edf925d4a608324d63310b.php 第 265 行.
NOTIC: [8] Use of undefined constant catid - assumed 'catid' /data/wwwroot/html/bobo2/en/Home/Runtime/Cache/f4b6a5a0a2edf925d4a608324d63310b.php 第 265 行.
NOTIC: [8] Undefined index: catid /data/wwwroot/html/bobo2/en/Home/Runtime/Cache/f4b6a5a0a2edf925d4a608324d63310b.php 第 265 行.
NOTIC: [8] Use of undefined constant catid - assumed 'catid' /data/wwwroot/html/bobo2/en/Home/Runtime/Cache/f4b6a5a0a2edf925d4a608324d63310b.php 第 265 行.
NOTIC: [8] Use of undefined constant catid - assumed 'catid' /data/wwwroot/html/bobo2/en/Home/Runtime/Cache/f4b6a5a0a2edf925d4a608324d63310b.php 第 265 行.
NOTIC: [8] Use of undefined constant catid - assumed 'catid' /data/wwwroot/html/bobo2/en/Home/Runtime/Cache/f4b6a5a0a2edf925d4a608324d63310b.php 第 265 行.
NOTIC: [8] Undefined index: catid /data/wwwroot/html/bobo2/en/Home/Runtime/Cache/f4b6a5a0a2edf925d4a608324d63310b.php 第 265 行.
NOTIC: [8] Use of undefined constant catid - assumed 'catid' /data/wwwroot/html/bobo2/en/Home/Runtime/Cache/f4b6a5a0a2edf925d4a608324d63310b.php 第 265 行.
NOTIC: [8] Use of undefined constant catid - assumed 'catid' /data/wwwroot/html/bobo2/en/Home/Runtime/Cache/f4b6a5a0a2edf925d4a608324d63310b.php 第 265 行.
NOTIC: [8] Use of undefined constant catid - assumed 'catid' /data/wwwroot/html/bobo2/en/Home/Runtime/Cache/f4b6a5a0a2edf925d4a608324d63310b.php 第 265 行.
NOTIC: [8] Undefined index: catid /data/wwwroot/html/bobo2/en/Home/Runtime/Cache/f4b6a5a0a2edf925d4a608324d63310b.php 第 265 行.
NOTIC: [8] Use of undefined constant catid - assumed 'catid' /data/wwwroot/html/bobo2/en/Home/Runtime/Cache/f4b6a5a0a2edf925d4a608324d63310b.php 第 265 行.
NOTIC: [8] Use of undefined constant price_search - assumed 'price_search' /data/wwwroot/html/bobo2/en/Home/Runtime/Cache/f4b6a5a0a2edf925d4a608324d63310b.php 第 281 行.
NOTIC: [8] Undefined index: price_search /data/wwwroot/html/bobo2/en/Home/Runtime/Cache/f4b6a5a0a2edf925d4a608324d63310b.php 第 281 行.
NOTIC: [8] Use of undefined constant texturelist_search - assumed 'texturelist_search' /data/wwwroot/html/bobo2/en/Home/Runtime/Cache/f4b6a5a0a2edf925d4a608324d63310b.php 第 290 行.
NOTIC: [8] Undefined index: texturelist_search /data/wwwroot/html/bobo2/en/Home/Runtime/Cache/f4b6a5a0a2edf925d4a608324d63310b.php 第 290 行.
NOTIC: [8] Use of undefined constant capacity_search - assumed 'capacity_search' /data/wwwroot/html/bobo2/en/Home/Runtime/Cache/f4b6a5a0a2edf925d4a608324d63310b.php 第 298 行.
NOTIC: [8] Undefined index: capacity_search /data/wwwroot/html/bobo2/en/Home/Runtime/Cache/f4b6a5a0a2edf925d4a608324d63310b.php 第 298 行.
NOTIC: [8] Use of undefined constant xqstatus - assumed 'xqstatus' /data/wwwroot/html/bobo2/en/Home/Runtime/Cache/f4b6a5a0a2edf925d4a608324d63310b.php 第 315 行.
NOTIC: [8] Use of undefined constant fmpicurl - assumed 'fmpicurl' /data/wwwroot/html/bobo2/en/Home/Runtime/Cache/f4b6a5a0a2edf925d4a608324d63310b.php 第 321 行.
NOTIC: [8] Use of undefined constant para_list - assumed 'para_list' /data/wwwroot/html/bobo2/en/Home/Runtime/Cache/f4b6a5a0a2edf925d4a608324d63310b.php 第 329 行.
NOTIC: [8] Use of undefined constant para_list - assumed 'para_list' /data/wwwroot/html/bobo2/en/Home/Runtime/Cache/f4b6a5a0a2edf925d4a608324d63310b.php 第 329 行.
NOTIC: [8] A session had already been started - ignoring session_start() /data/wwwroot/html/bobo2/en/Home/Runtime/Cache/f4b6a5a0a2edf925d4a608324d63310b.php 第 334 行.
NOTIC: [8] Undefined index: bobo_pc_user_id /data/wwwroot/html/bobo2/en/Home/Runtime/Cache/f4b6a5a0a2edf925d4a608324d63310b.php 第 334 行.
NOTIC: [8] Use of undefined constant xqstatus - assumed 'xqstatus' /data/wwwroot/html/bobo2/en/Home/Runtime/Cache/f4b6a5a0a2edf925d4a608324d63310b.php 第 315 行.
NOTIC: [8] Use of undefined constant fmpicurl - assumed 'fmpicurl' /data/wwwroot/html/bobo2/en/Home/Runtime/Cache/f4b6a5a0a2edf925d4a608324d63310b.php 第 321 行.
NOTIC: [8] Use of undefined constant para_list - assumed 'para_list' /data/wwwroot/html/bobo2/en/Home/Runtime/Cache/f4b6a5a0a2edf925d4a608324d63310b.php 第 329 行.
NOTIC: [8] Use of undefined constant para_list - assumed 'para_list' /data/wwwroot/html/bobo2/en/Home/Runtime/Cache/f4b6a5a0a2edf925d4a608324d63310b.php 第 329 行.
NOTIC: [8] A session had already been started - ignoring session_start() /data/wwwroot/html/bobo2/en/Home/Runtime/Cache/f4b6a5a0a2edf925d4a608324d63310b.php 第 334 行.
NOTIC: [8] Undefined index: bobo_pc_user_id /data/wwwroot/html/bobo2/en/Home/Runtime/Cache/f4b6a5a0a2edf925d4a608324d63310b.php 第 334 行.
NOTIC: [8] Use of undefined constant xqstatus - assumed 'xqstatus' /data/wwwroot/html/bobo2/en/Home/Runtime/Cache/f4b6a5a0a2edf925d4a608324d63310b.php 第 315 行.
NOTIC: [8] Use of undefined constant fmpicurl - assumed 'fmpicurl' /data/wwwroot/html/bobo2/en/Home/Runtime/Cache/f4b6a5a0a2edf925d4a608324d63310b.php 第 321 行.
NOTIC: [8] Use of undefined constant para_list - assumed 'para_list' /data/wwwroot/html/bobo2/en/Home/Runtime/Cache/f4b6a5a0a2edf925d4a608324d63310b.php 第 329 行.
NOTIC: [8] Use of undefined constant para_list - assumed 'para_list' /data/wwwroot/html/bobo2/en/Home/Runtime/Cache/f4b6a5a0a2edf925d4a608324d63310b.php 第 329 行.
NOTIC: [8] A session had already been started - ignoring session_start() /data/wwwroot/html/bobo2/en/Home/Runtime/Cache/f4b6a5a0a2edf925d4a608324d63310b.php 第 334 行.
NOTIC: [8] Undefined index: bobo_pc_user_id /data/wwwroot/html/bobo2/en/Home/Runtime/Cache/f4b6a5a0a2edf925d4a608324d63310b.php 第 334 行.
NOTIC: [8] Use of undefined constant xqstatus - assumed 'xqstatus' /data/wwwroot/html/bobo2/en/Home/Runtime/Cache/f4b6a5a0a2edf925d4a608324d63310b.php 第 315 行.
NOTIC: [8] Use of undefined constant fmpicurl - assumed 'fmpicurl' /data/wwwroot/html/bobo2/en/Home/Runtime/Cache/f4b6a5a0a2edf925d4a608324d63310b.php 第 321 行.
NOTIC: [8] Use of undefined constant para_list - assumed 'para_list' /data/wwwroot/html/bobo2/en/Home/Runtime/Cache/f4b6a5a0a2edf925d4a608324d63310b.php 第 329 行.
NOTIC: [8] Use of undefined constant para_list - assumed 'para_list' /data/wwwroot/html/bobo2/en/Home/Runtime/Cache/f4b6a5a0a2edf925d4a608324d63310b.php 第 329 行.
NOTIC: [8] A session had already been started - ignoring session_start() /data/wwwroot/html/bobo2/en/Home/Runtime/Cache/f4b6a5a0a2edf925d4a608324d63310b.php 第 334 行.
NOTIC: [8] Undefined index: bobo_pc_user_id /data/wwwroot/html/bobo2/en/Home/Runtime/Cache/f4b6a5a0a2edf925d4a608324d63310b.php 第 334 行.
NOTIC: [8] Use of undefined constant xqstatus - assumed 'xqstatus' /data/wwwroot/html/bobo2/en/Home/Runtime/Cache/f4b6a5a0a2edf925d4a608324d63310b.php 第 315 行.
NOTIC: [8] Use of undefined constant fmpicurl - assumed 'fmpicurl' /data/wwwroot/html/bobo2/en/Home/Runtime/Cache/f4b6a5a0a2edf925d4a608324d63310b.php 第 321 行.
NOTIC: [8] Use of undefined constant para_list - assumed 'para_list' /data/wwwroot/html/bobo2/en/Home/Runtime/Cache/f4b6a5a0a2edf925d4a608324d63310b.php 第 329 行.
NOTIC: [8] Use of undefined constant para_list - assumed 'para_list' /data/wwwroot/html/bobo2/en/Home/Runtime/Cache/f4b6a5a0a2edf925d4a608324d63310b.php 第 329 行.
NOTIC: [8] A session had already been started - ignoring session_start() /data/wwwroot/html/bobo2/en/Home/Runtime/Cache/f4b6a5a0a2edf925d4a608324d63310b.php 第 334 行.
NOTIC: [8] Undefined index: bobo_pc_user_id /data/wwwroot/html/bobo2/en/Home/Runtime/Cache/f4b6a5a0a2edf925d4a608324d63310b.php 第 334 行.
NOTIC: [8] Use of undefined constant xqstatus - assumed 'xqstatus' /data/wwwroot/html/bobo2/en/Home/Runtime/Cache/f4b6a5a0a2edf925d4a608324d63310b.php 第 315 行.
NOTIC: [8] Use of undefined constant fmpicurl - assumed 'fmpicurl' /data/wwwroot/html/bobo2/en/Home/Runtime/Cache/f4b6a5a0a2edf925d4a608324d63310b.php 第 321 行.
NOTIC: [8] Use of undefined constant para_list - assumed 'para_list' /data/wwwroot/html/bobo2/en/Home/Runtime/Cache/f4b6a5a0a2edf925d4a608324d63310b.php 第 329 行.
NOTIC: [8] Use of undefined constant para_list - assumed 'para_list' /data/wwwroot/html/bobo2/en/Home/Runtime/Cache/f4b6a5a0a2edf925d4a608324d63310b.php 第 329 行.
NOTIC: [8] A session had already been started - ignoring session_start() /data/wwwroot/html/bobo2/en/Home/Runtime/Cache/f4b6a5a0a2edf925d4a608324d63310b.php 第 334 行.
NOTIC: [8] Undefined index: bobo_pc_user_id /data/wwwroot/html/bobo2/en/Home/Runtime/Cache/f4b6a5a0a2edf925d4a608324d63310b.php 第 334 行.
NOTIC: [8] Use of undefined constant xqstatus - assumed 'xqstatus' /data/wwwroot/html/bobo2/en/Home/Runtime/Cache/f4b6a5a0a2edf925d4a608324d63310b.php 第 315 行.
NOTIC: [8] Use of undefined constant fmpicurl - assumed 'fmpicurl' /data/wwwroot/html/bobo2/en/Home/Runtime/Cache/f4b6a5a0a2edf925d4a608324d63310b.php 第 321 行.
NOTIC: [8] Use of undefined constant para_list - assumed 'para_list' /data/wwwroot/html/bobo2/en/Home/Runtime/Cache/f4b6a5a0a2edf925d4a608324d63310b.php 第 329 行.
NOTIC: [8] Use of undefined constant para_list - assumed 'para_list' /data/wwwroot/html/bobo2/en/Home/Runtime/Cache/f4b6a5a0a2edf925d4a608324d63310b.php 第 329 行.
NOTIC: [8] A session had already been started - ignoring session_start() /data/wwwroot/html/bobo2/en/Home/Runtime/Cache/f4b6a5a0a2edf925d4a608324d63310b.php 第 334 行.
NOTIC: [8] Undefined index: bobo_pc_user_id /data/wwwroot/html/bobo2/en/Home/Runtime/Cache/f4b6a5a0a2edf925d4a608324d63310b.php 第 334 行.
NOTIC: [8] Use of undefined constant xqstatus - assumed 'xqstatus' /data/wwwroot/html/bobo2/en/Home/Runtime/Cache/f4b6a5a0a2edf925d4a608324d63310b.php 第 315 行.
NOTIC: [8] Use of undefined constant fmpicurl - assumed 'fmpicurl' /data/wwwroot/html/bobo2/en/Home/Runtime/Cache/f4b6a5a0a2edf925d4a608324d63310b.php 第 321 行.
NOTIC: [8] Use of undefined constant para_list - assumed 'para_list' /data/wwwroot/html/bobo2/en/Home/Runtime/Cache/f4b6a5a0a2edf925d4a608324d63310b.php 第 329 行.
NOTIC: [8] Use of undefined constant para_list - assumed 'para_list' /data/wwwroot/html/bobo2/en/Home/Runtime/Cache/f4b6a5a0a2edf925d4a608324d63310b.php 第 329 行.
NOTIC: [8] A session had already been started - ignoring session_start() /data/wwwroot/html/bobo2/en/Home/Runtime/Cache/f4b6a5a0a2edf925d4a608324d63310b.php 第 334 行.
NOTIC: [8] Undefined index: bobo_pc_user_id /data/wwwroot/html/bobo2/en/Home/Runtime/Cache/f4b6a5a0a2edf925d4a608324d63310b.php 第 334 行.
NOTIC: [8] Use of undefined constant xqstatus - assumed 'xqstatus' /data/wwwroot/html/bobo2/en/Home/Runtime/Cache/f4b6a5a0a2edf925d4a608324d63310b.php 第 315 行.
NOTIC: [8] Use of undefined constant fmpicurl - assumed 'fmpicurl' /data/wwwroot/html/bobo2/en/Home/Runtime/Cache/f4b6a5a0a2edf925d4a608324d63310b.php 第 321 行.
NOTIC: [8] Use of undefined constant para_list - assumed 'para_list' /data/wwwroot/html/bobo2/en/Home/Runtime/Cache/f4b6a5a0a2edf925d4a608324d63310b.php 第 329 行.
NOTIC: [8] Use of undefined constant para_list - assumed 'para_list' /data/wwwroot/html/bobo2/en/Home/Runtime/Cache/f4b6a5a0a2edf925d4a608324d63310b.php 第 329 行.
NOTIC: [8] A session had already been started - ignoring session_start() /data/wwwroot/html/bobo2/en/Home/Runtime/Cache/f4b6a5a0a2edf925d4a608324d63310b.php 第 334 行.
NOTIC: [8] Undefined index: bobo_pc_user_id /data/wwwroot/html/bobo2/en/Home/Runtime/Cache/f4b6a5a0a2edf925d4a608324d63310b.php 第 334 行.
NOTIC: [8] Use of undefined constant xqstatus - assumed 'xqstatus' /data/wwwroot/html/bobo2/en/Home/Runtime/Cache/f4b6a5a0a2edf925d4a608324d63310b.php 第 315 行.
NOTIC: [8] Use of undefined constant fmpicurl - assumed 'fmpicurl' /data/wwwroot/html/bobo2/en/Home/Runtime/Cache/f4b6a5a0a2edf925d4a608324d63310b.php 第 321 行.
NOTIC: [8] Use of undefined constant para_list - assumed 'para_list' /data/wwwroot/html/bobo2/en/Home/Runtime/Cache/f4b6a5a0a2edf925d4a608324d63310b.php 第 329 行.
NOTIC: [8] Use of undefined constant para_list - assumed 'para_list' /data/wwwroot/html/bobo2/en/Home/Runtime/Cache/f4b6a5a0a2edf925d4a608324d63310b.php 第 329 行.
NOTIC: [8] A session had already been started - ignoring session_start() /data/wwwroot/html/bobo2/en/Home/Runtime/Cache/f4b6a5a0a2edf925d4a608324d63310b.php 第 334 行.
NOTIC: [8] Undefined index: bobo_pc_user_id /data/wwwroot/html/bobo2/en/Home/Runtime/Cache/f4b6a5a0a2edf925d4a608324d63310b.php 第 334 行.
NOTIC: [8] Use of undefined constant xqstatus - assumed 'xqstatus' /data/wwwroot/html/bobo2/en/Home/Runtime/Cache/f4b6a5a0a2edf925d4a608324d63310b.php 第 315 行.
NOTIC: [8] Use of undefined constant fmpicurl - assumed 'fmpicurl' /data/wwwroot/html/bobo2/en/Home/Runtime/Cache/f4b6a5a0a2edf925d4a608324d63310b.php 第 321 行.
NOTIC: [8] A session had already been started - ignoring session_start() /data/wwwroot/html/bobo2/en/Home/Runtime/Cache/f4b6a5a0a2edf925d4a608324d63310b.php 第 334 行.
NOTIC: [8] Undefined index: bobo_pc_user_id /data/wwwroot/html/bobo2/en/Home/Runtime/Cache/f4b6a5a0a2edf925d4a608324d63310b.php 第 334 行.
NOTIC: [8] Use of undefined constant xqstatus - assumed 'xqstatus' /data/wwwroot/html/bobo2/en/Home/Runtime/Cache/f4b6a5a0a2edf925d4a608324d63310b.php 第 315 行.
NOTIC: [8] Use of undefined constant fmpicurl - assumed 'fmpicurl' /data/wwwroot/html/bobo2/en/Home/Runtime/Cache/f4b6a5a0a2edf925d4a608324d63310b.php 第 321 行.
NOTIC: [8] Use of undefined constant para_list - assumed 'para_list' /data/wwwroot/html/bobo2/en/Home/Runtime/Cache/f4b6a5a0a2edf925d4a608324d63310b.php 第 329 行.
NOTIC: [8] Use of undefined constant para_list - assumed 'para_list' /data/wwwroot/html/bobo2/en/Home/Runtime/Cache/f4b6a5a0a2edf925d4a608324d63310b.php 第 329 行.
NOTIC: [8] A session had already been started - ignoring session_start() /data/wwwroot/html/bobo2/en/Home/Runtime/Cache/f4b6a5a0a2edf925d4a608324d63310b.php 第 334 行.
NOTIC: [8] Undefined index: bobo_pc_user_id /data/wwwroot/html/bobo2/en/Home/Runtime/Cache/f4b6a5a0a2edf925d4a608324d63310b.php 第 334 行.
NOTIC: [8] Use of undefined constant xqstatus - assumed 'xqstatus' /data/wwwroot/html/bobo2/en/Home/Runtime/Cache/f4b6a5a0a2edf925d4a608324d63310b.php 第 315 行.
NOTIC: [8] Use of undefined constant fmpicurl - assumed 'fmpicurl' /data/wwwroot/html/bobo2/en/Home/Runtime/Cache/f4b6a5a0a2edf925d4a608324d63310b.php 第 321 行.
NOTIC: [8] Use of undefined constant para_list - assumed 'para_list' /data/wwwroot/html/bobo2/en/Home/Runtime/Cache/f4b6a5a0a2edf925d4a608324d63310b.php 第 329 行.
NOTIC: [8] Use of undefined constant para_list - assumed 'para_list' /data/wwwroot/html/bobo2/en/Home/Runtime/Cache/f4b6a5a0a2edf925d4a608324d63310b.php 第 329 行.
NOTIC: [8] A session had already been started - ignoring session_start() /data/wwwroot/html/bobo2/en/Home/Runtime/Cache/f4b6a5a0a2edf925d4a608324d63310b.php 第 334 行.
NOTIC: [8] Undefined index: bobo_pc_user_id /data/wwwroot/html/bobo2/en/Home/Runtime/Cache/f4b6a5a0a2edf925d4a608324d63310b.php 第 334 行.
INFO: Run ParseTemplate Behavior [ RunTime:0.043779s ]
INFO: [ view_parse ] --END-- [ RunTime:0.043857s ]
INFO: [ view_filter ] --START--
INFO: Run ContentReplace Behavior [ RunTime:0.000688s ]
INFO: Run TokenBuild Behavior [ RunTime:0.000274s ]
INFO: Run WriteHtmlCache Behavior [ RunTime:0.000145s ]
INFO: Run ShowRuntime Behavior [ RunTime:0.000345s ]
INFO: [ view_filter ] --END-- [ RunTime:0.001613s ]
INFO: [ view_end ] --START--
INFO: Run ShowPageTrace Behavior [ RunTime:0.000386s ]
INFO: [ view_end ] --END-- [ RunTime:0.000434s ]

