[ 2017-03-08T01:24:59+08:00 ] 220.181.108.110 /bobo2/en/
INFO: [ app_begin ] --START--
INFO: Run ReadHtmlCache Behavior [ RunTime:0.000381s ]
INFO: [ app_begin ] --END-- [ RunTime:0.000441s ]
SQL: SHOW COLUMNS FROM `en_page` [ RunTime:0.000767s ]
SQL: SHOW COLUMNS FROM `en_index_picture` [ RunTime:0.011977s ]
SQL: SHOW COLUMNS FROM `en_category` [ RunTime:0.000823s ]
SQL: SHOW COLUMNS FROM `en_content` [ RunTime:0.000850s ]
SQL: SELECT * FROM `en_page` WHERE ( `catid` = 29 ) LIMIT 1   [ RunTime:0.000223s ]
SQL: SELECT `id`,`catid`,`title`,`headerpic` FROM `en_content` WHERE ( catid=23 and (status=2 or status=3) ) ORDER BY conorder desc,id desc LIMIT 8   [ RunTime:0.000546s ]
SQL: SELECT `id`,`catid`,`title`,`headerpic` FROM `en_content` WHERE ( catid=24 and (status=2 or status=3) ) ORDER BY conorder desc,id desc LIMIT 8   [ RunTime:0.000681s ]
SQL: SELECT `id`,`catid`,`title`,`headerpic` FROM `en_content` WHERE ( catid=25 and (status=2 or status=3) ) ORDER BY conorder desc,id desc LIMIT 8   [ RunTime:0.000476s ]
SQL: SHOW COLUMNS FROM `en_site` [ RunTime:0.000581s ]
SQL: SELECT * FROM `en_site` WHERE ( siteid=1 ) LIMIT 1   [ RunTime:0.000176s ]
SQL: SHOW COLUMNS FROM `en_product` [ RunTime:0.000952s ]
SQL: SELECT a.xqstatus,a.title,a.picurlpc,a.catid,a.id,b.id as ppid FROM en_product_price b,en_product a WHERE ( a.posid=1 and a.status=1 and  a.id=b.pid ) ORDER BY a.listorder desc,id desc LIMIT 8   [ RunTime:0.000924s ]
SQL: SHOW COLUMNS FROM `en_video` [ RunTime:0.000847s ]
SQL: SELECT `vtitle`,`headerpic`,`catid` FROM `en_video` WHERE ( catid=26 and (status=2 or status=3) ) ORDER BY listorder desc,vid desc LIMIT 8   [ RunTime:0.000251s ]
SQL: SELECT `vtitle`,`headerpic`,`catid` FROM `en_video` WHERE ( catid=27 and (status=2 or status=3) ) ORDER BY listorder desc,vid desc LIMIT 8   [ RunTime:0.000226s ]
SQL: SELECT `catid`,`catname`,`caturl` FROM `en_category` WHERE ( `catid` IN ('14','15','16','17','18','19','20','21') ) ORDER BY listorder desc,catid desc  [ RunTime:0.000227s ]
NOTIC: [8] Undefined variable: category_list /data/wwwroot/html/bobo2/en/Home/Lib/Action/CommonAction.class.php 第 28 行.
SQL: SELECT `picurl`,`vidurl` FROM `en_index_picture` WHERE ( siteid=2 and status=1 )  [ RunTime:0.000953s ]
SQL: SELECT `id`,`picurl`,`vidurl`,`picwzurl` FROM `en_index_picture` WHERE ( `id` IN ('11','12','13','14','15','16','17','18') ) AND ( `siteid` = 2 ) AND ( `status` = 2 )  [ RunTime:0.000250s ]
INFO: [ view_template ] --START--
INFO: Run LocationTemplate Behavior [ RunTime:0.001173s ]
INFO: [ view_template ] --END-- [ RunTime:0.001230s ]
INFO: [ view_parse ] --START--
NOTIC: [8] A session had already been started - ignoring session_start() /data/wwwroot/html/bobo2/en/Home/Runtime/Cache/7e4848229090366086cc7eeb3bfc0798.php 第 78 行.
NOTIC: [8] Undefined index: bobo_pc_user_id /data/wwwroot/html/bobo2/en/Home/Runtime/Cache/7e4848229090366086cc7eeb3bfc0798.php 第 78 行.
NOTIC: [8] Undefined index: bobo_pc_user_id /data/wwwroot/html/bobo2/en/Home/Runtime/Cache/7e4848229090366086cc7eeb3bfc0798.php 第 85 行.
NOTIC: [8] Undefined index: bobo_pc_user_name /data/wwwroot/html/bobo2/en/Home/Runtime/Cache/7e4848229090366086cc7eeb3bfc0798.php 第 85 行.
NOTIC: [8] Undefined variable: k /data/wwwroot/html/bobo2/en/Home/Runtime/Cache/7e4848229090366086cc7eeb3bfc0798.php 第 112 行.
NOTIC: [8] Use of undefined constant catid - assumed 'catid' /data/wwwroot/html/bobo2/en/Home/Runtime/Cache/7e4848229090366086cc7eeb3bfc0798.php 第 115 行.
NOTIC: [8] Use of undefined constant id - assumed 'id' /data/wwwroot/html/bobo2/en/Home/Runtime/Cache/7e4848229090366086cc7eeb3bfc0798.php 第 115 行.
NOTIC: [8] Use of undefined constant catid - assumed 'catid' /data/wwwroot/html/bobo2/en/Home/Runtime/Cache/7e4848229090366086cc7eeb3bfc0798.php 第 115 行.
NOTIC: [8] Use of undefined constant id - assumed 'id' /data/wwwroot/html/bobo2/en/Home/Runtime/Cache/7e4848229090366086cc7eeb3bfc0798.php 第 115 行.
NOTIC: [8] Use of undefined constant catid - assumed 'catid' /data/wwwroot/html/bobo2/en/Home/Runtime/Cache/7e4848229090366086cc7eeb3bfc0798.php 第 115 行.
NOTIC: [8] Use of undefined constant id - assumed 'id' /data/wwwroot/html/bobo2/en/Home/Runtime/Cache/7e4848229090366086cc7eeb3bfc0798.php 第 115 行.
NOTIC: [8] Use of undefined constant catid - assumed 'catid' /data/wwwroot/html/bobo2/en/Home/Runtime/Cache/7e4848229090366086cc7eeb3bfc0798.php 第 115 行.
NOTIC: [8] Use of undefined constant id - assumed 'id' /data/wwwroot/html/bobo2/en/Home/Runtime/Cache/7e4848229090366086cc7eeb3bfc0798.php 第 115 行.
NOTIC: [8] Use of undefined constant catid - assumed 'catid' /data/wwwroot/html/bobo2/en/Home/Runtime/Cache/7e4848229090366086cc7eeb3bfc0798.php 第 115 行.
NOTIC: [8] Use of undefined constant id - assumed 'id' /data/wwwroot/html/bobo2/en/Home/Runtime/Cache/7e4848229090366086cc7eeb3bfc0798.php 第 115 行.
NOTIC: [8] Use of undefined constant catid - assumed 'catid' /data/wwwroot/html/bobo2/en/Home/Runtime/Cache/7e4848229090366086cc7eeb3bfc0798.php 第 115 行.
NOTIC: [8] Use of undefined constant id - assumed 'id' /data/wwwroot/html/bobo2/en/Home/Runtime/Cache/7e4848229090366086cc7eeb3bfc0798.php 第 115 行.
NOTIC: [8] Use of undefined constant catid - assumed 'catid' /data/wwwroot/html/bobo2/en/Home/Runtime/Cache/7e4848229090366086cc7eeb3bfc0798.php 第 115 行.
NOTIC: [8] Use of undefined constant id - assumed 'id' /data/wwwroot/html/bobo2/en/Home/Runtime/Cache/7e4848229090366086cc7eeb3bfc0798.php 第 115 行.
NOTIC: [8] Use of undefined constant catid - assumed 'catid' /data/wwwroot/html/bobo2/en/Home/Runtime/Cache/7e4848229090366086cc7eeb3bfc0798.php 第 115 行.
NOTIC: [8] Use of undefined constant id - assumed 'id' /data/wwwroot/html/bobo2/en/Home/Runtime/Cache/7e4848229090366086cc7eeb3bfc0798.php 第 115 行.
NOTIC: [8] Use of undefined constant catid - assumed 'catid' /data/wwwroot/html/bobo2/en/Home/Runtime/Cache/7e4848229090366086cc7eeb3bfc0798.php 第 118 行.
NOTIC: [8] Use of undefined constant id - assumed 'id' /data/wwwroot/html/bobo2/en/Home/Runtime/Cache/7e4848229090366086cc7eeb3bfc0798.php 第 118 行.
NOTIC: [8] Use of undefined constant catid - assumed 'catid' /data/wwwroot/html/bobo2/en/Home/Runtime/Cache/7e4848229090366086cc7eeb3bfc0798.php 第 118 行.
NOTIC: [8] Use of undefined constant id - assumed 'id' /data/wwwroot/html/bobo2/en/Home/Runtime/Cache/7e4848229090366086cc7eeb3bfc0798.php 第 118 行.
NOTIC: [8] Use of undefined constant catid - assumed 'catid' /data/wwwroot/html/bobo2/en/Home/Runtime/Cache/7e4848229090366086cc7eeb3bfc0798.php 第 118 行.
NOTIC: [8] Use of undefined constant id - assumed 'id' /data/wwwroot/html/bobo2/en/Home/Runtime/Cache/7e4848229090366086cc7eeb3bfc0798.php 第 118 行.
NOTIC: [8] Use of undefined constant catid - assumed 'catid' /data/wwwroot/html/bobo2/en/Home/Runtime/Cache/7e4848229090366086cc7eeb3bfc0798.php 第 118 行.
NOTIC: [8] Use of undefined constant id - assumed 'id' /data/wwwroot/html/bobo2/en/Home/Runtime/Cache/7e4848229090366086cc7eeb3bfc0798.php 第 118 行.
NOTIC: [8] Use of undefined constant catid - assumed 'catid' /data/wwwroot/html/bobo2/en/Home/Runtime/Cache/7e4848229090366086cc7eeb3bfc0798.php 第 121 行.
NOTIC: [8] Use of undefined constant id - assumed 'id' /data/wwwroot/html/bobo2/en/Home/Runtime/Cache/7e4848229090366086cc7eeb3bfc0798.php 第 121 行.
NOTIC: [8] Use of undefined constant catid - assumed 'catid' /data/wwwroot/html/bobo2/en/Home/Runtime/Cache/7e4848229090366086cc7eeb3bfc0798.php 第 146 行.
NOTIC: [8] Use of undefined constant id - assumed 'id' /data/wwwroot/html/bobo2/en/Home/Runtime/Cache/7e4848229090366086cc7eeb3bfc0798.php 第 146 行.
NOTIC: [8] Use of undefined constant ppid - assumed 'ppid' /data/wwwroot/html/bobo2/en/Home/Runtime/Cache/7e4848229090366086cc7eeb3bfc0798.php 第 146 行.
NOTIC: [8] Use of undefined constant catid - assumed 'catid' /data/wwwroot/html/bobo2/en/Home/Runtime/Cache/7e4848229090366086cc7eeb3bfc0798.php 第 146 行.
NOTIC: [8] Use of undefined constant id - assumed 'id' /data/wwwroot/html/bobo2/en/Home/Runtime/Cache/7e4848229090366086cc7eeb3bfc0798.php 第 146 行.
NOTIC: [8] Use of undefined constant ppid - assumed 'ppid' /data/wwwroot/html/bobo2/en/Home/Runtime/Cache/7e4848229090366086cc7eeb3bfc0798.php 第 146 行.
NOTIC: [8] Use of undefined constant catid - assumed 'catid' /data/wwwroot/html/bobo2/en/Home/Runtime/Cache/7e4848229090366086cc7eeb3bfc0798.php 第 146 行.
NOTIC: [8] Use of undefined constant id - assumed 'id' /data/wwwroot/html/bobo2/en/Home/Runtime/Cache/7e4848229090366086cc7eeb3bfc0798.php 第 146 行.
NOTIC: [8] Use of undefined constant ppid - assumed 'ppid' /data/wwwroot/html/bobo2/en/Home/Runtime/Cache/7e4848229090366086cc7eeb3bfc0798.php 第 146 行.
NOTIC: [8] Use of undefined constant catid - assumed 'catid' /data/wwwroot/html/bobo2/en/Home/Runtime/Cache/7e4848229090366086cc7eeb3bfc0798.php 第 146 行.
NOTIC: [8] Use of undefined constant id - assumed 'id' /data/wwwroot/html/bobo2/en/Home/Runtime/Cache/7e4848229090366086cc7eeb3bfc0798.php 第 146 行.
NOTIC: [8] Use of undefined constant ppid - assumed 'ppid' /data/wwwroot/html/bobo2/en/Home/Runtime/Cache/7e4848229090366086cc7eeb3bfc0798.php 第 146 行.
NOTIC: [8] Use of undefined constant catid - assumed 'catid' /data/wwwroot/html/bobo2/en/Home/Runtime/Cache/7e4848229090366086cc7eeb3bfc0798.php 第 146 行.
NOTIC: [8] Use of undefined constant id - assumed 'id' /data/wwwroot/html/bobo2/en/Home/Runtime/Cache/7e4848229090366086cc7eeb3bfc0798.php 第 146 行.
NOTIC: [8] Use of undefined constant ppid - assumed 'ppid' /data/wwwroot/html/bobo2/en/Home/Runtime/Cache/7e4848229090366086cc7eeb3bfc0798.php 第 146 行.
NOTIC: [8] Use of undefined constant catid - assumed 'catid' /data/wwwroot/html/bobo2/en/Home/Runtime/Cache/7e4848229090366086cc7eeb3bfc0798.php 第 146 行.
NOTIC: [8] Use of undefined constant id - assumed 'id' /data/wwwroot/html/bobo2/en/Home/Runtime/Cache/7e4848229090366086cc7eeb3bfc0798.php 第 146 行.
NOTIC: [8] Use of undefined constant ppid - assumed 'ppid' /data/wwwroot/html/bobo2/en/Home/Runtime/Cache/7e4848229090366086cc7eeb3bfc0798.php 第 146 行.
NOTIC: [8] Use of undefined constant catid - assumed 'catid' /data/wwwroot/html/bobo2/en/Home/Runtime/Cache/7e4848229090366086cc7eeb3bfc0798.php 第 146 行.
NOTIC: [8] Use of undefined constant id - assumed 'id' /data/wwwroot/html/bobo2/en/Home/Runtime/Cache/7e4848229090366086cc7eeb3bfc0798.php 第 146 行.
NOTIC: [8] Use of undefined constant ppid - assumed 'ppid' /data/wwwroot/html/bobo2/en/Home/Runtime/Cache/7e4848229090366086cc7eeb3bfc0798.php 第 146 行.
NOTIC: [8] Use of undefined constant catid - assumed 'catid' /data/wwwroot/html/bobo2/en/Home/Runtime/Cache/7e4848229090366086cc7eeb3bfc0798.php 第 146 行.
NOTIC: [8] Use of undefined constant id - assumed 'id' /data/wwwroot/html/bobo2/en/Home/Runtime/Cache/7e4848229090366086cc7eeb3bfc0798.php 第 146 行.
NOTIC: [8] Use of undefined constant ppid - assumed 'ppid' /data/wwwroot/html/bobo2/en/Home/Runtime/Cache/7e4848229090366086cc7eeb3bfc0798.php 第 146 行.
NOTIC: [8] Use of undefined constant catid - assumed 'catid' /data/wwwroot/html/bobo2/en/Home/Runtime/Cache/7e4848229090366086cc7eeb3bfc0798.php 第 150 行.
NOTIC: [8] Use of undefined constant catid - assumed 'catid' /data/wwwroot/html/bobo2/en/Home/Runtime/Cache/7e4848229090366086cc7eeb3bfc0798.php 第 150 行.
NOTIC: [8] Use of undefined constant catid - assumed 'catid' /data/wwwroot/html/bobo2/en/Home/Runtime/Cache/7e4848229090366086cc7eeb3bfc0798.php 第 150 行.
NOTIC: [8] Use of undefined constant catid - assumed 'catid' /data/wwwroot/html/bobo2/en/Home/Runtime/Cache/7e4848229090366086cc7eeb3bfc0798.php 第 150 行.
NOTIC: [8] Use of undefined constant catid - assumed 'catid' /data/wwwroot/html/bobo2/en/Home/Runtime/Cache/7e4848229090366086cc7eeb3bfc0798.php 第 150 行.
NOTIC: [8] Use of undefined constant catid - assumed 'catid' /data/wwwroot/html/bobo2/en/Home/Runtime/Cache/7e4848229090366086cc7eeb3bfc0798.php 第 150 行.
NOTIC: [8] Use of undefined constant catid - assumed 'catid' /data/wwwroot/html/bobo2/en/Home/Runtime/Cache/7e4848229090366086cc7eeb3bfc0798.php 第 150 行.
NOTIC: [8] Use of undefined constant catid - assumed 'catid' /data/wwwroot/html/bobo2/en/Home/Runtime/Cache/7e4848229090366086cc7eeb3bfc0798.php 第 150 行.
NOTIC: [8] Use of undefined constant catid - assumed 'catid' /data/wwwroot/html/bobo2/en/Home/Runtime/Cache/7e4848229090366086cc7eeb3bfc0798.php 第 154 行.
NOTIC: [8] Use of undefined constant catid - assumed 'catid' /data/wwwroot/html/bobo2/en/Home/Runtime/Cache/7e4848229090366086cc7eeb3bfc0798.php 第 154 行.
NOTIC: [8] Use of undefined constant catid - assumed 'catid' /data/wwwroot/html/bobo2/en/Home/Runtime/Cache/7e4848229090366086cc7eeb3bfc0798.php 第 154 行.
NOTIC: [8] Use of undefined constant catid - assumed 'catid' /data/wwwroot/html/bobo2/en/Home/Runtime/Cache/7e4848229090366086cc7eeb3bfc0798.php 第 154 行.
NOTIC: [8] Use of undefined constant catid - assumed 'catid' /data/wwwroot/html/bobo2/en/Home/Runtime/Cache/7e4848229090366086cc7eeb3bfc0798.php 第 154 行.
NOTIC: [8] Use of undefined constant catid - assumed 'catid' /data/wwwroot/html/bobo2/en/Home/Runtime/Cache/7e4848229090366086cc7eeb3bfc0798.php 第 154 行.
NOTIC: [8] Use of undefined constant catid - assumed 'catid' /data/wwwroot/html/bobo2/en/Home/Runtime/Cache/7e4848229090366086cc7eeb3bfc0798.php 第 154 行.
NOTIC: [8] Use of undefined constant catid - assumed 'catid' /data/wwwroot/html/bobo2/en/Home/Runtime/Cache/7e4848229090366086cc7eeb3bfc0798.php 第 157 行.
NOTIC: [8] Use of undefined constant catid - assumed 'catid' /data/wwwroot/html/bobo2/en/Home/Runtime/Cache/7e4848229090366086cc7eeb3bfc0798.php 第 157 行.
NOTIC: [8] Use of undefined constant catid - assumed 'catid' /data/wwwroot/html/bobo2/en/Home/Runtime/Cache/7e4848229090366086cc7eeb3bfc0798.php 第 157 行.
NOTIC: [8] Use of undefined constant catid - assumed 'catid' /data/wwwroot/html/bobo2/en/Home/Runtime/Cache/7e4848229090366086cc7eeb3bfc0798.php 第 157 行.
NOTIC: [8] Use of undefined constant catid - assumed 'catid' /data/wwwroot/html/bobo2/en/Home/Runtime/Cache/7e4848229090366086cc7eeb3bfc0798.php 第 157 行.
NOTIC: [8] Use of undefined constant catid - assumed 'catid' /data/wwwroot/html/bobo2/en/Home/Runtime/Cache/7e4848229090366086cc7eeb3bfc0798.php 第 157 行.
NOTIC: [8] Use of undefined constant catid - assumed 'catid' /data/wwwroot/html/bobo2/en/Home/Runtime/Cache/7e4848229090366086cc7eeb3bfc0798.php 第 157 行.
NOTIC: [8] Use of undefined constant catid - assumed 'catid' /data/wwwroot/html/bobo2/en/Home/Runtime/Cache/7e4848229090366086cc7eeb3bfc0798.php 第 157 行.
NOTIC: [8] Use of undefined constant catid - assumed 'catid' /data/wwwroot/html/bobo2/en/Home/Runtime/Cache/7e4848229090366086cc7eeb3bfc0798.php 第 180 行.
NOTIC: [8] Use of undefined constant id - assumed 'id' /data/wwwroot/html/bobo2/en/Home/Runtime/Cache/7e4848229090366086cc7eeb3bfc0798.php 第 180 行.
NOTIC: [8] Use of undefined constant ppid - assumed 'ppid' /data/wwwroot/html/bobo2/en/Home/Runtime/Cache/7e4848229090366086cc7eeb3bfc0798.php 第 180 行.
NOTIC: [8] Use of undefined constant catid - assumed 'catid' /data/wwwroot/html/bobo2/en/Home/Runtime/Cache/7e4848229090366086cc7eeb3bfc0798.php 第 180 行.
NOTIC: [8] Use of undefined constant id - assumed 'id' /data/wwwroot/html/bobo2/en/Home/Runtime/Cache/7e4848229090366086cc7eeb3bfc0798.php 第 180 行.
NOTIC: [8] Use of undefined constant ppid - assumed 'ppid' /data/wwwroot/html/bobo2/en/Home/Runtime/Cache/7e4848229090366086cc7eeb3bfc0798.php 第 180 行.
NOTIC: [8] Use of undefined constant catid - assumed 'catid' /data/wwwroot/html/bobo2/en/Home/Runtime/Cache/7e4848229090366086cc7eeb3bfc0798.php 第 180 行.
NOTIC: [8] Use of undefined constant id - assumed 'id' /data/wwwroot/html/bobo2/en/Home/Runtime/Cache/7e4848229090366086cc7eeb3bfc0798.php 第 180 行.
NOTIC: [8] Use of undefined constant ppid - assumed 'ppid' /data/wwwroot/html/bobo2/en/Home/Runtime/Cache/7e4848229090366086cc7eeb3bfc0798.php 第 180 行.
NOTIC: [8] Use of undefined constant catid - assumed 'catid' /data/wwwroot/html/bobo2/en/Home/Runtime/Cache/7e4848229090366086cc7eeb3bfc0798.php 第 180 行.
NOTIC: [8] Use of undefined constant id - assumed 'id' /data/wwwroot/html/bobo2/en/Home/Runtime/Cache/7e4848229090366086cc7eeb3bfc0798.php 第 180 行.
NOTIC: [8] Use of undefined constant ppid - assumed 'ppid' /data/wwwroot/html/bobo2/en/Home/Runtime/Cache/7e4848229090366086cc7eeb3bfc0798.php 第 180 行.
NOTIC: [8] Use of undefined constant catid - assumed 'catid' /data/wwwroot/html/bobo2/en/Home/Runtime/Cache/7e4848229090366086cc7eeb3bfc0798.php 第 180 行.
NOTIC: [8] Use of undefined constant id - assumed 'id' /data/wwwroot/html/bobo2/en/Home/Runtime/Cache/7e4848229090366086cc7eeb3bfc0798.php 第 180 行.
NOTIC: [8] Use of undefined constant ppid - assumed 'ppid' /data/wwwroot/html/bobo2/en/Home/Runtime/Cache/7e4848229090366086cc7eeb3bfc0798.php 第 180 行.
NOTIC: [8] Use of undefined constant catid - assumed 'catid' /data/wwwroot/html/bobo2/en/Home/Runtime/Cache/7e4848229090366086cc7eeb3bfc0798.php 第 180 行.
NOTIC: [8] Use of undefined constant id - assumed 'id' /data/wwwroot/html/bobo2/en/Home/Runtime/Cache/7e4848229090366086cc7eeb3bfc0798.php 第 180 行.
NOTIC: [8] Use of undefined constant ppid - assumed 'ppid' /data/wwwroot/html/bobo2/en/Home/Runtime/Cache/7e4848229090366086cc7eeb3bfc0798.php 第 180 行.
NOTIC: [8] Use of undefined constant catid - assumed 'catid' /data/wwwroot/html/bobo2/en/Home/Runtime/Cache/7e4848229090366086cc7eeb3bfc0798.php 第 180 行.
NOTIC: [8] Use of undefined constant id - assumed 'id' /data/wwwroot/html/bobo2/en/Home/Runtime/Cache/7e4848229090366086cc7eeb3bfc0798.php 第 180 行.
NOTIC: [8] Use of undefined constant ppid - assumed 'ppid' /data/wwwroot/html/bobo2/en/Home/Runtime/Cache/7e4848229090366086cc7eeb3bfc0798.php 第 180 行.
NOTIC: [8] Use of undefined constant catid - assumed 'catid' /data/wwwroot/html/bobo2/en/Home/Runtime/Cache/7e4848229090366086cc7eeb3bfc0798.php 第 180 行.
NOTIC: [8] Use of undefined constant id - assumed 'id' /data/wwwroot/html/bobo2/en/Home/Runtime/Cache/7e4848229090366086cc7eeb3bfc0798.php 第 180 行.
NOTIC: [8] Use of undefined constant ppid - assumed 'ppid' /data/wwwroot/html/bobo2/en/Home/Runtime/Cache/7e4848229090366086cc7eeb3bfc0798.php 第 180 行.
NOTIC: [8] Use of undefined constant catid - assumed 'catid' /data/wwwroot/html/bobo2/en/Home/Runtime/Cache/7e4848229090366086cc7eeb3bfc0798.php 第 184 行.
NOTIC: [8] Use of undefined constant catid - assumed 'catid' /data/wwwroot/html/bobo2/en/Home/Runtime/Cache/7e4848229090366086cc7eeb3bfc0798.php 第 184 行.
NOTIC: [8] Use of undefined constant catid - assumed 'catid' /data/wwwroot/html/bobo2/en/Home/Runtime/Cache/7e4848229090366086cc7eeb3bfc0798.php 第 184 行.
NOTIC: [8] Use of undefined constant catid - assumed 'catid' /data/wwwroot/html/bobo2/en/Home/Runtime/Cache/7e4848229090366086cc7eeb3bfc0798.php 第 184 行.
NOTIC: [8] Use of undefined constant catid - assumed 'catid' /data/wwwroot/html/bobo2/en/Home/Runtime/Cache/7e4848229090366086cc7eeb3bfc0798.php 第 184 行.
NOTIC: [8] Use of undefined constant catid - assumed 'catid' /data/wwwroot/html/bobo2/en/Home/Runtime/Cache/7e4848229090366086cc7eeb3bfc0798.php 第 184 行.
NOTIC: [8] Use of undefined constant catid - assumed 'catid' /data/wwwroot/html/bobo2/en/Home/Runtime/Cache/7e4848229090366086cc7eeb3bfc0798.php 第 184 行.
NOTIC: [8] Use of undefined constant catid - assumed 'catid' /data/wwwroot/html/bobo2/en/Home/Runtime/Cache/7e4848229090366086cc7eeb3bfc0798.php 第 184 行.
NOTIC: [8] Use of undefined constant catid - assumed 'catid' /data/wwwroot/html/bobo2/en/Home/Runtime/Cache/7e4848229090366086cc7eeb3bfc0798.php 第 188 行.
NOTIC: [8] Use of undefined constant catid - assumed 'catid' /data/wwwroot/html/bobo2/en/Home/Runtime/Cache/7e4848229090366086cc7eeb3bfc0798.php 第 188 行.
NOTIC: [8] Use of undefined constant catid - assumed 'catid' /data/wwwroot/html/bobo2/en/Home/Runtime/Cache/7e4848229090366086cc7eeb3bfc0798.php 第 188 行.
NOTIC: [8] Use of undefined constant catid - assumed 'catid' /data/wwwroot/html/bobo2/en/Home/Runtime/Cache/7e4848229090366086cc7eeb3bfc0798.php 第 188 行.
NOTIC: [8] Use of undefined constant catid - assumed 'catid' /data/wwwroot/html/bobo2/en/Home/Runtime/Cache/7e4848229090366086cc7eeb3bfc0798.php 第 188 行.
NOTIC: [8] Use of undefined constant catid - assumed 'catid' /data/wwwroot/html/bobo2/en/Home/Runtime/Cache/7e4848229090366086cc7eeb3bfc0798.php 第 188 行.
NOTIC: [8] Use of undefined constant catid - assumed 'catid' /data/wwwroot/html/bobo2/en/Home/Runtime/Cache/7e4848229090366086cc7eeb3bfc0798.php 第 188 行.
NOTIC: [8] Use of undefined constant catid - assumed 'catid' /data/wwwroot/html/bobo2/en/Home/Runtime/Cache/7e4848229090366086cc7eeb3bfc0798.php 第 191 行.
NOTIC: [8] Use of undefined constant catid - assumed 'catid' /data/wwwroot/html/bobo2/en/Home/Runtime/Cache/7e4848229090366086cc7eeb3bfc0798.php 第 191 行.
NOTIC: [8] Use of undefined constant catid - assumed 'catid' /data/wwwroot/html/bobo2/en/Home/Runtime/Cache/7e4848229090366086cc7eeb3bfc0798.php 第 191 行.
NOTIC: [8] Use of undefined constant catid - assumed 'catid' /data/wwwroot/html/bobo2/en/Home/Runtime/Cache/7e4848229090366086cc7eeb3bfc0798.php 第 191 行.
NOTIC: [8] Use of undefined constant catid - assumed 'catid' /data/wwwroot/html/bobo2/en/Home/Runtime/Cache/7e4848229090366086cc7eeb3bfc0798.php 第 191 行.
NOTIC: [8] Use of undefined constant catid - assumed 'catid' /data/wwwroot/html/bobo2/en/Home/Runtime/Cache/7e4848229090366086cc7eeb3bfc0798.php 第 191 行.
NOTIC: [8] Use of undefined constant catid - assumed 'catid' /data/wwwroot/html/bobo2/en/Home/Runtime/Cache/7e4848229090366086cc7eeb3bfc0798.php 第 191 行.
NOTIC: [8] Use of undefined constant catid - assumed 'catid' /data/wwwroot/html/bobo2/en/Home/Runtime/Cache/7e4848229090366086cc7eeb3bfc0798.php 第 191 行.
NOTIC: [8] Use of undefined constant id - assumed 'id' /data/wwwroot/html/bobo2/en/Home/Runtime/Cache/7e4848229090366086cc7eeb3bfc0798.php 第 273 行.
NOTIC: [8] Use of undefined constant id - assumed 'id' /data/wwwroot/html/bobo2/en/Home/Runtime/Cache/7e4848229090366086cc7eeb3bfc0798.php 第 273 行.
NOTIC: [8] Use of undefined constant id - assumed 'id' /data/wwwroot/html/bobo2/en/Home/Runtime/Cache/7e4848229090366086cc7eeb3bfc0798.php 第 273 行.
NOTIC: [8] Use of undefined constant id - assumed 'id' /data/wwwroot/html/bobo2/en/Home/Runtime/Cache/7e4848229090366086cc7eeb3bfc0798.php 第 273 行.
NOTIC: [8] Use of undefined constant id - assumed 'id' /data/wwwroot/html/bobo2/en/Home/Runtime/Cache/7e4848229090366086cc7eeb3bfc0798.php 第 273 行.
NOTIC: [8] Use of undefined constant id - assumed 'id' /data/wwwroot/html/bobo2/en/Home/Runtime/Cache/7e4848229090366086cc7eeb3bfc0798.php 第 273 行.
NOTIC: [8] Use of undefined constant id - assumed 'id' /data/wwwroot/html/bobo2/en/Home/Runtime/Cache/7e4848229090366086cc7eeb3bfc0798.php 第 273 行.
NOTIC: [8] Use of undefined constant id - assumed 'id' /data/wwwroot/html/bobo2/en/Home/Runtime/Cache/7e4848229090366086cc7eeb3bfc0798.php 第 273 行.
NOTIC: [8] Use of undefined constant id - assumed 'id' /data/wwwroot/html/bobo2/en/Home/Runtime/Cache/7e4848229090366086cc7eeb3bfc0798.php 第 277 行.
NOTIC: [8] Use of undefined constant id - assumed 'id' /data/wwwroot/html/bobo2/en/Home/Runtime/Cache/7e4848229090366086cc7eeb3bfc0798.php 第 277 行.
NOTIC: [8] Use of undefined constant id - assumed 'id' /data/wwwroot/html/bobo2/en/Home/Runtime/Cache/7e4848229090366086cc7eeb3bfc0798.php 第 277 行.
NOTIC: [8] Use of undefined constant id - assumed 'id' /data/wwwroot/html/bobo2/en/Home/Runtime/Cache/7e4848229090366086cc7eeb3bfc0798.php 第 277 行.
NOTIC: [8] Use of undefined constant id - assumed 'id' /data/wwwroot/html/bobo2/en/Home/Runtime/Cache/7e4848229090366086cc7eeb3bfc0798.php 第 277 行.
NOTIC: [8] Use of undefined constant id - assumed 'id' /data/wwwroot/html/bobo2/en/Home/Runtime/Cache/7e4848229090366086cc7eeb3bfc0798.php 第 277 行.
NOTIC: [8] Use of undefined constant id - assumed 'id' /data/wwwroot/html/bobo2/en/Home/Runtime/Cache/7e4848229090366086cc7eeb3bfc0798.php 第 277 行.
NOTIC: [8] Use of undefined constant id - assumed 'id' /data/wwwroot/html/bobo2/en/Home/Runtime/Cache/7e4848229090366086cc7eeb3bfc0798.php 第 277 行.
NOTIC: [8] Use of undefined constant id - assumed 'id' /data/wwwroot/html/bobo2/en/Home/Runtime/Cache/7e4848229090366086cc7eeb3bfc0798.php 第 282 行.
NOTIC: [8] Use of undefined constant id - assumed 'id' /data/wwwroot/html/bobo2/en/Home/Runtime/Cache/7e4848229090366086cc7eeb3bfc0798.php 第 282 行.
NOTIC: [8] Use of undefined constant id - assumed 'id' /data/wwwroot/html/bobo2/en/Home/Runtime/Cache/7e4848229090366086cc7eeb3bfc0798.php 第 282 行.
NOTIC: [8] Use of undefined constant id - assumed 'id' /data/wwwroot/html/bobo2/en/Home/Runtime/Cache/7e4848229090366086cc7eeb3bfc0798.php 第 282 行.
NOTIC: [8] Use of undefined constant id - assumed 'id' /data/wwwroot/html/bobo2/en/Home/Runtime/Cache/7e4848229090366086cc7eeb3bfc0798.php 第 282 行.
NOTIC: [8] Use of undefined constant id - assumed 'id' /data/wwwroot/html/bobo2/en/Home/Runtime/Cache/7e4848229090366086cc7eeb3bfc0798.php 第 282 行.
NOTIC: [8] Use of undefined constant id - assumed 'id' /data/wwwroot/html/bobo2/en/Home/Runtime/Cache/7e4848229090366086cc7eeb3bfc0798.php 第 282 行.
NOTIC: [8] Use of undefined constant id - assumed 'id' /data/wwwroot/html/bobo2/en/Home/Runtime/Cache/7e4848229090366086cc7eeb3bfc0798.php 第 282 行.
NOTIC: [8] Use of undefined constant id - assumed 'id' /data/wwwroot/html/bobo2/en/Home/Runtime/Cache/7e4848229090366086cc7eeb3bfc0798.php 第 286 行.
NOTIC: [8] Use of undefined constant id - assumed 'id' /data/wwwroot/html/bobo2/en/Home/Runtime/Cache/7e4848229090366086cc7eeb3bfc0798.php 第 286 行.
NOTIC: [8] Use of undefined constant id - assumed 'id' /data/wwwroot/html/bobo2/en/Home/Runtime/Cache/7e4848229090366086cc7eeb3bfc0798.php 第 286 行.
NOTIC: [8] Use of undefined constant id - assumed 'id' /data/wwwroot/html/bobo2/en/Home/Runtime/Cache/7e4848229090366086cc7eeb3bfc0798.php 第 286 行.
NOTIC: [8] Use of undefined constant id - assumed 'id' /data/wwwroot/html/bobo2/en/Home/Runtime/Cache/7e4848229090366086cc7eeb3bfc0798.php 第 286 行.
NOTIC: [8] Use of undefined constant id - assumed 'id' /data/wwwroot/html/bobo2/en/Home/Runtime/Cache/7e4848229090366086cc7eeb3bfc0798.php 第 286 行.
NOTIC: [8] Use of undefined constant id - assumed 'id' /data/wwwroot/html/bobo2/en/Home/Runtime/Cache/7e4848229090366086cc7eeb3bfc0798.php 第 286 行.
NOTIC: [8] Use of undefined constant id - assumed 'id' /data/wwwroot/html/bobo2/en/Home/Runtime/Cache/7e4848229090366086cc7eeb3bfc0798.php 第 286 行.
NOTIC: [8] Use of undefined constant id - assumed 'id' /data/wwwroot/html/bobo2/en/Home/Runtime/Cache/7e4848229090366086cc7eeb3bfc0798.php 第 291 行.
NOTIC: [8] Use of undefined constant id - assumed 'id' /data/wwwroot/html/bobo2/en/Home/Runtime/Cache/7e4848229090366086cc7eeb3bfc0798.php 第 291 行.
NOTIC: [8] Use of undefined constant id - assumed 'id' /data/wwwroot/html/bobo2/en/Home/Runtime/Cache/7e4848229090366086cc7eeb3bfc0798.php 第 291 行.
NOTIC: [8] Use of undefined constant id - assumed 'id' /data/wwwroot/html/bobo2/en/Home/Runtime/Cache/7e4848229090366086cc7eeb3bfc0798.php 第 291 行.
NOTIC: [8] Use of undefined constant id - assumed 'id' /data/wwwroot/html/bobo2/en/Home/Runtime/Cache/7e4848229090366086cc7eeb3bfc0798.php 第 291 行.
NOTIC: [8] Use of undefined constant id - assumed 'id' /data/wwwroot/html/bobo2/en/Home/Runtime/Cache/7e4848229090366086cc7eeb3bfc0798.php 第 291 行.
NOTIC: [8] Use of undefined constant id - assumed 'id' /data/wwwroot/html/bobo2/en/Home/Runtime/Cache/7e4848229090366086cc7eeb3bfc0798.php 第 291 行.
NOTIC: [8] Use of undefined constant id - assumed 'id' /data/wwwroot/html/bobo2/en/Home/Runtime/Cache/7e4848229090366086cc7eeb3bfc0798.php 第 291 行.
NOTIC: [8] Use of undefined constant id - assumed 'id' /data/wwwroot/html/bobo2/en/Home/Runtime/Cache/7e4848229090366086cc7eeb3bfc0798.php 第 295 行.
NOTIC: [8] Use of undefined constant id - assumed 'id' /data/wwwroot/html/bobo2/en/Home/Runtime/Cache/7e4848229090366086cc7eeb3bfc0798.php 第 295 行.
NOTIC: [8] Use of undefined constant id - assumed 'id' /data/wwwroot/html/bobo2/en/Home/Runtime/Cache/7e4848229090366086cc7eeb3bfc0798.php 第 295 行.
NOTIC: [8] Use of undefined constant id - assumed 'id' /data/wwwroot/html/bobo2/en/Home/Runtime/Cache/7e4848229090366086cc7eeb3bfc0798.php 第 295 行.
NOTIC: [8] Use of undefined constant id - assumed 'id' /data/wwwroot/html/bobo2/en/Home/Runtime/Cache/7e4848229090366086cc7eeb3bfc0798.php 第 295 行.
NOTIC: [8] Use of undefined constant id - assumed 'id' /data/wwwroot/html/bobo2/en/Home/Runtime/Cache/7e4848229090366086cc7eeb3bfc0798.php 第 295 行.
NOTIC: [8] Use of undefined constant id - assumed 'id' /data/wwwroot/html/bobo2/en/Home/Runtime/Cache/7e4848229090366086cc7eeb3bfc0798.php 第 295 行.
NOTIC: [8] Use of undefined constant id - assumed 'id' /data/wwwroot/html/bobo2/en/Home/Runtime/Cache/7e4848229090366086cc7eeb3bfc0798.php 第 295 行.
NOTIC: [8] Use of undefined constant id - assumed 'id' /data/wwwroot/html/bobo2/en/Home/Runtime/Cache/7e4848229090366086cc7eeb3bfc0798.php 第 300 行.
NOTIC: [8] Use of undefined constant id - assumed 'id' /data/wwwroot/html/bobo2/en/Home/Runtime/Cache/7e4848229090366086cc7eeb3bfc0798.php 第 300 行.
NOTIC: [8] Use of undefined constant id - assumed 'id' /data/wwwroot/html/bobo2/en/Home/Runtime/Cache/7e4848229090366086cc7eeb3bfc0798.php 第 300 行.
NOTIC: [8] Use of undefined constant id - assumed 'id' /data/wwwroot/html/bobo2/en/Home/Runtime/Cache/7e4848229090366086cc7eeb3bfc0798.php 第 300 行.
NOTIC: [8] Use of undefined constant id - assumed 'id' /data/wwwroot/html/bobo2/en/Home/Runtime/Cache/7e4848229090366086cc7eeb3bfc0798.php 第 300 行.
NOTIC: [8] Use of undefined constant id - assumed 'id' /data/wwwroot/html/bobo2/en/Home/Runtime/Cache/7e4848229090366086cc7eeb3bfc0798.php 第 300 行.
NOTIC: [8] Use of undefined constant id - assumed 'id' /data/wwwroot/html/bobo2/en/Home/Runtime/Cache/7e4848229090366086cc7eeb3bfc0798.php 第 300 行.
NOTIC: [8] Use of undefined constant id - assumed 'id' /data/wwwroot/html/bobo2/en/Home/Runtime/Cache/7e4848229090366086cc7eeb3bfc0798.php 第 300 行.
NOTIC: [8] Use of undefined constant id - assumed 'id' /data/wwwroot/html/bobo2/en/Home/Runtime/Cache/7e4848229090366086cc7eeb3bfc0798.php 第 304 行.
NOTIC: [8] Use of undefined constant id - assumed 'id' /data/wwwroot/html/bobo2/en/Home/Runtime/Cache/7e4848229090366086cc7eeb3bfc0798.php 第 304 行.
NOTIC: [8] Use of undefined constant id - assumed 'id' /data/wwwroot/html/bobo2/en/Home/Runtime/Cache/7e4848229090366086cc7eeb3bfc0798.php 第 304 行.
NOTIC: [8] Use of undefined constant id - assumed 'id' /data/wwwroot/html/bobo2/en/Home/Runtime/Cache/7e4848229090366086cc7eeb3bfc0798.php 第 304 行.
NOTIC: [8] Use of undefined constant id - assumed 'id' /data/wwwroot/html/bobo2/en/Home/Runtime/Cache/7e4848229090366086cc7eeb3bfc0798.php 第 304 行.
NOTIC: [8] Use of undefined constant id - assumed 'id' /data/wwwroot/html/bobo2/en/Home/Runtime/Cache/7e4848229090366086cc7eeb3bfc0798.php 第 304 行.
NOTIC: [8] Use of undefined constant id - assumed 'id' /data/wwwroot/html/bobo2/en/Home/Runtime/Cache/7e4848229090366086cc7eeb3bfc0798.php 第 304 行.
NOTIC: [8] Use of undefined constant id - assumed 'id' /data/wwwroot/html/bobo2/en/Home/Runtime/Cache/7e4848229090366086cc7eeb3bfc0798.php 第 304 行.
INFO: Run ParseTemplate Behavior [ RunTime:0.033001s ]
INFO: [ view_parse ] --END-- [ RunTime:0.033050s ]
INFO: [ view_filter ] --START--
INFO: Run ContentReplace Behavior [ RunTime:0.000397s ]
INFO: Run TokenBuild Behavior [ RunTime:0.000221s ]
INFO: Run WriteHtmlCache Behavior [ RunTime:0.000153s ]
INFO: Run ShowRuntime Behavior [ RunTime:0.000326s ]
INFO: [ view_filter ] --END-- [ RunTime:0.001233s ]
INFO: [ view_end ] --START--
INFO: Run ShowPageTrace Behavior [ RunTime:0.000340s ]
INFO: [ view_end ] --END-- [ RunTime:0.000385s ]

[ 2017-03-08T15:16:12+08:00 ] 220.181.108.174 /bobo2/en/index.php/Product/product/catid/19
INFO: [ route_check ] --START--
INFO: Run CheckRoute Behavior [ RunTime:0.000509s ]
INFO: [ route_check ] --END-- [ RunTime:0.000577s ]
INFO: [ app_begin ] --START--
INFO: Run ReadHtmlCache Behavior [ RunTime:0.000423s ]
INFO: [ app_begin ] --END-- [ RunTime:0.000491s ]
SQL: SHOW COLUMNS FROM `en_product` [ RunTime:0.000908s ]
SQL: SHOW COLUMNS FROM `en_category` [ RunTime:0.000710s ]
SQL: SHOW COLUMNS FROM `en_linkage` [ RunTime:0.000548s ]
SQL: SHOW COLUMNS FROM `en_parameter` [ RunTime:0.000549s ]
SQL: SHOW COLUMNS FROM `en_collect` [ RunTime:0.000412s ]
SQL: SHOW COLUMNS FROM `en_content` [ RunTime:0.000707s ]
SQL: SHOW COLUMNS FROM `en_page` [ RunTime:0.000583s ]
SQL: SELECT * FROM `en_page` WHERE ( `catid` = 29 ) LIMIT 1   [ RunTime:0.000255s ]
SQL: SELECT `id`,`catid`,`title`,`headerpic` FROM `en_content` WHERE ( catid=23 and (status=2 or status=3) ) ORDER BY conorder desc,id desc LIMIT 8   [ RunTime:0.000713s ]
SQL: SELECT `id`,`catid`,`title`,`headerpic` FROM `en_content` WHERE ( catid=24 and (status=2 or status=3) ) ORDER BY conorder desc,id desc LIMIT 8   [ RunTime:0.000510s ]
SQL: SELECT `id`,`catid`,`title`,`headerpic` FROM `en_content` WHERE ( catid=25 and (status=2 or status=3) ) ORDER BY conorder desc,id desc LIMIT 8   [ RunTime:0.000412s ]
SQL: SHOW COLUMNS FROM `en_site` [ RunTime:0.000526s ]
SQL: SELECT * FROM `en_site` WHERE ( siteid=1 ) LIMIT 1   [ RunTime:0.000151s ]
SQL: SELECT a.xqstatus,a.title,a.picurlpc,a.catid,a.id,b.id as ppid FROM en_product_price b,en_product a WHERE ( a.posid=1 and a.status=1 and  a.id=b.pid ) ORDER BY a.listorder desc,id desc LIMIT 8   [ RunTime:0.000832s ]
SQL: SHOW COLUMNS FROM `en_video` [ RunTime:0.000666s ]
SQL: SELECT `vtitle`,`headerpic`,`catid` FROM `en_video` WHERE ( catid=26 and (status=2 or status=3) ) ORDER BY listorder desc,vid desc LIMIT 8   [ RunTime:0.000340s ]
SQL: SELECT `vtitle`,`headerpic`,`catid` FROM `en_video` WHERE ( catid=27 and (status=2 or status=3) ) ORDER BY listorder desc,vid desc LIMIT 8   [ RunTime:0.000303s ]
SQL: SELECT `catid`,`catname`,`caturl` FROM `en_category` WHERE ( `catid` IN ('14','15','16','17','18','19','20','21') ) ORDER BY listorder desc,catid desc  [ RunTime:0.000280s ]
NOTIC: [8] Undefined variable: category_list /data/wwwroot/html/bobo2/en/Home/Lib/Action/CommonAction.class.php 第 28 行.
NOTIC: [8] Undefined index: linkageid /data/wwwroot/html/bobo2/en/Home/Lib/Action/ProductAction.class.php 第 18 行.
NOTIC: [8] Undefined index: price_search /data/wwwroot/html/bobo2/en/Home/Lib/Action/ProductAction.class.php 第 19 行.
NOTIC: [8] Undefined index: texturelist_search /data/wwwroot/html/bobo2/en/Home/Lib/Action/ProductAction.class.php 第 20 行.
NOTIC: [8] Undefined index: capacity_search /data/wwwroot/html/bobo2/en/Home/Lib/Action/ProductAction.class.php 第 21 行.
SQL: SELECT `catid`,`catname`,`caturl` FROM `en_category` WHERE ( `catid` IN ('14','15','16','17','18','19','20','21') ) ORDER BY listorder desc,catid desc  [ RunTime:0.000224s ]
NOTIC: [8] Undefined index: bobo_pc_user_id /data/wwwroot/html/bobo2/en/Home/Lib/Action/ProductAction.class.php 第 24 行.
NOTIC: [8] Undefined variable: pro_list_fw /data/wwwroot/html/bobo2/en/Home/Lib/Action/ProductAction.class.php 第 45 行.
SQL: SELECT `colorname`,`id` FROM `en_parameter` WHERE ( typeid=1 and status=1 ) ORDER BY listorder desc,id desc  [ RunTime:0.000220s ]
SQL: SELECT COUNT(*) AS tp_count FROM `en_linkage` WHERE ( catid=19 and status=1 ) LIMIT 1   [ RunTime:0.000211s ]
SQL: SELECT a.xqstatus,a.title,a.picurlpc,a.catid,a.id,b.capacity,b.price,b.id as ppid,a.colorlist,b.fmpicurl FROM en_product_price b,en_product a WHERE ( a.catid=19  and a.status=1 and  a.id=b.pid ) ORDER BY a.listorder desc,id desc  [ RunTime:0.000735s ]
SQL: SELECT `catname` FROM `en_category` WHERE ( catid=19 ) LIMIT 1   [ RunTime:0.000185s ]
SQL: SELECT `colorname` FROM `en_parameter` WHERE ( `id` IN ('4') )  [ RunTime:0.000174s ]
SQL: SELECT `catname` FROM `en_category` WHERE ( catid=19 ) LIMIT 1   [ RunTime:0.000187s ]
SQL: SELECT `colorname` FROM `en_parameter` WHERE ( `id` IN ('9') )  [ RunTime:0.000155s ]
SQL: SELECT `catname` FROM `en_category` WHERE ( catid=19 ) LIMIT 1   [ RunTime:0.000170s ]
SQL: SELECT `colorname` FROM `en_parameter` WHERE ( `id` IN ('9') )  [ RunTime:0.000166s ]
INFO: [ view_template ] --START--
INFO: Run LocationTemplate Behavior [ RunTime:0.000269s ]
INFO: [ view_template ] --END-- [ RunTime:0.000316s ]
INFO: [ view_parse ] --START--
NOTIC: [8] A session had already been started - ignoring session_start() /data/wwwroot/html/bobo2/en/Home/Runtime/Cache/7ec83dbe9b0a50fbf22731d36a9728b0.php 第 78 行.
NOTIC: [8] Undefined index: bobo_pc_user_id /data/wwwroot/html/bobo2/en/Home/Runtime/Cache/7ec83dbe9b0a50fbf22731d36a9728b0.php 第 78 行.
NOTIC: [8] Undefined index: bobo_pc_user_id /data/wwwroot/html/bobo2/en/Home/Runtime/Cache/7ec83dbe9b0a50fbf22731d36a9728b0.php 第 85 行.
NOTIC: [8] Undefined index: bobo_pc_user_name /data/wwwroot/html/bobo2/en/Home/Runtime/Cache/7ec83dbe9b0a50fbf22731d36a9728b0.php 第 85 行.
NOTIC: [8] Undefined variable: k /data/wwwroot/html/bobo2/en/Home/Runtime/Cache/7ec83dbe9b0a50fbf22731d36a9728b0.php 第 112 行.
NOTIC: [8] Use of undefined constant catid - assumed 'catid' /data/wwwroot/html/bobo2/en/Home/Runtime/Cache/7ec83dbe9b0a50fbf22731d36a9728b0.php 第 115 行.
NOTIC: [8] Use of undefined constant id - assumed 'id' /data/wwwroot/html/bobo2/en/Home/Runtime/Cache/7ec83dbe9b0a50fbf22731d36a9728b0.php 第 115 行.
NOTIC: [8] Use of undefined constant catid - assumed 'catid' /data/wwwroot/html/bobo2/en/Home/Runtime/Cache/7ec83dbe9b0a50fbf22731d36a9728b0.php 第 115 行.
NOTIC: [8] Use of undefined constant id - assumed 'id' /data/wwwroot/html/bobo2/en/Home/Runtime/Cache/7ec83dbe9b0a50fbf22731d36a9728b0.php 第 115 行.
NOTIC: [8] Use of undefined constant catid - assumed 'catid' /data/wwwroot/html/bobo2/en/Home/Runtime/Cache/7ec83dbe9b0a50fbf22731d36a9728b0.php 第 115 行.
NOTIC: [8] Use of undefined constant id - assumed 'id' /data/wwwroot/html/bobo2/en/Home/Runtime/Cache/7ec83dbe9b0a50fbf22731d36a9728b0.php 第 115 行.
NOTIC: [8] Use of undefined constant catid - assumed 'catid' /data/wwwroot/html/bobo2/en/Home/Runtime/Cache/7ec83dbe9b0a50fbf22731d36a9728b0.php 第 115 行.
NOTIC: [8] Use of undefined constant id - assumed 'id' /data/wwwroot/html/bobo2/en/Home/Runtime/Cache/7ec83dbe9b0a50fbf22731d36a9728b0.php 第 115 行.
NOTIC: [8] Use of undefined constant catid - assumed 'catid' /data/wwwroot/html/bobo2/en/Home/Runtime/Cache/7ec83dbe9b0a50fbf22731d36a9728b0.php 第 115 行.
NOTIC: [8] Use of undefined constant id - assumed 'id' /data/wwwroot/html/bobo2/en/Home/Runtime/Cache/7ec83dbe9b0a50fbf22731d36a9728b0.php 第 115 行.
NOTIC: [8] Use of undefined constant catid - assumed 'catid' /data/wwwroot/html/bobo2/en/Home/Runtime/Cache/7ec83dbe9b0a50fbf22731d36a9728b0.php 第 115 行.
NOTIC: [8] Use of undefined constant id - assumed 'id' /data/wwwroot/html/bobo2/en/Home/Runtime/Cache/7ec83dbe9b0a50fbf22731d36a9728b0.php 第 115 行.
NOTIC: [8] Use of undefined constant catid - assumed 'catid' /data/wwwroot/html/bobo2/en/Home/Runtime/Cache/7ec83dbe9b0a50fbf22731d36a9728b0.php 第 115 行.
NOTIC: [8] Use of undefined constant id - assumed 'id' /data/wwwroot/html/bobo2/en/Home/Runtime/Cache/7ec83dbe9b0a50fbf22731d36a9728b0.php 第 115 行.
NOTIC: [8] Use of undefined constant catid - assumed 'catid' /data/wwwroot/html/bobo2/en/Home/Runtime/Cache/7ec83dbe9b0a50fbf22731d36a9728b0.php 第 115 行.
NOTIC: [8] Use of undefined constant id - assumed 'id' /data/wwwroot/html/bobo2/en/Home/Runtime/Cache/7ec83dbe9b0a50fbf22731d36a9728b0.php 第 115 行.
NOTIC: [8] Use of undefined constant catid - assumed 'catid' /data/wwwroot/html/bobo2/en/Home/Runtime/Cache/7ec83dbe9b0a50fbf22731d36a9728b0.php 第 118 行.
NOTIC: [8] Use of undefined constant id - assumed 'id' /data/wwwroot/html/bobo2/en/Home/Runtime/Cache/7ec83dbe9b0a50fbf22731d36a9728b0.php 第 118 行.
NOTIC: [8] Use of undefined constant catid - assumed 'catid' /data/wwwroot/html/bobo2/en/Home/Runtime/Cache/7ec83dbe9b0a50fbf22731d36a9728b0.php 第 118 行.
NOTIC: [8] Use of undefined constant id - assumed 'id' /data/wwwroot/html/bobo2/en/Home/Runtime/Cache/7ec83dbe9b0a50fbf22731d36a9728b0.php 第 118 行.
NOTIC: [8] Use of undefined constant catid - assumed 'catid' /data/wwwroot/html/bobo2/en/Home/Runtime/Cache/7ec83dbe9b0a50fbf22731d36a9728b0.php 第 118 行.
NOTIC: [8] Use of undefined constant id - assumed 'id' /data/wwwroot/html/bobo2/en/Home/Runtime/Cache/7ec83dbe9b0a50fbf22731d36a9728b0.php 第 118 行.
NOTIC: [8] Use of undefined constant catid - assumed 'catid' /data/wwwroot/html/bobo2/en/Home/Runtime/Cache/7ec83dbe9b0a50fbf22731d36a9728b0.php 第 118 行.
NOTIC: [8] Use of undefined constant id - assumed 'id' /data/wwwroot/html/bobo2/en/Home/Runtime/Cache/7ec83dbe9b0a50fbf22731d36a9728b0.php 第 118 行.
NOTIC: [8] Use of undefined constant catid - assumed 'catid' /data/wwwroot/html/bobo2/en/Home/Runtime/Cache/7ec83dbe9b0a50fbf22731d36a9728b0.php 第 121 行.
NOTIC: [8] Use of undefined constant id - assumed 'id' /data/wwwroot/html/bobo2/en/Home/Runtime/Cache/7ec83dbe9b0a50fbf22731d36a9728b0.php 第 121 行.
NOTIC: [8] Use of undefined constant catid - assumed 'catid' /data/wwwroot/html/bobo2/en/Home/Runtime/Cache/7ec83dbe9b0a50fbf22731d36a9728b0.php 第 146 行.
NOTIC: [8] Use of undefined constant id - assumed 'id' /data/wwwroot/html/bobo2/en/Home/Runtime/Cache/7ec83dbe9b0a50fbf22731d36a9728b0.php 第 146 行.
NOTIC: [8] Use of undefined constant ppid - assumed 'ppid' /data/wwwroot/html/bobo2/en/Home/Runtime/Cache/7ec83dbe9b0a50fbf22731d36a9728b0.php 第 146 行.
NOTIC: [8] Use of undefined constant catid - assumed 'catid' /data/wwwroot/html/bobo2/en/Home/Runtime/Cache/7ec83dbe9b0a50fbf22731d36a9728b0.php 第 146 行.
NOTIC: [8] Use of undefined constant id - assumed 'id' /data/wwwroot/html/bobo2/en/Home/Runtime/Cache/7ec83dbe9b0a50fbf22731d36a9728b0.php 第 146 行.
NOTIC: [8] Use of undefined constant ppid - assumed 'ppid' /data/wwwroot/html/bobo2/en/Home/Runtime/Cache/7ec83dbe9b0a50fbf22731d36a9728b0.php 第 146 行.
NOTIC: [8] Use of undefined constant catid - assumed 'catid' /data/wwwroot/html/bobo2/en/Home/Runtime/Cache/7ec83dbe9b0a50fbf22731d36a9728b0.php 第 146 行.
NOTIC: [8] Use of undefined constant id - assumed 'id' /data/wwwroot/html/bobo2/en/Home/Runtime/Cache/7ec83dbe9b0a50fbf22731d36a9728b0.php 第 146 行.
NOTIC: [8] Use of undefined constant ppid - assumed 'ppid' /data/wwwroot/html/bobo2/en/Home/Runtime/Cache/7ec83dbe9b0a50fbf22731d36a9728b0.php 第 146 行.
NOTIC: [8] Use of undefined constant catid - assumed 'catid' /data/wwwroot/html/bobo2/en/Home/Runtime/Cache/7ec83dbe9b0a50fbf22731d36a9728b0.php 第 146 行.
NOTIC: [8] Use of undefined constant id - assumed 'id' /data/wwwroot/html/bobo2/en/Home/Runtime/Cache/7ec83dbe9b0a50fbf22731d36a9728b0.php 第 146 行.
NOTIC: [8] Use of undefined constant ppid - assumed 'ppid' /data/wwwroot/html/bobo2/en/Home/Runtime/Cache/7ec83dbe9b0a50fbf22731d36a9728b0.php 第 146 行.
NOTIC: [8] Use of undefined constant catid - assumed 'catid' /data/wwwroot/html/bobo2/en/Home/Runtime/Cache/7ec83dbe9b0a50fbf22731d36a9728b0.php 第 146 行.
NOTIC: [8] Use of undefined constant id - assumed 'id' /data/wwwroot/html/bobo2/en/Home/Runtime/Cache/7ec83dbe9b0a50fbf22731d36a9728b0.php 第 146 行.
NOTIC: [8] Use of undefined constant ppid - assumed 'ppid' /data/wwwroot/html/bobo2/en/Home/Runtime/Cache/7ec83dbe9b0a50fbf22731d36a9728b0.php 第 146 行.
NOTIC: [8] Use of undefined constant catid - assumed 'catid' /data/wwwroot/html/bobo2/en/Home/Runtime/Cache/7ec83dbe9b0a50fbf22731d36a9728b0.php 第 146 行.
NOTIC: [8] Use of undefined constant id - assumed 'id' /data/wwwroot/html/bobo2/en/Home/Runtime/Cache/7ec83dbe9b0a50fbf22731d36a9728b0.php 第 146 行.
NOTIC: [8] Use of undefined constant ppid - assumed 'ppid' /data/wwwroot/html/bobo2/en/Home/Runtime/Cache/7ec83dbe9b0a50fbf22731d36a9728b0.php 第 146 行.
NOTIC: [8] Use of undefined constant catid - assumed 'catid' /data/wwwroot/html/bobo2/en/Home/Runtime/Cache/7ec83dbe9b0a50fbf22731d36a9728b0.php 第 146 行.
NOTIC: [8] Use of undefined constant id - assumed 'id' /data/wwwroot/html/bobo2/en/Home/Runtime/Cache/7ec83dbe9b0a50fbf22731d36a9728b0.php 第 146 行.
NOTIC: [8] Use of undefined constant ppid - assumed 'ppid' /data/wwwroot/html/bobo2/en/Home/Runtime/Cache/7ec83dbe9b0a50fbf22731d36a9728b0.php 第 146 行.
NOTIC: [8] Use of undefined constant catid - assumed 'catid' /data/wwwroot/html/bobo2/en/Home/Runtime/Cache/7ec83dbe9b0a50fbf22731d36a9728b0.php 第 146 行.
NOTIC: [8] Use of undefined constant id - assumed 'id' /data/wwwroot/html/bobo2/en/Home/Runtime/Cache/7ec83dbe9b0a50fbf22731d36a9728b0.php 第 146 行.
NOTIC: [8] Use of undefined constant ppid - assumed 'ppid' /data/wwwroot/html/bobo2/en/Home/Runtime/Cache/7ec83dbe9b0a50fbf22731d36a9728b0.php 第 146 行.
NOTIC: [8] Use of undefined constant catid - assumed 'catid' /data/wwwroot/html/bobo2/en/Home/Runtime/Cache/7ec83dbe9b0a50fbf22731d36a9728b0.php 第 150 行.
NOTIC: [8] Use of undefined constant catid - assumed 'catid' /data/wwwroot/html/bobo2/en/Home/Runtime/Cache/7ec83dbe9b0a50fbf22731d36a9728b0.php 第 150 行.
NOTIC: [8] Use of undefined constant catid - assumed 'catid' /data/wwwroot/html/bobo2/en/Home/Runtime/Cache/7ec83dbe9b0a50fbf22731d36a9728b0.php 第 150 行.
NOTIC: [8] Use of undefined constant catid - assumed 'catid' /data/wwwroot/html/bobo2/en/Home/Runtime/Cache/7ec83dbe9b0a50fbf22731d36a9728b0.php 第 150 行.
NOTIC: [8] Use of undefined constant catid - assumed 'catid' /data/wwwroot/html/bobo2/en/Home/Runtime/Cache/7ec83dbe9b0a50fbf22731d36a9728b0.php 第 150 行.
NOTIC: [8] Use of undefined constant catid - assumed 'catid' /data/wwwroot/html/bobo2/en/Home/Runtime/Cache/7ec83dbe9b0a50fbf22731d36a9728b0.php 第 150 行.
NOTIC: [8] Use of undefined constant catid - assumed 'catid' /data/wwwroot/html/bobo2/en/Home/Runtime/Cache/7ec83dbe9b0a50fbf22731d36a9728b0.php 第 150 行.
NOTIC: [8] Use of undefined constant catid - assumed 'catid' /data/wwwroot/html/bobo2/en/Home/Runtime/Cache/7ec83dbe9b0a50fbf22731d36a9728b0.php 第 150 行.
NOTIC: [8] Use of undefined constant catid - assumed 'catid' /data/wwwroot/html/bobo2/en/Home/Runtime/Cache/7ec83dbe9b0a50fbf22731d36a9728b0.php 第 154 行.
NOTIC: [8] Use of undefined constant catid - assumed 'catid' /data/wwwroot/html/bobo2/en/Home/Runtime/Cache/7ec83dbe9b0a50fbf22731d36a9728b0.php 第 154 行.
NOTIC: [8] Use of undefined constant catid - assumed 'catid' /data/wwwroot/html/bobo2/en/Home/Runtime/Cache/7ec83dbe9b0a50fbf22731d36a9728b0.php 第 154 行.
NOTIC: [8] Use of undefined constant catid - assumed 'catid' /data/wwwroot/html/bobo2/en/Home/Runtime/Cache/7ec83dbe9b0a50fbf22731d36a9728b0.php 第 154 行.
NOTIC: [8] Use of undefined constant catid - assumed 'catid' /data/wwwroot/html/bobo2/en/Home/Runtime/Cache/7ec83dbe9b0a50fbf22731d36a9728b0.php 第 154 行.
NOTIC: [8] Use of undefined constant catid - assumed 'catid' /data/wwwroot/html/bobo2/en/Home/Runtime/Cache/7ec83dbe9b0a50fbf22731d36a9728b0.php 第 154 行.
NOTIC: [8] Use of undefined constant catid - assumed 'catid' /data/wwwroot/html/bobo2/en/Home/Runtime/Cache/7ec83dbe9b0a50fbf22731d36a9728b0.php 第 154 行.
NOTIC: [8] Use of undefined constant catid - assumed 'catid' /data/wwwroot/html/bobo2/en/Home/Runtime/Cache/7ec83dbe9b0a50fbf22731d36a9728b0.php 第 157 行.
NOTIC: [8] Use of undefined constant catid - assumed 'catid' /data/wwwroot/html/bobo2/en/Home/Runtime/Cache/7ec83dbe9b0a50fbf22731d36a9728b0.php 第 157 行.
NOTIC: [8] Use of undefined constant catid - assumed 'catid' /data/wwwroot/html/bobo2/en/Home/Runtime/Cache/7ec83dbe9b0a50fbf22731d36a9728b0.php 第 157 行.
NOTIC: [8] Use of undefined constant catid - assumed 'catid' /data/wwwroot/html/bobo2/en/Home/Runtime/Cache/7ec83dbe9b0a50fbf22731d36a9728b0.php 第 157 行.
NOTIC: [8] Use of undefined constant catid - assumed 'catid' /data/wwwroot/html/bobo2/en/Home/Runtime/Cache/7ec83dbe9b0a50fbf22731d36a9728b0.php 第 157 行.
NOTIC: [8] Use of undefined constant catid - assumed 'catid' /data/wwwroot/html/bobo2/en/Home/Runtime/Cache/7ec83dbe9b0a50fbf22731d36a9728b0.php 第 157 行.
NOTIC: [8] Use of undefined constant catid - assumed 'catid' /data/wwwroot/html/bobo2/en/Home/Runtime/Cache/7ec83dbe9b0a50fbf22731d36a9728b0.php 第 157 行.
NOTIC: [8] Use of undefined constant catid - assumed 'catid' /data/wwwroot/html/bobo2/en/Home/Runtime/Cache/7ec83dbe9b0a50fbf22731d36a9728b0.php 第 157 行.
NOTIC: [8] Use of undefined constant catid - assumed 'catid' /data/wwwroot/html/bobo2/en/Home/Runtime/Cache/7ec83dbe9b0a50fbf22731d36a9728b0.php 第 180 行.
NOTIC: [8] Use of undefined constant id - assumed 'id' /data/wwwroot/html/bobo2/en/Home/Runtime/Cache/7ec83dbe9b0a50fbf22731d36a9728b0.php 第 180 行.
NOTIC: [8] Use of undefined constant ppid - assumed 'ppid' /data/wwwroot/html/bobo2/en/Home/Runtime/Cache/7ec83dbe9b0a50fbf22731d36a9728b0.php 第 180 行.
NOTIC: [8] Use of undefined constant catid - assumed 'catid' /data/wwwroot/html/bobo2/en/Home/Runtime/Cache/7ec83dbe9b0a50fbf22731d36a9728b0.php 第 180 行.
NOTIC: [8] Use of undefined constant id - assumed 'id' /data/wwwroot/html/bobo2/en/Home/Runtime/Cache/7ec83dbe9b0a50fbf22731d36a9728b0.php 第 180 行.
NOTIC: [8] Use of undefined constant ppid - assumed 'ppid' /data/wwwroot/html/bobo2/en/Home/Runtime/Cache/7ec83dbe9b0a50fbf22731d36a9728b0.php 第 180 行.
NOTIC: [8] Use of undefined constant catid - assumed 'catid' /data/wwwroot/html/bobo2/en/Home/Runtime/Cache/7ec83dbe9b0a50fbf22731d36a9728b0.php 第 180 行.
NOTIC: [8] Use of undefined constant id - assumed 'id' /data/wwwroot/html/bobo2/en/Home/Runtime/Cache/7ec83dbe9b0a50fbf22731d36a9728b0.php 第 180 行.
NOTIC: [8] Use of undefined constant ppid - assumed 'ppid' /data/wwwroot/html/bobo2/en/Home/Runtime/Cache/7ec83dbe9b0a50fbf22731d36a9728b0.php 第 180 行.
NOTIC: [8] Use of undefined constant catid - assumed 'catid' /data/wwwroot/html/bobo2/en/Home/Runtime/Cache/7ec83dbe9b0a50fbf22731d36a9728b0.php 第 180 行.
NOTIC: [8] Use of undefined constant id - assumed 'id' /data/wwwroot/html/bobo2/en/Home/Runtime/Cache/7ec83dbe9b0a50fbf22731d36a9728b0.php 第 180 行.
NOTIC: [8] Use of undefined constant ppid - assumed 'ppid' /data/wwwroot/html/bobo2/en/Home/Runtime/Cache/7ec83dbe9b0a50fbf22731d36a9728b0.php 第 180 行.
NOTIC: [8] Use of undefined constant catid - assumed 'catid' /data/wwwroot/html/bobo2/en/Home/Runtime/Cache/7ec83dbe9b0a50fbf22731d36a9728b0.php 第 180 行.
NOTIC: [8] Use of undefined constant id - assumed 'id' /data/wwwroot/html/bobo2/en/Home/Runtime/Cache/7ec83dbe9b0a50fbf22731d36a9728b0.php 第 180 行.
NOTIC: [8] Use of undefined constant ppid - assumed 'ppid' /data/wwwroot/html/bobo2/en/Home/Runtime/Cache/7ec83dbe9b0a50fbf22731d36a9728b0.php 第 180 行.
NOTIC: [8] Use of undefined constant catid - assumed 'catid' /data/wwwroot/html/bobo2/en/Home/Runtime/Cache/7ec83dbe9b0a50fbf22731d36a9728b0.php 第 180 行.
NOTIC: [8] Use of undefined constant id - assumed 'id' /data/wwwroot/html/bobo2/en/Home/Runtime/Cache/7ec83dbe9b0a50fbf22731d36a9728b0.php 第 180 行.
NOTIC: [8] Use of undefined constant ppid - assumed 'ppid' /data/wwwroot/html/bobo2/en/Home/Runtime/Cache/7ec83dbe9b0a50fbf22731d36a9728b0.php 第 180 行.
NOTIC: [8] Use of undefined constant catid - assumed 'catid' /data/wwwroot/html/bobo2/en/Home/Runtime/Cache/7ec83dbe9b0a50fbf22731d36a9728b0.php 第 180 行.
NOTIC: [8] Use of undefined constant id - assumed 'id' /data/wwwroot/html/bobo2/en/Home/Runtime/Cache/7ec83dbe9b0a50fbf22731d36a9728b0.php 第 180 行.
NOTIC: [8] Use of undefined constant ppid - assumed 'ppid' /data/wwwroot/html/bobo2/en/Home/Runtime/Cache/7ec83dbe9b0a50fbf22731d36a9728b0.php 第 180 行.
NOTIC: [8] Use of undefined constant catid - assumed 'catid' /data/wwwroot/html/bobo2/en/Home/Runtime/Cache/7ec83dbe9b0a50fbf22731d36a9728b0.php 第 180 行.
NOTIC: [8] Use of undefined constant id - assumed 'id' /data/wwwroot/html/bobo2/en/Home/Runtime/Cache/7ec83dbe9b0a50fbf22731d36a9728b0.php 第 180 行.
NOTIC: [8] Use of undefined constant ppid - assumed 'ppid' /data/wwwroot/html/bobo2/en/Home/Runtime/Cache/7ec83dbe9b0a50fbf22731d36a9728b0.php 第 180 行.
NOTIC: [8] Use of undefined constant catid - assumed 'catid' /data/wwwroot/html/bobo2/en/Home/Runtime/Cache/7ec83dbe9b0a50fbf22731d36a9728b0.php 第 184 行.
NOTIC: [8] Use of undefined constant catid - assumed 'catid' /data/wwwroot/html/bobo2/en/Home/Runtime/Cache/7ec83dbe9b0a50fbf22731d36a9728b0.php 第 184 行.
NOTIC: [8] Use of undefined constant catid - assumed 'catid' /data/wwwroot/html/bobo2/en/Home/Runtime/Cache/7ec83dbe9b0a50fbf22731d36a9728b0.php 第 184 行.
NOTIC: [8] Use of undefined constant catid - assumed 'catid' /data/wwwroot/html/bobo2/en/Home/Runtime/Cache/7ec83dbe9b0a50fbf22731d36a9728b0.php 第 184 行.
NOTIC: [8] Use of undefined constant catid - assumed 'catid' /data/wwwroot/html/bobo2/en/Home/Runtime/Cache/7ec83dbe9b0a50fbf22731d36a9728b0.php 第 184 行.
NOTIC: [8] Use of undefined constant catid - assumed 'catid' /data/wwwroot/html/bobo2/en/Home/Runtime/Cache/7ec83dbe9b0a50fbf22731d36a9728b0.php 第 184 行.
NOTIC: [8] Use of undefined constant catid - assumed 'catid' /data/wwwroot/html/bobo2/en/Home/Runtime/Cache/7ec83dbe9b0a50fbf22731d36a9728b0.php 第 184 行.
NOTIC: [8] Use of undefined constant catid - assumed 'catid' /data/wwwroot/html/bobo2/en/Home/Runtime/Cache/7ec83dbe9b0a50fbf22731d36a9728b0.php 第 184 行.
NOTIC: [8] Use of undefined constant catid - assumed 'catid' /data/wwwroot/html/bobo2/en/Home/Runtime/Cache/7ec83dbe9b0a50fbf22731d36a9728b0.php 第 188 行.
NOTIC: [8] Use of undefined constant catid - assumed 'catid' /data/wwwroot/html/bobo2/en/Home/Runtime/Cache/7ec83dbe9b0a50fbf22731d36a9728b0.php 第 188 行.
NOTIC: [8] Use of undefined constant catid - assumed 'catid' /data/wwwroot/html/bobo2/en/Home/Runtime/Cache/7ec83dbe9b0a50fbf22731d36a9728b0.php 第 188 行.
NOTIC: [8] Use of undefined constant catid - assumed 'catid' /data/wwwroot/html/bobo2/en/Home/Runtime/Cache/7ec83dbe9b0a50fbf22731d36a9728b0.php 第 188 行.
NOTIC: [8] Use of undefined constant catid - assumed 'catid' /data/wwwroot/html/bobo2/en/Home/Runtime/Cache/7ec83dbe9b0a50fbf22731d36a9728b0.php 第 188 行.
NOTIC: [8] Use of undefined constant catid - assumed 'catid' /data/wwwroot/html/bobo2/en/Home/Runtime/Cache/7ec83dbe9b0a50fbf22731d36a9728b0.php 第 188 行.
NOTIC: [8] Use of undefined constant catid - assumed 'catid' /data/wwwroot/html/bobo2/en/Home/Runtime/Cache/7ec83dbe9b0a50fbf22731d36a9728b0.php 第 188 行.
NOTIC: [8] Use of undefined constant catid - assumed 'catid' /data/wwwroot/html/bobo2/en/Home/Runtime/Cache/7ec83dbe9b0a50fbf22731d36a9728b0.php 第 191 行.
NOTIC: [8] Use of undefined constant catid - assumed 'catid' /data/wwwroot/html/bobo2/en/Home/Runtime/Cache/7ec83dbe9b0a50fbf22731d36a9728b0.php 第 191 行.
NOTIC: [8] Use of undefined constant catid - assumed 'catid' /data/wwwroot/html/bobo2/en/Home/Runtime/Cache/7ec83dbe9b0a50fbf22731d36a9728b0.php 第 191 行.
NOTIC: [8] Use of undefined constant catid - assumed 'catid' /data/wwwroot/html/bobo2/en/Home/Runtime/Cache/7ec83dbe9b0a50fbf22731d36a9728b0.php 第 191 行.
NOTIC: [8] Use of undefined constant catid - assumed 'catid' /data/wwwroot/html/bobo2/en/Home/Runtime/Cache/7ec83dbe9b0a50fbf22731d36a9728b0.php 第 191 行.
NOTIC: [8] Use of undefined constant catid - assumed 'catid' /data/wwwroot/html/bobo2/en/Home/Runtime/Cache/7ec83dbe9b0a50fbf22731d36a9728b0.php 第 191 行.
NOTIC: [8] Use of undefined constant catid - assumed 'catid' /data/wwwroot/html/bobo2/en/Home/Runtime/Cache/7ec83dbe9b0a50fbf22731d36a9728b0.php 第 191 行.
NOTIC: [8] Use of undefined constant catid - assumed 'catid' /data/wwwroot/html/bobo2/en/Home/Runtime/Cache/7ec83dbe9b0a50fbf22731d36a9728b0.php 第 191 行.
NOTIC: [8] Use of undefined constant catid - assumed 'catid' /data/wwwroot/html/bobo2/en/Home/Runtime/Cache/7ec83dbe9b0a50fbf22731d36a9728b0.php 第 265 行.
NOTIC: [8] Use of undefined constant catid - assumed 'catid' /data/wwwroot/html/bobo2/en/Home/Runtime/Cache/7ec83dbe9b0a50fbf22731d36a9728b0.php 第 265 行.
NOTIC: [8] Use of undefined constant catid - assumed 'catid' /data/wwwroot/html/bobo2/en/Home/Runtime/Cache/7ec83dbe9b0a50fbf22731d36a9728b0.php 第 265 行.
NOTIC: [8] Use of undefined constant catid - assumed 'catid' /data/wwwroot/html/bobo2/en/Home/Runtime/Cache/7ec83dbe9b0a50fbf22731d36a9728b0.php 第 265 行.
NOTIC: [8] Use of undefined constant catid - assumed 'catid' /data/wwwroot/html/bobo2/en/Home/Runtime/Cache/7ec83dbe9b0a50fbf22731d36a9728b0.php 第 265 行.
NOTIC: [8] Use of undefined constant catid - assumed 'catid' /data/wwwroot/html/bobo2/en/Home/Runtime/Cache/7ec83dbe9b0a50fbf22731d36a9728b0.php 第 265 行.
NOTIC: [8] Use of undefined constant catid - assumed 'catid' /data/wwwroot/html/bobo2/en/Home/Runtime/Cache/7ec83dbe9b0a50fbf22731d36a9728b0.php 第 265 行.
NOTIC: [8] Use of undefined constant catid - assumed 'catid' /data/wwwroot/html/bobo2/en/Home/Runtime/Cache/7ec83dbe9b0a50fbf22731d36a9728b0.php 第 265 行.
NOTIC: [8] Use of undefined constant catid - assumed 'catid' /data/wwwroot/html/bobo2/en/Home/Runtime/Cache/7ec83dbe9b0a50fbf22731d36a9728b0.php 第 265 行.
NOTIC: [8] Use of undefined constant catid - assumed 'catid' /data/wwwroot/html/bobo2/en/Home/Runtime/Cache/7ec83dbe9b0a50fbf22731d36a9728b0.php 第 265 行.
NOTIC: [8] Use of undefined constant catid - assumed 'catid' /data/wwwroot/html/bobo2/en/Home/Runtime/Cache/7ec83dbe9b0a50fbf22731d36a9728b0.php 第 265 行.
NOTIC: [8] Use of undefined constant catid - assumed 'catid' /data/wwwroot/html/bobo2/en/Home/Runtime/Cache/7ec83dbe9b0a50fbf22731d36a9728b0.php 第 265 行.
NOTIC: [8] Use of undefined constant catid - assumed 'catid' /data/wwwroot/html/bobo2/en/Home/Runtime/Cache/7ec83dbe9b0a50fbf22731d36a9728b0.php 第 265 行.
NOTIC: [8] Use of undefined constant catid - assumed 'catid' /data/wwwroot/html/bobo2/en/Home/Runtime/Cache/7ec83dbe9b0a50fbf22731d36a9728b0.php 第 265 行.
NOTIC: [8] Use of undefined constant catid - assumed 'catid' /data/wwwroot/html/bobo2/en/Home/Runtime/Cache/7ec83dbe9b0a50fbf22731d36a9728b0.php 第 265 行.
NOTIC: [8] Use of undefined constant catid - assumed 'catid' /data/wwwroot/html/bobo2/en/Home/Runtime/Cache/7ec83dbe9b0a50fbf22731d36a9728b0.php 第 265 行.
NOTIC: [8] Use of undefined constant catid - assumed 'catid' /data/wwwroot/html/bobo2/en/Home/Runtime/Cache/7ec83dbe9b0a50fbf22731d36a9728b0.php 第 265 行.
NOTIC: [8] Use of undefined constant catid - assumed 'catid' /data/wwwroot/html/bobo2/en/Home/Runtime/Cache/7ec83dbe9b0a50fbf22731d36a9728b0.php 第 265 行.
NOTIC: [8] Use of undefined constant catid - assumed 'catid' /data/wwwroot/html/bobo2/en/Home/Runtime/Cache/7ec83dbe9b0a50fbf22731d36a9728b0.php 第 265 行.
NOTIC: [8] Use of undefined constant catid - assumed 'catid' /data/wwwroot/html/bobo2/en/Home/Runtime/Cache/7ec83dbe9b0a50fbf22731d36a9728b0.php 第 265 行.
NOTIC: [8] Use of undefined constant catid - assumed 'catid' /data/wwwroot/html/bobo2/en/Home/Runtime/Cache/7ec83dbe9b0a50fbf22731d36a9728b0.php 第 265 行.
NOTIC: [8] Use of undefined constant catid - assumed 'catid' /data/wwwroot/html/bobo2/en/Home/Runtime/Cache/7ec83dbe9b0a50fbf22731d36a9728b0.php 第 265 行.
NOTIC: [8] Use of undefined constant catid - assumed 'catid' /data/wwwroot/html/bobo2/en/Home/Runtime/Cache/7ec83dbe9b0a50fbf22731d36a9728b0.php 第 265 行.
NOTIC: [8] Use of undefined constant catid - assumed 'catid' /data/wwwroot/html/bobo2/en/Home/Runtime/Cache/7ec83dbe9b0a50fbf22731d36a9728b0.php 第 265 行.
NOTIC: [8] Use of undefined constant price_search - assumed 'price_search' /data/wwwroot/html/bobo2/en/Home/Runtime/Cache/7ec83dbe9b0a50fbf22731d36a9728b0.php 第 281 行.
NOTIC: [8] Undefined index: price_search /data/wwwroot/html/bobo2/en/Home/Runtime/Cache/7ec83dbe9b0a50fbf22731d36a9728b0.php 第 281 行.
NOTIC: [8] Use of undefined constant texturelist_search - assumed 'texturelist_search' /data/wwwroot/html/bobo2/en/Home/Runtime/Cache/7ec83dbe9b0a50fbf22731d36a9728b0.php 第 290 行.
NOTIC: [8] Undefined index: texturelist_search /data/wwwroot/html/bobo2/en/Home/Runtime/Cache/7ec83dbe9b0a50fbf22731d36a9728b0.php 第 290 行.
NOTIC: [8] Use of undefined constant capacity_search - assumed 'capacity_search' /data/wwwroot/html/bobo2/en/Home/Runtime/Cache/7ec83dbe9b0a50fbf22731d36a9728b0.php 第 298 行.
NOTIC: [8] Undefined index: capacity_search /data/wwwroot/html/bobo2/en/Home/Runtime/Cache/7ec83dbe9b0a50fbf22731d36a9728b0.php 第 298 行.
NOTIC: [8] Use of undefined constant xqstatus - assumed 'xqstatus' /data/wwwroot/html/bobo2/en/Home/Runtime/Cache/7ec83dbe9b0a50fbf22731d36a9728b0.php 第 312 行.
NOTIC: [8] Use of undefined constant fmpicurl - assumed 'fmpicurl' /data/wwwroot/html/bobo2/en/Home/Runtime/Cache/7ec83dbe9b0a50fbf22731d36a9728b0.php 第 318 行.
NOTIC: [8] A session had already been started - ignoring session_start() /data/wwwroot/html/bobo2/en/Home/Runtime/Cache/7ec83dbe9b0a50fbf22731d36a9728b0.php 第 329 行.
NOTIC: [8] Undefined index: bobo_pc_user_id /data/wwwroot/html/bobo2/en/Home/Runtime/Cache/7ec83dbe9b0a50fbf22731d36a9728b0.php 第 329 行.
NOTIC: [8] Use of undefined constant xqstatus - assumed 'xqstatus' /data/wwwroot/html/bobo2/en/Home/Runtime/Cache/7ec83dbe9b0a50fbf22731d36a9728b0.php 第 312 行.
NOTIC: [8] Use of undefined constant fmpicurl - assumed 'fmpicurl' /data/wwwroot/html/bobo2/en/Home/Runtime/Cache/7ec83dbe9b0a50fbf22731d36a9728b0.php 第 318 行.
NOTIC: [8] A session had already been started - ignoring session_start() /data/wwwroot/html/bobo2/en/Home/Runtime/Cache/7ec83dbe9b0a50fbf22731d36a9728b0.php 第 329 行.
NOTIC: [8] Undefined index: bobo_pc_user_id /data/wwwroot/html/bobo2/en/Home/Runtime/Cache/7ec83dbe9b0a50fbf22731d36a9728b0.php 第 329 行.
NOTIC: [8] Use of undefined constant xqstatus - assumed 'xqstatus' /data/wwwroot/html/bobo2/en/Home/Runtime/Cache/7ec83dbe9b0a50fbf22731d36a9728b0.php 第 312 行.
NOTIC: [8] Use of undefined constant fmpicurl - assumed 'fmpicurl' /data/wwwroot/html/bobo2/en/Home/Runtime/Cache/7ec83dbe9b0a50fbf22731d36a9728b0.php 第 318 行.
NOTIC: [8] A session had already been started - ignoring session_start() /data/wwwroot/html/bobo2/en/Home/Runtime/Cache/7ec83dbe9b0a50fbf22731d36a9728b0.php 第 329 行.
NOTIC: [8] Undefined index: bobo_pc_user_id /data/wwwroot/html/bobo2/en/Home/Runtime/Cache/7ec83dbe9b0a50fbf22731d36a9728b0.php 第 329 行.
INFO: Run ParseTemplate Behavior [ RunTime:0.031755s ]
INFO: [ view_parse ] --END-- [ RunTime:0.031863s ]
INFO: [ view_filter ] --START--
INFO: Run ContentReplace Behavior [ RunTime:0.000477s ]
INFO: Run TokenBuild Behavior [ RunTime:0.000234s ]
INFO: Run WriteHtmlCache Behavior [ RunTime:0.000146s ]
INFO: Run ShowRuntime Behavior [ RunTime:0.000286s ]
INFO: [ view_filter ] --END-- [ RunTime:0.001289s ]
INFO: [ view_end ] --START--
INFO: Run ShowPageTrace Behavior [ RunTime:0.000358s ]
INFO: [ view_end ] --END-- [ RunTime:0.000406s ]

