[ 2017-05-13T00:52:37+08:00 ] 220.181.108.110 /bobo2/en/index.php/Product/product/catid/16
INFO: [ route_check ] --START--
INFO: Run CheckRoute Behavior [ RunTime:0.000529s ]
INFO: [ route_check ] --END-- [ RunTime:0.000605s ]
INFO: [ app_begin ] --START--
INFO: Run ReadHtmlCache Behavior [ RunTime:0.000323s ]
INFO: [ app_begin ] --END-- [ RunTime:0.000375s ]
SQL: SHOW COLUMNS FROM `en_product` [ RunTime:0.000922s ]
SQL: SHOW COLUMNS FROM `en_category` [ RunTime:0.000583s ]
SQL: SHOW COLUMNS FROM `en_linkage` [ RunTime:0.000569s ]
SQL: SHOW COLUMNS FROM `en_parameter` [ RunTime:0.000496s ]
SQL: SHOW COLUMNS FROM `en_collect` [ RunTime:0.000438s ]
SQL: SHOW COLUMNS FROM `en_content` [ RunTime:0.000679s ]
SQL: SHOW COLUMNS FROM `en_page` [ RunTime:0.000577s ]
SQL: SELECT * FROM `en_page` WHERE ( `catid` = 29 ) LIMIT 1   [ RunTime:0.000246s ]
SQL: SELECT `id`,`catid`,`title`,`headerpic` FROM `en_content` WHERE ( catid=23 and (status=2 or status=3) ) ORDER BY conorder desc,id desc LIMIT 8   [ RunTime:0.000548s ]
SQL: SELECT `id`,`catid`,`title`,`headerpic` FROM `en_content` WHERE ( catid=24 and (status=2 or status=3) ) ORDER BY conorder desc,id desc LIMIT 8   [ RunTime:0.000459s ]
SQL: SELECT `id`,`catid`,`title`,`headerpic` FROM `en_content` WHERE ( catid=25 and (status=2 or status=3) ) ORDER BY conorder desc,id desc LIMIT 8   [ RunTime:0.000400s ]
SQL: SHOW COLUMNS FROM `en_site` [ RunTime:0.000486s ]
SQL: SELECT * FROM `en_site` WHERE ( siteid=1 ) LIMIT 1   [ RunTime:0.000208s ]
SQL: SELECT a.xqstatus,a.title,a.picurlpc,a.catid,a.id,b.id as ppid FROM en_product_price b,en_product a WHERE ( a.posid=1 and a.status=1 and  a.id=b.pid ) ORDER BY a.listorder desc,id desc LIMIT 8   [ RunTime:0.022079s ]
SQL: SHOW COLUMNS FROM `en_video` [ RunTime:0.000675s ]
SQL: SELECT `vtitle`,`headerpic`,`catid` FROM `en_video` WHERE ( catid=26 and (status=2 or status=3) ) ORDER BY listorder desc,vid desc LIMIT 8   [ RunTime:0.000270s ]
SQL: SELECT `vtitle`,`headerpic`,`catid` FROM `en_video` WHERE ( catid=27 and (status=2 or status=3) ) ORDER BY listorder desc,vid desc LIMIT 8   [ RunTime:0.000260s ]
SQL: SELECT `catid`,`catname`,`caturl` FROM `en_category` WHERE ( `catid` IN ('14','15','16','17','18','19','20','21') ) ORDER BY listorder desc,catid desc  [ RunTime:0.000257s ]
NOTIC: [8] Undefined variable: category_list /data/wwwroot/html/bobo2/en/Home/Lib/Action/CommonAction.class.php 第 28 行.
NOTIC: [8] Undefined index: linkageid /data/wwwroot/html/bobo2/en/Home/Lib/Action/ProductAction.class.php 第 18 行.
NOTIC: [8] Undefined index: price_search /data/wwwroot/html/bobo2/en/Home/Lib/Action/ProductAction.class.php 第 19 行.
NOTIC: [8] Undefined index: texturelist_search /data/wwwroot/html/bobo2/en/Home/Lib/Action/ProductAction.class.php 第 20 行.
NOTIC: [8] Undefined index: capacity_search /data/wwwroot/html/bobo2/en/Home/Lib/Action/ProductAction.class.php 第 21 行.
SQL: SELECT `catid`,`catname`,`caturl` FROM `en_category` WHERE ( `catid` IN ('14','15','16','17','18','19','20','21') ) ORDER BY listorder desc,catid desc  [ RunTime:0.000264s ]
NOTIC: [8] Undefined index: bobo_pc_user_id /data/wwwroot/html/bobo2/en/Home/Lib/Action/ProductAction.class.php 第 24 行.
NOTIC: [8] Undefined variable: pro_list_fw /data/wwwroot/html/bobo2/en/Home/Lib/Action/ProductAction.class.php 第 45 行.
SQL: SELECT `colorname`,`id` FROM `en_parameter` WHERE ( typeid=1 and status=1 ) ORDER BY listorder desc,id desc  [ RunTime:0.000223s ]
SQL: SELECT COUNT(*) AS tp_count FROM `en_linkage` WHERE ( catid=16 and status=1 ) LIMIT 1   [ RunTime:0.000917s ]
SQL: SELECT `catname` FROM `en_category` WHERE ( catid=16 ) LIMIT 1   [ RunTime:0.000191s ]
SQL: SELECT `name`,`linkageid` FROM `en_linkage` WHERE ( catid=16 and status=1 ) ORDER BY listorder desc,linkageid desc  [ RunTime:0.000229s ]
SQL: SELECT a.xqstatus,a.title,a.picurlpc,a.catid,a.id,b.capacity,b.price,b.id as ppid,a.colorlist,b.fmpicurl FROM en_product_price b,en_product a WHERE ( a.catid=16 and a.linkageid=12 and a.status=1 and  a.id=b.pid ) ORDER BY listorder desc  [ RunTime:0.000651s ]
SQL: SELECT `colorname` FROM `en_parameter` WHERE ( `id` IN ('9','4','7','6','6','4','9','7') )  [ RunTime:0.000210s ]
SQL: SELECT `colorname` FROM `en_parameter` WHERE ( `id` IN ('9','4','7','6','6','4','9','7') )  [ RunTime:0.000368s ]
SQL: SELECT `colorname` FROM `en_parameter` WHERE ( `id` IN ('1','6') )  [ RunTime:0.000210s ]
SQL: SELECT `colorname` FROM `en_parameter` WHERE ( `id` IN ('4','1') )  [ RunTime:0.000202s ]
SQL: SELECT `colorname` FROM `en_parameter` WHERE ( `id` IN ('4','1','7','9') )  [ RunTime:0.000233s ]
SQL: SELECT `colorname` FROM `en_parameter` WHERE ( `id` IN ('12','6') )  [ RunTime:0.000239s ]
SQL: SELECT `colorname` FROM `en_parameter` WHERE ( `id` IN ('1','13','12','9','8','7') )  [ RunTime:0.000215s ]
SQL: SELECT a.xqstatus,a.title,a.picurlpc,a.catid,a.id,b.capacity,b.price,b.id as ppid,a.colorlist,b.fmpicurl FROM en_product_price b,en_product a WHERE ( a.catid=16 and a.linkageid=11 and a.status=1 and  a.id=b.pid ) ORDER BY listorder desc  [ RunTime:0.000603s ]
SQL: SELECT `colorname` FROM `en_parameter` WHERE ( `id` IN ('1','6','12','4') )  [ RunTime:0.000233s ]
SQL: SELECT a.xqstatus,a.title,a.picurlpc,a.catid,a.id,b.capacity,b.price,b.id as ppid,a.colorlist,b.fmpicurl FROM en_product_price b,en_product a WHERE ( a.catid=16 and a.linkageid=10 and a.status=1 and  a.id=b.pid ) ORDER BY listorder desc  [ RunTime:0.000597s ]
SQL: SELECT `colorname` FROM `en_parameter` WHERE ( `id` IN ('1','8','1','8') )  [ RunTime:0.000222s ]
SQL: SELECT `colorname` FROM `en_parameter` WHERE ( `id` IN ('1','8','1','8') )  [ RunTime:0.000230s ]
SQL: SELECT `colorname` FROM `en_parameter` WHERE ( `id` IN ('1','6','4','7') )  [ RunTime:0.000233s ]
SQL: SELECT `colorname` FROM `en_parameter` WHERE ( `id` IN ('1','6','12','4','7') )  [ RunTime:0.000221s ]
SQL: SELECT `colorname` FROM `en_parameter` WHERE ( `id` IN ('6','4','12','1') )  [ RunTime:0.001137s ]
SQL: SELECT `colorname` FROM `en_parameter` WHERE ( `id` IN ('1') )  [ RunTime:0.000152s ]
SQL: SELECT a.xqstatus,a.title,a.picurlpc,a.catid,a.id,b.capacity,b.price,b.id as ppid,a.colorlist,b.fmpicurl FROM en_product_price b,en_product a WHERE ( a.catid=16 and a.linkageid=9 and a.status=1 and  a.id=b.pid ) ORDER BY listorder desc  [ RunTime:0.000601s ]
SQL: SELECT `colorname` FROM `en_parameter` WHERE ( `id` IN ('12') )  [ RunTime:0.000148s ]
SQL: SELECT `colorname` FROM `en_parameter` WHERE ( `id` IN ('7') )  [ RunTime:0.000148s ]
SQL: SELECT a.xqstatus,a.title,a.picurlpc,a.catid,a.id,b.capacity,b.price,b.id as ppid,a.colorlist,b.fmpicurl FROM en_product_price b,en_product a WHERE ( a.catid=16 and a.linkageid=8 and a.status=1 and  a.id=b.pid ) ORDER BY listorder desc  [ RunTime:0.000626s ]
SQL: SELECT `colorname` FROM `en_parameter` WHERE ( `id` IN ('6','1','12','4') )  [ RunTime:0.000238s ]
SQL: SELECT `colorname` FROM `en_parameter` WHERE ( `id` IN ('12','6','4','1') )  [ RunTime:0.000227s ]
SQL: SELECT `colorname` FROM `en_parameter` WHERE ( `id` IN ('4','1','7','12') )  [ RunTime:0.000245s ]
SQL: SELECT `colorname` FROM `en_parameter` WHERE ( `id` IN ('1','12','4','7') )  [ RunTime:0.000216s ]
SQL: SELECT `colorname` FROM `en_parameter` WHERE ( `id` IN ('1','14','7','6') )  [ RunTime:0.000223s ]
INFO: [ view_template ] --START--
INFO: Run LocationTemplate Behavior [ RunTime:0.000251s ]
INFO: [ view_template ] --END-- [ RunTime:0.000301s ]
INFO: [ view_parse ] --START--
NOTIC: [8] A session had already been started - ignoring session_start() /data/wwwroot/html/bobo2/en/Home/Runtime/Cache/006364ab2ca7013f1c606b3b9e32da0e.php 第 78 行.
NOTIC: [8] Undefined index: bobo_pc_user_id /data/wwwroot/html/bobo2/en/Home/Runtime/Cache/006364ab2ca7013f1c606b3b9e32da0e.php 第 78 行.
NOTIC: [8] Undefined index: bobo_pc_user_id /data/wwwroot/html/bobo2/en/Home/Runtime/Cache/006364ab2ca7013f1c606b3b9e32da0e.php 第 85 行.
NOTIC: [8] Undefined index: bobo_pc_user_name /data/wwwroot/html/bobo2/en/Home/Runtime/Cache/006364ab2ca7013f1c606b3b9e32da0e.php 第 85 行.
NOTIC: [8] Undefined variable: k /data/wwwroot/html/bobo2/en/Home/Runtime/Cache/006364ab2ca7013f1c606b3b9e32da0e.php 第 112 行.
NOTIC: [8] Use of undefined constant catid - assumed 'catid' /data/wwwroot/html/bobo2/en/Home/Runtime/Cache/006364ab2ca7013f1c606b3b9e32da0e.php 第 115 行.
NOTIC: [8] Use of undefined constant id - assumed 'id' /data/wwwroot/html/bobo2/en/Home/Runtime/Cache/006364ab2ca7013f1c606b3b9e32da0e.php 第 115 行.
NOTIC: [8] Use of undefined constant catid - assumed 'catid' /data/wwwroot/html/bobo2/en/Home/Runtime/Cache/006364ab2ca7013f1c606b3b9e32da0e.php 第 115 行.
NOTIC: [8] Use of undefined constant id - assumed 'id' /data/wwwroot/html/bobo2/en/Home/Runtime/Cache/006364ab2ca7013f1c606b3b9e32da0e.php 第 115 行.
NOTIC: [8] Use of undefined constant catid - assumed 'catid' /data/wwwroot/html/bobo2/en/Home/Runtime/Cache/006364ab2ca7013f1c606b3b9e32da0e.php 第 115 行.
NOTIC: [8] Use of undefined constant id - assumed 'id' /data/wwwroot/html/bobo2/en/Home/Runtime/Cache/006364ab2ca7013f1c606b3b9e32da0e.php 第 115 行.
NOTIC: [8] Use of undefined constant catid - assumed 'catid' /data/wwwroot/html/bobo2/en/Home/Runtime/Cache/006364ab2ca7013f1c606b3b9e32da0e.php 第 115 行.
NOTIC: [8] Use of undefined constant id - assumed 'id' /data/wwwroot/html/bobo2/en/Home/Runtime/Cache/006364ab2ca7013f1c606b3b9e32da0e.php 第 115 行.
NOTIC: [8] Use of undefined constant catid - assumed 'catid' /data/wwwroot/html/bobo2/en/Home/Runtime/Cache/006364ab2ca7013f1c606b3b9e32da0e.php 第 115 行.
NOTIC: [8] Use of undefined constant id - assumed 'id' /data/wwwroot/html/bobo2/en/Home/Runtime/Cache/006364ab2ca7013f1c606b3b9e32da0e.php 第 115 行.
NOTIC: [8] Use of undefined constant catid - assumed 'catid' /data/wwwroot/html/bobo2/en/Home/Runtime/Cache/006364ab2ca7013f1c606b3b9e32da0e.php 第 115 行.
NOTIC: [8] Use of undefined constant id - assumed 'id' /data/wwwroot/html/bobo2/en/Home/Runtime/Cache/006364ab2ca7013f1c606b3b9e32da0e.php 第 115 行.
NOTIC: [8] Use of undefined constant catid - assumed 'catid' /data/wwwroot/html/bobo2/en/Home/Runtime/Cache/006364ab2ca7013f1c606b3b9e32da0e.php 第 115 行.
NOTIC: [8] Use of undefined constant id - assumed 'id' /data/wwwroot/html/bobo2/en/Home/Runtime/Cache/006364ab2ca7013f1c606b3b9e32da0e.php 第 115 行.
NOTIC: [8] Use of undefined constant catid - assumed 'catid' /data/wwwroot/html/bobo2/en/Home/Runtime/Cache/006364ab2ca7013f1c606b3b9e32da0e.php 第 115 行.
NOTIC: [8] Use of undefined constant id - assumed 'id' /data/wwwroot/html/bobo2/en/Home/Runtime/Cache/006364ab2ca7013f1c606b3b9e32da0e.php 第 115 行.
NOTIC: [8] Use of undefined constant catid - assumed 'catid' /data/wwwroot/html/bobo2/en/Home/Runtime/Cache/006364ab2ca7013f1c606b3b9e32da0e.php 第 118 行.
NOTIC: [8] Use of undefined constant id - assumed 'id' /data/wwwroot/html/bobo2/en/Home/Runtime/Cache/006364ab2ca7013f1c606b3b9e32da0e.php 第 118 行.
NOTIC: [8] Use of undefined constant catid - assumed 'catid' /data/wwwroot/html/bobo2/en/Home/Runtime/Cache/006364ab2ca7013f1c606b3b9e32da0e.php 第 118 行.
NOTIC: [8] Use of undefined constant id - assumed 'id' /data/wwwroot/html/bobo2/en/Home/Runtime/Cache/006364ab2ca7013f1c606b3b9e32da0e.php 第 118 行.
NOTIC: [8] Use of undefined constant catid - assumed 'catid' /data/wwwroot/html/bobo2/en/Home/Runtime/Cache/006364ab2ca7013f1c606b3b9e32da0e.php 第 118 行.
NOTIC: [8] Use of undefined constant id - assumed 'id' /data/wwwroot/html/bobo2/en/Home/Runtime/Cache/006364ab2ca7013f1c606b3b9e32da0e.php 第 118 行.
NOTIC: [8] Use of undefined constant catid - assumed 'catid' /data/wwwroot/html/bobo2/en/Home/Runtime/Cache/006364ab2ca7013f1c606b3b9e32da0e.php 第 118 行.
NOTIC: [8] Use of undefined constant id - assumed 'id' /data/wwwroot/html/bobo2/en/Home/Runtime/Cache/006364ab2ca7013f1c606b3b9e32da0e.php 第 118 行.
NOTIC: [8] Use of undefined constant catid - assumed 'catid' /data/wwwroot/html/bobo2/en/Home/Runtime/Cache/006364ab2ca7013f1c606b3b9e32da0e.php 第 121 行.
NOTIC: [8] Use of undefined constant id - assumed 'id' /data/wwwroot/html/bobo2/en/Home/Runtime/Cache/006364ab2ca7013f1c606b3b9e32da0e.php 第 121 行.
NOTIC: [8] Use of undefined constant catid - assumed 'catid' /data/wwwroot/html/bobo2/en/Home/Runtime/Cache/006364ab2ca7013f1c606b3b9e32da0e.php 第 146 行.
NOTIC: [8] Use of undefined constant id - assumed 'id' /data/wwwroot/html/bobo2/en/Home/Runtime/Cache/006364ab2ca7013f1c606b3b9e32da0e.php 第 146 行.
NOTIC: [8] Use of undefined constant ppid - assumed 'ppid' /data/wwwroot/html/bobo2/en/Home/Runtime/Cache/006364ab2ca7013f1c606b3b9e32da0e.php 第 146 行.
NOTIC: [8] Use of undefined constant catid - assumed 'catid' /data/wwwroot/html/bobo2/en/Home/Runtime/Cache/006364ab2ca7013f1c606b3b9e32da0e.php 第 146 行.
NOTIC: [8] Use of undefined constant id - assumed 'id' /data/wwwroot/html/bobo2/en/Home/Runtime/Cache/006364ab2ca7013f1c606b3b9e32da0e.php 第 146 行.
NOTIC: [8] Use of undefined constant ppid - assumed 'ppid' /data/wwwroot/html/bobo2/en/Home/Runtime/Cache/006364ab2ca7013f1c606b3b9e32da0e.php 第 146 行.
NOTIC: [8] Use of undefined constant catid - assumed 'catid' /data/wwwroot/html/bobo2/en/Home/Runtime/Cache/006364ab2ca7013f1c606b3b9e32da0e.php 第 146 行.
NOTIC: [8] Use of undefined constant id - assumed 'id' /data/wwwroot/html/bobo2/en/Home/Runtime/Cache/006364ab2ca7013f1c606b3b9e32da0e.php 第 146 行.
NOTIC: [8] Use of undefined constant ppid - assumed 'ppid' /data/wwwroot/html/bobo2/en/Home/Runtime/Cache/006364ab2ca7013f1c606b3b9e32da0e.php 第 146 行.
NOTIC: [8] Use of undefined constant catid - assumed 'catid' /data/wwwroot/html/bobo2/en/Home/Runtime/Cache/006364ab2ca7013f1c606b3b9e32da0e.php 第 146 行.
NOTIC: [8] Use of undefined constant id - assumed 'id' /data/wwwroot/html/bobo2/en/Home/Runtime/Cache/006364ab2ca7013f1c606b3b9e32da0e.php 第 146 行.
NOTIC: [8] Use of undefined constant ppid - assumed 'ppid' /data/wwwroot/html/bobo2/en/Home/Runtime/Cache/006364ab2ca7013f1c606b3b9e32da0e.php 第 146 行.
NOTIC: [8] Use of undefined constant catid - assumed 'catid' /data/wwwroot/html/bobo2/en/Home/Runtime/Cache/006364ab2ca7013f1c606b3b9e32da0e.php 第 146 行.
NOTIC: [8] Use of undefined constant id - assumed 'id' /data/wwwroot/html/bobo2/en/Home/Runtime/Cache/006364ab2ca7013f1c606b3b9e32da0e.php 第 146 行.
NOTIC: [8] Use of undefined constant ppid - assumed 'ppid' /data/wwwroot/html/bobo2/en/Home/Runtime/Cache/006364ab2ca7013f1c606b3b9e32da0e.php 第 146 行.
NOTIC: [8] Use of undefined constant catid - assumed 'catid' /data/wwwroot/html/bobo2/en/Home/Runtime/Cache/006364ab2ca7013f1c606b3b9e32da0e.php 第 146 行.
NOTIC: [8] Use of undefined constant id - assumed 'id' /data/wwwroot/html/bobo2/en/Home/Runtime/Cache/006364ab2ca7013f1c606b3b9e32da0e.php 第 146 行.
NOTIC: [8] Use of undefined constant ppid - assumed 'ppid' /data/wwwroot/html/bobo2/en/Home/Runtime/Cache/006364ab2ca7013f1c606b3b9e32da0e.php 第 146 行.
NOTIC: [8] Use of undefined constant catid - assumed 'catid' /data/wwwroot/html/bobo2/en/Home/Runtime/Cache/006364ab2ca7013f1c606b3b9e32da0e.php 第 146 行.
NOTIC: [8] Use of undefined constant id - assumed 'id' /data/wwwroot/html/bobo2/en/Home/Runtime/Cache/006364ab2ca7013f1c606b3b9e32da0e.php 第 146 行.
NOTIC: [8] Use of undefined constant ppid - assumed 'ppid' /data/wwwroot/html/bobo2/en/Home/Runtime/Cache/006364ab2ca7013f1c606b3b9e32da0e.php 第 146 行.
NOTIC: [8] Use of undefined constant catid - assumed 'catid' /data/wwwroot/html/bobo2/en/Home/Runtime/Cache/006364ab2ca7013f1c606b3b9e32da0e.php 第 146 行.
NOTIC: [8] Use of undefined constant id - assumed 'id' /data/wwwroot/html/bobo2/en/Home/Runtime/Cache/006364ab2ca7013f1c606b3b9e32da0e.php 第 146 行.
NOTIC: [8] Use of undefined constant ppid - assumed 'ppid' /data/wwwroot/html/bobo2/en/Home/Runtime/Cache/006364ab2ca7013f1c606b3b9e32da0e.php 第 146 行.
NOTIC: [8] Use of undefined constant catid - assumed 'catid' /data/wwwroot/html/bobo2/en/Home/Runtime/Cache/006364ab2ca7013f1c606b3b9e32da0e.php 第 150 行.
NOTIC: [8] Use of undefined constant catid - assumed 'catid' /data/wwwroot/html/bobo2/en/Home/Runtime/Cache/006364ab2ca7013f1c606b3b9e32da0e.php 第 150 行.
NOTIC: [8] Use of undefined constant catid - assumed 'catid' /data/wwwroot/html/bobo2/en/Home/Runtime/Cache/006364ab2ca7013f1c606b3b9e32da0e.php 第 150 行.
NOTIC: [8] Use of undefined constant catid - assumed 'catid' /data/wwwroot/html/bobo2/en/Home/Runtime/Cache/006364ab2ca7013f1c606b3b9e32da0e.php 第 150 行.
NOTIC: [8] Use of undefined constant catid - assumed 'catid' /data/wwwroot/html/bobo2/en/Home/Runtime/Cache/006364ab2ca7013f1c606b3b9e32da0e.php 第 150 行.
NOTIC: [8] Use of undefined constant catid - assumed 'catid' /data/wwwroot/html/bobo2/en/Home/Runtime/Cache/006364ab2ca7013f1c606b3b9e32da0e.php 第 150 行.
NOTIC: [8] Use of undefined constant catid - assumed 'catid' /data/wwwroot/html/bobo2/en/Home/Runtime/Cache/006364ab2ca7013f1c606b3b9e32da0e.php 第 150 行.
NOTIC: [8] Use of undefined constant catid - assumed 'catid' /data/wwwroot/html/bobo2/en/Home/Runtime/Cache/006364ab2ca7013f1c606b3b9e32da0e.php 第 150 行.
NOTIC: [8] Use of undefined constant catid - assumed 'catid' /data/wwwroot/html/bobo2/en/Home/Runtime/Cache/006364ab2ca7013f1c606b3b9e32da0e.php 第 154 行.
NOTIC: [8] Use of undefined constant catid - assumed 'catid' /data/wwwroot/html/bobo2/en/Home/Runtime/Cache/006364ab2ca7013f1c606b3b9e32da0e.php 第 154 行.
NOTIC: [8] Use of undefined constant catid - assumed 'catid' /data/wwwroot/html/bobo2/en/Home/Runtime/Cache/006364ab2ca7013f1c606b3b9e32da0e.php 第 154 行.
NOTIC: [8] Use of undefined constant catid - assumed 'catid' /data/wwwroot/html/bobo2/en/Home/Runtime/Cache/006364ab2ca7013f1c606b3b9e32da0e.php 第 154 行.
NOTIC: [8] Use of undefined constant catid - assumed 'catid' /data/wwwroot/html/bobo2/en/Home/Runtime/Cache/006364ab2ca7013f1c606b3b9e32da0e.php 第 154 行.
NOTIC: [8] Use of undefined constant catid - assumed 'catid' /data/wwwroot/html/bobo2/en/Home/Runtime/Cache/006364ab2ca7013f1c606b3b9e32da0e.php 第 154 行.
NOTIC: [8] Use of undefined constant catid - assumed 'catid' /data/wwwroot/html/bobo2/en/Home/Runtime/Cache/006364ab2ca7013f1c606b3b9e32da0e.php 第 154 行.
NOTIC: [8] Use of undefined constant catid - assumed 'catid' /data/wwwroot/html/bobo2/en/Home/Runtime/Cache/006364ab2ca7013f1c606b3b9e32da0e.php 第 157 行.
NOTIC: [8] Use of undefined constant catid - assumed 'catid' /data/wwwroot/html/bobo2/en/Home/Runtime/Cache/006364ab2ca7013f1c606b3b9e32da0e.php 第 157 行.
NOTIC: [8] Use of undefined constant catid - assumed 'catid' /data/wwwroot/html/bobo2/en/Home/Runtime/Cache/006364ab2ca7013f1c606b3b9e32da0e.php 第 157 行.
NOTIC: [8] Use of undefined constant catid - assumed 'catid' /data/wwwroot/html/bobo2/en/Home/Runtime/Cache/006364ab2ca7013f1c606b3b9e32da0e.php 第 157 行.
NOTIC: [8] Use of undefined constant catid - assumed 'catid' /data/wwwroot/html/bobo2/en/Home/Runtime/Cache/006364ab2ca7013f1c606b3b9e32da0e.php 第 157 行.
NOTIC: [8] Use of undefined constant catid - assumed 'catid' /data/wwwroot/html/bobo2/en/Home/Runtime/Cache/006364ab2ca7013f1c606b3b9e32da0e.php 第 157 行.
NOTIC: [8] Use of undefined constant catid - assumed 'catid' /data/wwwroot/html/bobo2/en/Home/Runtime/Cache/006364ab2ca7013f1c606b3b9e32da0e.php 第 157 行.
NOTIC: [8] Use of undefined constant catid - assumed 'catid' /data/wwwroot/html/bobo2/en/Home/Runtime/Cache/006364ab2ca7013f1c606b3b9e32da0e.php 第 157 行.
NOTIC: [8] Use of undefined constant catid - assumed 'catid' /data/wwwroot/html/bobo2/en/Home/Runtime/Cache/006364ab2ca7013f1c606b3b9e32da0e.php 第 180 行.
NOTIC: [8] Use of undefined constant id - assumed 'id' /data/wwwroot/html/bobo2/en/Home/Runtime/Cache/006364ab2ca7013f1c606b3b9e32da0e.php 第 180 行.
NOTIC: [8] Use of undefined constant ppid - assumed 'ppid' /data/wwwroot/html/bobo2/en/Home/Runtime/Cache/006364ab2ca7013f1c606b3b9e32da0e.php 第 180 行.
NOTIC: [8] Use of undefined constant catid - assumed 'catid' /data/wwwroot/html/bobo2/en/Home/Runtime/Cache/006364ab2ca7013f1c606b3b9e32da0e.php 第 180 行.
NOTIC: [8] Use of undefined constant id - assumed 'id' /data/wwwroot/html/bobo2/en/Home/Runtime/Cache/006364ab2ca7013f1c606b3b9e32da0e.php 第 180 行.
NOTIC: [8] Use of undefined constant ppid - assumed 'ppid' /data/wwwroot/html/bobo2/en/Home/Runtime/Cache/006364ab2ca7013f1c606b3b9e32da0e.php 第 180 行.
NOTIC: [8] Use of undefined constant catid - assumed 'catid' /data/wwwroot/html/bobo2/en/Home/Runtime/Cache/006364ab2ca7013f1c606b3b9e32da0e.php 第 180 行.
NOTIC: [8] Use of undefined constant id - assumed 'id' /data/wwwroot/html/bobo2/en/Home/Runtime/Cache/006364ab2ca7013f1c606b3b9e32da0e.php 第 180 行.
NOTIC: [8] Use of undefined constant ppid - assumed 'ppid' /data/wwwroot/html/bobo2/en/Home/Runtime/Cache/006364ab2ca7013f1c606b3b9e32da0e.php 第 180 行.
NOTIC: [8] Use of undefined constant catid - assumed 'catid' /data/wwwroot/html/bobo2/en/Home/Runtime/Cache/006364ab2ca7013f1c606b3b9e32da0e.php 第 180 行.
NOTIC: [8] Use of undefined constant id - assumed 'id' /data/wwwroot/html/bobo2/en/Home/Runtime/Cache/006364ab2ca7013f1c606b3b9e32da0e.php 第 180 行.
NOTIC: [8] Use of undefined constant ppid - assumed 'ppid' /data/wwwroot/html/bobo2/en/Home/Runtime/Cache/006364ab2ca7013f1c606b3b9e32da0e.php 第 180 行.
NOTIC: [8] Use of undefined constant catid - assumed 'catid' /data/wwwroot/html/bobo2/en/Home/Runtime/Cache/006364ab2ca7013f1c606b3b9e32da0e.php 第 180 行.
NOTIC: [8] Use of undefined constant id - assumed 'id' /data/wwwroot/html/bobo2/en/Home/Runtime/Cache/006364ab2ca7013f1c606b3b9e32da0e.php 第 180 行.
NOTIC: [8] Use of undefined constant ppid - assumed 'ppid' /data/wwwroot/html/bobo2/en/Home/Runtime/Cache/006364ab2ca7013f1c606b3b9e32da0e.php 第 180 行.
NOTIC: [8] Use of undefined constant catid - assumed 'catid' /data/wwwroot/html/bobo2/en/Home/Runtime/Cache/006364ab2ca7013f1c606b3b9e32da0e.php 第 180 行.
NOTIC: [8] Use of undefined constant id - assumed 'id' /data/wwwroot/html/bobo2/en/Home/Runtime/Cache/006364ab2ca7013f1c606b3b9e32da0e.php 第 180 行.
NOTIC: [8] Use of undefined constant ppid - assumed 'ppid' /data/wwwroot/html/bobo2/en/Home/Runtime/Cache/006364ab2ca7013f1c606b3b9e32da0e.php 第 180 行.
NOTIC: [8] Use of undefined constant catid - assumed 'catid' /data/wwwroot/html/bobo2/en/Home/Runtime/Cache/006364ab2ca7013f1c606b3b9e32da0e.php 第 180 行.
NOTIC: [8] Use of undefined constant id - assumed 'id' /data/wwwroot/html/bobo2/en/Home/Runtime/Cache/006364ab2ca7013f1c606b3b9e32da0e.php 第 180 行.
NOTIC: [8] Use of undefined constant ppid - assumed 'ppid' /data/wwwroot/html/bobo2/en/Home/Runtime/Cache/006364ab2ca7013f1c606b3b9e32da0e.php 第 180 行.
NOTIC: [8] Use of undefined constant catid - assumed 'catid' /data/wwwroot/html/bobo2/en/Home/Runtime/Cache/006364ab2ca7013f1c606b3b9e32da0e.php 第 180 行.
NOTIC: [8] Use of undefined constant id - assumed 'id' /data/wwwroot/html/bobo2/en/Home/Runtime/Cache/006364ab2ca7013f1c606b3b9e32da0e.php 第 180 行.
NOTIC: [8] Use of undefined constant ppid - assumed 'ppid' /data/wwwroot/html/bobo2/en/Home/Runtime/Cache/006364ab2ca7013f1c606b3b9e32da0e.php 第 180 行.
NOTIC: [8] Use of undefined constant catid - assumed 'catid' /data/wwwroot/html/bobo2/en/Home/Runtime/Cache/006364ab2ca7013f1c606b3b9e32da0e.php 第 184 行.
NOTIC: [8] Use of undefined constant catid - assumed 'catid' /data/wwwroot/html/bobo2/en/Home/Runtime/Cache/006364ab2ca7013f1c606b3b9e32da0e.php 第 184 行.
NOTIC: [8] Use of undefined constant catid - assumed 'catid' /data/wwwroot/html/bobo2/en/Home/Runtime/Cache/006364ab2ca7013f1c606b3b9e32da0e.php 第 184 行.
NOTIC: [8] Use of undefined constant catid - assumed 'catid' /data/wwwroot/html/bobo2/en/Home/Runtime/Cache/006364ab2ca7013f1c606b3b9e32da0e.php 第 184 行.
NOTIC: [8] Use of undefined constant catid - assumed 'catid' /data/wwwroot/html/bobo2/en/Home/Runtime/Cache/006364ab2ca7013f1c606b3b9e32da0e.php 第 184 行.
NOTIC: [8] Use of undefined constant catid - assumed 'catid' /data/wwwroot/html/bobo2/en/Home/Runtime/Cache/006364ab2ca7013f1c606b3b9e32da0e.php 第 184 行.
NOTIC: [8] Use of undefined constant catid - assumed 'catid' /data/wwwroot/html/bobo2/en/Home/Runtime/Cache/006364ab2ca7013f1c606b3b9e32da0e.php 第 184 行.
NOTIC: [8] Use of undefined constant catid - assumed 'catid' /data/wwwroot/html/bobo2/en/Home/Runtime/Cache/006364ab2ca7013f1c606b3b9e32da0e.php 第 184 行.
NOTIC: [8] Use of undefined constant catid - assumed 'catid' /data/wwwroot/html/bobo2/en/Home/Runtime/Cache/006364ab2ca7013f1c606b3b9e32da0e.php 第 188 行.
NOTIC: [8] Use of undefined constant catid - assumed 'catid' /data/wwwroot/html/bobo2/en/Home/Runtime/Cache/006364ab2ca7013f1c606b3b9e32da0e.php 第 188 行.
NOTIC: [8] Use of undefined constant catid - assumed 'catid' /data/wwwroot/html/bobo2/en/Home/Runtime/Cache/006364ab2ca7013f1c606b3b9e32da0e.php 第 188 行.
NOTIC: [8] Use of undefined constant catid - assumed 'catid' /data/wwwroot/html/bobo2/en/Home/Runtime/Cache/006364ab2ca7013f1c606b3b9e32da0e.php 第 188 行.
NOTIC: [8] Use of undefined constant catid - assumed 'catid' /data/wwwroot/html/bobo2/en/Home/Runtime/Cache/006364ab2ca7013f1c606b3b9e32da0e.php 第 188 行.
NOTIC: [8] Use of undefined constant catid - assumed 'catid' /data/wwwroot/html/bobo2/en/Home/Runtime/Cache/006364ab2ca7013f1c606b3b9e32da0e.php 第 188 行.
NOTIC: [8] Use of undefined constant catid - assumed 'catid' /data/wwwroot/html/bobo2/en/Home/Runtime/Cache/006364ab2ca7013f1c606b3b9e32da0e.php 第 188 行.
NOTIC: [8] Use of undefined constant catid - assumed 'catid' /data/wwwroot/html/bobo2/en/Home/Runtime/Cache/006364ab2ca7013f1c606b3b9e32da0e.php 第 191 行.
NOTIC: [8] Use of undefined constant catid - assumed 'catid' /data/wwwroot/html/bobo2/en/Home/Runtime/Cache/006364ab2ca7013f1c606b3b9e32da0e.php 第 191 行.
NOTIC: [8] Use of undefined constant catid - assumed 'catid' /data/wwwroot/html/bobo2/en/Home/Runtime/Cache/006364ab2ca7013f1c606b3b9e32da0e.php 第 191 行.
NOTIC: [8] Use of undefined constant catid - assumed 'catid' /data/wwwroot/html/bobo2/en/Home/Runtime/Cache/006364ab2ca7013f1c606b3b9e32da0e.php 第 191 行.
NOTIC: [8] Use of undefined constant catid - assumed 'catid' /data/wwwroot/html/bobo2/en/Home/Runtime/Cache/006364ab2ca7013f1c606b3b9e32da0e.php 第 191 行.
NOTIC: [8] Use of undefined constant catid - assumed 'catid' /data/wwwroot/html/bobo2/en/Home/Runtime/Cache/006364ab2ca7013f1c606b3b9e32da0e.php 第 191 行.
NOTIC: [8] Use of undefined constant catid - assumed 'catid' /data/wwwroot/html/bobo2/en/Home/Runtime/Cache/006364ab2ca7013f1c606b3b9e32da0e.php 第 191 行.
NOTIC: [8] Use of undefined constant catid - assumed 'catid' /data/wwwroot/html/bobo2/en/Home/Runtime/Cache/006364ab2ca7013f1c606b3b9e32da0e.php 第 191 行.
NOTIC: [8] Use of undefined constant catid - assumed 'catid' /data/wwwroot/html/bobo2/en/Home/Runtime/Cache/006364ab2ca7013f1c606b3b9e32da0e.php 第 265 行.
NOTIC: [8] Use of undefined constant catid - assumed 'catid' /data/wwwroot/html/bobo2/en/Home/Runtime/Cache/006364ab2ca7013f1c606b3b9e32da0e.php 第 265 行.
NOTIC: [8] Use of undefined constant catid - assumed 'catid' /data/wwwroot/html/bobo2/en/Home/Runtime/Cache/006364ab2ca7013f1c606b3b9e32da0e.php 第 265 行.
NOTIC: [8] Use of undefined constant catid - assumed 'catid' /data/wwwroot/html/bobo2/en/Home/Runtime/Cache/006364ab2ca7013f1c606b3b9e32da0e.php 第 265 行.
NOTIC: [8] Use of undefined constant catid - assumed 'catid' /data/wwwroot/html/bobo2/en/Home/Runtime/Cache/006364ab2ca7013f1c606b3b9e32da0e.php 第 265 行.
NOTIC: [8] Use of undefined constant catid - assumed 'catid' /data/wwwroot/html/bobo2/en/Home/Runtime/Cache/006364ab2ca7013f1c606b3b9e32da0e.php 第 265 行.
NOTIC: [8] Use of undefined constant catid - assumed 'catid' /data/wwwroot/html/bobo2/en/Home/Runtime/Cache/006364ab2ca7013f1c606b3b9e32da0e.php 第 265 行.
NOTIC: [8] Use of undefined constant catid - assumed 'catid' /data/wwwroot/html/bobo2/en/Home/Runtime/Cache/006364ab2ca7013f1c606b3b9e32da0e.php 第 265 行.
NOTIC: [8] Use of undefined constant catid - assumed 'catid' /data/wwwroot/html/bobo2/en/Home/Runtime/Cache/006364ab2ca7013f1c606b3b9e32da0e.php 第 265 行.
NOTIC: [8] Use of undefined constant catid - assumed 'catid' /data/wwwroot/html/bobo2/en/Home/Runtime/Cache/006364ab2ca7013f1c606b3b9e32da0e.php 第 265 行.
NOTIC: [8] Use of undefined constant catid - assumed 'catid' /data/wwwroot/html/bobo2/en/Home/Runtime/Cache/006364ab2ca7013f1c606b3b9e32da0e.php 第 265 行.
NOTIC: [8] Use of undefined constant catid - assumed 'catid' /data/wwwroot/html/bobo2/en/Home/Runtime/Cache/006364ab2ca7013f1c606b3b9e32da0e.php 第 265 行.
NOTIC: [8] Use of undefined constant catid - assumed 'catid' /data/wwwroot/html/bobo2/en/Home/Runtime/Cache/006364ab2ca7013f1c606b3b9e32da0e.php 第 265 行.
NOTIC: [8] Use of undefined constant catid - assumed 'catid' /data/wwwroot/html/bobo2/en/Home/Runtime/Cache/006364ab2ca7013f1c606b3b9e32da0e.php 第 265 行.
NOTIC: [8] Use of undefined constant catid - assumed 'catid' /data/wwwroot/html/bobo2/en/Home/Runtime/Cache/006364ab2ca7013f1c606b3b9e32da0e.php 第 265 行.
NOTIC: [8] Use of undefined constant catid - assumed 'catid' /data/wwwroot/html/bobo2/en/Home/Runtime/Cache/006364ab2ca7013f1c606b3b9e32da0e.php 第 265 行.
NOTIC: [8] Use of undefined constant catid - assumed 'catid' /data/wwwroot/html/bobo2/en/Home/Runtime/Cache/006364ab2ca7013f1c606b3b9e32da0e.php 第 265 行.
NOTIC: [8] Use of undefined constant catid - assumed 'catid' /data/wwwroot/html/bobo2/en/Home/Runtime/Cache/006364ab2ca7013f1c606b3b9e32da0e.php 第 265 行.
NOTIC: [8] Use of undefined constant catid - assumed 'catid' /data/wwwroot/html/bobo2/en/Home/Runtime/Cache/006364ab2ca7013f1c606b3b9e32da0e.php 第 265 行.
NOTIC: [8] Use of undefined constant catid - assumed 'catid' /data/wwwroot/html/bobo2/en/Home/Runtime/Cache/006364ab2ca7013f1c606b3b9e32da0e.php 第 265 行.
NOTIC: [8] Use of undefined constant catid - assumed 'catid' /data/wwwroot/html/bobo2/en/Home/Runtime/Cache/006364ab2ca7013f1c606b3b9e32da0e.php 第 265 行.
NOTIC: [8] Use of undefined constant catid - assumed 'catid' /data/wwwroot/html/bobo2/en/Home/Runtime/Cache/006364ab2ca7013f1c606b3b9e32da0e.php 第 265 行.
NOTIC: [8] Use of undefined constant catid - assumed 'catid' /data/wwwroot/html/bobo2/en/Home/Runtime/Cache/006364ab2ca7013f1c606b3b9e32da0e.php 第 265 行.
NOTIC: [8] Use of undefined constant catid - assumed 'catid' /data/wwwroot/html/bobo2/en/Home/Runtime/Cache/006364ab2ca7013f1c606b3b9e32da0e.php 第 265 行.
NOTIC: [8] Use of undefined constant price_search - assumed 'price_search' /data/wwwroot/html/bobo2/en/Home/Runtime/Cache/006364ab2ca7013f1c606b3b9e32da0e.php 第 281 行.
NOTIC: [8] Undefined index: price_search /data/wwwroot/html/bobo2/en/Home/Runtime/Cache/006364ab2ca7013f1c606b3b9e32da0e.php 第 281 行.
NOTIC: [8] Use of undefined constant texturelist_search - assumed 'texturelist_search' /data/wwwroot/html/bobo2/en/Home/Runtime/Cache/006364ab2ca7013f1c606b3b9e32da0e.php 第 290 行.
NOTIC: [8] Undefined index: texturelist_search /data/wwwroot/html/bobo2/en/Home/Runtime/Cache/006364ab2ca7013f1c606b3b9e32da0e.php 第 290 行.
NOTIC: [8] Use of undefined constant capacity_search - assumed 'capacity_search' /data/wwwroot/html/bobo2/en/Home/Runtime/Cache/006364ab2ca7013f1c606b3b9e32da0e.php 第 298 行.
NOTIC: [8] Undefined index: capacity_search /data/wwwroot/html/bobo2/en/Home/Runtime/Cache/006364ab2ca7013f1c606b3b9e32da0e.php 第 298 行.
NOTIC: [8] Use of undefined constant pro_list - assumed 'pro_list' /data/wwwroot/html/bobo2/en/Home/Runtime/Cache/006364ab2ca7013f1c606b3b9e32da0e.php 第 310 行.
NOTIC: [8] Use of undefined constant pro_list - assumed 'pro_list' /data/wwwroot/html/bobo2/en/Home/Runtime/Cache/006364ab2ca7013f1c606b3b9e32da0e.php 第 310 行.
NOTIC: [8] Use of undefined constant xqstatus - assumed 'xqstatus' /data/wwwroot/html/bobo2/en/Home/Runtime/Cache/006364ab2ca7013f1c606b3b9e32da0e.php 第 312 行.
NOTIC: [8] Use of undefined constant catid - assumed 'catid' /data/wwwroot/html/bobo2/en/Home/Runtime/Cache/006364ab2ca7013f1c606b3b9e32da0e.php 第 312 行.
NOTIC: [8] Use of undefined constant id - assumed 'id' /data/wwwroot/html/bobo2/en/Home/Runtime/Cache/006364ab2ca7013f1c606b3b9e32da0e.php 第 312 行.
NOTIC: [8] Use of undefined constant ppid - assumed 'ppid' /data/wwwroot/html/bobo2/en/Home/Runtime/Cache/006364ab2ca7013f1c606b3b9e32da0e.php 第 312 行.
NOTIC: [8] Use of undefined constant fmpicurl - assumed 'fmpicurl' /data/wwwroot/html/bobo2/en/Home/Runtime/Cache/006364ab2ca7013f1c606b3b9e32da0e.php 第 314 行.
NOTIC: [8] Use of undefined constant colorlist - assumed 'colorlist' /data/wwwroot/html/bobo2/en/Home/Runtime/Cache/006364ab2ca7013f1c606b3b9e32da0e.php 第 321 行.
NOTIC: [8] Use of undefined constant colorlist - assumed 'colorlist' /data/wwwroot/html/bobo2/en/Home/Runtime/Cache/006364ab2ca7013f1c606b3b9e32da0e.php 第 321 行.
NOTIC: [8] A session had already been started - ignoring session_start() /data/wwwroot/html/bobo2/en/Home/Runtime/Cache/006364ab2ca7013f1c606b3b9e32da0e.php 第 330 行.
NOTIC: [8] Undefined index: bobo_pc_user_id /data/wwwroot/html/bobo2/en/Home/Runtime/Cache/006364ab2ca7013f1c606b3b9e32da0e.php 第 330 行.
NOTIC: [8] Use of undefined constant xqstatus - assumed 'xqstatus' /data/wwwroot/html/bobo2/en/Home/Runtime/Cache/006364ab2ca7013f1c606b3b9e32da0e.php 第 312 行.
NOTIC: [8] Use of undefined constant catid - assumed 'catid' /data/wwwroot/html/bobo2/en/Home/Runtime/Cache/006364ab2ca7013f1c606b3b9e32da0e.php 第 312 行.
NOTIC: [8] Use of undefined constant id - assumed 'id' /data/wwwroot/html/bobo2/en/Home/Runtime/Cache/006364ab2ca7013f1c606b3b9e32da0e.php 第 312 行.
NOTIC: [8] Use of undefined constant ppid - assumed 'ppid' /data/wwwroot/html/bobo2/en/Home/Runtime/Cache/006364ab2ca7013f1c606b3b9e32da0e.php 第 312 行.
NOTIC: [8] Use of undefined constant fmpicurl - assumed 'fmpicurl' /data/wwwroot/html/bobo2/en/Home/Runtime/Cache/006364ab2ca7013f1c606b3b9e32da0e.php 第 314 行.
NOTIC: [8] Use of undefined constant colorlist - assumed 'colorlist' /data/wwwroot/html/bobo2/en/Home/Runtime/Cache/006364ab2ca7013f1c606b3b9e32da0e.php 第 321 行.
NOTIC: [8] Use of undefined constant colorlist - assumed 'colorlist' /data/wwwroot/html/bobo2/en/Home/Runtime/Cache/006364ab2ca7013f1c606b3b9e32da0e.php 第 321 行.
NOTIC: [8] A session had already been started - ignoring session_start() /data/wwwroot/html/bobo2/en/Home/Runtime/Cache/006364ab2ca7013f1c606b3b9e32da0e.php 第 330 行.
NOTIC: [8] Undefined index: bobo_pc_user_id /data/wwwroot/html/bobo2/en/Home/Runtime/Cache/006364ab2ca7013f1c606b3b9e32da0e.php 第 330 行.
NOTIC: [8] Use of undefined constant xqstatus - assumed 'xqstatus' /data/wwwroot/html/bobo2/en/Home/Runtime/Cache/006364ab2ca7013f1c606b3b9e32da0e.php 第 312 行.
NOTIC: [8] Use of undefined constant catid - assumed 'catid' /data/wwwroot/html/bobo2/en/Home/Runtime/Cache/006364ab2ca7013f1c606b3b9e32da0e.php 第 312 行.
NOTIC: [8] Use of undefined constant id - assumed 'id' /data/wwwroot/html/bobo2/en/Home/Runtime/Cache/006364ab2ca7013f1c606b3b9e32da0e.php 第 312 行.
NOTIC: [8] Use of undefined constant ppid - assumed 'ppid' /data/wwwroot/html/bobo2/en/Home/Runtime/Cache/006364ab2ca7013f1c606b3b9e32da0e.php 第 312 行.
NOTIC: [8] Use of undefined constant fmpicurl - assumed 'fmpicurl' /data/wwwroot/html/bobo2/en/Home/Runtime/Cache/006364ab2ca7013f1c606b3b9e32da0e.php 第 314 行.
NOTIC: [8] Use of undefined constant colorlist - assumed 'colorlist' /data/wwwroot/html/bobo2/en/Home/Runtime/Cache/006364ab2ca7013f1c606b3b9e32da0e.php 第 321 行.
NOTIC: [8] Use of undefined constant colorlist - assumed 'colorlist' /data/wwwroot/html/bobo2/en/Home/Runtime/Cache/006364ab2ca7013f1c606b3b9e32da0e.php 第 321 行.
NOTIC: [8] A session had already been started - ignoring session_start() /data/wwwroot/html/bobo2/en/Home/Runtime/Cache/006364ab2ca7013f1c606b3b9e32da0e.php 第 330 行.
NOTIC: [8] Undefined index: bobo_pc_user_id /data/wwwroot/html/bobo2/en/Home/Runtime/Cache/006364ab2ca7013f1c606b3b9e32da0e.php 第 330 行.
NOTIC: [8] Use of undefined constant xqstatus - assumed 'xqstatus' /data/wwwroot/html/bobo2/en/Home/Runtime/Cache/006364ab2ca7013f1c606b3b9e32da0e.php 第 312 行.
NOTIC: [8] Use of undefined constant catid - assumed 'catid' /data/wwwroot/html/bobo2/en/Home/Runtime/Cache/006364ab2ca7013f1c606b3b9e32da0e.php 第 312 行.
NOTIC: [8] Use of undefined constant id - assumed 'id' /data/wwwroot/html/bobo2/en/Home/Runtime/Cache/006364ab2ca7013f1c606b3b9e32da0e.php 第 312 行.
NOTIC: [8] Use of undefined constant ppid - assumed 'ppid' /data/wwwroot/html/bobo2/en/Home/Runtime/Cache/006364ab2ca7013f1c606b3b9e32da0e.php 第 312 行.
NOTIC: [8] Use of undefined constant fmpicurl - assumed 'fmpicurl' /data/wwwroot/html/bobo2/en/Home/Runtime/Cache/006364ab2ca7013f1c606b3b9e32da0e.php 第 314 行.
NOTIC: [8] Use of undefined constant colorlist - assumed 'colorlist' /data/wwwroot/html/bobo2/en/Home/Runtime/Cache/006364ab2ca7013f1c606b3b9e32da0e.php 第 321 行.
NOTIC: [8] Use of undefined constant colorlist - assumed 'colorlist' /data/wwwroot/html/bobo2/en/Home/Runtime/Cache/006364ab2ca7013f1c606b3b9e32da0e.php 第 321 行.
NOTIC: [8] A session had already been started - ignoring session_start() /data/wwwroot/html/bobo2/en/Home/Runtime/Cache/006364ab2ca7013f1c606b3b9e32da0e.php 第 330 行.
NOTIC: [8] Undefined index: bobo_pc_user_id /data/wwwroot/html/bobo2/en/Home/Runtime/Cache/006364ab2ca7013f1c606b3b9e32da0e.php 第 330 行.
NOTIC: [8] Use of undefined constant xqstatus - assumed 'xqstatus' /data/wwwroot/html/bobo2/en/Home/Runtime/Cache/006364ab2ca7013f1c606b3b9e32da0e.php 第 312 行.
NOTIC: [8] Use of undefined constant catid - assumed 'catid' /data/wwwroot/html/bobo2/en/Home/Runtime/Cache/006364ab2ca7013f1c606b3b9e32da0e.php 第 312 行.
NOTIC: [8] Use of undefined constant id - assumed 'id' /data/wwwroot/html/bobo2/en/Home/Runtime/Cache/006364ab2ca7013f1c606b3b9e32da0e.php 第 312 行.
NOTIC: [8] Use of undefined constant ppid - assumed 'ppid' /data/wwwroot/html/bobo2/en/Home/Runtime/Cache/006364ab2ca7013f1c606b3b9e32da0e.php 第 312 行.
NOTIC: [8] Use of undefined constant fmpicurl - assumed 'fmpicurl' /data/wwwroot/html/bobo2/en/Home/Runtime/Cache/006364ab2ca7013f1c606b3b9e32da0e.php 第 314 行.
NOTIC: [8] Use of undefined constant colorlist - assumed 'colorlist' /data/wwwroot/html/bobo2/en/Home/Runtime/Cache/006364ab2ca7013f1c606b3b9e32da0e.php 第 321 行.
NOTIC: [8] Use of undefined constant colorlist - assumed 'colorlist' /data/wwwroot/html/bobo2/en/Home/Runtime/Cache/006364ab2ca7013f1c606b3b9e32da0e.php 第 321 行.
NOTIC: [8] A session had already been started - ignoring session_start() /data/wwwroot/html/bobo2/en/Home/Runtime/Cache/006364ab2ca7013f1c606b3b9e32da0e.php 第 330 行.
NOTIC: [8] Undefined index: bobo_pc_user_id /data/wwwroot/html/bobo2/en/Home/Runtime/Cache/006364ab2ca7013f1c606b3b9e32da0e.php 第 330 行.
NOTIC: [8] Use of undefined constant xqstatus - assumed 'xqstatus' /data/wwwroot/html/bobo2/en/Home/Runtime/Cache/006364ab2ca7013f1c606b3b9e32da0e.php 第 312 行.
NOTIC: [8] Use of undefined constant catid - assumed 'catid' /data/wwwroot/html/bobo2/en/Home/Runtime/Cache/006364ab2ca7013f1c606b3b9e32da0e.php 第 312 行.
NOTIC: [8] Use of undefined constant id - assumed 'id' /data/wwwroot/html/bobo2/en/Home/Runtime/Cache/006364ab2ca7013f1c606b3b9e32da0e.php 第 312 行.
NOTIC: [8] Use of undefined constant ppid - assumed 'ppid' /data/wwwroot/html/bobo2/en/Home/Runtime/Cache/006364ab2ca7013f1c606b3b9e32da0e.php 第 312 行.
NOTIC: [8] Use of undefined constant fmpicurl - assumed 'fmpicurl' /data/wwwroot/html/bobo2/en/Home/Runtime/Cache/006364ab2ca7013f1c606b3b9e32da0e.php 第 314 行.
NOTIC: [8] Use of undefined constant colorlist - assumed 'colorlist' /data/wwwroot/html/bobo2/en/Home/Runtime/Cache/006364ab2ca7013f1c606b3b9e32da0e.php 第 321 行.
NOTIC: [8] Use of undefined constant colorlist - assumed 'colorlist' /data/wwwroot/html/bobo2/en/Home/Runtime/Cache/006364ab2ca7013f1c606b3b9e32da0e.php 第 321 行.
NOTIC: [8] A session had already been started - ignoring session_start() /data/wwwroot/html/bobo2/en/Home/Runtime/Cache/006364ab2ca7013f1c606b3b9e32da0e.php 第 330 行.
NOTIC: [8] Undefined index: bobo_pc_user_id /data/wwwroot/html/bobo2/en/Home/Runtime/Cache/006364ab2ca7013f1c606b3b9e32da0e.php 第 330 行.
NOTIC: [8] Use of undefined constant xqstatus - assumed 'xqstatus' /data/wwwroot/html/bobo2/en/Home/Runtime/Cache/006364ab2ca7013f1c606b3b9e32da0e.php 第 312 行.
NOTIC: [8] Use of undefined constant catid - assumed 'catid' /data/wwwroot/html/bobo2/en/Home/Runtime/Cache/006364ab2ca7013f1c606b3b9e32da0e.php 第 312 行.
NOTIC: [8] Use of undefined constant id - assumed 'id' /data/wwwroot/html/bobo2/en/Home/Runtime/Cache/006364ab2ca7013f1c606b3b9e32da0e.php 第 312 行.
NOTIC: [8] Use of undefined constant ppid - assumed 'ppid' /data/wwwroot/html/bobo2/en/Home/Runtime/Cache/006364ab2ca7013f1c606b3b9e32da0e.php 第 312 行.
NOTIC: [8] Use of undefined constant fmpicurl - assumed 'fmpicurl' /data/wwwroot/html/bobo2/en/Home/Runtime/Cache/006364ab2ca7013f1c606b3b9e32da0e.php 第 314 行.
NOTIC: [8] Use of undefined constant colorlist - assumed 'colorlist' /data/wwwroot/html/bobo2/en/Home/Runtime/Cache/006364ab2ca7013f1c606b3b9e32da0e.php 第 321 行.
NOTIC: [8] Use of undefined constant colorlist - assumed 'colorlist' /data/wwwroot/html/bobo2/en/Home/Runtime/Cache/006364ab2ca7013f1c606b3b9e32da0e.php 第 321 行.
NOTIC: [8] A session had already been started - ignoring session_start() /data/wwwroot/html/bobo2/en/Home/Runtime/Cache/006364ab2ca7013f1c606b3b9e32da0e.php 第 330 行.
NOTIC: [8] Undefined index: bobo_pc_user_id /data/wwwroot/html/bobo2/en/Home/Runtime/Cache/006364ab2ca7013f1c606b3b9e32da0e.php 第 330 行.
NOTIC: [8] Use of undefined constant pro_list - assumed 'pro_list' /data/wwwroot/html/bobo2/en/Home/Runtime/Cache/006364ab2ca7013f1c606b3b9e32da0e.php 第 310 行.
NOTIC: [8] Use of undefined constant pro_list - assumed 'pro_list' /data/wwwroot/html/bobo2/en/Home/Runtime/Cache/006364ab2ca7013f1c606b3b9e32da0e.php 第 310 行.
NOTIC: [8] Use of undefined constant xqstatus - assumed 'xqstatus' /data/wwwroot/html/bobo2/en/Home/Runtime/Cache/006364ab2ca7013f1c606b3b9e32da0e.php 第 312 行.
NOTIC: [8] Use of undefined constant catid - assumed 'catid' /data/wwwroot/html/bobo2/en/Home/Runtime/Cache/006364ab2ca7013f1c606b3b9e32da0e.php 第 312 行.
NOTIC: [8] Use of undefined constant id - assumed 'id' /data/wwwroot/html/bobo2/en/Home/Runtime/Cache/006364ab2ca7013f1c606b3b9e32da0e.php 第 312 行.
NOTIC: [8] Use of undefined constant ppid - assumed 'ppid' /data/wwwroot/html/bobo2/en/Home/Runtime/Cache/006364ab2ca7013f1c606b3b9e32da0e.php 第 312 行.
NOTIC: [8] Use of undefined constant fmpicurl - assumed 'fmpicurl' /data/wwwroot/html/bobo2/en/Home/Runtime/Cache/006364ab2ca7013f1c606b3b9e32da0e.php 第 314 行.
NOTIC: [8] Use of undefined constant colorlist - assumed 'colorlist' /data/wwwroot/html/bobo2/en/Home/Runtime/Cache/006364ab2ca7013f1c606b3b9e32da0e.php 第 321 行.
NOTIC: [8] Use of undefined constant colorlist - assumed 'colorlist' /data/wwwroot/html/bobo2/en/Home/Runtime/Cache/006364ab2ca7013f1c606b3b9e32da0e.php 第 321 行.
NOTIC: [8] A session had already been started - ignoring session_start() /data/wwwroot/html/bobo2/en/Home/Runtime/Cache/006364ab2ca7013f1c606b3b9e32da0e.php 第 330 行.
NOTIC: [8] Undefined index: bobo_pc_user_id /data/wwwroot/html/bobo2/en/Home/Runtime/Cache/006364ab2ca7013f1c606b3b9e32da0e.php 第 330 行.
NOTIC: [8] Use of undefined constant pro_list - assumed 'pro_list' /data/wwwroot/html/bobo2/en/Home/Runtime/Cache/006364ab2ca7013f1c606b3b9e32da0e.php 第 310 行.
NOTIC: [8] Use of undefined constant pro_list - assumed 'pro_list' /data/wwwroot/html/bobo2/en/Home/Runtime/Cache/006364ab2ca7013f1c606b3b9e32da0e.php 第 310 行.
NOTIC: [8] Use of undefined constant xqstatus - assumed 'xqstatus' /data/wwwroot/html/bobo2/en/Home/Runtime/Cache/006364ab2ca7013f1c606b3b9e32da0e.php 第 312 行.
NOTIC: [8] Use of undefined constant catid - assumed 'catid' /data/wwwroot/html/bobo2/en/Home/Runtime/Cache/006364ab2ca7013f1c606b3b9e32da0e.php 第 312 行.
NOTIC: [8] Use of undefined constant id - assumed 'id' /data/wwwroot/html/bobo2/en/Home/Runtime/Cache/006364ab2ca7013f1c606b3b9e32da0e.php 第 312 行.
NOTIC: [8] Use of undefined constant ppid - assumed 'ppid' /data/wwwroot/html/bobo2/en/Home/Runtime/Cache/006364ab2ca7013f1c606b3b9e32da0e.php 第 312 行.
NOTIC: [8] Use of undefined constant fmpicurl - assumed 'fmpicurl' /data/wwwroot/html/bobo2/en/Home/Runtime/Cache/006364ab2ca7013f1c606b3b9e32da0e.php 第 314 行.
NOTIC: [8] Use of undefined constant colorlist - assumed 'colorlist' /data/wwwroot/html/bobo2/en/Home/Runtime/Cache/006364ab2ca7013f1c606b3b9e32da0e.php 第 321 行.
NOTIC: [8] Use of undefined constant colorlist - assumed 'colorlist' /data/wwwroot/html/bobo2/en/Home/Runtime/Cache/006364ab2ca7013f1c606b3b9e32da0e.php 第 321 行.
NOTIC: [8] A session had already been started - ignoring session_start() /data/wwwroot/html/bobo2/en/Home/Runtime/Cache/006364ab2ca7013f1c606b3b9e32da0e.php 第 330 行.
NOTIC: [8] Undefined index: bobo_pc_user_id /data/wwwroot/html/bobo2/en/Home/Runtime/Cache/006364ab2ca7013f1c606b3b9e32da0e.php 第 330 行.
NOTIC: [8] Use of undefined constant xqstatus - assumed 'xqstatus' /data/wwwroot/html/bobo2/en/Home/Runtime/Cache/006364ab2ca7013f1c606b3b9e32da0e.php 第 312 行.
NOTIC: [8] Use of undefined constant catid - assumed 'catid' /data/wwwroot/html/bobo2/en/Home/Runtime/Cache/006364ab2ca7013f1c606b3b9e32da0e.php 第 312 行.
NOTIC: [8] Use of undefined constant id - assumed 'id' /data/wwwroot/html/bobo2/en/Home/Runtime/Cache/006364ab2ca7013f1c606b3b9e32da0e.php 第 312 行.
NOTIC: [8] Use of undefined constant ppid - assumed 'ppid' /data/wwwroot/html/bobo2/en/Home/Runtime/Cache/006364ab2ca7013f1c606b3b9e32da0e.php 第 312 行.
NOTIC: [8] Use of undefined constant fmpicurl - assumed 'fmpicurl' /data/wwwroot/html/bobo2/en/Home/Runtime/Cache/006364ab2ca7013f1c606b3b9e32da0e.php 第 314 行.
NOTIC: [8] Use of undefined constant colorlist - assumed 'colorlist' /data/wwwroot/html/bobo2/en/Home/Runtime/Cache/006364ab2ca7013f1c606b3b9e32da0e.php 第 321 行.
NOTIC: [8] Use of undefined constant colorlist - assumed 'colorlist' /data/wwwroot/html/bobo2/en/Home/Runtime/Cache/006364ab2ca7013f1c606b3b9e32da0e.php 第 321 行.
NOTIC: [8] A session had already been started - ignoring session_start() /data/wwwroot/html/bobo2/en/Home/Runtime/Cache/006364ab2ca7013f1c606b3b9e32da0e.php 第 330 行.
NOTIC: [8] Undefined index: bobo_pc_user_id /data/wwwroot/html/bobo2/en/Home/Runtime/Cache/006364ab2ca7013f1c606b3b9e32da0e.php 第 330 行.
NOTIC: [8] Use of undefined constant xqstatus - assumed 'xqstatus' /data/wwwroot/html/bobo2/en/Home/Runtime/Cache/006364ab2ca7013f1c606b3b9e32da0e.php 第 312 行.
NOTIC: [8] Use of undefined constant catid - assumed 'catid' /data/wwwroot/html/bobo2/en/Home/Runtime/Cache/006364ab2ca7013f1c606b3b9e32da0e.php 第 312 行.
NOTIC: [8] Use of undefined constant id - assumed 'id' /data/wwwroot/html/bobo2/en/Home/Runtime/Cache/006364ab2ca7013f1c606b3b9e32da0e.php 第 312 行.
NOTIC: [8] Use of undefined constant ppid - assumed 'ppid' /data/wwwroot/html/bobo2/en/Home/Runtime/Cache/006364ab2ca7013f1c606b3b9e32da0e.php 第 312 行.
NOTIC: [8] Use of undefined constant fmpicurl - assumed 'fmpicurl' /data/wwwroot/html/bobo2/en/Home/Runtime/Cache/006364ab2ca7013f1c606b3b9e32da0e.php 第 314 行.
NOTIC: [8] Use of undefined constant colorlist - assumed 'colorlist' /data/wwwroot/html/bobo2/en/Home/Runtime/Cache/006364ab2ca7013f1c606b3b9e32da0e.php 第 321 行.
NOTIC: [8] Use of undefined constant colorlist - assumed 'colorlist' /data/wwwroot/html/bobo2/en/Home/Runtime/Cache/006364ab2ca7013f1c606b3b9e32da0e.php 第 321 行.
NOTIC: [8] A session had already been started - ignoring session_start() /data/wwwroot/html/bobo2/en/Home/Runtime/Cache/006364ab2ca7013f1c606b3b9e32da0e.php 第 330 行.
NOTIC: [8] Undefined index: bobo_pc_user_id /data/wwwroot/html/bobo2/en/Home/Runtime/Cache/006364ab2ca7013f1c606b3b9e32da0e.php 第 330 行.
NOTIC: [8] Use of undefined constant xqstatus - assumed 'xqstatus' /data/wwwroot/html/bobo2/en/Home/Runtime/Cache/006364ab2ca7013f1c606b3b9e32da0e.php 第 312 行.
NOTIC: [8] Use of undefined constant catid - assumed 'catid' /data/wwwroot/html/bobo2/en/Home/Runtime/Cache/006364ab2ca7013f1c606b3b9e32da0e.php 第 312 行.
NOTIC: [8] Use of undefined constant id - assumed 'id' /data/wwwroot/html/bobo2/en/Home/Runtime/Cache/006364ab2ca7013f1c606b3b9e32da0e.php 第 312 行.
NOTIC: [8] Use of undefined constant ppid - assumed 'ppid' /data/wwwroot/html/bobo2/en/Home/Runtime/Cache/006364ab2ca7013f1c606b3b9e32da0e.php 第 312 行.
NOTIC: [8] Use of undefined constant fmpicurl - assumed 'fmpicurl' /data/wwwroot/html/bobo2/en/Home/Runtime/Cache/006364ab2ca7013f1c606b3b9e32da0e.php 第 314 行.
NOTIC: [8] Use of undefined constant colorlist - assumed 'colorlist' /data/wwwroot/html/bobo2/en/Home/Runtime/Cache/006364ab2ca7013f1c606b3b9e32da0e.php 第 321 行.
NOTIC: [8] Use of undefined constant colorlist - assumed 'colorlist' /data/wwwroot/html/bobo2/en/Home/Runtime/Cache/006364ab2ca7013f1c606b3b9e32da0e.php 第 321 行.
NOTIC: [8] A session had already been started - ignoring session_start() /data/wwwroot/html/bobo2/en/Home/Runtime/Cache/006364ab2ca7013f1c606b3b9e32da0e.php 第 330 行.
NOTIC: [8] Undefined index: bobo_pc_user_id /data/wwwroot/html/bobo2/en/Home/Runtime/Cache/006364ab2ca7013f1c606b3b9e32da0e.php 第 330 行.
NOTIC: [8] Use of undefined constant xqstatus - assumed 'xqstatus' /data/wwwroot/html/bobo2/en/Home/Runtime/Cache/006364ab2ca7013f1c606b3b9e32da0e.php 第 312 行.
NOTIC: [8] Use of undefined constant catid - assumed 'catid' /data/wwwroot/html/bobo2/en/Home/Runtime/Cache/006364ab2ca7013f1c606b3b9e32da0e.php 第 312 行.
NOTIC: [8] Use of undefined constant id - assumed 'id' /data/wwwroot/html/bobo2/en/Home/Runtime/Cache/006364ab2ca7013f1c606b3b9e32da0e.php 第 312 行.
NOTIC: [8] Use of undefined constant ppid - assumed 'ppid' /data/wwwroot/html/bobo2/en/Home/Runtime/Cache/006364ab2ca7013f1c606b3b9e32da0e.php 第 312 行.
NOTIC: [8] Use of undefined constant fmpicurl - assumed 'fmpicurl' /data/wwwroot/html/bobo2/en/Home/Runtime/Cache/006364ab2ca7013f1c606b3b9e32da0e.php 第 314 行.
NOTIC: [8] Use of undefined constant colorlist - assumed 'colorlist' /data/wwwroot/html/bobo2/en/Home/Runtime/Cache/006364ab2ca7013f1c606b3b9e32da0e.php 第 321 行.
NOTIC: [8] Use of undefined constant colorlist - assumed 'colorlist' /data/wwwroot/html/bobo2/en/Home/Runtime/Cache/006364ab2ca7013f1c606b3b9e32da0e.php 第 321 行.
NOTIC: [8] A session had already been started - ignoring session_start() /data/wwwroot/html/bobo2/en/Home/Runtime/Cache/006364ab2ca7013f1c606b3b9e32da0e.php 第 330 行.
NOTIC: [8] Undefined index: bobo_pc_user_id /data/wwwroot/html/bobo2/en/Home/Runtime/Cache/006364ab2ca7013f1c606b3b9e32da0e.php 第 330 行.
NOTIC: [8] Use of undefined constant xqstatus - assumed 'xqstatus' /data/wwwroot/html/bobo2/en/Home/Runtime/Cache/006364ab2ca7013f1c606b3b9e32da0e.php 第 312 行.
NOTIC: [8] Use of undefined constant catid - assumed 'catid' /data/wwwroot/html/bobo2/en/Home/Runtime/Cache/006364ab2ca7013f1c606b3b9e32da0e.php 第 312 行.
NOTIC: [8] Use of undefined constant id - assumed 'id' /data/wwwroot/html/bobo2/en/Home/Runtime/Cache/006364ab2ca7013f1c606b3b9e32da0e.php 第 312 行.
NOTIC: [8] Use of undefined constant ppid - assumed 'ppid' /data/wwwroot/html/bobo2/en/Home/Runtime/Cache/006364ab2ca7013f1c606b3b9e32da0e.php 第 312 行.
NOTIC: [8] Use of undefined constant fmpicurl - assumed 'fmpicurl' /data/wwwroot/html/bobo2/en/Home/Runtime/Cache/006364ab2ca7013f1c606b3b9e32da0e.php 第 314 行.
NOTIC: [8] A session had already been started - ignoring session_start() /data/wwwroot/html/bobo2/en/Home/Runtime/Cache/006364ab2ca7013f1c606b3b9e32da0e.php 第 330 行.
NOTIC: [8] Undefined index: bobo_pc_user_id /data/wwwroot/html/bobo2/en/Home/Runtime/Cache/006364ab2ca7013f1c606b3b9e32da0e.php 第 330 行.
NOTIC: [8] Use of undefined constant pro_list - assumed 'pro_list' /data/wwwroot/html/bobo2/en/Home/Runtime/Cache/006364ab2ca7013f1c606b3b9e32da0e.php 第 310 行.
NOTIC: [8] Use of undefined constant pro_list - assumed 'pro_list' /data/wwwroot/html/bobo2/en/Home/Runtime/Cache/006364ab2ca7013f1c606b3b9e32da0e.php 第 310 行.
NOTIC: [8] Use of undefined constant xqstatus - assumed 'xqstatus' /data/wwwroot/html/bobo2/en/Home/Runtime/Cache/006364ab2ca7013f1c606b3b9e32da0e.php 第 312 行.
NOTIC: [8] Use of undefined constant catid - assumed 'catid' /data/wwwroot/html/bobo2/en/Home/Runtime/Cache/006364ab2ca7013f1c606b3b9e32da0e.php 第 312 行.
NOTIC: [8] Use of undefined constant id - assumed 'id' /data/wwwroot/html/bobo2/en/Home/Runtime/Cache/006364ab2ca7013f1c606b3b9e32da0e.php 第 312 行.
NOTIC: [8] Use of undefined constant ppid - assumed 'ppid' /data/wwwroot/html/bobo2/en/Home/Runtime/Cache/006364ab2ca7013f1c606b3b9e32da0e.php 第 312 行.
NOTIC: [8] Use of undefined constant fmpicurl - assumed 'fmpicurl' /data/wwwroot/html/bobo2/en/Home/Runtime/Cache/006364ab2ca7013f1c606b3b9e32da0e.php 第 314 行.
NOTIC: [8] A session had already been started - ignoring session_start() /data/wwwroot/html/bobo2/en/Home/Runtime/Cache/006364ab2ca7013f1c606b3b9e32da0e.php 第 330 行.
NOTIC: [8] Undefined index: bobo_pc_user_id /data/wwwroot/html/bobo2/en/Home/Runtime/Cache/006364ab2ca7013f1c606b3b9e32da0e.php 第 330 行.
NOTIC: [8] Use of undefined constant xqstatus - assumed 'xqstatus' /data/wwwroot/html/bobo2/en/Home/Runtime/Cache/006364ab2ca7013f1c606b3b9e32da0e.php 第 312 行.
NOTIC: [8] Use of undefined constant catid - assumed 'catid' /data/wwwroot/html/bobo2/en/Home/Runtime/Cache/006364ab2ca7013f1c606b3b9e32da0e.php 第 312 行.
NOTIC: [8] Use of undefined constant id - assumed 'id' /data/wwwroot/html/bobo2/en/Home/Runtime/Cache/006364ab2ca7013f1c606b3b9e32da0e.php 第 312 行.
NOTIC: [8] Use of undefined constant ppid - assumed 'ppid' /data/wwwroot/html/bobo2/en/Home/Runtime/Cache/006364ab2ca7013f1c606b3b9e32da0e.php 第 312 行.
NOTIC: [8] Use of undefined constant fmpicurl - assumed 'fmpicurl' /data/wwwroot/html/bobo2/en/Home/Runtime/Cache/006364ab2ca7013f1c606b3b9e32da0e.php 第 314 行.
NOTIC: [8] A session had already been started - ignoring session_start() /data/wwwroot/html/bobo2/en/Home/Runtime/Cache/006364ab2ca7013f1c606b3b9e32da0e.php 第 330 行.
NOTIC: [8] Undefined index: bobo_pc_user_id /data/wwwroot/html/bobo2/en/Home/Runtime/Cache/006364ab2ca7013f1c606b3b9e32da0e.php 第 330 行.
NOTIC: [8] Use of undefined constant pro_list - assumed 'pro_list' /data/wwwroot/html/bobo2/en/Home/Runtime/Cache/006364ab2ca7013f1c606b3b9e32da0e.php 第 310 行.
NOTIC: [8] Use of undefined constant pro_list - assumed 'pro_list' /data/wwwroot/html/bobo2/en/Home/Runtime/Cache/006364ab2ca7013f1c606b3b9e32da0e.php 第 310 行.
NOTIC: [8] Use of undefined constant xqstatus - assumed 'xqstatus' /data/wwwroot/html/bobo2/en/Home/Runtime/Cache/006364ab2ca7013f1c606b3b9e32da0e.php 第 312 行.
NOTIC: [8] Use of undefined constant catid - assumed 'catid' /data/wwwroot/html/bobo2/en/Home/Runtime/Cache/006364ab2ca7013f1c606b3b9e32da0e.php 第 312 行.
NOTIC: [8] Use of undefined constant id - assumed 'id' /data/wwwroot/html/bobo2/en/Home/Runtime/Cache/006364ab2ca7013f1c606b3b9e32da0e.php 第 312 行.
NOTIC: [8] Use of undefined constant ppid - assumed 'ppid' /data/wwwroot/html/bobo2/en/Home/Runtime/Cache/006364ab2ca7013f1c606b3b9e32da0e.php 第 312 行.
NOTIC: [8] Use of undefined constant fmpicurl - assumed 'fmpicurl' /data/wwwroot/html/bobo2/en/Home/Runtime/Cache/006364ab2ca7013f1c606b3b9e32da0e.php 第 314 行.
NOTIC: [8] Use of undefined constant colorlist - assumed 'colorlist' /data/wwwroot/html/bobo2/en/Home/Runtime/Cache/006364ab2ca7013f1c606b3b9e32da0e.php 第 321 行.
NOTIC: [8] Use of undefined constant colorlist - assumed 'colorlist' /data/wwwroot/html/bobo2/en/Home/Runtime/Cache/006364ab2ca7013f1c606b3b9e32da0e.php 第 321 行.
NOTIC: [8] A session had already been started - ignoring session_start() /data/wwwroot/html/bobo2/en/Home/Runtime/Cache/006364ab2ca7013f1c606b3b9e32da0e.php 第 330 行.
NOTIC: [8] Undefined index: bobo_pc_user_id /data/wwwroot/html/bobo2/en/Home/Runtime/Cache/006364ab2ca7013f1c606b3b9e32da0e.php 第 330 行.
NOTIC: [8] Use of undefined constant xqstatus - assumed 'xqstatus' /data/wwwroot/html/bobo2/en/Home/Runtime/Cache/006364ab2ca7013f1c606b3b9e32da0e.php 第 312 行.
NOTIC: [8] Use of undefined constant catid - assumed 'catid' /data/wwwroot/html/bobo2/en/Home/Runtime/Cache/006364ab2ca7013f1c606b3b9e32da0e.php 第 312 行.
NOTIC: [8] Use of undefined constant id - assumed 'id' /data/wwwroot/html/bobo2/en/Home/Runtime/Cache/006364ab2ca7013f1c606b3b9e32da0e.php 第 312 行.
NOTIC: [8] Use of undefined constant ppid - assumed 'ppid' /data/wwwroot/html/bobo2/en/Home/Runtime/Cache/006364ab2ca7013f1c606b3b9e32da0e.php 第 312 行.
NOTIC: [8] Use of undefined constant fmpicurl - assumed 'fmpicurl' /data/wwwroot/html/bobo2/en/Home/Runtime/Cache/006364ab2ca7013f1c606b3b9e32da0e.php 第 314 行.
NOTIC: [8] Use of undefined constant colorlist - assumed 'colorlist' /data/wwwroot/html/bobo2/en/Home/Runtime/Cache/006364ab2ca7013f1c606b3b9e32da0e.php 第 321 行.
NOTIC: [8] Use of undefined constant colorlist - assumed 'colorlist' /data/wwwroot/html/bobo2/en/Home/Runtime/Cache/006364ab2ca7013f1c606b3b9e32da0e.php 第 321 行.
NOTIC: [8] A session had already been started - ignoring session_start() /data/wwwroot/html/bobo2/en/Home/Runtime/Cache/006364ab2ca7013f1c606b3b9e32da0e.php 第 330 行.
NOTIC: [8] Undefined index: bobo_pc_user_id /data/wwwroot/html/bobo2/en/Home/Runtime/Cache/006364ab2ca7013f1c606b3b9e32da0e.php 第 330 行.
NOTIC: [8] Use of undefined constant xqstatus - assumed 'xqstatus' /data/wwwroot/html/bobo2/en/Home/Runtime/Cache/006364ab2ca7013f1c606b3b9e32da0e.php 第 312 行.
NOTIC: [8] Use of undefined constant catid - assumed 'catid' /data/wwwroot/html/bobo2/en/Home/Runtime/Cache/006364ab2ca7013f1c606b3b9e32da0e.php 第 312 行.
NOTIC: [8] Use of undefined constant id - assumed 'id' /data/wwwroot/html/bobo2/en/Home/Runtime/Cache/006364ab2ca7013f1c606b3b9e32da0e.php 第 312 行.
NOTIC: [8] Use of undefined constant ppid - assumed 'ppid' /data/wwwroot/html/bobo2/en/Home/Runtime/Cache/006364ab2ca7013f1c606b3b9e32da0e.php 第 312 行.
NOTIC: [8] Use of undefined constant fmpicurl - assumed 'fmpicurl' /data/wwwroot/html/bobo2/en/Home/Runtime/Cache/006364ab2ca7013f1c606b3b9e32da0e.php 第 314 行.
NOTIC: [8] Use of undefined constant colorlist - assumed 'colorlist' /data/wwwroot/html/bobo2/en/Home/Runtime/Cache/006364ab2ca7013f1c606b3b9e32da0e.php 第 321 行.
NOTIC: [8] Use of undefined constant colorlist - assumed 'colorlist' /data/wwwroot/html/bobo2/en/Home/Runtime/Cache/006364ab2ca7013f1c606b3b9e32da0e.php 第 321 行.
NOTIC: [8] A session had already been started - ignoring session_start() /data/wwwroot/html/bobo2/en/Home/Runtime/Cache/006364ab2ca7013f1c606b3b9e32da0e.php 第 330 行.
NOTIC: [8] Undefined index: bobo_pc_user_id /data/wwwroot/html/bobo2/en/Home/Runtime/Cache/006364ab2ca7013f1c606b3b9e32da0e.php 第 330 行.
NOTIC: [8] Use of undefined constant xqstatus - assumed 'xqstatus' /data/wwwroot/html/bobo2/en/Home/Runtime/Cache/006364ab2ca7013f1c606b3b9e32da0e.php 第 312 行.
NOTIC: [8] Use of undefined constant catid - assumed 'catid' /data/wwwroot/html/bobo2/en/Home/Runtime/Cache/006364ab2ca7013f1c606b3b9e32da0e.php 第 312 行.
NOTIC: [8] Use of undefined constant id - assumed 'id' /data/wwwroot/html/bobo2/en/Home/Runtime/Cache/006364ab2ca7013f1c606b3b9e32da0e.php 第 312 行.
NOTIC: [8] Use of undefined constant ppid - assumed 'ppid' /data/wwwroot/html/bobo2/en/Home/Runtime/Cache/006364ab2ca7013f1c606b3b9e32da0e.php 第 312 行.
NOTIC: [8] Use of undefined constant fmpicurl - assumed 'fmpicurl' /data/wwwroot/html/bobo2/en/Home/Runtime/Cache/006364ab2ca7013f1c606b3b9e32da0e.php 第 314 行.
NOTIC: [8] Use of undefined constant colorlist - assumed 'colorlist' /data/wwwroot/html/bobo2/en/Home/Runtime/Cache/006364ab2ca7013f1c606b3b9e32da0e.php 第 321 行.
NOTIC: [8] Use of undefined constant colorlist - assumed 'colorlist' /data/wwwroot/html/bobo2/en/Home/Runtime/Cache/006364ab2ca7013f1c606b3b9e32da0e.php 第 321 行.
NOTIC: [8] A session had already been started - ignoring session_start() /data/wwwroot/html/bobo2/en/Home/Runtime/Cache/006364ab2ca7013f1c606b3b9e32da0e.php 第 330 行.
NOTIC: [8] Undefined index: bobo_pc_user_id /data/wwwroot/html/bobo2/en/Home/Runtime/Cache/006364ab2ca7013f1c606b3b9e32da0e.php 第 330 行.
NOTIC: [8] Use of undefined constant xqstatus - assumed 'xqstatus' /data/wwwroot/html/bobo2/en/Home/Runtime/Cache/006364ab2ca7013f1c606b3b9e32da0e.php 第 312 行.
NOTIC: [8] Use of undefined constant catid - assumed 'catid' /data/wwwroot/html/bobo2/en/Home/Runtime/Cache/006364ab2ca7013f1c606b3b9e32da0e.php 第 312 行.
NOTIC: [8] Use of undefined constant id - assumed 'id' /data/wwwroot/html/bobo2/en/Home/Runtime/Cache/006364ab2ca7013f1c606b3b9e32da0e.php 第 312 行.
NOTIC: [8] Use of undefined constant ppid - assumed 'ppid' /data/wwwroot/html/bobo2/en/Home/Runtime/Cache/006364ab2ca7013f1c606b3b9e32da0e.php 第 312 行.
NOTIC: [8] Use of undefined constant fmpicurl - assumed 'fmpicurl' /data/wwwroot/html/bobo2/en/Home/Runtime/Cache/006364ab2ca7013f1c606b3b9e32da0e.php 第 314 行.
NOTIC: [8] Use of undefined constant colorlist - assumed 'colorlist' /data/wwwroot/html/bobo2/en/Home/Runtime/Cache/006364ab2ca7013f1c606b3b9e32da0e.php 第 321 行.
NOTIC: [8] Use of undefined constant colorlist - assumed 'colorlist' /data/wwwroot/html/bobo2/en/Home/Runtime/Cache/006364ab2ca7013f1c606b3b9e32da0e.php 第 321 行.
NOTIC: [8] A session had already been started - ignoring session_start() /data/wwwroot/html/bobo2/en/Home/Runtime/Cache/006364ab2ca7013f1c606b3b9e32da0e.php 第 330 行.
NOTIC: [8] Undefined index: bobo_pc_user_id /data/wwwroot/html/bobo2/en/Home/Runtime/Cache/006364ab2ca7013f1c606b3b9e32da0e.php 第 330 行.
INFO: Run ParseTemplate Behavior [ RunTime:0.201545s ]
INFO: [ view_parse ] --END-- [ RunTime:0.201605s ]
INFO: [ view_filter ] --START--
INFO: Run ContentReplace Behavior [ RunTime:0.000637s ]
INFO: Run TokenBuild Behavior [ RunTime:0.000268s ]
INFO: Run WriteHtmlCache Behavior [ RunTime:0.000173s ]
INFO: Run ShowRuntime Behavior [ RunTime:0.000440s ]
INFO: [ view_filter ] --END-- [ RunTime:0.001726s ]
INFO: [ view_end ] --START--
INFO: Run ShowPageTrace Behavior [ RunTime:0.000454s ]
INFO: [ view_end ] --END-- [ RunTime:0.000518s ]

