[ 2017-01-25T08:42:18+08:00 ] 66.249.66.15 /bobo2/en/index.php/Report/getAuto
INFO: [ route_check ] --START--
INFO: Run CheckRoute Behavior [ RunTime:0.000645s ]
INFO: [ route_check ] --END-- [ RunTime:0.000725s ]
INFO: [ app_begin ] --START--
INFO: Run ReadHtmlCache Behavior [ RunTime:0.000489s ]
INFO: [ app_begin ] --END-- [ RunTime:0.000560s ]
SQL: SHOW COLUMNS FROM `en_category` [ RunTime:0.000891s ]
SQL: SHOW COLUMNS FROM `en_content` [ RunTime:0.000706s ]
SQL: SHOW COLUMNS FROM `en_page` [ RunTime:0.000643s ]
SQL: SELECT * FROM `en_page` WHERE ( `catid` = 29 ) LIMIT 1   [ RunTime:0.000299s ]
SQL: SELECT `id`,`catid`,`title`,`headerpic` FROM `en_content` WHERE ( catid=23 and (status=2 or status=3) ) ORDER BY conorder desc,id desc LIMIT 8   [ RunTime:0.000523s ]
SQL: SELECT `id`,`catid`,`title`,`headerpic` FROM `en_content` WHERE ( catid=24 and (status=2 or status=3) ) ORDER BY conorder desc,id desc LIMIT 8   [ RunTime:0.000422s ]
SQL: SELECT `id`,`catid`,`title`,`headerpic` FROM `en_content` WHERE ( catid=25 and (status=2 or status=3) ) ORDER BY conorder desc,id desc LIMIT 8   [ RunTime:0.000370s ]
SQL: SHOW COLUMNS FROM `en_site` [ RunTime:0.000447s ]
SQL: SELECT * FROM `en_site` WHERE ( siteid=1 ) LIMIT 1   [ RunTime:0.000180s ]
SQL: SHOW COLUMNS FROM `en_product` [ RunTime:0.000927s ]
SQL: SELECT a.xqstatus,a.title,a.picurlpc,a.catid,a.id,b.id as ppid FROM en_product_price b,en_product a WHERE ( a.posid=1 and a.status=1 and  a.id=b.pid ) ORDER BY a.listorder desc,id desc LIMIT 8   [ RunTime:0.001071s ]
SQL: SHOW COLUMNS FROM `en_video` [ RunTime:0.000905s ]
SQL: SELECT `vtitle`,`headerpic`,`catid` FROM `en_video` WHERE ( catid=26 and (status=2 or status=3) ) ORDER BY listorder desc,vid desc LIMIT 8   [ RunTime:0.000339s ]
SQL: SELECT `vtitle`,`headerpic`,`catid` FROM `en_video` WHERE ( catid=27 and (status=2 or status=3) ) ORDER BY listorder desc,vid desc LIMIT 8   [ RunTime:0.000303s ]
SQL: SELECT `catid`,`catname`,`caturl` FROM `en_category` WHERE ( `catid` IN ('14','15','16','17','18','19','20','21') ) ORDER BY listorder desc,catid desc  [ RunTime:0.000244s ]
NOTIC: [8] Undefined variable: category_list /data/wwwroot/html/bobo2/en/Home/Lib/Action/CommonAction.class.php 第 28 行.
NOTIC: [8] Undefined index: catid /data/wwwroot/html/bobo2/en/Home/Lib/Action/ReportAction.class.php 第 21 行.
NOTIC: [8] Undefined index: page /data/wwwroot/html/bobo2/en/Home/Lib/Action/ReportAction.class.php 第 22 行.
SQL: SELECT `picurlpc`,`vtitle`,`vurl`,`ftitle` FROM `en_video` WHERE ( (status=2 or status=3) and catid=0 ) ORDER BY listorder desc,vid desc LIMIT 0,9   [ RunTime:0.000214s ]
NOTIC: [2] Invalid argument supplied for foreach() /data/wwwroot/html/bobo2/en/Home/Lib/Action/ReportAction.class.php 第 27 行.

[ 2017-01-25T09:54:24+08:00 ] 66.249.66.18 /bobo2/en/index.php/Content/getAuto
INFO: [ route_check ] --START--
INFO: Run CheckRoute Behavior [ RunTime:0.000575s ]
INFO: [ route_check ] --END-- [ RunTime:0.000674s ]
INFO: [ app_begin ] --START--
INFO: Run ReadHtmlCache Behavior [ RunTime:0.000436s ]
INFO: [ app_begin ] --END-- [ RunTime:0.000496s ]
SQL: SHOW COLUMNS FROM `en_category` [ RunTime:0.000895s ]
SQL: SHOW COLUMNS FROM `en_content` [ RunTime:0.000683s ]
SQL: SHOW COLUMNS FROM `en_page` [ RunTime:0.000417s ]
SQL: SELECT * FROM `en_page` WHERE ( `catid` = 29 ) LIMIT 1   [ RunTime:0.000213s ]
SQL: SELECT `id`,`catid`,`title`,`headerpic` FROM `en_content` WHERE ( catid=23 and (status=2 or status=3) ) ORDER BY conorder desc,id desc LIMIT 8   [ RunTime:0.000492s ]
SQL: SELECT `id`,`catid`,`title`,`headerpic` FROM `en_content` WHERE ( catid=24 and (status=2 or status=3) ) ORDER BY conorder desc,id desc LIMIT 8   [ RunTime:0.000414s ]
SQL: SELECT `id`,`catid`,`title`,`headerpic` FROM `en_content` WHERE ( catid=25 and (status=2 or status=3) ) ORDER BY conorder desc,id desc LIMIT 8   [ RunTime:0.000387s ]
SQL: SHOW COLUMNS FROM `en_site` [ RunTime:0.000404s ]
SQL: SELECT * FROM `en_site` WHERE ( siteid=1 ) LIMIT 1   [ RunTime:0.000185s ]
SQL: SHOW COLUMNS FROM `en_product` [ RunTime:0.000625s ]
SQL: SELECT a.xqstatus,a.title,a.picurlpc,a.catid,a.id,b.id as ppid FROM en_product_price b,en_product a WHERE ( a.posid=1 and a.status=1 and  a.id=b.pid ) ORDER BY a.listorder desc,id desc LIMIT 8   [ RunTime:0.000734s ]
SQL: SHOW COLUMNS FROM `en_video` [ RunTime:0.000563s ]
SQL: SELECT `vtitle`,`headerpic`,`catid` FROM `en_video` WHERE ( catid=26 and (status=2 or status=3) ) ORDER BY listorder desc,vid desc LIMIT 8   [ RunTime:0.000263s ]
SQL: SELECT `vtitle`,`headerpic`,`catid` FROM `en_video` WHERE ( catid=27 and (status=2 or status=3) ) ORDER BY listorder desc,vid desc LIMIT 8   [ RunTime:0.000345s ]
SQL: SELECT `catid`,`catname`,`caturl` FROM `en_category` WHERE ( `catid` IN ('14','15','16','17','18','19','20','21') ) ORDER BY listorder desc,catid desc  [ RunTime:0.000252s ]
NOTIC: [8] Undefined variable: category_list /data/wwwroot/html/bobo2/en/Home/Lib/Action/CommonAction.class.php 第 28 行.
SQL: SHOW COLUMNS FROM `en_parameter` [ RunTime:0.000513s ]
NOTIC: [8] Undefined index: catid /data/wwwroot/html/bobo2/en/Home/Lib/Action/ContentAction.class.php 第 91 行.
NOTIC: [8] Undefined index: page /data/wwwroot/html/bobo2/en/Home/Lib/Action/ContentAction.class.php 第 93 行.
SQL: SELECT `title`,`description`,`picurlpc`,`catid`,`id`,`inputtime` FROM `en_content` WHERE ( (status=2 or status=3) and catid=0 ) ORDER BY conorder desc,inputtime desc LIMIT 0,10   [ RunTime:0.000409s ]
NOTIC: [2] Invalid argument supplied for foreach() /data/wwwroot/html/bobo2/en/Home/Lib/Action/ContentAction.class.php 第 97 行.
NOTIC: [8] Undefined variable: msg /data/wwwroot/html/bobo2/en/Home/Lib/Action/ContentAction.class.php 第 102 行.

[ 2017-01-25T11:10:11+08:00 ] 66.249.66.10 /bobo2/en/index.php/Content/getAutohd
INFO: [ route_check ] --START--
INFO: Run CheckRoute Behavior [ RunTime:0.000522s ]
INFO: [ route_check ] --END-- [ RunTime:0.000610s ]
INFO: [ app_begin ] --START--
INFO: Run ReadHtmlCache Behavior [ RunTime:0.000361s ]
INFO: [ app_begin ] --END-- [ RunTime:0.000410s ]
SQL: SHOW COLUMNS FROM `en_category` [ RunTime:0.000724s ]
SQL: SHOW COLUMNS FROM `en_content` [ RunTime:0.000662s ]
SQL: SHOW COLUMNS FROM `en_page` [ RunTime:0.000450s ]
SQL: SELECT * FROM `en_page` WHERE ( `catid` = 29 ) LIMIT 1   [ RunTime:0.000239s ]
SQL: SELECT `id`,`catid`,`title`,`headerpic` FROM `en_content` WHERE ( catid=23 and (status=2 or status=3) ) ORDER BY conorder desc,id desc LIMIT 8   [ RunTime:0.000560s ]
SQL: SELECT `id`,`catid`,`title`,`headerpic` FROM `en_content` WHERE ( catid=24 and (status=2 or status=3) ) ORDER BY conorder desc,id desc LIMIT 8   [ RunTime:0.000451s ]
SQL: SELECT `id`,`catid`,`title`,`headerpic` FROM `en_content` WHERE ( catid=25 and (status=2 or status=3) ) ORDER BY conorder desc,id desc LIMIT 8   [ RunTime:0.000417s ]
SQL: SHOW COLUMNS FROM `en_site` [ RunTime:0.000425s ]
SQL: SELECT * FROM `en_site` WHERE ( siteid=1 ) LIMIT 1   [ RunTime:0.000282s ]
SQL: SHOW COLUMNS FROM `en_product` [ RunTime:0.000720s ]
SQL: SELECT a.xqstatus,a.title,a.picurlpc,a.catid,a.id,b.id as ppid FROM en_product_price b,en_product a WHERE ( a.posid=1 and a.status=1 and  a.id=b.pid ) ORDER BY a.listorder desc,id desc LIMIT 8   [ RunTime:0.000801s ]
SQL: SHOW COLUMNS FROM `en_video` [ RunTime:0.000661s ]
SQL: SELECT `vtitle`,`headerpic`,`catid` FROM `en_video` WHERE ( catid=26 and (status=2 or status=3) ) ORDER BY listorder desc,vid desc LIMIT 8   [ RunTime:0.000296s ]
SQL: SELECT `vtitle`,`headerpic`,`catid` FROM `en_video` WHERE ( catid=27 and (status=2 or status=3) ) ORDER BY listorder desc,vid desc LIMIT 8   [ RunTime:0.000289s ]
SQL: SELECT `catid`,`catname`,`caturl` FROM `en_category` WHERE ( `catid` IN ('14','15','16','17','18','19','20','21') ) ORDER BY listorder desc,catid desc  [ RunTime:0.000321s ]
NOTIC: [8] Undefined variable: category_list /data/wwwroot/html/bobo2/en/Home/Lib/Action/CommonAction.class.php 第 28 行.
SQL: SHOW COLUMNS FROM `en_parameter` [ RunTime:0.000512s ]
NOTIC: [8] Undefined index: catid /data/wwwroot/html/bobo2/en/Home/Lib/Action/ContentAction.class.php 第 125 行.
NOTIC: [8] Undefined index: page /data/wwwroot/html/bobo2/en/Home/Lib/Action/ContentAction.class.php 第 126 行.
SQL: SELECT `title`,`description`,`picurlpc`,`catid`,`id` FROM `en_content` WHERE ( (status=2 or status=3) and catid=0 ) ORDER BY conorder desc,id desc LIMIT 0,6   [ RunTime:0.000417s ]
NOTIC: [2] Invalid argument supplied for foreach() /data/wwwroot/html/bobo2/en/Home/Lib/Action/ContentAction.class.php 第 131 行.

[ 2017-01-25T14:58:17+08:00 ] 66.249.66.15 /bobo2/en/index.php/Content/getAutobd
INFO: [ route_check ] --START--
INFO: Run CheckRoute Behavior [ RunTime:0.000524s ]
INFO: [ route_check ] --END-- [ RunTime:0.000607s ]
INFO: [ app_begin ] --START--
INFO: Run ReadHtmlCache Behavior [ RunTime:0.000357s ]
INFO: [ app_begin ] --END-- [ RunTime:0.000415s ]
SQL: SHOW COLUMNS FROM `en_category` [ RunTime:0.000793s ]
SQL: SHOW COLUMNS FROM `en_content` [ RunTime:0.000645s ]
SQL: SHOW COLUMNS FROM `en_page` [ RunTime:0.000484s ]
SQL: SELECT * FROM `en_page` WHERE ( `catid` = 29 ) LIMIT 1   [ RunTime:0.000213s ]
SQL: SELECT `id`,`catid`,`title`,`headerpic` FROM `en_content` WHERE ( catid=23 and (status=2 or status=3) ) ORDER BY conorder desc,id desc LIMIT 8   [ RunTime:0.000649s ]
SQL: SELECT `id`,`catid`,`title`,`headerpic` FROM `en_content` WHERE ( catid=24 and (status=2 or status=3) ) ORDER BY conorder desc,id desc LIMIT 8   [ RunTime:0.000555s ]
SQL: SELECT `id`,`catid`,`title`,`headerpic` FROM `en_content` WHERE ( catid=25 and (status=2 or status=3) ) ORDER BY conorder desc,id desc LIMIT 8   [ RunTime:0.000491s ]
SQL: SHOW COLUMNS FROM `en_site` [ RunTime:0.000386s ]
SQL: SELECT * FROM `en_site` WHERE ( siteid=1 ) LIMIT 1   [ RunTime:0.000173s ]
SQL: SHOW COLUMNS FROM `en_product` [ RunTime:0.000668s ]
SQL: SELECT a.xqstatus,a.title,a.picurlpc,a.catid,a.id,b.id as ppid FROM en_product_price b,en_product a WHERE ( a.posid=1 and a.status=1 and  a.id=b.pid ) ORDER BY a.listorder desc,id desc LIMIT 8   [ RunTime:0.000829s ]
SQL: SHOW COLUMNS FROM `en_video` [ RunTime:0.000653s ]
SQL: SELECT `vtitle`,`headerpic`,`catid` FROM `en_video` WHERE ( catid=26 and (status=2 or status=3) ) ORDER BY listorder desc,vid desc LIMIT 8   [ RunTime:0.000272s ]
SQL: SELECT `vtitle`,`headerpic`,`catid` FROM `en_video` WHERE ( catid=27 and (status=2 or status=3) ) ORDER BY listorder desc,vid desc LIMIT 8   [ RunTime:0.000246s ]
SQL: SELECT `catid`,`catname`,`caturl` FROM `en_category` WHERE ( `catid` IN ('14','15','16','17','18','19','20','21') ) ORDER BY listorder desc,catid desc  [ RunTime:0.000263s ]
NOTIC: [8] Undefined variable: category_list /data/wwwroot/html/bobo2/en/Home/Lib/Action/CommonAction.class.php 第 28 行.
SQL: SHOW COLUMNS FROM `en_parameter` [ RunTime:0.000496s ]
NOTIC: [8] Undefined index: catid /data/wwwroot/html/bobo2/en/Home/Lib/Action/ContentAction.class.php 第 110 行.
NOTIC: [8] Undefined index: page /data/wwwroot/html/bobo2/en/Home/Lib/Action/ContentAction.class.php 第 111 行.
SQL: SELECT `picurlpc`,`catid`,`id` FROM `en_content` WHERE ( (status=2 or status=3) and catid=0 ) ORDER BY conorder desc,id desc LIMIT 0,6   [ RunTime:0.000556s ]
NOTIC: [2] Invalid argument supplied for foreach() /data/wwwroot/html/bobo2/en/Home/Lib/Action/ContentAction.class.php 第 116 行.

