[ 2017-04-17T06:51:46+08:00 ] ERR: (ThinkException) 非法操作:index
[ 2017-04-17T22:46:19+08:00 ] 220.181.108.140 /bobo2/en/index.php/Content/content/catid/24
INFO: [ route_check ] --START--
INFO: Run CheckRoute Behavior [ RunTime:0.000576s ]
INFO: [ route_check ] --END-- [ RunTime:0.000653s ]
INFO: [ app_begin ] --START--
INFO: Run ReadHtmlCache Behavior [ RunTime:0.000407s ]
INFO: [ app_begin ] --END-- [ RunTime:0.000472s ]
SQL: SHOW COLUMNS FROM `en_category` [ RunTime:0.000842s ]
SQL: SHOW COLUMNS FROM `en_content` [ RunTime:0.000706s ]
SQL: SHOW COLUMNS FROM `en_page` [ RunTime:0.020978s ]
SQL: SELECT * FROM `en_page` WHERE ( `catid` = 29 ) LIMIT 1   [ RunTime:0.000275s ]
SQL: SELECT `id`,`catid`,`title`,`headerpic` FROM `en_content` WHERE ( catid=23 and (status=2 or status=3) ) ORDER BY conorder desc,id desc LIMIT 8   [ RunTime:0.000522s ]
SQL: SELECT `id`,`catid`,`title`,`headerpic` FROM `en_content` WHERE ( catid=24 and (status=2 or status=3) ) ORDER BY conorder desc,id desc LIMIT 8   [ RunTime:0.000380s ]
SQL: SELECT `id`,`catid`,`title`,`headerpic` FROM `en_content` WHERE ( catid=25 and (status=2 or status=3) ) ORDER BY conorder desc,id desc LIMIT 8   [ RunTime:0.000362s ]
SQL: SHOW COLUMNS FROM `en_site` [ RunTime:0.000483s ]
SQL: SELECT * FROM `en_site` WHERE ( siteid=1 ) LIMIT 1   [ RunTime:0.000177s ]
SQL: SHOW COLUMNS FROM `en_product` [ RunTime:0.000690s ]
SQL: SELECT a.xqstatus,a.title,a.picurlpc,a.catid,a.id,b.id as ppid FROM en_product_price b,en_product a WHERE ( a.posid=1 and a.status=1 and  a.id=b.pid ) ORDER BY a.listorder desc,id desc LIMIT 8   [ RunTime:0.000710s ]
SQL: SHOW COLUMNS FROM `en_video` [ RunTime:0.000592s ]
SQL: SELECT `vtitle`,`headerpic`,`catid` FROM `en_video` WHERE ( catid=26 and (status=2 or status=3) ) ORDER BY listorder desc,vid desc LIMIT 8   [ RunTime:0.000259s ]
SQL: SELECT `vtitle`,`headerpic`,`catid` FROM `en_video` WHERE ( catid=27 and (status=2 or status=3) ) ORDER BY listorder desc,vid desc LIMIT 8   [ RunTime:0.000260s ]
SQL: SELECT `catid`,`catname`,`caturl` FROM `en_category` WHERE ( `catid` IN ('14','15','16','17','18','19','20','21') ) ORDER BY listorder desc,catid desc  [ RunTime:0.000293s ]
NOTIC: [8] Undefined variable: category_list /data/wwwroot/html/bobo2/en/Home/Lib/Action/CommonAction.class.php 第 28 行.
SQL: SHOW COLUMNS FROM `en_parameter` [ RunTime:0.000514s ]
SQL: SELECT `catname` FROM `en_category` WHERE ( catid=24 ) LIMIT 1   [ RunTime:0.000229s ]
INFO: [ view_template ] --START--
INFO: Run LocationTemplate Behavior [ RunTime:0.000295s ]
INFO: [ view_template ] --END-- [ RunTime:0.000346s ]
INFO: [ view_parse ] --START--
NOTIC: [8] A session had already been started - ignoring session_start() /data/wwwroot/html/bobo2/en/Home/Runtime/Cache/cc890e67cd92e6eec2fc037e25e6d87e.php 第 78 行.
NOTIC: [8] Undefined index: bobo_pc_user_id /data/wwwroot/html/bobo2/en/Home/Runtime/Cache/cc890e67cd92e6eec2fc037e25e6d87e.php 第 78 行.
NOTIC: [8] Undefined index: bobo_pc_user_id /data/wwwroot/html/bobo2/en/Home/Runtime/Cache/cc890e67cd92e6eec2fc037e25e6d87e.php 第 85 行.
NOTIC: [8] Undefined index: bobo_pc_user_name /data/wwwroot/html/bobo2/en/Home/Runtime/Cache/cc890e67cd92e6eec2fc037e25e6d87e.php 第 85 行.
NOTIC: [8] Undefined variable: k /data/wwwroot/html/bobo2/en/Home/Runtime/Cache/cc890e67cd92e6eec2fc037e25e6d87e.php 第 112 行.
NOTIC: [8] Use of undefined constant catid - assumed 'catid' /data/wwwroot/html/bobo2/en/Home/Runtime/Cache/cc890e67cd92e6eec2fc037e25e6d87e.php 第 115 行.
NOTIC: [8] Use of undefined constant id - assumed 'id' /data/wwwroot/html/bobo2/en/Home/Runtime/Cache/cc890e67cd92e6eec2fc037e25e6d87e.php 第 115 行.
NOTIC: [8] Use of undefined constant catid - assumed 'catid' /data/wwwroot/html/bobo2/en/Home/Runtime/Cache/cc890e67cd92e6eec2fc037e25e6d87e.php 第 115 行.
NOTIC: [8] Use of undefined constant id - assumed 'id' /data/wwwroot/html/bobo2/en/Home/Runtime/Cache/cc890e67cd92e6eec2fc037e25e6d87e.php 第 115 行.
NOTIC: [8] Use of undefined constant catid - assumed 'catid' /data/wwwroot/html/bobo2/en/Home/Runtime/Cache/cc890e67cd92e6eec2fc037e25e6d87e.php 第 115 行.
NOTIC: [8] Use of undefined constant id - assumed 'id' /data/wwwroot/html/bobo2/en/Home/Runtime/Cache/cc890e67cd92e6eec2fc037e25e6d87e.php 第 115 行.
NOTIC: [8] Use of undefined constant catid - assumed 'catid' /data/wwwroot/html/bobo2/en/Home/Runtime/Cache/cc890e67cd92e6eec2fc037e25e6d87e.php 第 115 行.
NOTIC: [8] Use of undefined constant id - assumed 'id' /data/wwwroot/html/bobo2/en/Home/Runtime/Cache/cc890e67cd92e6eec2fc037e25e6d87e.php 第 115 行.
NOTIC: [8] Use of undefined constant catid - assumed 'catid' /data/wwwroot/html/bobo2/en/Home/Runtime/Cache/cc890e67cd92e6eec2fc037e25e6d87e.php 第 115 行.
NOTIC: [8] Use of undefined constant id - assumed 'id' /data/wwwroot/html/bobo2/en/Home/Runtime/Cache/cc890e67cd92e6eec2fc037e25e6d87e.php 第 115 行.
NOTIC: [8] Use of undefined constant catid - assumed 'catid' /data/wwwroot/html/bobo2/en/Home/Runtime/Cache/cc890e67cd92e6eec2fc037e25e6d87e.php 第 115 行.
NOTIC: [8] Use of undefined constant id - assumed 'id' /data/wwwroot/html/bobo2/en/Home/Runtime/Cache/cc890e67cd92e6eec2fc037e25e6d87e.php 第 115 行.
NOTIC: [8] Use of undefined constant catid - assumed 'catid' /data/wwwroot/html/bobo2/en/Home/Runtime/Cache/cc890e67cd92e6eec2fc037e25e6d87e.php 第 115 行.
NOTIC: [8] Use of undefined constant id - assumed 'id' /data/wwwroot/html/bobo2/en/Home/Runtime/Cache/cc890e67cd92e6eec2fc037e25e6d87e.php 第 115 行.
NOTIC: [8] Use of undefined constant catid - assumed 'catid' /data/wwwroot/html/bobo2/en/Home/Runtime/Cache/cc890e67cd92e6eec2fc037e25e6d87e.php 第 115 行.
NOTIC: [8] Use of undefined constant id - assumed 'id' /data/wwwroot/html/bobo2/en/Home/Runtime/Cache/cc890e67cd92e6eec2fc037e25e6d87e.php 第 115 行.
NOTIC: [8] Use of undefined constant catid - assumed 'catid' /data/wwwroot/html/bobo2/en/Home/Runtime/Cache/cc890e67cd92e6eec2fc037e25e6d87e.php 第 118 行.
NOTIC: [8] Use of undefined constant id - assumed 'id' /data/wwwroot/html/bobo2/en/Home/Runtime/Cache/cc890e67cd92e6eec2fc037e25e6d87e.php 第 118 行.
NOTIC: [8] Use of undefined constant catid - assumed 'catid' /data/wwwroot/html/bobo2/en/Home/Runtime/Cache/cc890e67cd92e6eec2fc037e25e6d87e.php 第 118 行.
NOTIC: [8] Use of undefined constant id - assumed 'id' /data/wwwroot/html/bobo2/en/Home/Runtime/Cache/cc890e67cd92e6eec2fc037e25e6d87e.php 第 118 行.
NOTIC: [8] Use of undefined constant catid - assumed 'catid' /data/wwwroot/html/bobo2/en/Home/Runtime/Cache/cc890e67cd92e6eec2fc037e25e6d87e.php 第 118 行.
NOTIC: [8] Use of undefined constant id - assumed 'id' /data/wwwroot/html/bobo2/en/Home/Runtime/Cache/cc890e67cd92e6eec2fc037e25e6d87e.php 第 118 行.
NOTIC: [8] Use of undefined constant catid - assumed 'catid' /data/wwwroot/html/bobo2/en/Home/Runtime/Cache/cc890e67cd92e6eec2fc037e25e6d87e.php 第 118 行.
NOTIC: [8] Use of undefined constant id - assumed 'id' /data/wwwroot/html/bobo2/en/Home/Runtime/Cache/cc890e67cd92e6eec2fc037e25e6d87e.php 第 118 行.
NOTIC: [8] Use of undefined constant catid - assumed 'catid' /data/wwwroot/html/bobo2/en/Home/Runtime/Cache/cc890e67cd92e6eec2fc037e25e6d87e.php 第 121 行.
NOTIC: [8] Use of undefined constant id - assumed 'id' /data/wwwroot/html/bobo2/en/Home/Runtime/Cache/cc890e67cd92e6eec2fc037e25e6d87e.php 第 121 行.
NOTIC: [8] Use of undefined constant catid - assumed 'catid' /data/wwwroot/html/bobo2/en/Home/Runtime/Cache/cc890e67cd92e6eec2fc037e25e6d87e.php 第 146 行.
NOTIC: [8] Use of undefined constant id - assumed 'id' /data/wwwroot/html/bobo2/en/Home/Runtime/Cache/cc890e67cd92e6eec2fc037e25e6d87e.php 第 146 行.
NOTIC: [8] Use of undefined constant ppid - assumed 'ppid' /data/wwwroot/html/bobo2/en/Home/Runtime/Cache/cc890e67cd92e6eec2fc037e25e6d87e.php 第 146 行.
NOTIC: [8] Use of undefined constant catid - assumed 'catid' /data/wwwroot/html/bobo2/en/Home/Runtime/Cache/cc890e67cd92e6eec2fc037e25e6d87e.php 第 146 行.
NOTIC: [8] Use of undefined constant id - assumed 'id' /data/wwwroot/html/bobo2/en/Home/Runtime/Cache/cc890e67cd92e6eec2fc037e25e6d87e.php 第 146 行.
NOTIC: [8] Use of undefined constant ppid - assumed 'ppid' /data/wwwroot/html/bobo2/en/Home/Runtime/Cache/cc890e67cd92e6eec2fc037e25e6d87e.php 第 146 行.
NOTIC: [8] Use of undefined constant catid - assumed 'catid' /data/wwwroot/html/bobo2/en/Home/Runtime/Cache/cc890e67cd92e6eec2fc037e25e6d87e.php 第 146 行.
NOTIC: [8] Use of undefined constant id - assumed 'id' /data/wwwroot/html/bobo2/en/Home/Runtime/Cache/cc890e67cd92e6eec2fc037e25e6d87e.php 第 146 行.
NOTIC: [8] Use of undefined constant ppid - assumed 'ppid' /data/wwwroot/html/bobo2/en/Home/Runtime/Cache/cc890e67cd92e6eec2fc037e25e6d87e.php 第 146 行.
NOTIC: [8] Use of undefined constant catid - assumed 'catid' /data/wwwroot/html/bobo2/en/Home/Runtime/Cache/cc890e67cd92e6eec2fc037e25e6d87e.php 第 146 行.
NOTIC: [8] Use of undefined constant id - assumed 'id' /data/wwwroot/html/bobo2/en/Home/Runtime/Cache/cc890e67cd92e6eec2fc037e25e6d87e.php 第 146 行.
NOTIC: [8] Use of undefined constant ppid - assumed 'ppid' /data/wwwroot/html/bobo2/en/Home/Runtime/Cache/cc890e67cd92e6eec2fc037e25e6d87e.php 第 146 行.
NOTIC: [8] Use of undefined constant catid - assumed 'catid' /data/wwwroot/html/bobo2/en/Home/Runtime/Cache/cc890e67cd92e6eec2fc037e25e6d87e.php 第 146 行.
NOTIC: [8] Use of undefined constant id - assumed 'id' /data/wwwroot/html/bobo2/en/Home/Runtime/Cache/cc890e67cd92e6eec2fc037e25e6d87e.php 第 146 行.
NOTIC: [8] Use of undefined constant ppid - assumed 'ppid' /data/wwwroot/html/bobo2/en/Home/Runtime/Cache/cc890e67cd92e6eec2fc037e25e6d87e.php 第 146 行.
NOTIC: [8] Use of undefined constant catid - assumed 'catid' /data/wwwroot/html/bobo2/en/Home/Runtime/Cache/cc890e67cd92e6eec2fc037e25e6d87e.php 第 146 行.
NOTIC: [8] Use of undefined constant id - assumed 'id' /data/wwwroot/html/bobo2/en/Home/Runtime/Cache/cc890e67cd92e6eec2fc037e25e6d87e.php 第 146 行.
NOTIC: [8] Use of undefined constant ppid - assumed 'ppid' /data/wwwroot/html/bobo2/en/Home/Runtime/Cache/cc890e67cd92e6eec2fc037e25e6d87e.php 第 146 行.
NOTIC: [8] Use of undefined constant catid - assumed 'catid' /data/wwwroot/html/bobo2/en/Home/Runtime/Cache/cc890e67cd92e6eec2fc037e25e6d87e.php 第 146 行.
NOTIC: [8] Use of undefined constant id - assumed 'id' /data/wwwroot/html/bobo2/en/Home/Runtime/Cache/cc890e67cd92e6eec2fc037e25e6d87e.php 第 146 行.
NOTIC: [8] Use of undefined constant ppid - assumed 'ppid' /data/wwwroot/html/bobo2/en/Home/Runtime/Cache/cc890e67cd92e6eec2fc037e25e6d87e.php 第 146 行.
NOTIC: [8] Use of undefined constant catid - assumed 'catid' /data/wwwroot/html/bobo2/en/Home/Runtime/Cache/cc890e67cd92e6eec2fc037e25e6d87e.php 第 146 行.
NOTIC: [8] Use of undefined constant id - assumed 'id' /data/wwwroot/html/bobo2/en/Home/Runtime/Cache/cc890e67cd92e6eec2fc037e25e6d87e.php 第 146 行.
NOTIC: [8] Use of undefined constant ppid - assumed 'ppid' /data/wwwroot/html/bobo2/en/Home/Runtime/Cache/cc890e67cd92e6eec2fc037e25e6d87e.php 第 146 行.
NOTIC: [8] Use of undefined constant catid - assumed 'catid' /data/wwwroot/html/bobo2/en/Home/Runtime/Cache/cc890e67cd92e6eec2fc037e25e6d87e.php 第 150 行.
NOTIC: [8] Use of undefined constant catid - assumed 'catid' /data/wwwroot/html/bobo2/en/Home/Runtime/Cache/cc890e67cd92e6eec2fc037e25e6d87e.php 第 150 行.
NOTIC: [8] Use of undefined constant catid - assumed 'catid' /data/wwwroot/html/bobo2/en/Home/Runtime/Cache/cc890e67cd92e6eec2fc037e25e6d87e.php 第 150 行.
NOTIC: [8] Use of undefined constant catid - assumed 'catid' /data/wwwroot/html/bobo2/en/Home/Runtime/Cache/cc890e67cd92e6eec2fc037e25e6d87e.php 第 150 行.
NOTIC: [8] Use of undefined constant catid - assumed 'catid' /data/wwwroot/html/bobo2/en/Home/Runtime/Cache/cc890e67cd92e6eec2fc037e25e6d87e.php 第 150 行.
NOTIC: [8] Use of undefined constant catid - assumed 'catid' /data/wwwroot/html/bobo2/en/Home/Runtime/Cache/cc890e67cd92e6eec2fc037e25e6d87e.php 第 150 行.
NOTIC: [8] Use of undefined constant catid - assumed 'catid' /data/wwwroot/html/bobo2/en/Home/Runtime/Cache/cc890e67cd92e6eec2fc037e25e6d87e.php 第 150 行.
NOTIC: [8] Use of undefined constant catid - assumed 'catid' /data/wwwroot/html/bobo2/en/Home/Runtime/Cache/cc890e67cd92e6eec2fc037e25e6d87e.php 第 150 行.
NOTIC: [8] Use of undefined constant catid - assumed 'catid' /data/wwwroot/html/bobo2/en/Home/Runtime/Cache/cc890e67cd92e6eec2fc037e25e6d87e.php 第 154 行.
NOTIC: [8] Use of undefined constant catid - assumed 'catid' /data/wwwroot/html/bobo2/en/Home/Runtime/Cache/cc890e67cd92e6eec2fc037e25e6d87e.php 第 154 行.
NOTIC: [8] Use of undefined constant catid - assumed 'catid' /data/wwwroot/html/bobo2/en/Home/Runtime/Cache/cc890e67cd92e6eec2fc037e25e6d87e.php 第 154 行.
NOTIC: [8] Use of undefined constant catid - assumed 'catid' /data/wwwroot/html/bobo2/en/Home/Runtime/Cache/cc890e67cd92e6eec2fc037e25e6d87e.php 第 154 行.
NOTIC: [8] Use of undefined constant catid - assumed 'catid' /data/wwwroot/html/bobo2/en/Home/Runtime/Cache/cc890e67cd92e6eec2fc037e25e6d87e.php 第 154 行.
NOTIC: [8] Use of undefined constant catid - assumed 'catid' /data/wwwroot/html/bobo2/en/Home/Runtime/Cache/cc890e67cd92e6eec2fc037e25e6d87e.php 第 154 行.
NOTIC: [8] Use of undefined constant catid - assumed 'catid' /data/wwwroot/html/bobo2/en/Home/Runtime/Cache/cc890e67cd92e6eec2fc037e25e6d87e.php 第 154 行.
NOTIC: [8] Use of undefined constant catid - assumed 'catid' /data/wwwroot/html/bobo2/en/Home/Runtime/Cache/cc890e67cd92e6eec2fc037e25e6d87e.php 第 157 行.
NOTIC: [8] Use of undefined constant catid - assumed 'catid' /data/wwwroot/html/bobo2/en/Home/Runtime/Cache/cc890e67cd92e6eec2fc037e25e6d87e.php 第 157 行.
NOTIC: [8] Use of undefined constant catid - assumed 'catid' /data/wwwroot/html/bobo2/en/Home/Runtime/Cache/cc890e67cd92e6eec2fc037e25e6d87e.php 第 157 行.
NOTIC: [8] Use of undefined constant catid - assumed 'catid' /data/wwwroot/html/bobo2/en/Home/Runtime/Cache/cc890e67cd92e6eec2fc037e25e6d87e.php 第 157 行.
NOTIC: [8] Use of undefined constant catid - assumed 'catid' /data/wwwroot/html/bobo2/en/Home/Runtime/Cache/cc890e67cd92e6eec2fc037e25e6d87e.php 第 157 行.
NOTIC: [8] Use of undefined constant catid - assumed 'catid' /data/wwwroot/html/bobo2/en/Home/Runtime/Cache/cc890e67cd92e6eec2fc037e25e6d87e.php 第 157 行.
NOTIC: [8] Use of undefined constant catid - assumed 'catid' /data/wwwroot/html/bobo2/en/Home/Runtime/Cache/cc890e67cd92e6eec2fc037e25e6d87e.php 第 157 行.
NOTIC: [8] Use of undefined constant catid - assumed 'catid' /data/wwwroot/html/bobo2/en/Home/Runtime/Cache/cc890e67cd92e6eec2fc037e25e6d87e.php 第 157 行.
NOTIC: [8] Use of undefined constant catid - assumed 'catid' /data/wwwroot/html/bobo2/en/Home/Runtime/Cache/cc890e67cd92e6eec2fc037e25e6d87e.php 第 180 行.
NOTIC: [8] Use of undefined constant id - assumed 'id' /data/wwwroot/html/bobo2/en/Home/Runtime/Cache/cc890e67cd92e6eec2fc037e25e6d87e.php 第 180 行.
NOTIC: [8] Use of undefined constant ppid - assumed 'ppid' /data/wwwroot/html/bobo2/en/Home/Runtime/Cache/cc890e67cd92e6eec2fc037e25e6d87e.php 第 180 行.
NOTIC: [8] Use of undefined constant catid - assumed 'catid' /data/wwwroot/html/bobo2/en/Home/Runtime/Cache/cc890e67cd92e6eec2fc037e25e6d87e.php 第 180 行.
NOTIC: [8] Use of undefined constant id - assumed 'id' /data/wwwroot/html/bobo2/en/Home/Runtime/Cache/cc890e67cd92e6eec2fc037e25e6d87e.php 第 180 行.
NOTIC: [8] Use of undefined constant ppid - assumed 'ppid' /data/wwwroot/html/bobo2/en/Home/Runtime/Cache/cc890e67cd92e6eec2fc037e25e6d87e.php 第 180 行.
NOTIC: [8] Use of undefined constant catid - assumed 'catid' /data/wwwroot/html/bobo2/en/Home/Runtime/Cache/cc890e67cd92e6eec2fc037e25e6d87e.php 第 180 行.
NOTIC: [8] Use of undefined constant id - assumed 'id' /data/wwwroot/html/bobo2/en/Home/Runtime/Cache/cc890e67cd92e6eec2fc037e25e6d87e.php 第 180 行.
NOTIC: [8] Use of undefined constant ppid - assumed 'ppid' /data/wwwroot/html/bobo2/en/Home/Runtime/Cache/cc890e67cd92e6eec2fc037e25e6d87e.php 第 180 行.
NOTIC: [8] Use of undefined constant catid - assumed 'catid' /data/wwwroot/html/bobo2/en/Home/Runtime/Cache/cc890e67cd92e6eec2fc037e25e6d87e.php 第 180 行.
NOTIC: [8] Use of undefined constant id - assumed 'id' /data/wwwroot/html/bobo2/en/Home/Runtime/Cache/cc890e67cd92e6eec2fc037e25e6d87e.php 第 180 行.
NOTIC: [8] Use of undefined constant ppid - assumed 'ppid' /data/wwwroot/html/bobo2/en/Home/Runtime/Cache/cc890e67cd92e6eec2fc037e25e6d87e.php 第 180 行.
NOTIC: [8] Use of undefined constant catid - assumed 'catid' /data/wwwroot/html/bobo2/en/Home/Runtime/Cache/cc890e67cd92e6eec2fc037e25e6d87e.php 第 180 行.
NOTIC: [8] Use of undefined constant id - assumed 'id' /data/wwwroot/html/bobo2/en/Home/Runtime/Cache/cc890e67cd92e6eec2fc037e25e6d87e.php 第 180 行.
NOTIC: [8] Use of undefined constant ppid - assumed 'ppid' /data/wwwroot/html/bobo2/en/Home/Runtime/Cache/cc890e67cd92e6eec2fc037e25e6d87e.php 第 180 行.
NOTIC: [8] Use of undefined constant catid - assumed 'catid' /data/wwwroot/html/bobo2/en/Home/Runtime/Cache/cc890e67cd92e6eec2fc037e25e6d87e.php 第 180 行.
NOTIC: [8] Use of undefined constant id - assumed 'id' /data/wwwroot/html/bobo2/en/Home/Runtime/Cache/cc890e67cd92e6eec2fc037e25e6d87e.php 第 180 行.
NOTIC: [8] Use of undefined constant ppid - assumed 'ppid' /data/wwwroot/html/bobo2/en/Home/Runtime/Cache/cc890e67cd92e6eec2fc037e25e6d87e.php 第 180 行.
NOTIC: [8] Use of undefined constant catid - assumed 'catid' /data/wwwroot/html/bobo2/en/Home/Runtime/Cache/cc890e67cd92e6eec2fc037e25e6d87e.php 第 180 行.
NOTIC: [8] Use of undefined constant id - assumed 'id' /data/wwwroot/html/bobo2/en/Home/Runtime/Cache/cc890e67cd92e6eec2fc037e25e6d87e.php 第 180 行.
NOTIC: [8] Use of undefined constant ppid - assumed 'ppid' /data/wwwroot/html/bobo2/en/Home/Runtime/Cache/cc890e67cd92e6eec2fc037e25e6d87e.php 第 180 行.
NOTIC: [8] Use of undefined constant catid - assumed 'catid' /data/wwwroot/html/bobo2/en/Home/Runtime/Cache/cc890e67cd92e6eec2fc037e25e6d87e.php 第 180 行.
NOTIC: [8] Use of undefined constant id - assumed 'id' /data/wwwroot/html/bobo2/en/Home/Runtime/Cache/cc890e67cd92e6eec2fc037e25e6d87e.php 第 180 行.
NOTIC: [8] Use of undefined constant ppid - assumed 'ppid' /data/wwwroot/html/bobo2/en/Home/Runtime/Cache/cc890e67cd92e6eec2fc037e25e6d87e.php 第 180 行.
NOTIC: [8] Use of undefined constant catid - assumed 'catid' /data/wwwroot/html/bobo2/en/Home/Runtime/Cache/cc890e67cd92e6eec2fc037e25e6d87e.php 第 184 行.
NOTIC: [8] Use of undefined constant catid - assumed 'catid' /data/wwwroot/html/bobo2/en/Home/Runtime/Cache/cc890e67cd92e6eec2fc037e25e6d87e.php 第 184 行.
NOTIC: [8] Use of undefined constant catid - assumed 'catid' /data/wwwroot/html/bobo2/en/Home/Runtime/Cache/cc890e67cd92e6eec2fc037e25e6d87e.php 第 184 行.
NOTIC: [8] Use of undefined constant catid - assumed 'catid' /data/wwwroot/html/bobo2/en/Home/Runtime/Cache/cc890e67cd92e6eec2fc037e25e6d87e.php 第 184 行.
NOTIC: [8] Use of undefined constant catid - assumed 'catid' /data/wwwroot/html/bobo2/en/Home/Runtime/Cache/cc890e67cd92e6eec2fc037e25e6d87e.php 第 184 行.
NOTIC: [8] Use of undefined constant catid - assumed 'catid' /data/wwwroot/html/bobo2/en/Home/Runtime/Cache/cc890e67cd92e6eec2fc037e25e6d87e.php 第 184 行.
NOTIC: [8] Use of undefined constant catid - assumed 'catid' /data/wwwroot/html/bobo2/en/Home/Runtime/Cache/cc890e67cd92e6eec2fc037e25e6d87e.php 第 184 行.
NOTIC: [8] Use of undefined constant catid - assumed 'catid' /data/wwwroot/html/bobo2/en/Home/Runtime/Cache/cc890e67cd92e6eec2fc037e25e6d87e.php 第 184 行.
NOTIC: [8] Use of undefined constant catid - assumed 'catid' /data/wwwroot/html/bobo2/en/Home/Runtime/Cache/cc890e67cd92e6eec2fc037e25e6d87e.php 第 188 行.
NOTIC: [8] Use of undefined constant catid - assumed 'catid' /data/wwwroot/html/bobo2/en/Home/Runtime/Cache/cc890e67cd92e6eec2fc037e25e6d87e.php 第 188 行.
NOTIC: [8] Use of undefined constant catid - assumed 'catid' /data/wwwroot/html/bobo2/en/Home/Runtime/Cache/cc890e67cd92e6eec2fc037e25e6d87e.php 第 188 行.
NOTIC: [8] Use of undefined constant catid - assumed 'catid' /data/wwwroot/html/bobo2/en/Home/Runtime/Cache/cc890e67cd92e6eec2fc037e25e6d87e.php 第 188 行.
NOTIC: [8] Use of undefined constant catid - assumed 'catid' /data/wwwroot/html/bobo2/en/Home/Runtime/Cache/cc890e67cd92e6eec2fc037e25e6d87e.php 第 188 行.
NOTIC: [8] Use of undefined constant catid - assumed 'catid' /data/wwwroot/html/bobo2/en/Home/Runtime/Cache/cc890e67cd92e6eec2fc037e25e6d87e.php 第 188 行.
NOTIC: [8] Use of undefined constant catid - assumed 'catid' /data/wwwroot/html/bobo2/en/Home/Runtime/Cache/cc890e67cd92e6eec2fc037e25e6d87e.php 第 188 行.
NOTIC: [8] Use of undefined constant catid - assumed 'catid' /data/wwwroot/html/bobo2/en/Home/Runtime/Cache/cc890e67cd92e6eec2fc037e25e6d87e.php 第 191 行.
NOTIC: [8] Use of undefined constant catid - assumed 'catid' /data/wwwroot/html/bobo2/en/Home/Runtime/Cache/cc890e67cd92e6eec2fc037e25e6d87e.php 第 191 行.
NOTIC: [8] Use of undefined constant catid - assumed 'catid' /data/wwwroot/html/bobo2/en/Home/Runtime/Cache/cc890e67cd92e6eec2fc037e25e6d87e.php 第 191 行.
NOTIC: [8] Use of undefined constant catid - assumed 'catid' /data/wwwroot/html/bobo2/en/Home/Runtime/Cache/cc890e67cd92e6eec2fc037e25e6d87e.php 第 191 行.
NOTIC: [8] Use of undefined constant catid - assumed 'catid' /data/wwwroot/html/bobo2/en/Home/Runtime/Cache/cc890e67cd92e6eec2fc037e25e6d87e.php 第 191 行.
NOTIC: [8] Use of undefined constant catid - assumed 'catid' /data/wwwroot/html/bobo2/en/Home/Runtime/Cache/cc890e67cd92e6eec2fc037e25e6d87e.php 第 191 行.
NOTIC: [8] Use of undefined constant catid - assumed 'catid' /data/wwwroot/html/bobo2/en/Home/Runtime/Cache/cc890e67cd92e6eec2fc037e25e6d87e.php 第 191 行.
NOTIC: [8] Use of undefined constant catid - assumed 'catid' /data/wwwroot/html/bobo2/en/Home/Runtime/Cache/cc890e67cd92e6eec2fc037e25e6d87e.php 第 191 行.
NOTIC: [8] Use of undefined constant catid - assumed 'catid' /data/wwwroot/html/bobo2/en/Home/Runtime/Cache/cc890e67cd92e6eec2fc037e25e6d87e.php 第 613 行.
NOTIC: [8] Use of undefined constant catid - assumed 'catid' /data/wwwroot/html/bobo2/en/Home/Runtime/Cache/cc890e67cd92e6eec2fc037e25e6d87e.php 第 624 行.
INFO: Run ParseTemplate Behavior [ RunTime:0.045073s ]
INFO: [ view_parse ] --END-- [ RunTime:0.045116s ]
INFO: [ view_filter ] --START--
INFO: Run ContentReplace Behavior [ RunTime:0.000397s ]
INFO: Run TokenBuild Behavior [ RunTime:0.000226s ]
INFO: Run WriteHtmlCache Behavior [ RunTime:0.000140s ]
INFO: Run ShowRuntime Behavior [ RunTime:0.000270s ]
INFO: [ view_filter ] --END-- [ RunTime:0.001170s ]
INFO: [ view_end ] --START--
INFO: Run ShowPageTrace Behavior [ RunTime:0.000361s ]
INFO: [ view_end ] --END-- [ RunTime:0.000404s ]

